7
14
37
56
79
97
153
157
166
179
181
182
185
227
233
254
291
347
406
434
467
472
570
613
636
642
674
712
726
760
776
845
846
875
942
953
1000
1006
1043
1055
1067
1073
1086
1133
1180
1244
1288
1309
1382
1390
1409
1417
1434
1554
1572
1630
1667
1676
1686
1698
1720
1765
1773
1779
1828
1833
1853
1871
1900
1924
1972
1980
2033
2156
2157
2187
2196
2210
2243
2281
2311
2369
2403
2428
2485
2506
2614
2620
2643
2676
2705
2765
2771
2799
2803
2814
2864
2897
2935
2957
2964
2984
3100
3102
3109
3134
3138
3145
3162
3179
3202
3203
3260
3290
3308
3326
3332
3378
3436
3470
3471
3486
3518
3526
3603
3619
3630
3676
3738
3872
3881
3980
4013
4048
4063
4072
4082
4129
4143
4172
4322
4334
4345
4361
4382
4395
4408
4414
4423
4431
4451
4490
4533
4540
4607
4609
4631
4633
4634
4654
4690
4695
4715
4717
4746
4760
4774
4788
4816
4817
4825
4853
4858
4862
4899
4957
4997
5037
5070
5072
5078
5095
5117
5128
5133
5160
5175
5187
5188
5208
5213
5267
5276
5280
5316
5359
5389
5462
5487
5521
5530
5549
5554
5609
5668
5670
5707
5736
5763
5774
5775
5789
5843
5853
5890
5895
5896
5951
5959
5963
5967
5970
5973
6044
6047
6066
6110
6130
6199
6266
6285
6324
6382
6485
6500
6523
6538
6582
6615
6638
6667
6722
6740
6767
6855
6931
6946
7002
7020
7045
7089
7105
7374
7411
7414
7450
7464
7569
7575
7600
7646
7679
7747
7790
7905
7986
8041
8045
8096
8165
8269
8277
8284
8315
8321
8405
8486
8491
8494
8504
8540
8548
8629
8650
8675
8764
8766
8821
8850
8876
8881
8891
8978
9015
9027
9147
9307
9328
9372
9389
9473
9493
9522
9620
9623
9638
9657
9688
9728
9760
9811
9817
9827
9833
9847
9854
9912
9944
9963
9969
9973
9975
9988
10010
10042
10100
10122
10172
10206
10238
10240
10377
10453
10457
10463
10466
10501
10525
10558
10668
10796
10824
10852
10854
10948
11058
11117
11169
11189
11215
11224
11360
11369
11430
11522
11673
11705
11715
11746
11784
11806
11838
11869
11913
11924
11936
11960
11977
12083
12135
12137
12146
12326
12328
12373
12383
12505
12506
12513
12551
12557
12577
12618
12659
12688
12713
12814
12821
12910
12974
12978
13010
13018
13021
13028
13089
13122
13152
13164
13176
13177
13221
13282
13328
13343
13494
13574
13601
13645
13686
13694
13720
13758
13760
13810
13855
13891
13910
13916
13917
13933
13954
14008
14076
14105
14129
14178
14231
14235
14248
14266
14275
14311
14338
14343
14375
14400
14443
14446
14459
14476
14542
14576
14658
14671
14815
14847
14866
14868
14906
14996
14998
15047
15090
15091
15094
15111
15136
15215
15229
15231
15234
15235
15251
15272
15287
15299
15346
15353
15358
15416
15436
15440
15446
15526
15602
15624
15633
15662
15671
15700
15731
15743
15758
15760
15766
15824
15827
15875
15959
15970
15972
16001
16043
16048
16072
16073
16107
16166
16167
16194
16258
16272
16332
16364
16366
16370
16447
16487
16489
16498
16512
16514
16610
16626
16728
16748
16766
16817
16854
16876
16888
16914
16973
16994
17082
17137
17148
17178
17244
17246
17283
17295
17388
17409
17528
17539
17553
17564
17609
17807
17822
17859
17885
17944
17979
17984
17989
18002
18057
18171
18189
18203
18286
18288
18310
18331
18332
18342
18381
18442
18466
18473
18495
18519
18583
18618
18636
18684
18731
18762
18769
18773
18774
18785
18803
18926
18974
19023
19098
19133
19149
19174
19254
19264
19274
19328
19402
19405
19425
19477
19553
19564
19617
19692
19719
19727
19744
19745
19834
19872
19883
19896
19904
19906
19958
19973
20034
20059
20067
20114
20117
20128
20132
20203
20295
20410
20432
20440
20456
20553
20564
20575
20580
20584
20614
20648
20657
20660
20689
20741
20794
20829
20839
20907
20973
21008
21072
21076
21102
21141
21150
21163
21174
21202
21254
21269
21315
21334
21336
21342
21389
21400
21409
21419
21453
21496
21509
21534
21576
21582
21586
21598
21665
21675
21689
21698
21773
21790
21795
21803
21815
21822
21896
21969
22010
22011
22049
22082
22106
22112
22137
22159
22199
22211
22275
22410
22426
22438
22476
22477
22481
22482
22493
22521
22530
22536
22556
22559
22592
22638
22667
22678
22742
22752
22758
22780
22838
22839
22886
22971
22999
23033
23175
23323
23331
23398
23518
23559
23575
23592
23641
23657
23678
23702
23736
23760
23768
23775
23784
23790
23799
23803
23828
23838
23895
23899
23905
23922
23956
23984
24011
24027
24055
24189
24215
24234
24282
24293
24297
24300
24380
24457
24484
24487
24557
24590
24651
24699
24720
24754
24760
24818
24825
24999
25044
25065
25066
25087
25271
25274
25284
25293
25308
25346
25365
25399
25402
25424
25451
25456
25468
25580
25624
25747
25781
25829
25839
25847
25849
25850
25907
25911
25918
25936
25986
26059
26070
26162
26194
26202
26264
26278
26321
26341
26349
26372
26427
26437
26450
26463
26505
26547
26567
26655
26681
26730
26767
26790
26917
26932
26939
26961
26970
26998
27007
27033
27082
27168
27194
27206
27212
27222
27248
27283
27314
27317
27407
27413
27496
27509
27511
27534
27590
27617
27644
27670
27689
27736
27756
27758
27761
27763
27882
27941
27984
28016
28039
28067
28082
28095
28125
28145
28201
28202
28223
28318
28321
28348
28349
28359
28367
28386
28390
28391
28401
28422
28442
28459
28461
28520
28549
28609
28637
28656
28715
28721
28735
28775
28779
28796
28836
28838
28906
28944
28952
29118
29233
29240
29250
29312
29376
29411
29413
29500
29522
29531
29577
29630
29658
29675
29699
29756
29779
29803
29804
29813
29865
29870
29878
29907
29935
29949
30039
30118
30122
30203
30212
30227
30363
30439
30476
30498
30642
30669
30719
30720
30783
30806
30822
30842
30955
30995
31021
31041
31051
31052
31139
31147
31168
31179
31189
31224
31321
31325
31345
31359
31363
31368
31425
31476
31500
31514
31554
31555
31588
31596
31598
31608
31618
31632
31645
31669
31709
31713
31759
31797
31845
31915
31942
31951
31979
31983
31991
32003
32065
32154
32159
32202
32218
32249
32294
32336
32369
32407
32442
32450
32486
32570
32617
32618
32656
32716
32718
32735
32767
32773
32815
32834
32849
32850
32857
32867
32887
32901
32911
32936
32972
32981
32992
32995
33024
33046
33217
33378
33419
33420
33497
33516
33522
33527
33528
33530
33574
33585
33587
33638
33654
33732
33765
33782
33786
33873
33920
34025
34056
34171
34173
34186
34218
34219
34307
34337
34339
34419
34427
34437
34450
34467
34535
34542
34549
34571
34590
34591
34604
34714
34781
34809
34877
34892
34955
34969
34982
35028
35034
35059
35112
35131
35152
35216
35217
35246
35309
35346
35436
35490
35493
35516
35533
35536
35547
35549
35564
35576
35584
35608
35611
35677
35706
35714
35723
35728
35752
35793
35828
35859
35886
35919
35988
36006
36108
36131
36149
36155
36158
36165
36178
36183
36233
36241
36267
36269
36292
36312
36387
36389
36407
36456
36464
36468
36588
36635
36667
36697
36701
36732
36748
36791
36833
36844
36929
36947
36996
37023
37027
37028
37135
37194
37217
37219
37374
37492
37531
37547
37556
37581
37685
37725
37731
37746
37802
37803
37813
37855
37868
37896
37945
37959
37987
37999
38016
38071
38141
38162
38165
38178
38179
38182
38196
38232
38330
38375
38392
38423
38430
38456
38509
38523
38558
38583
38642
38672
38793
38795
38800
38834
38867
38938
38991
38993
39057
39078
39089
39167
39195
39199
39222
39224
39229
39258
39260
39281
39337
39356
39395
39423
39580
39624
39628
39681
39734
39762
39768
39798
39803
39853
39884
39891
39901
39915
39950
39961
39973
39983
40016
40045
40063
40081
40083
40121
40172
40261
40381
40429
40472
40506
40544
40629
40655
40664
40674
40677
40719
40793
40837
41
113
118
143
229
257
259
260
340
350
364
379
388
390
443
502
510
526
592
639
690
692
695
714
716
749
768
769
820
828
903
910
962
968
983
1028
1106
1108
1118
1230
1265
1310
1315
1316
1362
1367
1406
1435
1464
1503
1559
1589
1597
1707
1725
1747
1850
2020
2112
2118
2148
2182
2266
2278
2359
2365
2366
2398
2451
2543
2604
2607
2632
2693
2740
2768
2798
2882
2883
2951
2956
3019
3053
3065
3114
3157
3190
3201
3205
3307
3373
3454
3493
3501
3544
3559
3567
3573
3577
3608
3616
3652
3672
3683
3729
3755
3771
3797
3959
3978
3997
4006
4007
4088
4137
4157
4184
4227
4232
4267
4335
4404
4405
4510
4534
4542
4556
4574
4600
4612
4679
4686
4696
4723
4740
4770
4785
4820
4893
5004
5018
5019
5065
5218
5253
5264
5378
5428
5444
5513
5545
5561
5580
5600
5602
5627
5629
5658
5687
5738
5773
5795
5929
5961
6008
6052
6103
6104
6120
6140
6146
6196
6215
6235
6238
6259
6308
6383
6386
6407
6421
6449
6511
6530
6547
6548
6549
6558
6564
6688
6699
6720
6734
6735
6738
6746
6757
6773
6776
6832
6854
6888
6889
6893
6903
6956
6963
7090
7110
7211
7241
7283
7347
7354
7380
7381
7407
7469
7482
7609
7635
7658
7694
7712
7729
7826
7829
7858
7960
8018
8032
8118
8176
8240
8290
8346
8347
8370
8378
8411
8432
8441
8457
8478
8524
8598
8621
8649
8660
8661
8810
8824
8855
8873
8889
8897
8900
8913
8927
8937
8947
8961
9002
9048
9052
9116
9140
9159
9184
9221
9230
9273
9278
9448
9452
9470
9472
9610
9655
9659
9661
9683
9720
9743
9752
9816
9837
9845
9867
9886
9892
9897
10087
10103
10110
10160
10178
10219
10292
10298
10313
10316
10382
10421
10469
10518
10535
10657
10702
10811
10848
10850
10859
10934
10945
10947
10955
10967
10986
11022
11026
11039
11040
11060
11069
11080
11148
11157
11185
11211
11214
11216
11227
11230
11237
11309
11315
11336
11350
11384
11460
11482
11512
11580
11594
11600
11623
11636
11714
11740
11763
11777
11781
11839
11847
11894
11909
11953
12005
12180
12224
12267
12283
12331
12364
12433
12476
12478
12643
12657
12671
12694
12728
12796
12835
12902
12927
12987
13039
13054
13086
13103
13208
13220
13234
13240
13255
13301
13329
13336
13354
13408
13424
13515
13527
13535
13552
13589
13592
13594
13637
13653
13657
13688
13696
13700
13707
13741
13797
13802
13840
13915
13996
14004
14016
14035
14086
14159
14219
14226
14249
14270
14279
14296
14345
14399
14525
14537
14558
14601
14618
14665
14720
14740
14754
14776
14794
14809
14875
14883
14923
14934
14940
14956
14965
14992
15045
15138
15199
15296
15315
15320
15417
15472
15486
15507
15528
15537
15546
15574
15580
15620
15688
15695
15711
15718
15740
15788
15801
15808
15833
15843
15855
15951
16026
16027
16126
16139
16158
16181
16230
16276
16348
16391
16466
16473
16525
16547
16665
16671
16690
16713
16731
16765
16794
16806
16974
16977
17015
17030
17034
17039
17096
17117
17126
17168
17169
17173
17221
17222
17230
17251
17274
17287
17288
17292
17305
17350
17507
17509
17521
17543
17570
17598
17646
17647
17665
17699
17727
17744
17817
17922
17981
18044
18067
18088
18167
18169
18255
18289
18291
18299
18301
18358
18362
18422
18449
18494
18510
18547
18581
18588
18593
18613
18735
18736
18759
18807
18832
18843
18890
18892
18950
18989
18997
19012
19041
19066
19099
19116
19148
19210
19236
19244
19246
19287
19288
19310
19313
19324
19332
19334
19428
19432
19467
19519
19538
19560
19694
19760
19803
19854
19857
19917
19928
19953
19955
20026
20100
20106
20121
20143
20186
20201
20208
20216
20241
20289
20360
20367
20380
20405
20414
20431
20516
20586
20638
20650
20666
20698
20861
20935
20951
20959
21067
21082
21125
21154
21348
21393
21452
21469
21504
21506
21519
21525
21527
21564
21585
21641
21662
21718
21775
21924
21970
22025
22088
22096
22160
22168
22197
22237
22238
22256
22271
22318
22320
22330
22347
22383
22386
22387
22407
22447
22460
22480
22499
22601
22609
22618
22679
22685
22695
22715
22725
22796
22812
22827
22852
22930
22945
23129
23158
23164
23235
23241
23302
23349
23351
23379
23399
23459
23472
23487
23499
23530
23578
23602
23604
23643
23652
23751
23763
23795
23829
23880
23961
23974
24046
24095
24150
24162
24179
24188
24214
24244
24252
24269
24270
24298
24301
24309
24337
24372
24443
24493
24526
24545
24555
24668
24670
24700
24941
24947
24953
25036
25053
25060
25094
25133
25150
25170
25180
25182
25225
25242
25250
25251
25276
25298
25336
25380
25382
25387
25391
25437
25447
25457
25459
25489
25523
25556
25589
25616
25623
25691
25699
25716
25717
25725
25804
25840
25864
25925
25942
25978
25979
25996
26003
26015
26020
26045
26102
26144
26189
26232
26247
26304
26312
26317
26320
26334
26350
26351
26356
26370
26380
26477
26490
26511
26524
26534
26549
26570
26573
26736
26820
26938
26968
27102
27165
27218
27234
27304
27332
27360
27362
27366
27368
27392
27406
27415
27426
27435
27471
27491
27492
27499
27578
27602
27608
27613
27652
27721
27745
27834
27884
27906
27907
27962
27999
28021
28031
28074
28134
28147
28199
28262
28276
28283
28287
28363
28374
28419
28445
28480
28636
28659
28692
28841
28850
28854
28901
28945
29018
29055
29173
29183
29199
29207
29279
29303
29306
29330
29407
29433
29440
29460
29469
29477
29491
29512
29537
29569
29572
29611
29727
29770
29819
29863
29903
29998
30003
30044
30067
30070
30121
30130
30178
30242
30272
30309
30379
30380
30385
30389
30391
30467
30479
30511
30517
30545
30563
30606
30607
30626
30659
30667
30684
30798
30813
30903
30941
31045
31093
31176
31177
31203
31250
31266
31379
31402
31434
31439
31449
31475
31485
31486
31589
31604
31607
31630
31638
31727
31781
31790
31805
31815
31859
31889
31898
31905
31910
31964
31990
32018
32045
32052
32068
32096
32232
32243
32282
32324
32421
32461
32612
32626
32641
32719
32732
32747
32759
32760
32786
32801
32806
32842
32865
32932
32970
32983
32993
33008
33034
33068
33093
33095
33098
33111
33199
33205
33230
33243
33258
33325
33327
33365
33379
33385
33407
33421
33466
33485
33488
33499
33501
33568
33616
33619
33683
33770
33812
33850
33872
33888
33892
33895
33896
33970
33986
34029
34034
34037
34074
34090
34108
34150
34178
34187
34206
34227
34237
34247
34278
34281
34290
34327
34474
34498
34500
34505
34526
34618
34635
34691
34724
34753
34806
34868
34871
34881
34894
34928
34939
34945
35051
35065
35137
35179
35231
35232
35282
35295
35317
35471
35497
35525
35530
35555
35581
35591
35594
35607
35660
35678
35682
35696
35737
35782
35805
35818
35881
35928
35937
35952
35960
35981
36052
36091
36113
36168
36231
36290
36333
36348
36386
36410
36432
36435
36485
36630
36661
36671
36741
36755
36808
36858
36881
36890
36942
36951
36976
37035
37040
37079
37113
37270
37274
37292
37346
37387
37410
37424
37452
37465
37529
37564
37597
37672
37783
37797
37860
37864
37911
37952
38059
38061
38083
38118
38124
38146
38153
38191
38224
38238
38251
38271
38296
38308
38315
38341
38383
38479
38560
38620
38697
38732
38742
38753
38760
38773
38776
38797
38814
38817
38828
38905
38924
38954
38965
38977
38984
39058
39210
39232
39243
39271
39321
39353
39369
39378
39389
39398
39439
39445
39467
39477
39511
39540
39547
39562
39582
39602
39621
39670
39752
39777
39792
39869
39870
39886
39944
39964
39975
40061
40086
40097
40124
40166
40228
40243
40251
40352
40362
40398
40417
40433
40437
40499
40535
40538
40577
40588
40661
40685
40744
40794
40851
40853
