600
934
1554
1846
2068
2391
2485
2585
2676
2725
3025
3112
3461
3715
3761
4018
5097
5308
6826
6873
6962
7348
7393
8044
8210
8339
8419
8864
9056
9642
10037
10050
10419
11043
11262
11666
11694
11863
12017
12070
12193
12446
13027
13187
13662
13822
13891
13904
14099
14393
14560
14577
15129
15435
15736
15802
16105
16343
16641
16718
17027
17323
18136
18179
18504
18543
18579
18790
18796
18797
19283
19286
19858
20059
20422
20739
20887
21306
21528
21598
21699
22174
22362
22556
22704
22748
23134
23666
23775
23909
24395
24591
24717
24900
24973
25198
25248
25316
25439
25579
25847
26723
27078
27375
27565
28042
28351
28558
28578
28635
28654
28917
29019
29295
29555
29756
29779
29997
30263
30812
30814
31425
31514
31669
31721
31797
31840
31928
32048
32450
32961
33017
34141
34147
34386
34893
34950
35190
35363
35397
35518
36743
37056
37164
37273
37493
37603
38042
38558
38838
39124
39648
40129
40513
40521
626
1218
1403
2005
2076
2212
3083
3251
3580
3882
4572
5066
5141
5218
5795
5915
6162
6820
6978
6981
7385
7439
7630
8364
8572
8743
8790
8925
9277
9571
9907
10151
11070
11184
11343
11433
11482
12030
12066
12452
12737
12949
12965
13378
13584
13915
13945
13948
14399
14591
15573
15918
16749
17138
17228
17507
18962
19866
20249
20431
20585
20841
21071
21366
21417
21602
21891
22558
22564
22741
23441
23447
23602
23843
23936
24274
24533
25145
25393
26050
26175
26403
26511
26931
27856
28419
28598
28750
29198
29377
29533
29613
29902
30394
31475
32263
32517
32649
33052
33146
33434
35231
35890
35938
35958
36113
36827
38251
38435
38671
39919
40005
40097
40201
40206
40266
