44
54
58
63
92
174
246
261
315
341
464
527
562
710
726
746
748
845
848
853
862
909
942
965
974
977
1000
1011
1033
1034
1037
1058
1066
1077
1147
1195
1205
1209
1248
1251
1331
1342
1366
1417
1521
1539
1575
1580
1610
1630
1652
1698
1710
1758
1791
1876
1884
1917
1936
1947
1953
1960
1980
1990
2026
2033
2080
2156
2157
2203
2283
2285
2320
2381
2383
2401
2404
2407
2411
2457
2511
2619
2639
2676
2691
2749
2777
2788
2833
2869
2922
2939
2945
2949
2963
2984
3049
3090
3098
3104
3110
3134
3151
3193
3262
3308
3340
3359
3448
3460
3505
3653
3671
3691
3711
3745
3748
3799
3875
4013
4030
4057
4072
4172
4225
4238
4244
4297
4339
4408
4414
4525
4552
4596
4630
4634
4733
4747
4779
4781
4830
4854
4901
4952
4967
4968
4977
4983
5053
5117
5133
5192
5244
5259
5286
5414
5481
5553
5554
5556
5566
5576
5625
5630
5667
5800
5854
5887
5934
5948
5955
5966
5968
6069
6071
6127
6139
6175
6212
6290
6324
6358
6411
6436
6438
6599
6660
6667
6784
6816
6822
6827
6843
6887
6954
7057
7063
7088
7089
7129
7130
7145
7148
7160
7180
7190
7224
7242
7305
7328
7343
7386
7399
7406
7411
7450
7563
7598
7616
7632
7644
7648
7680
7791
7815
7879
7902
7905
7972
7977
8040
8045
8071
8089
8153
8241
8262
8270
8277
8315
8316
8321
8368
8375
8379
8407
8434
8451
8483
8592
8629
8652
8727
8735
8738
8754
8867
8926
8928
8931
8933
8955
8999
9028
9031
9063
9064
9067
9088
9113
9132
9204
9246
9315
9325
9344
9366
9368
9454
9469
9475
9487
9492
9509
9510
9537
9547
9559
9565
9590
9599
9622
9623
9680
9745
9757
9765
9784
9810
9848
9936
9940
9975
9986
9988
9996
10018
10026
10030
10042
10043
10163
10206
10209
10230
10240
10291
10312
10315
10342
10442
10457
10461
10489
10491
10502
10506
10507
10517
10613
10628
10663
10665
10669
10715
10749
10765
10844
10852
10922
10935
10936
10941
10961
11001
11010
11044
11074
11088
11165
11241
11244
11383
11440
11446
11463
11481
11522
11560
11576
11605
11615
11712
11730
11878
11977
11994
12007
12022
12060
12068
12069
12135
12155
12222
12273
12335
12339
12423
12424
12454
12456
12464
12495
12523
12552
12557
12567
12588
12652
12683
12701
12777
12803
12881
12907
12913
12931
12953
13022
13139
13150
13165
13168
13176
13217
13295
13323
13363
13446
13473
13544
13568
13574
13601
13610
13636
13656
13662
13685
13719
13727
13753
13783
13817
13861
13892
13947
14010
14045
14107
14124
14127
14155
14167
14355
14369
14443
14456
14459
14489
14523
14543
14549
14575
14576
14579
14598
14655
14691
14695
14700
14787
14847
14866
14909
14933
14951
15057
15100
15111
15150
15155
15167
15171
15182
15201
15242
15287
15307
15346
15358
15379
15393
15406
15414
15438
15440
15478
15506
15519
15540
15555
15577
15609
15617
15633
15642
15644
15657
15689
15778
15791
15831
15862
15864
15868
15874
15949
15960
15979
16003
16155
16246
16251
16257
16295
16307
16321
16332
16364
16447
16460
16505
16537
16558
16608
16658
16700
16703
16708
16728
16730
16738
16748
16753
16766
16778
16843
16866
16885
16889
16991
16998
17021
17082
17093
17178
17196
17338
17366
17378
17436
17471
17536
17553
17639
17645
17648
17650
17680
17686
17705
17709
17715
17752
17759
17825
17832
17842
17867
17873
17907
17976
18029
18033
18092
18112
18198
18206
18250
18342
18451
18475
18513
18516
18550
18563
18631
18675
18689
18785
18837
18868
18883
18900
18929
19020
19021
19109
19174
19181
19193
19238
19303
19342
19363
19452
19461
19518
19558
19602
19632
19692
19719
19726
19785
19835
19867
19882
19883
19897
19926
19973
19996
20008
20053
20059
20067
20072
20101
20160
20209
20213
20227
20234
20323
20373
20399
20410
20456
20560
20580
20584
20610
20623
20648
20685
20710
20763
20781
20794
20795
20839
20865
20867
20885
20970
20993
21002
21006
21035
21050
21145
21163
21187
21233
21262
21400
21415
21453
21565
21567
21582
21596
21617
21656
21668
21757
21761
21838
21907
21956
21979
22010
22026
22081
22083
22093
22103
22133
22135
22145
22175
22186
22209
22229
22265
22301
22359
22367
22449
22473
22474
22477
22530
22581
22608
22641
22664
22684
22714
22762
22844
22925
22949
22983
23011
23035
23050
23088
23286
23323
23342
23343
23375
23559
23605
23623
23649
23706
23754
23775
23797
23811
23841
23870
23896
23910
23918
23922
23927
23953
24018
24026
24028
24035
24041
24063
24158
24191
24195
24220
24293
24343
24352
24356
24366
24399
24423
24501
24550
24572
24581
24590
24594
24621
24641
24651
24702
24720
24727
24781
24785
24895
24920
24962
25017
25075
25139
25189
25260
25264
25320
25359
25398
25426
25530
25552
25558
25671
25713
25734
25821
25847
25859
25923
25954
26071
26076
26090
26143
26150
26190
26382
26400
26405
26416
26421
26435
26486
26548
26607
26641
26753
26809
26868
26883
26885
26893
26915
26934
26948
26956
26970
26983
26990
27087
27099
27159
27166
27173
27237
27241
27305
27316
27321
27413
27456
27527
27550
27564
27575
27662
27675
27692
27722
27727
27729
27846
27871
27942
27957
28054
28183
28221
28246
28311
28312
28318
28335
28350
28360
28364
28367
28402
28410
28461
28549
28625
28642
28649
28714
28732
28745
28778
28864
28868
28873
28887
28948
28981
28999
29027
29045
29063
29081
29086
29107
29117
29162
29175
29176
29230
29247
29273
29280
29414
29432
29461
29480
29532
29584
29681
29694
29699
29701
29724
29726
29730
29779
29811
29813
29832
29845
29883
29897
29930
29955
29978
30005
30039
30052
30104
30149
30170
30190
30220
30247
30268
30320
30374
30387
30402
30408
30455
30476
30527
30557
30562
30570
30601
30638
30642
30654
30720
30735
30809
30817
30878
30897
30934
30940
31016
31042
31050
31064
31158
31234
31323
31363
31368
31416
31425
31458
31470
31476
31615
31642
31644
31645
31669
31689
31730
31753
31770
31853
31861
31868
31883
31906
31943
31954
31979
32036
32051
32055
32086
32149
32206
32256
32271
32275
32284
32298
32345
32350
32369
32434
32442
32487
32491
32518
32523
32530
32552
32632
32687
32694
32700
32701
32737
32770
32834
32859
32877
32887
32889
32901
32980
32992
33011
33014
33040
33057
33060
33085
33169
33234
33249
33289
33378
33393
33400
33416
33573
33575
33606
33628
33641
33646
33674
33679
33684
33689
33725
33744
33764
33816
33867
33897
33904
33940
33952
33959
33992
34002
34021
34025
34127
34253
34276
34282
34380
34381
34395
34427
34465
34479
34557
34575
34709
34803
34815
34862
34906
34960
34979
34982
35044
35076
35082
35143
35164
35171
35204
35217
35241
35250
35363
35367
35384
35395
35437
35455
35468
35514
35536
35576
35585
35603
35605
35714
35733
35753
35765
35804
35867
35869
35886
35905
35913
35919
35959
35975
36004
36006
36038
36046
36067
36079
36110
36114
36144
36156
36158
36205
36216
36224
36254
36301
36513
36560
36571
36669
36696
36701
36717
36739
36747
36758
36818
36823
36874
36903
36917
36924
36977
36992
37008
37025
37150
37177
37191
37203
37291
37319
37531
37532
37600
37618
37646
37684
37721
37731
37743
37746
37784
37843
37863
37954
37967
37977
37989
37991
37999
38026
38035
38111
38149
38265
38314
38379
38385
38387
38389
38451
38464
38563
38610
38623
38647
38648
38683
38694
38715
38771
38837
38907
38951
38990
39043
39046
39057
39070
39143
39170
39179
39216
39229
39255
39260
39284
39299
39343
39486
39510
39521
39530
39588
39609
39651
39709
39726
39803
39961
40011
40017
40031
40040
40041
40055
40095
40104
40123
40172
40182
40208
40236
40286
40339
40341
40454
40500
40526
40528
40544
40546
40552
40584
40596
40608
40614
40619
40652
40675
40697
40709
40714
40719
40722
40731
40807
40821
40847
40850
41
66
100
128
206
237
279
370
443
470
512
525
544
574
606
611
668
669
695
750
752
764
786
820
829
895
903
933
935
962
973
979
1069
1082
1142
1171
1184
1204
1230
1243
1250
1326
1330
1338
1383
1406
1459
1471
1499
1556
1672
1747
1815
1843
1957
1975
2099
2101
2105
2164
2168
2183
2244
2317
2409
2448
2451
2541
2587
2604
2610
2647
2686
2696
2739
2755
2778
2800
2920
2988
3050
3101
3143
3268
3280
3337
3427
3440
3459
3507
3523
3615
3679
3683
3722
3762
3771
3797
3825
3831
3832
3841
3862
3951
3988
3997
4036
4123
4168
4174
4192
4209
4223
4267
4317
4324
4393
4421
4470
4482
4489
4498
4536
4551
4580
4584
4585
4592
4662
4705
4708
4737
4758
4773
4796
4849
4985
5002
5009
5013
5019
5033
5055
5068
5085
5108
5122
5264
5313
5356
5374
5378
5450
5458
5463
5564
5569
5634
5652
5677
5679
5697
5752
5768
5823
5831
5835
5838
5842
5909
5910
5913
6034
6043
6099
6134
6237
6269
6294
6340
6347
6359
6376
6379
6413
6462
6489
6511
6520
6548
6593
6622
6668
6687
6699
6771
6773
6780
6809
6885
6888
6891
6893
6939
6940
6967
7001
7059
7068
7096
7099
7141
7153
7173
7203
7291
7342
7381
7390
7409
7429
7481
7499
7599
7619
7625
7657
7808
7855
7863
7885
7899
7961
7993
8006
8052
8130
8139
8201
8204
8213
8259
8312
8347
8380
8383
8411
8417
8443
8444
8599
8671
8747
8775
8777
8791
8797
8862
8885
9000
9019
9083
9134
9231
9253
9286
9446
9462
9480
9495
9549
9568
9588
9628
9644
9683
9753
9778
9892
9893
9896
9928
9938
9982
10044
10087
10164
10219
10236
10270
10319
10322
10350
10389
10421
10445
10494
10554
10585
10589
10596
10673
10711
10716
10727
10769
10816
10848
10934
10993
11002
11127
11144
11152
11157
11168
11197
11207
11214
11227
11279
11393
11407
11412
11419
11482
11493
11540
11600
11623
11640
11662
11677
11717
11768
11773
11777
11787
11815
11867
11963
12006
12014
12024
12152
12180
12238
12261
12354
12401
12402
12403
12406
12466
12488
12562
12564
12622
12643
12706
12755
12856
12860
12900
12902
12923
12963
12967
13004
13024
13054
13085
13098
13103
13197
13235
13269
13401
13418
13476
13481
13506
13513
13517
13528
13632
13657
13665
13700
13707
13751
13801
13832
13836
13857
13903
13972
14015
14033
14122
14195
14212
14307
14364
14384
14421
14433
14442
14448
14539
14554
14580
14584
14651
14657
14717
14720
14813
14842
14965
15008
15035
15068
15108
15120
15137
15149
15169
15172
15175
15178
15188
15245
15252
15296
15331
15484
15498
15500
15517
15587
15673
15711
15719
15730
15740
15808
15822
15843
15856
15877
15903
15961
15992
16124
16171
16230
16243
16244
16276
16290
16325
16403
16419
16428
16439
16479
16525
16540
16548
16555
16622
16625
16640
16690
16765
16784
16796
16824
16955
17001
17044
17099
17160
17185
17254
17256
17261
17305
17365
17367
17430
17507
17510
17555
17621
17699
17744
17768
17919
18036
18056
18066
18135
18141
18154
18169
18186
18204
18209
18213
18221
18223
18224
18225
18299
18348
18368
18395
18479
18522
18558
18589
18641
18693
18730
18759
18763
18798
18924
18939
18952
19002
19036
19037
19039
19041
19067
19071
19119
19127
19137
19182
19258
19421
19428
19459
19473
19490
19492
19505
19529
19568
19570
19640
19721
19723
19741
19773
19790
19798
19813
19833
19840
19917
19941
20001
20016
20143
20159
20207
20303
20305
20328
20352
20380
20387
20405
20431
20460
20486
20498
20502
20521
20533
20550
20624
20629
20686
20688
20698
20725
20729
20730
20759
20779
20812
20817
20820
20821
20951
20967
21067
21199
21213
21219
21281
21298
21339
21348
21443
21464
21521
21592
21628
21670
21703
21720
21725
21735
21736
21766
21768
21772
21775
21789
21791
21802
21836
21856
21925
21998
22016
22025
22061
22129
22214
22223
22239
22260
22263
22277
22311
22351
22431
22434
22450
22455
22520
22540
22571
22605
22632
22785
22789
22813
22828
22891
22908
22982
23009
23010
23038
23101
23214
23241
23275
23345
23411
23433
23459
23478
23525
23532
23596
23610
23616
23650
23652
23730
23747
23748
23751
23763
23795
23796
23808
23872
23878
23900
23923
23926
23940
23976
24049
24077
24095
24146
24162
24167
24211
24221
24232
24266
24269
24302
24337
24372
24431
24460
24564
24612
24626
24663
24666
24668
24683
24687
24700
24713
24733
24743
24784
24837
24878
24898
24946
24953
25048
25070
25071
25084
25106
25115
25133
25150
25155
25170
25278
25361
25366
25394
25432
25448
25489
25513
25551
25556
25583
25695
25696
25712
25717
25725
25746
25752
25824
25830
25831
25890
25905
25924
25968
25970
25973
25993
25997
26046
26079
26091
26118
26123
26204
26249
26306
26312
26356
26359
26367
26370
26472
26511
26534
26554
26601
26620
26759
26762
26764
26771
26789
26852
26979
27070
27088
27105
27127
27134
27151
27169
27189
27218
27255
27266
27292
27293
27348
27406
27417
27491
27544
27571
27595
27611
27706
27774
27823
27827
27892
27966
27988
28011
28056
28066
28120
28147
28170
28172
28180
28216
28236
28245
28258
28276
28328
28344
28380
28480
28553
28645
28749
28770
28790
28820
28854
29003
29110
29131
29139
29157
29159
29241
29249
29269
29279
29321
29323
29347
29382
29387
29406
29437
29477
29495
29529
29548
29563
29593
29608
29617
29624
29656
29727
29809
29816
29884
29892
29898
29902
29904
29905
29934
29979
30029
30120
30138
30140
30161
30250
30255
30257
30269
30348
30356
30365
30380
30385
30386
30394
30411
30491
30545
30604
30615
30810
30815
30858
30890
30899
30907
30969
31031
31034
31057
31076
31101
31133
31155
31185
31237
31255
31333
31358
31411
31434
31436
31439
31485
31491
31505
31538
31593
31617
31661
31695
31703
31732
31771
31772
31783
31878
31898
31932
31941
31973
32009
32018
32045
32113
32194
32200
32253
32470
32514
32554
32587
32602
32624
32706
32739
32740
32760
32871
32932
32971
32993
33032
33092
33102
33132
33200
33240
33259
33270
33280
33295
33379
33385
33430
33464
33543
33551
33593
33602
33619
33702
33706
33716
33726
33727
33752
33759
33770
33864
33926
33970
33987
34005
34027
34047
34057
34070
34078
34118
34150
34161
34190
34227
34285
34305
34315
34360
34441
34490
34499
34510
34528
34566
34612
34655
34700
34705
34724
34751
34790
34822
34842
34899
34901
34905
34917
34919
34941
34952
34997
35031
35032
35042
35109
35118
35140
35165
35168
35179
35182
35205
35288
35317
35383
35387
35398
35402
35408
35435
35443
35458
35488
35542
35581
35607
35666
35673
35741
35760
35788
35805
35822
35844
35865
35892
35915
35995
36026
36036
36054
36109
36161
36168
36190
36228
36231
36234
36238
36270
36326
36365
36384
36431
36471
36489
36527
36558
36611
36682
36720
36797
36841
36864
36890
36901
36927
36928
36993
37086
37228
37234
37245
37272
37277
37290
37410
37466
37497
37539
37617
37627
37699
37703
37717
37723
37761
37797
37876
38004
38052
38089
38092
38096
38126
38151
38152
38216
38275
38286
38306
38341
38422
38491
38553
38571
38727
38732
38753
38766
38776
38801
38829
38833
38851
39027
39038
39052
39116
39122
39130
39134
39138
39146
39206
39214
39239
39257
39270
39276
39323
39378
39398
39452
39509
39514
39560
39608
39630
39788
39802
39817
39833
39837
39889
39989
39999
40112
40117
40142
40147
40180
40367
40438
40447
40571
40665
40696
40737
40769
40784
40792
40796
40828
