493
1192
1501
2623
3058
4859
6217
6337
6384
7614
8019
10633
10744
13002
15106
15741
16226
18007
18386
18389
18492
20152
20569
21019
22219
23303
24690
26404
26656
27094
27757
27953
28034
28213
28665
29317
29574
30333
30420
30753
32108
34554
35308
36896
37163
37522
37726
37811
37970
38121
38426
38909
39977
40779
391
498
1299
1736
1893
1971
1974
2461
2473
2700
3073
3865
3909
4876
6300
6353
6906
7979
10349
10963
12485
12920
13114
13854
13913
14961
15727
15784
15923
17441
17927
18734
19481
19884
22550
24647
25857
26146
27018
27144
29221
29980
30950
31163
32362
32726
32895
34737
35349
35637
35656
35862
37153
37169
37329
38919
38967
39909
40402
