1277
1376
1662
1999
2711
3856
4053
4913
6007
7132
8074
8756
9356
10343
12052
12089
12679
12988
13540
14450
15072
16478
17874
19565
20361
20462
22444
22738
22972
24863
25040
25647
26036
26540
27389
27811
27861
28237
28728
28914
28916
32650
32838
33891
35449
35506
35916
36337
36676
36866
36931
37479
37787
38002
38050
38121
38406
38754
39192
40268
287
530
594
605
1001
1024
2641
2704
3664
3909
4954
5591
6440
6749
6964
7150
7623
7760
8975
9303
9839
11504
12080
12404
13049
13902
15061
15214
15461
16165
17860
18385
19170
21358
24452
24522
25218
25466
26034
26288
26299
29375
30950
31737
32768
33067
33755
34137
34249
36714
37258
37373
37405
