789
811
3002
3547
6651
7288
7485
8692
9356
9391
9869
10451
11019
12702
13627
13804
15883
16519
16543
17223
17801
19680
21119
22269
24903
25188
25516
25697
27114
27822
28160
28587
28709
29275
30112
31935
33571
33813
34406
35688
35922
36154
36249
37811
38426
38939
39503
39684
226
1160
2697
3967
4548
4710
5332
7310
7758
8779
8823
8975
10318
10869
11472
13374
14294
14828
17124
17423
17668
18634
19379
19481
20287
20589
21136
21224
21623
21827
21944
22077
22310
22518
22697
23474
23844
24219
24414
24522
24787
25015
25797
26419
26988
27142
27187
28289
28902
28909
29024
29338
29395
29942
30770
31430
31625
31680
32111
32726
32976
33288
33350
33381
37047
