1376
2717
3547
4199
4827
5411
6384
6408
7132
8762
8858
11156
13204
13600
13761
15106
15936
16820
16833
17523
18176
20343
20791
22594
23120
24006
25086
26253
27094
27577
27822
28027
29486
29921
30929
31116
31935
32316
33471
34715
35449
36923
39945
39963
40425
40817
368
2641
2960
3052
4802
4954
5332
5673
5903
6859
7049
8823
9983
10380
12404
12591
12605
12782
13048
13493
16057
16162
17345
18615
19140
19155
19228
19284
19884
20047
20721
22537
22549
23844
24787
24985
25185
26006
26419
28453
28909
29235
29402
29422
29980
30521
31205
31552
31570
31848
32237
32268
32746
33381
34858
35060
35897
36893
37577
38080
38858
39035
39278
39440
39809
39981
40377
