1797
1939
2100
4396
5507
7255
7830
8446
8571
8686
8692
10678
10744
11299
11624
11826
12831
13485
13531
13600
14241
14936
15692
15741
15883
17749
18350
18460
19430
20541
24707
25647
29544
34232
34853
35297
35496
37009
37479
37599
37601
38044
38359
39367
39471
39522
40425
40817
25
145
1446
1659
2925
3388
3778
4417
4503
4524
5653
6353
6859
7453
7760
8276
8377
8401
8473
10374
10380
12543
12591
12696
13173
13493
13689
14511
16576
16910
18682
18792
18990
19350
19411
19844
20671
20943
22697
23148
23686
24023
25517
25920
26538
27660
28629
29185
29490
30010
31254
31614
31775
32169
32512
33780
34010
34523
36323
36451
37352
38193
38420
39717
39955
