242
2504
7047
7134
8532
8762
10158
10918
11269
12150
12984
13112
16909
16918
16999
17676
18037
18560
20693
22219
22738
22932
24317
24707
25722
25809
25886
25985
26395
27256
27751
27811
28034
28213
28435
28951
29161
29345
30036
30530
31317
31602
31779
31899
32064
32265
32762
34083
34095
35181
35916
37726
38493
39219
39684
40376
456
601
727
927
1344
1680
1888
2818
3812
4802
5832
9797
9799
11402
12113
14802
14824
15362
15999
16484
16504
17479
17899
19453
19710
20943
21572
21910
23021
24008
24090
25494
26532
26722
27170
27954
28629
29174
29185
30533
31060
31381
32287
32371
32455
32746
33382
33801
35142
36729
36994
37287
37405
37640
38416
39741
40688
