816
2742
2848
4032
4325
4342
4396
4692
6435
6860
7015
10509
10521
10590
10603
11486
11635
11654
11808
11826
12419
12449
15376
16393
16642
17676
18532
19565
20836
21341
21679
23400
23589
23901
27046
28606
28665
28803
29166
29309
29607
31572
31738
31748
31821
33254
33535
33813
33907
33939
35148
35978
39314
39503
39650
40480
3073
3321
4629
5999
6087
7269
7292
7607
7639
9057
9125
9338
11713
12864
13133
13630
16165
16910
16934
17087
17461
18399
19852
19888
19981
20148
20472
20843
21235
21888
22958
27323
27396
27530
27698
29105
31344
31487
31672
32066
32287
32474
32918
33054
33696
34332
34523
35107
36187
36542
36891
37039
37562
38513
39835
40190
40808
