288
1939
2087
5840
5869
7288
7897
8438
8946
9055
9910
10561
10603
10806
11537
12255
13677
14230
14357
16833
16918
23102
23996
25613
25985
27094
27389
28762
30112
31317
31448
31958
32223
33813
33891
34234
34933
37214
37635
37841
39974
575
601
631
2184
2288
2808
2849
2960
3388
4098
4710
5785
6035
6087
7294
7310
8064
8076
8971
11017
11219
11912
12037
12080
12094
12317
12605
13603
14146
15061
15550
16963
17479
17495
18916
19443
19998
20423
22550
22803
22902
22958
23148
24333
26299
26303
27128
27794
28243
29024
29114
29174
29343
30010
30023
30026
31381
31510
32606
32726
33823
34284
34737
35314
37258
37405
38513
39103
39161
39776
40377
40764
