1140
2500
3637
6337
8260
8756
9143
10559
10561
10678
12680
13634
13853
13938
14376
14936
16339
17047
17058
17914
18568
21210
22105
22445
22543
22727
24495
25211
26191
26631
27849
28027
28299
30692
32902
33271
35181
35505
35652
36785
36789
36923
37163
37758
37970
38702
39204
39575
40480
26
145
167
226
345
770
2950
3052
3107
3783
4492
4503
4855
4869
5029
7832
8087
8611
9363
9692
10846
12232
12794
12914
13307
14588
14826
14887
16536
17257
20758
21091
21323
21438
21623
22177
22283
22487
22549
23285
24541
26209
28085
28454
28597
29221
29422
31378
31430
31987
33067
33288
34069
35027
35672
36978
38031
38967
39103
39297
39810
40190
40764
40834
