1221
1870
1939
2071
3795
4004
4522
6337
6361
8185
8194
9238
10496
12052
12255
12560
13497
14795
14991
16478
16642
18329
18561
20384
20693
21859
22688
24472
25331
25369
25573
25656
25789
25908
26743
27811
27822
27849
28086
28264
29025
30935
34323
34442
34866
35799
37878
38044
39313
39549
69
137
368
802
1888
2229
3299
3964
4503
4629
5653
5832
6452
6795
7505
7647
8971
8975
9269
10908
11524
12160
12480
12605
12727
12920
13107
13480
13765
14294
15784
16042
18399
18576
18734
19981
20032
20589
20966
21171
21593
21827
23448
23786
25062
25404
26532
27660
28132
29174
29490
29732
32179
32545
32918
33350
35667
37047
37577
37640
38928
40327
40351
