356
948
1792
3917
5411
6040
6106
7132
7583
7614
7897
8571
9356
9934
10158
10561
11792
12831
12988
13002
13362
15692
15716
16478
18032
18460
18561
19202
19214
20608
21554
22219
23317
23589
23695
23826
23898
24034
24331
24923
25908
27791
28486
29574
30370
30929
31602
31777
31936
31969
32494
32762
33035
33271
33751
34215
34435
35068
35296
35754
38174
38751
80
821
3664
4568
4869
5753
7280
7686
7942
8008
8716
8975
9050
9721
10035
10564
11506
12079
15999
16684
18399
18566
19743
20754
20946
22333
24378
25466
28081
28085
28514
28932
29540
29967
31775
31987
32035
32691
33061
34704
35624
36690
37258
37329
38080
38458
38816
39981
40001
40551
40783
