618
1346
1542
1870
2711
5905
6621
10559
11654
11792
13136
13660
14005
16111
16675
16909
17498
17980
18460
19667
19695
20078
21210
21410
21834
22595
24497
24903
25059
26147
26296
26695
29442
29872
30671
31116
31277
31291
31296
32025
32064
32267
33648
34715
34853
35257
35380
38121
38415
38565
38886
39567
40376
40492
40831
927
1446
2046
2704
2707
3593
4290
4369
4629
5266
5595
6060
6087
6723
7370
7413
9363
10998
11453
11472
13385
13480
14426
16491
19025
20423
20488
20589
20966
21153
21323
21711
21951
22487
22697
25485
26034
26526
26646
26827
27247
27616
29732
29967
30311
31342
32362
32714
33392
33755
33780
34523
34735
35624
37750
38031
39662
40515
