493
1662
1797
2816
3288
5998
6969
7255
7472
8762
8946
9312
10214
10509
11156
12276
12845
13362
14241
14547
15170
15745
15936
16588
17247
17552
18007
18841
19646
19664
19870
20152
20769
21119
21679
21713
22157
22354
22595
22636
23898
24190
24222
24317
26656
28034
29921
31062
31936
32752
33877
34114
34554
34715
35449
35474
35496
36288
36676
40390
40711
414
1292
2720
5029
7035
7310
7453
9338
10247
11951
12727
13689
13920
14802
14828
15576
16504
18385
18598
18945
20137
22590
22624
22697
22720
22816
23844
23997
24414
27170
27294
27580
29490
29498
30518
32169
32876
33067
33225
33596
33755
34010
35077
35263
37153
38673
39035
39566
39659
39936
40155
40778
