20
1783
1838
2906
2929
6384
6682
8532
8686
8942
9545
9580
10071
10680
11537
16909
17498
18350
19135
20078
20324
20419
20473
21679
22104
22594
23322
23385
23789
23826
25550
25908
26674
27577
27972
28709
28951
28960
30053
30283
30773
31612
31779
31899
31936
33139
34749
35257
35442
35720
36455
37233
38476
38669
38761
40415
40425
226
1808
2184
2444
3746
4224
6353
7543
7901
9554
9583
9819
11196
12113
12782
13672
13808
14294
14334
15724
15873
16408
16926
19453
20671
20677
21690
22177
22549
23194
24740
25403
25757
27170
27257
27323
27472
27627
27954
28902
30819
31625
31987
32726
34849
35711
35780
36893
37122
37185
38214
38674
38868
39263
39741
40136
