1542
1683
1792
3002
3477
3808
3856
4164
5816
7344
8260
9055
10680
11826
12045
12870
14005
14382
14833
15072
17181
19661
20856
20988
21640
21645
22781
23590
24805
24903
24983
25354
25586
25961
26223
27674
27684
27693
27822
28260
28495
28728
28914
30333
30420
31167
31319
32743
33239
33953
37009
37462
38282
38665
39640
39703
40215
40635
802
1737
1808
2431
2525
2808
5903
6922
7104
7269
7543
7594
7741
8551
8803
9554
10174
10998
11905
12337
13920
14528
14800
17385
18598
18932
20488
20722
21358
21376
21467
21667
22448
22958
26526
26963
29598
31510
32268
32741
34069
34249
34799
36187
36994
37188
37301
38343
38372
38458
38813
39103
39436
39495
39646
