1899
3194
5261
5425
6932
7091
7996
8077
8759
10116
10509
10742
11235
11394
11770
13219
13714
13973
14795
15531
16509
16675
18268
18329
18383
18509
19019
19641
19695
19839
20168
20252
20267
20473
22104
22511
23695
23939
24863
24923
25550
25854
26074
26743
27849
28709
31448
31940
32475
32763
34391
35474
35720
35916
35932
37970
39192
39471
39539
1160
1832
3321
3801
3932
4064
4823
5878
6087
6592
6691
7108
8611
9424
9606
9761
10015
10487
10963
14521
14595
14793
14826
15914
17124
17495
18777
19516
19687
20047
21224
21572
22550
22631
24452
25378
26081
27182
27280
28200
28909
29174
31487
31672
31944
32169
32541
32714
33061
34799
36187
37926
40377
40567
