1190
2140
2504
2906
3656
4032
4852
4913
5243
5816
6282
6847
7614
7830
7996
8860
8960
9391
10079
11592
11943
12450
12531
12560
12980
14225
14230
17351
17427
18260
18416
20505
20608
22612
24317
24472
24513
24751
24793
26631
26656
27751
29574
31116
31612
32672
33035
33239
34030
34092
35358
35377
37479
39747
69
2431
2525
4464
4823
5653
5673
6964
7496
8276
8473
9583
10062
10349
13312
13672
13920
14119
14521
15550
16491
16604
18565
19844
20721
20766
20822
21492
21603
21711
21805
23106
23173
24543
25920
26526
26738
27170
27697
28222
28241
29540
31680
33293
34694
35077
35142
36187
36751
37160
37528
37640
37904
38033
39936
40155
40211
40683
40778
