177
2906
3381
5702
5869
6282
6851
7702
8235
10655
10918
12321
12431
12984
13204
13729
18492
20643
21713
22781
23590
25211
25369
25661
25875
27068
27561
31090
31629
31752
32040
32223
33471
33766
34554
36789
36911
37635
38476
38584
39940
40054
69
2344
2450
3456
4033
4917
5653
5785
6268
8243
8355
8442
11210
12404
12480
13214
13480
13603
13708
14834
15873
15914
17860
18702
18857
19140
19687
19714
21450
22077
22392
22903
22940
23021
23054
23328
23965
24519
24522
26538
27128
27247
27294
28544
30518
31091
31718
31724
31944
32179
32876
32976
33298
33308
34006
34538
34681
35672
35967
35991
36891
36955
38858
38928
39437
39741
40235
40327
40688
40808
40834
