417
948
1221
2071
2121
5892
6914
8418
9361
10226
10655
12274
13204
13938
15106
15603
16383
17223
18032
18902
20257
20343
20421
22040
22105
22411
22688
22723
24751
24840
28027
34406
34669
35377
35684
36152
37009
37522
38069
38493
38746
39703
130
517
575
1506
1680
2726
2754
3624
4328
4518
6219
6467
6949
7428
7781
7979
7982
8276
9338
9424
10641
12041
13305
13786
13902
13966
15061
15427
16042
16614
17025
17345
17459
21291
22392
22448
22549
22590
22731
22903
23448
23686
23786
24541
24769
25485
25517
25834
26937
28155
28200
28289
28290
28837
29980
31718
32017
32224
33350
34185
34284
34869
35991
37373
38033
39035
39662
39917
39924
40672
40834
