493
758
948
2550
2860
3323
4065
4469
5840
6186
6404
6491
6914
7134
7583
9280
10025
10640
11537
11826
13497
13798
15170
17453
17874
17980
18176
18329
18386
18416
19667
19695
20168
20267
20421
20462
20856
22591
22913
23826
25148
27114
29158
29520
29671
30085
30565
32316
32479
34391
35222
35427
35506
35986
36247
36455
36862
37192
38406
38565
40519
605
1531
2877
4455
4492
5266
5765
6035
7987
9013
10003
10035
10188
11175
11356
12048
13956
14207
15214
15461
17184
19025
19075
19155
19971
20766
22177
22488
22831
26857
27697
27698
27992
28243
30109
30770
31533
31775
33004
33225
33381
35318
35345
36404
36875
36994
38080
38513
39566
39835
40258
40834
