618
3288
3381
5836
6569
6851
7091
8762
9003
9545
9910
10343
10678
11486
11654
12276
14833
15956
16331
16840
17749
18313
18460
18568
19729
23303
23385
24331
24882
25299
26164
26631
26946
26980
27389
27811
28435
28825
32025
32072
32143
33670
33795
33844
33907
34530
35474
35691
36247
36249
36785
36862
36935
37128
38050
38378
39760
40376
345
783
1893
3746
4548
4725
5818
5878
7150
9269
9374
10015
10035
12041
12236
13312
13765
15166
15724
15999
16599
16684
17189
17899
18058
18542
18653
18682
19350
19447
19971
20578
20826
22177
22487
22549
23463
24378
25944
26362
27530
28081
29633
29638
31414
32237
33481
33801
35732
36542
37640
38194
38967
38980
40543
