490
618
758
2480
2717
3288
3800
3993
4053
6361
6514
8019
8185
8438
8860
10071
10261
11110
12449
13209
14450
14991
16393
17658
17661
18441
19026
20462
20736
20906
22202
22400
23084
24903
25040
26946
27156
28336
31167
31958
32784
33471
33535
34089
34092
34391
35222
35986
36360
36383
37045
37307
37336
37739
38780
39099
39330
39567
2444
2896
3664
3987
4033
7049
7437
7536
9602
9639
10374
10488
10963
11402
12048
12113
12696
14426
14588
16162
16613
17257
17571
17851
18615
19567
20023
20677
21323
22757
23023
23508
24608
24616
25441
25910
26600
27280
27329
27422
30023
30871
31552
31570
31627
31682
32606
32746
33913
36542
39155
39494
39603
39662
40402
