566
1214
2504
2623
2786
4325
5836
6155
6651
7047
8033
9003
11513
16820
16909
17552
18426
18902
19839
20252
20257
20541
20906
21352
21624
22595
23590
26338
26656
26674
26860
27811
27888
28086
28665
29345
30297
31090
31277
32758
34083
34406
34835
35148
35252
35652
36455
37462
38565
38585
38754
38780
38909
39503
39927
39940
39977
1024
2289
2344
4098
4231
4855
5673
6089
7505
7773
7867
8243
9602
11524
13305
13913
14349
15362
15366
15410
16710
18257
18634
18857
19481
19811
20671
20766
21207
21467
22720
22757
23106
23528
24543
24787
24985
25015
25466
25715
26299
26618
27144
27196
27794
28792
28883
30181
30633
31195
32726
33392
39278
39603
40136
40783
