317
1376
1870
2346
3288
3800
5120
5263
5898
6040
6106
6373
6435
6552
6847
8960
9869
10071
13019
14376
16111
16226
18007
18133
18500
18503
19214
21352
21470
21645
22444
22511
23084
24317
24844
24923
26164
26338
26674
26980
27684
27811
28728
29921
30101
31296
31438
33271
33648
35322
35720
37739
38090
38378
39433
1063
1531
1703
2053
2229
3036
3299
3783
5785
7413
7543
7877
8299
9616
12543
12654
13107
14334
14802
15971
16163
17851
19091
19628
19643
20746
21309
21376
21475
21805
21944
22631
23006
23285
24408
24852
25404
25444
26895
27042
27434
31006
31987
32545
33703
33825
34130
34538
35046
35142
36316
36994
37258
37405
38673
38868
39887
40155
