240
889
1211
3795
3993
6971
7255
7542
7968
8000
10079
10343
13088
13362
13482
14357
14382
14541
14833
16222
17599
17980
18568
18947
19045
20343
20346
20372
20421
20541
21410
21834
22445
22972
23322
24861
25175
25397
25875
26674
27328
27581
29345
29827
30297
30657
30929
31777
32838
32937
33907
34083
34530
35257
35597
36676
36923
38585
38754
39684
40376
3088
3388
3909
4126
4140
4855
5164
5971
7049
7275
7875
8401
9050
9269
10337
10349
10869
10908
13133
14800
16356
16441
16484
16565
16614
17184
17404
17526
17569
19884
20824
20946
22624
23023
28909
28994
29598
30119
32371
32837
33067
33293
33823
34048
34130
34574
34681
34869
35962
36081
38974
40235
