1376
2121
2623
2692
4065
5245
5626
5931
7132
7724
8571
9312
10116
10568
10806
11654
13209
13381
14527
16111
16331
16840
17599
18109
18640
20168
20462
20505
20786
21470
21503
23346
25211
27100
27581
27953
31935
31936
31980
32672
34232
34554
36288
36789
39575
39684
40618
414
456
575
927
1446
1680
1832
2525
2641
3020
3088
4869
4922
5653
7150
7769
8382
9011
9639
10015
10805
12249
13300
13944
14887
15041
15873
16536
16776
17479
17526
17860
18309
19447
19481
19844
20148
20824
20966
21153
22488
22518
23474
23497
24219
24408
25638
25757
26276
26618
28936
29338
29940
30109
30171
32024
32371
34102
35962
36875
37503
37948
38908
39079
40327
40778
