743
2121
2504
2550
3207
3477
3870
4444
6040
6539
7132
7394
8194
8994
9770
12449
12702
13876
14376
15944
16316
18532
18841
18957
19407
20036
21344
21554
21679
21906
22040
22738
22781
23314
24475
25148
25569
26579
27861
28089
31270
32106
32190
32334
33254
35380
35420
35427
37811
38122
38565
39204
39747
39942
802
927
1531
1737
1832
2641
2877
3678
3778
3783
4224
4568
4869
7292
7315
7496
7543
7741
8382
8551
8699
8834
10062
10430
10564
11757
12236
15061
15784
15929
17189
17423
17466
18399
19091
19348
20930
22158
22392
22631
24091
26806
27042
29105
30026
30887
31487
32127
32169
32545
33354
34102
34332
34869
35862
36528
36851
37133
38868
