1662
1735
2801
3058
3288
3917
5379
7047
7817
8762
9413
12560
13876
15595
15944
16642
17523
18855
19214
20004
20078
21096
22781
24503
24861
24863
25353
26164
26656
26817
27326
27703
28160
28299
28435
28817
29607
31958
32025
32479
32820
33035
33254
33907
34126
35304
35986
36278
37986
38780
39055
39549
727
1001
1703
1864
1971
1996
2896
3950
4290
4455
5878
5988
8080
8102
8120
8175
9017
10998
11871
12472
12605
12853
13457
13767
14206
15538
15756
16504
17286
18496
19379
19411
19852
20148
20287
20671
20744
21475
21944
22731
24408
25156
25739
26738
27308
28289
29395
29649
30024
31625
32541
32690
33755
34681
36714
36884
37948
38001
38064
38967
39566
