493
743
1211
1214
2154
2692
2914
4004
4396
4588
6155
6491
7614
8692
10116
11110
11808
12730
12831
13729
18043
18416
18660
19202
20836
24013
25149
27068
27149
29158
31222
31438
33571
33939
34435
34853
35449
36504
36896
36931
37233
38090
38761
39204
39522
39650
40189
40779
530
727
1063
2053
2818
3593
4033
4098
4337
4548
4902
5124
6089
6617
7292
7565
7773
7979
8647
9011
11196
13457
16599
17124
17309
19481
20148
20826
21291
21467
21983
23150
23497
23715
24452
25207
25218
27142
27422
27580
28454
29024
29490
29649
29732
31163
31342
32268
32904
34574
35947
36564
36955
37373
37640
37654
37892
37948
37974
38536
38974
39809
39835
39887
40834
