1783
2786
5998
6969
7344
7533
7542
8074
10096
10261
11592
11624
12531
12770
12789
13209
13660
13714
13938
16820
16848
16999
17300
17540
18277
18947
20786
21019
21352
21367
21679
22787
25188
25586
26147
27861
29369
31969
32494
33859
34095
36084
36294
36519
37163
38295
38665
39760
39974
40390
40569
40734
26
594
1724
2641
3587
4290
4951
5118
5570
6219
6365
6749
7683
7901
8102
8779
8968
9013
11268
11629
12010
13214
13913
14378
14528
15826
15873
17398
18058
18174
18309
18634
18777
18961
19516
19714
19743
20966
21888
23474
24070
24445
24519
25082
25269
25441
26290
26722
27091
30063
30109
31672
32169
32662
34197
34849
35235
35263
35432
39437
39953
