417
1735
2071
3808
3993
5424
5520
6671
9238
10561
10699
11770
12761
14382
14833
16588
17247
18660
20524
21627
21679
22787
23400
24013
24190
24690
25550
26579
26674
27153
27605
28034
28626
29166
29607
30297
30306
30929
31291
32316
32650
33171
35297
35380
36455
36935
37739
38044
38669
39433
39945
40618
137
307
887
1531
3107
3456
3710
4328
4369
4485
5266
5903
5988
6268
6305
8365
8603
10789
11078
11564
12010
12327
13920
14824
15029
15061
16162
16165
16710
16776
17398
19368
19481
19988
20919
21091
21376
21475
24719
27698
30962
32035
32508
32746
32926
33288
34574
34762
34858
35142
35263
36081
37039
37329
38080
38868
39348
39566
39717
39776
40001
