1085
1158
2569
2929
4444
4469
6621
8762
10451
12148
12988
13136
13540
15944
15956
16946
17055
18268
18386
18660
21151
21859
24190
24882
25175
26036
26953
27740
27953
28299
29179
29442
29544
29872
30530
32479
32494
32922
33766
33828
34083
34323
35068
35427
35837
36811
37787
38406
38493
38751
39219
39313
39821
39963
286
605
1001
1160
1619
3020
3052
3062
3321
4951
5164
5878
6859
7901
7979
8276
9639
10908
10963
11713
11757
13374
14496
14887
15461
15923
16604
18385
19574
19884
20047
20256
20746
20919
21667
21827
21995
26362
26595
26963
29441
29598
29929
29940
30298
32746
33293
34799
34975
35623
35711
36316
36891
37352
37656
39155
39346
40515
40543
