1085
1376
2265
3768
4164
5120
6280
9003
10263
10699
11826
11874
12148
13600
14738
16393
16822
18508
18568
20462
20906
21352
22907
24317
25813
26074
26296
27328
27740
27937
29795
31090
31448
33106
34018
34234
34749
35335
35474
35684
35932
36247
36288
36455
37307
37986
38122
38608
39684
40215
537
2349
3783
3984
4033
4455
4620
4629
7408
7773
7867
8175
11524
11629
11912
12080
12703
13944
14031
14109
14252
14566
15115
16163
16613
17526
17864
17950
18399
19559
20023
20472
21667
22488
22984
23054
24008
24091
24769
25444
25715
25857
27142
27170
27673
29105
29235
29840
30173
30887
31693
32704
32714
35060
37169
37575
38458
38686
39566
39615
39810
40402
40764
