566
1158
1662
2100
2504
4191
4852
5869
6186
7091
7485
8235
13219
13381
15009
16316
17047
17523
17790
18329
18383
23084
23322
23500
23901
24374
24911
24923
24983
25921
26743
27094
27149
27757
28213
28264
28303
29158
29827
30333
30420
30935
30980
31738
31752
31969
32334
32758
33171
33297
33751
33877
33907
34554
34779
34853
36360
38608
39668
40376
82
468
821
2288
4492
4855
7875
7987
8761
9363
9698
10035
11175
12727
13708
13803
14335
14349
14824
15669
15923
16162
16613
17712
18582
18598
18932
19567
20671
21888
21995
22179
24893
25207
25444
26722
28792
29568
30770
31430
31944
33104
33350
33917
34447
36404
37892
37965
38001
38080
38679
39436
39741
