68
1277
1376
2906
3800
3859
4164
5836
6384
6491
7394
7614
8686
9413
10742
12751
13714
13853
14441
16222
16226
17372
17874
19026
19202
21352
22591
23120
24793
25875
25886
27100
27861
29345
30530
30692
30748
30773
31612
31935
33297
33900
34089
35148
35222
35358
35442
35684
35932
36911
38939
40659
226
631
821
3456
3624
3931
4917
6035
7035
7253
8452
8551
8647
9216
9639
10374
10641
11118
11138
11629
12094
12638
14426
14566
14828
14955
17398
17927
18028
18901
19411
19971
20472
20766
20806
21224
21759
21805
22590
23328
24647
26276
26290
27967
29024
29287
30521
32179
32371
32455
32855
33917
34332
35263
35732
35897
37185
37640
37654
38858
39155
