417
566
889
1025
1629
1899
2786
2902
3288
4162
6334
6860
7533
8074
8692
9356
10465
13362
13692
18109
18660
19754
19875
19889
20437
20481
20736
22157
22219
22411
22445
24707
25573
25613
25985
26191
27849
28626
30530
30581
30748
31572
32025
33751
34530
35281
35298
35420
35597
36152
37233
37462
38270
39650
39855
39940
26
130
1024
1063
1659
1888
2349
2350
2557
4098
5903
6268
7253
8420
8449
8473
9698
10174
10188
10763
11915
13107
14349
16491
16698
18174
19453
19628
20032
20905
21237
21623
21759
22198
22392
24985
25739
27472
27530
28155
28629
28967
31006
32474
32544
33780
34869
37133
37160
37317
37575
37948
38080
38228
39348
39381
39936
