758
1192
1870
6408
6791
7661
8692
10263
10699
12449
12845
13540
15009
15692
17957
20252
20324
20558
20906
23590
24619
24778
24863
25854
25875
26631
27389
27577
27583
27684
28728
28762
28916
30085
31320
32365
32862
33751
33844
34866
35684
36935
37115
38406
39703
39747
40817
2046
2094
2184
2349
2477
3964
4369
5266
5673
5713
6452
7647
8613
8834
9017
9602
9639
9819
11219
11506
12232
12236
12591
12703
13468
14521
14955
15041
15876
16910
18028
19501
19627
19643
19891
21663
22158
22816
23106
23316
23686
25444
26034
26299
26419
26618
26806
27247
28563
29540
29929
31680
32224
32455
33392
33703
34249
34289
35637
36316
37667
38064
38458
38679
39981
40149
