889
1192
2816
3214
3323
3416
3637
4142
5245
6155
6543
7288
7394
8935
9055
9333
10465
10521
11697
12045
12770
13136
14541
15745
16588
16901
18277
18313
18560
19026
19875
19985
20257
20541
20786
21345
23171
24497
25299
25369
26404
26695
27328
27822
28684
30826
31277
31396
31602
31605
31969
32762
34234
35442
35986
36278
36524
36866
39644
39945
39963
631
1893
3950
4954
5029
6300
6326
6922
7877
7950
8355
8611
8647
9400
10318
11017
11219
13603
14426
15929
16234
16613
18576
18916
19453
20256
21291
21450
21623
22291
22698
23786
24473
25517
26574
27142
27627
28514
31490
31627
32179
32237
33409
33780
34336
35235
35991
36331
37169
38033
38513
39185
