1939
4326
5341
5702
5836
6334
6361
6491
7817
8954
10226
10640
11269
11792
13415
13540
15771
16222
16393
17498
17980
18260
18560
19178
23826
24464
24983
25148
25188
26946
26980
27153
31167
32334
33338
34234
35335
36452
37011
38270
38494
38565
39204
39322
39522
39539
40263
601
770
1659
1832
2094
2746
3605
4951
5029
7741
8026
8761
9177
9424
9698
10487
11757
12094
13305
14252
14426
15041
15366
15756
15873
18257
18542
18857
19350
20256
20888
22590
22757
22803
23316
23786
25533
26303
27247
27627
27794
28678
28883
28994
29498
30010
30521
32024
32099
32662
32714
33703
34044
34336
34358
34735
34975
35046
35672
36542
36751
37047
37528
37926
38343
39437
