20
1735
2154
5507
5626
7583
7774
8133
8185
8576
8692
9003
9280
10640
11156
12089
12150
12274
14376
14547
15026
16543
17644
18561
19430
19889
21172
22723
22937
23102
24497
24503
25148
27561
27703
28495
29161
29170
30565
30753
31277
31296
31752
32143
32265
33338
36896
38406
38415
38653
39330
40218
142
293
414
1680
1888
2697
5029
5118
6089
6452
7315
10015
10487
11871
12037
12794
13048
13356
13457
13913
14146
14334
15714
15971
16441
16653
17025
17691
18385
18634
19284
19453
20332
20746
20754
20919
20972
21759
22697
23153
24509
25525
25843
25920
26146
26468
26538
27536
28289
29024
31205
31444
33061
33596
35562
35711
37562
37892
39810
40211
40235
