1631
4986
5869
8692
10139
10451
10633
11808
12831
13304
13714
13804
14115
16848
17181
17247
17552
17599
18503
19051
20791
20904
22932
23084
24006
24778
24891
24911
25040
26914
27389
27605
27740
28160
28486
28803
28867
28965
31448
31940
32905
33953
34234
34511
34554
36278
36519
36911
38406
38665
38669
39614
39747
40779
708
2350
2525
2808
3605
4140
4492
5511
5653
5818
7370
7413
7639
7979
8968
10035
10247
13386
13803
14390
17607
18971
19075
19984
20905
21593
22077
23006
23698
23715
24090
24208
24414
24706
25404
25525
25638
25683
26600
27536
27673
30311
30942
31006
32017
32691
32918
33225
33822
34799
35046
36615
38194
38228
38908
39775
40149
40312
40377
