1025
1192
1211
1783
2504
2919
6337
8576
10343
11269
12274
13110
13627
13800
14005
14341
15883
16222
16822
17058
17351
18043
18561
22595
23303
23598
24756
24911
25175
25697
26404
26656
28486
29317
29872
31116
32108
32109
34254
34291
34442
34554
35297
36524
37192
38090
40618
40734
368
727
1063
1506
1864
2477
3605
3708
3787
3984
4033
5591
5765
7536
8243
8413
8611
12485
13765
14521
14887
16491
17189
17569
18565
18566
19025
19884
20047
20378
20677
20754
20822
20826
21235
22099
22333
22345
23021
23054
24023
25403
27247
27257
27536
27616
27927
28454
28902
32017
32918
34137
35046
36751
37548
38193
38228
38409
39103
39161
39263
39603
40175
40688
40778
