240
1797
3637
5261
6552
6560
6682
7050
7830
8406
9361
11654
12148
12730
13088
14795
15106
15170
15603
17382
19430
19646
20152
20252
20343
21345
24125
24891
25299
25369
25569
26566
26656
26695
27190
27583
28587
28803
30101
30773
30785
32838
33124
33859
34530
34554
35380
35505
37970
40415
69
80
605
2184
2349
3708
3909
4485
5878
6087
6219
7294
7453
7551
7758
8377
8420
8485
9057
9424
10430
10564
10641
10708
12079
12591
13630
13768
14031
14955
15061
15826
16633
16910
19643
19811
19844
19971
20256
20806
20843
21982
22698
23328
23508
25977
26738
27096
27294
27673
30950
31060
31378
31444
32918
33054
37287
37405
37577
37926
39297
40402
40688
