493
1190
1192
1735
1838
4521
5245
5836
5869
6651
8571
8686
9869
9910
10680
10744
11792
13219
13627
13925
14357
15170
17223
17300
17661
18568
20002
20384
20752
22202
25381
26695
28086
28825
29275
30420
30826
32106
32316
32494
32763
33083
33271
34092
35281
36360
38053
40101
1271
1659
2349
2473
3206
4231
5765
6795
7292
7594
8008
9011
10015
10763
11524
11757
12079
12496
13107
14528
14800
14826
15061
15214
15342
16356
16604
17309
17927
18174
18961
20721
21623
21982
21983
22158
24205
24452
24522
25485
26276
26803
27142
27434
27536
27698
29338
31430
33054
33823
33917
34006
34523
34737
36003
36323
36331
36451
36994
37562
37832
39097
39646
40136
40834
