758
1115
1501
2240
3477
4199
5520
5892
6671
8260
8576
10263
10465
11156
11678
12436
12845
13447
14590
14608
17181
17300
18004
19019
19661
19664
20791
21341
21503
21859
22411
23385
23789
24374
24472
25337
25381
26674
27149
30246
32672
33338
36676
37635
38050
39313
39650
40425
25
137
293
338
517
537
605
2704
4132
4725
4869
5832
7453
7875
8064
9125
10349
12079
12794
13356
13385
13468
13808
14164
14207
15873
16441
16776
16980
17479
17863
17864
18566
19155
19368
19627
20032
20488
21136
21467
21603
21827
22831
23295
23334
23474
23508
24333
24740
25403
25444
26081
27323
27516
27694
30633
31682
31775
32895
33462
38193
38213
39097
39494
40702
