618
1542
2480
2801
4692
6543
7233
8406
8692
8858
8960
9143
9280
9312
10451
10629
10699
11808
12255
16543
17181
18509
19202
19565
20736
20769
20906
21096
23102
23303
24690
24756
24861
25516
26817
26861
27094
28169
28584
33795
34018
34435
35496
38565
38754
39367
40054
373
770
1129
1168
1605
2931
3446
4568
5166
7104
7877
8276
9639
9692
11524
12010
13468
14109
14206
14426
14521
15362
16136
16599
16980
17607
17668
18058
18385
18682
19567
20746
21667
21759
21888
21982
22089
22448
22958
23701
24208
24408
25218
25683
26146
27616
27627
28453
29422
29840
30010
30210
30447
30962
31091
31724
33354
33409
33755
33801
35708
35732
38193
40175
40312
40351
