417
2121
4618
4827
4938
6186
6491
6932
7996
8532
8632
8858
9143
9934
11943
11949
12761
12984
13088
13158
13800
14230
14341
16495
17203
18004
18389
19135
19794
20172
20419
21172
23120
25697
26395
26404
26540
28606
28709
28803
29158
29574
29795
30420
31222
33891
34866
35916
36099
36455
36962
38090
38295
38669
38909
40415
40635
978
2350
2461
2849
2896
3321
3578
4126
4568
5832
5839
6268
8611
8975
11402
12703
13435
15366
15714
16491
18028
18682
19228
19643
20702
21450
22158
22757
22940
23448
23965
25185
25517
26084
27042
27280
27323
29980
30024
30521
31352
32111
33054
33293
33825
34048
34447
34681
37047
37329
37548
37926
39348
40402
40617
40672
