1190
2071
5732
6569
7091
9333
9770
10742
12150
12531
12730
13600
13853
14590
15106
15531
15603
15771
16226
16909
17203
17749
18260
18426
18640
19565
20252
20346
20643
21627
22411
23317
23322
23346
23400
23598
24475
24503
25374
25516
25569
25854
25961
28584
28867
30707
30935
31116
32241
32672
33843
34254
35148
35257
36931
37758
37986
38565
38780
39539
39575
145
373
708
1129
2896
3746
4064
4098
4132
6060
6617
9478
9606
9698
10908
11951
12160
13768
14349
16578
16599
19292
20137
20248
20758
20843
22831
24519
24740
25944
26806
27018
27673
28241
28454
29221
29980
31490
31625
32237
35062
35349
37188
37352
37886
38212
38228
38967
39659
39717
40764
40783
