242
1939
4191
6408
6682
6860
8418
9361
10496
10509
10559
10590
11624
11792
12321
14590
16111
17676
18329
18492
19135
19754
20906
21151
21553
22219
22688
22787
22932
22937
23322
23537
24707
25647
27068
28027
28315
28525
29275
31602
31605
33813
34215
35506
36896
37233
37635
37878
38211
40390
1160
2450
2697
3783
4140
4656
4725
6326
6691
6749
7428
7639
7773
7982
8823
9374
9698
10708
10908
12498
13048
14031
14496
15081
16356
16926
17087
17385
17691
18284
19091
20888
21224
22631
22731
23021
23054
23150
23295
24445
24608
24647
25533
25843
26738
27954
28544
29185
29540
30518
30819
33188
34044
35349
35711
36884
37620
38674
39155
39494
39776
40235
40551
