177
240
758
1190
1228
2214
2522
2742
2906
3002
3310
3512
3607
3870
3998
4852
4938
5905
6334
7542
8446
8664
8960
9413
10699
11235
12419
12988
13088
13800
15956
17382
17427
17874
18176
18560
19302
20036
20257
20462
20926
21645
24013
24135
25037
25985
26164
27674
31338
32862
33171
34254
35932
38090
38493
39942
40569
40635
286
498
887
1690
1864
2720
2808
3388
3967
5653
6365
7049
7639
8276
11757
12080
13114
13808
14339
14422
14588
14793
15342
17863
18058
18777
19155
19228
19628
19852
20287
21438
21888
23153
23194
23285
25062
26299
27091
27536
27673
27967
29568
30173
30633
31430
32268
32926
33484
33703
36994
37317
39155
39494
40377
