743
1158
1799
2019
2848
3993
7472
10158
11792
13600
14225
15692
16822
17223
17749
18947
19051
20018
22738
23555
24317
25573
25586
26540
26656
27153
28299
28825
29442
29528
29673
31438
31605
32143
32190
32922
33035
33106
33124
35506
35554
35916
36247
36278
36520
37758
38002
38270
39977
80
373
631
770
1724
1996
2344
2707
2983
3020
3932
6592
7280
7370
8175
8767
8803
9363
10318
11504
12037
12048
12236
13603
14119
14335
16057
16441
16565
17441
17712
17899
18682
19140
20843
22077
22958
25062
25910
25944
27042
27043
27616
28597
29024
29568
30691
30843
31682
32474
32691
32704
32726
32976
33308
33354
34523
35672
35967
37373
37886
39079
39626
40617
