2758
2902
3795
4032
5425
5747
8000
8664
8954
10633
11653
11943
12984
13461
13800
17658
18423
18923
22104
26296
26861
27605
27751
29671
29795
29872
30929
31380
33254
33828
33939
34291
34511
35181
36360
37462
37479
37739
38121
38359
38476
38653
39192
39322
39614
40310
40711
29
605
1832
2046
2700
4917
4922
5903
6353
7049
7310
7832
9303
10035
11163
12232
13480
13902
13920
14109
15342
15550
16578
18857
19844
19988
20722
20930
21108
21207
22487
22816
22958
23173
24091
25757
25920
26468
26574
27660
27935
29287
29395
31163
31510
32179
32702
33350
34130
34358
35077
35136
36430
36472
36528
36806
37301
37620
38674
38974
39185
40327
40377
40560
40567
40688
