3058
3194
4444
7132
8994
10521
13677
15106
17181
18133
18268
19909
20541
20926
21645
23317
24222
24707
24891
25369
25397
25889
26074
26338
27046
27190
27674
28303
28435
28665
28709
29166
29369
29671
30530
30748
30785
31374
31448
31779
31821
31980
32902
34435
34933
36676
38415
39927
40831
137
373
537
927
1670
1996
2808
3088
3388
4033
5511
5673
6440
6922
7647
8175
9011
10763
11915
13721
13956
14146
14528
14834
16165
16504
17189
17257
17345
17479
18226
20943
21805
21951
22537
22903
22984
24090
25156
25797
26209
27096
27329
27694
27927
28155
29422
29840
30942
31718
32127
33054
33130
34010
35062
35656
36003
37965
38080
38213
38582
39161
39440
39955
