20
490
1025
2906
2978
3323
3512
5245
6014
7134
7724
7817
8133
8235
8571
9143
9312
10744
12130
13543
15026
16519
16840
17453
17957
19565
20384
20786
20856
21119
21640
22040
22928
23303
23537
24619
24911
25516
28525
28665
29486
29574
30748
31317
31760
31935
34291
34406
36520
36785
37307
37847
38050
38069
38295
39099
39977
40054
29
1724
3399
4455
5878
6268
6353
6788
7049
7437
9974
10998
11506
12794
13173
13803
13902
14146
14335
14378
16653
18284
18734
18932
18990
19284
21136
21805
23153
23786
24445
25218
25378
25683
27128
27144
27257
27794
28909
28994
30819
31570
32224
33696
33755
35345
35349
36690
37018
38195
39161
39775
39810
40155
40702
