177
2851
2978
3058
3214
3607
3808
3856
6217
6539
6671
6847
6851
7288
7533
11949
12679
13072
13209
14225
16331
17453
17866
18181
18560
19565
19765
23322
26817
26861
27114
28486
28581
30112
30748
30863
31935
33535
33648
34114
37214
37522
38886
39644
39747
69
284
770
2473
4710
5332
6268
6467
6788
7294
7875
7942
7950
7979
8413
8551
8779
10799
10908
12485
12496
13603
13768
13944
14335
16926
16934
17398
17479
17860
19368
20023
20472
20669
21171
21207
21827
22392
22487
22720
24023
24458
25304
25441
25485
27043
27434
28514
28967
29490
29638
30526
30942
31510
32017
32362
33913
34336
35107
35991
36647
37258
37948
38212
38998
39437
39799
40351
