240
1085
1192
3768
4938
5379
6971
7015
7047
8446
8935
9055
9312
9413
9770
10742
12130
13853
13938
14441
14936
16543
16840
17013
17223
17957
18007
18508
18561
18923
19754
19909
20904
21906
22104
22511
22787
23354
24497
24619
25037
25353
29774
30246
31738
31969
32106
33843
34018
34853
34866
36916
38426
39330
39549
660
821
2431
2707
3587
3932
4524
4656
4902
6788
7104
7294
7760
9338
10799
11905
12094
12114
12703
13708
14164
14496
14824
14828
15923
16934
17025
17042
17569
18682
18916
19075
19172
19379
20919
21438
21995
22655
25494
25834
26303
27018
27096
28243
28932
28936
29942
30235
31163
32362
32976
33061
34102
34447
35046
36690
38408
39035
