20
2240
2569
2711
2919
3795
3827
4827
6280
6408
6503
7572
7774
7897
7912
8133
9143
10680
12150
12419
12845
12897
13415
13497
13616
14376
15026
15106
15936
18054
18902
18947
19135
19407
20002
20421
21019
21367
22787
23092
24464
26674
27156
27328
27671
31270
31357
31374
32267
33813
34018
36455
37233
37307
38002
38115
39192
39433
307
1168
1344
2344
2726
3446
3950
4855
5926
6087
6305
7453
7647
7758
8968
9216
10763
11138
12080
12605
12638
12654
14595
14826
15029
16042
16565
16696
17184
17309
17607
18901
19481
19500
19988
20248
20930
23194
27516
28834
28909
29732
31483
31625
32179
32541
32702
34185
34447
34704
34735
37229
38194
39603
40327
