1158
1190
1221
1662
2254
2860
2872
2901
4342
4852
4913
5243
5263
5507
5628
5816
7724
8446
8762
9910
10806
11299
11808
12789
13853
14833
15926
17181
17276
17498
17874
18129
18133
18260
18492
19980
20036
20769
20836
20856
22662
24125
24222
24756
25148
27418
27972
28266
29872
30101
31777
31980
34835
35442
35916
36935
37165
38211
38585
38761
39685
40215
284
373
887
1680
1724
2754
2983
3987
4503
4518
4725
4855
5753
5878
6300
6964
7035
7773
8080
8611
9346
9839
10188
12472
13786
14834
15067
18170
19628
20256
20746
20766
20806
22803
23701
25269
25683
26299
27323
29024
29114
29375
29840
32224
32544
34694
34799
35732
36564
37018
38372
