78
1211
1799
2504
2816
2848
3998
4521
4859
5802
6569
6791
7533
8406
9003
10214
12531
13304
14547
15771
16478
17247
18277
18329
18383
18902
19202
20252
20473
21624
22444
22445
22591
25037
25550
25573
25697
25809
26914
26980
28525
28825
28951
29179
30101
30565
30645
31396
32109
32758
33844
34933
35799
37739
38174
38669
39640
39685
1129
1271
3052
4098
4337
5653
6035
8120
9606
10188
10564
11163
11453
14143
14426
17385
18174
18565
18945
20023
20721
20806
20824
20888
21376
21827
23285
25857
26538
26947
27042
27422
27580
27935
28883
29402
31091
31444
32127
32691
32710
32895
33054
33392
34185
34197
35967
36430
37577
37640
38372
38458
39672
39799
39924
