566
1025
1372
2346
2742
2902
4618
5120
5424
5701
5802
6361
6969
7015
7912
7968
8033
8759
13545
13634
14005
16316
17300
17427
17980
20791
20855
21679
21834
22595
23171
24317
24793
24983
25037
27149
28608
28728
30101
30246
31317
31748
33535
33877
34323
34414
34749
35684
40635
368
887
2350
2808
2849
3737
3783
3964
4987
5039
6326
6723
6749
7150
7809
8243
8413
8819
9216
10003
10374
11240
11652
11905
12317
12543
12654
13300
13480
13708
15342
15971
16042
16963
17286
17423
17668
17712
17851
18575
19743
20256
21623
21805
22089
22177
22179
22631
23023
23715
23786
24769
27616
27927
29940
31378
32474
32541
34762
35136
36404
36535
36729
38343
