242
1501
2711
2901
3381
3607
4852
8446
8935
11537
12045
12751
13219
13627
13660
13761
14382
14441
15692
15944
16675
18007
18423
18441
18476
19178
19302
20541
20791
20855
21345
22781
22913
23826
24472
24690
27046
27068
27849
28788
29442
30863
32072
32905
33051
34083
34442
34530
35684
36452
37787
38053
38584
40425
40492
505
601
802
1690
1736
2349
3206
3865
4369
6381
7496
8485
9050
11405
12480
13050
14521
14566
15041
16162
17189
17441
17526
17860
19368
21091
21235
21513
22940
23497
24608
26646
26803
26806
31060
31342
31718
32169
32371
32474
33308
33392
33703
34006
34538
34735
35060
35332
35667
35991
36528
36535
37562
37892
38998
39799
40377
40567
