1999
2816
2906
2978
3512
6552
6851
8438
8686
11678
13110
13677
14936
15603
15692
16918
17223
18323
18492
19045
19213
19302
20113
20437
20473
20904
21019
24756
25040
25641
25789
26579
26878
28728
28924
29275
30671
30808
31296
31374
33843
36785
37787
37970
38053
38751
39567
39821
40618
69
284
2931
2950
3045
3062
3931
4064
4464
5926
6723
7832
8064
8452
8922
9819
10255
10763
11138
11219
11951
12337
12404
13480
13493
13708
14109
14528
14802
16698
17441
18961
19971
20333
21450
22720
22940
23021
24205
24985
27018
27144
27967
28522
28883
30770
32111
33308
33913
34332
35708
36331
36647
37047
37620
38195
38816
39097
39603
39659
39809
39835
39967
40551
