317
490
1211
1228
1999
2254
4191
5120
7288
8935
10496
10742
12274
13798
15072
15883
16383
16509
17418
17790
18902
19664
20152
20361
20524
20752
20855
20904
21553
21554
22706
22913
24840
24903
25299
25353
25854
26253
26980
28034
28525
28608
29544
31090
31602
31779
32672
32758
33795
34414
35837
35986
36524
36946
37011
37479
37522
37826
37970
38476
40215
80
368
937
2707
2931
3388
4627
5118
5673
5999
6353
6723
7536
10708
10763
11871
12037
12247
13049
13920
14595
14793
14826
15756
17712
17927
18971
20137
20578
20722
21295
21450
22283
22655
27247
27280
29494
30298
30533
31944
32690
33350
34332
34849
35345
35623
36714
37528
37832
38228
40402
40567
