2860
3194
3416
4065
4692
6373
6824
7817
8858
8994
9545
11513
12089
12255
13540
16111
17223
17599
18133
18416
19980
20152
21119
21906
22204
22662
23346
23826
23898
24331
25613
25661
27326
27757
27937
28169
28495
32494
32905
34095
34232
34779
35335
35442
35506
36931
37307
37601
38270
38282
38476
40365
40415
2046
2461
2808
2877
2960
2983
3746
4922
5029
7035
8803
9374
9554
9898
10334
11268
11757
13050
13107
13307
13672
14961
16057
16934
17345
17691
18598
19091
19140
20256
20669
20702
20822
20930
21358
24322
24522
24740
25321
25378
26047
26538
26646
28454
28544
28909
30762
30819
32926
33392
34048
35077
35314
36071
36081
36615
37405
38974
40235
40688
