493
1190
2240
2623
3998
4913
5348
5500
6282
6569
6682
7233
7661
7774
7817
9536
10465
11770
12560
12831
16222
16226
16495
17382
18277
18329
18568
19504
19667
20078
20505
20674
20856
22269
22781
23317
25550
25809
26043
27100
27684
27811
28951
29872
29921
31222
31320
32479
32494
35181
35978
36154
37635
38050
38754
38909
39503
39747
39945
40310
40618
1581
1996
3045
3446
3678
4620
4917
5039
5673
5756
5926
7035
7942
8803
10015
10062
10255
10846
11318
12113
14252
15437
16633
18174
20766
21663
21951
21982
22310
22624
22831
24090
24333
25304
25525
25910
25977
27182
27294
28678
29840
30493
31430
32702
33188
34197
34284
34737
35862
36994
38033
39924
