566
1025
2140
2265
3856
4191
4342
6282
6491
6514
7134
7542
7908
7912
8860
11299
13110
13158
13714
14527
16509
16909
16946
18133
18277
18323
18723
19019
20138
20904
22612
22787
24006
24135
26695
27888
27972
28867
29673
29872
30645
31738
32106
32763
37601
38090
38270
39940
40618
40642
293
368
1168
2461
2720
3020
4417
4464
4855
5878
7226
7310
7623
8355
8975
9839
9983
10374
10822
10869
12480
12498
14955
15971
16162
18576
19981
20744
21207
21951
22179
22333
22549
22757
22782
22902
22940
23328
23448
24608
24616
25152
25269
25843
26276
27472
28597
29967
30518
31404
31987
33596
34010
35332
35656
36546
36978
37188
37301
38673
38679
39626
39917
