362
3917
7614
9055
9580
10451
10496
11235
12431
12449
13149
13441
13714
17047
17418
17749
17790
18416
19729
19765
20002
20324
20736
20791
21210
21624
22781
23901
23939
24840
25331
25647
26147
26566
26695
29673
29774
29795
31396
32752
32758
33124
34853
35358
36294
36519
37009
39433
39821
40602
82
770
1001
1703
1808
1996
2053
3446
4290
4620
5118
5971
6219
7536
7551
8243
8968
10349
10763
10799
11210
11356
12247
13493
13808
16057
16484
17385
17899
18123
18542
18932
22206
22392
22697
24070
24091
26006
27144
27170
27280
27472
27967
28200
29024
29422
29540
33288
34538
34869
35947
37258
37926
37948
37965
38228
38868
38974
39263
39615
39672
40136
40551
