1085
2786
2860
2906
4588
5261
5424
6334
7091
7908
8185
8935
9143
9391
9869
12897
13136
13925
15601
15692
15883
16339
18660
18933
18957
19214
19407
19504
19667
19985
19994
20257
21068
22040
23254
23590
24006
24751
25647
28086
29161
32334
33083
34114
34442
34715
35442
35754
37128
37192
37307
37462
38056
38608
39703
39977
287
802
1500
1619
1659
1737
2184
2931
3678
3708
3737
4620
4951
6949
7269
8699
9013
9216
10708
10822
14828
15061
15437
15576
17025
17184
17345
17404
18257
18496
18945
18990
19443
19811
19971
23701
24333
24893
26362
26600
27698
28967
29494
30843
31693
32691
32710
32918
33481
34137
34284
34303
35432
36535
36564
37832
39566
