1376
1870
2569
3002
5836
6408
6539
8235
8692
9545
9869
10509
10640
10806
12450
14991
15594
15883
16316
17552
17790
18508
18902
18933
19178
19302
19407
19504
20372
20473
21344
22104
24472
25641
25661
25985
26566
26953
27094
27256
27849
28626
28700
30313
30826
31277
31752
32265
32937
33083
33124
33471
33535
34126
34232
36294
36866
38053
38415
39453
40480
25
1888
3321
3812
3950
4855
5039
5753
6060
6089
6723
7543
7773
8413
8716
9125
9177
10564
10708
11078
11504
11713
12480
12543
13300
13386
15061
17461
18777
19228
20831
24090
24445
25073
25977
28994
30047
30533
31444
31552
31614
31627
32362
33596
33917
35027
38674
39079
39436
39494
39776
40175
