2121
4502
5261
6860
10561
12130
12148
12419
13871
14376
14738
15944
16509
17498
17790
18133
19135
20036
21096
21210
24013
24805
25299
26074
27156
27684
28034
28336
28584
30436
31320
31338
31738
31940
31980
32743
33648
34018
34083
36337
36676
36785
36862
37009
38359
38635
39549
39940
40779
414
1063
1971
3678
3865
5673
5926
6788
7769
7982
8087
8402
9698
11138
11240
11318
11356
11524
11951
13148
13374
13768
13956
14422
15061
16330
16871
16926
17286
18634
18990
19501
20824
20972
21224
21376
21827
22487
23448
23474
23701
23715
23965
25944
26806
27308
29494
30063
30942
32179
32702
32876
33481
33823
34336
34523
34704
36003
37405
37577
38195
38582
39775
40327
