618
891
2106
2214
4298
6514
8438
9391
10263
12680
13149
13958
15170
17790
18176
18181
18503
19754
20836
22040
22781
24475
24911
24923
28788
30808
30935
31317
31935
32650
33083
33877
34092
34323
35505
35652
35754
36946
37214
39575
40054
40263
26
80
167
498
3045
4548
5266
5673
5971
6087
6877
7253
7437
7781
8382
8420
8767
8803
9269
10247
10430
11138
11210
11453
12480
13767
15362
15576
16054
16163
16408
16536
16696
16910
17899
18566
18598
19155
19574
19687
20450
20754
20922
21136
21623
22077
23148
23150
27128
27616
27794
28222
28909
29338
29980
30887
30942
30962
32066
32714
34644
35107
35967
37039
37405
37904
37926
38816
39436
39626
40551
