891
1357
1999
2711
2742
4142
4326
5243
6363
6969
7062
8000
10465
10521
11156
11297
12089
12274
12770
12831
13634
14182
14418
16509
16833
17427
18004
18460
18743
19214
19302
19407
19565
19680
20343
20524
20674
21627
21713
22883
23254
26296
30530
30565
31572
32106
33035
33083
34092
35148
35420
36862
38585
39099
39192
40101
40390
130
391
887
1024
2229
2925
3073
4503
4987
5029
5332
6795
6877
7310
8008
8175
8613
9338
11163
12232
13048
13374
14422
15410
15437
16136
17042
17459
18170
18226
18985
19091
19628
21156
21982
22392
23023
25062
25525
27043
31487
32837
33004
33409
33823
36546
38674
38686
38908
39097
39495
39659
40211
40312
40683
40688
