1939
2106
5425
5931
6682
6932
7062
7485
8438
8692
11624
13415
13876
15106
15944
16316
17276
17676
18508
19026
19214
19680
20437
20836
20856
21344
22781
23102
23385
23826
24495
25188
25697
26631
26953
27100
28336
28606
28951
29774
31748
32064
33171
33271
33766
34114
34254
34406
35554
36916
37165
37307
37688
38121
38886
40189
26
517
537
1344
1670
2557
2707
3088
3469
3710
3950
3967
4231
7150
7565
7781
7867
9177
9374
9606
10611
11240
12591
13465
14566
15714
16136
16599
16864
18734
18901
19501
19567
20137
22283
22518
23054
23316
23497
24740
25638
25797
26419
27434
27673
27935
28243
30024
30493
30770
33058
33823
33917
38673
38674
39348
39917
