1214
1346
1792
1799
1939
2550
4618
5263
5702
6914
7134
7344
7724
8571
8756
9910
10529
10590
10629
10655
10678
11808
13876
13958
16946
18054
18313
19178
19664
21079
22219
23322
23500
24374
24472
24751
25354
26966
27149
27561
27671
28704
28924
29143
29544
29671
31752
32650
33254
33510
35252
36896
37163
37522
37986
38746
38939
39313
39640
39685
39855
40189
40376
373
1271
1605
1680
2184
2461
2877
3678
4290
4902
5166
6381
7310
7809
8102
9424
9698
10062
10374
11405
12905
15914
15923
16926
17345
18582
19844
20047
20256
22549
23194
24519
25466
26532
27627
28241
29498
29589
30026
30691
30962
32662
33913
34644
34681
35062
37018
37329
38674
39035
