362
1140
1797
2711
2872
4199
5701
6671
8185
11697
11949
12276
12419
12560
14005
14182
14541
15745
16339
16383
16840
16999
17540
17874
19158
19178
19430
19695
21341
23346
24903
25059
26540
28027
28034
28213
28803
28965
30863
32072
33338
33900
33907
36298
36452
36520
37192
38090
38122
39334
39367
39522
39963
978
1299
2931
4126
4802
5460
6300
7280
7505
7982
8442
8452
8968
9363
9725
10349
11356
12703
13457
13966
14143
14335
14800
15576
16536
17398
17459
18399
18634
18857
19140
19398
19984
20758
21690
21951
22487
22488
23150
24719
25494
25843
25944
27257
27280
27794
29638
31682
32895
32976
33823
33983
35060
37169
37258
37640
38582
39810
40175
40702
