1783
2480
2929
3194
3856
4859
5424
6671
7774
9361
10655
13497
13531
13871
14738
15009
18268
18441
18743
18902
19980
20138
20361
20608
22040
22883
23400
23789
25886
26566
26861
28495
31862
31940
34215
35377
35652
35799
35986
36360
37336
37847
37878
38044
39192
39471
2046
3587
4231
4464
5255
6949
7428
7979
8299
9216
9606
10963
11223
11356
12485
12750
13768
13944
14334
14955
15876
16356
17189
17398
18028
18792
19025
19844
19852
20148
20332
20578
20943
22198
22206
22518
22655
23106
24473
24719
25062
25466
26419
27096
28290
28453
30447
31134
31693
32035
32179
32287
32690
33481
34975
35214
35349
35656
36615
36729
37047
37133
37548
38980
40190
40377
40515
