68
1783
2786
5816
7288
8000
8632
8935
10139
10214
10678
12980
13692
13876
14738
14874
15745
15926
16848
17498
18640
19158
19178
19889
20372
21068
21834
22400
22411
22883
23120
23898
24374
24751
26914
26966
28027
29143
29309
30028
30283
34442
35358
35652
36084
38282
38476
39313
39855
26
80
2094
2288
2344
2349
3321
5166
5765
6087
6452
6617
7437
7543
8064
8175
8413
8452
9338
10799
10846
10998
11472
11629
12426
12498
13107
13386
13944
14164
16504
16696
17423
18309
18792
18857
19350
20232
20248
21603
22720
22816
23497
24458
25444
25494
26084
26937
27992
28544
30063
30819
31254
31381
31718
32127
33104
34523
35136
35939
36451
36851
38213
39967
