1192
2214
2480
2703
2786
2816
2978
3993
5892
7724
9391
9869
11394
12789
13540
13798
18855
19178
20736
21096
21345
21679
22219
22723
24497
25381
25809
25854
27937
29025
31374
31958
33571
33859
35916
37841
38295
38406
38476
38493
39453
39471
40215
40310
498
1024
1168
1292
2726
3045
3909
3964
4033
4802
4902
5570
7437
8377
9587
9602
10255
10819
11472
11504
12079
12638
13374
13920
14887
16203
17461
18170
18496
19172
19352
19447
20702
20831
20930
22099
22550
22590
22903
23698
24458
24769
25533
26006
27710
28081
28200
28289
28994
29235
29598
29649
31378
32704
33104
34336
36316
36404
36994
37047
37974
38033
38749
39079
39626
39776
40258
40763
40808
