417
2848
3452
4396
4444
5869
6860
7614
8756
8946
8960
9356
9580
10568
11654
12436
13136
13798
13853
15601
16848
17644
18176
18503
19051
19754
20002
20361
20384
21640
23590
24475
24707
25299
25354
25369
25550
25569
26395
26674
27334
27953
28704
29520
30087
30707
32040
32784
33859
34511
35068
35304
35554
36298
36360
36789
37336
37986
38122
38584
39945
307
1724
2473
2525
3107
3678
4337
5164
7049
8452
11268
11912
12914
14528
16162
16565
17864
18916
19228
19398
20930
21603
22206
22392
22831
25910
26595
27182
27294
27516
27710
28837
28883
28902
30311
30493
31163
31614
32268
32512
33067
33288
33298
34048
34681
34799
35349
35562
36277
37750
38213
40763
