242
889
1192
2550
2569
4284
5424
6503
8007
9238
9356
9361
11486
11697
13072
13925
14182
14241
16820
17352
18176
18947
20693
20752
21079
21172
22204
22354
23385
24374
26631
26656
27122
28260
28315
28435
28495
28581
30420
31277
31936
34095
34442
35427
35799
36337
36383
36504
36923
37522
37635
38584
40602
40618
80
130
287
530
1605
1736
2818
3469
3587
3624
3964
4627
4892
6381
7253
8485
8716
8834
9013
10564
11240
11506
12094
13148
13173
15873
16698
17927
18170
18734
19155
19500
20578
20702
20946
21995
22345
23455
24524
25378
26419
29114
29940
30691
31627
32371
34069
34289
34975
35062
36323
36729
37122
37153
37169
38193
39155
39495
40764
