242
1140
1629
2623
2786
2919
6384
6503
7233
8438
8762
9580
10158
10655
11653
11770
13304
13531
13761
13800
14418
15936
17203
19158
19387
20324
20524
21645
24707
25586
28315
28525
29345
30657
30980
31935
32025
32106
32475
33471
33900
34391
34853
37336
37522
37970
2849
4951
5039
5595
5988
6035
7253
7505
8426
9839
12232
12247
13048
13049
13468
13480
13966
14378
15041
17495
18058
18174
18284
18792
19884
20047
20332
20677
20831
22179
22487
23106
23334
24616
25488
25494
26526
27018
27128
27196
27710
28200
29343
29375
29395
30942
31378
31487
31570
33696
33913
33917
34694
35897
36528
38033
38064
38998
39440
39775
39810
40175
40211
40377
40515
40683
40783
