493
1783
1838
2801
4191
4692
4827
6282
7132
8077
8860
9536
9910
10263
12052
13158
14527
15595
16840
17661
18841
18923
19430
19504
19765
20138
20462
20693
21172
22907
23385
24125
24690
24903
25381
26966
27190
29170
30935
31779
32106
32109
32265
32763
33035
33813
33877
35496
36099
36452
37878
37970
39192
39522
39703
29
1344
1737
2094
2349
2877
3678
4064
4876
6353
7505
9797
10174
10487
10488
10789
11163
11652
12037
12337
12703
13300
13307
13854
14143
14955
15061
15623
16613
17025
17712
18971
19348
21136
21572
21827
22099
23021
23497
26827
27697
28902
29235
30026
30235
30298
31107
31254
31487
32976
33409
33822
34574
38080
38816
39155
39603
40235
