758
2087
2154
2346
3310
4199
5341
6217
6408
8133
8954
10561
11949
12255
12274
12831
17300
17676
17980
18260
18441
18460
19980
20113
22706
22781
23385
24317
24844
25397
26540
27256
27888
28584
29528
30028
30238
31270
31602
31862
31936
32922
33171
33739
34083
34114
35335
35496
36280
36504
37115
38090
38669
38702
38909
40602
40659
40854
80
660
2849
3062
4064
4098
4337
4922
8377
8613
9338
9839
10015
10247
12114
13050
13133
13356
13374
14465
14793
15048
16163
16484
16710
17189
17385
17441
17466
18792
19170
19348
19811
20671
21224
22333
22803
25466
25494
26895
27308
27516
27794
28222
30926
32035
32224
33801
35027
37329
38064
38409
39741
40136
40702
