78
240
549
618
1542
1999
4053
6280
7132
8860
9356
10071
10096
10261
10603
11624
12150
12831
13219
13692
13853
13925
15692
17300
18109
18441
18561
19504
20524
21151
21345
21640
23590
25353
25697
26286
26579
26878
27581
27671
29161
29170
30085
30808
33171
34114
35754
37045
37688
37739
38494
39453
40218
456
537
887
3088
3299
5039
6365
7822
8076
8102
8175
8647
9216
9974
10380
10523
11138
11163
12114
13468
13944
14294
15048
15784
15929
16042
17526
17607
18990
19453
19628
20702
20905
22757
22782
23508
23686
25466
26595
27627
29114
31254
32099
32237
32976
33917
34185
36003
36542
36566
36891
36978
37002
37160
37548
37575
38582
39440
40136
40258
