68
242
417
566
1140
2906
4053
4164
4342
8194
9869
10096
10655
11235
12089
12679
13209
13545
13938
14376
15936
16222
16393
17058
17523
17980
18032
18325
18476
20769
22444
22591
22636
23120
23898
23939
24125
24882
25647
26223
28916
30370
31079
31090
31612
31777
32072
33139
35496
38050
39747
40268
40390
82
594
770
783
1659
2557
3036
3812
4518
4710
4869
5266
7310
7505
7551
7647
7877
8823
9338
11402
11506
13356
14119
14390
14588
15041
15714
16633
18020
18566
19567
19687
20148
20671
20721
22816
22940
23497
24091
24414
25403
25857
26738
26857
26937
27294
31134
31381
32024
32541
33058
34289
35314
36277
36893
37667
37948
38868
39161
39717
