20
1683
1783
2919
3477
3795
4522
4852
6560
7134
8942
10496
11943
12680
12831
13798
13938
14376
15170
15692
16226
16383
18329
19729
19839
20078
20346
21345
21624
22688
23317
23500
24882
25040
25641
30657
31291
32743
33859
33939
34030
34779
36154
36288
38653
38669
39614
40215
40582
40854
167
2094
2184
2877
3073
5756
5785
6617
7741
7781
7982
8243
8613
9852
11078
12010
12426
13300
13386
13765
14802
15041
15427
16871
17124
17863
18174
18565
18566
18777
19172
19710
20822
21295
21467
21593
22099
23021
23316
23334
23698
24205
25404
25466
26006
26600
28081
28522
30526
30770
31006
31724
32710
33822
34762
34799
36891
36955
37229
37548
37750
40001
40190
