242
2254
2901
3808
4692
8000
8686
8762
8935
9003
9238
10590
13158
14182
14382
16478
16820
17181
17223
17599
17801
18043
18508
19387
19565
19646
19870
20608
21341
22937
24135
24472
25647
26223
26980
27100
27888
29309
29872
30101
30935
31612
33254
34095
34779
35377
35916
36662
36962
37307
37758
38754
39453
40734
25
517
601
802
1024
2461
2877
2950
6326
7049
7370
7683
7758
8026
8276
8382
8452
8685
8779
9616
9698
9852
10641
10819
11905
12317
13808
13981
14828
15214
16330
16963
17526
19447
19453
19838
19984
20256
21136
22631
22903
23328
25073
25485
25843
26895
27992
28629
28967
29494
31614
32726
34858
35060
35711
38686
38998
39263
40351
