1115
1629
2569
3058
4142
4162
4164
5424
7542
7968
8762
9280
9934
10263
12089
12702
12715
14547
16833
17980
18313
18561
19026
19565
19664
20018
22157
22269
22723
23695
24222
24923
25175
25669
25921
26656
26817
27122
28086
28626
28951
30313
30333
31396
31605
31612
32241
34933
35257
39330
39567
39927
40734
145
468
727
770
1703
2931
4064
4725
4902
5164
5902
5988
8449
8685
9216
10708
11524
12232
12496
12591
13765
15081
16613
16633
17025
17346
17899
18226
21295
22077
22831
23328
23334
23448
23463
26806
27144
27935
28096
28222
28241
31487
31625
32224
32926
33130
33392
33703
34185
34538
34762
34858
35562
35732
37620
37886
38001
38980
39646
39835
