493
549
1372
1799
5341
6621
6860
7533
8960
8994
10559
11537
11874
12715
13304
13497
14608
14874
15106
18043
18109
18532
19641
20674
21859
23171
24464
24619
24805
24911
24983
25886
25921
25961
26914
27100
27114
27684
28303
29872
31602
31935
33571
33670
33795
35652
36520
37635
38270
38780
40635
537
631
1168
1690
2344
2818
3036
3088
3107
3299
3931
3950
6300
7226
7428
7453
7950
8299
9125
9216
10564
10641
11915
12485
13305
14953
16165
16776
17257
17423
18565
18777
19567
19574
21983
22089
23455
23508
23701
23844
24509
24519
25152
26937
27142
27673
28936
30950
30962
31060
31195
31724
35107
36528
37133
37153
37352
38343
39346
39494
40211
40377
