1025
1140
1211
2121
2214
2504
2550
2711
2919
3071
3536
5348
7572
7908
8235
8418
10699
11635
12449
12679
13149
14382
15026
15926
16822
18383
18423
19407
20036
20384
20558
23120
25188
26296
27046
27190
27389
28803
28924
31277
31629
32108
33022
33338
33707
33939
34779
34933
35986
36247
36280
36519
38115
39313
130
468
1292
1724
2720
2950
3446
3578
3593
3787
5460
6877
7832
8175
8761
9017
9438
9692
10523
11506
12404
13435
13480
13854
14793
14824
16710
18226
19348
20423
22099
22655
23194
23715
25466
25494
25528
26288
27694
28883
29024
29568
29589
30023
31378
31552
31693
33780
33823
34249
35263
36498
36564
37654
37832
39346
39775
39809
40551
