356
490
1542
2801
3381
4162
4284
5520
5702
6280
7542
8532
11624
11943
12089
13800
13853
13938
15594
16393
16543
16901
17203
17427
18007
18383
19158
19646
19889
20078
22972
23254
23314
23996
24707
25086
25656
27561
27672
28626
29921
30657
31319
31940
32143
32241
32365
32784
33035
33106
36280
36455
36866
36931
38665
38751
40854
1680
4328
4503
4987
5029
5595
5753
5903
6749
7275
7565
7758
8420
8551
11402
11564
14828
15756
15826
17184
18174
19443
19628
20023
20488
21237
21593
21983
22549
23148
23448
24322
25466
26276
27294
27323
27396
27616
27697
27927
28902
28909
29732
32066
34048
34102
34975
35349
35656
35667
36533
37185
37965
37974
39155
39440
