317
811
2071
2106
2265
2742
2786
4326
6007
6671
6851
8438
10214
10226
11235
11697
12845
13204
13798
14005
15692
17498
18492
18561
19158
19729
19765
19794
20786
23120
24495
24861
24882
26953
27122
27972
28237
28303
28584
29025
29442
31291
32241
33953
35148
35257
35474
36931
37462
37479
37847
37970
38044
38069
38702
38780
38909
39963
40390
284
338
727
1506
2697
6906
7315
7979
8603
12079
12905
13630
13803
14588
15048
15362
15545
17441
17466
18566
21450
22177
22816
24208
24458
24541
24608
25683
26006
26618
27422
27472
28155
28222
28454
30533
31163
31533
32268
32837
33061
33354
33780
34105
34735
36071
37047
37577
37620
37892
38214
38749
38816
39776
