789
1214
1797
2346
2703
2816
4053
5245
6384
8406
8532
8860
9910
10116
10603
11242
12052
12679
12680
13497
13800
15883
16478
16820
17105
17352
18268
19135
19765
21553
22636
23120
24190
24690
25211
25789
26323
27100
27811
28608
30085
30530
30753
30863
32267
32334
32758
33843
33844
34092
34095
36288
36455
37009
37867
37970
40711
26
338
505
1168
2431
2477
3932
4126
4568
4725
6305
6353
6795
7453
7536
8076
11506
11905
12426
12485
12864
14824
14834
16599
16653
17184
17571
17607
17899
19453
19481
19574
21951
22099
22198
23153
24522
25269
25466
25944
26276
27142
27187
27530
29024
32224
32662
35637
37169
37926
37948
38458
39348
39775
39909
40235
