240
1792
3607
3656
3917
4396
5425
6155
6651
7050
8418
9238
11297
11697
13415
13798
14936
17223
20505
22040
22612
22688
24707
25059
25573
26043
26338
27153
27822
28169
29170
29574
30283
30306
31821
32025
32838
33648
33751
34254
36084
36247
36504
38565
39855
39927
40425
40854
80
284
709
770
1299
1670
1808
1974
2704
3399
4548
4892
7496
7773
11506
12247
13465
13956
14465
15923
17441
17691
17712
19643
19714
19981
22488
23448
23698
25073
25082
25920
26538
26646
27170
27294
28155
28883
31134
31342
31378
31483
31625
31693
31775
31944
32662
32691
32918
33225
33696
35142
35562
35862
35947
36851
37002
37892
38195
38679
38998
39495
39955
40001
40175
