2071
2480
3475
4053
4284
5261
5802
6503
6969
6971
7050
7614
7912
9910
10465
11110
12150
12274
13136
13714
14225
15936
15944
16222
16502
17351
18007
18277
19641
20002
21410
23102
24464
25299
25331
25397
25921
26253
28266
28665
28867
30581
30929
30935
31602
32743
34232
34853
36084
36935
37462
37867
38115
38494
39334
3020
3593
3624
4328
4802
4917
6964
7505
7979
8175
8613
11138
12113
12236
12247
13672
16633
16776
17189
17691
17860
18123
19501
20137
20966
21309
22206
23148
23463
23528
25797
26290
26738
27697
29221
29568
29589
29942
30109
30691
31342
32179
32362
32714
32726
32876
33054
33484
34137
34828
35263
35656
36451
36533
37133
37287
37352
38409
