177
362
1542
1735
1838
2214
2254
2758
5379
5898
5998
6007
6969
7968
8019
8074
8960
10680
12089
13447
14991
15926
18947
19664
20786
21151
21344
22104
22219
24911
25211
25657
25961
26914
27953
28160
28924
30370
30436
30826
31320
31612
32758
33139
33254
34095
34232
34853
35420
35916
35922
37878
38282
39055
40519
40602
69
1500
1619
1737
1996
3456
3593
3984
4417
4518
4620
7315
7982
8716
10003
11078
11524
11905
11915
12247
12496
12654
13493
14252
14294
14528
14566
14800
14953
16042
16696
17466
19988
21663
22731
25441
25715
26288
26738
27323
28096
29490
30109
31570
31737
32268
32918
32976
33308
33484
34574
37439
38372
38816
38919
39035
40560
