789
1376
1662
2522
5153
5379
5905
6363
7132
7472
8077
8860
9333
11394
11697
11874
11949
12730
12761
12770
16820
17203
18268
18323
18329
18723
21640
23826
24006
25016
25809
26147
26253
28817
29486
29872
30671
30773
31380
35296
37165
38053
38493
38669
38886
39314
39453
39685
40415
40831
307
605
660
2707
3036
3950
5255
5765
5878
5902
7496
7741
7950
8699
9587
9602
9616
10789
11268
12113
12864
12905
13465
13630
14465
14887
16578
18542
18985
19140
19292
20826
21376
23148
23295
23474
23508
23701
24219
24893
25073
25944
26146
27043
27142
27694
29649
30298
30871
31342
31680
32024
32268
32371
32544
32768
34799
35711
36714
37329
37948
38582
38980
