1228
2346
2550
2569
2703
5905
8759
10071
11697
12045
12988
13362
13627
15595
16091
17058
17203
17427
17644
18323
18723
18923
19135
19178
19994
20437
20481
23354
23385
23500
24911
25188
25661
26296
27114
27577
27888
29671
30028
30935
31062
31320
32406
33877
36288
36676
38751
39313
39330
167
594
821
937
1446
2289
3088
3578
3801
3932
3967
6353
7408
8647
10334
10374
10869
10998
11524
12236
14824
15538
15929
16057
16698
16776
18777
19348
19574
19838
19981
20677
20822
21156
22283
22550
22958
23455
23844
24608
25082
27170
27196
27627
27697
28085
28241
29174
29185
29942
30181
30843
32237
32690
32710
32904
32976
34137
35318
35432
36071
36546
39278
40136
