1190
1346
2550
5802
6106
6282
7472
7724
8664
9545
10158
10261
10603
12045
12560
12751
12770
13627
14874
14991
16091
16901
17957
18268
18841
19661
20462
20505
20752
22612
25809
26164
26676
27581
28914
29143
29170
33707
33795
33877
33900
35068
35322
35506
35691
35978
36152
36249
36455
37045
38122
38247
39055
39471
286
338
3062
4224
6381
7280
7292
7310
7979
8080
8377
8613
10805
11017
11915
12591
12696
12914
13981
15214
15427
17461
17864
18309
18399
19140
19292
19687
20378
21235
22518
23686
24524
24616
25207
25533
25715
26595
26618
27616
28453
29375
30119
30210
31006
31987
32287
32544
34574
34762
35062
35624
35708
36430
37640
38212
38372
39646
40258
