240
1629
2121
2154
2550
2919
3475
3768
5628
6363
6560
8033
8438
8632
8692
9770
10079
11269
11394
11654
11949
13543
14005
14357
15594
17013
18133
19407
19680
19994
20752
20856
21553
21640
21859
23322
23346
24317
25813
27605
27671
28435
29166
30420
30863
30929
31338
31738
31935
32106
33844
33907
34083
34853
35252
35335
35449
38056
39567
391
498
605
727
1974
2288
2350
3399
4033
4337
5653
6365
6467
7269
9478
10763
12605
12905
14146
15366
15727
16864
17398
18575
18945
19520
19971
20966
22448
22655
23106
24205
24608
24893
25525
25757
26006
27128
27434
28629
31378
33354
33913
34574
34737
35046
35263
35991
36546
37229
37620
39161
39494
39659
