1140
2019
2154
2901
3547
3656
4342
4444
4588
4827
5207
5747
5931
6682
7661
7897
9869
11269
12436
12679
12770
13798
13853
13938
13958
15741
15745
16502
16642
17453
17790
18277
18389
18423
18426
19667
21344
23590
23898
25586
28213
33271
33953
34126
34215
35322
35474
36896
37758
38002
38270
38780
39099
39650
40602
40817
505
708
1160
1832
2950
3737
3746
4481
4902
4987
5039
5332
5361
5765
6035
6526
7104
8761
9616
9983
10641
12498
13767
14125
14566
14887
16203
16613
17441
17864
18284
19984
19988
20333
20722
20744
20806
21376
21663
22177
23316
24719
25525
26084
26538
26574
28902
30235
31205
34289
35732
36430
38213
39381
39924
39953
40783
