566
1838
2019
2087
2154
2872
2929
3071
4522
5840
6384
6914
7132
7533
8133
8664
8954
10529
12321
12870
14738
15072
16918
17382
17427
17658
19680
19765
19794
19889
20576
20791
21341
21367
22400
22444
22591
23996
24619
25148
27684
28027
30036
30657
30980
31317
32752
33297
35308
38002
38780
39367
39855
40189
40268
40365
40569
517
1605
1619
2697
2813
3664
4140
4503
6035
6922
7035
7150
7315
8299
8449
10337
12094
12113
12864
13803
14207
16633
16926
17189
18123
18174
19017
19447
20831
20888
21323
22291
22624
23463
23686
24893
25082
25441
25715
26895
27536
29024
29638
29940
31163
31693
32066
32371
33288
33382
36994
37287
37656
39155
39440
40834
