948
1629
2121
2692
3607
3998
4053
4325
4502
4692
4913
4986
5379
6040
6651
6671
7897
9361
10561
12680
13485
13540
15072
16331
16495
17181
19178
19695
20113
20346
20643
21470
21906
22204
22932
26043
26074
26980
28260
31572
33939
35652
35691
36099
37758
37867
39640
39974
40618
40635
307
468
530
770
1605
2229
2431
2477
2726
2925
3456
3678
7543
7979
8413
8647
9363
10708
11629
12010
13300
13981
15214
15427
16604
16710
17189
18792
19155
20148
21467
21623
21759
22179
22537
23106
23285
24023
26526
26937
27530
27927
28241
28837
30109
31680
31775
32099
32768
34102
34324
34332
34523
34538
35623
35780
35897
36542
36566
37287
38001
39495
40149
