288
493
811
816
2087
2623
2758
3058
3207
3323
3808
4469
4827
6040
6569
7134
7233
9770
10744
13209
14382
14418
14527
16946
17498
18323
18503
18560
18660
19019
19387
20252
20541
20674
24923
25657
25854
27693
27751
27791
28089
30748
30808
31980
32265
33239
33813
34030
35506
36383
37599
38174
39453
39503
660
2229
2641
2960
3088
3950
4725
5266
8613
9177
9303
10035
10488
10611
10789
12048
12703
14566
15366
16203
16491
16614
16698
17309
18542
18702
18737
18932
19453
19643
20047
21156
22206
22333
22655
22698
23334
23455
25156
26299
26827
26857
27530
27992
28200
30023
30298
31163
31570
32606
32691
32726
33823
34799
35667
37439
39185
39603
40551
