68
1085
1357
3768
4162
4199
4692
6824
7724
7996
8446
8762
11110
11299
12730
13871
15716
15944
16226
16543
17300
18804
18957
19026
20257
20769
20904
22907
23303
23400
23898
24125
25086
25921
27972
28264
28960
29170
30085
30333
30436
30565
31296
31760
33338
34749
34835
36249
36676
38247
38282
38476
38939
39055
39314
39539
40101
145
293
373
537
770
4328
5266
5570
6365
6964
7413
7543
8449
9216
10334
10430
10487
11564
11915
12160
16136
17495
18653
19350
19443
20332
21207
21235
21572
21910
22177
23148
25304
25757
26618
26827
27257
27536
27697
27794
29185
31107
31444
31487
31570
32066
32541
33054
33288
34048
34289
34799
35314
36851
38420
38858
