490
1085
1115
1376
1999
3452
3475
5379
6186
6621
7583
7968
8000
9391
10158
10509
10590
12715
16091
18004
18007
18268
18503
19754
20168
24793
25175
25569
25613
26296
28169
28587
30370
31291
31738
32108
32265
33297
33338
33535
35322
35380
35449
35474
35916
36099
36811
37163
38122
38665
39219
660
1292
2344
2849
4064
4954
5039
6089
6964
7310
7832
8076
8761
8819
9583
9587
10188
11240
11506
11871
12037
12654
13435
13630
14566
16871
17691
18961
19352
19743
20248
20822
20943
21593
23701
23997
24519
24541
25757
26034
26806
27396
28096
28837
29589
30171
30493
31430
31737
32511
33822
34102
34185
34358
34828
35060
36729
38031
38868
38980
39346
40327
