1228
1376
1542
3859
5261
5816
6569
6651
6791
7702
8194
8759
12730
12761
12980
13149
13219
13441
13804
14225
14738
15716
15936
16111
16225
16519
17105
17181
18532
18660
19026
20473
21352
22269
24125
25040
25569
25641
25789
25875
26743
27334
27953
28169
28960
29025
30079
30101
30333
33035
33510
34554
36280
36811
38211
38415
39322
39453
39703
40365
40519
40582
130
373
978
3664
4902
5511
5832
7769
8064
8413
9698
10763
13300
13920
13956
14800
15041
15437
16057
16234
16604
16696
17087
18971
20047
21323
21663
21888
22655
22958
23173
23448
24414
24543
25739
26081
30518
31724
32455
32976
33780
33825
34197
34975
35349
36564
36978
36994
39381
40702
40783
