68
811
889
948
1221
2106
2240
2742
2902
6384
6791
6824
6932
10071
10214
10559
11653
12148
13482
14590
14738
15944
18660
20036
20384
20541
21172
22883
23826
24844
25657
25697
25889
26566
26579
26676
28260
28700
28914
29486
29528
30297
30313
31317
31605
31958
34254
34779
35358
36298
36785
36923
38702
39575
130
167
373
727
802
927
1160
3020
5785
6440
7049
8413
8779
8823
10015
10374
11871
11912
12041
12114
12638
12794
13148
13457
13913
16408
16864
17398
17607
17691
17712
17864
19172
19352
19984
20450
20721
20722
21171
21805
21983
25494
26618
27967
28629
29568
29970
30691
33004
33061
33382
35991
36472
37886
39437
39659
40001
40190
40551
