417
493
2346
2711
2872
2919
3475
4986
5747
5892
5998
6155
6621
8260
8418
8532
8692
8946
9333
12052
12789
13136
13938
17247
18323
18855
21151
21345
24013
24317
25369
25854
25961
27953
28169
29671
30306
30748
31777
32040
32494
32650
32762
32937
34933
35181
36911
38122
38426
39313
39539
40779
40831
293
1024
3456
3812
4140
5332
6060
6788
7437
7760
7822
8613
9216
10318
10380
10846
11652
13312
13386
13765
14143
14164
14422
14834
16165
16710
17025
17189
17860
19567
19710
20256
20972
25218
25321
25528
25944
26299
26988
27142
27530
27616
29568
29940
30962
31490
32035
33596
33823
33917
34538
34574
34828
35263
36851
37258
37503
38458
38919
38980
