889
1662
2801
4444
5500
5836
6088
6969
7968
8756
9536
10226
10496
12276
12789
13112
13485
14115
14230
14590
16226
16946
17058
17498
18004
20674
23537
23555
24374
25148
25985
26323
27811
27822
28817
29520
30053
30773
31602
32040
34126
34291
35181
35257
35916
36519
36662
36866
37115
38211
39760
40635
40659
40817
226
575
1670
2707
2931
3737
5164
5266
6219
8449
9602
10523
10789
11163
11196
11629
13300
13493
13630
15074
16162
17346
17526
18123
22698
23455
24519
24522
24647
25082
25185
26006
28597
28834
28837
29105
29265
29338
29343
29732
30493
30762
31680
32287
34185
34324
34694
34704
34858
35027
35711
36564
37122
37439
38033
39615
39626
39917
40522
