78
2139
2254
3288
3452
5898
6040
6543
6860
6932
7255
8576
11019
13804
15745
15883
16339
16820
17351
18386
18855
20419
20608
20736
21470
24844
25657
27153
27328
28089
28266
28684
29442
31935
33022
33338
33844
33953
34442
35322
38069
39614
40268
40480
40582
284
1446
1808
2289
3206
3801
3865
5832
5971
6617
7253
7773
9606
10062
10487
11078
12232
12782
13721
14119
14335
15362
15427
15550
15714
15727
16162
16980
17087
17441
17851
18058
18170
18174
18496
19140
20032
20831
21091
21309
21376
22940
24008
24519
24543
24787
25207
27697
27992
29395
29422
30171
30533
31006
31552
32066
32237
32768
33354
34694
35862
36071
36187
36564
38195
38816
38858
39835
