490
2801
3002
3381
3416
4065
5732
6651
6914
7091
8438
8954
10451
10918
11110
12449
13072
13798
13876
14341
15170
16909
16999
17540
18181
18260
18503
18957
19504
20138
20343
21079
24374
24497
25188
25211
25921
26323
27583
28237
29774
31291
31338
31777
32406
33139
33953
36294
36866
38115
40218
40425
307
2350
2746
3801
5785
7315
7453
7942
9692
10564
11240
12232
12327
13803
13966
14031
14528
14566
15410
15724
15784
17851
17863
18734
20488
20746
21235
21663
22903
23006
24378
24408
24414
24543
25404
25843
26209
27196
29441
31205
31724
31737
33596
34289
35062
35562
35667
36451
36615
36647
37133
37317
37329
37562
37965
38194
38868
39381
40190
40522
40543
