288
1629
1662
1797
2139
2275
4199
4444
4827
6847
8074
8686
9003
9545
10025
11592
12045
12436
12449
12679
12751
13019
13616
14450
14527
15682
16519
16822
17247
18723
18841
20576
20786
22787
24125
25040
25657
26743
28684
28709
28817
29170
29275
29827
30053
30246
32820
33813
34018
34126
35799
35932
39524
130
391
3746
3967
5118
5971
7741
7987
8120
8761
8971
9898
11138
11163
13944
13981
15724
16234
16504
16934
17569
18576
18971
19025
19516
20758
21667
21982
23844
24543
24740
24985
25444
26209
26362
27472
27694
28909
29221
29287
29490
29980
31254
31625
31737
32545
33188
34523
34538
35046
35107
35862
38228
38409
38513
38908
39495
39809
40175
40522
