1662
3071
4444
5341
5500
7583
7830
7996
8077
10603
11394
11653
12715
14450
14527
15883
16339
16495
17300
18007
18460
18660
19794
20267
20558
20576
22612
22688
23322
23726
25397
27122
27561
27583
27811
28788
32109
32406
32784
33787
33844
34853
36866
37128
37462
38415
38909
39099
39234
39567
39945
286
338
1001
1581
2531
2849
3206
3299
3865
4656
9011
9692
9819
10846
11356
11504
11713
12041
12236
13050
13173
14207
14378
15048
15081
15214
15714
16710
16926
16934
17404
17459
17860
18857
19228
20047
20333
20919
21944
22816
23997
24008
24208
24322
25185
25304
27018
28081
28544
29980
30119
30926
32512
33381
34105
35637
36071
36978
37575
37750
39917
40820
