566
1140
1158
1372
1735
1939
2154
3310
3856
4298
4469
4692
4827
4859
5263
6543
8194
10699
13497
13804
14357
16675
17372
18260
18323
20172
20505
20752
21713
22636
24778
24863
25040
27740
28709
28916
29025
29486
30085
30581
31277
31899
32758
34291
35297
35322
35986
36294
36452
36962
37522
37601
37688
38295
38565
39313
39650
39703
40618
40817
287
373
391
2531
4869
5902
5903
7536
7574
7769
7781
8026
8473
10188
10611
13305
13768
15756
16710
17712
17950
18565
18857
18916
19500
20023
21450
21572
22291
24322
24452
24473
24509
25715
25944
25977
26532
27673
28936
29498
30109
30962
31444
32237
33004
33054
33188
33350
34048
34130
36647
38031
39440
