1115
1372
2154
2500
3656
3859
4469
4852
5701
5869
6040
6539
6671
8406
8954
9545
10451
10640
12531
13677
13973
16393
16999
17418
17523
17540
18277
18416
18503
18640
19302
19794
19875
20473
21859
22972
25175
25921
28525
28581
29442
30863
31270
31320
31958
32316
36520
36911
37479
37599
38069
38115
38494
39567
40310
40817
40854
80
226
709
3045
3950
6440
7226
7683
7686
8064
8102
8355
8779
9125
9839
9974
10380
11951
13107
13133
13356
13767
16042
16165
16441
17398
18020
18565
19025
19811
19984
20578
20677
20824
22488
23006
23106
23455
24208
24706
25185
25466
26526
26722
27992
28453
30962
32066
32474
32511
33703
34197
37577
37904
40235
40702
