1192
1357
2860
3058
4162
4342
8260
10561
10918
11592
11678
13362
13415
13531
14874
15595
15601
15745
16222
16509
17276
17801
19051
19729
20324
21068
21210
21624
22411
22937
23590
23996
24125
27326
27577
27684
29161
29309
29607
29774
30085
30808
31380
32494
33338
34435
35554
36084
37688
37739
38121
38909
39055
39703
40268
2444
4224
5753
7370
7607
8401
9177
9303
10641
12249
13148
13803
14164
16356
17461
17950
18916
20256
20287
20972
21164
21295
22206
22537
22803
23023
23173
23455
23463
24473
24706
24985
25910
26574
26600
27257
27280
28132
29840
30526
31490
32690
35263
35314
35332
36003
36187
36528
37047
37373
37528
37656
38033
38686
39079
39437
39953
40190
