758
2087
2100
2121
3637
4164
4913
5500
7968
8000
9391
10529
12984
13209
13497
15936
16222
16519
16822
17552
18423
18508
19565
19695
19870
22591
22612
22738
23303
23590
25016
25641
25889
27581
27740
28684
29486
29607
29671
30087
30238
30297
30671
30980
31357
32752
32763
33051
33877
35181
36084
36520
36676
36916
38585
40218
287
821
3783
4823
6452
7275
7543
7623
7741
8008
8382
9761
10003
10641
13048
13049
13981
14349
14566
16613
16633
16871
18565
19172
19559
19884
19988
21164
22903
23328
24205
24541
25062
25207
25857
26034
26276
27308
27396
28936
29343
29633
30109
30210
31195
31344
32237
33382
34048
34130
34704
36978
37965
38408
38499
38980
39909
