566
1115
1870
3071
3214
4065
5816
6621
6791
9356
13304
14738
15682
15944
17047
17980
18277
18476
19135
19680
20324
20343
20481
20836
20906
23500
23695
23789
26966
27693
28237
28762
28788
29344
30028
30238
30581
30826
31291
33338
33707
35322
36288
36298
37045
37233
38056
38121
38886
40218
40831
167
2877
3045
3708
5361
6467
7275
7551
7623
7773
7822
8355
8377
8767
10255
10488
10822
11240
13300
13981
14031
14294
15876
16684
17404
18226
18792
19743
20023
20047
20972
22782
22903
23698
24378
25488
27128
27434
27954
28155
28792
31134
31404
32035
32224
32691
32746
32918
34105
34935
35107
35235
35624
37620
38858
39278
39348
39659
40155
40327
40702
40797
