1346
2346
4164
4342
4618
4827
5836
6539
6671
8185
8235
8446
8686
9361
11513
11635
12531
13158
13304
14115
14382
14795
14991
16222
17661
17957
18109
18426
18933
19839
21906
22883
24497
24513
24863
24891
25661
28303
28626
29161
30980
31222
31296
31862
31940
32475
33106
33766
35442
35652
35720
35754
36152
36280
36811
37635
38270
39330
601
783
927
1531
2707
2849
3062
5653
5832
7505
7822
8803
9303
9338
12010
12094
13300
13786
14164
14349
16234
16776
16864
17385
17404
17441
18020
19170
19884
20758
21944
22518
22550
24676
24706
25485
25528
25930
26857
27144
27536
27794
30518
30533
31060
32371
32662
32690
33983
34249
39079
39103
39348
39566
39717
