811
2254
4032
4342
5500
5816
6361
11792
14418
15692
16383
16502
16946
16999
17523
19980
21079
21627
22883
23901
25040
26074
26953
27583
27849
28495
28626
31862
32838
32862
33670
34866
35181
35427
35505
35506
36789
37163
37826
38122
38635
39927
40831
40854
530
802
887
2726
2877
3456
3469
3865
4802
4922
5818
5839
7809
8377
8779
9346
9852
10188
10334
11196
12048
12080
12160
12782
13956
14143
15437
15461
16565
17346
19379
19627
20148
20450
20754
21663
23448
24676
25757
25797
26595
26600
26722
26803
28289
28834
28932
29114
30047
30181
30210
30447
31342
31614
34010
34694
34737
34975
35345
35732
36404
36566
36891
38064
38420
38536
39079
39566
40235
