948
1899
2121
2500
5261
5732
7948
9003
9536
10158
10509
12431
14005
14182
15956
17055
17676
19729
19839
19875
19994
21019
22595
23354
23537
24190
24707
24891
25148
25369
25550
25961
26147
28034
29442
30112
30671
31748
32267
32494
32905
33083
33795
34092
34866
35449
36288
36337
36520
39433
39942
40215
537
978
1605
2431
3710
4492
4869
5971
6365
7280
8834
9013
11453
11951
12404
12703
13765
14206
14390
14802
16057
18309
18542
21235
22077
23021
23448
24985
25207
25378
25715
25920
26081
26600
27128
27673
27710
28453
28678
28883
28936
28967
29024
30871
30926
31091
31682
32237
32704
33703
33823
34574
36647
37018
37503
37965
38212
38458
39161
39775
39953
