2214
2901
3870
6217
6384
7614
8077
8418
10699
11084
12130
12321
13853
15936
17644
18007
18260
18441
20384
20437
20988
22511
22727
22883
25353
25875
26674
27757
28299
28626
28803
31380
31438
31760
32365
35296
35837
36862
36923
37986
38565
26
368
1063
1703
1724
2288
2950
3931
4064
4455
4485
4823
4892
6300
6353
6922
7453
7574
8243
8968
9602
9692
9799
10255
10611
11078
11268
12037
12079
12496
13307
13312
14334
14339
14824
15029
15342
17479
18576
18598
19443
19627
20423
20472
20578
22291
22310
22518
23006
23153
23715
24378
25269
26034
26895
27422
31404
32066
32855
33481
33696
33780
33917
34044
34137
36955
37122
37503
37892
38033
39887
40211
