20
317
948
1221
1792
2240
2275
2500
2742
3637
4162
4191
6791
6851
7614
7702
7724
8692
9413
10561
10699
10744
13634
14795
15009
16111
17382
18957
19430
21470
23092
23500
23898
24497
25331
25369
25374
25828
26043
27190
28608
29166
29795
30313
30826
31748
32040
32475
32762
33787
33877
34853
36896
37986
38044
38565
39575
39644
39927
39942
40263
40415
40602
145
498
1659
1736
1888
4417
7104
8485
8823
9303
12327
14465
14826
16710
17087
17607
17864
18916
18945
19292
19500
19643
20806
21237
21467
21827
22487
24091
24608
25304
25441
27308
27927
29221
31134
31718
32362
32662
33308
33801
35345
35349
37039
37373
37577
37926
38673
38679
40820
40834
