549
618
1799
2500
2919
2978
4502
4521
5702
6373
6847
7394
8000
8033
8185
9934
12148
13761
14241
15716
15944
16478
16822
17203
17661
17874
18268
18313
18460
19302
19430
19565
20421
20437
23346
23726
25016
25854
28089
28606
29158
29442
29774
29921
30313
30707
31291
32040
32475
32784
33907
34779
38044
38270
38939
39219
39471
286
287
537
978
1670
1680
2707
2925
4548
5988
6617
6749
7150
7370
7639
7686
8365
10255
11629
11905
12160
12605
13173
14164
15727
16696
16710
18170
19559
19627
19811
20232
20766
20843
20972
21291
21944
24676
27323
28132
29174
29185
29235
29441
29494
30173
30493
33067
33188
35562
36615
36714
37153
37373
39346
40820
