1192
1939
2275
2346
2816
3416
6282
7774
8077
9003
9055
10116
10744
11269
12150
13800
13871
13958
14418
14541
16519
16675
17552
18129
18441
18830
19019
19641
20372
20505
21341
22105
22591
22612
25188
25374
27149
27389
27937
28089
28264
28606
31380
32106
33171
33471
35652
36524
36789
37045
37635
37826
38669
40218
40817
605
660
1168
1974
2046
3020
4098
5999
7226
9269
9338
9346
9606
9761
10487
11453
12404
13468
14496
14588
14955
15545
15784
16042
16871
17346
17950
19501
19884
20023
20589
20897
22177
22698
23455
23474
23786
25062
25739
27144
27697
31430
33755
35432
35667
36533
36542
36564
37619
38033
38195
39185
39437
39494
39717
40149
40155
40764
