20
1211
2346
2504
2550
2848
3856
4284
4326
4588
5379
5702
6503
6543
7091
10451
10561
10680
10806
11110
11592
11808
12531
13800
16675
17047
17418
17453
17749
17874
17980
18568
18855
19889
20030
20608
20643
20736
21410
22594
22913
22932
24778
25828
25875
27822
29143
29872
31338
31380
32479
33828
34232
35684
36383
37826
38090
38494
38584
38653
38761
39471
39567
25
29
338
456
605
2461
3984
4098
5361
6877
6964
8413
9898
10174
10318
10487
11506
12160
12727
13305
13944
14119
15081
17025
17385
17899
18598
20669
21805
22550
23295
23844
24333
25494
25910
26006
27170
28932
29375
29568
32926
32976
34336
34358
34704
36615
36875
38582
39741
39809
