1662
1783
2214
2851
3637
3859
6408
6435
8077
8960
10263
12680
13362
14182
17223
17247
18323
19158
19202
19661
20462
21096
21713
23092
23500
24497
24751
26676
26914
27672
27693
27811
27822
28665
30645
31338
32109
33471
34089
34554
34866
35257
35506
36152
36278
36923
37115
37599
37826
38584
39567
26
69
287
498
2344
3036
3206
3469
3710
4951
6326
7315
7760
7832
7987
8359
8823
9797
10003
10789
10822
11524
12113
13133
13630
14125
14339
15041
17025
17441
17569
19516
19988
20472
20677
22816
23474
23508
23701
23786
24452
25218
26034
27018
27323
27472
27710
28155
31342
32099
32702
33825
34681
34694
35991
36955
37153
37229
38064
38749
38868
39346
