362
566
891
2106
2500
3194
3416
4191
5153
6217
6334
8438
10025
10139
10158
10214
11242
11949
12845
13362
13461
13482
13531
13677
15072
15692
16111
16331
17749
18007
18500
18841
19019
19765
20481
21151
22157
22511
22595
25331
25369
26036
26860
27100
27577
27888
28525
31612
32072
32108
33510
34779
35978
36298
36504
37233
39539
40218
40310
40635
40831
338
1446
3388
3678
4629
4725
5039
5591
6526
6949
7686
11453
13048
13818
14511
15166
15366
16871
19091
20826
21091
21171
21224
21295
23106
23295
23508
23701
24522
25404
25488
25910
27536
27697
28563
28909
29422
29494
32127
32876
34105
34704
35667
36994
37153
37926
39346
39909
39917
40175
40778
40783
