1357
2872
3607
4444
5905
6186
10451
10561
11513
12255
12449
12450
13204
14376
15531
15956
16225
16833
18441
18743
19051
19387
19641
19889
20343
20473
21859
22723
23726
24690
25037
26656
28034
28303
30283
30530
31605
31752
32064
33953
36504
36524
36676
40734
391
575
978
1063
1168
1864
2707
3036
3931
4126
4485
4902
6949
7408
7979
8276
8473
9050
9216
9424
10641
12727
13133
13307
14125
14378
14390
15029
15545
15826
15923
16484
16578
17124
18961
19140
19292
19443
19844
21667
22518
22958
23194
23295
25269
25403
25517
26869
26895
27144
27280
27935
28081
28834
28909
28994
29589
29633
30210
30926
31060
31737
32541
33130
35667
37188
37548
37904
39436
