789
1140
1158
2500
2906
4859
4938
6435
7702
7774
9361
10263
10561
10629
12150
12450
12770
13415
13616
15009
17055
19430
20030
21344
21352
22706
22781
22937
24707
25875
26861
27149
27672
27703
30028
31380
31448
31899
32108
32265
32784
32820
34866
35298
37726
37758
39367
39549
39614
39927
40268
40425
1292
1888
1971
2896
4140
4620
6326
6440
7370
7594
8355
8603
8699
9616
10035
10488
10611
11240
11905
12696
12853
13803
14109
14164
15041
15166
15214
16565
16613
17691
17860
20589
20905
21951
22448
22537
24414
25403
25797
26468
26526
27627
29343
29589
29598
29649
30235
30942
31775
32710
32714
32746
34006
34336
35142
36535
36647
36806
37926
38749
39297
