288
2154
3800
4004
4469
4986
5150
5341
5747
5802
5869
6847
6971
7533
7774
8762
8942
9869
10079
13158
13600
14225
15106
16393
16833
18032
19019
20002
21119
22612
24844
25381
28495
28665
28709
30929
31062
31338
31357
31602
33051
33670
33939
34435
35296
35837
38378
39503
39974
39977
69
293
978
1690
3399
3624
3787
4620
5266
6089
7108
7275
7310
7496
10488
10789
10998
11223
13049
13356
14143
15873
16165
16408
17042
17495
18309
18565
19443
20378
20722
21295
22099
24473
24509
24543
25977
27128
27627
28544
28837
30047
30235
30533
31444
31737
33058
34644
35107
35991
36404
36714
37185
37301
37892
38064
38228
38409
39659
39936
40001
40402
40683
