2154
2346
3475
5150
5892
6408
8571
8994
10263
10559
11537
11792
14418
14833
14874
15741
16111
17540
17914
18043
19051
19680
20078
20113
20138
20558
20906
23314
24844
25374
27937
28525
28608
31079
31629
31862
32025
32743
33022
33670
34095
35222
36084
37758
40642
40779
25
530
709
770
821
927
1736
2046
2477
3088
3107
4098
4518
4524
6906
7226
7428
8102
8767
9424
9721
9797
10015
11017
11713
12247
12853
13048
13307
13768
13913
14206
14834
16491
17691
18777
19172
20671
21888
22198
22697
22902
23054
24473
26722
27329
27472
28155
28241
28902
29649
30533
30962
31625
31682
32287
32544
34358
34447
34735
34737
35314
37439
37892
38064
39348
40149
