891
1683
2087
2851
3656
6491
6543
6560
7472
8185
8194
10559
10744
11513
11654
12419
12680
13441
13973
14936
17540
17661
17914
17980
18109
19407
20152
20769
20906
20988
21553
21906
23400
24503
24911
25550
25569
25854
27791
29025
29544
29673
30436
32406
32763
32902
33239
33338
34095
34866
35922
38121
38174
39330
40582
40779
345
391
404
530
605
1893
3107
4328
5266
6365
6452
6906
7565
7758
7867
8064
8779
10062
11196
11223
12010
12337
12750
15873
16484
17461
18123
19411
19984
20721
20826
20843
20905
21983
22488
24333
24414
24541
25269
27018
28936
28967
29105
29494
29980
30887
31404
32224
33004
33054
33983
36498
36546
37301
37548
37656
39346
