891
948
1085
1899
2264
2816
4502
4618
4827
5263
6088
7288
7472
7774
8632
8994
9143
10343
10633
12770
13149
13973
16331
16509
16519
17801
17980
18004
20752
21079
22543
24690
25059
25809
26674
27328
27418
27791
27861
28086
28665
29158
29528
29574
30283
30671
30692
31374
31958
33124
35978
36152
36896
37635
37758
39099
39614
25
414
708
1893
2289
2349
2525
3931
4033
4126
5832
6788
7108
8120
8823
10247
11240
12080
12236
12247
12638
13305
13630
13981
14349
15041
16408
17345
20721
20922
21207
21323
22206
22903
23455
26034
26618
27018
27096
28155
28290
28909
29970
30447
31006
31775
34048
36277
36316
36751
37948
39161
39278
39775
39909
39936
