490
2139
2801
3194
5243
5379
5628
5840
6671
7015
8418
9361
9580
11653
12870
12980
14527
15745
16111
17418
18492
18561
20481
20693
22594
24135
25854
25886
28315
28626
28684
29574
29774
29921
30053
31317
31738
33171
33338
35377
35496
35506
35597
36519
36916
37307
37811
39334
40817
1024
2288
2349
2473
3036
3605
4492
4725
5039
5595
6089
6381
6467
8064
8359
10247
10487
10805
13356
14528
14953
15074
15923
16054
17423
18028
19025
19368
19398
19844
19981
20023
20332
20671
21136
21237
22537
23021
23448
23686
25485
25494
26803
27247
27472
28514
29441
30447
30819
31483
31944
32704
34324
34975
35345
36472
37548
37562
37832
38513
39097
39835
39967
40702
