789
1025
1192
1799
2500
4004
5424
5892
8446
8571
8664
8935
10139
10529
10742
12000
13158
13219
14795
17047
17540
19019
20541
24805
25854
25921
26223
26566
26674
27153
27672
27751
27822
28486
28495
28704
29442
30581
31821
33254
34391
35148
35916
37601
38476
38669
40492
40635
167
1292
1864
2557
2960
3052
3062
5361
6300
6305
7781
7877
8026
8102
8402
8449
9017
10374
10846
11118
11506
11629
12914
13049
13214
13768
13956
14334
15914
16136
17526
17864
18582
19453
23334
23786
24070
25218
25517
26006
26034
27536
27794
27927
28936
29568
30926
31775
32111
32512
33225
33354
33913
34006
34010
34137
34644
36535
37317
37640
38033
38408
38679
39079
39437
