240
493
566
1735
2550
2742
3512
4326
6334
6651
7050
8664
10680
11697
12321
12679
13158
13304
14936
16222
16225
16478
17352
17540
17866
18441
18460
18503
18508
20267
20505
20693
20856
21096
21151
21554
25908
26323
26395
26631
26817
27389
27581
27751
28684
29345
30283
30773
31320
31738
32758
32763
34530
36278
36383
37115
38282
40101
40218
40263
82
137
1736
2289
2925
3020
3787
3801
3967
4627
4951
6723
7269
7280
8452
8767
8975
9303
10846
11629
13493
13768
13902
15048
15714
15784
16330
16910
20721
21224
23715
23965
24647
27170
27516
28081
29343
29638
30962
31378
31680
34102
34105
34358
35214
36729
36955
37122
37169
38813
38980
39981
40149
