1085
4469
4986
5520
5840
5931
5998
7572
7817
8994
10025
11299
13925
14608
14738
16091
16848
17223
18037
18923
19026
20481
20836
21079
21410
21503
21713
22157
22787
23314
23939
23996
24125
24863
25040
25381
25809
26164
26338
27671
27888
30079
30297
32937
33171
33271
33953
34530
35296
35978
36676
36946
37867
37970
38211
38565
38635
39575
39821
40365
40734
130
1736
2950
4620
5266
6859
7269
7315
7875
8087
9983
10318
10819
11652
12041
13374
13767
13854
14826
16046
16599
17950
18582
20488
20589
20943
21663
22099
22333
22624
23023
24208
25073
25466
25528
25757
25857
27530
28563
30311
31163
32127
32268
32702
33823
34289
36323
36451
36884
39659
39835
39981
