490
1115
3917
4162
6007
6334
8194
8686
11635
13362
13660
14241
16509
16519
17599
18476
19504
19889
20138
23303
24751
24793
24882
25354
25550
27583
27849
27888
28606
29520
30935
31320
31969
32905
33106
34715
35380
36154
36294
36383
36524
36866
37011
37214
37847
38493
38585
39524
39549
39684
40569
727
1506
3624
5266
5832
7623
8026
8243
9269
9692
10174
11629
12160
13107
13133
14031
15074
16046
17569
18058
18702
19172
19447
19971
20232
20722
20922
20972
22177
22310
22631
23528
24070
24322
24676
27422
28241
28792
29942
30109
31352
31987
32179
32714
33350
33801
33825
34006
35046
35318
35329
35349
36533
36542
37640
37832
39436
39437
39775
40155
40211
40617
