758
889
1797
1939
7948
8185
11269
12680
14991
15106
16339
16918
17540
17658
18841
19045
19407
19870
20856
24707
24983
25789
26817
27068
27561
27861
29025
29795
30826
32762
33051
34511
34866
34933
35380
35754
35916
35978
36154
36931
37084
37165
38050
38090
38122
38426
38939
39471
40425
40618
130
802
1680
2184
3206
3388
3469
4224
4417
4627
6219
6300
7292
8026
8175
9017
10003
10611
11078
12079
12114
12404
12472
13148
13386
13767
15041
16504
17860
18634
20831
20946
21376
22488
22731
23508
25156
25269
25441
27627
28241
28290
28837
29185
29840
30691
31430
31847
31944
32544
33822
35142
35732
36044
36081
36472
36535
36891
37287
37352
37667
38194
40543
