78
2019
3194
3416
4032
4162
4852
6186
6217
6560
7047
7344
7968
8406
8759
8935
11537
12789
13485
13692
13761
13938
14738
16226
16495
16909
18032
19980
22040
22727
23789
25016
25149
25331
25516
27094
27334
27581
27972
28266
29345
29921
30657
30773
32190
33035
33124
34669
34749
34866
36249
36524
38044
39234
40101
40263
40268
40310
368
2349
2931
3062
4328
4503
6617
7049
7104
7150
7294
9216
10380
10611
11453
11472
11951
12480
12853
13767
13902
17087
17479
19411
20758
20806
20930
22697
24322
24647
25082
25269
25920
28544
29375
31342
31533
31614
32066
32545
32691
32904
34332
34644
35060
35062
35562
36071
36564
37405
38416
39440
40377
40808
40834
