417
2860
5507
5747
6337
7134
7533
7572
8858
12321
12436
12761
14418
15692
16091
17790
18268
19019
19045
19980
20643
20786
21624
22354
23120
23400
25573
25656
25813
26043
26191
26860
28266
28825
28960
30246
30692
30808
31862
32494
35837
37084
37233
37307
37787
37841
37986
38378
38493
38635
39685
39940
39945
40268
40492
287
770
1506
2349
2473
2641
3107
5039
5124
6219
7607
9482
9797
10255
10488
10708
11268
12472
13133
13457
13493
13808
13920
14339
15826
16484
16536
17423
17691
17927
19888
19998
20137
20287
21593
21827
22816
22902
23698
23965
24676
25638
26646
27627
27967
29221
30235
30770
31775
32512
32976
35962
38001
38582
39741
40312
40327
40351
