3002
3512
3993
4827
4859
4913
4938
5348
8858
10529
10590
10680
10806
11697
12255
12276
13461
15009
15531
15603
15883
18476
19430
20384
20643
20906
22400
22591
22636
23303
24863
25040
25353
25569
26860
27046
27114
28160
31605
32316
33139
33171
35222
35377
36519
39192
39522
39684
39977
40779
468
1531
1659
1737
1971
2053
2525
3587
4328
4503
5926
7035
7413
7901
8382
9125
11118
15437
15727
16203
16330
16441
17286
17927
18123
18170
18682
18857
19292
19447
19628
19743
19984
20826
21153
21235
22291
22333
23150
25156
26618
27096
27182
27794
27992
28902
28967
29174
29235
29649
31163
32474
32704
32746
32855
34799
35136
35214
36250
36277
36316
37039
38408
