1228
1735
2019
2717
4065
6682
7015
7255
7394
8960
9536
10071
10451
12130
12702
15771
15883
17790
19302
20558
20769
21151
22202
22354
22932
23102
24861
25813
27046
28027
28089
28160
28951
29544
31935
31958
32365
33795
33891
34414
38211
40582
40635
40817
468
708
1292
1808
2288
2344
3062
3587
4548
5511
6381
7437
7594
7942
8087
8365
8647
9269
9374
9797
11138
12010
12232
13356
13913
14521
15437
15756
15826
16441
17345
17385
17526
17571
18615
19971
19981
19998
21711
21759
22310
22831
24090
24205
24208
25269
26722
28243
28967
28994
30010
31614
31848
32017
32237
33392
35062
36003
36875
38031
38033
38919
39035
39103
39566
39659
40211
40328
40763
