891
948
1085
1870
2100
2214
2851
5425
5626
6040
6514
7774
8664
8954
9280
10096
10465
10678
11826
12436
13616
13804
14341
18181
18313
18441
18743
18830
19504
20419
20836
21345
22594
22723
24805
24903
26676
26966
27153
28581
28867
30087
31357
31862
31980
32143
32758
33297
34835
35420
36154
36294
38476
39313
39522
40602
2925
3062
3932
3950
5878
6922
7035
7104
8175
8922
9013
11210
12853
12914
13480
14334
14566
15356
17571
17927
18682
19368
19379
19838
20744
20831
20897
21153
21572
22782
22903
23528
26146
26574
27196
27257
27308
27329
27698
28096
29840
29940
30526
31718
32099
32111
32710
33409
34358
35862
36893
37018
37122
39346
39917
40402
40515
