177
789
1629
2500
3536
4588
6014
8019
8033
8446
10096
10559
10590
11486
11678
11949
13677
13800
14115
14182
14441
15692
16848
17790
18133
19407
19504
20462
20904
20926
21713
23322
24793
25875
26743
27693
28495
28709
29344
29671
31357
31438
31899
32072
32494
36152
36294
36519
37599
38002
39524
40218
40310
142
368
3605
4132
4290
4802
7607
8076
8087
8452
9639
10188
10255
10430
10846
12914
13386
13768
13902
13920
14826
16054
16684
16871
16963
18058
18945
19443
19643
19811
19844
20137
20256
21295
21888
23023
23844
24008
25910
26303
26574
28909
31254
32702
32704
32710
32918
33801
34523
35332
36044
36498
37287
37329
37620
38967
39185
39348
39662
39917
