240
1999
3288
3993
4521
6106
6514
7774
9143
12148
12150
13441
13485
16848
17676
18325
18416
18723
19430
22157
22723
22937
23826
24497
24778
25809
26147
26817
27149
28303
29143
29166
30246
30530
30753
30980
31969
32223
32758
33124
33254
34406
36524
37726
38050
38909
40602
26
1531
1659
1680
1703
2557
2726
3088
3206
3456
3783
3812
3950
5029
5818
5975
7292
7987
8299
8413
8485
8819
9346
10869
11078
13300
13356
13630
14146
14465
14826
15876
16871
17526
18634
19379
19710
21711
22624
22698
23528
23698
25533
26538
26722
26869
28243
28290
28544
28936
30871
31006
31737
32169
32268
33293
34644
34694
36472
37188
37575
38458
39381
39924
39953
40136
