1115
1372
2550
2703
3536
3917
5701
5702
6404
6560
7050
8532
8756
8860
10226
11269
11678
11697
12276
14261
16502
17047
17105
17203
17980
18386
18426
18503
20030
21627
24891
25211
25661
25985
26579
28237
30036
30101
31317
31338
31374
32025
33171
33953
34866
35597
36154
36785
38426
39522
39974
40569
40659
29
468
821
927
1531
2525
3036
3299
3678
4064
4855
4869
4892
4917
5988
6089
7275
7760
8603
9587
9797
10846
11453
12485
12654
12696
12794
13767
14390
17286
17479
17851
18226
18582
20148
21475
21995
22958
24091
25466
26532
26646
27247
28967
31195
31672
32726
33104
33822
35637
36003
36566
36978
37188
37948
39437
40149
40560
40567
40808
