288
1211
1221
1228
3998
4325
6384
6552
7472
8185
8418
10680
11949
13112
14115
14357
16820
16840
16924
17105
17181
18277
18492
18568
22202
22706
24503
24840
24911
26043
26074
26540
27684
28169
29309
29528
29827
30283
30297
32241
33139
33297
33859
34089
34323
34853
35257
35449
35986
36360
36946
37084
37826
39055
39219
39644
2289
3062
3073
4620
4656
5673
5756
5902
7875
8420
8551
9374
9797
10963
11652
12041
12496
12605
13048
13786
13808
15538
16163
16576
17345
18961
19292
19453
20137
20669
23150
23965
24893
25757
27142
27660
29598
30235
30533
30691
31006
31254
31682
33484
34010
35672
36404
38001
38212
38420
39348
39494
40136
40190
40312
40402
40808
