1542
1683
2106
2500
4164
4521
5263
5732
6007
6491
8762
10025
10116
10158
10451
10699
10744
12052
12560
12679
13088
13973
14241
15926
16495
16822
16848
19051
19664
20856
21624
22591
22706
23901
24317
24374
24464
25697
30246
32241
32820
33648
33939
34114
34511
35932
36084
37233
37878
38635
39055
39524
40817
226
373
1063
2184
2525
2754
2960
4568
4620
4876
5124
6219
6326
6723
6877
7253
7292
7686
8413
10805
10998
11757
12480
12638
12750
13689
14422
15999
16054
16163
18226
19811
20806
22488
23528
25444
26034
26276
26468
27182
27187
27697
29422
30633
31490
31627
33308
34737
35136
35318
36081
37002
37047
38674
38967
39381
39436
39775
40175
40763
