1115
1939
2121
2742
2901
3002
3547
3870
4588
5120
5153
6860
9055
10158
12980
13019
13482
13660
13958
13973
16588
17866
19051
20558
20576
21341
21624
21834
22040
22202
22972
24495
25516
25886
27757
30420
31090
32334
32479
33766
37522
37688
37726
37739
37847
38044
38247
38270
38493
39055
39942
2700
2720
3321
5988
6788
7551
7769
8064
8359
8442
8699
8819
9017
9400
9606
10247
10255
10318
10337
12236
12853
13721
14252
15115
17345
17466
17526
17927
18020
18542
18985
19352
19811
19852
20232
20806
21224
21438
21623
23316
23701
27018
27396
27616
28200
29540
31352
31414
32127
32904
33484
33822
35077
36615
37153
37301
37548
37974
38974
39035
39185
39646
