78
493
1214
1735
2071
2346
2480
2550
2692
3416
4444
4692
4852
6088
7702
8074
8946
9333
10521
10680
12761
13112
13627
13973
14225
16999
18181
18325
18329
22543
23354
23939
24125
25059
25809
26296
27114
27256
27674
27740
28665
30935
31448
31572
31862
34126
34215
35257
35505
35597
36520
36935
38122
39334
338
770
1690
2531
3865
4710
4869
7292
7310
7370
8120
8819
9177
9797
9974
13457
14465
14826
16042
17345
18058
18284
18734
19091
19172
20888
21224
22537
22940
23316
23686
23701
24458
25494
25757
26419
27472
27516
29967
30010
30181
31483
32099
32371
32474
35107
35332
35967
36546
37373
37640
38361
38582
38674
39440
39615
39776
39967
40190
