490
1192
2816
3058
5411
7134
7472
10744
12045
13938
17599
19839
20505
21019
23400
23726
23996
24513
24805
26631
26656
27811
28213
28803
29673
30645
30692
30980
31062
31277
32820
34030
34114
35427
35505
35754
35922
36278
36911
37165
38359
38415
38939
39549
887
2808
3399
4417
5118
6326
6877
8276
9363
9554
9602
9639
11318
12048
13689
14146
14206
15115
15166
16491
16599
17286
17860
18058
18257
19844
20287
20824
20922
20972
21805
22310
22488
23106
24008
24322
24414
24522
24769
26006
26290
26857
27710
27794
28085
30023
30063
30210
31724
32237
32926
33596
34197
34447
34574
34869
35062
35991
36535
36714
37047
38416
38928
39440
39672
39835
40328
40377
40783
