362
743
1115
1372
2522
3536
3998
4444
4588
5263
5931
6007
6671
6860
8686
9238
10561
11156
11678
12751
16111
17498
18416
19407
19504
20257
20343
20361
22594
24374
24497
24891
25331
25669
25828
26695
27326
27672
28486
28762
28867
29025
29345
30935
31277
31572
32106
33239
34126
34866
35304
36519
36811
37758
38754
40365
345
605
709
1531
2229
3593
4503
4629
6060
6440
6788
6949
7275
7315
7769
7877
7942
9050
9400
12236
13214
13672
14528
15081
15714
16234
17479
17526
19352
20746
20922
23528
25930
26006
26290
26618
27660
28096
29174
29929
32169
32371
35562
36528
36714
37185
37619
38408
38499
38513
38868
38908
39615
39953
40001
40155
40351
