1939
3993
5120
5626
7091
7344
8019
8033
12531
13871
14182
15956
18268
18323
19504
21345
22204
22269
23346
25550
25586
25656
27581
27953
29161
29442
30333
30420
30565
30645
33051
33535
33828
33877
36455
36923
37739
37826
37986
38050
38069
38886
39367
39539
39940
80
145
575
727
783
1271
1808
2525
3469
4869
4902
5902
7428
7536
7551
7760
7901
8611
10337
11402
12426
12864
13689
13767
15081
15929
16491
16599
17025
17571
17860
18598
19838
20047
20831
22177
22902
23295
23965
24452
24740
25062
25185
26276
26857
27396
27472
27967
28792
29185
29265
29540
29633
29967
30109
30843
30962
31672
32545
33293
33354
34324
35060
36430
37562
38195
38813
39809
