317
1140
1158
2692
3795
4004
4162
4852
4859
5507
5747
6503
6651
7817
9934
10655
11592
12679
13545
14230
14376
14441
15170
15595
15956
17013
18004
18568
18640
19667
19985
20078
20769
20856
21627
22591
22636
23303
23314
24034
24983
25353
26566
27334
27389
28086
30297
30748
30935
31270
31605
31612
31899
32784
33907
35296
36247
38069
38653
38761
373
708
1506
2525
3088
3593
5765
5878
5903
6353
7150
7773
7875
7979
8355
9017
12404
12498
13956
13966
14334
14390
15048
16926
17346
18542
18985
19379
20758
20905
20930
21805
22624
23153
23328
24719
25683
28241
29024
29375
32726
33130
33823
35142
36528
37317
38080
38813
39103
39161
39436
39936
40567
