3452
3547
5869
5931
7050
11019
12052
13209
13677
16226
17418
18492
19794
19875
19889
20473
20541
20674
21554
21640
22269
22612
22928
24475
27046
27693
27740
28160
28684
29544
30773
31167
32040
32758
33813
36923
36935
37011
37192
37462
37826
39192
39219
39614
40602
226
498
1299
1680
2877
2931
3388
3664
4524
4627
5753
5839
7226
7253
8102
8276
9050
9692
10488
11196
11210
11713
12426
12480
14207
14824
15366
16203
16441
16504
16604
17286
17423
17607
17860
18309
19025
19172
19852
19998
20423
20744
21156
21623
21951
22177
22624
23023
23173
23295
24787
25920
26468
27043
28222
29940
29967
31444
31680
32268
33703
34006
35349
36535
37373
38499
40155
40402
