2019
2504
2550
3827
4852
5836
7817
9280
10590
10742
11110
11943
12436
12897
14241
14936
17013
17352
17427
19661
23171
23939
24495
24882
25040
25985
26540
26966
28525
28960
29486
29774
29795
30370
32758
33035
33648
34095
34554
34853
36280
36662
36935
37192
37878
38939
39234
39549
39963
498
517
594
2046
6089
6592
7536
7543
7565
7623
7686
8026
8175
8449
9583
9587
9698
10062
10846
11506
12010
12041
12905
12914
13300
13803
14207
14511
16653
16710
16980
17571
19627
20378
20472
21108
21291
21513
21759
22537
23295
24333
24408
24445
24541
24543
24719
24985
27257
27935
28289
29441
30311
33696
34185
34303
34858
35329
35991
36498
37185
38213
40683
40688
