948
1192
2816
4164
5263
5869
7661
8571
10509
11084
11513
11697
13677
14541
14590
15771
17203
18325
19051
19765
19870
19985
19994
20168
20541
22932
23303
23322
24840
24891
25656
26223
27703
27751
28709
29170
30085
30785
31296
33843
33907
34232
35427
35496
36288
36298
36789
37163
38122
40734
130
284
286
927
1581
1670
2184
2754
3778
4464
5673
6440
7496
10799
12317
12327
12404
12703
12727
13133
13672
13768
13818
14496
15074
16136
16604
16698
17851
20256
20824
20919
21091
21207
21475
22179
22698
23173
23686
24408
24543
25517
25683
25857
26006
27182
27247
27673
28290
29498
30010
30526
30962
33983
34284
34336
34869
35027
36535
37352
38195
39035
39297
