2154
2346
2711
2872
6408
6491
6851
11110
11235
13677
13692
16820
17055
17658
20372
21096
21210
21640
22445
24911
26695
27334
27861
28086
28089
29344
29607
29673
30101
30530
30645
31862
32838
33022
34554
35298
35377
35420
36099
36152
36452
36946
37214
37462
38056
38115
39524
40310
40425
145
927
2229
2700
3036
3624
4369
4455
4869
5124
5166
6467
6877
7453
7809
8449
9898
11118
11472
12160
13300
15048
15929
16203
17189
17607
18916
19500
20378
20930
20966
20972
21663
22803
24023
24414
24852
25378
25494
26362
27294
27434
27794
28883
29105
29490
29598
30181
30762
30950
31614
31847
32541
33382
33462
34069
35136
35991
36187
36250
37039
38001
38409
40783
