1214
2071
2480
3323
4164
4396
4522
5261
5425
5998
6014
6363
6435
6539
7912
8074
9910
10096
10529
11269
11394
11624
12897
13002
16946
17523
18133
18476
18500
18532
18841
20473
20558
20988
23254
23901
24006
24513
24861
25299
28034
28237
29607
30112
31319
32072
32862
33254
35684
36862
36962
37011
37115
37307
37601
39055
226
373
978
1160
1446
1996
2477
3020
3052
3062
3865
3984
4464
4710
5118
5166
5460
5591
6526
8008
8473
9698
11223
11915
12236
12727
15214
16054
16330
16408
17124
18598
18777
19398
19811
20843
21711
23054
23508
25218
26006
27616
28454
28544
28792
31682
32066
32179
32455
33382
34303
34681
36044
38582
39662
39717
39953
