811
1662
1838
2703
2717
2872
3768
4004
5243
5507
5520
6552
7132
7233
8532
10465
11654
12436
12560
14450
18109
18830
18855
18902
19667
20541
20786
21503
22157
24034
25613
25661
25985
28315
29158
29309
31317
31438
31777
32072
32862
33891
35257
35506
39234
39855
40215
40390
40635
1690
1703
2641
2720
3932
6300
6592
6922
7269
7822
7950
7982
8243
8276
8613
9616
10174
10374
11524
13048
13630
13765
13956
14119
14793
14828
15576
16057
17950
18576
19838
20256
20966
21572
21623
22624
23021
23698
23965
24458
25843
28597
31107
31205
32662
33354
34828
35046
35432
36542
36806
37047
37258
37439
37503
38343
38416
38813
38998
39185
39615
39810
40328
40515
