1797
2100
3207
5243
5261
5702
5732
6040
9536
10116
15956
16222
16820
17676
18933
19302
19641
19664
20168
20252
20462
21645
21679
24497
24503
25657
25661
25697
25961
26191
26743
26914
27418
28027
28495
28525
30692
32241
32265
32267
32334
33297
33471
33953
34291
35148
35304
36278
36360
36962
37192
37986
38565
39055
39855
887
3045
3593
3737
3984
4518
4802
5673
8080
8613
9692
10015
10174
10789
11405
11713
14206
14588
14793
14887
14953
15166
15756
15923
16934
17189
18123
19501
19516
19811
20722
20888
22283
22310
22392
22590
24208
24452
25015
25683
25920
29494
29633
29732
30311
32702
32726
33354
34762
34828
35214
35332
36690
37577
38513
38679
39835
40328
