1140
3214
3856
4284
4325
6334
6914
7533
7724
7830
7912
7948
12000
13002
13088
13958
15745
16316
16588
18508
19135
19202
20462
21068
21119
21503
22511
22928
23996
24013
25875
26074
26223
26953
27561
27577
27972
28315
28684
28803
28924
30707
31821
32763
33271
33795
33900
35799
36280
36519
36923
37084
37826
38121
38359
40618
287
937
1703
1971
1996
2960
3107
4481
5570
5903
8922
9125
9478
9554
11196
11219
11356
11757
12920
13305
13854
14335
16136
16203
16491
18990
19091
19520
20488
20831
21690
21983
22333
23701
27196
27396
28678
29114
31718
32662
32855
33382
35046
35077
35314
35656
35711
35962
36615
36891
36955
37892
37965
38458
38686
39566
40551
