493
2692
3768
4199
5341
5732
5836
6404
7614
10071
11394
13800
14450
16502
16918
17058
17382
18109
18660
19214
19754
20036
22662
25086
25573
27389
29607
30748
30808
31319
33106
33670
33787
34089
37601
38359
38378
39234
39945
69
802
1446
1971
2707
3664
3746
4369
4417
4620
5975
6365
6906
7574
7594
8102
8120
8401
8611
13765
13768
13786
14378
14800
14955
15041
15214
15366
15714
16330
16684
17495
18020
18582
19091
19627
19888
20905
22697
22940
23448
23715
24008
25715
25739
26209
26532
26895
26947
27018
27144
27308
27530
27794
28792
29598
30235
30447
32066
32918
32976
33983
34336
35235
35329
35711
36806
37667
37948
38031
38416
39097
39348
39917
