618
1501
2569
2703
5424
5802
5905
6847
8576
10158
10451
10509
10603
10680
11770
11826
12431
12980
13219
13482
14547
14738
14795
14874
15170
16226
16316
16848
17058
17247
18325
18441
19214
19504
19695
20113
22688
22706
23102
23171
23317
23354
24707
26043
27122
27389
28034
28916
29607
31760
31980
33338
33510
33907
34835
35420
36520
36662
39747
39855
39945
40365
40415
25
29
1581
1832
3073
3299
4464
6877
7226
7413
8413
9799
10334
10869
14595
14793
14834
14955
16330
17571
17950
18565
18792
18901
19292
19368
19984
20248
22089
22697
22816
23786
24524
25185
25378
25485
27142
27530
27673
31693
33225
34105
34849
35263
37886
39035
39263
39662
39936
40617
