78
789
1190
1838
1999
2692
3856
4469
5411
5425
8418
8762
9545
10590
10640
11949
13800
13973
14261
16316
16331
18043
19504
20257
21341
23996
24135
24222
25149
26695
27100
27581
28027
31090
31167
31605
33271
33787
35304
35922
36383
37009
37307
38415
39322
1888
3036
3469
3801
3931
3984
4503
6353
7104
7437
7565
7950
10846
11078
11138
12472
14294
14349
14961
15756
16776
17441
18020
18566
20677
20766
20822
21171
21438
21982
22310
23194
24408
24452
25304
26574
27018
27096
27660
28902
29235
29649
30010
30171
30493
30942
31404
32690
32918
33225
33696
34044
34332
34538
34849
34975
36044
36891
37047
37287
37620
37640
38064
38195
38908
38974
39810
39887
