288
3993
3998
4444
5424
8260
10603
11297
11299
11635
13925
14005
14182
14590
16478
17676
17749
18389
18568
19019
19889
20257
21503
22591
23589
24464
24690
25586
26980
27334
28700
28914
29574
30238
30748
31374
31602
32025
32862
32902
33877
34669
35297
36247
37307
38090
40263
373
1271
1996
2707
3206
3746
3987
5878
6381
6440
7049
7275
7760
9438
9799
10255
10337
13765
13966
14294
15166
15356
16054
16684
16864
17404
18257
18737
18916
20806
22816
22903
23448
24023
25525
26276
27580
27616
27794
28290
28514
29287
30843
31006
32511
32662
32690
32726
33293
33823
33913
34332
34869
35142
35947
36430
36647
36690
37039
37352
37575
38064
38458
38679
39346
39917
