618
3071
3323
5702
6007
6384
7288
7702
10343
10568
10633
11242
11697
12045
12870
12897
14738
16495
18743
20138
20172
20856
23354
24861
26656
27888
27937
28803
29774
30087
30530
31296
32267
34030
35691
36785
37688
37726
39099
39684
40492
40635
40831
287
498
1531
1619
3787
4224
5460
5591
5988
6440
7315
8413
8426
9606
10035
11210
12094
12498
12543
12638
13050
14339
14887
15342
15756
16057
17025
18901
18945
19453
19520
19971
20256
21513
21663
22158
22448
23021
24205
25683
26738
26869
26947
27954
28289
29185
31006
31444
31680
32362
32702
33067
33381
35329
35562
35667
35780
36472
36955
37329
37654
38212
38343
38868
39079
39437
39615
39809
40351
40377
