2346
3214
3859
4298
5840
5931
6007
7132
8185
8664
11826
12089
12789
16833
18329
19045
20257
20346
21834
23589
23826
24006
25516
26579
26743
27703
27791
28700
29345
29671
29827
30238
30246
30773
31270
31277
33171
34669
35068
35181
35427
35442
35684
36152
36360
36520
37115
38270
38295
39855
40268
40602
468
1299
2450
4492
4620
5653
5878
6087
6381
7408
8359
8449
8922
9011
9400
9698
9725
10799
10805
11405
12236
13114
13603
13768
14800
15166
15342
16054
17189
17569
17691
17864
19172
21235
22392
22757
22903
23844
24333
24893
25062
25930
26288
26362
29174
29402
29840
30026
30843
33288
33825
34102
35077
35345
35667
36546
37185
38582
40175
40702
40834
