68
889
1792
3071
3993
4521
4938
5348
6088
7485
10214
11808
12045
12130
12274
13441
13485
15771
17372
17523
17866
18277
18386
18660
19664
19875
20361
20481
20906
23092
25961
26566
26946
27156
27326
27389
28160
28803
32241
33139
33571
34018
34323
34511
34853
35554
36896
37841
38056
38886
38939
39963
40390
142
517
708
937
1724
2288
2349
2877
3783
3801
4922
4987
6788
6877
6964
8064
8551
8922
9057
10822
10869
12041
12232
13956
16165
16576
16614
17257
17441
17851
18575
19687
19984
20578
21983
22903
23463
24740
25015
25073
25977
26538
26722
27422
27794
29024
29633
30691
31737
31944
32237
32455
32690
32714
36430
36542
37301
37619
39494
39626
