1939
2703
3207
3452
4859
5245
6860
7472
7897
8664
8946
10680
11697
12089
13209
13634
13800
14874
16642
17552
17661
19680
19754
20856
20904
21119
21341
21553
22727
23385
23901
25550
26074
26579
26878
28264
28700
30238
32267
32406
33510
34715
35322
35652
35684
35720
36923
38751
38780
39503
39855
40642
40854
468
498
537
708
1996
2473
4337
5166
5595
5756
5903
5971
7275
8243
9363
9974
10318
10708
10846
11405
11504
12480
12496
12864
12914
13721
13803
14961
15029
16578
18901
18945
19627
20450
20766
21207
21376
22655
23150
24676
25739
27144
27516
27627
29940
31060
31205
31672
32545
32876
33104
34006
35962
35991
36323
36647
36891
37620
38998
39437
