948
1277
1501
1999
2692
2929
4284
5869
6363
7233
7572
7817
10521
10561
10678
10705
11297
11592
12560
12715
13938
16675
16833
16840
18804
20257
20462
20558
20674
24013
24190
24805
25059
25381
25573
26817
26860
26946
27953
28315
28960
29179
29309
30283
32064
32494
32902
33471
35148
35322
36452
36662
38247
39539
39549
39668
40189
40390
142
605
1500
1832
4629
4725
4922
4951
5332
5570
6300
7310
7551
7942
8420
10488
11163
12160
12232
13049
13966
14422
14528
16042
17398
17569
17863
19643
20578
22089
23295
24522
25525
26468
27516
27697
27710
28085
30253
30311
31344
32024
32224
32895
34644
35027
35624
35667
36044
36751
38513
38868
38974
38980
39161
