566
1115
1357
1899
2139
2692
2872
2906
3998
5520
7047
7830
8194
8446
11943
12148
14547
14833
16519
17866
18426
20608
21627
21679
22543
22883
25059
25828
26147
26966
27583
28266
28665
28762
29520
29607
29827
30053
30313
30826
31448
31940
31980
32108
33471
33859
33953
34030
34933
36676
37115
37635
38115
38270
39977
40492
40582
1271
2053
2344
2707
3388
3605
3931
6089
6906
7294
7310
9011
10380
11402
11504
13114
13786
13818
14595
15061
15784
16042
16163
17184
17571
18682
18971
19025
19500
21295
22158
22206
24091
24647
25321
25444
25857
27794
28290
29490
30762
31195
31490
32287
32371
32702
32976
34681
35708
36250
36533
36893
36978
36994
37619
37904
