758
2139
2786
4032
4326
4692
7724
8632
9770
10629
11537
11808
13804
13958
14341
14991
15603
16588
16909
17801
18841
22591
23400
25397
25828
27046
27757
28213
28237
28608
28709
28788
29673
29872
31572
31738
32494
33510
33648
35322
35427
36662
37758
37847
37986
38121
38359
38780
39314
39367
39747
39927
40492
40519
1808
1996
2461
2726
2877
3036
3206
4627
4855
6060
6617
7104
7901
8413
8971
9177
10564
12591
14511
15461
16136
16776
17851
18020
19984
20137
20589
20919
20930
21235
22518
23698
24219
24322
24719
25321
27257
28522
28902
29589
30010
31254
32169
32976
33061
34102
34858
36451
36884
36891
36978
37373
38195
38980
39185
39717
39887
40327
40808
