1357
1870
1939
3058
4859
4938
6682
7661
7996
8759
8994
9869
10451
10680
11110
11826
14441
16924
17047
17105
17523
18329
19026
19909
20558
20786
23939
24222
24756
24840
25211
25516
25889
26861
26980
27046
27389
28169
28315
28965
32040
32143
34254
34554
34749
35308
37128
37787
37811
38886
39313
39668
40189
130
1703
2697
3812
4710
4876
5118
5266
5361
5971
6877
7437
7607
13630
13966
14528
15041
15166
15356
16484
16613
17899
18576
18857
20232
20378
21224
21358
21438
21593
22549
23701
24522
25321
25378
26303
26895
27927
28883
30109
30533
30950
32287
32474
32837
33350
33825
34289
34336
35345
35711
35991
36250
37405
39103
39161
39936
40312
40522
40683
