78
3058
4325
5520
5840
6435
7583
7774
9280
9333
9910
11943
13204
13209
13540
13600
18323
18423
18500
19026
19178
19387
19661
19664
20138
20421
20786
20988
21470
22883
24497
25016
25037
25188
25647
26579
27334
27751
27953
29158
30101
31605
32650
35754
37635
39747
40425
40519
40831
368
414
1680
3578
4627
5765
6219
6365
7275
7551
7594
7822
8120
8382
8551
8767
9057
9338
9692
11652
12605
13173
13374
13721
13808
13966
15724
16054
16871
17668
18565
18615
18682
19500
19501
20423
20589
20721
21237
21492
21711
22590
23528
24676
24706
25441
26526
26869
27434
27530
29967
31091
31352
33004
33067
35060
35623
36714
36806
38001
38686
38858
39155
40543
