20
1735
1999
4032
4298
6435
6791
8946
10139
11299
11592
12761
12897
13136
13149
13531
15745
16091
16502
18492
18723
18855
19754
20524
20904
20906
21834
25647
26147
26338
27849
28581
28608
28803
28951
30420
30565
30826
31062
31317
32743
32820
33297
33535
33648
33939
36247
36524
38406
38415
38909
39940
39945
605
1670
2350
2808
2896
3710
3801
5591
5902
6592
7437
8120
8971
10819
10846
12498
12750
13786
13981
14164
14349
14378
15538
15576
16165
16356
18028
19971
20148
20232
20578
20677
20843
21136
21237
22624
23023
24090
24524
25834
26047
26857
27196
28222
31414
32362
32544
32662
33130
33823
34681
34799
35027
36430
36690
36875
37169
39436
39626
40567
