417
1277
1346
1683
2254
3607
3656
4053
4502
4859
5341
6282
6337
6435
7091
7724
7897
8759
12089
13219
13447
13461
13804
14341
14418
15692
15926
18476
18743
19504
20152
20384
22040
22612
23092
27972
28299
28486
28665
28728
29275
29607
30333
32650
33891
34391
35474
37233
37826
37841
38585
39055
39219
39821
29
286
373
1344
1446
1500
2849
3062
3206
5361
6381
6452
6723
6922
7315
7496
7574
7769
8819
9852
11268
12317
13307
13386
14349
15873
15923
15971
17087
17569
18857
19172
19379
19988
20831
22757
22902
22940
23285
23328
23334
24091
24852
26084
27954
28522
28936
29598
32474
32512
32895
35667
35708
37258
37832
38420
38816
39776
39835
