1346
3310
4444
5802
5905
6040
6569
7533
7724
7908
7968
8000
9055
9391
10561
10640
12980
13692
13714
14874
15594
15771
16331
16509
19661
20576
20608
20752
21554
23092
23590
25299
25573
25641
26953
26966
26980
27583
28299
28303
28587
29158
31319
31602
33338
33707
34095
34234
35496
35986
37787
39503
456
1292
1996
3020
3710
3931
4132
5902
6219
7686
8076
8452
8823
9050
9482
9797
10822
11138
11524
12605
13305
13465
13767
14834
15876
15914
17184
17691
18496
18961
19567
19981
20137
20721
21467
22549
22984
23463
24616
25321
27530
28132
28522
29287
29970
30210
30298
30447
31163
31848
31987
34538
35027
35962
37329
37562
37620
38193
38749
39297
40797
