2100
2480
3656
4142
4618
5379
5520
6280
6824
6971
7233
7583
7724
8935
10509
12274
12679
13616
13692
15682
16675
17247
19407
20569
20643
22040
22738
25040
25613
25828
25875
26043
26861
27849
32025
32072
32763
32838
34414
36154
36455
37787
39330
39524
39575
40376
1063
3036
3321
3399
3950
4823
4902
5653
5903
7104
7437
8276
8365
8402
8613
8975
9819
11017
11402
12727
13721
13803
13854
13913
13956
14335
14422
15041
15876
16136
16165
16653
17526
19228
19398
19516
19628
19714
20450
20669
20766
21108
22089
22631
25269
26303
26988
27144
27627
28544
28563
30181
31107
31693
33481
33780
34130
34358
36566
36891
37577
38420
39297
39646
39924
39955
40211
