1158
2071
2717
2801
4032
4521
4852
5802
6361
8019
8664
9580
10071
10699
10744
12045
13110
13600
13798
15376
18109
18660
19213
19646
22591
23102
23898
24013
24882
24903
25985
26860
27674
28965
29166
30748
30785
34215
34715
36916
38002
38121
38270
38746
38751
38886
38909
38939
39234
39314
39322
39644
39855
40376
40642
40734
293
2813
2818
3206
3737
3931
4328
4455
5878
6859
7867
8685
9177
10035
10789
11175
13107
13435
13630
14961
15756
15929
16614
16684
16910
17257
17691
18542
18737
18990
21513
21995
22291
22902
23021
24208
27018
28514
31006
32035
32691
33067
33382
35329
35991
36472
37002
37656
37965
38214
38908
39155
39741
40688
40763
40764
40797
