1631
2264
2504
3859
4199
4325
5120
5207
5898
6007
6682
10079
10568
10705
11678
12449
12831
13761
14357
15170
17498
17552
17957
18176
18268
20558
20855
21352
23826
25331
25573
27068
27094
27674
27849
28581
28728
30101
31062
32650
32838
33535
33813
34126
34254
35377
36288
36962
37214
37599
39685
40365
40618
821
1531
2444
3020
3678
3787
4033
4548
4725
5166
5511
5753
7769
7773
9583
10035
10062
10564
10763
11118
11453
11713
11905
12327
14426
14953
15166
15538
15914
15999
17042
17087
17346
17423
18226
18971
19025
21690
22099
23528
23965
24519
26646
27128
29338
29402
31570
31680
31847
32606
34105
34849
35046
36430
36615
37169
37904
38194
39079
40797
