240
1158
2140
2742
2816
3207
5998
6914
6971
7233
8019
8133
8762
9055
9580
12274
12761
13497
13660
14991
16478
16999
17181
18561
18923
19765
24013
24690
24983
25059
25086
25148
26946
27740
27791
28435
30283
31079
31448
33766
34554
34866
35684
36154
36789
36896
37045
37522
38053
38476
38585
39453
39471
39974
25
660
1581
2184
3446
3708
3865
4922
5039
7292
7408
7686
9639
10318
10380
10488
10846
11196
11453
11713
12750
13050
14800
17385
17459
18961
19379
19852
21153
21156
21759
21888
21944
22903
23153
23334
25015
25207
26738
26803
27323
27927
29441
29498
29929
29967
30762
32268
32690
33381
34523
34704
34828
35332
35349
35991
36451
36994
39646
