242
889
1277
2121
2703
2816
5348
5732
5840
6824
7255
8664
9391
10261
10496
11299
11653
11943
12052
13112
13616
13634
14182
14527
16519
17957
18260
18441
19051
19889
20324
20384
20473
21410
21624
22157
22937
23346
23939
25016
26953
28960
29486
30333
31752
31936
35296
35297
35554
35978
37867
38115
38476
38909
38939
39334
39433
40659
575
2925
3456
3593
3605
3964
4417
7275
7565
8120
8402
9819
10035
11405
11871
12236
12914
14595
15550
16349
16710
17441
17863
18257
18566
18792
20822
20905
22333
22590
22697
22816
24458
25441
25525
25528
25739
27530
27698
28243
29598
29967
30109
30235
30691
31091
31107
31533
35314
36323
38214
38408
39437
39887
40522
