618
1025
1221
1501
3637
3856
4986
5747
6971
7614
8235
8860
9869
10263
10699
12150
12274
12431
13938
14547
15072
18176
19051
19202
19565
19646
19909
20138
22445
25374
26914
27114
27328
27583
27972
28587
29275
29671
30863
31760
31969
32494
34030
35474
35688
36455
36866
37462
37688
38002
38121
38247
38270
38702
39977
145
937
1808
2808
2925
3578
3909
3950
3964
4902
5753
5903
7226
7496
7505
10247
11506
12037
12236
12247
14800
14961
15461
16054
17607
19172
20758
21136
21207
21593
22177
22206
23316
25977
26362
26468
27516
29105
30447
30770
31163
31404
32606
33755
34694
34762
34799
35077
35329
36893
37122
37974
38080
38458
38686
39278
39297
40683
