242
3288
3536
5245
7134
10559
10568
11299
11678
12274
12715
13002
13136
13304
14357
15603
15682
17453
17914
18004
18423
19158
20002
20473
20752
21096
22202
22354
22400
23084
23726
24464
25188
25661
26043
26743
27693
28237
28336
29166
30028
30313
30929
30935
34089
34933
35252
35597
36280
36676
38121
38665
709
927
1299
1832
2094
2184
2477
3469
3664
3678
3865
4823
4892
5926
5975
5999
11138
11405
11472
12114
12905
13305
13307
13768
14528
14887
16864
18615
18634
18737
19838
20702
21164
21475
22816
24852
25444
25797
25834
26857
29967
30691
30926
32371
32541
33913
34737
35780
35925
35947
36566
36891
37965
38193
38195
38214
38408
38409
38998
39981
40778
