20
2121
2851
3808
4852
4913
5207
6569
7702
8033
8632
9910
10139
10263
12150
13112
16924
17866
17914
18007
18329
18416
18426
18492
19980
20078
21859
22354
22591
22612
22907
24034
25148
25641
25669
26323
27256
27684
28260
28709
28960
30036
30707
31738
34391
35257
35377
38415
38665
69
286
537
770
1506
1971
3045
4951
5971
7294
7683
8102
8819
8823
9400
13356
13465
13808
14335
14339
14834
15342
16057
17526
18576
18582
18702
19559
19984
20826
22089
22590
22631
24219
24322
24676
25494
25533
26806
27794
28241
29940
30762
30819
31570
32287
32455
32691
33058
34762
35077
35107
36277
36472
37039
37352
38193
38409
39717
39917
40328
40522
40683
40688
