2703
4199
6651
7702
8632
8756
10214
10655
11019
12702
12770
12988
13531
14261
15009
15026
16642
17055
17105
18416
18841
19430
19664
19695
20252
23996
24013
24317
24861
25889
26036
27094
28665
28914
29143
29442
29774
30980
31062
31079
31296
31605
31629
31936
32902
33035
33124
34254
34511
36247
36962
37214
37599
37635
37826
38002
38608
40734
937
1129
1271
2754
3073
3206
3388
3446
4455
4524
5118
5903
7741
8485
9482
9639
9819
9974
10819
13808
14528
14595
15029
15545
18582
19155
20248
20722
21108
21171
21759
22487
24852
25977
26600
27694
28200
29498
30887
31344
33061
34538
34644
34849
35060
35711
35862
35897
36277
37503
38193
38673
39381
39494
40149
