317
1372
2717
2872
3800
5245
6384
6671
6971
7134
7533
7908
8019
8418
9580
13482
16222
16393
17658
18268
18503
19664
20152
20252
20372
21410
23102
24861
26147
27149
27672
28315
28867
29671
30087
30826
31291
31572
33083
34092
34095
34254
35298
35597
36247
37165
37847
38090
39313
39703
40263
1271
1690
1888
3206
3865
4620
4629
6035
7453
7623
7901
7942
7950
8243
9269
9363
9424
9616
9725
9819
10334
10708
11118
12041
13721
14119
15669
15714
16491
17466
18123
18916
19453
20450
21207
22345
22698
24378
24985
25015
25517
26574
27694
28155
28222
28454
29114
32544
32926
33293
34644
35062
35562
36451
36714
37329
37656
38195
38458
38513
38536
39494
