891
1115
1190
2121
2906
3310
3795
3827
5411
6155
6932
9910
10629
12000
12845
13415
13482
13677
13853
14936
17418
18492
18855
20152
20384
20481
21151
21341
22706
22937
23120
23171
24190
24374
24863
25809
26147
26966
27190
27328
28160
31899
32190
32743
34095
35427
37479
38044
38608
38669
38754
40101
137
727
2754
3708
4064
4876
4902
5713
6300
6326
7453
7565
7781
8243
9057
9852
10430
12236
14031
14252
17571
17712
18566
18576
18792
18916
19844
20702
20824
21235
21467
21603
22291
22624
23844
24458
27091
27187
27516
28081
28792
29929
30047
30518
31414
32976
34289
34975
35314
36451
36615
37018
37832
38868
39381
39775
39810
39909
40190
40258
40778
