490
1662
1783
1870
2240
2346
4444
5626
5802
6361
7572
8133
8446
10451
10633
10806
11697
12000
13019
13158
13871
14450
15944
18181
18830
18923
19661
19729
19994
20138
20324
20343
20836
23598
23789
24472
24891
25669
27122
27703
27822
28266
29179
30297
30313
31291
32922
33510
36946
37970
38174
137
1619
2344
2431
2473
3708
5118
5166
5785
6365
6906
6949
7875
9374
9819
11017
11356
12079
12337
13385
13630
13672
13981
14521
15115
15914
16614
16864
17569
18123
18284
18945
19628
19981
20287
20758
21350
21888
22537
23054
24706
25834
26084
29490
30023
31342
31444
31737
32545
32741
32976
33067
33293
33409
34799
34975
36729
37575
38193
38868
38980
39955
