1999
2550
2703
3058
4004
4342
4502
5263
5628
9361
12276
12436
13545
16848
17047
17866
18260
20030
20384
20836
20856
21068
21906
22591
22787
23120
23589
23826
24135
24513
26817
26878
27583
28160
28336
28965
29344
31320
31602
32752
33766
33939
34554
35296
36337
38050
38053
38090
38780
39192
39322
40642
137
226
284
1160
1168
2473
2925
3909
4464
4951
5332
5753
5818
6353
6526
6691
7315
7875
8473
9269
10430
10805
11757
12498
12727
14206
14961
15029
16349
17466
17851
18496
19292
19443
20919
21759
21982
22590
22958
22984
23455
23786
24524
25185
25683
26419
27142
30026
30962
31163
31570
32111
32474
32702
33917
34694
35142
35214
36430
37153
39917
