417
1115
1683
2087
2848
4142
5905
5998
8632
8759
9055
9238
11394
11678
12988
13616
13627
13853
14341
14541
14738
16091
16918
17013
17105
20172
20473
20481
23590
25016
25647
26695
27861
28495
30306
31899
32763
33739
35474
36524
37165
37522
38069
38090
38653
39099
39524
39539
40054
137
537
2707
3708
3710
4224
4328
4492
4524
4627
5971
5999
6060
6788
7035
7565
8716
8834
8968
9438
9799
11652
12317
14207
14528
16653
16934
17346
17404
17466
17950
18020
18399
18857
20023
20843
21667
21910
21983
22958
24008
24205
25207
25944
26362
27257
27329
28289
28837
28936
30253
30926
31006
31060
31195
32918
33061
33462
38214
38967
39297
39659
40543
40551
