1631
2106
2901
3416
3856
6682
6914
7132
7948
8632
8960
10559
10633
13110
17105
17874
18004
19646
19765
21834
21859
22972
23102
23317
23826
23898
24135
24707
25086
26404
27149
28089
28169
28587
29544
31338
31779
31899
32820
33535
33670
33707
35684
35799
36811
37011
37811
37867
38069
38909
39644
40569
40779
29
927
1703
2813
3388
3624
3737
3950
5971
6859
7809
8365
9725
10564
11472
11629
11905
13457
13786
14031
14349
16356
17398
20450
20766
21309
21376
21492
22077
22345
22831
23150
24445
24676
25015
25062
26738
26857
27616
27935
27992
28454
29185
30521
31570
31724
31847
32111
32362
32544
32545
32855
33004
34523
34849
35329
39161
39437
39981
40764
