811
2100
2254
2550
3002
3214
3536
4053
4142
4588
6280
6337
6384
6682
6847
7661
7830
9143
9770
10343
11297
12770
13876
18129
19430
20346
20361
20736
21345
21554
22612
23102
23996
24222
24374
25188
25299
25337
25381
25516
28435
28525
28709
28788
29161
30036
30671
31969
32406
32752
32763
33083
33254
34095
35181
35380
35496
35684
35837
36789
37128
38378
38584
38665
39314
601
1271
2896
4369
5124
5713
6906
7437
7982
8064
8120
9057
9216
10337
10805
11506
13312
13480
14125
14528
15029
16162
17950
18123
18385
18901
20589
21156
21944
22757
23701
24647
26803
27516
28085
29265
29940
31414
32691
32726
34358
36729
37185
37439
38967
39263
39799
40155
