1799
2801
2848
2978
3452
3859
5732
7485
10568
10603
11592
11635
12680
13692
15106
16316
16946
17790
18054
18841
20036
20343
20361
21210
21645
21834
21859
22400
25331
25374
25886
26743
27583
27671
27674
29275
29671
29795
29872
31958
31980
32479
32672
33139
35181
35222
35252
36249
37045
37826
130
783
4337
5903
5926
6060
6300
6949
7773
8008
8613
9839
10708
12079
12232
13214
14119
14146
14206
15437
15669
15727
16408
17087
17345
20746
20824
20831
20888
21358
21438
22310
23508
24378
24445
24616
24740
25494
25517
26006
26574
26806
27329
27697
27710
28222
29498
29633
30633
31487
31552
31570
34799
36316
36566
36955
36978
37188
39348
39615
40175
40328
40543
