1158
1228
1372
2742
2860
3547
3800
4342
6860
6914
9770
10633
11269
11513
13304
14608
14833
15603
15741
15926
17203
17372
18313
18350
19664
21554
21713
23303
23400
24464
28336
28587
29143
31380
31602
32406
32758
33670
34530
35181
36524
37635
37867
38122
38909
39204
39330
39549
39974
286
1808
2344
2983
3388
4328
4951
5839
8008
8603
9177
9639
10174
13689
14206
16864
17404
18399
18575
19352
19988
20332
20905
20972
21156
21309
21492
21951
22549
22697
23295
24208
24543
25444
25533
25757
25944
27142
27187
27280
27323
27329
27580
28243
30023
30962
31134
31381
32474
32702
33061
33067
34735
34935
34975
35077
35939
36003
36044
38194
38372
39278
39659
40211
