1683
1999
2100
2480
2717
3071
3768
5836
7233
7830
8942
9869
10261
11299
13600
14738
14936
14991
15009
15692
15745
17874
18133
18323
19504
19754
20030
20172
20324
20437
20674
20855
21341
22411
22706
24190
28435
28495
28762
28965
29166
29345
29369
30112
30283
30333
30785
31270
31374
31779
32905
33106
34442
34715
35916
36789
36896
37787
38476
40480
1292
1605
1659
3062
3812
4855
5118
5332
5713
5832
7437
7594
8076
8087
10488
10819
11405
11652
11713
11871
12327
14378
14390
15410
15550
17899
18653
18932
19567
20946
21108
21805
21944
23474
25528
27472
29024
30026
30762
31344
31775
32895
33703
33825
34935
35667
36003
36647
37133
37229
39079
39495
39799
