1140
2106
2240
2275
2860
4065
4588
5840
6503
7134
8074
10261
12789
13019
14115
14833
15026
16091
17498
17599
17914
18004
18181
19985
22411
22591
23317
24863
25669
29574
31317
31396
32072
32334
33535
35257
36154
36337
38270
39313
39453
39760
142
293
391
2288
2808
4892
5124
6691
6795
7049
7428
7773
7979
8008
8359
8382
8402
9216
9424
9983
10334
11472
11713
12498
12654
12914
13435
13465
14566
15166
16136
17398
17571
17860
18309
18385
19520
20669
20831
21711
21995
22590
23148
23844
23965
25152
25857
26288
26937
27294
27673
27694
28081
28629
28678
29422
29942
30253
30298
30533
31487
31672
34130
34137
35314
35637
37122
37133
39810
40328
40515
