1025
1158
2106
3323
3512
4298
4325
5120
6363
6914
8074
8260
8935
10214
11299
12045
13482
13692
13871
14182
14382
16111
16901
17181
17552
20419
20421
20988
21554
21640
22688
22883
23400
24690
25961
25985
28086
28089
31380
31629
34254
34391
34554
36152
36785
36931
37986
38746
39219
40602
1271
2896
3388
3783
3801
4098
4464
5673
5975
7150
7292
7496
7536
7822
9839
10430
11138
11472
12317
12794
13468
14206
14339
14426
14511
14824
15048
16163
16165
16934
17087
17691
18702
18777
20472
20905
21358
22720
22731
23844
24608
26937
26947
28081
28241
29265
30871
31195
31205
31552
32371
33061
33823
34069
35732
35991
36044
37258
37886
38408
38908
39887
40175
