1115
2154
3194
4521
5207
6384
6914
7572
7817
7996
8858
10521
11110
11943
13482
13543
13616
14608
16316
16331
16543
17181
17372
18043
18054
19430
19641
22595
23590
24503
24840
25016
26860
27156
27888
28606
28704
30087
30581
31116
31374
31612
32752
32762
34083
35691
35916
35922
36360
36520
37336
37787
38746
39453
39855
40635
404
517
1893
2697
3036
3593
4290
4710
4823
4987
6440
7035
7253
8402
9013
9017
9482
9587
10015
12496
12591
14143
15756
15914
16604
17860
18901
19710
19743
20671
20946
21295
21623
21711
23528
24647
25533
25683
25757
26276
26532
26963
27182
27196
27694
28155
29422
29490
31254
31552
34105
35136
36806
37528
37619
37667
39981
