1025
1631
2872
3477
5207
5243
5998
6155
6384
6682
8532
9143
9280
10261
10529
10806
11943
12000
12679
13660
13925
16478
17418
17427
20152
20437
20674
21341
22907
25886
26540
27100
27326
27561
28089
28264
28914
29574
29607
30707
31760
31862
33106
34215
34715
36152
36278
36862
36946
37011
37084
37479
38754
38780
40376
40618
1703
2349
2720
2950
3107
3321
3967
4485
4725
5039
7269
7370
7950
8420
9400
9482
10708
11138
11196
12041
12317
12591
13133
13808
13902
15929
15999
16162
16910
17461
18734
19348
20423
20669
20826
21108
21759
22631
23328
24070
25977
26081
26600
27170
27794
29422
29490
29598
32474
32512
32714
33823
35142
36690
37317
38536
40258
