356
889
2087
3512
3859
6404
6552
6824
7015
8960
10629
10655
13938
14225
16918
17352
17453
17540
18460
18503
18743
18923
19213
19870
20018
21151
22104
22781
25354
25381
25875
25961
26953
27577
27757
27811
29369
30297
30692
31980
32025
32316
32475
32650
32784
33707
34749
34779
35068
36452
36946
37165
38053
39313
40779
517
937
1737
2289
2950
3587
4033
4231
4481
5029
6219
7639
7683
7809
11138
11268
11506
12782
13767
13966
14566
15067
15366
16054
16234
16408
16504
17025
19998
21467
21711
21827
22089
23148
23715
26646
26722
27422
27694
30526
30762
31107
31344
31378
31625
33061
34102
34644
34735
34828
35332
37317
37577
38919
39263
39494
40683
40834
