3547
5379
6186
6514
6539
7050
7542
7830
8133
9580
11635
12449
12751
13362
13627
14738
15009
17047
17351
17523
18329
18460
18561
19045
19302
19646
20252
20608
21627
24513
25299
25961
26074
27100
28525
30333
30929
31291
31380
32064
32316
32820
33648
33843
33939
34030
34215
34554
35799
36520
36524
36931
37847
38174
38493
38746
38761
39314
39668
40569
414
708
2289
2925
4126
4876
5039
6617
7496
8120
8779
9424
9698
10789
11402
13493
15029
16536
17184
17691
18792
19348
19501
19988
21108
21291
21827
22902
24616
26362
27042
28222
28909
28936
30023
31342
31344
31378
31847
32726
33409
33825
33913
34105
35314
35711
36851
39155
39809
39981
40235
40328
40551
