356
743
2265
2742
3207
4859
6791
7015
7091
7968
8960
10343
10699
11792
12321
14936
15170
15936
16339
16675
17247
18460
18532
18660
20419
20541
21410
21906
22688
24222
24374
25586
25875
26074
26743
28684
28704
28728
29275
29921
30053
30420
31296
31438
32406
32672
33843
34406
35684
36288
36452
37011
37479
38751
39204
145
414
1160
2818
3446
3708
4417
4485
5118
5460
5595
6035
7760
8008
8102
8382
9639
10374
10908
11472
12037
12247
12426
12496
12638
12914
13818
13913
14334
15929
16234
16599
16710
18916
19567
22757
24706
25977
26806
27096
27694
28883
30691
32179
32545
33288
33484
35925
36533
36566
36893
37122
37287
37654
37892
38064
38816
39981
