417
2906
2914
3768
7132
8532
8632
8756
10678
13110
13136
13485
14230
14991
15883
17351
18109
18329
18640
19051
23120
23322
23500
23598
23898
24472
24903
26656
27561
27671
27693
29673
29795
30306
30333
30785
31062
31296
31777
32316
32862
33271
35297
35442
35720
36785
37128
38584
39453
39650
40054
40101
345
391
1299
2289
2849
3321
3778
4126
4140
4902
6877
7049
7226
7413
7574
9797
13803
14335
15873
15876
16234
16484
17479
18598
20023
20148
20332
21827
22177
22488
23497
24452
24787
25404
25683
25739
26803
27329
27967
29732
30173
31724
31987
32362
32606
33067
34044
34197
35107
35329
36404
36498
36875
37188
38080
38673
38908
39917
40175
40560
40764
