2522
4191
4521
5425
5802
5869
7996
8007
8074
8576
11635
14261
15072
17372
17874
18492
18508
19026
19045
19302
19646
20002
20004
20113
20152
20384
20693
21079
21096
21627
21859
22595
22787
24135
24690
25040
25337
27581
28089
28264
29442
29795
31612
31936
32025
35304
35427
35496
35688
36520
36662
36911
36923
802
1832
3020
3737
3931
4902
7310
7408
7594
9698
10015
10819
11223
11504
12080
13107
13307
13689
14252
14294
14955
16864
17950
18971
19453
19714
19852
20488
22697
24091
24522
24676
25015
25638
26303
26722
27308
27530
27697
28932
29105
30962
31404
32474
32544
33696
33913
34447
34644
34735
35962
36044
36806
36893
37405
38686
38749
39495
39662
40327
