758
1357
1838
1939
2742
2786
3194
3808
3856
4342
4913
5500
5836
6824
10561
10633
11242
12436
12789
12845
13002
14230
15026
15716
16502
17658
18260
19664
20252
21352
22219
22411
22612
23500
23726
24690
24805
26043
26404
27674
27751
30306
31296
31605
31752
31969
32108
32143
33471
33795
34323
35297
35358
36247
36896
37739
38174
39322
39940
40415
40569
1971
2431
2849
3801
4140
5570
5999
6353
6788
7942
8611
8968
10641
11078
12480
13386
13981
15067
15410
18174
19352
19500
20333
20378
20722
20806
21136
21358
23021
25404
26468
31163
31430
31682
31718
32606
32702
32837
33696
34324
35345
35623
35656
35939
36891
37185
37548
38409
39035
39437
39659
40328
