356
3656
3800
5243
5245
6543
7015
7134
8762
9413
10096
10561
12321
13461
13482
13876
17523
18268
18508
18947
19214
19985
20693
20906
22202
22444
22612
23092
23695
24503
25059
25148
25661
25697
25722
25961
28762
29161
29442
29607
30671
30692
31752
33035
33083
35222
35922
36084
36455
36519
36662
37045
39334
39503
39524
39614
39644
537
727
927
1619
3088
4481
5029
7536
8819
9839
9898
10062
10822
12480
13048
13920
14206
14334
14528
18028
18170
19025
19368
19481
19852
19884
19888
20450
20746
21759
22590
24023
25082
25638
26419
26532
26988
27329
27536
28096
28289
29343
29598
30063
31107
31987
34044
34644
36187
36564
37948
38213
38928
39437
39495
40235
