1277
1631
2100
3607
4284
4884
5245
5263
5732
6155
7661
10158
10568
10629
10744
11653
12148
12450
12715
13219
14357
16495
17047
17203
17661
18560
19695
20437
20505
23322
23385
24911
25889
27122
27577
28303
31605
31748
32040
32064
33510
34779
36084
36154
36916
37811
37826
38121
38494
39099
39567
40415
130
505
783
2444
3737
3865
4064
4224
5818
6089
7294
7565
7867
8401
8823
8922
11210
11629
12472
12782
16614
17668
17864
17927
18857
20897
21091
24458
25843
26299
27323
27698
29568
30024
30181
30210
31414
31510
32662
33004
33188
33293
33913
34044
34137
34185
34284
34538
35214
35329
35667
36533
37965
38080
38212
38361
39717
39799
40136
40560
40763
