566
1140
1211
1346
2848
3768
4065
4164
6851
7233
7288
10465
13692
13729
13800
13871
14261
17181
17801
18129
18804
18933
19754
20018
20152
20346
20361
20791
21151
22738
22907
22913
23120
23898
25299
25613
26676
27100
27389
27577
28788
28817
28924
30087
31320
32025
32905
33859
34114
34126
34414
37192
37462
37811
38002
38090
1001
1737
2818
3045
3073
4492
4892
5361
6749
8276
8420
8551
8613
8699
8767
9057
10003
10349
12010
12654
13049
13173
13767
15074
16165
17345
17851
20946
20972
22099
22782
22984
23474
24524
24769
26722
28290
30063
30843
31163
31614
31737
32099
33354
34284
35732
36323
37258
37287
37373
37654
38582
38673
39776
39936
39953
40515
