811
1190
1221
1277
1346
4032
4444
4502
5153
5702
6014
6186
6682
6824
7255
8860
8946
11019
11949
12255
13209
13616
18503
21172
21470
22595
25516
25828
26164
26980
27114
27153
27561
27671
28169
30980
31270
33035
33297
33571
33907
34511
35688
36298
37336
37758
37847
39855
40376
307
468
1619
2288
2700
4869
5570
5902
6326
7150
8299
8779
9346
11905
12472
12920
13048
13148
15437
15461
15971
16576
17398
17526
18020
18582
18857
18985
19844
21108
21513
21951
22333
22631
22984
23463
25378
25494
26574
26646
27257
27536
28241
28454
28792
29540
30950
30962
32237
32726
32895
33225
33703
34324
35897
36003
37047
38193
39440
39494
40560
40567
40672
40702
