1228
1783
1838
2692
2901
3194
3656
4692
5701
6384
6860
6969
7817
8935
9055
10261
11084
11235
13381
13600
14230
14547
16226
17498
18508
19178
22738
23385
24190
24495
24503
24840
25374
28867
29025
30028
30420
31270
32820
33271
33707
33787
33859
35322
35684
35799
38909
39204
39313
39433
39685
39974
40218
601
1605
2896
3456
3931
4140
4548
5653
5988
6300
6381
6964
7950
8120
8485
9725
11472
12404
12638
14349
14521
15923
16165
16613
16864
17479
17851
17860
19844
20137
20897
21513
22757
23701
23715
24519
25185
25304
25930
26947
27096
27516
27616
30521
30843
31483
31625
32099
32741
33780
34681
36323
36472
37317
37548
38420
38816
39741
39887
40377
