493
816
2265
2692
4502
4827
5150
6682
7774
7996
10603
11242
12052
12089
12150
14738
15531
16331
16393
16543
16924
16946
17047
17382
18640
19565
19661
20004
20505
21079
22662
23590
25299
25722
26404
26860
28169
28213
29607
29921
31821
32064
32190
32762
33828
34018
34511
35308
35799
36280
36294
37163
37522
37878
38044
39539
39575
978
1724
2477
2697
4725
4869
4922
5713
5765
7310
7543
8064
8359
10487
11871
12010
12696
12920
13048
13708
15074
15115
16136
16980
17309
17479
18576
18985
19348
19998
21108
21224
21295
21450
24458
24522
24787
25834
29024
30173
31552
31627
31847
33004
34048
34249
34681
34694
36404
36535
37503
38001
38679
39603
40149
40258
