1085
1629
1899
2717
3071
4004
5153
5931
7774
8194
8438
9280
10158
10559
11513
12751
15594
16833
17276
18386
18561
19202
20078
20926
21151
21679
24844
25175
25661
25789
25985
26338
27190
27811
28495
28867
31296
31396
31748
32072
33171
33471
36520
39055
39330
39433
39977
40779
69
1724
2754
2960
3737
3987
4917
8175
8355
8485
9013
9057
9482
9602
9898
11453
12750
13173
13385
14339
14826
16234
16491
16578
17042
17863
20248
20943
21323
21888
22940
23285
23786
25152
25977
26600
26827
27294
28883
29494
29568
29598
30210
31254
31381
31404
32111
33004
33054
33225
34010
34069
34249
34574
34762
34849
36533
37185
37528
37926
38458
38928
38967
39035
39646
