2139
2214
3071
3475
3607
4986
5507
6088
7830
8194
9356
12761
13497
13714
14541
14608
15771
16226
16588
16924
17540
17914
18043
18426
18561
18804
18841
21367
22104
22202
24503
25573
25889
26674
26860
29369
30112
30420
31448
32025
32820
36383
36789
38282
38886
39453
40215
40218
29
802
1659
2053
2344
2813
2960
3052
4548
5903
5926
5988
6526
8452
11210
11905
12079
13981
14390
16684
17025
17691
17927
18020
19091
19352
20248
20824
21091
21475
22089
22345
22655
22984
25977
26803
27144
27660
27673
28096
29422
30063
30871
31134
32179
32855
33130
33225
34130
34336
34799
34975
35046
35897
36187
36955
37373
37528
37886
38998
39495
39646
40155
40351
40543
