68
1999
2623
2703
2978
3607
3859
4004
6282
6491
6543
7583
10226
13019
15716
15936
16393
16820
17105
17247
19646
19754
21859
22907
24034
24756
24903
25354
25985
26338
26631
27046
27328
28709
28803
28914
30085
30808
32106
32223
32406
34835
35597
37128
37601
38050
38426
39685
39747
40218
468
605
2531
2726
3299
3578
4231
5511
5653
5878
7370
7758
8442
8761
9616
10374
10789
11196
12037
12041
12782
12794
13480
13956
14595
15214
15714
16871
17309
17385
17479
17607
17863
18399
18777
19228
20047
20332
20333
20946
21164
21350
21450
21467
22488
25517
25834
26468
27697
28243
28290
29338
29929
30526
32099
32904
33293
33596
34185
37577
38974
39672
40327
