317
2901
3512
4522
4859
5802
6088
6682
6847
8692
9580
10699
11019
11242
11592
13019
13497
14608
15944
17523
17957
18532
19889
22662
23254
23598
24125
24317
24707
24756
24805
24863
25550
26914
29344
30246
30370
31862
32040
32241
32265
33670
34749
34853
35281
36280
37726
38426
39234
39334
40101
40415
927
1619
1832
2344
3052
3587
4954
5332
6300
6788
7543
7809
7950
9013
9583
11402
11951
12236
12472
14378
14828
14953
15826
16864
17569
17571
18857
19292
19891
22731
22958
23497
24333
25441
25944
26827
27142
27580
27660
29265
30942
30962
31680
32508
32662
32895
33293
33596
34006
34102
34303
35314
35732
36451
36546
36566
37122
38193
38195
38213
39436
