78
493
1214
2703
2851
3547
3827
4618
7344
7472
7996
8692
9003
11297
12052
12321
13149
13158
13304
13441
14450
17223
17980
18004
18181
18329
18500
18568
18841
19178
22269
22591
22595
22787
25569
25854
25921
28606
30036
32223
32902
33648
34406
35799
37479
37847
38053
38247
38584
40101
40618
345
1344
1680
1736
1996
2288
2289
2344
2461
4290
5511
5653
7104
7370
7408
7505
7875
8175
9639
9974
10789
12037
13386
13767
14146
15826
17864
18020
18496
19398
19988
20806
21171
22310
22392
23786
24091
25525
25944
28453
28454
29287
31614
32024
32127
32268
32726
32926
34069
34358
34799
36250
36331
36851
37160
37832
38195
39495
39909
39917
39981
40672
