362
891
1115
3194
3917
5348
6334
6373
7394
8235
8438
8860
10568
11624
12130
13441
13871
14376
15956
17276
19794
20168
20252
20343
20569
20693
22662
22688
22928
23996
24190
25613
25886
26676
26966
27100
28665
28867
29520
29774
29872
30053
30826
30935
31320
31899
32784
32838
33739
33813
34126
35986
37115
38090
39522
142
3036
6305
6691
6749
7108
7253
7315
7901
8359
8613
9177
9799
9852
10708
10869
11223
13721
13966
14207
14824
16234
16963
18385
19025
19811
20754
20943
21492
24445
24676
25525
26034
26209
27927
28241
29375
30171
30942
31672
31848
32606
32768
32926
33382
33462
33696
33913
34332
35107
35136
35263
35780
36542
37926
39079
39981
40688
