1797
2100
3323
3917
5411
5747
7830
9770
10096
10629
11678
11697
11792
14261
14418
14874
16091
16331
16393
17427
17661
18109
18277
18568
19158
19641
19680
19839
20343
20419
20505
20926
21470
21906
23726
24013
25354
26253
27334
28581
30333
31602
31760
32905
33535
33953
34511
35932
35986
37214
37787
37826
38211
38751
38761
38780
39099
40215
505
2931
3073
3778
7453
7574
8359
8603
9587
9721
10822
11017
11652
12496
13305
13966
14511
15410
16165
16684
16864
17950
19140
19628
19710
19981
20248
20722
21982
22099
22984
23455
23474
24205
25185
25485
25683
26646
29395
30871
31533
33392
33462
34289
34303
34704
36044
37188
37548
37575
39161
39348
39835
39953
40778
