20
1025
1115
2154
2522
2901
3607
4469
4986
5898
6186
6969
8994
9869
9910
10071
10918
11394
12449
13804
14341
14541
16225
18109
18268
18492
18500
19661
19909
21554
22595
22723
22781
23400
23500
24006
24513
25299
25854
26338
26817
28803
29520
30238
30565
30707
31090
34669
35684
36946
37233
37336
37462
37599
38493
38886
39821
40492
293
1001
2525
2950
3446
4568
4627
5164
5591
6219
6268
7104
7979
8080
9177
9761
10487
11138
11402
12236
12247
12543
13049
13956
13966
14119
14588
14595
15342
15623
16165
16330
16614
17712
17860
21759
22902
23474
25082
25488
26034
28243
28453
31091
31533
32237
34289
38967
39161
39263
39776
39953
40258
40567
40702
