1211
1228
1542
1683
2848
3288
3795
3856
4326
5869
6337
9934
11084
12436
13362
13447
13543
13973
14527
16478
16999
18268
18323
19430
20036
21554
22594
22928
23385
24331
25908
26074
26695
27757
29170
30692
30808
31317
31396
31572
34669
35720
35799
36455
37599
38493
39522
39760
40425
40831
226
3593
3987
4518
6087
8026
8803
9050
9057
9363
9819
11713
12079
12317
12480
12498
12591
12750
13305
13435
13603
14793
16046
16565
16604
16684
16864
17607
20758
20922
21309
21358
22283
22310
22488
22816
24091
24378
24522
24893
25404
25683
26827
26895
27698
29221
29589
29967
33061
33381
33392
34048
34185
34289
35939
36316
36451
36528
37619
38458
39155
40543
40797
