240
549
1870
2019
2816
2914
3536
4199
4521
6155
6186
7724
8860
10261
10742
11678
12045
13149
14833
15956
16339
16909
17276
17418
17523
19646
20437
20855
21151
21906
22354
23317
24513
25813
25889
26404
26946
30297
33124
33828
35257
35837
36662
37214
37726
37826
38476
38761
39330
39453
39644
40659
40711
1974
2697
3593
4290
4627
5902
6219
8102
8355
8401
8767
9602
9725
10374
13981
15826
15876
16042
16234
16698
17184
17441
17927
18257
18284
18385
19447
19884
20721
20766
20897
21376
21572
21667
22089
22782
24608
26738
27794
28081
28222
28453
28834
29395
29402
30181
30521
31060
33104
33983
34869
35318
36316
36498
37188
37258
38033
39659
40402
40763
