356
1085
2758
4284
5701
5898
6503
7948
8762
9910
11592
12321
12751
13362
13938
15716
19158
20437
21627
22219
23695
24707
25641
25669
26953
27581
27583
28034
28169
28587
29344
29528
29774
30657
30773
31448
32479
33751
34749
35257
35322
35380
36084
37233
38702
39503
39963
40425
802
3710
5673
5971
6440
7104
7150
7408
7574
7950
8299
10247
10318
10487
10641
10789
10846
11163
11564
13107
13966
14125
14207
15623
16710
17423
18309
19411
19500
19567
19687
19743
20378
20488
20677
21603
22291
23150
23786
25207
25466
25528
25834
26290
26600
28454
29114
30119
30926
31487
32169
32606
32702
33054
33130
35060
38372
38749
39381
39672
39809
39887
39917
39953
40808
