288
1372
2860
2872
2901
3416
5747
6186
6791
7062
7912
9055
9143
9413
11635
11943
13938
13973
15956
16393
16642
17247
17523
18043
18277
19051
19980
20856
22591
24013
24222
25789
25875
26695
27937
29872
30028
30079
30645
30785
31374
32494
32820
33535
34414
37462
38247
39942
40390
226
530
1500
1703
1724
1864
1893
3787
4328
4369
4481
6365
6691
6964
8008
8026
8613
9303
9639
10035
10708
11210
11757
11915
12605
13956
14334
15914
15971
16408
17461
17864
18174
18226
19170
19984
19988
20806
22549
22831
23150
23455
25444
26538
28243
28563
28932
29375
30171
30526
30533
31107
31510
32541
33825
34185
34762
34935
35711
36323
37122
37503
39297
40764
