1211
2480
3656
4326
5507
5802
7572
8185
8692
10806
12560
13545
15682
16642
17055
17300
17874
18032
18129
18723
19994
20030
21345
22738
23084
23695
24034
25397
25813
26676
27328
28086
29025
30645
30671
30935
31317
31438
32143
33271
33670
34835
35358
37635
38754
40189
80
821
1271
2641
2704
3710
4132
4224
4954
5673
7035
7269
7496
7639
7950
9374
10869
12048
13049
14109
14334
15074
16042
16057
16330
16696
17124
17863
19091
19350
19811
20148
20287
20806
20919
20972
21237
21663
22099
22698
23474
24070
25185
25444
26722
27144
27967
28563
29441
30235
30298
30521
31570
32035
32855
32904
34694
34737
35967
36806
37039
37287
38214
38858
40258
40551
40672
