758
1542
2692
4164
4986
5348
6280
6543
6932
8235
8935
8946
8994
9143
10079
11235
11486
11874
13627
14182
15601
17801
19729
19870
21640
22269
22411
22972
24840
25040
26953
27888
28260
28684
28916
29179
30530
30565
30671
30748
30773
31602
31936
31958
32072
35148
35986
36896
36911
37601
39099
39685
1605
1619
1996
2184
2288
3020
3088
4290
5903
6906
8365
8767
11219
11652
12113
13913
13920
14109
14207
14378
14390
15545
16614
16963
17042
17466
17607
17899
17927
18170
19140
19443
20806
20831
20897
21572
22697
22984
24414
24522
24647
24893
25466
25944
27043
27616
29105
30173
30819
31205
31490
34332
35027
35142
36331
36564
37654
38673
38998
39297
40617
