417
1085
1631
4444
4469
5150
5245
5892
7255
7996
8077
8406
8858
10496
12150
12531
13019
13158
13219
14833
16222
19051
24006
25331
25661
26861
26966
27156
27740
28486
31167
31270
31602
33139
34089
34435
35222
35506
35837
37336
38211
38378
38494
38746
39433
40480
287
456
821
2461
2473
4987
5332
5713
6300
6526
7035
7269
7280
7292
7315
7867
7942
8699
9721
9983
10015
11504
11506
12113
12426
12591
12703
13457
14521
14528
16136
17286
17691
17864
17950
18856
19574
20032
20423
21623
24008
25834
27247
27434
27516
28200
30173
30533
32179
32512
33225
33913
34694
35107
35235
35263
35624
35637
35667
35732
36535
37640
38001
38228
38673
38679
39603
