2504
2569
2978
4053
4852
5626
6361
6543
8133
10025
10158
10559
10633
12436
13804
14182
15716
15883
16833
17055
17203
17427
18007
18508
19026
20018
20361
20421
20786
23092
24911
25921
26147
27326
28299
28336
28606
30581
32922
34933
35257
35449
36360
36452
37601
37726
38378
38761
39433
40425
1996
2053
2726
4231
4620
4710
5164
7035
7370
7408
8008
8080
8413
9017
10247
10799
11138
12010
13050
13920
14422
14588
15366
16136
16203
18777
18857
19567
20831
20897
21156
21358
23150
23698
24091
24509
25269
27323
29568
30023
30493
31430
31682
32179
32237
32741
33130
33293
33484
33822
34102
34447
36003
37439
37620
37892
38193
38919
39097
39263
39981
40551
40702
