20
2623
3002
3477
3607
3998
5520
6280
10496
10918
11624
12679
12761
13461
14341
15716
15741
15944
17223
18568
18743
19565
20769
20856
22104
22400
22738
26164
27046
27122
27740
27861
28315
28587
30645
32820
33051
33254
33510
33877
35449
37726
37758
37986
38044
38751
39668
40376
69
821
1581
2094
2184
2818
2931
3593
3708
4140
5118
5511
6381
7104
8449
9303
11118
11240
11268
11402
11453
11652
11713
11757
12591
12605
12750
12914
13148
13913
14334
15826
16633
17571
18257
19284
19516
20137
20826
20943
21593
23194
25218
25944
26006
26084
26419
27096
28200
29265
29338
30762
31625
31848
32541
33354
34447
34858
35967
36331
36891
38749
39810
39887
39936
