618
1085
1158
1214
1939
4032
4199
5261
6014
6361
6539
8406
9356
9536
10139
10640
11537
11943
13461
13627
17105
17866
18500
18957
20419
20505
23555
26861
27046
27114
27577
27583
28606
28709
28924
30028
30053
30980
31438
31899
32365
32743
32905
34030
34414
35554
36294
37307
37726
38090
38270
39367
39524
39977
2531
2849
3678
3778
4140
4417
4548
5673
6922
7280
10846
12236
12249
12638
12782
12905
14496
14826
16042
16441
17668
18856
18901
19228
19379
19628
19710
19714
19984
20232
21888
21944
22902
23054
23448
23474
23701
24647
25082
25321
27627
29114
29265
30691
31381
31533
31627
31680
31847
32895
34447
34975
35345
36542
36875
37619
37926
39924
40797
