490
1211
3207
3800
5507
6106
6435
6552
8007
10509
12715
12870
14541
14590
16519
17418
18109
19026
19909
20172
21019
21470
21553
21554
23171
24513
24861
25613
29671
29872
30053
30581
30785
31777
32040
32762
33139
33571
35222
35505
36278
36520
37128
37233
39453
26
338
391
1271
2720
3787
4922
5118
5255
5673
6087
7108
7428
7536
8076
8087
8452
8611
9050
9338
11138
11713
12727
12864
13312
13435
14146
14294
15342
15461
16234
16698
17466
19687
19844
20378
21350
21450
21593
21711
22831
22984
23006
24519
24524
24787
24852
25533
25715
27144
30298
30962
32876
33354
34289
35732
35862
36316
36893
37258
37287
37656
38031
38536
38674
39437
40190
40617
