1228
1870
3795
4004
4199
5243
5379
5520
7583
10521
10640
11678
12148
13415
13540
16502
16509
18313
18460
20172
20769
21210
21344
21345
24317
25016
25331
25381
25550
27861
28525
29369
29520
29673
31167
31291
31629
32763
32937
33648
34391
35281
36247
36524
36896
37811
38415
39099
39433
39503
39684
39974
40602
391
978
2229
2473
3446
3678
4455
4568
7760
9125
9177
9721
10799
10846
11405
11757
12048
12080
12696
13133
13385
14164
14528
15362
15538
16684
17309
17404
17864
18702
18792
19516
20746
20897
21827
22345
22549
22940
22984
23786
25015
25378
27096
27935
29221
29540
31006
31091
32741
33058
33188
34289
36404
36546
37317
38194
39278
40175
40377
40543
