948
2906
2929
3547
4065
4284
5411
5816
6514
9536
10263
10705
11299
11943
12089
12419
12770
12789
12897
13804
13853
14182
14341
14450
14608
15603
15741
15956
16509
16820
16924
17658
17866
17980
19026
19504
20113
22913
23084
23102
23254
23789
25374
25809
26946
27581
28684
28914
29872
30101
31748
31752
31760
33035
33953
34126
34866
35322
35691
37826
39855
40263
40711
40831
4869
4922
5039
7496
7781
12247
13356
13808
14252
14422
14595
16042
16136
16684
16980
18028
18985
19443
19501
19710
20744
21171
22697
23173
25152
25218
25525
26526
26646
27294
27694
28290
28514
29498
30047
30235
30770
31533
32169
32837
33596
34289
35991
39615
39741
39909
40149
40312
40327
