948
2500
3607
3998
4298
4326
6040
6282
6404
7255
7288
7948
8133
8260
8946
9333
10705
11235
13304
13627
14441
16316
16543
16588
16675
16848
20267
20324
20576
21410
21859
22594
22595
22932
25789
26036
26323
26540
26953
27100
27389
27693
28626
28825
30826
31090
32937
35377
36278
36504
37739
38211
39330
40635
82
167
345
517
887
1690
2288
2754
3299
5511
5975
7108
8647
8922
8968
8971
10789
12426
13049
13050
13672
14828
16684
19888
21827
22283
22392
22782
22940
23006
23173
23698
24719
25062
27434
27627
30024
30942
31134
31352
31414
31672
32237
32541
32741
33354
33983
34681
34799
36277
36498
37577
37974
38064
38343
38816
39297
39646
40515
