1025
2019
2801
2851
3058
3194
4522
6282
6791
6847
8418
8860
9869
10496
10640
11808
12730
13110
14230
14527
16111
16519
16848
17644
18129
18423
18743
19019
21367
22937
23385
24006
24464
24472
24983
25149
26395
28034
28803
30671
31899
32650
33271
34030
34234
34779
35308
37192
37522
37726
37841
38050
39503
39640
39963
40218
142
284
2184
2531
3020
3469
3578
4098
4518
4855
5460
6353
6949
8442
8823
10174
11356
12048
12496
13603
13818
14206
14521
14824
16536
16614
17257
17863
18058
18615
19411
19710
19884
20148
21237
21376
21888
21995
24408
24740
26468
26869
26963
30010
30109
33696
34694
35060
36884
37750
38001
38080
39097
39155
39185
40778
40834
