743
889
2717
3194
4827
5245
5500
6186
7583
7830
7996
10529
13616
15072
16222
17058
19202
20257
20267
22787
23254
23346
24911
26296
26395
27122
27577
28486
29275
30581
30707
31936
33239
33535
33670
34215
34715
35799
36337
36524
36662
36789
37233
37758
37847
37878
37986
38295
39330
2707
4823
7496
8761
9616
10430
10487
10611
11240
12543
12591
13048
13050
13956
14390
14566
14955
15623
15756
16349
16441
16684
17423
18123
18170
18565
18566
18653
19743
20450
20766
21467
22310
22782
23054
25152
25488
25843
25857
26209
26290
26738
26963
27472
27627
28155
29589
31533
32926
35077
35263
35637
35711
36535
36751
36851
36978
37039
37654
39035
39646
39741
40377
40551
