789
3288
4298
4522
5341
6932
6969
7533
7724
7968
7996
8000
9536
9869
10568
11269
12255
15595
16393
17105
18743
19765
19994
20419
20906
21503
22219
22723
24013
24805
25573
26191
27581
27757
27849
27953
28486
29369
29486
30436
31738
32040
35181
35252
35281
36247
36337
37233
37739
38270
38780
130
1292
2461
2931
3469
4629
4876
4951
4987
5039
6035
7108
8355
8442
8699
9216
10805
11118
11219
12426
13356
13689
14588
16604
17042
17257
17461
18582
19352
19844
20722
21224
21291
21513
22655
22831
23153
24452
24787
25152
25269
26034
26803
26895
28155
29185
29649
29967
30819
31205
31444
31490
33913
33983
34137
34303
34574
36081
36893
39953
40149
40211
