1999
2623
2742
3547
4326
8960
10590
10742
12531
13461
13876
13925
16924
20505
21210
21352
22040
22636
22723
22907
23537
24882
24923
25149
26074
26540
26566
26656
26743
27674
29317
29442
29607
30420
30753
31167
33035
33751
34095
37084
37522
37688
38608
38761
38939
39234
40519
40817
130
142
927
1619
2461
3088
3587
3737
3931
3967
4954
5361
5903
6087
7496
10523
10846
10869
16165
16408
16653
17309
17691
18174
18634
19155
19398
20256
20758
21358
22198
22816
24647
24893
25304
25488
26084
26288
27170
27794
28514
28597
28792
29929
30010
30871
31107
31490
31737
33225
33288
33382
33822
34048
34644
34849
36331
36647
37047
37575
38031
39103
39297
39436
39494
