417
889
1629
1838
4521
5153
6040
6560
6851
8664
9391
9536
10806
11770
11943
12730
13447
13616
14833
15026
15594
17276
17599
18037
18532
19019
19407
19641
20576
20791
22706
23092
24034
25149
25657
27153
29025
29170
29345
29574
29795
30246
30306
30808
32267
32763
33571
34030
34089
34232
35377
36866
37726
39668
39821
39942
40492
40602
631
660
821
927
1344
1659
2704
2950
3587
4869
7623
7875
8076
8299
8401
8779
9177
9363
11757
12920
13689
14378
15669
15714
16330
18542
18615
19628
21156
22283
23686
24023
24378
24541
25403
25528
26857
27536
28563
30010
32362
32511
33104
33308
33392
33823
36071
36542
37002
37562
38001
38420
39263
39297
40211
