1346
1783
1838
2692
2801
4396
5702
6155
6514
7614
7948
8576
9413
10079
11110
11949
13136
13149
14418
15106
16222
16502
16848
17203
18323
19045
21019
21079
22411
22972
24513
24690
24863
24983
25037
25961
28266
28435
28584
28960
31396
31738
31777
31779
34323
35281
37878
38754
39204
39219
40480
69
130
1531
1659
1864
2531
3778
3964
4290
5039
5902
6467
7150
8922
9583
9587
9616
9698
9799
10799
11118
11356
12327
14511
15545
16653
16934
17668
18170
18226
18682
19453
19627
19888
20746
20897
21603
23023
23106
23194
23455
23844
26006
28522
31091
32099
32704
33801
34284
34358
35107
35314
35897
36277
36535
36978
37002
37229
38080
38908
39981
40327
