811
1211
1357
1631
2275
2848
3288
3637
3808
5520
6155
6671
6914
7996
9545
9580
10509
11678
12255
13381
13761
14441
14527
16822
17247
17276
17372
19889
20608
20693
21859
22219
23354
24844
26323
27811
28684
29486
30645
30863
31079
31291
31374
31936
32241
34083
35377
37045
37599
39314
39977
40189
40582
40711
287
404
770
978
1063
1531
1680
1737
2344
2557
3964
3987
4485
4802
4917
6749
6877
8382
9346
10188
10430
11163
11356
12472
13312
13457
15876
16162
17479
19398
19559
19567
20589
20744
20746
21376
21475
21759
21805
22803
23006
23455
25073
26988
27967
28096
29840
32111
32268
32371
33755
34332
34681
35046
36875
38858
38928
39035
39278
