68
177
1783
1999
2140
2154
2254
2902
3323
3795
3800
4692
5836
6007
6682
8942
9143
12255
12274
13088
14527
15716
16225
16833
16909
17372
17382
17914
18460
19754
20078
20172
20421
20481
20906
22445
22511
23589
23901
24222
24690
26540
26946
27757
27937
30935
31862
31936
32108
32365
33510
34406
34554
34835
35181
35322
35691
36452
36911
37011
38886
978
1506
2053
2896
4548
4869
5713
5832
6326
7781
7942
8473
8613
9698
10349
12426
12920
13480
14206
14390
14426
16046
17495
18653
18792
19228
19891
19988
20822
21091
22392
26047
26963
27580
28241
28967
29338
29649
30063
30447
30691
30871
31163
31381
33780
34336
35349
35672
37317
39348
40327
40617
