1501
2100
2569
2717
2786
2902
4142
4326
5732
5816
6040
6491
7774
7968
9143
10071
13158
13447
15072
18723
19646
19661
19680
20018
20030
20473
20524
20569
22105
23555
23939
24497
25337
26631
30238
30283
30671
31167
32106
33859
34089
34554
36524
36911
37045
37726
38044
38115
38939
39453
40390
40817
802
1659
2818
3446
3587
3865
4033
4064
4140
4337
4855
5332
5653
6268
6949
10611
10799
11078
11318
11453
12404
12496
13672
13786
14334
14824
15048
15081
15914
16963
17899
18565
18737
19292
19520
19838
20148
20488
21475
21593
27434
27954
29287
29402
31552
31672
33822
33913
34869
35107
35897
36472
36891
37039
37133
37169
37904
39079
40258
40515
40702
