1158
2703
5153
9333
10139
10158
10633
10699
11110
11242
12255
12531
12730
13540
14450
17523
18176
18561
19214
19680
20473
20608
20988
24190
24751
24891
24923
25059
25175
25875
25886
26966
27153
29158
29317
30079
30333
31296
31338
31738
31777
31940
32758
32784
32820
32902
32905
33106
33859
35449
35986
37522
38056
38174
38476
39055
39453
39644
39821
40582
783
802
1129
1888
2707
3605
4455
4627
4869
5511
8449
8767
9583
11017
11268
11506
12317
12543
12605
12654
13672
14349
15342
17309
19984
20023
22655
23006
23328
23701
24414
25378
25404
25441
25715
25757
26034
26299
26988
32904
33354
33825
34197
36250
36528
36564
37287
37892
38980
39097
39917
40235
40683
