177
1799
2265
3416
4191
4298
5243
6361
7908
8235
8994
9143
10603
10705
13209
13485
15745
16225
16588
17203
17352
18181
18329
18350
18460
18503
18560
19214
19985
20791
21019
21553
25569
25889
25908
26395
26914
27811
27861
28086
28495
30297
31291
31752
33795
33891
35308
36360
36519
36916
37479
38653
38746
38751
38886
39821
40263
40415
226
660
1605
1736
2289
2896
2983
3052
4369
4892
7565
7594
7979
8175
8613
8699
10488
11163
12703
13114
13966
14207
14595
16614
16696
16871
16963
17441
18961
19172
19411
20843
20972
21603
21995
22816
23997
25528
26722
27042
27257
27694
27710
30762
31414
31552
31775
32726
34044
35060
38031
38816
39494
40402
40797
