948
1025
2154
3002
3512
3536
3856
5153
5411
5626
5702
5898
6106
6860
6932
7774
11653
12730
12980
14527
15682
16091
16509
17427
18268
18416
18476
18723
18841
19019
20473
20541
20736
22706
22913
24751
24882
25040
26164
26540
27256
27757
28213
28606
28684
31738
32365
32650
32672
32905
32937
34323
35474
35922
37084
38002
38359
38939
39433
39471
39567
40602
40659
414
1168
1888
2288
2344
3964
4464
4481
6087
7275
7310
8276
8365
8401
8968
9303
10174
10523
11196
11524
11915
12496
13133
14828
15067
16565
17404
19170
19627
19852
19891
20919
22206
22624
25015
25082
25488
26288
26738
26963
27698
28994
35046
35332
35562
36277
36316
36472
36533
37619
