948
1158
1939
4065
4469
4859
5341
6651
6914
7472
7485
8185
8406
8692
9770
13876
15170
15595
16822
17352
18043
20524
21553
22591
24374
24923
25040
25353
25550
25586
25813
26036
27672
29025
29921
30420
31899
32241
32752
34530
35068
36524
37986
38669
39539
40582
130
727
1864
2046
2477
2754
2877
2925
3593
4140
4518
4954
5164
5511
6723
7253
7269
7607
9057
9616
10488
10789
11138
11453
11912
12498
13312
14961
15727
15971
16710
16910
17286
17309
17863
19352
19710
19888
19891
20578
21593
23006
24219
25403
27196
27697
27967
29343
34010
35235
35329
35780
36884
36955
37548
37640
37656
38343
38408
38420
38499
38582
38673
40258
40560
40702
40763
