2100
2264
2801
3288
3452
5245
8946
10633
13136
13149
13660
15682
16316
19158
19664
20346
20643
20674
20736
22727
23555
23589
24222
24751
25657
26164
27046
27581
28264
28525
28728
29309
29344
30087
31270
31291
31317
32072
33051
33124
33670
33795
33939
36519
37163
38751
38886
39099
39453
39684
40854
137
142
293
601
2531
3932
4481
4710
4892
4902
5511
6691
7877
9303
9692
11402
11912
12750
12782
13305
13603
14109
14164
14496
14887
15041
15999
16162
16330
16356
17423
18792
19398
19443
20744
21136
21309
23448
23455
24473
24519
28936
30770
30843
31006
31627
32179
32541
32704
33913
33983
34137
34197
34849
34858
35027
35667
36994
37229
38031
39955
40820
