889
1662
1838
2346
3607
4032
6217
8532
8762
9238
9910
10465
11513
11770
12130
13543
13958
14241
16331
17013
17599
18109
19135
19646
20421
20462
22591
25908
26395
27684
27693
28089
28626
28965
29872
30785
31270
31936
32820
32905
34669
35691
36383
37726
37826
38115
38608
38635
39330
39963
307
1500
1888
1996
2461
2877
3036
3107
3787
4033
4231
4328
5653
6526
6788
8087
8276
8779
9346
10318
12079
12094
14207
15545
15623
15873
16163
16356
16491
18170
18399
19398
19687
19984
20148
20897
21910
22310
22537
22731
23463
24091
25403
25683
26034
26299
27323
27935
29633
30526
30950
31091
31944
33462
33755
33983
34336
34869
35107
36498
37577
38361
39079
