68
1346
3323
5341
5892
6384
6824
7344
10529
11269
11394
12770
13304
13461
14225
14541
15026
18007
18133
18268
18804
19565
21345
22105
22219
22411
22445
23726
24778
24793
25337
25985
26323
26656
27671
28034
28587
28867
29275
30297
30420
31602
31760
31821
32763
32905
33171
33939
33953
34435
34866
35442
36524
37599
39942
40582
40635
40817
142
167
575
1864
2461
2925
3746
3964
4328
4455
4954
7769
8647
9338
10908
12782
14588
14793
15081
15166
15873
16046
16484
16536
16565
16864
16963
17087
17346
17398
17495
19852
20806
20943
21136
21667
22518
22549
23528
25015
25156
26084
26276
26290
27170
29221
29490
31724
33350
35732
36875
37122
37904
38080
38967
