78
288
1999
4191
5120
5701
6671
6860
7062
8194
8632
9545
10529
11299
11537
12436
12679
13362
14441
16222
16588
16848
17382
18004
18389
18508
19135
19765
20257
20541
21019
22738
22928
23589
23901
24497
25148
26286
26953
27122
27849
29143
30079
31062
31969
32241
32334
33035
33739
33751
33843
34083
34089
34234
34414
36452
37867
37986
38669
38751
39234
345
1581
2053
2431
2461
3801
4492
4518
5166
5332
5988
6795
7150
9057
9269
9303
10611
11078
13305
15356
15437
17124
18496
18582
21237
21438
21983
22345
22698
22903
23023
25533
25857
25910
27472
28597
30871
31107
31163
31680
31847
32741
34303
34869
35046
37439
37640
37832
38536
38974
40543
40834
