288
1025
1115
2504
2711
2851
3547
3607
4004
6334
6408
6671
8532
12130
12751
13110
13677
14795
15106
15595
17957
18423
19302
19504
20505
21210
22907
23826
24495
24903
25331
26036
26674
27811
28606
28626
29166
29442
31062
31317
32190
33035
33254
33739
33844
34391
34853
35222
35358
35380
36923
37811
38053
38056
38565
38746
40779
167
391
1581
1680
2094
2229
3388
3710
3931
3932
4464
4492
4620
4987
5511
5926
6219
7035
7901
9438
10003
11138
12094
13049
13133
13173
14465
14511
14528
15545
18170
18901
18945
19714
21944
23150
25073
25321
27329
27580
30023
30942
31487
31510
32926
34105
36250
37229
37620
37640
38536
38674
38813
39263
39776
40258
