1192
1542
1797
1939
2019
2121
3536
5245
5802
6361
7533
7774
7817
8756
8954
9055
9413
9545
11592
11654
12274
12531
13019
13461
14115
14241
15170
15376
17055
17203
17914
18313
18389
18509
18568
19213
20030
20541
21019
22444
22662
24475
24861
25040
25331
25661
27068
27334
27561
28581
29520
31935
33844
37635
38493
38635
40268
40569
82
1446
1832
2525
3107
3801
4627
5765
7370
7437
7979
8975
9057
11453
12041
12327
12920
13603
14206
15550
16604
16696
18737
19481
19643
19891
20023
20148
20721
22631
23316
25062
26806
26963
27323
27694
27992
28200
30447
30633
32541
32544
33298
34935
35046
36806
37439
37926
38080
38214
38749
39494
39810
39909
40543
