1662
3795
3800
4913
6155
6552
6682
7132
7233
8446
8571
8954
10529
10742
11808
12680
13304
14376
14936
15376
15692
16316
16901
17372
18855
19765
20267
20541
20643
21172
21345
22105
24464
25381
25809
28709
28788
29520
29671
29921
31317
31748
31777
32752
35377
36154
36519
38090
40054
130
345
783
937
2444
2525
3073
5124
6035
8449
8613
8779
9013
9554
9639
10564
13603
13689
13803
16871
17569
17668
18123
19025
20023
20047
20332
20826
21108
22487
22731
23715
24408
25062
25185
25378
25528
26276
26538
27396
27697
27927
28834
30119
30942
32127
32544
32691
32704
32714
32918
33308
33825
34130
34737
34828
35656
36472
36893
37018
38536
39103
40328
40702
