242
1683
2106
2275
2872
2929
3547
7091
8994
9910
9934
10509
11486
11654
12148
13804
14527
15936
15944
16393
16519
17300
17599
17874
19646
20172
20473
21019
22727
22928
23400
23726
23901
25985
26566
27068
27822
28315
28704
28951
31612
32475
32743
33106
33766
33795
34291
34414
35377
35837
35932
36154
36288
36676
37084
37739
38494
39821
345
391
404
1659
3299
3787
3967
4224
4524
5878
7453
8076
8449
10641
10763
12236
12480
12654
14146
14164
16864
16980
18257
19481
19628
19714
20589
21995
22089
22731
24091
25015
25920
26288
26857
27280
27294
27580
28132
28155
28454
29395
29940
30533
32541
32904
34010
36729
37577
37619
38868
39799
40560
40683
40702
