177
891
1346
1838
1870
2071
3207
3827
4298
5931
6361
6404
7830
10699
11653
11792
12045
12560
13800
14450
16226
17055
17599
18350
18441
18957
19695
20505
21503
22445
23084
23092
23726
26540
30238
33139
34215
35474
35720
36789
36911
37811
38115
38415
39099
39453
39650
40602
40779
40831
468
530
594
1344
1581
3737
4503
4524
4548
6691
6877
7773
7942
8175
9303
9839
10846
11951
12472
12496
13468
13493
13803
14119
14125
14207
16165
16696
17398
18682
20922
21237
21690
21982
22731
23106
24647
25441
26006
27694
29402
30024
30109
30210
30691
31487
31570
32876
33755
35925
36187
36533
37188
37667
37948
38031
38228
38458
38980
39348
39494
39495
40783
