2504
5500
5626
5998
6373
9280
9333
9869
10509
11486
12449
13002
13441
14738
15603
15692
17552
17599
17874
18004
18313
18509
20462
20524
20769
20786
21624
24190
24472
25569
27328
27672
28965
30753
30826
31291
31296
32784
33124
33239
34083
34669
35335
35505
37462
37970
38050
39549
80
1670
1864
1971
2849
4492
4902
7104
7647
7741
8026
8365
8603
9013
9338
9587
10487
10819
11871
12249
12853
13480
13913
14109
14206
15048
15873
17385
17461
18284
19172
19574
21603
21982
22158
22958
25082
25910
27196
27967
28096
28514
28544
29638
30119
31487
31775
32268
32511
32545
32662
32704
32741
33917
34010
34324
35046
35432
36851
37974
38064
38919
39494
39775
39981
