816
3214
5840
6280
6282
6491
7948
8532
9238
10529
10559
10705
11513
13149
13677
14357
14441
14450
16588
16924
17047
17790
19407
19765
20541
22269
23996
25789
25828
28034
30297
30671
30826
31062
31380
31602
31779
32267
32763
33106
34083
34126
34933
35986
36099
36455
36935
37192
37214
37462
37811
38270
39322
39685
40519
40635
40642
1271
1619
2229
2473
3456
3787
5118
5332
5999
7408
7496
8767
8819
9346
10015
11210
11915
12727
13808
13944
14334
14528
15356
16613
16776
17712
18575
18634
19398
21171
21224
23054
24333
25062
26303
27580
28289
28454
30047
31134
31344
31627
31693
34197
34975
35962
36884
36893
37892
37926
38064
38813
39155
39185
39909
40808
