78
177
242
889
2254
3856
4469
4521
6539
6671
6969
8576
9333
10261
10678
11653
11826
12531
13158
13540
14441
17552
17599
18723
19045
19870
22444
22595
22636
23537
24006
24125
24190
24751
25875
26878
27156
27674
27849
27953
28160
28299
28581
29143
29574
29795
30238
30935
31291
31396
31862
32316
32475
33813
33877
33907
34215
34511
35449
37635
38044
39650
39760
40569
40582
40711
601
1063
2726
3664
4656
6089
7315
8008
8175
8365
9692
9761
9974
10174
10488
12010
12113
12696
12703
13050
14164
14349
14511
15081
17441
18615
18734
20897
21358
24208
25638
26574
27516
29402
30026
30210
30533
31404
33061
33409
34332
35077
37002
37047
39185
39381
39495
