743
1629
1799
2100
2275
3870
4032
6217
6569
7830
8235
9055
9143
10226
11394
11513
13714
17276
18568
18723
19407
20608
22400
22612
22937
23092
23354
24006
24840
26338
26743
27389
30238
30420
30935
31317
33670
33891
33907
35335
35496
37084
39055
39453
39855
39945
40817
1063
1344
1531
1864
1971
3206
4629
7108
7769
7901
7982
8975
9983
10349
10488
10805
15061
16054
16698
17286
17459
17526
17571
17864
18174
18385
19284
19411
19520
20137
20148
20702
20831
21295
21475
21572
23023
23285
23844
25185
25269
26081
26526
26538
26827
27280
27472
27580
27967
28155
28883
28936
29732
30181
30633
30950
31444
33913
36893
37160
37832
38582
39346
39917
40402
40834
