362
490
2019
3477
3998
4164
4191
4298
4884
5120
5245
5379
5424
5500
6503
8446
9312
10071
10214
11394
12274
12715
13019
14230
17866
18329
18492
19407
20462
20926
21470
21640
22738
22787
23120
23789
23996
24125
25037
25809
26566
26656
28089
28762
28817
29369
29544
30692
30826
31738
32672
35377
36247
37115
38121
38295
38584
1971
2444
3045
3587
3950
4627
4855
5926
7294
8102
8402
8823
9587
10174
10255
14031
14528
14588
17189
18284
18653
19075
19500
19567
19643
20023
20843
22179
22831
23153
23508
23686
24322
24445
24452
24519
24706
24985
25533
26362
27257
27280
27434
28544
28597
30819
31060
31682
31693
31737
32606
33288
33392
33409
34975
35623
