317
1838
2711
3288
4053
5802
7233
7830
8446
9003
10529
11654
11678
12276
12845
13692
13958
15106
16675
17351
20421
20674
20855
20904
21151
21627
21859
22219
23120
24503
25059
25813
27757
27972
28264
28336
28960
29179
29317
30773
33571
33953
35335
35986
36455
36504
38122
38211
40218
456
498
1690
1971
3909
4503
4823
5653
5673
6452
6964
7639
8076
10349
12498
12727
13048
13133
13385
14496
14953
15067
15461
16633
17526
17927
19398
19627
20232
20472
20702
20754
20943
21623
23455
24740
24787
25015
25185
25517
25525
25920
25977
28289
28629
28932
29235
29265
29970
31342
31718
32024
32768
33983
34336
35062
35235
35349
36690
39297
39646
39776
39887
40683
