20
1999
2906
3194
3214
3452
5898
7344
7472
8000
9356
11808
14450
16111
17418
19158
19695
21345
22883
22937
23317
24840
25516
25809
27684
27937
28525
28788
29607
30297
30530
30773
31612
31821
33877
35496
35799
36360
36452
37045
38050
40480
537
708
1670
3812
4132
6749
7226
7982
8449
9013
9424
9482
9583
10998
11912
13468
13721
14521
15623
16408
16963
17025
17346
17569
18028
19447
19852
20333
22089
22333
22590
22697
23106
24378
24608
25082
26600
26738
26895
27247
27516
29114
29395
29498
30210
31404
31680
32511
32691
32714
34289
34694
34849
35214
36323
36404
36533
36884
37039
37160
37329
37373
37439
37619
37926
38033
38536
38980
40312
40763
40778
