1085
1192
1799
2504
2848
2902
3214
4032
5998
6217
6280
7472
7908
10629
13485
13714
16502
16675
17801
17874
18383
18386
18560
19202
20372
20419
21172
22400
23084
23500
23695
24135
24317
24374
25175
26656
27740
28916
30297
30657
31320
32025
32406
32905
33813
34092
34232
35281
35799
36288
38056
39703
40054
40854
137
2754
3088
3708
3710
3746
5255
6749
7226
7741
7822
7877
7901
7942
8647
8975
9606
10188
11118
11210
11402
12037
13133
13902
16165
19628
20946
21164
21309
21711
22698
22757
24023
25062
26722
26806
27472
27616
27698
29185
29970
30926
31414
31680
31682
32017
32237
33298
33696
33913
34185
34681
34828
35077
36875
36994
37185
39566
39967
