362
1899
3002
3381
3795
4342
4522
5261
5520
6651
6969
8019
9280
9312
9869
10116
11486
12450
12680
12751
13485
13761
14441
16331
17105
17540
18260
18268
18923
19695
20791
20988
21079
22104
23589
24475
26540
27256
27577
27849
28264
28803
30929
31438
32650
32902
35257
35297
38635
39668
40218
456
2288
2349
2473
2896
3206
3605
4231
6365
6749
8243
9602
11453
11652
11915
12496
13808
13913
14955
16565
16871
18792
19017
19352
19411
19453
19984
20423
20905
22720
23106
23701
24522
24787
25494
26276
26988
27018
27935
29114
29490
30024
30210
30518
30962
31060
31404
31625
31737
33801
33825
33983
34069
34130
35077
36546
36884
37667
37892
38372
39440
40764
