816
1277
2071
3288
4004
4396
6282
6384
7817
8759
8954
13540
18416
18503
19641
19754
20138
21554
23254
24503
24911
25040
25641
27674
29275
29774
30053
30306
30929
32267
32672
33828
36294
38056
38295
39204
39453
39524
40602
145
456
1271
1680
1724
3045
4369
4464
5118
5975
6749
7987
8834
9692
9797
10318
10487
10763
10805
11118
12114
13920
14390
14566
15437
15538
15756
15784
15826
16653
17864
18028
19398
19852
20137
20671
20722
20831
21450
21982
22655
22940
23023
23295
24473
24608
24647
25073
25533
25910
26419
27710
28155
29235
29441
30926
31091
31163
31552
32224
32662
32710
32726
33462
35318
35345
35991
36071
36535
37317
37750
38213
38499
40136
