1140
1376
1799
3058
4325
6040
6373
6671
8532
8860
9545
9869
10742
11019
11678
12321
12761
13112
13677
13938
15106
15531
16901
17058
17418
18386
18509
20004
20113
20152
20541
21410
23171
25516
25647
26946
29166
30370
30707
31357
31752
31935
33022
35252
35297
37479
37635
38115
39313
39684
39945
821
2557
2707
3469
3624
4455
4485
6592
6906
8971
9303
9852
11402
13435
14339
15550
15826
16163
16491
16871
17346
17864
18284
18582
19172
19292
19844
20332
20578
20905
21983
22697
23054
23106
23295
23455
23474
24333
24647
25152
25269
25910
26803
28085
28241
28837
31775
32024
32169
33104
33409
34858
35314
35349
35862
36751
38213
39799
39917
39967
40149
40778
