68
549
566
743
811
1211
2717
3656
4884
5802
10603
10633
11297
13149
13660
14230
14441
15883
15926
17247
17351
17352
17382
18037
18460
19387
20113
20906
20988
22727
22883
23120
23254
24317
24756
25211
25516
26404
26743
28525
28965
29921
31748
32064
32109
33907
34095
34126
34323
36298
36504
36811
37635
37841
39192
39760
40365
373
727
1996
2983
3388
4455
4485
4869
5653
5902
5999
7035
7607
8767
9478
9606
10003
10374
12426
12480
12638
13386
14953
16504
16614
17466
18653
19155
19567
20032
21827
22655
24408
26276
26532
27257
28085
28909
32127
32474
32512
32691
32710
32926
33288
33696
34249
35027
35060
35107
35136
35235
35318
35897
38458
39161
