889
1376
2816
3768
4522
5153
6363
6851
8033
8935
10568
11269
12751
14418
15170
15531
16848
16901
17247
17644
17957
19985
20036
20505
21068
23314
24861
24863
24903
25669
26296
26338
27674
27703
28169
29344
31738
31779
32406
33271
34092
34853
35068
36962
38069
38122
39099
39204
39640
391
660
978
1605
1971
2720
4126
4231
6467
7253
7275
7437
7623
8064
8603
11472
12914
13307
13468
14109
15029
15914
16484
16576
17087
17345
17346
17495
17571
18575
19348
20806
20922
22487
23194
24322
24543
26146
27043
27196
27530
27992
28132
28222
28902
30010
30533
31487
32224
32926
33225
34447
34574
34694
34858
36003
36044
37185
37188
38420
38536
38813
40136
40763
