177
549
2742
2786
2929
3002
3800
5747
6217
6384
6404
8033
10559
12730
13112
13447
13616
15072
15594
17013
17105
17427
18509
18640
19214
19875
20419
20462
20473
21553
22040
22400
23314
25337
25374
25550
26540
26914
27583
27674
28495
28728
28960
30980
31935
32106
32494
33571
33953
34323
35420
35922
36923
39453
40519
145
1531
2525
2697
2925
2960
3052
3107
3932
4033
4126
4369
4629
5332
5818
7832
8716
10003
10255
10488
10822
11318
12920
13818
15115
16565
17184
17398
17927
18682
18990
19350
19520
19574
20450
20758
21291
21309
21475
26276
27144
27935
30447
30691
31682
32541
32702
33462
33484
34137
35672
35708
35939
36187
37185
38499
39953
40258
