889
1277
1357
2504
2742
2860
2978
3795
4032
4191
5243
5905
6560
7132
7572
7661
8571
10451
10561
12531
12980
13088
14225
14357
14450
15936
16675
16999
17105
17181
18277
18441
18509
19045
19214
19646
20473
21553
22781
24374
24690
25657
25722
25908
26656
26743
27937
27972
30753
31738
32743
33139
33254
33571
33766
35688
35986
36298
37011
38211
38295
39703
40425
40659
286
887
927
978
1581
2557
4140
4876
6467
7294
8120
8767
9363
9374
9692
13956
14252
14826
15048
15356
17899
18682
19398
19559
20831
21156
21224
21235
22697
23054
23148
23173
23497
25930
28200
29174
29929
30026
31533
34336
35060
35624
36277
36729
37832
39278
39672
39924
40672
