288
2711
5816
6671
7047
7394
7724
9770
11110
11654
11792
12045
12531
13149
13660
17552
17801
18004
18109
18640
20421
20786
20906
21553
22411
22787
23120
23590
23726
24793
25188
26147
26164
26980
27122
27418
27972
28089
29544
30333
30773
32922
33751
34391
34554
37826
38415
39453
39668
40492
287
391
783
937
1168
2229
2450
2525
2950
3020
3469
4140
5266
7741
7769
7809
8473
10641
12048
12317
12485
12498
12605
12864
13765
14109
15061
15366
15669
16484
17087
17461
18174
19500
20148
20722
20826
20966
21827
22158
23054
23455
24676
26574
28522
30063
30871
31627
32017
32099
32545
33061
33481
33780
35349
35962
36003
36071
38458
38974
39436
39494
39809
