242
948
3207
4191
4588
4618
6560
8194
8942
9312
10568
10633
10655
11635
13088
13219
15376
15883
17047
17790
17866
18460
20324
20906
21210
21344
22511
22787
23120
23254
24190
24222
25381
26147
26946
27122
27328
30112
30980
31448
32190
32334
33900
35181
35688
35754
36931
37462
38754
39668
39963
286
345
1996
3812
4231
4455
4524
5756
7987
8426
8823
9974
10374
10708
10763
10822
12920
13435
13966
16162
16163
16408
16576
16604
16776
16871
18542
18653
18971
19628
20806
21164
21235
22283
22392
23701
24219
25062
27170
28085
28454
29568
30950
31134
31627
32545
33780
33913
34105
34284
34447
34858
34935
35345
35708
35711
38194
38980
39348
39659
40515
40560
