758
1346
1376
2140
2550
3194
5348
5500
6217
6514
8007
8406
8632
8960
10561
11874
12052
12761
12988
15072
15603
17676
18037
18043
18109
19889
21068
21341
21503
22269
22787
22913
23084
24503
25354
25889
26395
26656
26980
27581
28034
28213
29872
30283
30826
31116
33939
34092
35222
36084
37462
39314
39524
39539
39567
39640
39963
345
391
468
1690
1971
2349
4098
4328
4902
5124
5595
6353
6452
7035
7623
8834
8922
9216
9424
9839
10035
10789
11118
11871
12480
13107
13603
13944
14496
16162
16504
19714
19971
19988
21663
22077
22177
22488
26047
26600
26722
31737
33381
34336
34935
35077
36277
36404
36690
37133
37974
38064
39346
39348
40136
40551
