891
1372
2100
2140
2367
3288
3827
4326
6384
8260
9934
10139
10680
11235
11297
12789
12831
13110
13634
14241
15376
16840
18181
18743
18902
20481
22202
22591
22595
22883
22907
24793
25397
25875
26540
26966
26980
30707
30863
30929
31374
31602
31612
31629
31958
32106
33670
33739
34442
35442
36278
36294
37307
38359
39522
39945
40569
2896
3206
3967
4417
4987
5332
6353
6452
7551
7950
8299
8442
9303
9698
9974
12337
12605
13312
13721
13786
14164
14528
14828
15048
15166
15437
15756
15876
15929
17860
18634
18737
19574
19884
21207
21603
22198
22624
22731
24408
25378
29589
32179
32768
33308
33983
34069
34644
34858
35708
37577
37886
38674
38928
40560
40702
