948
1192
1542
2550
2914
3194
3547
5628
8133
9361
10071
10465
11874
12045
12831
12870
13381
16091
16331
16339
17874
18043
18386
18476
18509
18561
20002
20752
21172
23346
24923
25374
27068
28264
29161
29486
30581
31320
31980
32223
34126
34511
34715
35181
35427
35916
36280
37084
37163
37214
40492
40618
40642
137
414
498
1581
1680
1703
2431
2557
3664
3932
4328
6592
8716
8779
11138
12114
14887
14961
15999
16604
16910
17851
18576
18792
18985
19628
19981
19988
20905
21450
21759
21983
22903
23328
25944
26303
26538
29422
29929
30024
30026
30770
30962
31254
31344
32512
33061
33381
33484
33825
33983
34197
34332
35329
35862
37039
37577
38213
38408
38928
