758
816
948
1376
1899
3071
3477
4032
4827
4986
5869
6363
6651
6851
7533
10640
11653
13204
13219
15106
16833
18181
19158
19794
19839
20257
21713
22787
23322
24125
24472
24751
24891
25354
27326
28914
29528
30079
30773
31277
31779
32334
33239
34114
34215
35335
36931
37192
38115
38211
38426
38665
39575
39614
39650
39685
39977
40365
404
2531
3206
3967
3984
4855
5595
5926
6440
7226
7832
7950
8365
8377
9057
9424
9639
10822
11175
11318
13480
13721
16864
18901
19481
20248
20589
21136
21207
21951
24070
24408
25494
25910
26209
26362
27967
28936
30119
31205
31430
31775
32904
33354
33382
35624
35667
36564
37039
37405
38458
38674
38749
39775
40763
