1221
1631
2019
4444
4588
5153
5701
6373
7233
11019
12276
12984
13461
13482
13616
13938
16226
16588
17105
17552
18032
18043
19664
19729
20002
21068
21079
22400
22591
24374
24793
24882
25086
25813
27583
28965
30657
31167
31448
32743
32784
32838
33106
33254
33510
33571
34083
34254
34933
35720
37758
38295
39313
39614
142
505
770
1160
1299
2350
2720
2925
4568
4725
5753
5756
6592
7809
8551
10334
11078
12010
12605
12703
13920
17042
18496
18565
18653
18971
18985
20148
20766
21711
22283
23153
24519
24522
25488
25494
25528
26084
26526
26827
27091
28883
28967
31718
31775
33104
34303
34574
35263
35349
36430
36714
36729
37667
38816
39185
39437
39646
40560
