490
1838
2711
4004
4032
4191
6621
8632
11826
14376
18423
18923
20346
20462
20524
20988
22040
23400
25188
25669
25854
25908
26164
26674
26946
26980
27114
27581
27672
31779
32743
33953
34779
36084
36152
36294
36519
37165
37688
38608
38886
38909
39575
39684
39703
39974
40215
40734
40854
130
498
1271
1292
1506
3578
3950
4064
4231
5832
5971
6219
6723
7294
7310
7413
7979
8299
9177
9725
9974
12113
12337
12727
13630
13803
14349
14566
15029
18916
19228
20256
20488
20943
21207
21376
23150
24473
24852
25082
25441
27182
27323
28902
30181
30533
30762
32362
32895
33054
33409
33917
34447
36187
36404
36851
36978
36994
38372
38980
39776
40136
40312
40351
