1792
1797
1870
1999
2140
2851
3477
4004
4827
5261
5425
5732
6106
6186
6282
8571
8756
9536
14261
14833
15072
20152
21345
22040
22662
23555
25331
25669
25697
27672
28315
28916
30283
30929
31629
31935
31936
32334
33787
33828
33939
36676
36866
36946
37165
37479
37726
38406
38669
38702
39055
39614
345
1971
1974
2046
3909
3967
4548
4902
6906
7496
7686
7901
8026
8647
8971
10908
11017
12905
13468
13768
13808
15362
16203
16330
17346
18284
18985
19155
19368
19443
20047
20754
20946
21156
22984
26146
26303
26857
27128
27196
27935
28096
28155
29174
29494
30235
31682
32024
32455
32704
33225
33288
35062
35780
37039
37258
38064
38416
38980
39035
40560
