2240
4521
4913
5732
5905
6363
6503
6539
6651
7050
10742
11394
12276
12321
12730
14527
14608
15741
15883
16519
17427
17661
18323
19026
20481
21352
24472
25148
25550
25656
25921
26223
26631
28089
28169
28606
28924
31612
32064
32223
32241
33670
33828
33877
34749
35684
36931
37462
38069
38174
38635
38746
38754
39234
39313
40054
404
468
887
1024
1299
1670
1703
2053
2229
3909
7049
7773
8008
8080
8355
8716
9438
12404
12920
13386
13721
13786
14511
15550
16504
17571
18174
18932
19292
19443
19447
20423
20822
21450
22291
24091
24378
24445
25525
27091
27329
28883
29235
29265
29287
32926
33392
34935
35925
36277
37439
37654
38420
38858
38998
39646
40522
