549
1899
1939
3536
7062
7255
8664
11269
13209
14230
14341
14547
15745
16588
17914
18460
18841
18902
20168
20419
21470
21834
22738
23092
23314
24317
25889
26338
26395
26579
26914
27684
27888
27953
28684
29344
29607
30530
30980
31338
32406
32475
32838
33022
33051
33083
33877
35380
35691
36154
38493
39684
40711
287
456
1001
2726
2746
4481
4548
5839
5975
6060
6381
6526
8647
8834
8971
9216
9692
10611
12080
12496
12605
13050
14109
14143
14426
15041
15724
16349
16356
16484
17309
17345
18257
18901
20671
22392
22518
23021
23316
23497
24985
25185
25797
26047
27710
30298
32111
33409
33703
34137
34762
37301
37317
38031
38513
38749
38813
39981
40515
40763
