1629
2914
3288
3512
4588
4913
5245
5348
5507
5626
7015
7472
7724
7968
8406
8418
10343
12831
13158
13447
13973
15072
17552
18313
18423
18532
19051
21553
22400
24513
24911
25657
26656
26674
26860
27328
27674
27684
28581
28584
29442
29872
30087
30420
30826
31079
31777
31936
32316
32838
33828
33844
35304
35449
35799
37739
37787
38247
38761
38780
40054
287
1531
3678
3987
4524
7253
7551
8413
8452
9125
9478
9721
9852
10799
11163
11405
13356
14031
14335
14802
15366
15538
15873
15876
17309
19559
19687
20047
20677
21291
21995
23965
24219
24647
25156
25533
26006
26362
29494
31342
31490
32545
33130
35214
35637
36564
37503
37926
38967
39079
39161
40258
