566
891
1838
2265
2901
3214
3800
3998
5153
5869
6503
7394
9545
11697
12715
13304
13627
13634
15741
16111
16495
16502
16833
16918
16946
17418
18043
18804
19302
20674
23322
23726
23789
24756
25374
25697
27740
29520
32190
33254
33751
35691
35799
36247
36916
37522
37601
38270
38476
39367
39640
40310
40415
40492
40659
307
530
708
3746
6592
8426
8452
8647
9050
9424
9482
9692
10611
10805
11175
11219
12905
13981
14143
14528
15115
17526
17863
19155
19350
19447
19687
20332
20333
20721
20758
21156
21237
21572
21759
22518
23153
23508
24473
25944
27247
28200
28932
29970
31533
32746
33293
34644
34694
34735
35060
35077
35318
35708
37039
37562
38001
39348
