789
1797
1838
2480
4199
4444
4522
5261
5263
5425
5840
6361
6408
11770
12130
12274
13112
13634
13871
14115
15531
15682
16225
16339
16502
17866
18176
20036
20257
20524
21367
22444
22727
22787
25211
26223
26966
27100
27672
27953
28495
28960
30087
30657
31612
35986
37479
37811
38608
39575
39977
40831
1160
3299
3664
4455
4524
5878
7294
7310
7408
7505
7979
8377
9338
9554
11219
11506
11871
12247
13803
14349
14528
14793
14826
15081
15427
15914
16165
16203
16536
17495
18945
20589
20722
20972
21156
22518
23054
23474
24408
24787
24893
25403
25638
25683
26806
26963
30819
31134
32544
32662
32710
32918
33917
34324
35263
36564
37188
37229
37832
38967
40778
