1631
1870
2275
3870
4859
5245
5802
6384
6847
6860
7472
7572
8954
9413
10742
12000
12449
12730
12751
12845
13871
13925
16316
16519
17055
17351
19430
21210
21341
22204
22738
23092
23385
23589
23590
24013
24690
24861
25331
25661
25889
26817
27751
27757
31277
32365
34095
34391
35377
35380
36294
36360
37601
25
26
2461
2525
4518
7760
7769
7901
8449
8834
9050
9983
10789
12480
13768
13803
13956
14828
14961
15929
17712
17899
18576
18857
19350
19398
19627
19643
20919
21759
22392
22448
23173
23698
24458
25185
25269
26209
26468
26869
27660
27697
28096
29024
29490
30173
30887
31205
31672
32127
33058
33225
35142
36316
36615
36851
38372
39603
40327
40763
