1683
2264
2758
2851
2901
3475
4053
4284
5500
7394
8935
8954
10116
12276
13692
13853
13871
14376
16226
16642
18902
19680
19754
21410
22723
23898
24619
25016
25985
26579
27674
27937
29921
31277
31748
31862
31969
33859
35358
35442
35688
36785
36911
36916
37115
37726
38669
39614
39760
39977
130
1024
1292
2700
3624
3678
3909
5361
5818
8064
10998
11564
12236
12247
12591
13920
13981
14294
15923
16441
16599
20746
20826
21805
23328
23508
23965
24070
24452
24524
24719
25015
25533
25638
25797
25910
26299
27697
27794
29402
31344
32268
33308
33350
34447
34681
34849
35062
35142
35862
36003
36472
36875
36884
37619
38193
38228
39155
39278
40327
40551
40702
40778
