566
1277
2100
2550
4326
4444
4469
5425
5998
6014
6106
6539
6969
9333
10261
10680
10806
12148
13072
13447
13973
14441
15682
15944
16495
18743
18855
20346
20558
20904
20906
21367
22883
24125
25016
25661
25789
26191
26253
28608
28709
29921
30246
32763
33843
33953
34232
35474
36911
37826
39314
39650
40635
284
1680
2461
3073
4290
5164
5756
5785
5818
6365
6859
7310
7370
7496
8819
9424
9974
10869
11871
12247
13803
13944
14824
15214
17124
18566
19411
19971
20758
20766
20822
21376
22179
23023
24522
26722
26869
27170
28200
28837
29422
29498
31483
31627
31775
32976
33382
34849
34935
35332
35667
35991
36615
37577
38213
38499
39603
39953
40001
40515
