2758
3310
3323
3536
3856
4588
4852
5500
5931
6435
6552
7015
7288
7968
8074
9869
9934
12531
13482
14936
15026
16502
17013
17418
17427
17658
18423
18841
19870
19980
20505
22204
22723
23303
23322
24475
24863
25397
26395
28704
29486
30657
31317
33787
35222
35684
36337
36931
38295
38780
40854
2289
2444
2754
3964
4140
4503
5332
5878
6365
6440
6749
6922
6964
9125
9424
9482
10334
12794
13049
13148
14164
15067
15074
15115
15356
15461
16042
16684
17404
17860
19627
20922
21323
21358
21603
21663
22206
22333
22518
23316
24333
25494
26047
26290
28200
29633
29649
31490
33004
33462
33822
35107
35142
35623
37018
37169
37577
38409
38679
38919
40312
40560
