1115
4618
4986
5120
5348
6337
6651
6851
7908
12321
13381
13441
13485
13692
13714
16502
17661
19158
19661
19765
20168
20576
20906
21645
22219
22972
24317
25175
25854
27577
27684
28086
28525
29025
29544
31738
33171
35691
38494
39524
39685
39855
505
1893
1971
2525
2700
3088
3388
4917
5361
6219
6949
7150
7594
7639
8413
8442
9482
9587
9725
11138
11219
13300
13468
15166
15724
16934
17257
19284
19348
20332
20722
20806
21309
22782
22803
24706
24719
24893
25485
25525
26362
27294
28085
28132
28834
29024
29174
29422
29498
29638
30181
30533
31510
32017
32362
32702
32918
33823
34105
35925
36044
36528
36546
37039
38212
38513
38536
38919
39079
39615
39672
