1190
1277
2550
3998
5411
5998
7255
8133
9545
10451
10705
11678
12321
12980
13447
14795
17013
17203
17352
17382
18181
18423
18743
19729
20018
20168
23254
24805
25037
26164
26914
26966
27149
27811
28584
28606
28700
28709
29166
29528
31320
32365
32743
32752
33083
33787
33891
35298
35335
37758
37811
37847
38121
39055
39314
39927
40268
40711
226
2184
3932
4455
4485
4656
5878
7686
7822
8377
8685
8716
9338
9852
10523
11871
11905
13457
13493
14349
15366
15669
16046
18284
18615
18734
20256
20677
20721
20922
21091
24519
24769
27182
27257
28837
29589
30010
30023
31344
31627
35027
35624
35656
36250
36751
36893
37133
37188
37352
37620
37948
38343
38673
39278
