288
1735
2265
2480
2801
3323
4913
5892
7394
9361
10590
11084
11537
12988
13362
14608
14874
17552
18054
19026
19664
19889
20524
20643
21172
22932
23303
23826
24125
24317
24331
24374
25586
25908
25921
27671
27849
30028
31296
31357
31821
31940
33707
34114
34530
35222
35554
36278
37479
38002
39940
1531
2053
2350
2960
3446
3605
5511
5903
5926
6795
8064
8551
11405
12317
12864
14349
14378
15362
15724
15873
16963
17495
18123
19379
20721
21910
23448
23686
24509
25533
25638
25930
26047
27196
27396
28132
28241
28834
29422
29490
30311
30926
31483
32690
32691
33067
33188
34935
35027
35060
35708
35925
36187
36472
36542
37133
37160
37892
38409
39263
39381
40617
