2087
2121
3856
4004
4065
5905
6040
6363
6384
7062
7472
8756
10025
10451
10742
11486
12984
13447
14241
14936
15682
16222
17658
18037
18426
19870
20257
23385
24707
25397
26966
27740
27937
28728
29179
30283
31167
31605
32758
33939
34866
35257
36935
37847
38050
38754
39539
40519
40618
26
927
1129
1659
1864
1888
1996
2477
2813
3737
4455
4917
5570
8243
10003
11402
12853
13603
14207
15784
16684
17571
18542
18945
19516
19838
19844
20256
20721
20766
20966
22179
24676
25834
26081
26209
26646
26857
27396
28200
28902
29221
29498
29589
30024
30181
31510
32169
32371
33288
33462
34102
34185
34737
37133
37317
37562
38193
38361
38408
38908
39741
40155
40808
