1501
1542
2139
2254
2692
4164
5261
5520
7572
9055
9361
9580
10071
10678
11635
13072
15072
16822
16840
17644
17661
18383
18640
18923
18933
19387
19504
19695
19754
20473
21068
22202
23254
23898
24034
24374
24903
25921
26036
26191
27046
27149
28034
28264
28626
30085
30112
31062
31090
31319
31760
32475
33813
36298
37214
37307
37635
38121
39945
69
167
1659
2184
2707
3045
3787
4455
7253
7370
8076
8402
8426
8603
9216
11405
12782
13374
13765
14143
14595
14826
16162
16349
16926
17569
17927
18985
19352
20378
20824
20843
21235
22333
22903
23295
24522
24543
26034
29375
29498
30521
30691
31724
32237
32545
32746
35991
36542
37229
37974
40175
40543
40683
