356
2100
2786
2902
3547
3856
3993
4396
4588
4938
9312
10261
10559
10561
11792
12715
13209
15682
17540
17914
18350
18386
18423
18902
19026
19302
19661
19870
19909
20138
20172
20419
21151
21341
21503
22105
22157
22354
22937
23322
25722
26036
26043
26074
27122
27861
28867
30101
31167
32784
32902
33035
33471
37787
37986
38494
39099
40365
40618
40659
1832
2818
6219
6305
7294
7832
7867
9606
9698
10349
11472
12654
14566
14834
15342
15366
16057
17398
18702
19714
20232
20589
21350
21667
21982
22698
23474
24008
24787
25757
25910
25977
26722
27329
27627
28514
28522
28678
28837
29940
32371
32474
33130
33825
34644
34735
34762
35329
38513
39381
39436
39672
40402
