1277
1631
2758
2860
3536
5425
7485
7661
8074
8446
10699
11678
12150
12450
12679
18804
20505
22595
22972
23500
24475
25789
26861
27149
27561
27972
28525
28587
28684
28960
29161
29344
29528
30826
32902
33953
36676
36896
37635
38295
38565
38780
39522
39614
39640
40492
40642
530
802
1446
1531
1864
1888
2344
3062
3783
3984
4098
5332
5753
5902
6526
7453
8299
9639
9799
9839
10487
11356
11402
11564
12905
13050
14335
14339
14802
15669
15714
16046
16408
16578
17950
21291
22631
22831
24219
25082
25533
25944
25977
27294
28454
28883
29185
29235
31693
31847
32541
32768
33004
35107
35263
36729
36891
37133
37188
37619
37832
37974
38001
39263
39741
39775
