1221
1870
2742
3808
4522
4618
6014
6373
6404
6969
7968
8576
8664
8759
10561
11635
13112
13853
15531
15956
16588
16822
16909
18268
21470
21553
21624
21679
23120
25985
26286
26404
26631
26953
27100
27740
28299
30297
31291
32650
33907
35297
35652
36099
38211
38702
40480
82
594
2431
3710
4869
5902
6219
6326
7686
8243
8968
9050
9177
10015
11951
12010
12914
13133
13765
14521
14793
15826
16776
17459
18020
18734
18916
19352
19501
19559
20972
21438
21450
21593
21663
21711
22179
22392
22731
23508
23965
24023
24333
24445
24473
24524
24616
24893
26526
26988
27042
28290
28678
29375
29840
31060
31510
32287
33484
34105
34130
35107
36535
38033
40567
40778
