68
417
549
2240
2623
3058
3475
3656
5998
6408
7908
10263
10465
11299
13540
14376
15771
15944
16091
16222
16840
18323
18902
19875
20462
20558
20904
25299
25353
26286
27153
27849
29872
30101
30565
30748
31277
33106
33648
33939
34234
34414
35252
35297
35474
35691
37163
37522
38282
38476
39367
39524
39747
345
468
802
937
1690
1971
2473
2746
3456
3964
5332
5511
5765
8243
8355
8426
8473
8968
8971
9057
9216
9346
10174
12498
13133
13214
14595
14793
15362
16054
19453
19481
20822
21690
22158
23508
24509
24740
25207
25683
26618
28241
28883
30770
30819
31672
32474
32544
32768
33004
33382
34681
35656
35672
36003
36542
36851
37047
40327
40522
