1140
1838
2742
3859
4191
4521
5261
6503
7050
8759
9356
10025
10655
12984
16225
16383
16901
17644
18032
19661
20152
20769
20856
21119
21410
22157
22937
24891
25656
25854
26743
27068
27094
27100
27703
28525
28803
29369
29607
30079
30238
32190
32752
33648
33907
34254
37522
37986
38002
39330
39453
39855
40519
456
537
727
1605
1808
2720
2925
3088
3206
3931
4224
6326
6723
7104
7781
7987
8299
8971
9216
10015
11196
11240
12485
12654
13708
15342
16234
18945
19398
19852
20450
20946
22179
22487
22655
23701
24445
26290
26803
27196
27308
27530
28241
28678
29840
29980
30962
32474
33823
34249
36081
36472
36528
36955
38212
39436
39953
40155
40377
40567
