1735
1799
1870
4032
4938
5120
5628
5701
7572
8077
10561
12000
13304
13447
13461
15531
16225
16393
16999
17013
17866
18383
18460
18532
18947
19202
19664
19875
21151
21470
21554
23898
24034
24844
24983
25722
26743
27822
28435
28495
28951
30238
30773
31270
31448
32143
32494
34323
35442
35691
36278
36288
38090
39192
39703
40569
468
1888
3036
3045
3865
3909
4627
4869
6087
8299
8819
9583
10641
11163
11210
11268
12404
12591
14164
14595
15115
15545
15873
15923
16203
16963
19453
22158
22940
23023
23295
23448
23686
24091
24706
25683
25920
25977
26006
26468
26827
29540
29980
30521
30962
31444
31614
33130
34523
35897
37892
38212
38214
38343
39161
39799
39809
