1372
1631
2902
4326
4342
5153
6217
6514
6621
6851
7062
7472
8194
8960
11299
12431
13485
13616
14261
14450
14547
14874
17047
18176
18561
19045
20324
20384
20693
21345
21645
22354
23354
24805
24844
25211
25550
26164
27068
27757
28315
28435
28608
28709
28825
30087
30306
30370
32072
32743
34391
36280
38378
39644
40854
1619
3388
3664
4823
5878
7408
7413
7428
7875
7950
8761
8779
8823
11356
11912
12337
13133
13465
14828
15427
15714
15999
16057
16980
17851
18901
18971
20248
20744
22550
23844
24008
24445
25073
26538
26595
26738
28155
28200
28837
29265
30047
31344
31552
32702
32976
33293
33703
33823
34523
34737
34762
34828
34975
35077
37548
39437
40149
