1838
2504
2692
2742
3194
3323
3768
3856
4325
4692
6007
6560
7830
9580
10214
10509
11242
12436
12531
14241
14608
15745
16820
17181
17223
17427
17980
18476
19135
19178
20036
20569
23120
23400
23500
23996
24331
25148
25331
25516
26323
26946
27672
28951
30370
31116
31936
33907
33953
34835
35181
35222
38415
38761
39503
40390
40831
601
1670
1888
3964
5166
5839
7453
7832
7901
9424
10908
11757
11905
12317
12794
13214
13689
14164
16871
17851
18615
19520
20032
20919
20930
21450
21572
22549
23006
24408
24706
24740
25403
26895
27536
27954
28883
29540
29840
30173
31490
31987
32976
35046
35107
35332
35991
36566
36714
37258
37287
38416
38813
39440
39953
40543
