789
1870
1999
4032
4913
6491
7485
8858
9545
10496
10509
10568
10744
12715
13600
13729
14590
15692
17866
18268
18957
19875
20113
20346
20693
21119
21410
25397
25613
25657
25889
27849
27861
28495
30748
31936
31969
32820
33471
33844
35257
36294
36452
37787
39099
39549
40480
40831
26
293
2477
2813
3909
4492
5591
5832
7035
7315
7505
10188
11219
11405
12249
13148
13305
13493
13966
14335
16980
18174
18737
18990
19170
19443
19628
20287
21667
21944
22089
24769
25073
25403
25834
25977
26947
27247
27308
27673
27935
28837
29970
30010
30109
30311
31254
31414
32690
32691
34185
34303
35947
36564
36806
37133
37301
37965
38499
38858
39278
39967
40567
40672
40764
