362
1797
1939
2254
2550
3194
5245
5379
6280
7047
7908
10603
10655
12702
12789
12988
16924
18004
18841
19504
19641
20004
20505
21172
21352
21367
22445
22594
22612
22723
24707
25148
25175
26579
26946
27068
29158
29344
29369
30036
34749
35257
36383
37009
37522
39549
39855
40817
456
498
517
575
2431
2444
2700
3020
3045
3812
4481
4485
4568
6691
7104
7505
8420
8968
9013
9374
11138
11405
11453
11915
13902
14294
14887
16163
17286
17691
17899
18777
19155
19574
20287
21910
23285
23463
24524
25494
25517
26299
26618
27673
29732
29940
30533
30871
30942
32287
32702
34010
34523
35345
36250
36714
37317
37562
38195
38919
39155
39981
40617
40683
40688
