493
618
1735
2569
2816
3536
4298
7830
8692
11110
11792
13219
13485
13798
13804
15106
15376
17790
17801
18007
18054
18509
19870
20462
20473
20576
21640
22040
23598
24464
24513
24844
24882
25211
25647
25828
26566
27256
28160
28486
30420
30581
31760
33813
33907
35296
36931
37163
38584
38635
38653
39313
39433
40519
40602
468
3299
5511
6949
7437
7683
9346
9692
10846
11017
11318
11713
13133
13468
13493
13786
13966
14143
14800
15538
16504
16710
16963
17441
19481
20472
21572
21983
22902
23474
24333
24414
24509
24519
27530
29185
29490
29540
29649
30063
30235
31847
32035
33058
34538
34869
35107
35623
35637
36003
36044
36893
38064
38416
38686
39626
39659
39662
