78
2717
3058
3310
3416
5702
5840
6682
6851
7542
7724
7968
10158
11808
11826
12000
12150
12449
13149
16519
18441
18723
18830
19641
21341
21367
23102
23826
24690
24891
25397
25921
25961
26043
26074
26338
28160
28264
28665
29161
29317
29442
29528
31969
34323
35068
35335
35597
35978
36249
37115
38056
38122
38174
39204
40376
40425
40618
4337
4629
4869
5653
5926
6300
6452
6526
7269
7413
7758
8008
8076
9011
10255
10349
10708
12037
12114
12496
13214
14339
14521
14588
15048
15971
16234
16349
17184
18682
19743
20758
20831
20843
21888
22448
22984
24333
24608
24647
25404
27182
27308
28678
29402
31987
32017
32976
33696
34336
36323
37287
37948
39348
40136
