1501
1542
1939
2087
2978
4396
4859
4884
5998
6503
6682
7968
8942
9361
9413
9910
10263
11537
14991
17801
18043
18323
18416
18830
19565
20030
20361
20769
21713
23537
24503
24707
25613
25661
25697
25889
26164
26395
28684
28803
31079
31222
31380
32762
34215
34669
35308
35322
35420
36298
36337
37599
37688
38056
38270
39522
293
937
1292
1996
2344
2349
2707
2849
3787
3801
3931
3987
7686
7773
7877
8685
8922
8971
9057
9583
11240
11871
12037
14164
15356
15914
16234
16504
17345
17398
19170
19292
19643
19884
20758
24008
24608
25525
26538
27967
28883
28909
29265
30010
30447
30633
32746
33917
35027
36081
36277
36994
37503
38420
38858
39646
39835
