288
1192
1376
1870
2346
5348
6088
6539
10071
10680
11808
12702
14005
14608
15601
17047
17351
17352
17599
18426
19641
19870
20419
21640
23555
23590
25661
26817
27671
27849
28266
28626
29317
30297
33139
33891
34511
35281
35449
35652
36455
36962
37462
38886
39099
39334
39747
978
1001
2450
3321
3593
3746
3987
4231
4568
4656
5765
7822
8087
8473
9057
9602
10819
12750
13493
14143
14206
16578
16653
16696
17441
17571
18028
18985
19348
20232
20702
20831
22283
22549
22550
23153
24090
24541
24543
26276
27280
27308
27697
28514
29185
29343
30173
30926
32362
32726
32876
33823
34869
34935
35136
35263
36003
36806
37503
37575
37886
38409
38420
39741
39955
40258
