1025
1999
2550
2623
3452
3795
3808
3993
5507
6007
6106
6651
9143
10561
10806
12980
13019
13714
16901
16909
17181
17540
19051
19667
20172
21210
21640
22913
25669
26540
26695
28237
28266
28525
28587
28700
29179
29574
31079
32064
32109
32758
33766
34089
34254
34779
35068
35449
35652
36249
39650
39942
29
145
373
631
727
1690
1974
2229
2983
4464
4627
4629
4902
5164
6087
6526
7253
7453
7623
8402
9554
9616
11524
13457
13956
13981
15784
16234
16684
17466
17851
18496
19891
21108
21358
22099
23455
25494
25683
26276
27196
27294
27422
31006
31378
31430
31533
32099
32714
33293
33298
34303
34704
35214
36003
37503
37528
37926
39381
39436
40778
