1085
1115
1140
2106
2901
2929
3194
3656
5120
5207
5348
6363
6408
11678
11697
12150
12436
12831
12897
13362
13634
13973
14547
14738
15603
15716
16502
17498
18323
18423
18508
18855
19026
20267
20569
20643
22706
24125
25040
25369
25961
26566
26579
32752
35222
36278
36280
36662
537
1001
1063
3399
3446
4033
4132
4140
4629
4917
5361
5765
6060
7594
8026
9216
9346
9819
10763
14252
14793
15214
15756
16330
18399
19017
19228
19743
20472
21153
21295
21350
22803
24208
24509
25321
25739
26288
26468
27794
28155
29598
30023
30447
31430
31718
31724
31737
32017
32768
32837
34130
34137
34849
34869
35637
35667
36044
36535
37229
37503
38813
38868
40136
40235
