78
891
1683
2087
2214
2860
2929
3214
4284
6282
7394
7572
7830
7912
8074
8692
9238
11242
12274
12702
13482
13800
14261
15692
18277
18323
20257
20505
20576
20926
24222
25059
25331
25516
27703
27972
30053
31448
31629
31779
32743
33171
33510
33828
33907
34083
35222
35358
36249
36288
36383
36896
36923
38090
38493
38635
40480
40492
40817
727
927
2697
3787
4954
5118
5570
5591
5926
6326
6526
7370
7773
8647
9338
9602
11175
11318
11405
11652
12480
12591
13630
13808
14528
15461
16408
16864
17461
17571
18971
19884
20930
22291
22697
22803
24445
25494
25715
25757
25797
25843
29174
29929
29940
30526
30942
31205
31737
33696
36451
38409
39662
40797
