1085
1211
2346
2504
2860
3795
4859
5243
5425
6363
6651
7542
7583
7912
8077
8954
9312
9391
9536
9910
12449
12988
13136
15936
16111
16316
17866
20576
20693
20786
21079
21345
21367
22738
23314
23726
23898
24317
24472
24861
27328
27334
27605
28303
28435
28914
30079
30530
31090
31338
31572
33338
35932
36455
36946
37084
38282
39234
39685
1531
1736
3052
3737
3787
4464
7769
7982
8276
8613
9852
10708
10805
11713
12037
12114
12232
14511
15366
16042
17851
18123
18174
18542
19884
20423
20758
20946
22089
22757
24008
25015
25185
27170
27196
27536
29568
31404
32702
32918
33004
34048
34105
35991
36323
36546
37656
38749
38967
39161
39185
39917
40683
40797
