758
889
1228
1797
2522
2569
2711
2717
4588
5120
5626
6384
6539
7702
8762
10158
10699
13415
14182
14382
16091
17351
18350
18561
19051
19985
20384
21859
22104
23589
23789
24331
24374
25354
26036
26296
26861
27740
29442
31357
31748
31969
33510
34030
34215
34323
34391
36785
38002
38476
38584
39055
39367
39453
39977
40310
137
1670
1703
2046
2349
2931
3088
4524
4876
5591
7413
7950
9269
10523
12327
13768
13854
14334
14496
15724
17309
19140
19172
19292
19447
19628
20378
20722
20806
20826
20922
21475
21910
24452
24473
25739
26081
26618
26947
27091
27616
27673
27694
29490
29540
30253
30521
30526
31134
33913
33917
37352
37503
38031
38673
39035
40258
