1792
2087
2711
2919
3795
3993
4396
4692
5243
5626
6280
6337
8418
9055
9312
11299
11808
13381
13543
14590
16509
17552
17658
18043
18743
19178
19641
19765
20138
20152
20267
20752
21624
25188
25337
25353
26817
28266
29673
30112
31167
31605
31748
32040
32763
34933
35297
37462
37811
38174
38426
38665
39668
142
391
517
783
927
1063
4518
5029
6949
7049
7253
7437
8026
8087
8402
9482
9797
9898
10062
10763
11871
12114
13435
14953
15029
15074
16576
16599
17257
18565
19567
19628
19811
20032
20047
20578
20806
21136
21888
22831
22902
23497
23528
23686
24458
24608
26299
26532
27516
30770
31718
32179
32746
35027
36884
37439
38195
38343
38908
40522
