68
1192
1870
4065
5243
5263
5520
6435
6932
6971
7344
8532
8762
11792
12449
12831
13447
14936
17498
17676
17749
17914
18176
19202
19661
19839
20419
20437
20791
21627
22937
23120
25656
27334
27693
28213
28867
30283
30773
33083
33939
34406
34530
35068
35420
36519
37084
37758
38053
38751
39549
708
783
2450
2818
2896
2925
2960
3088
3678
3746
4369
4455
4485
7292
7310
7639
8120
8413
8442
8971
10035
10255
10523
10763
12543
14422
16330
16599
17927
18576
19627
20378
20589
20677
21291
23006
24322
25062
25797
25834
25843
27516
29265
29970
30010
30871
31134
31404
33484
33596
34249
34975
35349
36071
38064
38228
38674
38749
39155
39436
39810
39909
