618
1797
3194
5424
5802
6337
6651
10079
10705
12321
12450
12761
13692
14241
15745
15936
17676
18350
19909
19994
20168
20267
20361
23695
24013
24135
24503
24513
24707
24891
25586
25647
25809
26286
27418
27561
28606
29166
29309
29442
31291
31374
31605
31752
31760
32316
32905
33035
33051
33239
34749
36099
36288
37163
38406
38702
39747
1500
1808
2746
2950
3206
3299
3950
4481
5756
8243
9852
10908
11905
12638
13050
13148
13374
14955
15166
15437
15724
16042
16684
17398
17423
18170
18566
18777
18961
19017
19348
19844
20677
21663
23054
23295
25207
26084
26146
26526
26806
26963
27096
29422
31163
31487
31627
32224
33822
35947
36528
37301
37503
38673
39809
40175
