68
2100
3310
6282
6969
7255
8756
10655
11792
11874
13110
13497
14357
15594
16588
18500
20372
20437
20906
21079
21210
21503
21859
22219
22932
24135
25331
25828
26817
28299
28728
29544
29872
30935
33766
34232
34835
35799
36524
37165
38115
38247
38476
39204
39549
40263
40569
40618
40642
391
770
783
2726
3593
4290
4802
4892
6035
6089
6617
6723
6859
7310
9983
10255
10611
11163
11504
12404
12920
13767
13920
14465
14953
15366
15873
15999
16684
17257
17571
18566
18737
19888
20248
21164
21237
22518
23965
24090
25683
26526
26595
26869
30210
32111
33288
33392
34447
35046
35862
36851
37153
37229
37904
38001
38416
38813
39103
39381
39495
39776
39909
40820
