240
490
1228
2087
2121
2154
2240
2786
3477
4588
5150
5207
5411
6040
6539
6860
7050
7485
7572
7724
9545
9934
11808
13088
13149
13634
13729
16822
17247
17661
18054
18268
18350
18804
20002
20343
24190
25661
26296
26323
27122
27156
27672
30980
31319
33083
34114
34254
35252
35322
35799
37739
38002
38044
38669
38761
40817
770
1292
2444
4518
4922
6087
6749
6922
7505
8026
8922
11196
13214
13312
14335
14528
14595
15081
16234
16330
16484
16653
17346
17459
17950
21237
23285
23474
24769
25269
25494
26146
27396
27434
28085
28936
28994
29221
30026
30171
31414
32541
32768
32918
34197
34289
34799
35672
35780
35862
36851
37133
39437
39775
39955
40235
