948
2550
4588
6384
8860
11770
12680
12984
13381
13804
15594
16822
17372
18640
19565
19646
19889
20524
21410
21470
22594
24497
24805
25697
27561
27693
27849
28435
28916
29179
29309
29827
30333
31958
32475
33239
34511
34933
35322
37165
37462
37688
37758
38270
38406
38476
38493
38635
38886
39099
39549
40779
293
783
1864
2349
3987
4369
4987
7292
7370
7942
7979
8716
9346
9583
10430
11163
12160
12327
14294
15081
15342
16613
17346
17607
18058
19284
20677
20831
20843
21224
21623
21667
22655
23054
23148
23474
24333
25834
26299
26937
27128
27472
27673
29287
29402
29540
30173
31107
31344
31414
32455
32918
32926
33825
34737
35329
38458
39924
39967
39981
40763
