889
1939
2154
4325
5411
6361
6373
7774
9356
10096
10742
10806
11269
11624
15936
16222
16509
16848
18383
19214
19729
21627
22104
22591
25175
25613
25985
30112
30753
31935
33254
33766
34234
35296
35652
36455
37128
37479
37726
38493
38585
38653
39192
39314
39942
40425
40582
142
594
708
1001
2289
2473
3062
3088
4620
4710
5266
7294
7574
7647
7942
8076
8102
8120
8819
9013
9216
9799
10062
11564
13386
13457
13786
14802
14834
15461
15929
16491
17286
17712
18170
19447
20032
20047
20943
21164
21667
24322
24647
25739
26299
27280
27935
29589
30181
32099
32474
32704
32926
33054
33913
34048
35214
37169
37188
37405
37904
38513
38679
40001
40672
40808
