417
2504
3194
3475
4396
4692
6088
6404
6860
7394
8571
8994
9413
9869
10214
11156
12045
12321
13876
14182
14527
15026
17351
17453
18109
18133
19213
19387
19980
20437
20558
21640
22105
22204
22269
22411
23322
24013
24125
24707
25037
25175
25669
25875
27149
27693
28260
28914
30028
30053
30313
32064
33239
33648
34669
35252
35554
35684
36811
37307
38608
38780
40779
80
391
709
1160
1703
3587
3950
6035
6087
6300
7280
7315
8823
9587
9819
10062
11196
12236
12591
13385
13767
13902
14588
15362
15724
19844
19884
20578
21711
22179
22624
23295
24541
26006
26806
27627
30119
31091
31444
31490
33983
34006
35962
37640
38214
38420
39161
39297
39440
39887
