566
1376
2121
2346
4142
5379
6088
7533
8194
8858
9869
9934
10568
12000
13019
13304
13925
16495
16543
16918
18277
18386
18743
18830
20004
20384
20462
21151
23303
25353
26676
26946
27256
27671
27822
28034
28264
28665
28704
28914
29795
30036
31969
34779
35322
37307
37739
38053
38415
39977
40390
82
517
1001
2094
2344
2431
3587
5839
6268
7108
7453
7623
7867
8026
8377
8442
9125
9602
10819
10908
13465
13854
14335
15576
16162
16408
16696
17495
18792
19398
20032
20578
21136
21156
21667
22698
22803
23023
24090
25152
25739
26290
26303
27096
29024
31404
31987
33913
34644
35672
35962
36081
36498
37002
37562
37886
38361
38816
39835
39953
39967
40834
