743
891
2071
2240
3800
3808
4199
4298
4884
5626
6007
6384
6491
8077
8133
9413
10568
10918
11537
12052
12715
12980
13876
14225
15170
15883
16339
16588
17427
17866
19794
19980
20558
21151
22937
24513
24840
25886
26043
26860
27100
27389
27561
30707
31602
32241
33510
33843
34092
34095
34254
35335
35754
37128
38050
38493
40218
286
293
605
1446
1605
2925
3321
4481
5753
6723
6949
7315
7413
9303
9438
9799
10805
11240
12249
12472
13356
13966
14143
14206
16653
17286
17398
17851
18653
18777
18971
21156
22697
24205
24543
27673
29422
29498
32066
32895
32904
33054
33350
35318
35962
37503
37892
38195
38919
39297
39955
40155
40175
40190
40567
40834
