68
743
1357
2500
2692
2786
3452
3536
5153
6040
6106
6155
7724
8235
8446
10633
11654
12089
12897
13209
13800
14382
14874
17300
17749
17957
18277
18660
20421
22105
24317
25669
25828
26861
26878
27605
27674
28525
28581
30087
30101
30112
31862
31899
32902
35308
38415
39453
39549
39974
25
130
307
391
727
2461
2557
3107
3388
4126
4464
5332
5653
5673
5756
5902
6060
6089
6877
7413
7982
8087
8613
8803
10846
11118
11757
11912
12048
13808
14390
14426
15427
16536
17124
18170
19443
19627
19988
20032
20702
21291
21467
23334
23686
24333
24541
25403
26827
27794
28081
29375
30633
30819
31672
33054
33350
37965
38228
39495
39626
40522
40560
