242
618
811
2500
2703
2742
3214
3859
4342
5869
8571
8632
10521
10529
11110
11770
13209
13482
13531
14382
16642
17418
17644
18568
19302
20462
20541
22204
22723
23092
24006
26631
28266
29025
30313
30420
30773
31296
31572
31779
31936
32406
33670
33900
34530
34715
35257
35496
35652
35978
37192
37522
37726
38247
39219
39539
39685
39855
80
284
821
1531
1974
2349
2726
2754
3073
4987
5595
6365
7150
7505
7832
8803
9269
9482
10334
11951
12727
12920
13603
14119
14378
14824
16042
16046
16054
17927
19017
19891
20332
20378
20722
21513
22158
23528
24090
24408
24852
25073
25185
26526
27018
31944
32690
33382
33755
33823
34735
36528
38416
39348
39967
