240
1870
1899
2711
4162
4164
5500
6334
8077
10678
12089
13600
17866
18389
18923
20324
21068
21679
23322
25908
26043
26743
28587
28626
28704
29872
30036
30565
31612
32365
32406
32475
32937
33891
34083
35296
36866
37635
38090
38702
39234
39334
39471
39974
40425
40618
40854
770
1724
2288
2289
2697
3088
6353
6949
7565
8299
9639
12160
12337
13689
13721
13803
14109
14143
15538
17479
17668
18857
18945
19170
19284
19368
19453
19687
20746
20897
23455
23528
23715
23965
24205
24445
24509
25185
25715
26857
26895
27182
27927
28132
28629
29174
29235
29265
30010
30298
31444
31625
31737
32511
32710
34048
34303
35939
36071
36875
37169
37229
38001
38813
40688
40820
