1799
2139
2264
2919
3288
3856
4284
5150
6373
6408
6851
7774
7948
8664
8756
12870
13204
13485
15692
16222
16331
18957
19664
19875
20004
20036
20138
20608
21079
21345
22445
23346
26074
27674
28315
28704
28817
29795
30112
30238
31222
31760
32820
32838
33022
33297
35297
35427
35449
35720
36280
36504
37128
38635
167
287
605
660
1506
2896
2931
3206
3932
3950
3984
4917
5039
5166
5591
5595
7979
8365
8611
9639
10822
12327
12794
13603
13818
14207
14955
15067
15081
17607
18399
19447
20843
20919
21164
21951
22198
23474
23497
24647
26084
26209
26303
28967
31254
31444
31718
32545
32606
33188
33801
34069
34249
34538
34828
35349
35947
39346
40235
