2140
2240
2550
3808
3998
5263
5520
6373
6404
6514
7394
8019
10071
10559
11654
12255
13002
20343
20569
23826
24690
25809
25921
26191
26296
26676
27046
27153
27190
28034
28584
28924
29143
29544
29921
31612
32838
37462
37758
38002
38115
38635
39685
575
1864
2344
2704
2720
3073
3708
4656
5971
6440
7536
8611
9017
9125
9374
9554
9692
10763
12048
12496
12782
13630
13808
14496
15410
15724
15873
16408
16565
17607
17950
18496
18792
18990
19481
20287
20888
21136
21224
21475
22590
22697
25218
25488
26419
26468
26600
27434
28222
28243
28290
28902
30210
33481
34284
35107
36615
37160
37528
37619
37640
37886
37892
38033
38361
38749
39615
39917
40258
40763
