177
288
490
1501
3993
4032
4396
4522
4588
5701
7015
7050
7344
7614
8759
10263
12419
12751
12870
13158
13543
15883
17013
17790
18004
19985
19994
20113
20462
21096
21119
22511
22738
23354
25331
25657
25813
30370
30929
31319
32106
33271
33510
33739
33843
35427
35720
36278
36520
37009
37011
39322
39567
1893
2046
2704
4064
4503
5903
6353
6452
6723
7049
7370
7877
8449
8716
9013
9363
10188
10763
11524
12113
12782
12853
13049
13307
13374
13708
15029
15356
15550
16441
16536
16963
17042
17691
18653
20702
21207
22392
22590
22903
22940
23023
23715
24445
24522
27091
27308
27530
30253
32474
33004
34336
35667
35897
36729
38213
38343
39297
39909
40328
