288
356
2264
2500
2504
2851
3547
4342
11394
11654
11697
12431
12560
13209
13531
13729
13761
14590
16519
16840
16909
17661
18004
18492
18532
18804
21151
22591
22612
22928
23589
24475
26223
27861
28089
28728
28951
30101
31760
32106
33338
33939
34089
34232
35442
35837
36911
37084
37115
37986
38069
38665
38669
287
1001
1160
1446
1974
2726
2818
3932
4725
4892
4951
5124
5266
5713
6087
7310
7428
7760
9363
11219
11951
14595
15714
15724
16696
17087
17398
17860
18284
18857
19017
19368
19398
19998
20897
21376
21983
22958
24333
26419
27091
27294
28902
30181
31205
31430
33308
33382
34006
34523
34737
35732
36542
36564
37122
37548
38686
40522
40543
40820
