1662
1870
2500
2872
2902
3310
4191
4342
5150
5411
8942
8954
10343
10699
12276
12419
13447
13634
14115
16924
17055
17181
17382
17980
18129
18509
18841
19051
19504
20036
20569
20769
21834
22411
24513
25809
25886
26191
26338
27122
27693
28867
30657
30773
32109
33751
34254
34414
35449
36916
38635
39927
39945
40101
1299
1996
2349
2444
4098
4917
6353
6795
7269
7832
8975
9616
10247
10488
10763
11078
11757
12404
12426
12750
13630
14334
15081
16484
16536
16613
17461
17526
18174
18226
18792
19687
20148
23686
24676
26806
27144
28290
28837
28967
29174
29265
29441
29638
31444
32111
34185
34869
36528
36535
37047
37562
38064
38582
38813
38980
38998
39953
40312
