1838
2087
2106
2265
3194
3607
3998
4469
6552
8260
10139
12789
12980
15601
16222
16946
17523
17874
18509
19214
19680
20078
22105
23120
23254
23314
23590
25149
25516
25586
25647
26861
26878
26953
27068
27100
28608
28817
29344
29671
29872
30370
30692
31899
32267
33535
33859
33877
34254
34291
35322
36520
37115
37826
38565
338
1888
1996
2053
3578
5511
5591
5673
5832
5878
7875
8971
9303
9338
9438
10015
10799
11564
12010
12080
13356
13435
13468
13966
14109
17346
17385
17479
17851
18916
20966
21944
22816
23023
23194
23328
24070
27616
27627
29840
30010
30023
30926
31724
32268
32508
32511
32690
34303
34681
34762
36003
36316
37654
38536
39440
39495
40190
