20
493
789
811
1158
2703
4588
4692
5348
6503
6932
8994
9580
10529
11874
13209
13973
14182
14527
15531
15716
16909
17247
18037
18133
18660
20372
20419
20693
21554
21645
22591
23120
24690
25331
26579
28608
30028
31291
31980
32241
32316
34083
34554
35148
35691
37011
38069
38780
39192
39524
39549
39945
39963
40376
40635
40642
29
887
2094
2229
2477
3456
3664
4620
4917
5832
5902
6219
6381
7269
8102
9974
10763
11453
14206
15356
15999
16054
16871
18961
19710
19891
21207
21492
22158
23316
23328
24452
25683
27042
27516
29221
30119
30762
30942
31414
31944
32268
32541
32746
33484
34185
34869
35062
35107
35939
36430
37965
39263
39672
39741
39775
