1190
1376
3323
3637
3808
3856
6280
6503
6543
7132
7288
7774
8632
8946
9934
10509
13362
14874
15026
15531
16331
16840
16909
18389
18841
19158
19178
19387
20113
20569
20855
21640
22219
26164
26695
28709
29161
29774
30053
30297
30692
31277
31602
31821
32267
33953
35554
35916
36288
37635
38121
39668
1506
1893
2289
3624
3950
4098
6964
7253
7408
7437
7822
8971
11118
11564
11652
13468
14378
15029
16203
16349
16613
17398
18856
18961
19025
19075
19687
20032
20472
20578
20897
21350
22310
22518
22631
22782
23106
23148
23334
24616
25920
27935
28563
28597
29441
31060
32606
32691
32876
33104
33462
33703
35624
35637
36994
37301
37528
37575
37886
39776
40764
