1838
2265
2504
2860
2929
4325
5263
6363
6971
7912
8235
8571
8632
10079
10343
10699
11653
12419
12680
12831
13002
13381
13800
13925
14241
15026
15741
17247
17276
17351
18043
18426
19213
20257
20361
20674
21151
22269
22612
23317
24891
24983
25331
26566
27583
27605
27937
29574
29671
34779
35932
36520
37192
37599
37635
38426
38909
39099
40415
40817
373
391
468
2431
2477
2720
4337
4802
5029
5124
7049
7226
7773
8076
9125
10564
12041
13148
13307
13765
14119
18028
18582
18792
20669
20966
21171
21207
21983
22291
22487
22549
22655
23023
23715
24676
25525
25715
26034
27280
27294
27516
28454
29598
30887
31533
32855
32895
34102
34336
34358
37656
38214
