2717
2901
3002
3827
4827
5747
6014
6435
7572
10025
10158
10559
11156
11513
12274
12730
12870
12980
13441
14382
14450
15531
16111
16226
16519
17980
18386
19051
19202
19664
19695
20324
22662
24190
24374
24707
24778
24863
25016
26579
27149
27937
28960
29025
29574
30036
30087
36152
36789
37192
37841
38669
39334
39747
39977
937
1129
1690
1974
2700
3778
4855
5039
5511
7551
7594
8026
8426
8603
10822
12480
13133
14334
14496
14953
14955
15166
15576
15876
16162
16963
17025
17607
17860
18028
19559
19643
19891
20137
20450
20946
21153
21323
21667
21759
22549
22816
23701
25533
26146
27096
27308
27580
27794
28243
28902
32512
33104
34249
35656
37926
39909
40351
