1115
3416
4342
5424
7062
7996
8438
9280
12148
13204
13362
13798
14527
16502
16820
17276
17957
19302
19695
19729
20078
20113
20252
20361
20736
21859
23346
24006
26147
29161
29344
29520
31079
33787
34215
34835
35281
36249
36811
36911
39367
40268
40659
1500
3062
3812
4126
4548
8551
8761
8968
10349
10523
11118
11163
12232
12638
13049
13133
13374
13435
13768
13902
14349
15061
15410
15437
16441
16484
16604
16614
17286
17466
17860
18702
19852
20744
21235
21350
21805
21983
21995
22283
22345
22537
22940
24473
25269
25715
27128
27170
27967
27992
28834
29343
32606
32690
33596
33703
34735
35027
35667
35991
36451
36955
36994
37405
38080
38749
38928
39079
39103
39909
