1631
1899
2106
2522
3768
3795
3870
5379
5500
6682
7015
7533
8762
10025
10116
10744
11297
11792
11949
12730
13441
14418
15531
15716
17540
18532
18723
21470
22723
23590
23939
24619
24756
26566
27418
30671
31605
31612
32905
34511
36452
36931
37045
37726
40263
26
167
537
1001
1680
2531
3299
3624
3710
4481
4548
4725
5124
6089
7551
7832
8449
10998
12037
12249
12317
12782
13768
14164
14566
14887
14953
15576
16599
18399
18566
19228
20047
20721
20754
20897
21291
22077
22537
22731
23295
24090
24414
24509
25739
25857
26738
27091
29490
29638
29732
29967
30526
32024
32474
33308
33780
34735
35062
36250
36806
37258
37352
37562
38193
39437
40312
40683
