743
789
1799
2692
4162
5243
5869
5898
6514
7015
7724
7774
7948
11537
12679
13219
13304
13531
13616
14115
15026
18032
18129
18323
18389
18492
18560
19641
19839
20361
20481
21554
21624
22543
23317
24751
25299
25569
25656
25657
25828
28169
28700
30112
30246
32267
32494
32922
33795
33939
34779
35916
36911
37045
37115
38211
38415
69
404
1500
2531
4710
5164
8359
8401
8613
10035
10822
10908
11078
11138
11504
11564
11652
12010
12037
12496
12727
13148
13854
13981
15756
16162
18582
18932
18985
19350
19567
21295
22310
22590
22782
23316
23965
25797
27042
27673
28243
28932
29338
29395
29402
30109
31775
33061
34048
35623
37002
37832
38193
38409
39615
39672
