1115
1140
3207
4142
5261
5341
5379
6671
6682
7091
11513
12000
12148
17181
18032
18277
18350
18957
19889
20152
21096
23939
24222
25397
25875
25886
26676
26953
27672
27972
28495
28626
28728
28762
29170
30808
32025
33124
33271
34414
34442
34835
35691
36455
36896
36923
37084
38476
38493
40519
40711
40779
29
226
660
3737
5673
5785
7049
7574
7822
9898
10763
12232
13374
13465
13689
13981
15356
15876
17668
18226
19988
20032
20137
20746
21153
21827
22177
23106
24445
24608
24769
25015
25466
25757
26146
26290
28096
28629
28909
29185
29338
29343
29598
30181
31737
32714
32746
33354
33696
34105
34737
35136
36566
37619
38194
38416
38536
39035
39381
39835
40688
