1797
2100
2500
2692
3323
3795
3827
4913
5869
5898
6552
8007
8133
10025
10529
12130
12436
13149
15956
16588
17058
17418
19680
19729
19909
20541
21906
22411
22706
23400
23589
23996
26223
26946
27757
28435
28817
31752
32265
35252
35297
35496
35597
36154
37787
38069
38270
38761
29
69
3206
3388
4369
4855
5332
5361
5570
5653
7453
8008
8026
8426
9017
9050
10174
10869
11210
12236
12247
13312
13356
13902
13944
14334
14595
15041
16408
16604
17495
18496
19091
19352
19988
20332
20972
21136
21759
22549
22803
23786
24543
25304
25378
26526
27247
27329
27710
27927
28597
30109
32768
33004
33298
33825
34303
34704
35637
37258
37904
38673
39437
40258
40328
