758
1376
2140
2480
4444
5840
7255
7288
8858
10561
12150
12276
12531
13714
14357
15009
15601
16091
16543
18532
20252
20462
20569
20855
21119
21151
22040
23590
24805
25397
26980
27583
31572
32064
32106
33239
33338
33471
34114
36084
36247
36785
36862
38247
38494
38584
38585
38635
39575
2288
2350
2531
2931
3107
3206
3446
3678
3783
3812
4132
4417
6617
7269
7370
8008
8819
10003
11219
11268
12404
12591
13114
13435
13630
13818
13981
14143
15081
15115
15166
15427
16963
17459
18857
19984
20032
21910
24541
25638
25715
26209
27042
27247
29375
29422
30819
31352
32127
32512
32918
33004
33822
34358
35349
36451
36615
36729
36806
36893
38813
39263
39381
40001
