566
1376
1683
2264
2703
2801
4053
5869
5931
8446
9413
11624
12751
12761
13149
14441
15594
16478
18426
18841
18855
19026
20018
20473
20481
20786
21210
21906
22400
22883
23102
24861
24882
25148
28299
28581
29544
30808
31319
31821
32365
32475
34114
34866
35148
37522
37758
37867
38069
38746
39204
345
708
2229
2720
3778
4902
4987
6452
7108
7370
7574
7686
8026
8402
8975
9438
9583
10062
10523
12426
12920
13944
16203
16356
17569
17607
18901
18990
19352
19520
19710
20671
20754
20922
21291
22177
22757
22782
22984
24378
25403
25404
25797
25977
27673
28909
29589
29840
31344
31614
32111
32508
34197
35349
36316
37188
37640
37656
38361
39437
39440
39662
