889
1025
2851
4053
4884
5120
5153
5500
5802
6569
6971
7288
10590
11084
12680
12789
13110
13136
13497
13543
13804
14182
15376
15603
16383
16502
17105
17352
19729
21553
22781
23120
23500
24983
25789
25875
26540
26695
27849
27972
28303
28700
30101
30863
36152
36519
36662
36866
391
1736
2349
3388
3399
3812
3964
4503
5713
6353
7453
8382
8401
8402
8413
8473
9482
9819
9974
10003
12794
13307
14252
14335
15067
17479
18174
18566
18945
20578
20589
21108
21291
21438
22487
22550
22831
23844
23997
24008
25378
25444
25683
26276
27142
28909
30633
30962
31344
31693
31737
32066
32541
32746
32918
33350
34538
36472
37039
37562
37892
38343
38536
38816
39263
