68
1211
2100
2265
2717
2929
3002
3310
4199
5626
5905
6914
6971
8033
8438
10096
11110
12449
12702
12988
13149
13692
13761
15603
15716
17644
18476
19667
21640
22706
22937
23303
23695
24464
24923
25188
25661
28213
28704
30657
31317
31357
31752
32365
33907
34215
34391
35720
36337
36524
37011
37522
38476
38751
40618
29
80
293
605
1605
1703
1971
2184
2813
3710
3783
3787
5166
5765
6788
6795
7310
7950
8377
9017
9177
9852
10641
10846
11219
12041
15067
15545
15623
16057
16633
18945
19140
19348
19453
19516
20232
20754
21492
24445
26419
27323
27697
29498
30253
32237
32545
33054
34694
35562
36451
37258
37886
38673
39278
39887
39917
40764
