758
1025
1140
1192
1277
1735
4326
4859
5411
6569
8571
8994
10529
12276
13482
15716
16226
17203
18129
18416
18532
18561
21096
21470
22594
22612
24751
25175
25789
26074
26631
27684
28803
29544
29827
31317
31357
31752
32365
32743
32905
33877
33953
34933
37635
38069
38665
40831
80
1024
1271
1506
1893
2707
3088
3399
4481
5765
6877
7536
7769
7773
7942
8276
8355
8442
9761
10869
11912
12249
12426
12794
13307
13356
14294
14887
15410
15437
16408
16963
17385
17441
19971
21438
21492
24445
26290
26538
27144
27673
28453
29114
30010
30819
30962
31378
31682
31724
31848
32714
33058
33061
33823
34010
34303
36546
37039
37160
37948
38343
39887
40560
40688
