288
356
1372
2087
2346
2978
3381
3477
3768
4444
4859
6282
7897
7968
8133
9143
9238
9391
10096
10139
10509
11486
11653
11808
12045
12560
13800
13871
15376
16222
16840
18043
18830
19695
20002
21645
22688
22706
25381
25613
27100
27328
28684
29827
30420
31116
31629
32025
32223
32267
32922
33844
34414
34669
35358
35720
37165
38115
38121
38584
39192
39963
167
2531
2818
2849
3299
3578
3787
3812
5511
5570
5971
7104
8359
8382
10611
11078
11912
12750
12920
13114
13465
13767
14164
15074
15550
16633
18634
19350
21663
22345
22697
23715
23997
25525
29589
30171
30210
31533
31682
33825
33913
33983
37153
37654
38343
38998
39437
39809
39924
40175
40211
