68
2522
2569
4325
5120
6106
6404
6971
7948
10680
10918
12450
13441
14376
15682
17203
19641
19839
20343
22928
23314
23901
25016
25086
25569
25809
26164
27671
28086
28495
28606
29528
30028
30980
31270
32072
32763
33106
34126
34391
35335
35427
37826
38002
38359
39522
39668
39940
40519
40569
594
727
1292
1581
2477
3321
3446
3708
4464
6440
7226
7437
7982
8026
8102
9057
10611
10869
11405
12079
12317
12703
13386
13920
14031
14294
15342
15362
15623
16491
17860
17899
18542
18702
19075
19481
19998
20722
21171
21467
23455
24541
25843
27170
27294
27580
28522
30171
30762
31552
32224
35136
35318
35332
35732
36081
36277
36564
36647
36891
38674
39717
39953
