177
288
2703
2742
4469
5626
7912
9238
11826
13019
13304
13362
13714
14261
14382
16478
17351
17599
18007
18426
18560
18933
19680
20018
20168
20172
20736
21553
22511
22738
22913
24513
28213
28700
28704
28965
32190
32752
32758
32862
33571
33953
35496
36962
37214
37826
37986
38053
38565
39614
40618
404
498
1160
1737
2726
2813
3045
3578
4132
4455
5332
7292
9125
9725
9799
11223
11318
11402
12114
12543
12591
12794
13457
14953
16536
16710
17087
17346
18123
18257
19017
19516
20822
20888
23316
24378
24452
24519
24985
25739
27096
27280
28200
28932
29395
30171
30770
31625
31627
31737
32511
32662
32726
33381
33801
34289
35432
36751
37654
38928
39495
39936
