317
417
1211
1228
2071
2240
3607
6560
7948
9356
9934
10079
11084
11269
12431
13958
14991
15026
16316
16901
17498
18004
18426
21019
21341
22511
23898
23939
23996
24190
24619
24903
25828
25875
26404
27605
27822
28169
28916
29309
30530
31296
33471
34414
34511
34554
34669
35222
36280
36519
38121
39099
39330
39575
39940
40215
40602
40854
414
3950
4231
6788
6859
8647
8761
9819
10611
11757
12010
12498
13305
14335
15923
16163
16330
16356
16934
17124
17571
17950
19379
19443
20032
20897
21623
21827
22537
23285
23463
24333
24706
24893
25683
25834
27396
29402
29980
32541
32691
32876
33823
34523
35046
35318
35862
36528
36564
37373
37654
39887
39981
40551
40764
