1115
1783
1838
2214
2860
3416
5263
5425
6217
6334
7908
9055
9333
11826
12052
12274
12770
13497
14182
15601
16091
16478
16495
16519
16901
18350
19565
20252
20324
22445
22723
23171
23996
24911
25516
25657
25886
26286
26566
27581
28237
28916
29158
31374
32316
32494
32838
33035
33813
33953
34511
35377
36504
37787
39539
40189
40415
40519
2746
3036
3737
3987
4098
4656
5818
6219
7437
8823
9424
9898
10003
10763
11196
11210
12638
14335
14826
15784
15971
16042
16356
16684
16698
18566
18945
18985
19170
19172
19838
19888
20702
25062
25739
26538
26806
28222
29540
29732
30762
31570
31847
32606
34869
35060
35962
36542
36994
37926
37965
38458
38928
39799
40001
