948
1211
2154
2346
2367
2758
3512
5931
6404
6621
7015
7091
8532
9391
9910
11678
13209
16331
16642
17352
18032
18043
18176
19051
20257
20343
20791
22727
24472
25148
25331
26395
27122
27149
27674
28086
28237
28914
28960
28965
29161
29317
31935
35720
35837
36280
36520
38426
38909
39192
39650
1168
1971
2288
2531
3587
3710
4656
5975
6305
7428
7453
7639
7741
7760
8064
8120
8377
8603
10349
10374
10799
11318
11915
12696
12794
13630
13956
14349
16710
17025
17184
18174
19350
19627
20722
20943
22488
23997
24070
24893
26081
26526
26722
27294
27616
28909
29942
30533
31847
31987
32268
32541
32710
32926
33382
34799
36187
37329
38813
39297
39346
39437
