362
3536
4164
4884
5120
7288
9545
9869
11242
13362
15595
16316
16918
16946
17540
18037
18902
19754
20437
21079
24619
24778
25369
26147
26743
26817
27190
27577
28684
28704
28960
29574
29673
30112
30980
31438
33083
33670
33900
34092
34114
35222
37233
37841
38211
39644
40492
1001
1271
1670
1736
2983
3107
3664
4126
4548
6326
7292
7536
7574
8064
8834
9698
9839
10255
10611
10908
11163
12543
13307
13386
13920
14800
15061
15550
16696
16864
18575
19368
19888
21207
21323
21350
21623
22518
22816
23965
24378
24893
25218
26081
26803
26869
26988
28155
29422
30887
31163
32371
32702
33382
34137
34284
34849
35780
36891
37018
37439
38674
39035
39566
40688
40834
