1629
2254
5500
7394
8235
8935
10918
12870
15692
16383
17980
18329
18743
18957
21906
22738
24756
25886
26036
26860
26980
27581
27671
27822
29528
29827
29872
30370
31357
32406
32479
33035
34215
34254
36152
37045
37115
37811
37826
38050
38270
38585
40519
40642
468
605
1271
1888
2229
2726
2818
3469
3664
4224
4485
5511
7437
7543
7822
8551
8699
8971
9177
9216
11223
11402
11713
11912
12041
12247
14143
14588
15342
15826
15929
17404
17461
18737
18857
19398
19710
20677
20919
21235
21910
22333
22698
22984
23528
24333
24519
25082
26595
27182
27196
27247
27323
28514
30171
30762
30887
31163
31693
31775
32710
34799
37258
37656
38673
39741
39775
40211
40763
