78
2346
4522
5120
7908
9280
9312
10496
10509
10806
11019
11770
12276
12680
13209
13219
13543
13545
13800
14341
14418
15682
15716
16519
16909
17203
17453
18830
18841
19565
19661
19985
20769
21834
22612
23354
25647
25908
26878
27577
27605
29345
31821
33254
33571
33648
34030
34234
35358
35691
36360
38426
39855
40425
575
783
1670
2344
2525
2697
3783
4369
4710
4951
5653
5756
5839
5878
7832
7901
7979
8922
9125
10763
10799
14422
15923
16441
16696
16864
17569
18582
18634
18777
19170
19447
20826
22099
22697
23448
24408
24452
25269
26419
26869
31134
31625
32024
32066
34869
35107
35862
36277
36615
36884
36893
37160
37185
37832
38212
38228
38980
40778
