493
1158
2139
2154
3827
6932
7255
8576
9869
10465
10496
10603
12255
12431
13088
13304
13381
13415
13871
14376
15745
18109
19839
19909
20372
20904
21079
21906
22706
24903
26323
26817
26914
26953
28027
28089
28160
29774
30087
30420
30671
34030
34669
34866
35222
35297
36519
36896
37214
37841
38751
39703
40618
631
937
1271
2289
3052
3737
3787
4524
4629
5460
5673
6089
7292
7505
7769
7987
8080
8551
9852
10799
11912
12480
12703
14031
14834
15074
15437
15724
15876
18058
18737
19350
19481
19500
20669
20758
20806
22655
22720
25185
26827
27257
27697
28081
28096
29024
29649
31490
32544
34828
35329
36851
37317
37656
38195
38228
38868
39626
39662
40820
