2100
2504
2860
4588
5243
5348
5424
6539
7255
7542
7908
8942
9536
9869
11019
11592
12845
15106
15745
15771
16316
16924
17453
17749
18923
19641
20172
20558
20608
20786
22445
22928
24911
25586
25789
26404
26980
27684
28237
28495
29345
29520
29574
30929
30980
31760
31777
31969
34323
36084
36662
36935
37970
38044
38754
38939
39539
40218
2950
3052
3950
5785
7437
7647
7686
7867
10523
10869
11210
11240
12794
13114
13307
15538
16054
16963
17257
17398
17441
18682
18734
18857
18971
19710
21224
21603
21805
22697
23686
23786
24458
25185
25404
25533
26290
26722
27018
27794
28454
28837
29114
29540
29598
30026
33004
34105
35107
36546
37047
38974
39346
39566
40551
