3607
4859
4986
6088
6503
7912
8759
11084
13447
13545
13729
16091
16222
17013
17203
17247
17523
18492
18804
18830
20324
20421
20524
20856
22202
22400
23102
23120
23695
24317
24503
24707
24793
25613
26286
27953
28260
28867
31448
31821
32241
33877
34234
36862
37758
37811
38476
39685
40415
391
783
1703
1893
2349
5818
6906
8413
9363
9819
10822
11564
12079
12317
12472
13465
13956
15214
15362
16441
16684
18734
18856
19559
19971
20922
21572
21663
22089
22831
23965
23997
24509
25834
25910
26526
26595
27018
27042
27091
27096
27580
28453
29540
30063
30819
31444
31570
31680
32024
32224
32876
33917
34185
34447
34574
37317
38080
39155
39615
39626
39917
39924
39936
