4692
4852
5520
5840
6491
7948
8664
10071
11110
11624
13447
13531
13545
13729
14608
15594
16383
16478
16519
16999
19504
19909
20856
21679
22104
23354
23589
24464
24513
24911
25016
25148
25337
25697
26043
26631
29166
29520
30101
31090
31572
32106
32672
33338
33877
33907
35932
36084
36294
36452
38426
38565
38754
38886
39433
1737
3020
3931
4064
4140
4464
4485
5039
6305
7226
7950
8449
8551
8968
9013
9269
10349
11017
12247
12317
12337
12404
14031
14146
14595
15538
16162
16330
17286
18682
19567
22179
22831
24219
25218
25834
26722
28544
29287
29395
30010
30819
31107
31682
31848
32768
33481
33913
33917
34358
35624
35637
35667
36875
36884
37904
38001
39436
