417
1192
1211
1542
1799
2071
2480
3194
4065
4852
5500
6408
6851
7485
9238
9934
10568
11084
11299
14608
15106
19407
19765
19794
20752
21367
22928
23385
23589
23789
24317
25381
25516
26036
27122
28027
29486
30657
31319
31320
32108
32922
33535
34018
35978
37165
37867
38115
39549
40854
307
338
1670
2184
3708
4417
5166
5903
7594
7877
10708
10789
11472
12317
12496
13493
14031
16408
17899
18028
19155
19379
19687
20746
21136
21663
21759
21944
22590
22757
23150
24769
25494
26146
27091
27294
27422
27580
28454
28837
29221
29441
29540
29598
30063
31627
31775
32662
33130
33696
33913
34303
34735
36316
37439
37575
37619
37948
38064
39381
39659
39717
40351
