889
3207
4588
4913
5836
6007
6280
6671
7472
8133
8756
9536
12449
12980
15009
15376
16225
16519
17203
17552
18386
19019
19909
20481
21344
21503
22445
22591
23171
23354
24125
25697
25813
26579
26676
28237
30283
30671
31958
32241
36294
36916
37163
38761
39099
39433
39522
39644
40734
660
1299
1737
1971
2450
3399
3708
4464
4823
4902
7035
7280
8401
8834
9013
9587
11118
12160
12236
12794
12853
13107
13765
13913
15166
15356
16203
16330
16536
16578
17042
17124
18058
18226
18737
19025
19155
20032
20721
20754
20831
20843
20897
21136
22198
24090
25638
27247
27434
27710
28883
30026
31378
32362
34048
34249
35318
36729
37528
38228
38458
38674
38868
39346
