317
490
789
2872
4298
5243
5520
7288
8074
9361
10071
11624
12984
13002
15603
16339
16509
16822
17661
17801
18386
18416
18947
20361
20524
23695
23996
25086
25586
27068
27190
27256
27822
27849
27937
28027
28266
28336
28924
28951
29369
30808
31374
31448
31752
31777
32838
33813
34234
34530
36337
36455
36896
38909
39471
39650
40779
29
80
404
456
1271
2444
2700
4224
4629
4954
5255
5266
6526
8834
9400
9839
9898
10641
11223
11652
12750
12920
13148
13902
15029
15461
16349
16963
16980
18058
19447
19852
20702
21291
22448
22984
26600
27308
27536
28290
28834
31570
32512
34010
34538
34828
36316
36535
37122
37229
37640
37667
39810
40190
40258
40543
