288
1346
2106
3477
3536
4164
5500
5747
5802
6404
10465
10568
11299
12089
12148
14241
15745
17223
17372
18423
20002
20372
20524
20541
21410
23537
23939
26223
27577
28160
28486
28608
28728
30863
32743
33139
33297
33813
34018
34083
34092
34234
34442
34715
35252
35420
36866
39963
40390
40480
40492
307
2094
2707
3593
3664
3678
3708
4126
4629
5118
5255
5753
6691
6949
7035
7574
7758
8359
9363
9974
10523
10789
11118
11318
13114
13214
15714
15724
16057
16776
18653
19398
19984
20232
20450
20488
21091
21153
22179
23021
23844
25944
27187
27323
27422
29395
29840
30253
31091
32127
33596
33825
35235
36187
36430
37832
38214
38228
38679
39437
39887
39924
