78
177
1838
2623
2906
3214
3768
5263
5836
6217
6334
6361
6491
6543
7132
8664
8692
8860
10343
12255
12680
12845
12897
14991
16642
16901
16918
18323
18503
18902
19026
19387
19646
19754
19889
21079
21503
21627
22543
22972
23385
24317
24778
28606
29607
30085
30283
30657
30785
30863
31116
31270
31277
31738
32241
32365
32650
32752
32820
33510
34530
35442
35754
37986
38069
38565
39314
39640
404
537
927
1292
2477
2754
3456
3812
4481
5039
5511
6268
7574
8603
9554
9974
10003
11017
13465
15724
16578
16963
17042
20754
20824
20897
22198
22487
22831
23285
24616
25304
26618
27096
27294
29395
30023
30181
33392
34137
34447
35623
38064
38458
39566
