1192
2071
2264
2550
2711
2816
3795
3870
4859
5628
5892
6337
7050
7572
7614
8000
10071
10079
10529
10744
13800
16901
16909
17203
17676
19302
20113
20856
22104
24882
25921
26395
27100
27114
27740
28089
28914
28924
28965
29166
29795
30283
30333
31167
31760
32267
32752
32784
33648
33939
34853
35474
35916
37045
38044
38669
39099
39575
39927
40582
130
293
1619
2053
2960
3073
3950
3984
4369
4464
6452
8426
8823
9554
11163
12638
12750
12914
14031
14143
14834
15115
15366
16162
19453
19838
20472
21323
21982
22333
22803
22816
22831
22903
22984
25156
27697
27710
31381
31404
32111
32508
32691
32976
33913
37229
37640
37750
38408
39566
39835
40155
40312
