1792
2550
2742
2906
2929
3795
5425
6560
8000
8632
8994
9391
10465
10559
11156
11299
11653
12831
13072
15106
15944
18176
18277
19641
19695
19889
20030
20324
20769
21341
23102
23898
24793
24911
25086
25657
25961
27114
27190
29161
30028
30112
30246
30581
30929
31629
32763
32937
34530
35297
36298
38056
82
530
709
783
1271
1974
3073
4823
5332
5460
5902
7647
8473
8968
9013
9606
10337
10487
11356
11564
11713
13048
14521
14961
15029
17257
17459
18226
19379
19559
19844
20137
21091
21951
22206
24676
25073
25488
25944
26646
27096
27170
29265
29633
30253
30962
31414
32017
32474
32926
33293
34069
34447
34828
35732
35939
37122
38031
38372
39297
40617
