177
743
1357
1662
1899
2742
3536
5261
6373
6543
6682
7572
8033
9333
11770
13600
13804
13876
15956
16331
16848
17300
17498
18329
18855
19202
19889
20769
20786
20906
20988
21341
21553
22706
23500
23996
24317
24513
26946
27114
28034
29317
30980
31167
31605
32072
32223
33297
33939
35298
36337
37758
38653
39192
39539
40365
286
708
2849
2960
3624
3964
4987
5971
6452
7565
7809
7950
9583
9616
10062
11757
12337
12605
13672
13818
15115
15538
16165
16484
16536
16653
17459
17495
18028
18385
18582
19352
19443
19687
20332
23106
23285
23474
23715
23844
24519
26299
26803
26827
26895
27128
28243
29929
30235
32714
33382
33755
38033
38064
38213
40258
40778
