743
2240
2919
3207
3547
6040
7817
9238
9356
9361
10465
10509
10521
10529
13002
13209
13362
13543
13798
13973
15745
15956
17105
17418
18176
18500
19754
20168
20346
20541
21210
22269
23996
27418
27605
28486
28788
30773
31320
33535
33828
34030
35335
36280
36520
37635
37688
37726
37787
38886
39453
39650
40310
29
69
2849
3206
3932
4902
5164
5460
7150
7253
7292
7979
8401
8716
9269
10869
11564
12232
13913
14125
14496
15214
15784
16330
18961
19091
19984
19988
19998
20472
20488
20722
20806
21091
21492
25207
25797
25920
26538
27187
27967
28837
29338
30926
31134
31552
31627
32691
33188
33293
33481
33696
34303
34869
35349
37229
39437
39494
40778
40820
