1140
2154
2758
2872
3512
6682
7255
8077
8756
10343
10633
11654
13209
13461
15594
16918
17427
19051
19407
19661
19729
21210
22040
23254
24495
24513
24793
25299
25875
26914
28237
28762
28867
29275
30246
30671
31222
31320
31572
31862
32072
32494
32743
32752
33877
33907
34232
35916
37233
38270
40054
40711
40854
594
1724
1736
2473
3664
4126
4337
4518
5361
6300
6723
6922
7496
9338
9725
10374
12864
13114
13214
15067
15914
16042
17124
19627
19687
20721
21136
21623
22448
22902
23054
23698
24208
24322
25218
25683
25977
29589
29633
30526
31060
31134
31483
31552
32017
32690
33780
34336
35318
35967
36751
36806
37229
37886
38031
38582
39495
40351
40683
40764
