618
1838
2087
2121
2240
2623
3288
4502
5341
5702
6280
7050
7255
10451
11299
12045
13415
14357
15771
17498
17644
17914
18313
19045
20324
20462
22727
23695
25086
25854
26164
26579
27693
30297
30753
31079
31438
31572
32025
32902
34083
35420
35986
36520
36931
37841
38002
38090
40642
517
708
1001
1864
2288
2697
3088
3708
4328
4485
4548
4855
4869
5570
5878
6617
7275
8243
8716
9400
10641
12094
14834
16613
18932
18971
18990
19228
19453
20023
20137
21663
22158
22291
22831
23285
23328
24091
25156
25757
26288
27516
28678
29338
31205
31352
31775
32876
32895
33801
34010
34332
35136
35637
35925
36187
36690
36875
36955
37301
37948
38536
40328
40820
