78
1631
2786
2816
2929
3452
4032
5701
8185
8686
9536
11770
12431
12751
12980
13110
13497
15601
16226
16519
17055
17418
18423
20018
20674
21645
21679
22662
23500
23589
23789
26861
28237
29344
30645
31602
31748
32072
32265
33106
33254
33535
33766
34669
34933
36247
38002
38406
38608
38669
39974
29
575
1063
1299
3950
4568
4710
5255
6305
6949
7104
7505
7832
7867
7901
8359
9400
9482
11078
11356
11405
12113
12727
12905
14164
14826
15714
15929
16042
16536
17863
17950
18734
19170
19447
19559
20423
22731
23455
23474
24445
25062
25715
26034
27096
28597
29024
29980
30210
31342
31724
32179
33596
36316
37892
37974
38195
38214
38908
39346
39440
40617
