20
2154
3475
3477
4284
7344
7394
7485
7912
9333
11299
11949
12831
13381
13485
13497
13531
14182
14450
15026
15170
16111
18054
19765
20791
20988
22883
22907
23346
23598
24135
25697
27190
27577
28027
28160
29309
31629
32025
32072
32316
32937
33171
35597
36520
37307
37601
38115
38494
38565
1500
2450
2704
2746
2983
3020
3052
3964
4568
5266
5832
6617
7310
7543
7875
8026
8087
8120
8402
8551
9478
10174
10799
10819
11219
12236
13708
14164
15115
16710
16776
18856
18985
19998
20472
20946
21323
21438
21667
22077
22816
23150
23295
23715
24543
28597
29265
29929
30950
31163
31414
31724
32544
32606
34324
36690
36851
37548
38536
39662
39953
40351
40617
