1838
3194
3795
3800
4469
4852
6404
8007
8019
10496
11513
12274
13627
13798
14261
14376
15106
15936
16091
16331
16901
17372
17498
17914
18743
18947
20419
22104
22411
23314
24472
24983
25722
27153
27693
27953
30238
30808
32902
33766
33859
34126
34866
35754
36862
38295
38886
39963
40054
373
1292
1974
2531
2557
3624
3931
4627
5713
5832
6592
7150
8473
8603
8716
10188
10641
10908
11629
12317
13902
14206
14953
15437
15538
16136
16963
17286
18123
18309
18734
18792
19352
20826
20919
23285
23455
23701
24541
25321
26081
26209
30119
31682
31718
31944
32024
32710
32714
32926
33703
34332
35136
35314
35947
35962
36875
37258
37548
39495
39775
40001
40149
40672
