417
789
1542
1838
2019
2929
4827
5507
6106
6186
7485
9333
10158
10451
12436
16924
17223
17382
17498
18416
18476
18503
18947
19213
20172
21503
23939
24891
25016
25211
27114
28762
28825
29166
29574
32862
33510
33813
34414
35652
35837
36946
37192
37522
39567
40635
130
286
708
937
1271
1703
2046
2344
2349
2746
2877
3399
3812
4518
4620
7773
7832
8401
8603
9057
9478
10255
10374
11652
12041
12232
13114
13944
14206
15873
17441
17495
18961
20032
20746
20897
21667
21951
21982
22158
23448
24070
24543
25152
25466
26869
27182
29114
29568
30010
30253
31254
31680
31718
32512
34762
34849
35027
36044
36615
36729
37620
38409
39809
39981
40328
40763
