20
2275
3288
3475
6040
6824
8074
10139
10214
10261
10699
11110
11808
12679
13853
14341
14527
16383
18277
19754
20421
22204
22354
22907
23171
23598
25397
25828
27046
27561
27693
27791
28086
29161
29345
29574
30053
30436
31572
34866
35252
35335
35380
36519
36811
36866
37009
37011
38174
39219
40218
286
1292
1605
1888
1971
2704
3737
3787
3964
4417
5029
5039
5653
5756
6305
7049
7310
7686
8120
9799
11506
13107
13114
16504
18123
19025
19368
19891
20423
20746
20806
20826
20843
21951
22310
22903
25485
26146
26276
27187
28289
29490
29494
30210
31682
31724
31987
32508
33350
33983
34010
34358
34447
34681
36277
37229
37373
37405
38416
38998
39437
39967
