317
566
1085
2872
3058
3859
4859
5379
6408
8576
10680
11874
12431
13627
13800
16091
18133
18492
20437
20855
22354
23171
23598
23695
24751
25059
25086
25148
25337
25908
26579
27849
28034
29025
29544
29872
30112
30283
30313
30980
31090
31277
31338
31374
31738
33239
33297
33510
35296
35304
35688
35691
36099
37115
38493
38608
39963
40831
708
1168
2896
2931
2983
4503
5039
5511
5785
6859
7035
7104
7982
8276
9338
9983
11453
12327
12404
12696
13493
13630
13808
16054
16203
17257
18682
18734
19017
19500
19559
19988
20423
20930
21492
22077
22624
23686
27043
27247
27660
28522
30119
30171
30691
31614
31693
31718
32362
33381
35925
36546
38458
38813
40312
