1797
3477
4065
4164
4522
5207
5261
6404
6671
6851
8686
9280
10451
10568
12000
12130
13002
14382
18957
19178
19565
19661
20462
20693
21119
21627
22883
24006
24135
24707
25149
25573
26953
27583
27605
28264
28684
29486
30657
31222
31319
33022
33739
35181
35554
35597
36524
37307
37970
39760
40218
40492
783
1001
1670
1832
2473
2746
3931
4369
4548
6060
6452
7226
7253
7275
7310
7315
7413
7760
9057
9616
10611
10789
12485
12905
14146
16042
16484
16614
17864
18170
18792
19075
20671
21450
21572
21663
22077
22283
22488
22782
23153
23173
24524
24893
25152
25218
26468
26738
27954
29235
29568
31342
31625
32287
32741
33293
35708
36564
36893
36955
40764
