618
1792
2848
3998
5905
6217
6282
6363
6860
7132
7724
8692
8858
10509
10568
12560
13600
13677
14376
14541
16091
17418
18129
18460
19994
20541
20752
20904
21079
21553
22219
23171
24222
25331
26323
28027
29344
30079
30773
31357
31374
31862
33022
33338
34234
35257
35380
35506
37115
38090
38476
39640
39942
40215
783
821
1129
1292
3088
4033
4132
4568
5511
5753
6877
7453
7565
8243
8716
8761
8823
9013
10998
11915
12037
14339
14595
15914
16980
19368
20332
21207
21572
21603
21827
22179
22206
22550
22803
22816
23023
23153
24473
26468
27627
27935
28200
28994
30521
31195
31342
32066
35027
35318
35332
35349
35562
36331
37160
37832
38080
39809
40808
