1899
2914
2919
4191
5341
5424
5520
6682
7485
7542
7583
10603
11486
11949
13110
13362
13660
13798
16316
16383
17661
18441
18561
19302
19430
19870
20078
20419
21553
22543
23555
25299
25569
25641
25921
26540
26566
28160
28762
30053
30079
30085
30112
31291
31319
34749
36247
37841
38585
38635
38754
40268
40390
978
1619
2229
2525
3036
3052
3678
3708
3931
3964
6300
6365
6749
6964
7453
7639
8551
9761
10763
10963
12037
13374
15623
15714
15724
15826
19844
19988
20378
21663
22077
22697
23106
24543
25218
25797
27323
28678
30533
31091
31163
31404
31552
32455
33696
33822
34105
34324
34574
34935
36071
36978
37439
37528
38193
38409
38919
39103
39662
40190
