743
811
889
2480
2978
3214
4692
4913
7015
7702
7968
9003
9333
11513
11826
12148
13219
14590
15601
16393
17427
17866
18660
19839
22883
23789
25889
26980
27094
27693
28965
29344
29528
30087
31319
31958
32064
32223
34083
34435
35252
35296
35652
35837
36931
37084
37462
37758
37878
38053
38122
293
2707
2818
2960
3469
5570
6089
7551
7574
7639
8442
9269
9761
9819
9974
10334
10611
10789
11504
12794
12914
13107
13630
15029
15756
16910
18496
18990
19292
19398
19411
19559
21235
21711
21827
23508
24208
24522
25404
25739
26468
27142
27144
30253
30533
31444
31987
33293
35624
35672
36404
37188
37619
37904
38033
38749
38816
39155
39348
40149
40522
40702
