549
1346
1999
2019
2860
3214
5348
5507
6791
8759
8860
11808
12984
13362
14418
16822
16999
19214
19754
19909
19985
20267
23084
23400
23939
25354
25961
26074
26878
27693
28213
28700
28728
28817
28914
30420
30692
31291
31748
32108
32143
32784
33171
35068
35281
35308
35754
36084
36452
36923
37462
37811
39433
39650
39974
293
498
1500
2697
4126
4132
4568
4892
5713
5903
6353
6365
6795
7686
8803
9057
10763
11138
11196
12914
13480
13721
14426
15576
17286
18634
20488
21603
21888
22487
23786
24647
24740
25485
25488
25834
26988
29221
30210
30819
30887
31414
32237
32511
32904
32918
33409
33825
36323
36994
37002
37258
37439
37562
37750
39659
40567
40820
