1899
3288
4142
4502
8074
9333
9770
9934
10158
13158
13381
13600
13938
16111
16222
16999
17658
18004
20988
21470
21640
21713
22594
23322
23500
25175
25813
28914
30246
30980
31277
31319
31980
32064
34414
35148
36084
36099
36152
36298
37115
38295
38751
39204
39640
40492
40831
29
338
660
708
3045
3710
3778
4485
4902
5361
5570
6326
6877
7551
7686
7741
7758
7979
8355
9424
9616
10247
10564
11196
12249
12605
13966
14109
14252
14334
16057
16910
17459
18932
18961
19501
19884
19888
20897
21153
22291
23006
23844
25304
25444
25528
25638
26047
27516
28081
28597
29598
30119
31404
33004
34130
34358
35991
36081
36277
36647
38980
39097
39263
39495
39953
