288
618
948
1899
3998
4191
6334
7047
7344
7614
8033
8576
9361
11874
12052
12274
13938
15594
18426
20524
20576
20608
21679
22202
22543
23400
24135
24840
25657
25889
27334
27751
28169
29544
30101
30306
30420
30748
32064
32902
33535
33907
36360
37635
38002
38584
38665
38761
38939
39099
40215
40492
1619
2288
2707
3746
4568
4855
4922
5591
5673
5713
5971
5988
6060
8442
8975
10564
10611
11240
11318
12327
12426
15914
16136
16484
16491
17461
18916
19567
20754
21623
21944
21951
21983
22310
22697
23006
24509
25156
25715
27434
28834
29490
29633
30181
30526
32224
32544
32690
32741
33004
33054
34358
34935
36003
36044
36071
36978
38372
39646
40149
40211
