1192
2929
3917
6007
6847
7968
9143
10079
10640
10680
11654
12052
12321
12560
13136
15009
17181
17382
17498
18032
18532
18923
19135
19695
20372
21341
21640
22928
23120
24034
24778
25299
26253
26395
26566
27334
28303
31167
31320
32064
32241
33297
33751
33844
34391
35652
36152
36298
37522
40569
391
468
1724
1736
1737
2094
3052
3593
4098
4656
6060
6353
7370
7607
7987
8401
8402
8426
9011
10349
12114
13457
13721
14109
14164
15074
15115
16441
17346
17899
18399
18565
18566
18653
18737
19981
19984
20888
20930
21376
24208
24322
25528
25910
28544
29395
31570
31944
33298
33409
34358
34828
35667
35711
36875
37153
37185
38813
38868
39662
40211
40312
40567
