177
1357
2692
3207
4298
6280
6539
6543
7572
7661
7702
9934
10451
10465
12449
13304
13543
13545
14450
19661
19994
20018
20752
21151
21645
22269
23500
23939
24374
24863
25188
25657
28525
29369
29528
30980
31602
31821
31980
33510
33670
33891
36811
36866
36916
37165
38608
39760
40189
40519
40602
2473
2557
2950
3678
3909
4492
4869
7543
7623
8761
9013
9725
10337
10611
11219
11240
11652
12114
12591
13049
13480
15115
17404
17423
18496
18971
19075
19284
19852
20966
21805
22099
22158
22177
22631
22816
23054
23686
24787
25207
25378
28514
28837
29235
29375
29422
30691
30871
32976
33780
34105
34358
34644
35672
35732
36472
36806
37047
37373
38194
39835
40522
