417
493
1221
1870
2140
2623
2717
3002
3536
5261
5411
7948
10158
11242
11635
13149
13304
13497
13627
13938
17058
17523
17540
18181
18476
18660
19565
19870
21553
21713
23322
23726
24793
24911
25149
25397
25828
26743
26878
27114
27740
28435
28608
30101
30238
30581
32025
32334
32820
33035
33239
34530
34715
35296
35298
35335
35380
35684
35986
36298
36337
36676
39099
39668
40263
40310
40569
660
1808
3321
3746
4140
5029
5756
5878
6723
8382
8761
8767
10349
11223
12794
16536
17404
17423
17899
18123
18961
19998
20758
20905
22206
22624
22631
22698
24769
26362
26722
28544
31848
33481
34574
34935
35862
36044
36316
36955
37352
37577
38212
38513
38998
39436
