1221
1346
2139
2569
4522
6106
6186
6514
7394
9003
9143
9580
12761
12870
13112
13600
13634
13876
14441
14738
15594
16225
16495
16901
18043
18176
18350
21834
22543
23590
24805
25149
27114
27888
28626
30246
31438
31958
32862
34254
34391
35474
36946
37115
37128
37163
38247
38909
39940
39942
40659
498
660
2531
2726
4224
4951
5166
5595
5753
5988
6922
7269
9482
9698
10763
11524
12080
12337
13307
14465
15067
15545
16165
17025
17286
17345
17459
18399
18777
18856
19091
19228
19453
20702
21759
22198
22333
22392
23173
24543
25525
25857
26299
27329
27660
27673
27694
28243
29942
30518
30521
30526
32066
32704
33104
34324
34332
35142
35332
39035
39646
39936
