2087
2367
2851
2872
3637
5701
6914
7344
8406
9143
10214
10640
10678
12560
13158
13204
14450
15026
17914
18508
18804
19135
19407
20541
20855
21410
22972
23171
24503
24903
25985
28089
28704
28951
29486
30581
31291
32762
35297
35837
36152
36811
37826
39684
40263
40268
40519
40635
25
2444
3778
4290
4951
5595
5673
5999
7310
7822
7979
8685
9011
10430
10564
12160
12591
13133
13956
14496
15029
15971
16710
18576
19091
19352
19891
20137
21108
21888
23148
25404
25525
25739
25843
26290
26468
29105
29343
30063
30298
30691
30770
31510
31625
31627
31987
32268
32371
32690
33298
33392
35107
36528
36533
36564
37528
37640
38001
38458
38674
38919
39381
40783
40820
