618
1192
2139
2742
3475
4284
6971
8033
10451
10678
12148
12150
12761
13616
13660
13938
15883
17914
17957
18386
18532
19430
19565
19667
20152
20643
21713
22040
22738
22907
23322
23346
23726
24863
25661
28089
28213
28495
28606
28626
30671
30748
30929
32902
33751
33843
33891
34018
34779
36154
36337
36866
39524
39668
39855
40390
40642
284
709
1271
1971
2931
3088
3446
5039
6087
7108
7686
7982
8975
9974
10003
10822
10998
11138
11163
11905
15366
16614
18566
19643
19714
19743
20047
20488
20897
20905
21350
21711
21910
24522
25269
25466
25485
26209
27170
29402
29638
32508
32746
32918
33061
34102
34249
35142
35263
37018
38194
38213
38361
38499
39809
40136
