2264
2801
2816
3002
3310
3512
3800
4284
5816
7047
7912
8756
10226
12897
13158
13304
15531
15741
18329
19026
19839
19889
20036
20346
20988
21470
21713
22738
25040
25789
26966
27791
27822
28034
28587
28606
28951
29369
30530
31317
33051
33787
33813
33939
34114
35308
35474
35837
36247
36811
36946
38378
38565
40779
142
373
505
2818
3624
3909
4725
5753
5832
6440
6877
7832
8299
9363
9698
10488
13050
13708
14426
14465
14834
15342
15550
16057
16491
16536
16565
17466
18123
18916
19170
19981
20472
20822
20843
20930
21467
21711
23316
24090
24541
25638
26574
28289
28544
30253
30926
31490
32371
34523
35897
37188
37562
38080
38868
38908
38919
39348
40258
