1115
1799
2703
5261
6552
6969
7062
7724
7968
10071
10509
10640
11949
12770
13219
13415
13540
13798
14441
14527
15009
16393
16495
18181
19407
19985
22928
23084
23939
25397
25697
27153
27937
28315
28495
28584
29528
30420
30645
31317
32190
32265
33254
33859
34530
35688
35932
36154
37479
39539
39644
40263
40734
802
821
2229
3469
3664
3865
4140
4855
5999
7453
8761
8803
8971
9050
10380
12498
12605
13307
14496
14521
15999
16910
17851
18058
19368
20137
20148
20702
22089
23023
23455
23686
23698
25378
26047
27042
27043
27142
27536
27710
29402
29598
30311
30843
32066
32268
32511
32512
32726
33917
34799
35107
36250
36430
36533
37018
38813
38908
39981
40688
