948
2504
3207
3452
4938
6007
6363
6847
7132
9580
10568
11486
11808
12761
13072
13158
13461
14182
16519
17203
18416
18830
19178
20791
21172
22928
24707
25016
26966
26980
27256
27684
27811
28336
28587
28606
30053
30753
31821
32072
33035
33139
33535
35298
35449
35506
35684
37739
40415
40817
26
605
1737
1808
2557
2813
2877
2950
4064
4855
4987
6219
6300
9839
10035
10805
13305
13786
14426
14953
15081
15115
15550
15971
16203
16408
17607
18792
19500
19627
20972
21350
21603
21944
22179
22198
22488
23448
23786
24378
25528
25930
26722
27673
28522
28678
29265
29375
30843
31510
31682
34523
35077
35656
36647
38193
38673
38928
39097
39659
39924
40190
40617
