1372
1792
2504
2569
4884
6384
6860
10655
11949
12436
12680
13540
13634
13871
14241
15009
15595
16091
16675
16820
16946
17300
19026
19214
19641
19985
21119
21172
22688
22932
23317
25516
28160
28817
31079
31116
32241
32334
33828
34232
34442
34779
34853
35684
35932
36278
36896
36916
37115
37758
37867
37878
38044
38909
39192
39433
40054
40602
1808
1864
1974
2349
3036
3678
4855
6087
6353
7683
7760
8401
8449
9692
10349
11268
11564
12485
13630
14834
15669
16042
16710
17864
18020
19627
20897
20943
21171
21450
23106
23316
24023
25528
28081
29024
29942
29980
30311
30526
31342
31775
32455
32746
33293
34289
34358
34799
36071
36187
36564
36893
38361
38536
40764
