1346
2742
3512
4053
5507
6621
7908
9910
13485
13600
16840
17181
17382
17453
17523
17599
18313
18386
18723
18933
19202
20674
24006
24513
24619
24983
25354
28665
28728
29827
30657
30692
31277
31374
32762
33035
33124
34018
34114
35222
35252
35308
35684
35688
36452
37739
38635
39471
40101
284
498
802
1129
1670
2473
3737
3932
3987
4503
6381
8355
8426
8699
9303
9554
9725
9983
10805
11652
11912
11915
12337
12750
13603
13689
14031
14207
16871
17899
18737
19481
20897
21350
22179
22631
23006
23474
24208
25977
26595
26806
27694
28792
29105
29494
29649
30533
30926
31430
32179
32511
32704
32926
33293
35062
36404
37160
37405
38212
39161
39936
39953
40175
