242
362
1372
1542
4692
4827
4913
5424
10559
11235
12984
13088
13362
13482
13692
15376
15883
16091
18054
19302
19661
19889
20643
21640
22883
22913
23590
25149
26404
27605
29344
29528
29544
30306
30420
30707
30785
31357
31374
32650
32758
32838
33751
35308
36084
36278
36923
38282
38426
38746
39471
39524
40569
456
802
1736
4503
4802
5029
5164
5361
5832
7758
7832
8377
8401
9819
10174
10247
11504
12037
12591
14146
14390
14793
14834
15669
15756
16484
16576
16698
17495
17927
18385
19643
19998
20287
20669
24458
25073
25517
26595
27247
27967
28902
29732
30047
30887
32545
33913
35349
35780
36187
36751
37122
37287
37373
37439
37926
38908
39155
39263
39981
