1140
1158
1501
1838
2240
2848
3917
4342
5411
5892
6217
6363
6552
6971
7344
8406
10025
13800
16519
17552
17749
19045
19794
19870
20324
21079
23254
23898
24013
24475
24863
25149
25789
26164
26631
26966
27153
27418
27953
28299
29161
30246
33859
33939
34291
34406
34442
36455
36785
40054
498
1446
1736
2444
2704
3073
3469
3746
3967
4627
6305
6877
8026
8613
10062
12696
12750
13048
13468
13630
14294
14334
15410
15669
15727
16054
16165
16203
16356
16684
17927
18575
18702
20256
20423
21164
21171
21309
21827
21951
24091
24378
24616
25944
27096
27329
28563
28629
29338
33913
34048
34137
34858
36044
36729
36806
37047
38408
38679
39717
39936
40001
40351
