177
240
288
891
1629
2100
2902
3207
3475
5263
6514
7062
7724
10509
10568
10744
11156
11486
11635
14115
16222
16999
17300
18386
20324
20384
20437
20505
21172
21906
22706
22932
23102
23901
24190
24472
25037
25175
25354
25813
25875
26147
26695
26966
27114
27581
30370
31605
34511
34530
35322
35358
35505
36452
36866
37307
38069
39668
40711
40854
82
414
709
1832
3388
3812
3865
6268
7108
7413
8080
8377
9819
10641
11356
12114
13768
14334
14528
15048
17404
17571
19170
19574
19743
19891
20148
20897
20972
22697
23448
24008
26468
27308
27660
28909
29942
30691
31775
32035
32371
32512
32976
34185
34336
34574
36472
37287
38513
39909
39936
40258
40797
