566
789
1085
3381
3917
5153
5424
5701
6217
6435
12980
13362
13761
14795
14936
15376
17874
18054
18181
18386
18532
19909
20421
20462
20752
21554
22105
22445
22591
24190
25369
25875
26147
27684
27751
28608
28762
28867
28916
30530
30671
31862
33510
35252
36455
38584
38939
39963
40215
40659
29
505
1996
2707
3206
3778
5164
5266
5785
5818
5975
5999
6452
7543
7822
8485
8551
8613
11196
11405
11912
12496
15048
15756
16165
16203
17087
17346
17404
18615
19292
19453
19627
20333
20378
20671
20822
21153
21235
22089
22392
22655
23528
25207
27042
27472
27992
28834
30109
33188
33801
33917
34137
34332
35349
35623
36331
36647
37439
39917
40327
40551
40834
