816
1683
2758
2901
2978
5243
5931
6040
6373
6651
6847
7614
8235
8762
10226
10705
11156
12276
13441
13798
16226
17644
18277
18476
18500
20361
21503
21713
22269
23171
24707
24751
25299
25828
25985
26253
28584
29574
32106
32223
34030
34323
35442
35688
36294
36862
37115
38378
38665
39703
40218
40569
167
293
537
887
1659
2431
3593
3778
3987
4627
5988
7543
7647
8008
8276
8551
9482
12114
12232
14834
16165
18777
18792
19481
19687
19838
19981
20677
21350
22782
23508
24509
25441
25843
26081
26722
27434
28222
29498
29598
30762
30770
31987
32287
32371
34197
34704
34858
34935
35214
35732
35862
37169
37185
37892
38031
38195
39103
39626
39646
40702
