288
1735
1797
2758
2978
5120
6671
6824
7344
7394
7968
8007
9143
10226
10705
12274
13616
13804
14541
14547
14590
16091
18004
18568
19045
19214
19407
20078
20674
20904
24135
25889
26043
26338
26676
26980
27326
27953
28264
28825
29528
32267
35420
36504
36896
36946
37009
38211
38247
38282
39453
39539
40215
456
468
783
937
2053
2288
2473
3036
4492
6467
6526
7280
7496
7686
8359
8442
8779
8819
9303
9482
10003
10374
10708
11175
11912
12426
12654
12727
12920
13148
13386
13493
15067
15081
15214
16057
16356
17398
19075
19844
19984
24322
25525
26290
26857
27170
27698
27954
31006
31378
32702
32741
34704
35862
36806
37528
38228
39662
39953
40820
