417
948
1228
1542
2140
2742
4032
4522
5507
5628
5701
6106
6280
6671
7050
7968
9580
13110
15956
17523
18416
19695
19765
20030
20481
20791
21345
22157
22612
22723
22937
23500
24495
24690
24861
25354
25397
26860
27334
27693
27822
28495
29921
30420
30671
31222
32784
34215
35420
35505
35922
36099
37163
37307
38635
286
391
1446
2431
3299
3708
4902
5164
6087
7310
7551
7639
7867
9011
9050
9583
13630
15623
17025
18792
19453
21295
21323
21623
21983
22206
22291
22310
22345
22392
22549
22958
23528
24676
26084
26806
27043
29114
29840
30047
30518
30950
31163
31490
32541
32855
34102
34284
34681
35136
36564
38212
38372
38416
38679
39495
39615
40175
