891
1631
4521
5507
5898
6847
7015
8007
8235
8438
10640
11624
12751
13002
13660
16909
16918
17427
19213
20524
20736
21119
22354
22688
23996
24472
25149
26223
26676
26914
26953
29369
32763
33124
33271
34126
35298
36504
37307
38053
39099
40101
40635
286
456
537
708
783
1001
1271
3052
3787
3801
5029
5713
6353
7049
7551
7809
7987
8076
10062
11402
12249
12920
13107
14119
14207
14961
15115
15342
15461
15669
15724
16163
16633
17087
18123
18385
19284
19844
19852
19971
20232
20919
22590
23455
25218
26419
26526
27935
28678
30026
30181
30518
31107
31352
31444
32237
32371
33288
34284
34799
35062
35897
36081
36187
36316
37577
38967
38980
40258
40783
