2071
2929
3071
3656
4852
6155
6363
6651
9580
10214
10226
11019
12431
13600
13634
13729
14241
17276
17300
18508
19565
20138
20343
20608
20926
20988
21341
21367
23590
25374
25697
25809
25854
26296
26676
26817
27046
27389
27703
28086
28684
30692
30980
33843
33891
35322
39549
39945
414
1292
2094
2229
2849
2931
3710
5753
6326
7315
9216
9269
9338
9974
10763
11652
11713
12114
12480
13133
14164
14252
14339
16633
17441
17950
18916
19292
19627
20248
21438
21805
22283
23463
24333
24414
25156
26288
26827
26869
27170
27182
27627
28967
29633
29649
30109
30521
31134
31381
31430
32017
32606
34869
35623
35624
35667
36404
37562
37654
38194
38686
38868
38998
40672
