1376
2623
2901
3207
4588
5263
5424
6282
6671
7774
8194
9003
9934
10509
10640
12984
13002
13938
14382
14833
15009
16495
17427
18841
19135
19994
20152
20576
20926
21352
21645
22723
23385
24472
24751
24805
24911
25188
25569
25657
26861
27068
27672
28584
30748
31969
32902
33877
33953
34835
37841
38002
40101
40189
293
1271
1446
1531
1832
1971
4231
4337
4464
4892
5595
7226
7370
7543
7822
8299
9011
10255
11017
11219
12426
12727
13107
13765
13981
14031
14528
14588
14887
15923
16576
18857
19091
19567
19888
20423
21572
24706
24852
25977
26362
27128
28454
29105
29589
29942
30171
30210
31342
31430
31487
32179
33825
35623
37185
37287
37965
38974
39185
