317
1683
2901
2902
2914
3656
3808
5341
5507
5816
6007
6860
7288
7572
8133
8438
8960
9770
10096
11394
12045
13381
13540
13973
15771
16091
17661
17790
19407
19754
19980
21410
23084
24190
24619
26147
27334
28587
28914
29275
30707
31270
31821
32143
34030
34254
34435
35922
36154
38359
39471
26
1063
1292
1724
2094
2184
2229
3783
4140
4328
4417
4481
4725
5673
6219
6300
6906
7294
8026
8064
8449
9478
10763
13435
14252
14511
14887
16599
16614
16698
18284
18737
19453
19998
20248
20722
20766
21295
23153
23508
26538
26646
27294
27329
27472
28155
28289
28678
29840
31163
31490
31718
32017
33354
33822
36566
36891
37329
38967
39436
40235
40551
