1025
1346
3194
3381
3607
3856
5150
5243
5425
5802
5898
5998
6552
8632
8664
9333
9934
10096
10590
10640
10699
12419
13729
13938
14608
15956
16091
16519
17540
18476
19729
20674
21352
22411
22913
24006
24840
25669
25789
25854
26540
26980
27068
28762
29345
29544
29774
29795
30246
30980
31116
32241
34391
35308
35554
35684
35978
36084
37192
37847
38090
39322
39433
39539
137
1531
1996
2707
3812
4328
4987
6452
7809
8276
8382
9799
13148
13944
14164
14953
15538
16491
17423
17860
18575
19481
19520
19852
20137
20148
20824
21295
26290
26362
26618
27187
27280
27935
28629
30493
31006
31254
32179
33058
33409
33484
33596
34358
36472
38813
39809
39924
40688
