288
1939
4032
4859
5628
6404
6847
10158
10214
10496
10705
11635
11943
12130
13204
14225
15771
16509
16901
17644
17801
18004
18260
20004
22594
22781
23695
23898
24013
24374
26164
28665
33035
33844
33939
35335
36084
36935
39192
39644
39945
456
605
783
1024
1160
1446
1808
2641
2931
4231
4855
4987
5124
5971
7226
8767
9438
9478
10015
10255
10337
10374
10523
12727
12920
13468
13689
14588
16046
16934
16963
16980
17569
17860
18028
18226
18990
20137
20248
21759
22655
24205
26299
26303
26526
27257
27280
27329
27516
28454
29287
29338
29375
29638
30887
31134
32541
32926
33308
33354
33409
34249
35562
36277
36528
37133
37667
39437
39662
39887
40543
40702
