1542
2019
2106
2504
2816
3477
3536
4142
6334
6514
6851
6860
7288
7968
8406
8571
9143
10261
10680
12431
12560
12984
13002
13497
14261
14608
14833
15745
15883
17351
17980
19407
19661
20018
20324
20541
20674
20786
21119
21151
22636
23322
24690
24923
26674
30297
31296
31448
32072
32672
36519
37045
37826
38426
38761
39313
39974
40215
709
2344
3746
4328
4725
4823
4876
4951
5255
7108
7950
9057
10380
11078
11118
11268
11318
11504
12864
13854
14595
14961
15115
15366
15461
16484
16980
17124
17286
20423
21450
22550
23334
24070
25185
25207
26288
28243
29265
30518
31775
32662
32704
33293
33392
33484
35637
36404
36647
36891
38343
38361
38372
38458
39799
