20
240
1662
1783
1999
3194
5150
5836
8194
8571
8858
8942
10226
10640
12897
13627
14441
14991
15531
16225
16519
18492
19019
19387
20576
22595
24331
24923
25647
25657
26164
27122
28089
28587
28684
28700
31116
31338
33297
33739
34254
34391
35335
35691
36452
36811
36911
36923
38378
39313
40189
40635
82
284
1129
3578
3812
4064
5029
5460
5971
6381
7280
7639
7781
7979
8767
9587
10822
11318
11356
12591
13385
13767
15461
15714
16356
16576
16614
17398
17423
17864
20333
20943
20966
21982
22206
22655
24008
24676
25152
26419
26532
26538
27294
27710
28597
28932
29589
30526
31490
32362
33308
33381
34869
35962
36566
37018
37047
37258
38213
38582
39348
