3536
3656
4284
4938
4986
5425
5507
6682
7288
7533
8077
10699
13088
13616
13804
14590
14738
16642
17801
18176
19985
21352
22727
23555
24882
25961
25985
26566
26980
27156
27418
28260
28825
28914
29143
30436
31338
32365
32862
33813
34018
34095
34234
35691
35922
37128
37307
37758
38053
38665
38754
39204
40365
40376
25
391
1808
2813
3737
3783
4455
4481
7639
10174
10487
12094
12114
12232
12485
13356
13480
15873
16504
17087
17712
17864
18123
18961
19350
19628
19984
20148
22089
22984
23508
24090
24524
27018
27196
27323
27616
27935
28994
30926
31091
32371
33130
35235
35318
35780
36647
36690
37160
37317
37329
37620
38194
38967
39155
39437
40327
40377
40567
