566
891
1346
1629
1631
2914
4199
5207
5263
5869
6651
6682
11299
13485
13634
14225
14833
17658
18129
18902
20346
20608
20988
21352
21679
22104
22219
22727
23555
24497
24503
25149
25331
26860
27094
27672
28960
31291
32143
32223
33139
34866
36152
36288
36785
37479
37847
38565
38584
38669
39503
40365
40390
40734
404
498
783
1344
1724
2461
2477
3299
5039
6353
6723
7408
7543
8382
9554
9852
11912
12327
14595
14802
14961
15669
15929
16042
16536
16614
17385
18615
18792
19687
20047
20232
21156
21291
21295
21438
21492
22345
22537
24452
24524
24787
27308
27710
30023
30521
30533
30950
31134
33054
34197
34704
35142
35214
36044
38080
38980
39717
40764
