2240
2717
3288
5628
6361
9869
10079
10261
13112
15594
15603
16091
17382
17658
18007
18416
18804
19178
22105
22937
24317
24619
24903
25016
25211
25613
25657
26147
26631
27046
27757
27888
28924
30101
30581
31296
31779
32223
32316
33083
34323
35442
36288
36294
36946
37163
38702
39524
39567
39760
40569
69
1500
2477
4568
5266
5878
7310
7639
7901
7950
8026
8276
8299
8401
8647
9587
9839
10819
11078
12914
13468
13818
14164
15999
16576
16926
17441
17571
18971
19172
20256
20472
22310
23021
23448
24458
25441
25757
26276
26963
26988
27247
27698
28453
29343
30235
31737
31944
32169
34102
34447
36316
36615
37160
37619
38214
38499
38858
38868
39626
39775
39776
