1025
2860
3058
3310
4859
6280
6363
8033
8185
8438
8756
12052
13497
14357
14738
16588
16946
17427
17523
17552
17599
17866
18416
20002
20252
20693
21019
22444
22612
22706
23171
25299
25641
25985
26074
27149
28089
30645
30692
32241
32267
32650
32763
33751
33795
35181
35322
35358
35505
35506
35554
36337
36360
37233
38653
40215
40425
40659
142
373
783
1619
2229
2450
3088
4033
4098
4481
4869
5673
5839
6877
7686
8426
9478
10822
10869
12249
13818
17495
18916
19155
19838
20256
20669
20831
21350
22077
22720
22757
23965
26034
26857
27257
27673
28243
28967
29633
29940
30770
31404
31552
31847
32541
33061
33104
34249
36729
38749
39263
39662
39775
40327
