1372
1870
3288
3808
6106
6560
7091
7996
8260
8756
9003
10561
11697
11943
12274
13204
13447
13800
14590
14874
15682
17181
18129
18660
19202
19430
19875
20524
21645
21906
22594
22612
24495
24983
25353
27751
28581
28587
29025
29774
31380
31899
32267
33877
34126
35297
36789
38584
38653
39453
40642
69
338
605
2053
2450
3446
3783
4290
4922
6035
8377
8402
9177
9797
9983
10349
12249
12498
12591
14339
14511
14566
15041
15727
15756
18174
18734
18990
19852
20806
20972
21593
21982
22198
22283
22590
22731
23285
24608
25082
25152
27536
27710
28222
28994
29980
30235
33188
33596
33703
35332
35349
35623
36647
37039
37153
37317
38080
39103
39278
39495
40551
