68
1346
2240
2346
2569
3795
3917
4618
5261
5628
7817
9143
9910
10226
11235
11592
11943
12984
13973
14230
14450
14590
17498
18260
18933
19045
19051
21352
21624
22511
23537
23939
24006
24331
24751
25661
25697
25828
26404
27153
27684
27703
28034
28086
28266
28299
28728
29344
30036
31629
32072
32316
32672
33471
33843
34779
38053
39471
39575
39644
40618
40854
2461
2641
3710
4224
4503
4548
4855
6353
6592
6877
8402
8449
9799
10523
11078
14146
15115
15550
15999
16203
18028
18857
18916
19447
20472
20766
21358
21603
22177
22720
25525
26722
27091
27580
29265
29598
30843
30942
32066
32237
32511
35214
35314
36851
37577
37620
38673
38816
39437
39672
40149
