1357
2100
2275
2367
2550
2901
3416
4199
5245
5747
7255
7572
7968
9356
9580
10603
11156
13381
13634
13729
14225
15745
16339
16502
16588
17661
19407
19794
20462
20836
22202
22662
22932
25381
26656
27094
28495
28817
30935
31969
32406
33139
33939
34215
34323
34511
34933
35281
35597
36278
36785
36789
36862
38050
38090
38211
38909
39703
40582
40831
345
601
783
1703
2344
2477
2720
2746
2877
2925
3605
5902
6691
7683
8603
8823
11175
11223
11504
11951
12337
12638
12905
14164
15826
15876
16963
19411
19884
22198
22549
22720
23285
24985
26827
28883
29024
29221
29498
29598
31847
32544
32768
33484
34447
34975
35562
36331
36498
38582
38868
39185
40551
