618
1214
1631
2106
2346
2367
2848
3993
5379
8133
8438
10261
12148
13110
13219
13482
13804
17047
17957
18325
18841
18902
19019
19045
19135
19729
19909
21645
22202
22204
22738
23171
23314
24891
25369
25889
27068
27334
27671
30053
30283
32064
32752
33891
33907
34018
34435
35322
35380
35506
36504
37878
38053
39567
39977
2046
2431
2450
3107
4568
6087
6326
6381
7979
9013
9639
10247
10805
12605
12920
13048
13689
13902
14834
15115
15550
15873
16054
17189
17691
18309
18990
19574
19891
19988
20023
20843
21291
21888
22518
23508
23786
24090
27434
27536
28544
29185
29441
29649
32224
32918
33067
33596
34828
35947
36331
37185
37301
37373
37405
37656
38974
39494
