549
566
948
1376
1629
1870
2522
3310
5836
6106
6280
6847
8185
8532
12984
13158
13482
14230
14382
16222
17058
17552
18037
19646
19794
19870
20643
21172
21470
22040
22662
22688
23695
23826
24006
24331
26074
26566
27256
28916
29574
30079
30333
31116
32241
36152
36504
38426
39099
39855
40365
40734
29
345
1605
2184
2461
2983
3062
3578
4710
5255
6467
7310
7315
7413
7875
8008
8359
8401
9400
9554
10805
11268
11524
12914
13493
14119
14828
16162
17184
18058
19170
19411
19501
20047
20722
20746
20758
20919
21492
21603
21623
21805
21827
22698
22903
24322
24473
25152
25321
26303
27187
29732
30010
31614
34137
35939
36533
36535
37133
37886
39566
