288
811
1085
3214
3856
3998
5261
5341
6543
7091
7583
9238
9413
10139
10343
10655
13219
13485
13497
13876
16822
18503
18743
19875
21410
24125
24619
27122
28086
28435
28584
28665
28867
29921
30753
32365
32494
32752
33051
33254
33297
34391
36520
36916
37599
37635
38002
39330
39977
40492
167
605
821
1724
2525
2808
2849
3073
3456
3787
7035
7505
7594
8922
11915
12247
12703
13386
13672
13944
15576
16162
16349
16536
16926
18598
19228
19443
19643
20287
20488
20943
21164
22283
22720
22803
22984
23455
25485
25533
26937
26947
27170
27616
28544
29265
29649
30311
31254
32768
35947
36277
37886
37926
38213
38228
38513
38858
39348
39741
39835
40175
40783
