1346
2121
2264
2816
5207
5348
6282
6384
7047
7134
8664
9391
10529
11297
11624
12045
12276
14547
15944
16946
18804
18902
19051
20437
20462
20769
21210
21859
22913
23092
24125
24778
25722
26878
28665
29921
30753
30773
31357
32223
33139
33939
34030
34933
35684
35978
36662
37787
37826
37970
38002
38056
38122
39945
40415
530
937
1670
1808
2289
2960
3909
4518
5971
5975
6749
7453
7639
8402
8426
8761
9424
12472
12905
13148
14146
14588
15461
16633
16871
17189
17257
17526
19155
19500
19516
20256
21295
21667
22655
23463
24008
25441
25638
25843
27697
28085
29840
30023
30942
31533
31614
34010
34694
34869
35136
35672
35991
36331
36430
36884
37258
37503
