811
891
2121
2569
2901
3002
4162
4164
5701
6860
7897
9545
10226
10261
10742
11084
12531
13204
13531
14230
15170
15376
15716
16543
16675
16840
18386
18426
18723
18804
19178
19729
23996
24317
27326
27822
27861
28303
28581
30436
30707
31396
32494
32650
33139
33813
33859
34089
35449
36152
36288
36862
37009
37045
37811
38053
38476
38665
39055
40425
660
2046
2344
2444
2477
2877
3321
4132
4481
5332
6922
7607
7769
8716
8922
9050
9698
9839
10015
10247
10488
10869
11078
13768
14961
15550
17459
18971
19559
19643
20248
20256
23150
23448
23698
27142
27144
27294
29343
29402
29732
30181
32237
33058
34447
34735
35263
36546
36647
37039
37229
37948
38816
