242
2140
2978
3288
6404
6651
7472
7533
7724
8194
10496
10568
10678
12089
12436
12897
13761
18325
19641
20002
20576
20693
23314
24778
24844
24861
25722
26286
27328
27581
28486
28817
29179
31338
31629
31980
32040
33795
33953
34092
34232
34442
34853
35554
35932
38584
39433
39522
39668
39747
39760
39940
40376
1506
1864
2818
3812
3984
4524
4568
4627
4954
6795
7760
8834
10430
11402
11915
12048
12079
12094
14252
14496
14521
14528
14566
14955
16054
16136
18123
18916
20589
21667
22816
24543
25156
25797
26646
26963
27536
27627
27935
29940
30447
32268
32918
33225
33409
34137
34681
34704
35314
35623
35711
35967
37317
38513
38980
39079
39278
39346
39810
40402
