811
1221
2100
2264
3381
4326
4396
5245
6404
6514
6569
6651
6671
7132
7702
7830
7897
10071
10158
10226
11624
12089
12148
12276
12431
12988
13088
13209
14541
14833
15745
17013
18260
19387
21341
21352
22354
22883
22907
23826
24983
25299
25647
26296
27114
27326
27334
27674
28264
28435
28817
30657
30929
31296
31777
32650
32784
33022
33139
33751
33891
34554
35916
38247
38635
39821
39977
40492
3950
5166
6922
7574
7607
7901
7982
8008
8819
9338
10255
12782
13133
13944
14826
16633
17459
17899
19352
19852
19988
20032
20722
21572
21805
21951
22958
23528
24519
26869
27530
32741
33067
34644
34694
35345
35623
36451
37133
37160
37405
38967
39494
40522
40783
