242
1211
1357
1799
2265
2500
3071
3870
3917
4884
6014
6186
8074
9869
10096
12000
12255
13876
14738
17352
18723
19765
20505
20693
22636
23303
24034
25669
26286
26743
27389
27577
27672
27693
27751
27888
28264
29309
29442
29921
30036
32223
32267
32406
35506
36931
37128
37462
38050
39940
39974
40642
145
167
1001
1659
1670
2349
2641
3678
6089
6353
7543
7901
9363
9852
10641
10763
12010
13114
15545
15576
15971
18777
19170
19447
20919
20946
21593
21603
21888
21995
22537
22903
24208
24333
25944
27096
27536
27660
27992
28792
28967
31006
31490
31552
31724
31944
32362
32455
32768
33825
34102
35349
35732
35780
36566
37904
38416
38816
38858
39776
40327
