948
2265
2703
3475
6186
8074
8260
8860
9413
9934
10561
12089
13204
13441
13714
13729
14225
15170
16091
18492
18804
19213
19870
20138
20419
20505
21341
23590
24464
25037
25613
27888
28089
28160
28169
28762
29827
30530
30565
30863
30980
31612
32025
32064
32937
34779
35799
36152
36298
36519
38056
40376
40734
142
338
345
708
1001
2697
3783
3987
4328
4629
5511
5839
5975
6089
7543
7773
7982
7987
8551
8647
10174
11504
12094
12591
14887
15061
16565
16599
17398
18542
18985
19888
20023
20677
21888
22333
23474
23715
24414
25304
26947
27422
28902
29287
29970
30026
32662
33780
35637
36071
36566
36806
37287
37750
38064
38193
38420
39035
39809
40672
