68
1372
2254
4032
6791
9869
12052
12845
13304
13362
13531
13616
14230
14450
17382
17498
18133
18313
18441
19178
19641
20004
20384
20576
21553
21554
21834
22040
22105
22157
22907
24778
25337
25569
25875
26286
26566
26953
28160
28266
29544
29673
30297
31317
32109
34095
34215
35688
38282
38565
39219
39367
39685
708
1160
2053
2707
2726
2813
2818
3020
4132
4629
5118
5166
7758
8120
9819
10819
11564
11871
12472
12591
13307
13386
13630
13803
14521
15362
16163
16349
16576
16633
17466
17526
18932
19443
19981
20843
21156
21224
22448
22902
23474
25185
26869
27422
27536
28241
28243
29490
31570
32918
35332
36404
36546
37528
37948
38408
39185
39917
40001
40808
