811
1214
1838
2569
2692
3475
3800
4199
5243
5802
5905
6361
6860
10465
10559
10744
11297
11808
15883
16588
17047
17300
17552
17749
18423
18503
18830
20030
22400
25059
25353
25573
25613
25656
25828
26147
27149
28960
29574
30773
31380
31396
33051
33648
34414
35297
35427
35506
38002
38476
40189
1168
1446
2431
3045
4725
5332
5460
5999
6365
6723
7226
7505
7639
7686
7781
8243
8975
9269
9303
9374
9721
9819
10374
11017
13468
13480
14802
15074
16234
17404
17571
18226
19447
19710
21291
23285
23455
23528
24208
24322
25269
25910
26290
26303
26806
28241
28936
29732
30024
30173
32017
32224
32371
32541
32926
33822
36451
37229
37503
38974
40175
40764
