1085
2087
2742
2906
2929
3607
5425
5892
6435
6932
6971
8860
9910
10465
10633
11678
12419
12770
13485
14005
16111
16820
16918
17013
18383
19504
21079
21859
22157
24619
25354
25516
25908
27583
28213
28266
28867
29827
31296
31738
32406
33953
34234
35380
35506
36247
36249
37522
38050
38909
26
345
601
927
1446
1724
4455
4954
5361
6219
6365
6949
7035
7594
8064
9269
9338
9602
9797
10708
10998
12037
12638
13049
13457
14119
14834
14887
16576
18174
18737
18857
18961
19155
19453
19574
19981
20032
21224
22518
22903
23474
26034
26084
26276
26947
27536
27660
28243
28522
33801
34069
34762
35624
35708
37562
37904
38228
38673
40328
40567
40672
40797
