177
2140
2550
2742
3477
4396
4522
6373
8954
9934
10529
10655
11624
11653
13381
13761
15771
16331
18855
19664
19765
20836
21079
22105
22411
22595
23898
23996
25353
25550
25661
25697
26743
28709
28960
29574
30028
31338
31602
31969
32937
34018
34414
38493
38751
40779
821
1974
2349
2746
2818
2960
3299
3964
4902
4987
5164
6035
6365
7049
7496
8647
9478
9602
10805
12247
12905
13312
13689
14252
14339
16046
16349
20721
21136
21207
21323
21350
21593
21983
21995
22077
22488
22720
23021
23054
24208
24458
24893
25930
27042
28936
29598
30171
30253
31107
31163
32541
33058
33288
33308
33596
34799
35314
35656
36546
36851
37301
37329
37619
39035
39381
39494
