1190
3002
3870
5150
5802
6651
6791
8185
8858
9910
10678
11874
14115
15170
15745
15936
18441
18460
19870
20505
20608
21119
21859
23314
24503
24513
25016
25516
25886
26296
27888
28213
28486
28495
30863
32672
33139
33843
33877
34554
35304
35496
36504
36662
37045
37462
38909
39927
39942
40854
821
2473
2720
2849
3062
3746
3787
4098
5511
5818
6440
7982
8299
8603
8613
9725
9983
11472
11713
15048
15545
15623
16653
17184
17466
18399
18702
19627
19710
19984
20758
21910
22720
24787
24893
25218
25944
26806
27308
28200
28241
29402
29540
29940
30010
30926
31342
31693
32541
33801
34284
34303
35263
35862
36566
37329
37503
37667
37750
38458
39079
39161
40764
