417
1085
1783
3512
4618
6552
6971
7830
10680
10918
12761
12789
13149
13543
15376
16840
17372
17453
18508
18841
18923
19302
20473
20988
22104
23120
23826
25086
25656
25657
26674
26743
27256
28315
28486
28951
30053
32241
34030
34391
34442
35496
35652
36383
36916
37758
38069
38669
40054
40310
40415
40425
69
391
709
1893
3931
4485
6749
7226
7437
8365
8485
9554
10523
11402
12094
12114
12703
13708
13803
15826
17025
17526
18174
18737
18985
19453
19627
20333
20824
20922
22089
22757
22902
24023
26290
26419
26646
26738
27144
27329
27434
27794
29287
29638
30533
31614
31682
32224
32691
32714
33703
34303
36978
37503
37656
37926
38213
38409
40001
40763
40834
