743
4522
5150
6040
8418
9333
10071
10559
10699
12255
13136
13381
13441
14991
15376
18043
19202
21096
22354
22932
22937
23314
25175
25337
27122
28160
28525
28960
29158
30079
30420
31090
31270
31374
33239
33828
35449
36811
36923
37214
37336
37878
38754
38780
39330
39684
39855
40268
40365
338
575
601
708
1724
1974
3964
3967
4802
5926
7901
7982
8442
9050
9400
9898
10998
11713
12543
13173
13920
14339
16536
18575
18971
19501
19520
20722
21136
21207
21309
21376
22831
23054
23295
23328
23448
25466
26595
26806
26827
27616
29638
29940
29970
31134
31342
31718
32099
32455
32702
32918
33392
33596
34336
36003
37352
37892
37926
39799
39887
39967
40175
40763
