1221
1629
1797
2100
2346
2500
2758
6363
6847
9003
9536
12052
12702
12980
13112
13158
13461
13634
17552
18007
18032
18109
18441
18476
18640
18841
19794
19870
19909
20324
20419
20421
20473
20481
21344
22928
23939
25886
26223
26878
27334
27418
28264
28803
29872
32106
34095
34933
37009
37214
37726
37878
38378
38415
39234
39367
39522
40189
82
1271
2046
2726
3206
3664
5570
5785
5926
6749
6906
7496
8613
8819
9974
10334
13173
13468
13966
14426
14802
15214
15623
16565
17087
17286
19228
19348
21603
22940
22984
24616
26146
26988
27187
28290
28936
29105
29174
29265
29287
29649
29967
30871
32237
32474
32662
32976
35897
36187
36714
36806
36884
37926
38343
