889
1277
2500
2914
3002
3207
3917
6334
7996
10158
10343
11635
12276
12715
13002
13158
15936
17181
17351
17866
20462
20736
22738
22932
23102
24861
27684
27693
27703
27822
28160
28260
28965
29872
32143
32763
33648
34114
34232
39575
39760
40492
40734
137
284
345
368
1001
1888
3045
3865
4033
4064
6964
7437
8175
8402
8761
9011
9478
10334
10799
11175
11951
12472
14834
15061
15342
15545
15623
15999
16356
16565
18174
18682
19411
19811
19844
20148
20972
21593
22179
23153
24008
24522
24787
25082
25152
25739
26963
27396
27422
27627
28544
28597
29338
29589
30235
30518
30521
30887
31195
31775
32111
32702
33004
34006
34735
35046
35637
35991
36187
37229
