1115
2786
2901
4032
4164
4522
5424
6088
6435
6621
6860
8133
9391
10561
10680
11394
12449
12751
13149
14341
18423
21553
24497
24756
24805
25337
26878
27153
27256
27583
30692
31062
31090
31317
32763
33035
36294
37233
38494
38585
38665
39314
39524
40189
40659
145
631
727
1299
1974
3909
4132
4629
4802
4902
6617
7437
7453
8449
8452
8834
9400
9761
10062
10822
11163
11196
11268
12853
12864
13818
14119
14252
14521
14834
15545
15999
16330
16613
17495
18174
18257
18385
18399
18777
19574
20589
21164
22198
22291
23334
23497
27627
27697
28290
29174
30926
31487
31490
31718
31737
33298
33801
33822
34010
34284
34523
34681
35107
36187
38919
39079
39717
