288
317
1792
1899
2140
2500
3768
3993
4191
4199
4326
4692
6514
6543
6682
7134
8133
9545
10806
11297
12680
13616
14182
15926
16339
16833
18260
18386
19051
20036
20524
20643
21906
24911
25908
26743
26966
27100
27888
27972
28581
28587
29309
30645
31116
31396
33471
34030
35281
35932
37841
38122
40569
40854
293
338
1024
1344
2746
2983
3321
3388
4098
4337
4627
5999
6326
7253
8603
8685
9013
9587
10488
10708
11268
13148
13803
14426
14793
15214
15362
15461
15623
15873
16046
16599
16698
17184
18170
19971
20472
22549
22550
25517
25920
26526
27128
27280
27580
28290
28454
31552
33382
36277
36884
36994
37153
37352
37575
38214
38816
39278
40136
