177
493
566
758
2087
2346
2504
2692
4142
6155
6671
7091
8632
9356
10226
11486
12274
12321
12531
13088
13112
14357
16331
17866
18004
18109
19026
20856
21410
22202
22411
22928
24751
24778
24840
25086
25657
28581
28704
28960
29442
31940
34234
34291
35181
35505
35597
36280
36862
36896
38653
82
709
978
1864
2288
3052
5166
5839
6859
7370
7543
7741
7901
8452
8603
8819
9050
9692
10963
11402
11504
11652
12236
12543
12750
13049
13457
13603
14206
14349
14465
14955
14961
15115
16057
16349
16408
17404
18399
20488
20702
20754
20930
21164
21237
21995
22902
23106
25015
26600
30235
30298
31672
33801
34694
35962
37153
37373
39297
39809
40155
40551
