1799
1899
2087
2480
5261
6040
6971
7134
8007
8664
8994
9413
10214
11297
11537
11826
12321
13497
13798
16225
17247
17276
17644
17749
17866
20018
20257
20421
20643
21554
23537
23789
23939
24013
27791
28709
28960
29520
30565
31317
32143
32265
33338
33859
34089
35222
35281
35358
35688
36519
38359
39192
39219
39433
39640
39685
39747
40569
40642
40711
821
1864
3020
3446
3678
3737
3984
5332
5460
5971
7437
7607
7760
8064
8355
8716
9725
11163
11472
12327
12337
13708
14294
14826
16163
18971
19155
19520
20332
20754
21207
21827
21983
22283
22448
25485
25977
26538
26618
27144
28132
30235
31342
31381
32662
33104
34336
35780
36081
37039
39297
39775
40235
