68
177
317
1115
1140
1346
2623
3547
4142
4522
4859
5500
5998
6435
8418
10261
10806
12150
12419
12751
13958
15595
16918
17453
18007
18743
19565
20343
20836
21068
22105
23996
24190
24793
24903
25086
27757
29369
30283
30313
31438
32267
33083
33739
33900
33939
34291
34530
35597
36524
36911
38493
38608
40365
40659
1168
1292
1500
1893
2473
2531
3578
3587
4455
4725
6035
7760
8413
8779
9583
10035
10188
11078
12041
12094
12249
14521
15929
17569
18945
18990
19025
19453
20232
20905
21295
21350
21593
21805
21888
22283
24205
26290
27530
29174
29235
29287
29422
29494
29929
30010
31352
33288
34704
35235
35624
35962
36451
36528
37750
38868
40211
40312
