3856
3917
4162
5931
6088
6514
9333
9545
10629
10742
10806
11654
11697
13616
13677
14418
14608
15716
16909
17658
17874
18109
18383
19565
20004
20752
26296
26338
26404
27674
27937
28525
28700
32106
33510
35505
36383
36935
37115
37986
38056
38069
38653
40101
40365
40425
517
727
978
1619
2184
2289
4902
5266
5818
7315
7496
7741
9125
10035
10708
12317
13307
13493
13765
13913
13956
14206
15029
15041
15826
15876
16356
16696
17607
17851
19348
19981
19998
20754
20826
22206
22345
23715
27018
27422
28522
29235
29490
29568
30023
30762
31107
31352
31680
32511
32704
32895
33188
33298
33825
34130
35623
35672
36187
36615
37185
37373
38816
39079
39566
39953
40763
