1211
1542
1783
2569
4326
4859
5411
6552
6824
6914
7614
7908
8571
9536
9910
10079
11808
12531
12715
14005
14991
16502
16820
17181
17223
17276
17658
18323
18325
18350
19664
20421
20791
22543
22636
22781
24125
26286
28728
29166
29275
29344
30297
31612
34414
34554
34853
35304
36785
38211
137
287
2531
4524
5164
6060
7760
8120
8377
9017
9602
9819
9983
11210
11713
11757
12426
12654
12750
13048
13374
14164
14335
14511
15576
17124
18566
19075
19292
19501
19743
19811
19988
20232
20919
21091
22550
24333
24608
24676
25015
25683
28081
28597
29649
29840
30819
31344
32545
33381
33917
35136
35214
35708
35897
37160
37575
37640
38080
40190
40377
40560
40763
