2717
3381
3475
3859
5424
5931
6363
6860
7132
7897
8686
8762
10071
12045
12052
12276
12431
12845
13112
16111
16519
17372
18350
18389
18500
19019
19875
21172
22105
22727
24006
24472
24861
25037
25854
25961
27581
27811
28495
28867
29774
30087
32479
32494
32838
33843
34749
35799
36676
37688
37847
38122
38359
38493
38702
38780
1888
2531
4464
4568
4892
6592
6949
7035
7741
8803
8975
10430
14164
14521
17423
17569
17860
18226
18582
19574
19687
19743
20744
20966
22333
25466
25857
26209
26276
27660
29185
30171
30493
30770
31490
31552
32287
32474
32741
33188
33596
34048
34197
34523
34828
36893
37832
39103
39155
39348
39440
39775
39809
39953
39981
40515
40672
