816
1140
3998
5840
6932
8033
8077
8860
8960
10263
11299
12274
12845
12897
13485
16111
16225
16543
18743
19565
20267
20906
21345
22104
22738
24464
24805
26074
28315
28924
30297
31969
32072
33571
33900
34030
35554
35799
36084
36383
37192
37601
37867
37986
38174
38282
39524
145
345
1271
1506
2289
4951
5039
6365
7781
7901
8377
8401
9583
9639
11078
11629
12041
12079
12094
12480
12794
13854
14521
14961
15048
15166
15923
16234
16980
17864
17927
18653
19481
20256
20897
22549
23153
24090
24322
24458
25404
26047
26303
26618
26895
27580
27697
28243
28629
28837
31205
32714
32768
33381
34336
34523
35077
36891
37169
37619
38928
39155
39775
39809
40001
40211
