2692
2978
3512
3536
4298
6971
8418
8686
8942
9280
10025
10680
12419
13072
13136
13441
13925
14376
16226
16316
17352
17418
18043
18325
18329
19909
20030
21119
21151
22040
22400
22591
22636
23314
23400
24751
25331
25337
27389
28951
29442
29673
29795
29921
30028
30748
30826
31167
31270
31296
31936
32241
32650
34095
34866
35298
35358
35377
35754
36247
37214
37841
39055
40425
40569
40817
293
887
2431
2720
3967
4328
4922
6452
7035
8449
8485
8971
11078
14422
14511
15067
16163
16408
16696
19350
20721
22720
22958
25378
25517
25683
26081
27187
27698
28200
28222
29287
29395
29402
30493
31490
32508
34799
34935
35046
35077
36647
37258
38513
38673
39981
40402
