490
789
1542
1870
2906
2919
3381
3475
3547
4692
5243
5732
5816
6847
7132
7908
8576
9413
10158
10263
10699
12431
12449
13485
13497
14608
14795
15936
16822
17552
18947
19680
21068
23171
23303
23400
24125
24882
25331
25809
26631
27122
28914
28951
30053
30370
30692
30863
31748
33171
33239
33939
35474
35799
36278
36785
37601
38270
38295
39330
2431
2707
2818
3052
4876
5713
5765
6949
7292
7875
7942
8008
8413
9721
11506
13374
13672
13721
14953
15971
17087
17257
18174
18284
20032
20754
20824
21982
22487
23316
24541
25304
25910
26468
27182
27294
28454
28994
30526
30843
31352
32714
33188
33596
34249
34324
35939
36472
36535
39278
39440
39566
39809
