317
417
811
1277
1792
2264
4065
7702
7897
8418
8576
9413
9770
10918
11697
11792
12449
12770
12984
13381
13461
13627
13853
14450
16519
17058
18268
19680
19875
20004
20505
21410
21470
22157
22738
23102
23346
24317
24903
25331
28303
28803
30748
31319
31935
34291
34323
34715
34749
37233
38044
38050
39614
39685
226
2184
2288
2525
2746
3708
3964
4132
4481
4492
4954
5570
6749
6964
7294
7551
7647
8382
8971
10318
12113
12543
12853
12905
13114
13148
13457
14588
15081
15576
16613
17851
17864
17950
18385
18634
19379
20822
21805
22590
24219
25485
26047
27091
28514
29375
29598
31614
32512
34048
35967
36316
37039
37258
37329
38409
38967
38980
39717
