1158
1899
2214
2860
3323
4284
4884
5998
6363
6914
9143
9536
9770
10465
10629
11697
11826
11943
13088
13543
13938
14450
15072
15745
15956
17047
17801
18313
19695
22591
22907
22972
23826
24497
25331
25828
25886
26540
27684
27740
28960
29275
30530
30826
32475
32494
33271
35691
36247
37688
38493
38584
39313
39974
40390
80
1271
1808
2849
2983
4524
6353
7035
7536
8008
8402
10523
10789
11118
11163
11912
12605
13048
13312
15081
16491
16565
16633
16710
17466
18170
18792
19447
20137
20905
21623
24676
25920
26857
27091
27294
28132
28290
28454
28678
29967
30109
30762
31352
31987
32099
32455
32512
32541
32544
33058
34762
34935
36978
37528
37575
37832
39263
