177
789
1192
2154
3002
3381
5998
6014
6851
7062
7533
8133
10116
10680
12680
13485
14261
15692
16478
17223
18426
18561
19994
20346
20372
20791
21068
23590
25381
26404
26953
27937
28027
29442
30808
31438
32040
32223
32838
33907
34554
35684
36154
36360
36662
36676
37163
37479
38751
39471
39524
1605
1670
3321
4328
4524
4876
5765
5971
6381
6452
7370
7773
7979
9606
10822
11524
13107
14119
14824
14826
15756
15971
16046
16576
17257
18653
18737
18857
19447
20578
20766
20930
21944
22757
24608
25441
25739
26947
26963
27182
27329
27694
27698
27935
30026
30047
30962
31205
31352
31381
31510
34447
34538
35345
35862
36277
36533
37018
37503
37667
39672
39936
