1376
2106
2860
3058
6373
6851
7897
7948
7996
10603
12450
14936
17352
18037
18508
18830
19504
19794
21119
21172
22269
24374
24863
25331
25397
26338
27605
27671
28709
28788
29161
29166
29369
29921
30692
31167
31572
33828
34126
34323
34933
35322
35922
37635
38270
38359
39821
226
468
1299
2450
2720
2960
5570
6087
6440
7551
7647
8076
8699
9819
11219
12498
12853
13049
13468
13708
13765
13944
15550
15971
17124
18702
19155
19984
20758
20806
20822
21291
22206
23334
24740
24985
25062
25930
26006
26419
27196
27580
29338
30109
30119
30887
31107
31163
33130
33293
33823
33983
34447
35318
35329
35667
35708
36187
36884
38372
38686
38928
39035
39103
39348
39626
