356
618
1277
2786
3207
3288
3827
4938
5261
5892
6088
6334
6671
11084
12680
13112
13204
13938
14005
14115
17372
17540
19430
19680
20152
20473
20736
21645
22662
22883
24619
24751
24805
25188
25697
26404
27114
27811
28581
28587
29673
31320
31396
32479
34092
34323
34511
34554
35449
35688
36452
37115
38069
39219
39471
39567
39650
39974
40263
40376
40492
40569
708
1703
1832
3812
4987
5361
5902
6305
6723
6749
9438
10819
12914
13630
13672
14294
15115
16042
16162
17309
17466
19017
19228
19710
19988
20930
20966
21295
22518
23455
24787
25757
25843
26618
27794
28096
28289
30235
31552
32017
32268
33350
33755
34102
34289
34737
35345
35711
38033
39603
40808
