743
1211
3607
4396
4884
5626
7255
8033
8960
9545
10678
10918
11299
13019
13485
14441
15682
16519
17013
17181
17540
17552
20769
21068
21503
21645
22202
22511
23996
24891
25337
25586
26223
27100
27822
28027
28584
31277
31291
31338
33171
34933
36935
36946
37165
38121
38174
38653
39640
39684
142
937
1129
1500
1893
1996
2704
2754
2877
2896
3587
3737
5332
5653
6526
6788
7505
7901
8473
9011
10487
11506
12472
13148
13305
13374
13721
14109
14334
16046
17309
17461
18284
19443
19852
21156
21467
21475
22392
23715
25207
25378
25797
26574
26595
27170
27536
29638
30518
30950
31718
34044
35062
35624
35672
37405
37832
37886
38361
39035
40001
40136
40312
