68
2480
2801
3795
6384
6514
7533
8418
9536
10529
10655
11156
11678
11943
12255
13019
13540
15926
16393
17540
17914
18532
18830
20168
20791
21345
21679
22662
22907
24464
24495
24911
24983
25331
26861
28266
29827
32109
34095
35474
35505
35554
35720
35932
36676
37522
37787
38746
39703
40779
167
2754
2925
3062
3678
4064
4132
4328
4481
4518
4627
6268
7982
8485
9125
9554
10641
11318
13966
15669
15756
16057
16484
16599
16926
18575
19140
19170
19292
19852
20831
20905
21235
21944
25073
26084
27043
27144
28544
28883
28909
28932
29490
32371
32512
32545
32710
33298
33703
34574
34762
36955
38001
38031
38813
38816
38868
39662
39809
40211
40235
40258
40688
