356
362
816
2100
2929
4162
4852
4938
5840
6373
6514
6682
8438
9413
11513
11943
12276
13149
13545
13600
14418
16519
17058
17223
17276
17914
18423
18743
18804
19680
20361
21554
22157
22354
22937
24034
24222
24513
24844
25550
25854
26817
26946
27953
28960
29025
29921
31291
31760
32752
32922
33766
33843
34511
35148
35986
37336
37462
37635
40365
2700
5039
5511
5591
5903
6691
6795
7565
8377
8603
8647
8685
9554
9797
9974
12317
12591
15876
16864
18734
19170
19481
20450
20589
20744
20843
20946
21235
21291
25834
26526
26963
27042
27294
27536
29343
29598
29967
29980
30253
31483
31627
33481
34044
34799
34828
35672
36003
36323
38513
39103
39436
39717
