177
490
789
2860
5341
7015
8664
9413
10214
10655
12045
12702
13600
13761
14261
15692
17203
17523
18037
18560
18723
19664
20674
22883
25016
26296
26695
26966
27605
27751
28237
28315
30028
30581
31320
31357
31629
31738
32064
33813
34232
34866
35380
35449
35986
36811
37479
38247
39685
39974
40310
40390
1299
1581
2094
3678
3865
4328
4485
5255
5460
5756
5926
6592
7108
10255
10799
11118
12703
13803
13902
14143
14521
14595
14961
16203
16441
16684
16776
17404
17668
18174
18653
19559
19567
20423
20930
21207
21667
22655
22903
24473
27280
28597
28902
29114
29402
30633
31944
32099
32704
33061
33382
33703
34289
34447
34574
34735
34869
35062
35107
36542
40688
