242
1346
1799
2848
2901
3002
4053
4326
4342
4444
5424
6363
8194
9055
10529
10561
13204
13660
13800
13973
14005
16509
16840
16848
19407
20346
20988
21352
21367
22688
22738
22781
23901
24495
25299
25569
25813
28237
28817
29574
30238
30657
31320
31396
31629
31752
31760
32267
32862
33900
34083
37233
38044
38053
39313
40519
40734
226
1670
3321
3624
4855
5756
6592
7453
7594
7979
8008
8080
8975
10035
10374
11196
11268
11405
12317
12426
12496
12782
13305
13435
15356
15999
16163
17042
17257
19852
20897
20946
23448
24740
25403
25466
25517
25638
26618
26646
27935
28200
29235
30298
30843
31381
31682
31847
32714
35062
35214
36535
37002
37352
37640
39566
