1211
2087
2758
3870
4164
6671
7233
8185
8664
10343
10559
11486
12321
12761
12984
13415
14541
15936
16225
16316
16509
17372
17644
18386
18855
18947
19026
19980
20113
20419
21554
22411
23346
24374
24707
24911
25188
26631
27418
28435
28817
29143
29170
29344
31969
32479
32494
34089
35252
35427
36916
38754
39942
39974
40425
26
1500
1893
2707
3062
3737
3984
4892
5839
6353
6949
7536
7683
8613
8779
10174
10789
11223
14422
14566
14595
15074
15714
16163
16565
17398
17495
18257
18598
18990
19643
20333
20822
21091
21153
21982
23295
23965
24023
25466
27170
27697
28081
29375
30518
30633
30962
31091
32371
33004
34010
34185
34538
34694
35962
37548
38928
40688
