68
789
3288
3856
4053
4162
5243
5425
5626
6088
6860
7702
8185
8756
10139
10261
11949
12419
12680
13136
13204
13543
13616
16226
17661
20926
22883
24125
24805
25299
26695
27190
27256
28336
28525
31862
31936
31980
32475
33239
33739
35257
36249
36278
36662
37163
37599
38115
38476
40189
40268
69
80
167
338
414
1724
1808
2289
3865
4481
4627
4954
5255
6526
6964
7574
7623
7979
8076
8452
8485
9057
10846
12232
13672
13902
14826
15427
16165
16484
16934
18971
19017
19172
21295
21910
22333
23295
24322
24378
24985
25321
26084
26869
27042
27323
30518
33822
34336
34975
35345
36250
36751
36994
37503
37948
38361
38967
39775
39967
40312
40351
