2087
2902
3452
3547
3768
4284
4692
6914
7050
7485
7908
8935
9238
11770
11808
14441
16519
17300
17644
17790
18804
18902
20324
20384
20473
20541
20769
20856
22612
22727
23826
23996
24840
25354
25697
25828
25889
26036
26164
26395
26743
27153
27703
27751
27861
28303
28486
29442
30306
31319
31612
31760
31969
32072
33571
33648
33670
33900
35148
36288
36360
37009
37635
37986
39685
39703
40415
286
287
1605
1659
1680
4328
5118
5988
6795
7049
7607
9616
11138
11506
13944
16057
16980
18309
18385
18961
19516
20423
20702
21235
21358
22198
22720
23153
24414
26937
27144
27927
28678
30526
31404
32035
32508
33104
34185
35708
36978
37503
39741
39775
40617
40764
