177
493
889
2214
4342
4913
5424
6682
7817
10680
10742
11949
12148
12680
13540
13853
14261
14833
15026
15926
16495
16502
16924
17552
18723
18923
19158
19178
19667
20030
20361
21679
22105
22444
23901
24006
26286
27114
27561
29671
30929
31980
33035
33907
34933
35380
36785
36896
36916
36931
37336
39575
40189
40415
368
1063
1129
1168
1724
1864
4126
4290
4902
5878
5971
6365
6877
7408
8299
8413
9482
12232
14953
16162
17441
17712
17851
18857
20032
20578
20746
20822
20826
20946
21153
22624
22782
24509
24893
25185
25378
25528
26034
27627
27794
28096
28290
29114
29338
29568
32237
32726
33484
33755
33823
34681
34799
36323
37948
38513
39494
40328
40764
