493
2100
4692
5207
5261
5425
5998
6040
6514
7047
9934
10742
10744
11654
13112
13531
15601
15692
15936
16848
19302
21834
22040
22723
22932
24844
26043
26566
26953
27671
28606
29369
30929
31940
32743
32763
33171
33271
35298
35597
36099
36337
38050
38174
38669
38702
39503
39668
338
530
2697
2808
2813
2877
3073
4922
6365
6922
7049
7294
7437
8076
8276
8402
8413
9478
9583
9639
10035
11318
12160
13050
13493
13630
15724
15923
17466
17860
17863
18058
18945
19559
19988
20930
21164
22392
23054
23334
23474
24524
25910
26722
27280
28454
28932
30181
30887
30950
32371
32606
33484
33917
34102
34105
34644
34935
35318
36081
36806
38816
38967
39103
40688
