1662
2851
3381
3477
4065
6007
6014
7614
7702
7912
8418
10678
12730
13204
13616
13804
14590
15956
17540
18660
18933
19158
19661
19794
20168
20343
21367
21627
22105
22511
23171
23385
23400
24013
24923
25149
25657
27190
29671
31899
32223
32784
33338
33843
34018
35474
37307
37635
38608
38939
39650
39977
770
1605
2877
3812
4369
4629
5266
5511
6365
6859
7108
7310
7505
7536
9269
10487
12472
15724
17385
17899
18170
18542
19411
19628
19811
19891
20248
20826
21983
22099
22550
23528
23786
24333
24378
24706
24852
25073
26034
26209
26574
27516
28834
29338
29490
30119
31195
31352
32362
34303
35656
35732
35947
36472
36875
37892
38416
38816
38998
39672
40327
