2265
4142
5931
5998
6363
6671
9280
12089
12255
12702
13110
13660
14547
17498
18277
18743
18804
18855
20002
20324
20421
20926
22591
22727
24503
24619
24690
24903
25353
25369
27100
29170
29520
29827
31116
31380
31779
32784
33022
33670
33907
34030
35222
35296
36154
36911
36916
36935
37084
37522
38426
38754
39219
39367
39703
39760
40268
505
594
2557
3088
3984
6526
7875
8076
8243
8382
9839
10062
10374
10846
11210
12914
14335
16871
16910
17479
17526
18737
19017
19368
19516
19710
19743
20722
21108
21136
21888
22831
24091
24445
24473
24893
25185
25485
27280
28081
28902
30633
33188
34858
35046
35060
35672
36250
36323
37169
37229
37258
37528
37667
38409
40515
