1372
1683
2275
3637
3800
4284
4444
4827
5702
5802
5840
5931
6682
6791
6851
8185
8235
8994
10633
10640
12897
13447
13714
15716
16111
16918
16999
17644
17801
18723
18743
19158
20002
20361
20674
21344
21640
22157
22727
24495
24619
25299
25697
25908
26074
26860
26980
28665
28709
30085
32025
32241
32479
32862
32902
33751
33766
34114
35308
35684
36247
36789
37233
38378
40817
26
1690
1703
3446
3678
3746
4132
5818
6795
7594
8685
8761
9303
13672
13808
14802
16484
16963
17466
17927
18634
21171
21603
21982
23316
24208
24608
24893
25715
27091
27516
27967
29105
29375
30493
32127
32371
33061
34006
34185
35318
36277
36851
37185
38228
39440
39776
40001
