1192
1357
2623
3477
3512
5701
6007
6384
10158
10496
10603
10629
12274
13800
16316
18129
18176
18323
18561
19158
20505
21344
22104
22591
24125
24882
25188
26147
26164
26323
26861
27100
29827
29921
31748
31777
31821
32143
33471
34232
34291
34435
34866
35442
35597
37165
37841
38044
38476
38493
39821
40189
40602
40642
25
1160
1271
2477
2746
3865
4627
4902
7104
7108
7253
7294
7781
8485
8685
8922
9424
9616
9721
10188
10799
11219
11402
13048
13307
14294
15074
16234
16684
17423
17691
18020
18123
18682
20905
22291
22333
24541
24608
25152
25156
25441
27091
28678
28837
29441
29840
30871
31195
31342
31552
31944
33354
33822
35046
35332
36071
36891
39381
