493
2901
4444
4502
4692
4938
5892
6363
6373
7062
8077
8133
8762
8860
9003
10451
11513
12321
12870
13871
14936
15745
16225
16316
17661
18004
18416
18426
19889
20343
21210
22543
22913
24222
24374
25086
26074
26223
26323
26817
26878
29317
29671
30420
30436
30826
31222
31958
32143
35308
35322
37462
38247
38282
39640
39927
39942
40831
373
631
802
927
978
1129
2288
5878
8120
8426
8803
9374
9583
9606
10174
10523
11210
11472
11871
12864
12905
13435
14426
14566
17257
17423
19075
19091
19628
19988
20822
20824
20972
23698
25528
25910
27697
28289
28936
29494
29598
31378
33409
33481
34044
35136
35925
35939
36316
37039
37667
39079
39672
39924
40515
