68
1158
3058
3207
3512
4396
5243
5379
5931
6217
6651
7702
7724
9356
9934
11537
12450
12789
13540
16833
17453
17540
18508
18804
19178
19754
19765
20168
20608
20769
21344
22688
23084
23589
23590
23939
24135
24190
25669
25875
26296
26914
27156
27888
28027
28587
28825
29317
29827
30112
30753
31980
32241
32479
32937
34406
36519
36911
39940
40376
40618
517
530
1832
3578
3593
4328
4802
6467
7370
7408
7594
8299
8442
8611
8823
10380
10998
12485
14146
14521
15362
15727
16408
17087
18945
19228
20032
20232
20332
21358
21888
23153
23194
24608
24719
25073
26419
26895
26937
27396
27698
28967
29540
30843
32455
33983
35732
36250
36451
36542
38361
40190
