242
816
2522
2902
3002
3795
4053
4325
5411
6491
8960
9934
10655
11156
11635
12255
12274
12789
14527
16642
19135
20361
22204
22636
23939
24190
24475
24503
24513
25813
26223
26323
26914
27156
28266
31969
32752
32762
32784
32838
37847
38476
39453
39945
39977
40054
40376
40635
293
505
1737
2726
4337
4455
5765
6326
6859
7408
7453
8080
9698
11453
12249
13305
13374
13808
14595
15067
16491
17042
17087
17124
17461
18702
18857
19140
19453
19574
19884
20232
21711
22590
23021
23844
24524
24608
25834
27196
27530
28792
28967
28994
29598
29649
30010
30518
30633
31342
31533
31614
32287
32746
32855
33382
35432
36430
36615
37562
37892
37926
38080
40155
40820
