1192
2240
2275
2816
2906
4065
5379
8632
9003
10214
10559
10633
12560
12984
13219
13485
14590
16833
17372
18260
18841
19202
19889
20002
20462
20473
20524
20786
21553
22105
23598
23789
23939
25516
27861
28684
29179
29607
30692
31396
31980
32223
33953
34018
34092
35449
36383
37726
38415
38493
38665
39963
29
1271
1299
3020
3931
6922
7275
7769
7979
8420
8452
8716
8971
9011
9692
9983
10763
12317
12337
12920
13214
13768
14528
14953
16864
17691
19091
19140
19710
20137
20378
21156
21572
22940
23021
23023
23285
26538
26803
27673
28096
28994
29732
30109
30181
31533
31944
32024
33054
34869
35862
35925
36316
36875
36978
37948
39440
39981
40175
40190
40327
