240
1115
1838
6088
7897
10806
11394
11624
11697
11792
12000
12321
13485
13729
16225
16999
17276
17372
18441
19302
19985
20421
21679
22104
22444
24903
27326
27583
27888
28788
30238
30297
30671
30980
31958
32479
33859
34215
34435
34835
35296
35297
36962
37811
38669
39963
40263
40268
40492
40817
978
2641
3446
3708
4328
4417
4524
7294
9363
9797
9799
12048
12249
12480
12591
14119
14521
15115
15410
15727
16484
16536
16599
17257
17423
19411
20919
22831
23150
23316
23686
24473
25466
25638
25843
26209
27042
27247
27530
27794
28081
28597
28902
28909
28932
28936
29105
30518
31091
31414
32127
33481
34799
35732
37258
37317
38064
38749
38858
39437
39953
40155
40351
