1783
2504
4326
4852
5341
5348
6088
6569
6851
8632
9143
9910
11156
11592
12276
12897
14418
15603
18560
19695
19875
20505
21019
21341
21859
22636
23555
24472
24882
25299
25661
25961
27256
28606
31936
32650
33510
33813
33828
34835
35068
35986
38295
38493
39330
39453
414
1737
2754
2896
3036
3299
4417
4922
6795
7594
8611
8647
8716
8922
9839
9974
10998
11223
11268
11905
12079
12317
13374
13457
14207
14828
18170
19516
19687
19984
20248
20943
21572
21759
22310
22487
22518
22757
22903
24023
25378
25797
26618
27698
27710
28289
28290
29287
29441
29967
30109
30526
30819
31682
31775
32017
32855
33288
33481
34869
35862
36430
36714
39079
40175
40560
40808
