490
549
889
3323
5898
6106
6217
7288
10496
12449
12870
13958
14115
14795
15376
15936
16509
17276
17523
18426
20791
20906
21210
21627
23901
24751
25886
26980
27328
28924
29607
30036
30785
30935
31572
32862
32902
33139
34291
34391
34406
35986
37192
39055
39219
39539
39640
40218
40602
25
414
537
1690
2046
2450
3964
4328
4518
5902
5988
6268
6592
6691
6922
6949
7574
7758
8420
8968
8971
9013
9125
10334
10708
10846
11506
12249
13133
13493
13944
14595
15727
15756
16408
16536
17346
17459
19025
21207
21492
22631
22902
23106
24208
24509
24524
25638
26006
26299
26574
27954
32111
33288
33350
33755
37002
38212
38513
38679
39672
40149
40808
40834
