317
1158
1221
2265
3194
3214
5245
6282
6932
7817
8935
10263
11678
13441
13485
15531
15692
17661
18957
19565
19889
20608
20752
20926
21554
22411
22444
23500
24983
25828
26296
27114
27861
28089
28495
28914
29344
29872
29921
30929
31612
32820
33139
33171
33787
33877
34853
36154
36520
37847
39367
1299
2704
2720
2813
3801
4337
4485
4951
6381
7253
7294
7408
7987
8401
9011
10247
10819
11268
11405
12782
12794
13173
13786
15074
15727
15914
16057
16910
17404
17479
19075
20332
20450
20905
21136
21982
22089
22310
22698
22782
23023
23148
23786
24414
25062
25485
27616
27673
29105
31344
31672
32099
32606
32768
33354
33484
35142
35349
35939
39263
39776
40175
