1214
1277
1631
2264
2703
3288
3452
4986
6014
8019
10116
12431
13002
13447
13761
14608
16820
16901
17453
17676
18386
18416
18723
19565
20252
20481
20904
21068
21352
22202
22445
22883
23254
23354
23590
24690
24805
25037
25809
26147
26953
27703
27849
27888
28260
30935
33471
34669
36935
38002
38090
38665
345
1271
1531
1974
2184
2461
2754
3399
3746
3783
3932
3964
4568
5332
5902
7979
8080
9125
9898
9983
10708
10998
11652
12853
14496
14521
15410
15826
16484
16613
17398
18682
18932
19567
20332
20806
21153
22698
23528
24219
24322
24893
24985
27182
27694
30950
32017
32690
32741
33004
33104
33825
35136
35214
36081
36331
37133
39381
39672
40402
40617
