1631
1939
2504
2569
2758
2902
4444
4884
6088
6363
6435
7255
8532
9770
10079
12148
14005
14795
16222
16502
17047
17058
18350
18933
20343
21345
22400
23102
23254
23354
23500
25337
25875
27757
28914
30246
30297
30306
30753
31222
31380
31572
32267
32752
32937
33739
34933
36294
36519
36962
37163
37787
38122
39192
39963
25
575
601
1129
1670
3778
4417
5029
6353
6788
7108
7253
7428
7453
7877
8685
8803
10255
10763
11524
12079
12498
12605
13133
13356
13672
14824
16604
17346
18496
18702
19838
21136
21805
22631
24322
24787
25185
25304
26209
29589
29633
29929
29970
30109
30119
30493
32455
34735
34849
35077
35939
36498
36564
37039
37258
38536
40312
