1085
1158
2087
2154
5341
5425
5836
5898
6514
7255
7583
7774
8632
10742
11653
13729
14441
14527
15956
16225
16840
16909
18509
18923
19754
20576
20736
20906
22354
24805
25059
25175
27046
29161
31320
32922
32937
33907
34234
35377
35652
35754
37867
38702
38751
38939
39503
40310
937
1690
1996
2349
2960
2983
3052
4492
4802
5266
5839
6452
6691
6922
7505
7639
7875
8803
9799
10035
11652
11871
13435
13480
13786
14125
14294
16165
16203
16408
16963
17691
17927
18634
20754
21207
21295
21910
22179
22206
22488
24208
24608
24706
26047
26081
26468
27144
27954
29185
29343
30298
31987
32545
32704
32714
32726
32746
32904
34737
35780
37018
37301
39659
40402
