1372
1629
2214
2367
2623
3512
3637
4588
5816
6007
6280
6552
7485
12130
13485
13853
15376
15883
16918
17418
17523
18383
18476
20113
20384
20481
22781
23084
23092
23726
24135
25569
26286
26566
26656
27751
28700
28916
29671
30808
30929
31357
32040
32072
33338
33670
35297
35978
36896
36911
37165
37307
37462
37986
38002
38050
39522
40218
80
293
307
517
3578
4518
4568
4802
4855
4876
5818
6788
7683
8080
8819
9011
9057
10188
10789
11629
13374
14528
15061
17025
17479
18566
19155
19172
19368
19559
20831
21438
22940
23328
26081
27323
29490
29638
30063
30253
30493
31672
32362
33293
33825
35046
35314
35939
37002
37352
37405
38228
38928
38967
39909
