1140
2254
3656
4342
5207
5425
5892
6217
6514
7288
7542
8077
8235
8860
11269
12419
13925
16848
17351
18441
19680
20004
20252
20437
21068
24903
26656
26953
27418
27671
28299
28336
28867
28960
30773
30980
31277
31291
31317
31374
32108
32784
33051
34779
36676
37009
37045
38494
39522
40854
284
307
727
783
1531
1581
2746
4337
4954
4987
5595
6592
7809
8401
8426
9177
10374
10641
11453
12048
12079
13435
13672
13721
13818
14119
14378
15410
15873
15929
16162
16698
16910
16963
19687
19844
21467
21951
23328
25488
25683
26290
27422
27710
28289
29114
29185
29568
30026
30298
32268
32371
32544
33298
33484
34069
34935
36978
37904
38343
38686
39494
40190
