177
240
816
889
1939
2275
2801
3637
3808
5261
5341
5628
7015
7830
8759
9869
10226
12770
15026
16588
16675
16924
17498
18386
18441
18804
18957
20002
21341
22040
22932
24135
25299
25647
26338
27822
28704
28951
29486
29827
33035
33254
33907
34126
34933
35281
35298
35474
35684
36935
37009
38115
38295
38493
39668
39977
40425
1703
2288
3967
5971
5999
7292
7760
7950
8603
8922
9338
10003
10349
11175
12426
13672
13913
13920
14793
15971
17286
18385
18653
18961
19500
22077
22310
22549
22831
23023
24740
24852
25062
25152
25185
25466
25494
26526
27128
27616
28967
29732
29942
30533
32606
32904
34069
34762
35711
35897
36277
37329
37503
37640
38980
40560
