743
3800
3856
3993
4065
5243
5701
5892
6007
8942
9312
10263
10603
11654
14341
14738
16091
16226
16833
17372
17801
17957
19387
20372
20384
20608
23939
25188
25516
26147
27190
28762
28788
28825
28951
29442
30246
30785
30826
32316
32406
32475
33035
35308
35554
35799
36866
39192
39503
39575
40189
40659
40779
26
1299
1808
1974
2344
3052
3967
4098
4524
4620
5164
5570
5903
6617
7594
7822
8716
8971
11118
12317
12543
12654
12905
13385
14125
14390
14588
14953
15362
15727
15876
18598
19411
20831
20888
21164
22631
25757
26869
27294
28834
28936
29940
29970
31430
32541
34447
34935
35107
35136
35562
35862
36003
38193
39346
39603
39646
39909
40211
40820
