356
1346
1797
2851
4852
5892
6491
6971
9003
12450
12751
13072
13800
14833
16316
16509
17351
18176
19980
20168
20252
20481
21554
22781
24222
25188
25353
25809
26946
27153
27581
28266
29369
29795
33297
34406
34669
34715
35181
35506
35688
35922
38270
40268
226
338
2896
2983
3456
3678
4224
4503
4568
4656
4922
5713
5975
8026
8359
8779
9338
9482
10708
11163
12480
12605
12703
13356
13435
13767
14164
14793
16203
16653
17087
18028
18576
19627
19714
19891
20450
20722
21492
22902
23334
24719
25757
26081
26303
28454
28909
30063
31060
31718
31944
32024
34069
34105
35062
35107
35349
35432
37039
37577
37926
37965
38213
39297
39741
40211
40560
40763
40820
