20
1662
3058
3607
3795
3800
6217
6282
6851
7255
10096
10629
10633
11808
12130
12702
13729
13871
14005
16383
16918
17980
18476
18532
18660
18830
19387
20018
22444
22972
23084
23826
24497
25656
26164
26223
26861
27068
27937
28160
28299
28525
28788
31738
31777
32241
33535
33571
33900
34835
34933
35754
36662
36785
38044
38122
39453
39614
631
1292
4140
5756
6219
7413
7505
7565
7875
8426
8716
12485
12864
13305
13457
13689
14207
14824
15427
16504
16613
16864
18856
19025
19228
19348
19643
20746
20758
20905
22448
22550
22816
23508
26034
27472
27927
28837
28936
29441
30521
31444
31570
32714
32726
32741
32976
33350
33392
33481
34185
37373
38033
38361
39103
