177
356
549
1939
3002
3323
4053
4342
4469
4827
4913
5207
5261
5341
5702
6186
6435
7533
9238
11110
12680
12702
13019
13804
14341
14590
14608
14936
15594
16478
16946
17599
17874
18032
18176
18277
19407
20113
21119
21344
21713
22104
22411
23254
25037
25149
26191
27849
28803
29158
30657
31958
32752
32905
34089
34323
35298
35554
35837
38122
38295
39668
40189
40480
40635
770
1605
1724
1736
2896
3587
3932
4629
5591
6326
8449
8452
10337
10998
11078
14146
14164
14595
15410
15538
16536
17087
17459
17864
18174
18682
18901
19398
19627
19984
22158
22206
22488
22720
23150
25638
26532
28837
31718
34069
34105
35732
36647
36729
36978
38080
39278
39297
