816
891
2019
2100
2346
2367
2480
2860
3058
3381
4396
5243
5341
5702
6282
6543
7344
7774
8194
8532
8632
10655
13540
14357
14936
18268
18476
19985
20541
23400
23898
24983
25086
26566
26946
27149
29520
29872
30753
31270
31380
33239
33271
33900
34126
35308
36785
36811
37462
37635
38121
38665
39099
40831
25
167
287
1168
2525
3746
5832
5971
6906
8611
9482
10380
11405
11453
12094
13944
14143
15427
15545
16934
17461
18598
19348
19398
21295
21438
21888
21910
23965
24070
25152
26947
27142
27396
27536
27794
29395
29940
30010
30171
31205
31552
32371
33350
33755
33983
34006
34130
34849
35060
35077
35672
36615
36729
36806
37886
38213
38228
39967
