1140
1228
1870
2240
2254
3207
5261
5732
7233
7702
8759
11084
13158
13209
13461
13761
14795
14991
16339
17382
17749
18830
19680
20643
21079
22907
22932
23254
24891
25641
25961
26074
26338
26878
26966
27190
27334
27418
31380
32190
33707
33843
35281
35474
36280
38002
38270
39322
39522
39640
39668
40189
40854
575
594
2473
3787
3984
7413
7760
7769
8299
8365
9639
10247
10318
11138
14422
14826
15876
17184
17479
17569
17851
18226
18566
18582
18856
18857
19155
20137
20287
20824
21438
24616
25062
25152
25269
25930
26600
27516
28544
29422
30181
30518
30819
30950
30962
31724
32024
32545
33067
34358
35060
35318
35345
37153
37503
37948
38033
38674
39917
40001
