948
1372
1792
2087
2717
2742
2929
3856
4326
4521
5702
5931
8762
10116
10139
11394
11697
11826
12431
15745
16226
17914
18037
19202
20113
20736
21624
22543
22723
22738
23901
23996
24034
24844
25188
25921
27100
27326
27693
28762
29671
31167
32820
34114
34126
35358
35720
37726
38056
38122
38359
38584
38635
38780
39219
39433
39522
69
226
530
709
1832
2877
3020
3073
3787
4033
4627
6035
7496
8922
9819
10349
10763
11453
12485
13050
13173
15067
15166
15461
15873
16484
18170
18653
18990
19447
24985
29375
30010
30047
30210
31718
31775
32511
32512
32855
32876
34762
35624
35656
37018
37620
37965
38228
38372
38408
38686
38980
39097
39717
40175
40797
