2214
2254
2816
2848
3288
3656
4164
6373
8406
9312
10529
11624
12436
12450
12770
14527
17801
18037
18532
18560
19695
20018
20384
21367
22612
22727
22787
23317
23555
23996
24222
25586
26861
26878
26980
27389
28160
28525
28924
28951
28960
29921
30530
30748
31270
31396
32108
32937
33171
33787
34291
34866
35298
36519
37479
37847
368
1581
1808
2349
2477
3321
3388
3710
4876
7269
7496
7773
7867
8420
8975
9057
9692
10337
11268
12337
14146
17257
17423
18058
19292
19988
20032
20578
20677
20721
20972
21983
23194
24676
24706
27170
28085
28155
31254
31775
31987
32224
32512
32904
33061
33917
36498
36690
37039
37160
37892
38408
38420
38499
39659
39809
39936
