549
1346
1372
2214
3071
4325
5207
6014
6282
8074
8576
8632
8935
10629
11299
11949
12531
12831
13158
15603
15692
16519
16946
18129
18133
18260
19765
20113
20524
21345
22202
23346
23537
24013
26191
26676
27334
27953
28260
30297
30808
31602
33051
33828
35380
35652
37165
38002
38174
38247
38565
38585
39524
39668
39684
40582
1063
2349
4855
5029
5124
5255
5653
5902
6035
6452
7226
9374
9974
10015
10035
10374
10869
11196
11524
11915
12485
13114
18309
18653
19140
19368
21235
21513
21995
22345
22488
23148
24524
25073
25488
25834
28514
30493
31625
31848
34332
34336
34694
34799
34935
36451
36690
37002
37188
37301
37317
37373
37619
38408
38674
39776
40543
