1346
1683
1783
3310
3323
3381
5802
7533
11394
11635
12679
13677
14527
15741
16822
18503
21344
22937
23092
23500
24903
25641
26164
26323
27149
27888
28089
28260
28264
28916
29607
29921
30306
30645
31062
31380
31448
32040
32763
34853
36084
38211
38270
38359
39204
39760
39945
40376
80
2288
3052
3062
3865
4548
4954
5124
5765
6526
6691
7607
7623
9363
9583
9639
11757
12160
12426
12605
14109
14206
14294
14528
14800
15029
15427
16484
16536
17571
18170
18598
19971
20930
20946
20972
21376
21492
22392
22782
22984
23686
23997
24023
24458
24543
27196
27516
28837
29105
30762
31414
31444
31570
33298
33382
34048
35939
36806
37160
37620
38195
38228
39185
40211
