891
1190
1501
1542
4191
4342
4444
5425
5732
5892
5898
6435
8418
10465
10629
10655
10744
10806
11537
11697
12761
13019
13415
14441
16393
16502
16840
16924
17351
18804
22723
22787
24503
24923
25886
26043
26074
27671
27888
28916
29671
30246
30863
32109
34254
34391
34715
34866
35377
35554
36288
36294
37739
39522
39942
82
2288
2450
2477
3710
3932
4140
4492
4568
7035
7280
7950
7987
9363
10062
10523
11318
12496
13214
13721
14595
15356
16613
17571
18576
18857
19075
19520
20333
20378
20721
21153
21323
21376
21438
25082
25304
25683
25715
26081
26362
27294
28454
31570
32455
32837
33298
33755
33823
34069
35235
37329
37974
38673
38919
39810
40149
40763
