3656
4325
4692
5411
6007
6106
6503
8664
9391
11513
12150
13660
16331
18007
18268
18386
18389
18503
18804
18830
20541
21834
22219
22591
22937
24006
24464
25369
27256
28495
30101
30420
31296
32025
32040
32479
32743
33106
35358
36288
36946
37847
38665
39614
40054
40642
25
605
708
1619
2531
2707
2813
3206
3446
4132
4337
4725
6305
6365
7758
7781
7979
8102
8442
9346
9639
10822
11219
12920
13305
13385
14334
15727
16871
16963
18682
18990
20378
20677
21323
21358
21438
22655
23148
23194
24219
24524
25715
26276
26299
27196
27422
29105
29598
30026
30173
30962
32099
33484
34197
34358
35991
36250
36316
36323
36729
36806
37654
38409
39626
39936
40235
