816
2264
4852
4938
5747
6847
8446
9536
9545
9580
10590
11297
11653
12680
13362
13545
16111
17801
17957
18268
18492
18723
18830
19051
20138
20524
20569
21640
23826
24125
25647
26656
26676
26878
27418
27671
27861
30748
30753
31357
32922
33843
35442
35799
35978
36360
36519
36911
36946
37214
38050
39575
40310
40569
40734
978
1605
2704
3088
3967
4481
5785
5988
7104
8276
8359
8834
9303
10487
11017
11175
11564
12404
12853
13902
14349
15410
16330
17309
18653
20702
20766
20888
20946
21467
22488
24008
24473
25494
25715
27536
28544
28563
31006
31430
31625
32362
32606
32926
33596
33755
34737
34762
34799
35345
35637
35667
36893
37047
37528
37656
38749
39346
