240
3071
4852
7583
8571
8664
8860
8946
10025
10139
10568
11394
12130
13158
13973
14833
15883
16999
17047
17351
17372
17866
18325
18386
18500
18830
18933
19158
19661
20168
20904
21640
21713
23695
24707
25331
25961
27149
27418
27791
27937
29161
29774
30306
30826
31374
31396
32838
32902
36360
37045
37479
38702
39204
39453
39855
40263
40635
26
821
1680
2983
3073
3321
4140
4503
4524
6087
6452
7269
7437
8080
8120
8834
10188
11078
11175
11757
13300
13630
15067
15081
15410
16349
16698
16963
17042
17189
19628
20248
20824
20972
21358
22487
24333
26290
28085
28243
29265
29967
30298
31490
31570
32876
36404
36533
37503
37656
38001
38031
38674
38980
40001
