1376
1662
1799
2264
2569
4162
4444
4469
4986
8576
11697
12751
12980
12984
13540
13660
13804
15376
16222
17552
18133
19667
19680
20437
21096
22219
23322
23590
24222
24317
25397
25516
27190
27418
27849
30053
30283
30313
30808
31222
31374
32025
32040
32743
34030
34234
35335
36154
36866
36916
37163
38090
167
498
2641
4369
5756
6300
9013
9725
10062
10908
11905
11912
12079
12914
12920
14334
16698
17124
18170
18702
18971
19520
19627
20032
20232
20256
21295
22518
22550
22782
23455
24414
25152
25944
26047
26988
27673
27694
29441
30526
31254
31570
32541
32895
33130
34010
34130
34644
34737
34828
35046
35623
36546
36690
37575
38033
39097
39155
40312
40764
40797
