743
1115
1214
2140
2254
2522
2758
2902
3214
3512
4325
5207
5840
6334
7968
8019
8860
9055
10918
13088
13447
13634
13938
15771
16393
16822
17203
18389
18423
18560
19889
22787
22972
23898
24013
24190
25211
25550
26074
27703
28237
28260
28525
28960
29025
30980
31291
31612
31777
32241
32265
32762
33707
33787
34853
35298
36676
38050
39747
40779
40854
286
391
631
5903
6440
7370
8276
9797
9898
10523
13048
13765
13803
14828
14961
15067
16710
16980
17257
17571
18399
18971
19025
20248
20256
22291
22624
25485
25528
25757
27323
27422
29221
29929
29980
30843
32876
32895
34197
34249
34644
34694
35897
35962
36647
37153
37965
38416
38536
38679
38858
40001
