0
10022
10031
10033
10034
1004
1005
10072
10080
10081
1009
10099
101
10107
1013
10141
10168
10175
10177
10187
10221
10248
10252
10253
1026
10265
10266
10278
10280
10287
10296
10302
10317
10323
10328
10347
10359
10366
10378
10392
10400
10403
10413
10416
10420
10429
10431
10447
1045
10450
10470
10472
10476
10483
10484
10515
1052
10538
10547
10549
10551
10563
10570
10580
10588
10595
10597
10615
10643
10667
10670
1068
10697
107
1072
10739
10745
10747
10768
10775
10780
10785
10786
10802
10809
10818
10823
10833
10841
10849
10863
10871
10880
10883
10884
1090
10917
10926
10938
10944
10952
10976
10990
10995
11008
11015
11021
11032
1104
11050
11052
11062
11092
11101
11102
11109
1112
11121
11132
11136
11137
11146
11171
11176
11181
1120
1121
1124
11271
11273
11274
11313
11322
11338
11342
11345
11392
11395
11403
11414
11425
11426
1144
11445
11447
11459
1146
11466
11467
11471
11476
11497
11500
11532
11538
11549
11558
11559
11579
11586
1159
11606
11607
11610
11630
11657
11660
11674
11679
1172
1173
11739
11741
11755
11780
11788
11799
11810
11822
11825
11831
11835
11849
1185
1186
11865
11901
11920
11931
11934
11938
1196
11970
11975
11982
11990
11991
12020
12027
12031
12044
12062
121
12110
12111
12120
12125
12136
1215
12165
12166
12168
12197
1220
12200
12201
12205
12229
1224
12241
12251
12264
12269
12294
12315
12334
12353
12355
12356
12380
12388
12398
12409
1241
12411
12418
12427
12432
12458
1246
12463
12470
12491
12517
12521
12524
12542
12558
12561
12586
12596
12604
12619
12620
12624
12625
12647
12656
12672
12692
12693
12698
12704
12714
12716
12729
12735
12742
12743
12776
1278
12783
12801
12808
12809
12815
12818
12828
12832
12838
12842
12846
1286
12863
12865
1287
12876
12882
12886
12891
12906
12916
12917
12919
12939
12940
12946
1295
12950
12969
1297
12972
12979
12986
12990
12992
13000
13005
13013
13014
1305
13069
1307
13074
13106
1311
13128
13131
13137
13145
13192
13225
13243
13248
13252
13254
13283
13287
13303
13309
13324
13345
1335
13350
13358
13359
13387
13396
13399
13414
13472
1348
13484
13492
13501
13503
13509
13526
13538
1355
13558
13560
13561
13583
13591
13611
13617
13618
13620
13629
13642
13644
13648
1365
13655
13666
13674
13691
13698
13703
13705
13706
13711
13723
13728
13731
13745
13769
13774
13775
13777
13787
13788
1379
13812
13815
13819
13851
13868
13870
1389
13899
13907
1391
13919
13927
13939
1395
13978
13983
1399
14001
14051
14053
14066
14081
14090
14093
1410
14163
1419
14205
14215
14251
14273
14276
14280
14287
1429
14293
14313
14324
14327
14328
14331
14337
14342
14358
14370
14383
14395
14401
14402
14404
14437
1445
14463
14464
14467
14472
14481
14482
14498
14520
14532
14536
14540
14545
14559
14607
14613
14619
14620
14621
14633
14643
14644
14684
14699
14731
14732
14736
14737
14756
1477
14779
14791
14805
14819
14821
14822
1486
14863
14867
14871
14891
149
14903
14905
14938
14943
14945
14946
14950
14952
14959
14970
14977
14981
14994
15010
15021
15032
15039
1505
15098
15159
15165
15197
15205
15207
15210
1522
15220
15221
15226
15249
1525
15264
15301
15306
15310
15311
15312
15324
15328
15334
15338
15339
15357
15364
15385
15387
15391
15394
15418
15422
15430
15439
15442
1545
15456
15489
15494
15495
1552
1553
15533
15563
15571
1558
15583
15600
15612
15614
1564
15649
15654
15663
15667
15678
15684
15685
15686
15699
15712
15734
15746
15747
15749
15767
15769
15792
15797
15805
15806
15812
15837
1584
15880
15891
15904
1594
15958
15967
15973
15985
15997
16007
1602
16062
16071
16084
16094
16103
16104
16110
16117
16121
16149
16177
16192
16197
16201
16212
16213
16229
16236
16241
16275
16285
16301
16306
16310
16318
16322
16342
16352
16354
16362
16372
16376
1638
16400
16437
16438
16443
16464
16468
16497
165
16516
16520
16529
16554
16581
16585
16589
16597
16598
1660
16616
16624
16632
16636
1664
16648
16667
16672
16711
16732
16736
16742
16743
16773
16783
16792
16800
16815
16831
16846
16862
16873
1688
16893
16899
16905
16922
16937
16939
16947
16961
16964
16983
17002
17006
17007
17012
17018
17031
17043
17061
17075
1709
171
1712
17121
17130
17133
17141
17142
17143
17147
17149
17174
17205
17208
1721
17212
17231
17240
17243
17262
17275
17277
1728
17282
17285
1729
173
17318
17326
17356
17358
17369
17389
17419
1742
17431
17435
17440
17443
17447
17451
17458
17463
17464
17474
17491
17514
17519
17525
17546
17592
17596
17601
17606
17615
17624
17635
17651
17670
17683
17696
17711
17722
17746
17764
17783
17787
17791
1780
17800
17808
17816
17819
17834
17844
17871
17872
1788
1789
17909
17925
17931
17941
17983
17988
17994
17999
18013
18025
1803
18030
18034
18055
1806
18098
18100
18104
18108
18122
18125
18134
18144
18150
18153
18155
1816
18180
18207
18210
18214
18222
18227
18234
1824
18247
18248
18259
18294
18298
18306
18319
18324
18339
18347
18353
18354
18360
18379
1839
184
18406
18412
18440
18471
1848
18483
18487
1851
18512
18515
18523
18525
18530
18599
18602
18612
18623
18632
18639
18642
1865
18650
18666
18672
18681
18695
18696
18697
187
18705
18707
18711
18718
18719
18722
18725
18740
18748
1875
18760
18778
18780
18787
18793
1880
18801
1881
18815
18828
1885
1886
18870
18874
18889
18897
18910
1892
18935
18951
18970
18980
18984
19001
19009
1901
19011
19029
19033
19049
1906
19083
19112
19125
19129
19150
1918
19190
19207
19219
19222
19252
19270
19272
19276
19278
1928
19280
19285
19314
19317
19319
1932
19335
19340
19346
19349
19354
19358
19359
19361
19364
19388
19389
19404
19406
19424
1943
19431
1944
19480
19494
19496
19499
19521
19524
19532
19539
19552
19556
19563
19572
19604
19645
1965
19651
1966
19676
19681
19682
19686
19699
19728
19750
19769
19796
1982
19836
19853
19859
19864
19868
19869
19916
19927
19942
19963
19964
19965
19969
19987
19995
20003
20006
20012
20017
20022
20025
20039
20054
20055
20077
20085
20086
20088
20098
201
2014
20147
20169
20176
20180
20182
20184
20194
20205
20206
20240
20255
20281
20296
20307
20313
20315
20327
20336
20351
20375
2040
20409
20413
20439
20451
20482
20483
20497
20511
20512
20513
20514
20539
20556
20606
20611
20622
20626
2063
20631
20633
20649
20653
20654
20659
20672
20696
20701
20703
20713
20727
20742
20767
20775
20780
20797
20814
20823
2083
20837
20838
20840
20842
20880
20886
20891
20894
20909
20913
20923
20933
20940
20983
20998
20999
21042
21045
21046
21069
21075
21086
21088
21098
2110
2111
21131
21140
21147
21175
21177
21178
21185
21188
2120
21205
21208
21215
21218
21225
21226
21227
21232
21245
2127
21296
213
21316
21319
21330
21347
21351
21356
21375
21403
21404
21424
21428
21429
21437
21442
21445
21454
21490
21494
21500
21517
21529
21531
21532
21555
21558
21561
21590
21607
2163
21633
21634
21637
21638
21692
21700
21704
21706
21715
2172
21726
21727
21728
2173
21753
21769
2177
21778
21779
21786
21800
21814
21828
21830
21837
21844
21857
21862
21884
21887
21890
21909
21916
21921
21929
21933
21934
21946
21963
21971
21973
21977
21997
22034
22043
22046
22047
22052
22060
22070
22073
22109
2211
22120
22122
22146
22148
22172
22195
22203
22217
22250
22255
22257
22258
22262
22266
22303
22304
22317
22319
22323
22327
22329
22352
22357
2236
22369
22378
22381
22399
224
22401
22406
22421
22428
22441
22446
22463
22508
2252
22535
22539
22554
22563
22566
22567
2257
22572
22576
22598
22603
22610
22611
22614
22623
22627
22637
22642
22660
22672
22691
22699
22703
2271
22746
22754
22761
22766
22772
22776
228
22814
22819
22825
22832
22833
22836
22840
22843
22853
22866
22868
22869
22876
22878
22926
22939
22944
22966
22978
22986
22995
23049
23055
23067
23068
2307
23089
23098
23099
2310
23105
23110
23114
23115
2314
23162
23168
23169
23181
23189
23207
2321
23219
23233
23242
2325
23252
23260
23265
23270
23280
23288
23300
23301
23312
2332
23335
23347
23363
23364
23367
23388
23391
23397
23404
23430
23432
23435
23446
23466
23471
23498
23503
23511
23535
23543
23582
23586
23591
23595
23607
23609
2362
23624
23637
23642
23659
23663
23677
23680
23683
23687
23696
23704
23713
23714
23719
23734
23750
23759
23770
23781
23798
23818
23830
23865
23894
239
23911
23912
23925
23947
23963
23966
23977
24009
24015
24040
24054
24062
2408
24092
24094
24103
24110
24166
24168
24174
24177
24180
24182
24183
24192
24197
24199
24213
24224
24226
24236
24242
24250
24256
2426
24325
2433
24349
24354
2438
24387
24421
24426
24434
24437
24444
24446
24448
24462
24469
24476
24488
24502
24512
24530
24540
24544
24547
24552
2458
24580
24606
24610
24623
24640
24659
24661
24669
24682
24695
24718
24722
24729
24752
24757
24767
24770
24771
24782
24790
24812
24834
24838
24859
24868
2487
24884
24894
24904
24907
24908
2491
24959
24971
24974
24984
25004
25023
25041
25052
25058
25102
25118
25119
25120
25137
25141
25143
25169
2517
25193
25215
25227
25247
25252
25253
25259
25272
25290
25315
25328
25330
25358
2536
25367
25372
25388
25395
25396
25400
25401
25410
25412
25416
2542
25425
25428
25440
25443
25484
25491
25503
25507
25509
25512
25520
25526
25543
25557
25563
25564
25568
25570
25576
25605
25619
25634
2564
25642
2568
25693
25703
25708
25751
25754
25762
25764
25765
25768
25769
25784
25794
25800
25868
25873
25883
25893
25948
25964
25966
25967
2600
26008
26017
26021
26022
26052
26061
26063
26086
2611
26114
26129
26132
26145
26163
26185
26193
2621
26224
26238
26250
2626
26281
26298
26300
26315
26325
26329
26336
26365
26374
26376
26386
26394
26412
26420
26428
26436
26440
2645
26451
26456
26459
26469
26470
26479
26491
26501
26503
26510
26517
26531
26544
26564
26571
2659
26594
26596
26598
26606
26608
26619
26621
26622
26630
26633
26648
26650
26658
26664
26668
26678
26682
26683
26710
26729
26735
26745
26755
26768
26772
26777
26785
26786
26792
26793
26794
26796
26807
26829
26836
26849
26866
26867
26870
26882
26902
26905
26912
26921
26933
26969
27004
27006
27010
27012
27016
27019
27047
2706
27060
27072
27073
2708
27084
27103
27107
27118
2712
27121
27147
27172
2718
27184
27207
27219
27233
27236
27242
27254
27261
27281
2729
27299
27310
27325
27336
27343
27346
27347
27349
2736
27369
27387
27404
27427
27432
27447
2745
27469
27482
27489
27508
27518
27520
27549
27559
2756
27560
27563
27572
27598
27606
27609
27624
27640
27648
27651
27653
27657
27661
27668
27688
27702
27712
27713
27735
27738
2774
27762
27767
27768
27769
27790
27800
27803
27808
27812
27818
27820
2783
27837
27857
27866
27881
27885
2789
27890
2790
27903
27912
27921
27955
2796
27970
27975
27994
28008
28012
28022
28026
28046
28065
28091
28114
28130
28135
28153
28161
28191
28194
282
2820
28234
28235
28239
28248
28270
28294
28330
28339
28365
28366
2837
28382
28387
28404
2844
28448
28450
28474
28491
28499
28509
28512
28516
28528
28537
2855
28550
28557
28565
28568
28571
28573
28582
28638
28644
28646
28648
28720
28724
28729
28731
28743
28748
28774
2878
28781
28794
28797
28812
28828
28833
28860
28898
28911
28954
28969
29007
2905
29050
29051
29057
29058
29061
29087
29091
29093
29102
29108
29132
29135
29138
29141
29149
29181
29219
29220
29246
29251
29262
29268
29272
29308
29314
29322
2933
29342
29354
29370
29371
29374
29385
29390
29405
29412
29446
29447
29506
29526
29530
29543
29547
29549
29559
29605
29622
29626
29635
29637
29640
29645
29646
29651
29680
29691
29693
29706
29715
29731
2974
29749
29763
29769
29800
29807
2981
29810
29852
29857
29882
29896
29911
29915
29917
29920
29923
29939
29953
29956
29961
29966
29968
29972
29973
29974
29976
29988
29991
29993
29994
29996
30032
30038
30041
3005
30057
30066
3007
30077
30084
30127
30131
30132
30141
30144
30150
30151
30155
30156
30166
30187
30189
30214
30215
30231
30234
30239
30248
30258
30261
30267
30289
30290
30294
3030
30300
30303
30346
30412
30428
30430
30443
30444
30452
30470
30489
30492
30495
30502
30507
30512
30514
30522
30531
30555
30558
30567
30582
30592
30594
30596
30599
3060
30629
30635
30646
30648
30656
30664
30670
30681
30685
30690
3070
30700
30704
30712
30769
30776
3078
30801
30828
30829
30830
30831
30849
30854
30866
30874
30891
30894
309
30909
30911
3092
30921
30946
30965
30972
310
31000
31001
31009
31013
31055
31096
31102
31131
31149
31153
31173
3120
31208
31221
31228
31229
31233
31239
31249
31272
31275
31286
31287
31289
3130
31311
31330
31340
31367
31370
31393
31399
31400
31408
31413
31415
31417
3142
31423
31429
31442
31452
31455
31456
31459
31460
31461
31469
31484
31494
31499
3150
31528
31544
31546
31557
31560
31562
31569
31571
3158
31591
31656
3167
31673
31684
3169
31690
31691
31701
31725
31729
31741
31742
31755
31756
31784
31787
31792
31800
31807
31819
31830
31832
31852
31860
31869
31888
31894
31901
31904
31918
31949
3198
31995
32015
32022
32027
32033
32034
32038
32042
32043
32060
32070
32071
32084
32085
32087
3210
32107
3211
32126
32156
32211
32234
32245
32283
32303
32306
32310
32317
32318
32327
32328
32343
32358
32360
32367
32389
32392
32399
32401
32408
32414
32449
32458
32464
32467
32477
32478
32502
32532
32534
32551
32556
32567
32571
32573
32578
32584
32591
32599
32604
32614
32616
32620
32625
32678
32679
32680
32682
32683
32684
32688
32713
32727
32754
32765
3277
32772
32790
32818
32822
32831
32853
32879
3289
32900
32915
32924
32943
3295
32956
32959
32964
32965
32969
32985
32986
32987
33025
33053
33070
33079
33086
33099
33123
33137
33140
33155
33173
33178
332
3320
33212
33227
33231
33242
33247
33252
33272
33292
33296
33306
33307
33313
33322
33328
3333
3335
33362
33366
33396
33424
33425
33426
33437
33439
33440
33447
33451
33459
33470
33480
33487
33492
33495
33511
33521
33548
33552
33559
3356
33563
33579
33583
33597
33599
336
33618
33633
33636
33658
337
33715
33721
33729
33743
33753
33768
33778
33779
33791
33803
33810
33819
33827
33830
33835
33839
33868
33887
3389
33902
33912
33919
33924
33936
33974
33990
33995
33997
34014
34033
34036
34041
34046
34051
34053
34055
34073
34081
3410
34107
34121
34128
34154
34155
34164
34174
34180
34194
34207
34208
34214
34225
3424
34248
34274
3429
34293
34294
3432
34321
34341
34351
34357
34359
34379
34385
34396
34401
34405
34410
3442
34430
34451
34454
34472
34475
34485
3449
34497
34524
34539
34555
34561
34565
34581
34598
34606
34615
34619
34630
34658
34662
34663
34664
34667
34678
34688
34692
34698
34702
34707
34711
34716
34722
34729
34732
34733
34739
34743
34748
34754
34766
34783
34791
34797
348
34802
34855
34873
34880
34885
34890
34898
34909
34927
34947
34962
34980
34998
35
35015
35033
35047
35048
35054
3506
35067
35089
35090
35117
35130
35138
3514
35149
35153
3519
35199
3520
35220
35225
35227
35238
35269
3529
3531
35326
35355
35375
35396
35406
35411
35418
35423
35444
35452
3546
35470
35487
355
35504
35521
35550
35570
35571
3558
35590
3560
35610
35630
35639
35645
35662
35665
35700
35718
35731
35740
35747
35756
35803
35812
35827
35829
35834
35840
35851
35875
35878
3592
35940
35968
35998
36000
36002
36005
36010
36020
36037
36061
36070
36077
361
36100
36107
36120
36127
36139
3614
36167
36185
36188
36192
36197
36199
36203
36218
36242
36272
36275
3628
36310
36322
36342
3636
36367
36370
36394
36402
36425
36427
36438
3644
36450
36457
3646
36483
36492
36503
36515
36521
36530
36537
36551
36568
36578
3659
36598
366
36608
36616
3662
36626
36637
36639
36652
36654
36660
36673
36679
36705
36715
36721
36736
36746
36759
36761
36782
36783
36798
36799
36801
36813
36816
36821
36832
36854
3687
36878
3690
36940
36950
3698
36982
36987
36999
37004
37033
37065
37072
37074
37105
3712
37125
37152
37155
37167
37178
37182
37189
37209
37236
3724
37250
37259
37266
37279
37293
37305
37330
37333
3735
37366
37372
37381
37393
37396
37399
37400
37403
37406
37408
37411
3743
37435
37436
37449
37463
37474
37484
37491
37504
37516
37518
37519
37555
37567
37571
37576
37587
37590
37595
37596
37611
37616
37630
37636
37638
37645
3765
37655
3766
37677
37687
37690
37698
37701
37705
37718
37722
37734
37738
3774
37744
3775
37769
37771
37772
37780
37788
37792
37793
37801
37821
37823
37829
37831
3784
37852
37862
37874
37875
37884
37888
37902
37905
37921
37924
37955
37956
3796
37960
37961
38009
3802
38024
38039
38049
3805
38063
38078
38107
38130
38137
38155
38157
38160
38167
38170
38177
38190
38197
38207
38220
38227
38248
38254
38288
38290
383
38318
38335
3834
38340
38342
38345
38371
3838
38395
38399
38404
38424
38440
38457
38467
38482
38517
38518
38532
38544
38546
38547
3855
38551
38554
38572
3858
38597
38621
38631
38636
38651
38659
38660
38666
38681
38696
38718
38719
38721
3874
38750
38763
38774
38783
3884
38853
38869
38873
38884
3889
38895
38896
3890
3891
38913
38922
38923
38925
38935
38949
3895
38956
38969
38970
38995
39003
39006
39007
39012
39015
39017
39023
39031
39033
3907
39100
39108
39112
39137
39154
39172
39181
39189
39196
39197
39211
39213
39218
39220
39228
39246
39254
39262
39267
39279
39307
39320
39328
39360
39363
39370
39391
394
39403
39407
39408
39414
39426
39432
39443
39451
39466
3947
39500
39515
39517
39519
3952
39544
39545
39551
39571
39579
39589
39590
39610
39633
39636
39642
39649
39652
39657
39661
39663
39665
39666
39687
39702
39704
39705
39710
39713
39715
39720
39728
39738
39739
39757
39765
39783
39784
39787
39805
3981
39846
3985
39852
39856
39857
39865
39876
39877
39879
39880
39881
39894
39903
39911
39930
39931
3996
39966
39972
39979
39992
39994
39995
40053
40076
40077
40080
40087
4009
4010
40108
40109
4011
40122
40127
40131
40132
40137
40158
40160
40177
40187
402
40200
40230
40234
40242
40255
40259
40265
40271
40273
40281
40287
40294
40306
40308
40320
40334
4034
4035
40358
40380
40392
40396
40403
40405
40409
4041
40416
40419
40439
40463
40465
4050
40508
40518
40520
40531
40532
40542
40553
40616
40621
40638
40649
40662
40669
40671
40676
40686
40706
40716
40718
40721
40724
4073
40743
40748
40762
40767
40780
40781
40785
40787
4080
40811
40812
40816
4083
40833
40842
40843
4087
4092
4100
411
4114
4117
4121
413
4139
4149
4151
4154
4169
418
4181
4186
4194
420
4217
422
4234
4237
4253
4256
4274
428
4291
432
4323
4338
4347
4374
4378
4383
4399
4407
442
4425
4430
4439
4441
4448
4452
4459
4477
4501
4511
4512
4526
4530
4558
4562
4597
4601
4605
4606
4622
4624
4636
4637
4646
4658
466
4663
4703
4722
4751
4765
4767
4775
4777
4782
4787
4789
4804
4813
483
4831
4841
488
4881
4889
4895
4897
4921
4933
4935
4956
497
4970
4971
4993
4994
5
500
5011
5014
5032
5038
5048
5051
5067
5080
5101
513
5134
5149
5155
5162
5180
5193
520
5210
5215
5238
5248
5270
5272
5284
5291
5292
5295
5319
5320
5335
536
5373
5383
5399
5417
5433
5441
545
5454
5455
5470
5477
5488
5497
5505
5510
5515
5532
5533
5534
5560
5575
5611
5614
5618
5641
5645
5660
5666
5704
571
5724
5726
5730
5743
5746
5762
578
5780
5781
5798
5808
5834
5847
5864
5865
588
5880
5884
5886
5911
5917
5918
5920
598
5989
5990
5991
6000
6017
6020
6024
6037
6067
6074
6079
6098
610
6116
6123
6126
6133
6138
6145
6151
6159
6166
6183
6192
6205
6229
6230
624
6241
6248
6252
6264
6267
629
6298
6318
6321
6322
6354
6355
6374
6385
6396
6401
6412
6414
6416
6444
6480
6486
6499
6507
651
6512
6528
6535
6546
6554
6559
656
6571
6573
6583
6584
6586
6603
661
6614
6637
664
6644
6676
6686
670
6702
6713
6731
6732
6748
6766
678
6789
679
6797
6798
6814
6815
6837
684
6840
6842
6856
687
6872
6879
6904
6910
6911
6929
6938
6942
6989
699
6992
7007
7030
7034
7043
7052
707
7075
711
7112
7142
715
7152
7165
7172
7175
7177
7179
7197
7199
720
7200
7240
7247
7249
7254
7266
7287
7301
7326
7335
734
7341
7346
7356
7359
7364
7375
738
7395
7410
7412
7445
7446
7456
7461
7467
7477
7500
7517
7518
7539
7546
7547
7558
7562
7564
7579
7604
7610
7621
7654
7656
766
7662
7663
7668
7675
7676
7698
7701
7716
7721
7726
7736
7739
7759
7765
7795
7810
7823
784
7840
7854
7857
7874
7889
7906
7914
7929
7932
7945
7953
7959
7989
7998
8005
8009
8027
8028
805
8051
8084
8088
8098
810
8106
8110
8114
8119
8124
8138
8147
8161
8182
8190
8199
825
8254
8256
8272
8278
8280
8281
83
8333
8357
8358
838
8395
8399
8416
843
8430
8433
8445
8448
8450
8456
8477
8479
8482
8490
8492
8511
8516
8531
8539
854
8544
8550
857
8573
8586
8601
8619
8636
864
8645
8651
8663
8665
8667
867
8698
8714
8725
873
8734
876
8771
8772
8787
8798
88
8808
8815
8816
8817
882
8822
8830
8841
8844
8845
8865
8868
8871
8890
8893
8894
8899
8901
8904
8932
8940
8965
8969
8970
8973
8983
8988
8991
8993
8996
9034
9038
9049
9065
9082
9084
9104
9121
9129
913
9135
9146
9168
9181
9195
9212
9213
9243
925
9252
9270
9279
9295
932
9323
9326
9345
9360
9377
9387
9397
940
9416
9436
9458
9459
9476
949
9501
9512
9526
9530
9533
9543
9556
956
9563
9575
9577
9584
9592
9629
9635
9646
9658
966
9671
9689
970
9708
9712
9722
9726
9729
9733
9741
9775
9788
9793
98
9802
9804
9815
9824
9830
9832
9851
9865
9873
988
9881
9883
9884
990
9916
9920
9924
9927
9930
9939
9954
9957
9966
9972
9978
9980
9981
9985
9987
9992
