36
460
491
1674
1723
1748
1849
2248
2560
2652
2862
3224
3305
3645
3953
4222
4523
4677
5062
5121
5311
5584
5950
6474
6630
6645
6650
6744
6936
7016
7111
7235
7670
8461
9042
9289
9653
10146
10249
10446
10573
11209
11766
12257
12593
12954
13444
13737
13825
13992
14154
14310
14500
14642
14727
15378
15407
15823
15975
16154
16184
16200
16273
16396
16670
16857
16921
17164
17414
17438
17480
17993
18146
18488
18852
18972
19325
20105
20120
20166
20265
20412
20663
21333
21377
21719
21904
22954
23177
23201
24065
24820
25407
27217
27425
27444
27931
27953
28326
28529
28590
28608
28620
28712
29047
29267
29862
30147
30236
30243
30314
30508
30612
31745
32229
32404
32505
33047
33592
33659
33694
34098
34502
34654
34926
35064
35374
35401
35717
35800
35900
35949
36058
36487
36518
36644
36852
36876
36905
37032
37222
37316
37446
37778
38058
38786
39125
39759
39828
40209
40350
40399
40476
5006
6213
6683
9805
12447
15126
23224
23229
24549
26073
28538
35100
36235
37503
39017
