93
152
159
314
423
436
444
479
482
589
634
646
761
957
982
1035
1038
1125
1164
1350
1430
1443
1483
1495
1646
1691
1711
1738
1777
1795
1845
1905
1914
1915
1942
2085
2098
2149
2152
2237
2248
2279
2292
2354
2372
2613
2628
2651
2822
2921
2944
2968
3018
3034
3041
3270
3272
3311
3324
3325
3401
3431
3571
3635
3649
3701
3721
3840
3849
3877
3948
3977
4012
4015
4091
4206
4242
4329
4401
4427
4458
4476
4488
4640
4727
4749
4860
4879
4914
4969
4978
4989
5000
5028
5145
5159
5197
5202
5214
5412
5493
5552
5565
5866
5901
5945
5947
5982
6030
6109
6198
6278
6288
6330
6448
6595
6708
6737
6777
6783
6897
6915
6924
7196
7333
7334
7382
7442
7589
7602
7617
7629
7631
7650
7776
7797
7898
7918
7925
7956
7957
7973
8230
8342
8398
8556
8584
8703
8783
8785
8801
8829
8918
9024
9061
9077
9223
9225
9310
9311
9352
9357
9383
9542
9699
9740
9790
9791
9800
9823
9840
9846
9862
9958
9993
10019
10112
10128
10262
10335
10376
10385
10571
10600
10659
10688
10689
10766
10915
11038
11046
11071
11122
11135
11137
11212
11229
11233
11252
11364
11401
11444
11470
11498
11528
11587
11685
11749
11933
11940
12063
12098
12138
12194
12220
12265
12280
12293
12323
12429
12439
12462
12545
12630
12666
12747
12784
12888
13001
13045
13084
13097
13155
13172
13223
13233
13284
13296
13548
13596
13641
13663
13667
13704
13715
13889
13898
14017
14102
14183
14310
14366
14381
14477
14630
14640
14769
14774
14804
14865
14907
14922
14928
15063
15103
15112
15259
15341
15383
15397
15403
15455
15466
15499
15572
15639
15789
15798
15858
16036
16080
16100
16160
16242
16249
16287
16323
16351
16421
16446
16474
16501
16507
16531
16553
16568
16579
16618
16829
16867
17057
17078
17086
17112
17166
17195
17233
17329
17508
17702
17857
17890
17938
17942
18039
18083
18095
18261
18279
18333
18349
18431
18587
18595
18601
18669
18742
18750
18816
18905
18960
19118
19187
19251
19255
19356
19372
19662
19778
19791
19814
19820
19847
19873
19899
20063
20107
20120
20151
20214
20265
20317
20403
20408
20495
20559
20651
20743
20755
20756
20818
20857
20881
20928
21077
21126
21129
21133
21146
21222
21244
21321
21372
21391
21401
21636
21691
21742
21745
21782
21858
21919
22161
22218
22371
22377
22390
22494
22562
22596
22615
22649
22677
22689
22749
22822
22899
22931
22955
22960
23019
23030
23107
23179
23223
23296
23297
23434
23453
23506
23526
23665
23673
23733
23826
23908
23931
23944
23972
23975
23981
24113
24172
24200
24351
24440
24597
24637
24653
24664
24678
24763
24800
24850
24862
24951
24972
25077
25108
25111
25127
25204
25230
25332
25344
25455
25475
25555
25591
25609
25670
25749
25792
25802
25815
25819
25877
25885
25931
25965
26023
26096
26109
26255
26292
26339
26433
26438
26458
26489
26507
26519
26550
26558
26665
26749
26766
26981
26994
27146
27177
27213
27260
27397
27501
27953
27959
27980
27983
28015
28100
28104
28116
28165
28215
28426
28493
28507
28624
28754
28913
28939
29028
29065
29208
29216
29261
29571
29659
29741
29747
29820
29858
29859
29886
29931
29958
29971
30058
30072
30073
30136
30162
30195
30361
30397
30446
30468
30478
30541
30610
30625
30663
30665
30758
30772
30803
30841
30868
30928
30945
30981
30985
31003
31027
31066
31095
31098
31120
31169
31170
31258
31268
31300
31406
31409
31428
31518
31631
31634
31699
31793
31794
31854
31917
31971
32029
32031
32056
32119
32164
32245
32322
32439
32669
32695
32991
33013
33182
33224
33248
33255
33294
33315
33324
33330
33342
33348
33368
33390
33399
33506
33509
33580
33625
33649
33671
33677
33908
33921
34066
34087
34425
34434
34533
34586
34593
34726
34742
34831
34834
34867
34902
34911
34965
35021
35045
35055
35102
35194
35202
35240
35511
35512
35596
35628
35831
35833
36068
36211
36255
36276
36378
36555
36572
36631
36641
36674
36692
36733
36740
36838
36965
37057
37161
37206
37235
37247
37289
37295
37321
37540
37565
37706
37747
37757
37786
37827
37877
37895
37932
37971
38057
38062
38136
38264
38297
38319
38324
38384
38439
38453
38512
38556
38624
38757
38791
38841
38844
38852
38929
39065
39066
39068
39096
39186
39300
39419
39448
39556
39600
39638
39742
39746
39759
39815
39873
39888
40013
40022
40203
40217
40290
40292
40385
40407
40426
40427
40450
40462
40507
40558
40590
40613
40656
40741
40824
1065
2312
2521
2926
3852
5258
6118
6683
7008
7120
7207
7219
7784
8688
9614
9805
10245
10846
11734
11966
12183
13541
14511
15482
15747
16099
16896
17267
17734
17990
18140
20714
22732
23229
23419
23477
24424
29072
29177
29504
29985
31127
32678
33372
34661
35977
37573
39045
40133
40813
40852
