1060
2676
2769
2784
2984
3575
3999
6026
7692
8594
9623
11936
13195
13327
14666
16240
16959
17536
18256
18580
18794
20225
20506
21411
22418
23811
25256
25963
26277
26960
27206
27496
29779
30842
31087
31890
32927
32931
32992
33419
34300
35078
35114
35490
36119
36874
39803
31
41
269
328
452
621
907
917
1327
1474
1547
1866
1940
1985
2200
2360
2513
2590
2650
2662
2918
3274
3312
3379
3419
3683
3713
3751
3850
3861
3866
3916
3941
4176
4275
4308
4351
4516
4577
4667
4682
4753
4885
4953
5071
5302
5459
5474
5475
5538
5663
5728
5751
5806
5856
5984
6423
6445
6562
6892
7029
7038
7220
7349
7812
7917
8022
8068
8211
8232
8588
8712
8859
8980
9201
9314
9375
9423
9703
9776
9890
9956
10144
10289
10382
10498
10624
10905
11033
11157
11583
11675
11737
11809
11909
12376
12413
12798
12871
12944
12951
13193
13246
13438
13442
13508
13580
13710
13748
13989
14104
14299
14461
14812
15233
15675
15707
15843
15855
15882
15920
15938
15962
16009
16231
16320
16456
16813
17048
17170
17289
17349
17371
17531
17743
17786
18424
18549
18657
18668
18847
18863
18891
18893
19074
19471
19582
19586
19908
20223
20300
20328
20354
20594
20997
21066
21189
21353
21374
21824
22140
22235
22244
22464
22799
23040
23250
23399
23567
23776
23993
24081
24122
24134
24153
24211
24221
24265
24372
24454
24508
24714
24721
24739
24747
25386
25486
25499
25501
25540
25731
25733
25981
26443
26504
26964
27123
27265
27618
27637
27664
28238
28319
28689
28696
29222
29290
29313
29337
29360
29418
29603
29713
29759
30194
30271
30392
30416
30590
30721
30840
30852
30918
30975
31059
31103
31212
31407
31434
31584
31872
32089
32252
32559
32760
32903
32925
33355
33811
33954
34139
34352
34407
34429
34568
34666
34712
34720
35262
35278
35286
35413
35546
35625
36284
36357
36382
36396
36730
36960
37158
37181
37210
37357
37423
37426
37461
37622
37657
37700
37709
37972
38280
38281
38454
38568
38691
38741
38920
39133
39349
39529
39612
39718
40134
40295
40570
40739
