372
477
559
635
680
834
900
914
1050
1110
1200
1341
1378
1416
1470
1529
1578
1591
1628
1679
1708
1872
2027
2042
2079
2405
2503
2514
2552
2577
2678
2688
2699
2709
2792
2799
2852
2969
3039
3057
3173
3247
3267
3284
3354
3488
3537
3548
3611
3810
3893
3986
4060
4085
4235
4292
4330
4575
4579
4603
4742
4839
5073
5135
5259
5260
5283
5289
5385
5400
5462
5681
5846
5900
5956
6057
6082
6221
6356
6369
6464
6501
6666
6793
6947
7070
7107
7131
7169
7245
7692
7749
7763
7836
7924
8092
8184
8362
8397
8421
8464
8496
8526
8707
8784
8788
8870
8943
8989
9010
9123
9232
9349
9429
9766
9792
9937
9941
10125
10179
10340
10386
10486
10519
10530
10550
10567
10700
10732
10865
10903
10957
11016
11116
11200
11246
11275
11305
11374
11572
11648
12143
12394
12507
12769
13043
13065
13079
13525
13533
13536
13614
13807
13813
13874
14006
14056
14137
14181
14553
14636
14843
14963
15163
15179
15295
15333
15622
15643
15662
15947
15984
16004
16240
16413
16538
16552
16663
16797
16861
16908
16916
16997
17020
17041
17209
17232
17347
17402
17465
17565
17671
17719
17735
17947
18282
18461
18592
18806
18865
19032
19161
19250
19297
19384
19386
19418
19426
19600
19677
19715
19898
19983
20175
20567
20617
20639
20964
21118
21155
21158
21334
21422
21552
21570
21649
21684
21689
21748
22087
22184
22232
22268
22370
22396
22423
22427
22469
22589
22599
22647
22648
22680
22847
22950
22951
22956
23461
23782
23787
23885
23907
23922
23934
24129
24284
24401
24470
24644
24860
24925
24943
25074
25323
25424
25518
25632
25640
25685
25827
25870
25917
26037
26156
26161
26318
26407
26445
26560
26576
26770
26855
27180
27439
27529
27547
27654
27669
27689
27717
27723
27736
27848
27867
27894
27930
27951
28017
28196
28204
28414
28461
28622
28782
28920
29056
29168
29335
29351
29400
29408
29449
29462
29597
29788
29868
29910
29913
30055
30080
30103
30108
30142
30211
30228
30264
30360
30414
30451
30472
30523
30627
30782
30795
30811
30901
30905
30992
31190
31314
31420
31424
31441
31467
31497
31534
31595
31666
31705
31749
31791
31798
31831
31914
32161
32181
32202
32215
32225
32286
32507
32668
32851
32874
32951
32974
33082
33150
33161
33267
33304
33389
33432
33458
33622
33635
33796
34023
34123
34152
34310
34512
34579
34632
35001
35121
35170
35532
35810
35819
35847
35861
35907
35989
36119
36122
36223
36286
36307
36318
36355
36444
36512
36583
36708
36767
36784
37211
37253
37362
37398
37402
37512
37572
37625
37637
37651
37728
37853
37866
37873
37899
37922
37951
37983
38105
38168
38221
38527
38755
38981
39227
39306
39335
39464
39693
39716
39859
39896
40008
40060
40150
40170
40291
40301
40335
40345
40461
40703
40775
86
115
136
212
277
415
495
694
704
775
779
1182
1340
1518
1560
1818
1862
2000
2150
2178
2224
2326
2351
2505
2698
2710
2889
3099
3188
3235
3349
3420
3487
3772
3821
3846
3861
3954
4203
4332
4480
4550
4553
4700
4864
5026
5058
5123
5174
5241
5326
5551
5580
5588
5589
5632
5910
5921
5997
6010
6135
6371
6476
6490
6516
6519
6598
6684
6866
6874
7136
7379
7419
7813
7965
8183
8361
8391
8488
8564
8577
8633
8985
8995
9099
9101
9318
9335
9351
9420
9560
9574
9648
9656
9704
9860
9876
10723
11085
11174
11230
11253
11386
11690
11803
11873
12005
12087
12132
12291
12338
12370
12405
12441
12504
12744
12843
12960
13212
13308
13376
13440
13510
13759
13858
13862
13924
14040
14050
14070
14110
14255
14396
14492
14604
14646
14748
14857
14949
15084
15198
15431
15474
15522
15629
15793
16132
16175
16183
16592
16593
16623
16659
16768
16770
16781
16858
16917
17052
17151
17439
17492
17585
17616
17698
17717
17760
17775
17798
17804
17814
17918
17940
18014
18182
18507
18620
18786
18824
18860
18921
18941
18973
19058
19131
19224
19226
19239
19260
19338
19378
19562
19603
19660
19768
19775
19943
20046
20112
20253
20274
20321
20389
20634
20652
20681
20929
21039
21103
21201
21328
21504
21533
21693
21911
21937
22108
22173
22180
22650
22779
22867
22938
22992
23005
23066
23109
23136
23140
23217
23248
23371
23465
23468
23583
23608
23656
23679
23729
24081
24310
24441
24531
24600
24919
25280
25311
25414
25463
25699
25869
25926
25949
25971
26025
26113
26245
26350
26363
26377
26414
26417
26478
26758
26760
26808
26847
26856
26892
26896
26910
26926
27035
27044
27178
27272
27410
27478
27742
27755
27810
27831
27932
28004
28023
28231
28268
28297
28331
28375
28378
28607
28686
28780
28793
28921
29053
29085
29109
29123
29130
29215
29257
29293
29325
29587
29661
29684
29721
29927
30054
30152
30380
30399
30503
30525
30559
30561
30605
30608
30616
30650
30767
30777
30932
30959
31053
31061
31148
31281
31471
31488
31649
31785
32045
32147
32160
32182
32235
32341
32346
32547
32583
32619
32631
32655
32675
32748
32785
32807
32870
33010
33136
33195
33285
33340
33383
33486
33532
33549
33609
33775
33818
33875
33951
33991
34111
34247
34279
34363
34741
35111
35306
35426
35534
35743
35857
36001
36392
36539
36672
36744
37038
37159
37251
37325
37360
37428
37511
37553
37566
37668
37981
38239
38250
38323
38405
38468
38481
38592
38596
38601
38734
38918
38942
39013
39292
39623
39897
39898
39946
39970
40067
40105
40118
40205
40304
40314
40373
40410
40456
40468
40712
