299
924
1011
1440
2033
2333
2676
2680
3040
6262
6839
7143
7762
8476
8655
9623
9847
12195
13628
13953
14443
14825
17204
17317
18785
19003
19669
20839
22971
23605
24241
25341
25936
26983
27135
28433
30039
31292
31425
32834
32849
32901
34297
36158
37080
38860
39195
40453
3367
6724
6801
7855
8411
9005
11157
11482
11600
12005
14690
14720
15134
15296
16247
16731
17287
17305
17507
19723
19803
19817
20026
20698
23241
24032
24221
25952
26521
27127
27175
29365
29611
29916
30044
30353
31358
32760
32993
33379
35607
36326
36890
37228
37424
37897
