146
297
1143
1385
1758
2033
2035
2074
2597
2614
2624
2676
3291
3483
3693
3720
4239
4792
5289
5465
5799
6199
6324
7129
8063
8075
8427
8514
8908
10616
10664
10853
11113
11388
13327
13893
14374
14443
15135
15243
15440
16015
16141
16461
16699
16728
16766
18753
19174
19275
19692
19914
20154
20981
21058
21070
22010
22191
22418
22619
23269
23661
23811
24311
24481
24948
25173
25234
25909
26425
26670
26728
27765
27778
27900
28043
28738
28829
29094
29300
29453
29454
29960
30015
30168
30279
30288
30749
30842
31368
31563
31643
32646
32921
32935
33194
33229
33651
33999
34021
34183
34957
34963
35266
36756
37338
37422
37531
37554
37710
37731
38461
38701
38845
39046
39803
40253
40503
40805
1536
2474
2716
2805
3085
3365
3419
3553
3941
5302
5599
5650
5661
6182
6888
6978
7101
7894
8285
8604
9615
9755
9764
10134
10169
10382
10992
11157
11170
11482
11728
11892
11909
12333
12345
12691
13395
13700
14023
14704
14852
14927
14948
15608
15811
15843
16078
16780
17315
17428
17724
18269
18596
18873
18948
20133
20143
20502
20525
20586
20729
21201
21274
21282
21841
23029
23031
23143
23652
23751
24688
24953
25133
25170
25348
25356
25370
26192
26553
27025
27522
27737
29603
30182
30196
30217
30583
30682
31086
31434
31806
31988
32760
32978
32993
33461
33626
34168
34227
34487
34521
34636
35805
35893
36397
36975
38287
39041
39113
39140
40010
40502
40612
