40
382
719
756
792
951
1197
1412
1440
1479
1480
1492
1513
1671
1758
2003
2037
2104
2459
2572
2858
2861
2892
2917
3055
3124
3160
3382
3383
3391
3451
3532
3773
3908
4185
4269
4282
4422
4428
4772
4812
4870
5016
5074
5148
5760
5811
6165
6188
6190
6477
6517
6606
6711
6982
7158
7835
7969
8060
8079
8291
8360
8424
8480
8535
8566
8578
8626
8644
8781
8833
8976
9023
9072
9120
9593
9654
9695
9998
10131
10344
10593
10687
10777
10867
11515
11609
11642
11711
11965
12071
12198
12245
12474
12512
12571
12609
12631
12690
12985
13060
13104
13121
13210
13299
13361
13397
13469
13518
13624
13726
13744
13790
13884
13986
14091
14306
14308
14516
14538
14599
14666
14674
14859
14886
15059
15174
15349
16254
16398
16463
16470
16603
16844
17067
17155
17201
17265
17291
17340
17522
17732
17969
18115
18121
18338
18472
18506
18814
19008
19229
19312
19734
19805
20104
20225
20466
20537
20770
20778
20876
21004
21287
21411
21612
21770
21821
22014
22492
22823
22935
23190
23694
23867
24173
24289
24554
24684
24689
24982
25011
25324
25470
25780
25801
25820
26455
26480
26561
26951
26960
27352
27372
27593
27748
27814
27833
28122
28554
28783
28931
28990
29152
29304
29599
29625
29836
29925
29936
29963
30040
30107
30331
30347
30660
30824
31004
31097
31392
31473
31592
31637
31873
31882
31890
31893
32005
32135
32908
32931
33180
33448
33762
33815
33965
34039
34235
34246
34367
34584
34621
34708
34777
34794
34966
35024
35053
35078
35098
35114
35325
35364
35379
35403
35407
35424
35447
35651
35770
35860
35873
36051
36329
36506
36599
36757
37281
37678
37800
37840
37931
38222
38255
38273
38444
38605
38677
38887
38950
38983
39205
39310
39459
39487
39572
39577
39587
39694
39843
40025
40069
40229
40276
40342
40428
40773
31
42
120
231
342
369
697
762
1181
1507
1508
1547
1632
1739
1873
2443
2452
2575
2662
2737
2747
2834
2836
2975
3067
3093
3336
3350
3396
3818
3823
3927
4023
4363
4529
4778
4857
4919
4975
5044
5052
5079
5144
5168
5324
5443
5473
5792
6046
6167
6307
6329
6399
6579
6705
6886
7010
7064
7074
7164
7231
7318
7345
7503
8217
8224
8238
8304
8408
8481
8541
8563
8615
8618
8713
8951
9092
9173
9242
9550
9612
9685
9946
10191
10492
10534
10541
10741
10875
10905
10977
11000
11041
11095
11247
11380
11732
11748
12457
12746
13099
13109
13445
13875
14041
14245
14416
14688
14835
14942
15066
15203
15304
15423
15515
15922
16108
16320
16380
16440
16493
16913
16958
17136
17306
17327
17332
17344
17360
17577
17917
19300
19353
19403
19974
20015
20056
20286
20337
20344
20507
20600
20618
20664
20827
20860
20963
21078
21412
21468
21481
21549
21712
21935
22012
22336
22710
22894
23043
23205
23620
23660
23873
23929
23948
23990
24122
24721
24750
24835
24867
24917
24980
25368
25674
25686
25946
26232
26267
26529
26542
26845
27221
27386
27815
27839
27868
27917
27925
28005
28327
28511
28769
28800
29228
29470
29508
29787
30008
30051
31089
31165
31194
31202
31394
31659
31765
31808
31933
32098
32771
32844
33087
33301
33515
33623
33701
34011
34325
34369
34896
34923
34931
35327
35360
35371
35391
35625
35633
35957
35966
36293
36296
36418
37239
37409
37593
37696
37714
37815
37927
38219
38225
38226
38638
38789
38811
38989
39127
39375
39468
39533
39574
39866
40135
40151
40185
40231
40395
40606
40650
40680
