11
719
951
996
1060
1197
1397
1479
1480
1671
2003
2066
2336
2348
2493
2553
2769
2861
2892
2917
3160
3382
3391
3451
3623
3773
3816
3908
3937
4264
4269
4387
4422
4613
4639
4772
4812
4870
5022
5148
5355
5466
6026
6188
6190
6313
6477
6537
6654
6711
6982
7040
7085
7261
7362
7969
8291
8424
8535
8578
8626
8976
9120
9240
9795
9809
10129
10171
10344
10593
10728
10889
11139
11154
11225
11277
11515
11642
11665
11711
11829
12071
12073
12245
12346
12407
12474
12493
12893
12955
12985
13060
13126
13135
13175
13469
13726
13742
13884
13986
14091
14190
14301
14306
14308
14516
14538
14599
14666
14844
15174
15349
15480
15534
15710
16254
16293
16398
16470
16697
16860
16968
17155
17780
17934
18076
18115
18121
18201
18256
18338
18359
18472
18506
18580
18751
18794
19008
19151
19312
19422
19423
19525
19734
19903
20466
20491
21004
21092
21123
21167
21268
21612
21767
21770
22010
22014
22094
22136
22418
22470
22492
22528
22547
22763
22821
23190
23867
23890
23971
24340
24375
24554
24571
24598
24652
24982
25011
25192
25324
25780
25801
26040
26072
26269
26277
26347
26480
26901
26951
26958
27593
27690
27719
27725
27806
27833
28122
28473
28554
28875
28931
28982
29403
29599
29601
29606
29644
29653
29760
29836
30040
30107
30172
30331
30449
30481
30598
31019
31073
31097
31392
31519
31592
31882
32005
32123
32135
32152
32217
32290
32485
33274
33448
33833
33965
34020
34169
34246
34708
34794
34818
34884
34907
34963
35017
35024
35053
35078
35114
35255
35325
35379
35403
35424
35447
35589
35770
35909
35946
36051
36082
36347
36506
36599
36802
37390
37678
37800
37840
38013
38222
38444
38605
38628
38887
38950
38983
39067
39205
39310
39459
39487
39843
40055
40069
40074
40276
40309
40800
13
31
42
120
302
342
369
697
762
1088
1181
1507
1508
1547
2253
2302
2318
2452
2575
2580
2601
2737
2747
2810
2936
2975
3069
3093
3113
3350
3495
3572
3627
3818
3926
4023
4245
4363
4409
4456
4484
4520
4778
4857
4919
5025
5096
5163
5168
5185
5250
5302
5324
5443
5615
5856
5979
6046
6307
6579
6705
6864
6886
6933
7503
7586
8105
8234
8239
8372
8408
8615
8691
8712
8880
8923
8951
9066
9173
9566
9718
9935
10191
10534
10605
10875
10905
10977
10994
11041
11087
11186
11234
11247
11748
12056
12310
12345
12368
12390
13099
13718
14039
14245
14416
14688
14835
14890
14899
15066
15203
15304
15384
16093
16108
16114
16320
16380
16492
16493
16570
16574
16724
16761
16913
16958
17192
17306
17354
17360
17563
17577
17910
17917
18052
18863
18882
19333
19403
20015
20134
20293
20337
20406
20600
20618
20751
20860
20963
21049
21078
21112
21380
21510
21712
21729
22274
22519
22726
22888
22894
23620
23652
23873
23929
23948
23990
24122
24216
24427
24498
24721
24750
24835
24980
25334
25368
25686
25946
26529
26542
26845
26978
27155
27198
27386
27521
27680
27801
27868
27917
27925
28005
28208
28327
28769
28800
28918
29410
29787
30051
30082
30169
30337
30406
31103
31194
31202
31765
31808
31875
32454
32730
33033
33087
33337
34106
34109
34369
34622
34668
34931
35056
35128
35327
35360
35371
35541
35546
35625
35633
35768
36175
36296
36481
36845
36881
37226
37369
37509
37560
37593
37696
37923
37927
38081
38225
38305
38388
38521
38703
38789
38811
38812
39084
39127
39375
39455
40135
40151
40185
40231
40395
40537
40575
40606
40609
40631
