11
40
756
792
819
951
996
1027
1076
1163
1202
1217
1397
1479
1480
1492
1513
1535
2003
2037
2066
2348
2572
3391
3451
3532
3830
3908
4264
4268
4282
4428
4602
4639
4979
5016
5022
5024
5074
5148
5465
5503
5760
5873
6026
6165
6190
6313
6654
7085
7147
7158
7261
7435
7969
8360
8566
8578
8626
8644
8781
8833
8976
9023
9047
9120
9154
9240
9593
9979
10131
10279
10344
10593
10777
11063
11225
11413
11515
11553
11642
11665
11686
11711
11829
12198
12245
12474
12493
12512
12571
12609
12985
13126
13175
13190
13210
13299
13469
13518
13624
13726
13744
14091
14144
14190
14228
14306
14538
14599
14859
14915
15349
15480
15710
16293
16411
16463
16470
16860
16959
16968
17201
17732
17780
17934
18076
18115
18121
18201
18256
18338
18472
18814
19008
19225
19229
19291
19312
19321
19422
19423
19525
19624
19903
20024
20778
20938
21092
21123
21268
21767
22010
22014
22246
22470
22763
22821
22823
22935
23080
23240
23890
23971
24033
24173
24340
24375
24571
24652
24684
24689
24831
24866
24982
25011
25780
26347
26455
26901
26958
26992
27065
27195
27372
27548
27593
27690
27806
27814
27833
28072
28783
28875
28990
29101
29152
29304
29588
29599
29625
29760
29936
30040
30331
30481
30598
30824
31019
31073
31087
31097
31392
31519
31592
31873
31893
32005
32123
32135
32217
32280
32869
32931
33244
33274
33749
33762
33815
33831
33965
34169
34300
34367
34584
34708
34777
34840
34907
34963
35024
35080
35114
35151
35325
35407
35447
35769
35873
36051
36082
36347
36719
36726
37302
37390
37678
37777
37840
37931
38013
38036
38103
38255
38273
38444
38605
38677
38887
38983
38999
39449
39474
39487
39577
39587
39669
40025
40229
40276
40309
40342
40428
40432
40773
40800
120
219
302
697
762
1088
1111
1507
1508
1547
1739
1873
2318
2452
2575
2580
2662
2737
2810
2834
2836
2936
3087
3093
3123
3588
3627
3926
4245
4288
4409
4456
4484
4675
4778
4975
4991
5052
5082
5144
5168
5615
5792
5796
5856
5979
6046
6121
6158
6194
6329
6375
6399
6754
6864
7064
7074
7164
7503
8010
8217
8224
8238
8239
8481
8533
8563
8618
8713
8880
9066
9092
9550
9612
9624
9718
9935
9946
10077
10541
10626
10677
10741
10875
10905
10977
10984
10994
11041
11186
11190
11234
11380
11562
11973
12122
12302
12310
12345
12723
13109
13718
13875
14416
14688
14745
14835
15066
15384
15423
15697
15922
16108
16297
16320
16380
16492
16493
16574
16913
16958
17344
17360
17500
17568
17577
17626
17910
17917
18891
19216
19300
19353
19403
19690
19913
20038
20134
20136
20286
20337
20344
20600
20813
20860
21049
21078
21183
21184
21380
21385
21468
21488
21510
21935
22012
22036
22274
22321
22519
22544
22726
23180
23205
23408
23652
23929
24122
24169
24498
24867
25018
25067
25465
25600
26137
26232
26267
26529
26845
27155
27198
27210
27353
27386
27815
28005
28511
28769
28878
28918
29290
29327
29410
30082
30169
30337
30474
30764
30967
31089
31165
31202
31394
31875
32098
32177
32197
32454
32730
32771
33087
33337
33623
34106
34192
34242
34372
34622
34896
34923
34931
35056
35184
35327
35360
35371
35391
35392
35768
35957
35966
36175
36293
36327
36481
36724
36845
36881
37593
37714
37815
37935
38081
38219
38225
38388
38508
38521
38703
38789
38811
38812
38989
39084
39127
39375
39455
39468
39574
39978
40135
40151
40185
40231
40563
40575
40578
40606
40609
40650
40784
