382
756
951
1060
1076
1197
1202
1217
1397
1479
1535
2037
2459
2553
2572
2861
2917
3382
3451
3532
3623
3773
4269
4602
4613
4772
5016
5466
5503
5760
5811
5812
5873
6026
6165
6190
6313
6441
6477
6711
6982
7040
7147
7963
8079
8510
8535
8594
8833
9023
9072
9120
9695
9795
9809
9979
10687
10725
10728
10777
10867
10927
11139
11204
11225
11277
11642
11686
11711
11764
11830
11965
12198
12346
12375
12493
12512
12609
12893
12985
13029
13175
13190
13210
13314
13397
13624
13726
13742
13790
14091
14190
14228
14308
14538
14599
14674
14844
14886
14915
15059
15174
15480
16254
16398
16463
16697
16959
17067
17444
17522
17732
17780
18076
18115
18121
18256
18338
18359
18472
18506
18580
18794
18814
18872
19151
19229
19291
19321
19422
19423
19624
19734
19799
19805
20491
20770
20876
21004
21092
21123
21157
21167
21268
21312
21411
21612
21747
22014
22094
22246
22297
22338
22547
22862
22935
23694
23971
24033
24289
24347
24375
24571
24761
24807
24866
24982
25011
25470
25780
26040
26480
26537
26561
26580
26715
26958
26971
26992
27104
27163
27372
27548
27569
27806
28554
28931
28982
28990
29304
29644
29760
29836
29925
29936
30040
30107
30172
30331
30347
30449
30660
30697
31073
31087
31271
31592
31601
31637
31882
31893
32152
32280
32296
32319
32485
32869
32908
32927
32931
33180
33448
33749
33762
33831
33965
34169
34235
34300
34708
34794
34818
34840
34907
34963
34966
35024
35053
35080
35255
35403
35424
35447
35651
35860
35873
35909
35946
36051
36082
36506
36599
36719
36757
36802
37281
37302
37390
37777
37840
38036
38274
38444
38677
38887
38983
38999
39449
39459
39474
39487
39572
39694
39939
40025
40276
40309
40428
40773
40800
13
31
85
120
231
369
697
1088
1111
1547
1632
1798
1873
2318
2443
2452
2662
2737
2834
2836
3067
3069
3204
3336
3588
3627
3990
4023
4363
4409
4456
4520
4675
4819
4919
4975
5025
5082
5168
5185
5250
5302
5451
5615
5661
5792
5796
5979
6046
6121
6194
6201
6329
6375
6864
6933
7010
7064
7126
7187
7345
7503
7586
8010
8105
8123
8217
8408
8615
8618
8923
8951
9005
9161
9173
9242
9256
9566
9685
9935
9946
10191
10541
10626
10875
10905
10977
10984
11087
11247
11562
11732
11748
11945
12122
12310
12345
12368
12390
12457
12746
13099
13109
13129
13445
13875
14039
14041
14416
14688
14899
14901
15304
15348
15423
15424
15515
16108
16493
16570
16574
16761
16913
16958
17136
17192
17332
17344
17354
17424
17500
17563
17577
17626
17910
18175
19403
19614
19690
19913
19974
20015
20038
20293
20337
20406
20507
20618
20664
20751
20813
21078
21112
21183
21385
21412
21468
21481
21712
21935
22036
22321
22336
22544
22888
22894
23043
23180
23660
23948
23967
23990
24122
24169
24427
24498
24721
24867
24917
24980
25297
25334
25465
25600
25674
26267
26529
26542
26978
27136
27210
27521
27680
27801
27815
27868
28005
28208
28327
28769
28800
29228
29290
29327
29401
29722
29787
30051
30406
30764
30967
31103
31165
31202
31765
31997
32454
32629
32844
33033
33087
33213
33623
33701
34106
34109
34192
34325
34369
34622
34628
34668
34923
35360
35371
35391
35392
35541
35625
35633
35966
36021
36175
36327
36418
36594
36845
37311
37369
37409
37509
37593
37889
37913
38225
38305
38388
38508
38638
38789
38811
38889
38989
39084
39147
39455
39468
39574
39978
40135
40151
40395
40457
40537
40563
40575
40606
40650
