40
382
507
719
756
792
819
996
1060
1076
1197
1217
1397
1412
1440
1535
1671
2003
2066
2104
2336
2348
2459
2553
2572
2769
2892
2917
3055
3124
3382
3383
3391
3451
3575
3623
3773
3816
3830
3999
4185
4282
4428
4554
4613
4639
5355
5503
5811
5873
6026
6188
6477
6517
6606
6711
6982
7435
7963
8253
8291
8360
8424
8626
8833
8976
9047
9072
9120
9809
9979
9998
10171
10279
10344
10725
10728
10777
10927
10942
11139
11154
11413
11515
11642
11711
12375
12407
12474
12493
12718
12955
12985
13104
13121
13135
13175
13190
13203
13314
13397
13518
13726
13833
14144
14301
14308
14516
14844
15059
15349
15480
16293
16398
16463
16603
16959
17155
17201
17444
17780
18115
18121
18256
18472
18751
18794
19291
19312
19423
19624
19805
19903
20024
20225
20466
20491
20778
20876
21004
21123
21248
21268
21312
21612
21767
21770
21821
22014
22136
22418
22547
22763
22823
22862
23080
23240
23694
23867
23890
24033
24173
24340
24375
24554
24571
24652
24684
24761
25011
25192
25801
25820
26072
26277
26455
26480
26537
26561
26901
26951
26958
27104
27352
27372
27593
27719
27725
27748
27833
28473
28776
28931
28982
28990
29101
29304
29403
29588
29599
29653
29963
30040
30107
30331
30481
30598
30660
31004
31019
31271
31392
31592
31601
31637
31873
31882
31890
32123
32217
32280
32290
32869
32908
32927
33244
33749
33762
33833
33965
34039
34169
34235
34246
34300
34367
34621
34708
34777
34794
34884
34907
34966
35017
35053
35325
35364
35403
35589
35651
35873
35946
36082
36347
36599
36726
36757
37281
37302
37390
37840
38273
38274
38444
38605
38628
38950
38983
39310
39449
39459
39572
39577
39587
39669
39843
39939
40025
40074
40276
40309
40428
40800
13
117
231
302
342
346
1088
1181
1508
1547
1632
1873
2302
2318
2662
2836
2975
3087
3336
3350
3396
3495
3572
3627
3818
3823
3927
3990
4023
4245
4484
4778
4857
4975
5025
5082
5144
5163
5168
5302
5324
5451
5661
5792
5856
6121
6158
6167
6201
6307
6329
6375
6469
6579
6754
6864
6933
7074
7126
7187
7503
8105
8217
8234
8239
8408
8481
8615
8618
8951
9005
9092
9161
9173
9242
9256
9566
9685
9697
9718
9922
9946
10077
10492
10534
10905
10994
11000
11041
11087
11095
11234
11247
11562
11732
11748
12302
12345
12368
12390
13099
13109
13129
13445
13785
14039
14041
14745
14835
14901
14942
15132
15203
15423
15697
15922
16108
16114
16228
16320
16380
16434
16492
16493
16644
17360
17568
17577
17626
17641
17729
18668
19333
19353
19614
19690
19913
19934
19974
20038
20056
20134
20286
20344
20406
20600
20664
20751
20860
21078
21184
21203
21380
21455
21481
21488
21510
22012
22274
22519
22911
23620
23652
23873
23990
24169
24216
24427
24498
24721
24750
24980
25018
25297
25368
25600
25674
26137
26232
26267
27136
27210
27221
27353
27386
27521
27801
27868
27917
27925
28005
28038
28208
28592
28878
29228
29245
29290
29327
29410
29470
29508
30406
30474
30764
31103
31194
31202
31394
31659
31765
31933
32098
32177
32629
33033
33301
33337
33494
33515
33623
33701
34011
34106
34325
34369
34628
34896
34923
34931
35056
35128
35184
35327
35360
35391
35541
35546
35633
35912
35966
36175
36293
36296
36418
36845
36881
37226
37239
37311
37560
37593
37696
37815
37889
37913
37927
38081
38219
38508
38521
38638
38703
38789
38989
39468
39574
39866
39978
40457
40578
40606
40631
40650
40680
