11
507
819
951
996
1094
1163
1197
1202
1479
1480
1513
2003
2104
2348
2493
2553
2784
2858
2861
2892
2917
3124
3382
3383
3532
3575
3937
3999
4387
4554
4772
4812
4870
4979
5022
5024
5148
5465
5466
5503
5812
5873
6026
6165
6313
6477
7040
7158
7261
7362
7435
8253
8291
8360
8424
8535
8566
8578
8594
8644
8781
8976
9023
9120
9154
9240
9593
9654
9795
9998
10129
10131
10271
10344
10593
10725
10777
10889
10927
10942
11139
11154
11277
11553
11665
11711
11965
12198
12375
12493
12571
12690
12718
13121
13175
13190
13203
13299
13314
13361
13624
13726
13742
13790
14091
14190
14228
14306
14363
14538
14599
14844
14886
14915
15174
15349
15480
16254
16293
16398
16411
16603
16697
16844
16860
16959
16968
17340
17522
17732
17780
17934
18076
18115
18794
19008
19291
19321
19423
19525
19805
20024
20104
20506
20938
21092
21134
21157
21167
21248
21268
21411
21747
21770
22010
22136
22297
22470
22763
22823
22862
22935
23080
23190
23890
24289
24347
24375
24554
24571
24652
24689
24982
25780
25801
26072
26277
26455
26537
26561
26901
26951
26971
26992
27065
27104
27352
27548
27593
27719
27806
27814
28473
28554
28658
28759
28776
28783
28875
28982
28990
29101
29588
29625
29836
29925
29936
29963
30172
30331
30347
30441
30598
30824
31004
31019
31073
31271
31392
31473
31592
32005
32123
32135
32217
32280
32296
32485
33180
33244
33448
33749
33815
33833
33965
34017
34020
34039
34169
34235
34367
34584
34818
34840
34884
34907
34963
35053
35080
35114
35151
35770
35909
36051
36082
36329
36599
37281
37390
37800
37907
37931
38013
38103
38222
38255
38605
38628
38887
39067
39082
39205
39310
39459
39474
39520
39577
39587
39669
39694
39843
40025
40276
40428
40432
40773
13
31
85
117
231
302
342
346
762
1088
1111
1181
1508
1739
1798
2253
2302
2443
2452
2580
2810
2834
2836
2975
3067
3069
3087
3093
3113
3204
4023
4245
4288
4529
4675
4778
4819
4919
4975
4995
5025
5079
5096
5144
5324
5443
5473
5615
5661
5796
5856
5979
6046
6121
6158
6201
6307
6399
6469
6579
6705
7010
7064
7126
7164
7187
7231
7586
8010
8217
8224
8234
8238
8408
8481
8533
8541
8713
8923
9092
9173
9242
9456
9550
9566
9612
9697
9718
9922
9935
9946
10191
10541
10605
10677
10875
10984
10994
11000
11041
11095
11186
11190
11234
11247
11562
11598
11689
11748
11945
11973
12056
12302
12368
12390
12723
13077
13099
13109
13718
13875
14039
14245
14416
14688
14745
14835
14890
14920
15066
15203
15348
15384
15515
16093
16228
16440
16493
16644
16761
16913
16958
17306
17327
17344
17354
17563
17641
17917
18668
18863
18882
18977
19216
19353
19690
19934
20056
20134
20286
20337
20344
20406
20507
20827
21148
21183
21184
21203
21380
22321
22519
22544
22726
22888
23043
23180
23205
23652
23929
23948
24169
24427
24867
24955
25368
25465
25686
25946
26542
26845
26978
27210
27353
27521
27680
27815
28005
28208
28511
28592
28878
29290
29327
29410
29470
29722
30008
30051
30082
30406
30967
31194
31659
31765
31808
31933
31997
32098
32771
32844
33213
33301
33515
34011
34192
34369
34622
34628
34923
35128
35342
35360
35371
35546
35633
35768
36175
36327
36481
36724
36845
36881
37369
37409
37418
37509
37714
37815
37913
37923
37927
37935
38081
38305
38508
38638
38889
39127
39468
39533
39574
39978
40135
40151
40185
40395
40457
40606
40650
40784
