382
507
719
756
792
819
1197
1440
1479
1480
1671
2003
2066
2104
2348
2493
2769
2858
2917
3055
3160
3383
3391
3532
3575
3999
4185
4269
4428
4554
4602
4613
4772
4870
5016
5022
5074
5355
5465
5503
5811
6441
6517
6711
7261
7435
8079
8253
8291
8360
8480
8510
8566
8594
8781
8976
9047
9072
9120
9593
9654
9738
9809
10129
10344
10593
10777
10889
11063
11139
11204
11225
11413
11553
11609
11642
11764
11829
11965
12071
12073
12198
12245
12346
12375
12474
12512
12609
12690
12718
12893
12955
13060
13104
13126
13175
13190
13203
13299
13314
13361
13469
13518
13726
13742
13833
13884
14144
14190
14228
14301
14308
14599
14666
14674
14844
14859
14886
14915
15349
16254
16959
16968
17067
17291
17340
17934
17969
18076
18472
18506
18814
18872
19151
19225
19229
19423
19525
19734
19903
20024
20104
20225
20491
20778
20876
20938
21004
21167
21248
21268
21287
21747
21821
22094
22338
22528
22547
22823
23080
23190
23971
24375
24554
24571
24598
24652
24689
24831
25324
25820
26455
26480
26580
26715
26901
26958
26960
26971
27065
27163
27195
27352
27372
27569
27690
27719
27725
27806
27814
28122
28473
28658
28776
28783
28875
28990
29101
29152
29304
29588
29606
29625
29760
29836
29925
30040
30172
30331
30441
30449
30598
30697
30824
31019
31392
31473
31592
31637
31882
32123
32135
32152
32217
32280
32296
32908
33274
33749
33762
33831
33965
34017
34020
34039
34169
34235
34246
34584
34621
34777
34996
35024
35053
35080
35098
35114
35403
35407
35424
35447
35769
35770
36051
36506
36599
36757
36802
37281
37302
37390
37777
37800
37840
37931
38036
38222
38628
38950
39067
39082
39417
39449
39459
39487
39587
39669
39843
39939
40074
40276
40428
31
85
117
219
302
342
697
762
1088
1181
1508
1632
2443
2580
2601
2737
2747
2975
3093
3123
3204
3336
3350
3572
3627
3818
3823
3926
3935
3990
4023
4288
4409
4529
4975
4991
5025
5079
5082
5096
5163
5302
5615
5661
5792
5796
5979
6046
6201
6375
6469
6579
6886
6933
7010
7064
7074
7126
7164
7187
7345
8010
8105
8224
8238
8304
8372
8481
8541
8563
8615
8618
8691
8712
8713
8951
9005
9092
9161
9566
9612
9624
10077
10605
10626
10677
10905
10977
10984
11095
11186
11562
11598
11689
11732
11945
11973
12056
12310
12457
12723
13037
13077
13129
13445
13718
13875
14039
14041
14416
14745
14901
14942
15066
15348
15515
16108
16114
16297
16434
16440
16492
16570
16724
16761
17136
17306
17332
17344
17354
17360
17424
17500
17563
17568
17577
17626
17729
18863
18882
18977
19216
19300
19353
19913
19974
20015
20136
20286
20344
20406
20507
20618
20963
21112
21183
21203
21380
21455
21481
21488
21549
21729
21935
22036
22321
22519
22894
23043
23205
23652
23660
23967
23990
24122
24216
24498
24750
24917
24955
24980
25067
25334
25674
25686
25946
26137
26529
27353
27386
27521
27801
27868
27917
27925
28038
28210
28327
28511
28769
28878
29228
29410
29508
29722
29787
30082
30169
30406
30764
31089
31103
31165
31202
31394
31765
31875
31933
31997
32098
32177
32629
32730
33033
33087
33278
33301
33494
33701
34109
34369
34896
35278
35327
35392
35546
35625
35912
35957
35966
36296
36327
36481
36724
37016
37239
37311
37409
37509
37696
37714
37815
37889
37913
37923
38055
38225
38226
38789
38811
38989
39147
39455
39468
39533
39574
39978
40185
40395
40457
40537
40563
40606
40609
40650
40680
