11
40
382
719
756
819
951
1076
1094
1197
1202
1217
1397
1480
1492
1513
1758
2003
2037
2066
2104
2858
2861
2892
3055
3160
3382
3383
3391
3623
3908
3937
3999
4185
4264
4269
4387
4422
4613
4639
4772
4870
5074
5148
5355
5465
5466
5503
5812
5873
6190
6441
6537
6606
6654
6711
7040
7085
7435
7969
8079
8253
8535
8566
8626
8833
9154
9593
9654
9795
9998
10129
10271
10344
10687
10725
10867
10889
10942
11063
11139
11154
11204
11225
11515
11609
11686
11711
11764
11829
11830
11965
12245
12346
12407
12512
12571
12609
12690
12718
12955
12985
13029
13104
13121
13135
13175
13203
13210
13397
13469
13518
13624
13790
13833
13986
14144
14190
14228
14666
14844
14886
14915
15059
15174
15349
16254
16293
16308
16398
16411
16463
16697
16844
16860
16959
17097
17201
17340
17522
17780
17934
18076
18338
18506
18580
18814
18872
19008
19151
19291
19321
19422
19423
19734
19805
20466
20778
20876
21004
21167
21287
21312
21767
21770
21821
22010
22136
22246
22470
22492
22528
22763
22823
22862
22935
23190
23240
23694
23867
23890
23971
24173
24289
24340
24347
24554
24571
24598
24652
24684
24689
24831
24982
25192
25324
25470
25780
25801
25820
26040
26347
26480
26561
26580
26960
26971
26992
27163
27195
27372
27569
27593
27690
27725
27748
27814
28473
28554
28759
28931
28990
29101
29588
29601
29606
29625
29653
29760
29925
29963
30040
30107
30441
30449
30481
30598
30824
31019
31097
31519
31592
31637
31873
31882
32135
32280
32319
32485
32869
32908
32931
33762
33815
33833
33965
34169
34621
34708
34777
34840
34884
34907
34996
35017
35080
35098
35114
35364
35403
35447
35589
35651
35770
35860
35873
35946
36347
36599
36726
37302
37390
37678
37800
38036
38103
38255
38273
38628
38887
38950
38983
39067
39417
39449
39474
39487
39520
39577
39587
39669
39843
39939
40055
40069
40276
40428
40432
40800
31
42
85
120
231
342
346
369
697
1088
1111
1507
1547
1798
1873
2575
2601
2737
2747
2810
3069
3087
3113
3350
3396
3495
3588
3627
3927
3935
4288
4409
4484
4529
4778
4819
4991
4995
5044
5302
5451
5473
5615
5792
5979
6158
6307
6329
6469
6579
6864
7064
7231
7318
7503
7710
8224
8239
8304
8372
8481
8533
8691
8713
8880
9005
9066
9256
9566
9612
9624
9697
9935
9946
10534
10626
10984
10994
11000
11041
11087
11190
11234
11247
11380
11562
12056
12310
12345
12390
13037
13099
13875
14193
14688
14745
14899
15132
15304
15348
15423
15515
16093
16114
16228
16297
16380
16434
16493
16570
16574
16913
17192
17327
17332
17354
17360
17424
17500
17563
17626
17917
18052
18175
18891
19300
19333
19353
19913
19934
19974
20056
20136
20293
20337
20600
20664
20813
20827
20963
21078
21148
21183
21380
21468
21488
21510
21549
22036
22336
22894
23043
23205
23620
23652
23873
23948
24216
24498
24835
24867
24955
25018
25465
26137
26267
26542
26978
27136
27198
27353
27386
27521
27868
27917
27925
28005
28208
28210
28327
28592
28878
29245
29401
29787
30051
30474
30764
30967
31103
31165
31202
31765
31808
31997
32177
32454
32844
33033
33213
33278
33301
34106
34369
34372
34622
34668
34931
35184
35278
35360
35633
36021
36175
36293
36296
36319
36845
37016
37226
37239
37311
37369
37418
37509
37714
37889
37923
38055
38081
38225
38638
38811
38812
38889
38989
39084
39127
39147
39375
39455
39468
39978
40135
40457
40563
40575
40578
40631
