11
756
819
1060
1076
1197
1412
1440
1479
1480
1492
1513
2493
2553
2572
2784
2858
2861
2917
3160
3391
3532
3575
3623
3773
3830
3937
4264
4269
4282
4554
4613
4812
4870
4979
5016
5024
5074
5465
5466
5503
5811
6188
6190
6477
6517
6537
6654
7085
7158
7261
7435
7835
7963
8060
8079
8253
8424
8480
8578
8594
8644
8781
8833
8976
9023
9072
9154
9524
9593
9654
9695
9738
10129
10271
10279
10344
10593
10725
10728
10777
10867
10889
10927
11139
11154
11413
11515
11642
11665
11711
11965
12071
12073
12198
12474
12493
12571
12609
12631
12718
12955
13029
13121
13175
13210
13314
13361
13397
13469
13709
13790
13833
14144
14190
14308
14516
14674
14844
15174
15349
15534
15710
16308
16398
16411
16463
16603
16844
16860
16968
17097
17155
17265
18115
18121
18201
18256
18359
18472
18580
18751
18794
18814
18872
19008
19151
19229
19525
19734
19799
19903
20466
20537
20778
20938
21004
21123
21167
21287
21411
21747
22094
22136
22338
22418
22492
22528
22547
22821
22862
23080
23190
23971
24033
24347
24571
24684
24689
24761
24831
25011
25192
25470
25780
26040
26277
26537
26561
26715
26960
27163
27372
27402
27548
27593
27725
27814
28072
28473
28554
28658
28776
28783
28982
28990
29101
29304
29599
29644
29653
29760
29925
29936
30172
30347
30441
30660
31004
31019
31073
31271
31392
31601
31882
31893
32005
32217
32290
32319
32485
32869
32931
33244
33749
33965
34017
34039
34169
34235
34367
34584
34621
34708
34777
34794
34840
34966
35017
35024
35078
35080
35255
35379
35403
35651
35860
36506
36719
36802
37390
37678
37777
37840
37907
37931
38222
38444
38887
38950
38983
38999
39669
39939
40025
40055
40074
40309
40342
40773
13
31
85
117
120
342
346
369
762
1088
1507
1508
1873
2253
2302
2452
2575
2580
2747
2834
2836
2936
2975
3067
3069
3087
3204
3336
3350
3396
3588
3627
3823
3927
4245
4409
4484
4675
4778
4819
4919
4975
4995
5044
5052
5079
5096
5163
5302
5979
6046
6201
6307
6399
6469
6579
6864
6886
7010
7164
7345
7503
7717
8123
8217
8224
8234
8239
8304
8372
8533
8615
8712
8923
9005
9066
9173
9242
9256
9456
9566
9612
9624
9685
9697
9718
9935
10077
10191
10492
10626
10677
10875
10905
10984
11000
11041
11186
11190
11247
11380
11562
11748
11945
11973
12122
12457
12723
13037
13077
13109
13785
13875
14245
14688
14745
14899
14901
15066
15132
15203
15423
15515
15697
15922
16108
16114
16228
16297
16380
16434
16493
16574
16644
16724
16913
16958
17136
17306
17327
17332
17354
17360
17568
17641
17917
18668
18882
18891
18977
19300
19333
19690
19974
20015
20056
20134
20286
20293
20406
20507
20664
20751
20860
20963
21078
21148
21184
21203
21412
21455
21468
21488
21549
21712
22274
22336
23043
23205
23620
23929
23948
23967
24169
24216
24427
24867
24917
24955
24980
25297
25600
25686
26267
26529
26845
26978
27353
27680
27801
28210
28327
28511
28800
29245
29290
29327
29470
29722
29787
30082
31165
31194
31394
31808
31997
32004
32454
32771
32844
33033
33087
33213
33494
33515
33623
34109
34242
34369
34622
34668
34896
34931
35128
35327
35342
35360
35371
35633
35966
36175
36296
36418
36481
36845
36881
37016
37311
37369
37418
37714
37815
37889
37923
37927
38055
38219
38225
38226
38305
38811
38812
38989
39084
39127
39147
39468
39978
40135
40151
40185
40457
40563
40578
40609
40631
40650
40680
