11
507
719
792
996
1027
1060
1094
1197
1202
1217
1440
1480
1492
2037
2066
2336
2459
2553
2784
2858
2861
2892
3055
3382
3383
3532
3575
3937
4185
4268
4387
4422
4554
4602
4613
4870
5022
5148
5355
5465
5503
5760
5811
5873
6026
6188
6313
6441
6606
6711
6982
7040
7147
7158
7435
7835
7963
8060
8291
8424
8480
8510
8566
8644
8976
9072
9524
9593
9654
9738
9795
9809
9998
10129
10171
10271
10279
10593
10889
10927
10942
11063
11139
11154
11642
11665
11686
11764
11830
11965
12073
12198
12245
12346
12375
12407
12512
12571
12631
12718
12893
13121
13126
13203
13210
13518
13624
13742
13790
13833
14228
14301
14306
14308
14538
14599
14844
14886
15534
16254
16293
16308
16398
16603
16697
17067
17291
17780
17969
18115
18338
18359
18472
18794
18872
19151
19321
19423
19624
19734
19903
20225
20334
20491
20876
21004
21092
21157
21167
21248
21287
22010
22094
22246
22418
22470
22763
22821
22862
22935
23240
23694
23867
23890
23971
24033
24289
24340
24347
24375
24684
24689
24761
24866
24982
25324
25470
25780
25820
26040
26072
26455
26561
26715
26901
26958
26960
27104
27352
27402
27548
27593
27719
27806
27833
28473
28554
28658
28931
28990
29101
29152
29588
29601
29653
29836
29925
29936
30172
30347
30449
30481
30660
31097
31392
31519
31592
31873
31893
32123
32217
32319
32869
32927
33274
33762
33815
33833
34017
34020
34169
34300
34584
34777
34794
34963
35078
35151
35255
35325
35364
35447
35769
35770
35873
35909
35946
36051
36347
36757
36802
37302
37390
37777
37800
37931
38013
38036
38274
38444
38950
38999
39067
39082
39572
39577
39669
39694
40025
40069
40074
40342
40428
40432
40773
13
31
42
117
219
231
346
762
1088
1507
1508
1873
2253
2443
2452
2575
2601
2662
2836
3067
3350
3396
3818
3823
3926
3935
3990
4023
4288
4363
4529
4857
4919
4995
5025
5044
5082
5096
5144
5168
5185
5250
5302
5324
5443
5451
5615
5661
5745
5792
6158
6167
6194
6307
6329
6375
6469
6579
6705
6933
7187
7231
7345
7503
7586
7710
8105
8224
8234
8238
8304
8372
8481
8563
8615
8618
8691
8712
8951
9005
9066
9092
9173
9550
9612
9697
9946
10077
10191
10534
10541
10605
10677
10741
10875
10977
10994
11186
11234
11380
11562
12056
12310
12345
12368
13077
13099
13109
13129
14039
14688
14835
14899
14942
15066
15304
15424
15697
15922
16108
16114
16297
16320
16434
16440
16493
16570
16724
16913
16958
17327
17332
17354
17360
17424
17500
17577
17626
17641
17910
18891
18977
19614
19690
19913
19934
19974
20015
20134
20286
20600
20618
20813
21078
21112
21148
21183
21184
21203
21385
21412
21455
21468
21481
21935
22321
22336
22519
22544
22710
22726
22894
22911
23043
23205
23408
23873
23929
23967
23990
24122
24216
24427
24750
24867
24917
24955
24980
25067
25297
25334
25674
25686
25946
26137
26232
26267
26529
26542
27155
27198
27210
27221
27386
27815
27839
27868
28005
28038
28918
29228
29245
29290
29401
29410
29470
29508
29722
29787
30008
30337
30406
30474
30764
31089
31103
31202
31659
31808
31875
31933
31997
32004
32177
33087
33278
34106
34192
34325
34372
34896
35128
35278
35342
35360
35392
35541
35625
35633
35966
36293
36319
36327
36481
36594
36845
36881
37016
37311
37369
37418
37509
37560
37696
37815
37923
37927
38219
38225
38305
38521
38789
38812
38889
39375
39455
40135
40231
40457
40537
40578
40680
