507
719
1027
1076
1197
1397
1412
1440
1479
1513
1535
1758
2037
2066
2104
2336
2493
2553
2572
2784
2892
3124
3382
3383
3391
3816
3830
3908
3937
4185
4268
4387
4422
4602
4639
4772
4812
4870
5022
5024
5074
5760
5812
5873
6026
6313
6441
6477
6537
6711
6982
7261
7362
7435
7835
7963
8060
8079
8510
8535
8578
8833
8976
9072
9120
9154
9240
9524
9654
9695
9795
9809
9998
10131
10171
10271
10279
10593
10728
10777
10867
10942
11204
11277
11665
11686
11829
11965
12071
12073
12245
12346
12375
12474
12493
12512
12955
13060
13361
13469
13518
13624
13790
13884
14190
14228
14306
14308
14363
14516
14674
15349
15480
15710
16293
16308
16411
16463
16603
16697
16844
16860
16959
16968
17067
17097
17155
17265
17340
17780
17934
18076
18115
18472
18506
18751
18794
18872
19151
19225
19229
19291
19422
19624
20024
20466
20506
20537
20770
20778
20938
21004
21092
21167
21248
21312
21612
21767
21821
22010
22094
22246
22297
22338
22418
22470
22492
22823
22862
22935
23080
23240
23694
23971
24173
24340
24347
24554
24598
24807
24831
24982
25470
25801
26277
26347
26455
26537
26951
26971
27104
27352
27569
27690
27719
27725
28072
28473
28554
28759
28776
28875
28990
29101
29152
29304
29403
29588
29925
29936
29963
30172
30331
30347
30441
30481
30598
31004
31019
31271
31392
31473
31519
31592
31637
31873
31882
31890
31893
32123
32135
32280
32296
32931
33180
33244
33815
33831
34017
34039
34169
34367
34621
34708
34777
34794
34840
34884
34963
34966
34996
35098
35114
35151
35325
35447
35589
35769
35860
35909
35946
36051
36082
36506
36599
36719
37281
37390
37678
37777
37840
37931
38222
38273
38274
38444
38605
38628
38887
38950
39067
39082
39205
39417
39474
39520
39572
40025
40055
40309
40342
40428
40800
13
42
120
342
346
1181
1507
1508
1547
1632
1798
1873
2737
2747
2836
2936
2975
3069
3204
3396
3572
3588
3627
3990
4288
4409
4456
4520
4529
4675
4857
4975
4995
5052
5082
5163
5168
5451
5745
6329
6375
6399
6469
6705
6933
7010
7231
7345
7586
8010
8217
8372
8563
8615
8713
8880
9242
9256
9550
9718
9922
9935
9946
10077
10492
10541
10677
10875
10994
11000
11041
11087
11095
11186
11562
11732
12056
12122
13037
13099
13129
13718
14039
14245
14835
14899
14901
14942
15066
15132
15203
15384
15424
15697
16093
16108
16228
16297
16380
16434
16493
16574
16724
16761
17136
17344
17424
17500
17563
17577
17910
17917
18175
18668
18863
18882
18891
18977
19300
19353
19403
19614
19934
19974
20038
20286
20337
20344
20406
20507
20600
20751
20827
20860
20963
21184
21385
21412
21455
21468
21481
21549
21712
21729
22036
22710
22726
22911
23180
23494
23652
23873
23929
23967
24216
24427
24498
24721
24750
24917
24980
25297
25334
25465
25600
25674
26137
26529
26542
26978
27155
27198
27210
27221
27386
27521
27839
27868
27917
28208
28210
28769
29228
29245
29327
29470
29508
29787
30008
30082
30337
30764
30967
31165
31394
31659
31765
31808
31933
31997
32004
32177
32454
32629
32730
32771
32844
33033
33301
33494
33623
34109
34192
34242
34325
34610
34622
34628
34896
34923
35184
35278
35327
35360
35391
35633
35912
35957
36021
36175
36296
36319
36327
36845
37016
37226
37239
37311
37509
37696
37714
37815
37889
37913
37923
38055
38081
38219
38225
38226
38305
38508
38521
38638
38789
38812
38989
39084
39127
39147
39375
39468
40151
40563
40650
