11
40
382
507
756
792
1060
1076
1163
1202
1217
1412
1440
1513
1671
2037
2104
2348
2459
2493
2553
2769
2892
3055
3451
3532
3575
3773
3816
3937
4264
4268
4269
4282
4422
4554
4602
4639
4772
4812
4979
5148
5355
5465
5466
5503
5760
5811
6026
6188
6190
6313
6441
6537
6711
7085
7261
7435
8079
8291
8360
8480
8535
8566
8594
8626
8781
9047
9072
9524
9695
9979
10129
10593
10687
10867
10889
10927
10942
11139
11204
11225
11277
11515
11764
11829
12071
12198
12571
12631
12690
13029
13060
13104
13121
13190
13210
13361
13397
13469
13518
13624
13833
14091
14190
14228
14308
14363
14674
14859
14886
15174
15349
15534
15710
16308
16398
16463
16470
16844
16959
16968
17067
17097
17155
17201
17291
17340
17522
18115
18201
18338
18359
18472
18506
18580
18751
18814
18872
19225
19321
19422
19525
19624
20104
20225
20334
20466
20491
20506
20770
20876
21004
21123
21248
21268
21312
21411
21612
21767
22010
22094
22136
22246
22297
22338
22418
22470
22492
22763
22821
22862
22935
23080
23190
23867
23890
24033
24173
24289
24340
24347
24571
24598
24684
24689
24831
24866
24982
25192
25324
25470
25820
26040
26072
26269
26347
26480
26561
26960
26971
27195
27569
27719
27833
28072
28473
28658
28776
28783
28875
28931
28990
29152
29304
29599
29925
29936
30107
30172
30331
30481
30697
30824
31019
31087
31097
31392
31473
31519
31601
31637
31890
32005
32152
32217
32280
32290
32319
32485
32908
32931
33448
33762
33831
34020
34246
34367
34584
34794
34907
34963
34966
35053
35255
35364
35403
35407
35447
35589
35651
35770
35860
35909
36347
36599
36719
36802
37302
37777
37931
38036
38222
38677
38983
39067
39082
39459
39520
39572
39577
39587
39669
39843
40025
40055
40069
40276
40800
31
42
120
231
1088
1111
1181
1507
1508
1547
1739
1798
2302
2318
2575
2580
2737
2810
2836
2975
3087
3093
3123
3336
3350
3396
3495
3572
3588
3627
3818
3926
3927
4023
4288
4363
4484
4529
4675
4778
4857
4919
4975
5044
5052
5096
5163
5168
5185
5302
5324
5443
5451
5473
5615
5745
5796
5856
5979
6046
6121
6158
6329
6375
6469
6754
7064
7126
7164
7187
7318
7345
7586
7710
8105
8123
8224
8238
8239
8304
8372
8481
8533
8712
8880
8923
9005
9066
9092
9173
9242
9256
9612
9624
9685
9697
9718
9946
10191
10492
10534
10541
10677
10741
10875
10905
10977
11041
11095
11234
11247
11562
11598
11689
11973
12310
12368
12457
13099
13129
13445
13785
14039
14245
14416
14835
14899
14901
14920
15066
15132
15203
15304
15348
15384
15515
16228
16958
17192
17327
17344
17424
17500
17563
17568
17626
17917
18052
18668
19300
19353
19614
19690
19913
20056
20337
20344
20507
20600
20618
20813
20860
21049
21078
21183
21184
21380
21510
21712
21729
21935
22012
22036
22321
22519
22710
22894
23180
23205
23873
24122
24169
24216
24427
24498
24750
24867
24980
25368
25465
25600
25686
25946
26137
26978
27136
27198
27210
27353
27386
27680
27917
28005
28208
28210
28769
28800
28878
29228
29327
29401
29470
29508
29787
30082
30474
30764
30967
31089
31103
31659
31933
32098
32177
32454
32629
34106
34109
34192
34369
34372
34923
34931
35128
35184
35541
35625
35633
35912
36021
36175
36327
36481
36594
36724
36845
37016
37409
37815
37889
37913
37935
38219
38521
38703
38789
38889
39127
39533
39574
39978
40135
40151
40185
40231
40395
40575
40631
40784
