11
382
507
951
1060
1076
1163
1217
1397
1412
1440
1479
1535
1758
2003
2037
2104
2348
2459
2553
2572
2769
2861
2892
3160
3532
3830
4264
4269
4422
4428
4772
5016
5022
5024
5074
5355
5466
5811
5873
6165
6313
6477
6517
6537
6606
6654
7040
7085
7261
7835
7963
8079
8253
8291
8360
8644
8781
8833
8976
9023
9072
9154
9524
9593
9695
9795
9809
10129
10131
10271
10279
10725
10728
10777
10889
10927
11063
11139
11154
11204
11515
11553
11609
11642
11658
11711
11764
11829
12071
12198
12346
12375
12493
12512
12631
12985
13060
13126
13210
13314
13469
13726
13742
13790
14144
14190
14308
14363
14516
14666
14674
14844
14859
15174
15480
15534
16293
16308
16398
16697
16860
17097
17291
17444
17522
18115
18121
18256
18338
18472
18580
18751
18814
18872
19008
19151
19291
19312
19903
20466
20778
20876
20938
21004
21092
21123
21134
21157
21268
21287
21821
22246
22338
22470
22528
22547
22823
22935
23190
23240
23694
23867
23890
23971
24173
24289
24340
24347
24652
24684
24761
24831
24866
25470
25820
26072
26269
26455
26480
26561
26951
26958
26992
27065
27195
27372
27548
27748
28072
28554
28759
28776
28783
28931
28982
28990
29152
29588
29599
29606
29625
29644
29760
30107
30331
30347
30449
30697
30824
31271
31519
31637
31873
31882
31893
32135
32152
32290
32296
32319
32869
32927
32931
33180
33244
33274
33448
33762
33815
33831
33833
34039
34169
34235
34246
34300
34367
34584
34708
34794
34884
34907
34966
34996
35017
35053
35078
35151
35403
35447
35946
36051
36082
36329
36599
36802
37281
37302
37840
37907
38103
38274
38444
38628
38983
38999
39067
39082
39205
39459
39587
39843
40074
40229
40428
40800
31
117
219
302
346
1111
1181
1547
1632
1873
2253
2443
2452
2747
2810
3067
3069
3087
3113
3204
3336
3572
3588
3627
3818
3927
3935
4288
4409
4456
4529
4675
4778
4919
5144
5250
5302
5324
5443
5451
5473
5745
5796
5856
6046
6158
6167
6307
6399
6705
6754
6864
6886
7064
7126
7164
7187
7231
7318
7345
7586
7717
8010
8105
8234
8304
8372
8408
8481
8533
8563
8615
8691
8951
9005
9066
9256
9566
9612
9685
9697
9718
9922
9946
10077
10191
10605
10905
10977
11041
11087
11190
11234
11598
11732
11748
11945
11973
12056
12302
12457
12723
13077
13099
13129
13718
13875
14039
14193
14245
14745
14890
14899
14901
14920
15066
15132
15384
15424
16093
16228
16320
16434
16492
16493
16570
16724
16761
16913
17136
17306
17332
17344
17354
17360
17424
17500
17626
17910
18052
18668
18891
18977
19216
19300
19614
19934
19974
20015
20038
20056
20136
20286
20293
20337
20344
20751
20813
20827
21184
21385
21412
21455
21488
21510
21549
21712
22036
22274
22321
22336
22519
22710
22726
22888
23180
23408
23494
23652
23929
23967
24169
24427
24498
24867
24917
25686
25946
26232
26529
26542
26845
27155
27198
27353
27386
27680
27801
27839
27917
28038
28208
28592
28769
28800
29228
29327
29401
29410
30051
30169
30406
30474
30764
31089
31103
31394
31765
31808
31875
31933
32629
32730
32844
33033
33301
34109
34372
34622
34628
34923
35056
35128
35184
35391
35633
35912
36175
36296
36319
36327
36481
36724
37016
37226
37409
37418
37509
37593
37696
37815
37913
37923
37927
37935
38055
38081
38219
38305
38388
38521
38638
38703
38789
38811
38812
39084
39147
39375
39455
39533
39866
39978
40135
40185
40231
40457
40537
40578
40606
40650
