40
382
719
756
951
996
1027
1060
1094
1197
1397
1412
1480
1671
2003
2104
2336
2493
2572
2858
2917
3124
3160
3382
3391
3532
3773
3816
3908
4264
4269
4387
4639
4772
4812
5022
5024
5074
5148
5466
5760
5873
6026
6165
6188
6190
6313
6477
6517
6537
6982
7085
7147
7969
8291
8510
8535
8594
8644
8976
9047
9072
9524
9654
9695
10131
10271
10344
10687
10725
10777
10867
10889
10927
10942
11063
11139
11154
11225
11413
11553
11609
11642
11658
11665
11686
12198
12407
12512
12571
12609
12631
13060
13175
13203
13299
13709
14091
14144
14190
14301
14306
14308
14538
14844
14859
14886
14915
15174
15480
15710
16254
16603
16697
16844
16959
17067
17155
17291
17340
17522
18076
18115
18338
18359
18506
18580
18751
18814
18872
19008
19225
19229
19423
19624
19734
19805
19903
20024
20104
20225
20334
20491
20506
20537
20876
21004
21167
21268
21312
22010
22136
22297
22528
22763
22823
22862
22935
23080
23190
23694
23971
24173
24340
24375
24652
24684
24689
24831
24866
24982
25011
25192
25801
25820
26040
26072
26269
26277
26455
26537
26561
26715
26901
26960
26971
27352
27402
27548
27593
27690
27719
27725
27806
28776
28783
28990
29101
29152
29601
29836
29936
30040
30107
30172
30331
30347
30449
30598
30660
30697
30824
31004
31073
31087
31097
31392
31473
31519
31592
31601
31637
31873
31893
32280
32296
32319
32485
32927
32931
33180
33244
33274
33815
33833
34039
34246
34584
34708
34777
34818
34840
34907
34963
34966
34996
35017
35078
35098
35364
35403
35424
35589
35860
35909
36082
37302
37678
37800
37840
37931
38013
38036
38103
38255
38605
38677
38887
39067
39082
39417
39487
39520
39572
39669
39843
39939
40025
40055
40069
40074
40229
40342
13
231
346
369
1088
1181
1547
1632
1873
2253
2318
2443
2575
2601
2662
2747
2810
3069
3087
3093
3113
3123
3204
3350
3396
3495
3572
3818
3990
4245
4363
4456
4520
4529
4675
4857
4919
4975
4991
4995
5052
5082
5096
5144
5163
5185
5443
5451
5615
5661
6046
6167
6194
6329
6375
6469
6754
6864
6886
6933
7010
7074
7318
7710
8105
8224
8234
8238
8239
8481
8541
8563
8615
8618
8691
8880
9066
9092
9242
9256
9456
9612
9697
9718
9946
10077
10191
10534
10541
10605
10626
10977
11000
11087
11234
11247
11380
11598
11689
11732
11973
12056
12122
12345
12457
13037
13077
13785
14039
14193
14245
14416
14688
14745
14899
14920
15304
15424
15515
16093
16114
16228
16492
16574
16644
16724
16761
17192
17332
17344
17360
17563
17568
17577
17641
17917
18668
18863
19216
19300
19403
19614
19690
19934
19974
20286
20507
20600
20827
21078
21112
21183
21184
21203
21380
21385
21468
21712
22274
22321
22544
22726
22894
23180
23205
23408
23494
23929
23990
24122
24835
24867
24917
24955
24980
25018
25067
25297
25600
25674
25686
26137
26267
26529
26978
27198
27210
27353
27386
27801
27815
27868
27917
27925
28038
28208
28327
28592
29228
29722
29787
30051
30169
30337
30967
31089
31103
31194
31202
31394
31659
31765
31808
31875
31997
32177
32197
32454
32629
33278
33515
33701
34011
34106
34109
34192
34369
34610
34668
34896
34923
35342
35391
35541
35546
35633
35768
35912
35957
36021
36175
36293
36319
36327
36481
36594
36845
36881
37226
37311
37369
37409
37696
37714
37889
37913
37923
38055
38219
38225
38226
38305
38508
38638
38811
38812
38989
39375
39533
39574
40395
40575
40578
40650
40784
