382
756
792
951
1060
1412
1440
1479
1513
1535
1671
2037
2104
2336
2459
2553
2892
3124
3382
3391
3451
3575
3623
3908
4387
4422
4554
4602
5016
5022
5074
5465
5760
5811
5873
6165
6188
6313
6477
6517
6606
6711
7362
7963
8060
8079
8360
8535
8566
8626
8644
8781
8976
9023
9072
9120
9154
9593
9795
10131
10271
10279
10344
10593
10687
10725
10777
10889
10927
10942
11063
11204
11225
11277
11658
12071
12073
12198
12245
12346
12375
12407
12474
12512
12571
12893
13135
13175
13314
13361
13518
13624
13726
13742
13833
13884
14144
14301
14306
14308
14538
14599
14674
15059
15174
15349
15534
15710
16254
16308
16398
16411
16463
16697
16844
16860
16959
17067
17097
17155
17265
17340
17444
17732
17780
17934
18115
18256
18338
18472
18580
18751
18794
18814
18872
19151
19291
19312
19321
19422
19525
19734
19799
19805
20024
20225
20334
20466
20491
20506
20770
20876
20938
21004
21157
21167
21287
21612
21747
21767
21770
22010
22094
22136
22246
22297
22338
22418
22935
23080
23867
23890
23971
24289
24347
24652
24689
24761
24807
24866
24982
25011
25192
25324
25801
25820
26269
26277
26455
26480
26561
26715
26901
26951
26971
26992
27104
27372
27402
27725
28072
28658
28759
28776
28783
28875
28931
29101
29152
29304
29588
29606
29644
29760
29836
29936
30040
30172
30598
30660
30697
30824
31004
31271
31392
31473
31519
31873
31882
31890
32152
32319
32485
32927
32931
33448
33749
33762
33815
33833
33965
34020
34169
34235
34246
34584
34621
34794
34818
34840
34907
35017
35024
35053
35078
35114
35255
35379
35407
35589
35651
35770
35860
35873
35909
35946
36347
36599
36719
36726
36757
37302
37678
37840
37931
38036
38103
38222
38605
38628
38887
38950
38983
38999
39082
39205
39310
39474
39487
39520
39694
39843
40025
40069
40229
40276
40309
40773
13
42
85
120
346
697
1088
1111
1547
1873
2318
2575
2580
2601
2662
2747
2810
2834
2936
3087
3113
3123
3396
3572
3823
3926
3927
3935
4288
4363
4484
4520
4778
4919
4975
4995
5025
5044
5052
5079
5082
5096
5144
5168
5185
5250
5615
5856
6121
6167
6329
6469
6579
6933
7010
7064
7164
7231
7318
7586
8010
8105
8217
8224
8238
8239
8563
8615
8618
8691
8713
8880
9005
9173
9256
9550
9566
9612
9624
9697
9935
10077
10191
10534
10541
10677
10741
10984
11000
11095
11186
11234
11380
11562
11689
11732
11748
11945
11973
12122
12302
12345
12390
12457
12746
13109
13718
13785
14745
14901
14942
15066
15348
15423
15922
16093
16108
16228
16297
16380
16492
16493
16574
17192
17306
17327
17332
17577
17626
17910
17917
18052
18863
19216
19300
19353
19913
20038
20136
20286
20337
20344
20507
20618
20751
20827
20963
21078
21184
21203
21412
21468
21488
21549
22012
22036
22321
22519
22544
22710
22888
22911
23205
23620
23990
24122
24169
24216
24498
24835
24867
24917
24980
25297
25368
25674
25946
26845
27136
27198
27353
27801
27815
27839
27868
27917
28005
28769
29401
29470
29722
30051
30082
30169
30474
31089
31659
31875
32098
32197
32629
32771
32844
33033
33278
33301
33337
33494
34109
34242
34325
34610
34622
34668
34896
34923
35056
35128
35184
35278
35342
35392
35768
35966
36175
36293
36296
36327
36481
36845
37239
37369
37418
37509
37560
37593
37714
37815
37927
38226
38305
38388
38521
38638
38703
38789
38811
38812
38989
39468
39574
39866
39978
40135
40231
40395
40563
40606
40650
40680
