507
719
819
951
1027
1060
1202
1217
1480
1492
1513
2003
2037
2104
2553
2572
2784
2858
2861
3055
3160
3383
3391
3451
3816
4185
4264
4268
4602
4639
4870
5016
5022
5024
5355
5465
5466
5503
5760
5811
6026
6190
6441
6517
6537
6654
6711
6982
7261
7362
7435
7835
7969
8424
8535
8566
8578
8644
8781
8833
9120
9154
9240
9524
9654
9809
9998
10129
10344
10687
10777
10867
10927
11063
11139
11154
11204
11277
11515
11609
11642
11686
11764
11829
12071
12073
12346
12375
12474
12493
12512
12571
12631
12718
12985
13029
13060
13104
13121
13175
13190
13210
13314
13361
13709
13790
13884
13986
14144
14516
14538
14599
14666
14859
14886
15059
16308
16411
16844
16959
16968
17097
17201
17265
17291
17340
17732
17969
18076
18115
18121
18580
18751
18794
18814
19008
19151
19225
19229
19312
19624
19734
19799
19903
20334
20466
20537
20770
20876
20938
21004
21123
21157
21167
21287
21612
21770
22246
22470
22492
22528
23080
23694
24173
24289
24347
24554
24598
24652
24689
24761
24831
24866
24982
25801
25820
26040
26072
26269
26347
26480
26561
26580
26715
26951
26958
26960
27065
27163
27352
27372
27569
27593
27725
27748
27806
27814
27833
28473
28554
28658
28759
28783
29152
29304
29599
29606
29644
29653
29760
29925
29936
30331
30449
30481
30660
30697
30824
31004
31019
31087
31392
31473
31592
31601
31637
31873
31890
31893
32005
32123
32152
32217
32280
32319
32869
33180
33244
33448
33831
33833
34017
34020
34300
34367
34621
34708
34840
34963
35017
35053
35078
35325
35424
35589
35769
35946
36082
36329
36599
36719
36802
37777
37840
37931
38013
38036
38103
38222
38274
38887
39082
39487
39572
39694
39939
40025
40069
40074
40229
40309
40428
40432
40773
40800
13
31
42
117
219
231
302
342
346
369
697
1111
1632
1739
2318
2575
2580
2747
2834
2936
2975
3069
3087
3113
3123
3204
3336
3396
3495
3818
4245
4288
4778
4819
4919
4995
5052
5082
5096
5163
5250
5443
5451
5615
5661
5745
5792
5979
6046
6158
6167
6194
6201
6307
6375
6399
6469
6705
6864
6933
7010
7126
7345
7586
7710
8217
8234
8238
8304
8563
8615
8618
8691
8712
8880
9066
9161
9242
9256
9624
9685
9697
9922
9946
10534
10626
10977
11041
11095
11186
11190
11234
11247
11732
11748
11945
11973
12122
12302
12310
12345
12390
12457
12746
13099
13109
13445
13785
14890
14899
14901
14920
14942
15348
15384
15424
16108
16114
16380
16434
16492
16570
16574
16761
16958
17136
17332
17424
17568
17626
17641
17917
18175
18863
18977
19216
19300
19333
19353
19614
20015
20038
20056
20406
20507
20600
20664
20751
20813
20860
21049
21112
21148
21183
21184
21380
21385
21488
21510
21549
21712
21729
21935
22012
22036
22321
22336
22519
23205
23408
23620
23652
24122
24427
24835
24867
24917
25600
25674
25686
26232
26267
26529
26845
26978
27155
27198
27210
27353
27386
27815
27839
27917
27925
28005
28038
28327
28511
28592
28800
28878
29228
29290
29410
29787
30051
30082
30337
31103
31165
32177
32629
32771
32844
33087
33278
33301
33515
34109
34192
34369
34372
34628
34896
34923
34931
35056
35128
35278
35327
35371
35392
35633
35768
35957
35966
36175
36594
36724
36881
37016
37226
37369
37409
37418
37509
37714
37815
37889
37927
37935
38081
38219
38225
38305
38508
38638
38703
38789
38812
38889
38989
39084
39455
39533
39574
39978
40135
40231
40606
40609
40650
40680
