40
382
719
819
996
1060
1197
1397
1440
1480
1513
1535
2003
2037
2066
2348
2553
2769
2861
2917
3055
3124
3160
3383
3575
3623
3773
3908
4264
4268
4282
4387
4428
4613
4870
4979
5016
5024
5074
5355
5465
5503
5760
5811
6165
6188
6313
6441
6517
6537
6606
6711
6982
7085
7147
7362
7969
8060
8360
8480
8510
8535
8594
8626
8644
8781
8833
9072
9120
9240
9524
9654
9695
9738
9998
10131
10171
10687
10725
10728
10777
10889
11154
11204
11413
11553
11609
11642
11658
11686
11830
12071
12198
12346
12375
12407
12571
12609
12718
12955
13060
13135
13299
13314
13361
13726
13884
14091
14190
14228
14301
14308
14363
14516
14538
14599
14844
14886
15480
15534
16398
16411
16470
16603
16697
17097
17201
17732
17780
18121
18201
18256
18359
18580
18814
18872
19321
19422
19423
19525
19624
19734
19805
20024
20104
20225
20466
20506
20537
20778
20876
21123
21157
21167
21287
21770
21821
22010
22136
22297
22338
22418
22547
22823
22862
22935
23240
23867
24173
24340
24598
24652
24684
24689
24807
24982
25011
25192
25324
25820
26040
26072
26277
26480
26537
26580
26901
26951
26958
26960
27065
27163
27372
27402
27548
27725
27833
28072
28473
28759
28776
28875
28982
29101
29152
29304
29403
29599
29606
29625
29644
29760
29836
29925
29936
29963
30040
30107
30347
30441
30481
30697
31019
31073
31519
31637
31882
31890
31893
32123
32296
32908
32927
33180
33244
33448
33762
33831
33965
34039
34367
34621
34777
34840
34884
35053
35151
35255
35325
35364
35407
35424
35589
35651
35946
36051
36347
36506
36599
36726
36802
37281
37678
37777
38273
38444
38605
38628
38950
38999
39310
39459
39587
39669
39843
39939
40025
40055
40276
40800
13
31
42
117
120
219
231
346
369
762
1088
1181
1507
1508
1547
1632
1873
2253
2443
2580
2601
2747
2834
2836
3067
3069
3123
3204
3350
3927
4245
4409
4520
4857
4975
4991
4995
5044
5052
5079
5082
5096
5163
5168
5250
5443
5451
5745
5856
6046
6158
6194
6201
6307
6579
6864
6886
7010
7064
7074
7164
7231
7345
7503
7586
7710
8224
8234
8239
8304
8372
8408
8533
8563
8691
8713
8880
8923
8951
9005
9161
9685
9697
9922
9935
10605
10677
10875
10905
10977
10984
10994
11041
11087
11234
11247
11380
11562
11689
11732
11945
11973
12122
12302
12310
12746
13099
13109
13129
13718
13785
14039
14245
14416
14745
14835
14890
14899
14901
15066
15132
15304
15348
15384
15424
15922
16108
16297
16434
16440
16570
16574
16644
16724
16761
17136
17192
17306
17563
17577
17626
17641
17729
17917
18052
18891
18977
19353
19614
19934
19974
20015
20056
20134
20293
20337
20344
20406
20600
20751
20813
20860
21112
21184
21380
21385
21412
21455
21510
21712
22336
22544
22710
22726
22894
22911
23043
23652
23873
23929
23948
23990
24122
24427
24955
26267
26529
26542
26978
27136
27155
27210
27221
27353
27680
27801
27815
27925
28038
28208
28800
28878
28918
29327
29470
29508
29787
30008
30051
30169
30764
30967
31089
31103
31165
31659
31875
31933
32197
32454
32629
32730
32771
32844
33278
33701
34011
34242
34325
34369
34372
34610
34622
34668
34896
34923
35056
35128
35184
35633
35912
35957
36021
36293
36296
36327
37016
37369
37409
37509
37560
37593
37696
37714
37889
37913
37927
38055
38081
38219
38225
38226
38305
38388
38508
38521
38638
38789
38812
38889
38989
39127
39147
39978
40185
40457
40563
40606
