40
507
756
819
996
1060
1094
1397
1440
1480
1492
2003
2037
2336
2459
2493
2572
2784
3055
3124
3160
3382
3391
3451
3575
3773
3830
3937
4268
4269
4387
4422
4554
4602
4639
4772
4979
5024
5074
5148
5355
5465
5503
5760
5811
5812
5873
6165
6190
6313
6477
6517
6982
7147
7435
7835
7963
8079
8360
8424
8480
8566
8594
8644
8781
8976
9047
9795
9998
10271
10344
10728
10867
10889
10927
11063
11139
11225
11553
11609
11642
11658
11665
11764
12073
12198
12407
12493
12571
12631
12718
12955
13060
13121
13314
13397
13469
13518
13709
13726
13744
13790
13833
13986
14144
14228
14308
14363
14599
14674
14859
14886
15480
16254
16293
16470
16844
16860
16959
16968
17201
17732
17780
17934
18076
18115
18121
18201
18256
18359
18751
18794
19008
19321
19734
19799
19805
19903
20104
20225
20334
20491
20506
20770
20938
21123
21268
21287
21411
21612
21770
21821
22136
22246
22492
22528
22823
22862
23867
23971
24173
24289
24375
24652
24684
24689
24761
24807
24982
25324
26040
26072
26480
26580
26958
26992
27163
27195
27352
27372
27569
27593
27814
28554
28658
28776
28875
28931
29304
29403
29588
29599
29601
29606
29625
29644
29653
29760
29836
29936
30107
30331
30347
30449
30598
30660
30824
31019
31097
31392
31519
31637
31882
32005
32217
32290
32319
33180
33274
33762
33815
33831
34246
34300
34367
34584
34621
34708
34777
34794
34818
34840
34907
34966
34996
35024
35098
35325
35379
35403
35424
35447
35589
35860
35873
35946
36051
36082
36347
36599
36719
36726
37281
37302
37390
37777
37800
37840
37907
38013
38222
38255
38273
38274
38605
38950
38983
38999
39067
39417
39487
39520
39572
39587
39669
40074
40229
40276
40309
40342
40432
13
31
117
120
302
342
346
762
1088
1111
1507
1508
1873
2253
2575
2662
2737
2747
2936
3087
3093
3123
3336
3396
3495
3935
4363
4456
4529
4819
4975
5025
5079
5096
5163
5185
5324
5443
5473
5792
5796
5979
6158
6194
6307
6399
6469
7126
7187
7318
7586
7717
8105
8217
8238
8304
8481
8533
8541
8563
8618
8880
8951
9161
9173
9242
9566
9624
9697
9922
9946
10077
10534
10677
10741
10875
10905
10977
10984
11087
11186
11190
11234
11562
11598
12056
12310
12368
12390
12457
12723
12746
13077
13109
13129
13445
14039
14193
14416
14688
14745
14890
14901
14920
14942
15423
15697
15922
16093
16297
16434
16440
16492
16570
16574
16644
16724
16913
17136
17192
17327
17354
17424
17563
17626
17910
18052
18668
18882
18891
19300
19614
19934
20015
20136
20286
20344
20406
20507
20600
20618
20664
20813
20827
20860
20963
21078
21112
21184
21203
21385
21455
21468
21488
22012
22274
22321
22519
22710
22911
23043
23205
23408
23494
23652
23967
24169
24498
24750
24835
24867
24955
24980
25067
25297
25334
25465
25600
25946
26232
26267
26542
26845
27155
27210
27221
27353
27521
27801
27815
27839
27868
28005
28208
28210
28327
28511
28800
29228
29401
29410
29787
30008
30051
30082
30764
30967
31089
31103
31194
31202
31394
31659
31765
31933
31997
32098
32177
32197
32629
32730
32844
33087
33337
34106
34109
34192
34325
34610
35056
35128
35184
35342
35360
35371
35392
35546
35625
35633
35768
35912
36021
36418
36594
36845
36881
37016
37226
37239
37409
37560
37593
37696
37815
37889
37913
37923
37927
38081
38219
38521
38638
38703
38811
38812
38889
39147
39468
39574
40395
40537
40578
40606
40609
40650
40680
40784
