382
507
719
819
951
1060
1094
1197
1202
1217
1440
1513
1535
2003
2037
2493
2553
2769
2784
2858
3055
3575
3773
3908
3999
4185
4268
4602
5022
5024
5355
5465
5503
5760
5811
5812
5873
6026
6188
6190
6537
7158
7261
7362
7835
8079
8253
8360
8480
8566
8578
8644
8833
8976
9120
9524
9593
9695
9795
9809
9998
10279
10593
10725
10867
10927
10942
11204
11225
11515
11609
11642
11711
12073
12346
12474
12631
12718
12955
13060
13135
13175
13190
13203
13299
13397
13469
13709
13726
13742
13744
13790
13884
13986
14228
14301
14306
14308
14674
14886
14915
15480
16293
16411
16463
16860
17265
17291
17444
17522
17780
17969
18121
18201
18256
18506
18580
18814
18872
19008
19225
19229
19312
19321
19422
19423
19805
19903
20104
20334
20506
20537
20770
21004
21092
21134
21268
21312
21411
21612
21767
21770
21821
22136
22338
22492
22528
22821
22823
22862
22935
24289
24340
24347
24375
24554
24684
24689
25011
25192
25324
25470
25780
26040
26072
26277
26455
26580
26901
26951
26958
26971
27065
27104
27195
27352
27372
27402
27548
27593
27690
27719
27725
28072
28473
28554
28759
28776
28931
28982
28990
29152
29403
29588
29599
29601
29625
29644
29760
29836
29963
30040
30172
30347
30449
30824
31073
31271
31592
31601
31637
31873
31882
32152
32280
32290
32319
32485
32908
32931
33244
33762
34020
34246
34300
34367
34708
34818
34840
34884
34907
34963
35017
35024
35053
35078
35098
35255
35379
35403
35447
35651
35769
35770
35860
35873
35909
36329
36347
36506
36599
36757
36802
37302
37678
37777
37840
37931
38013
38103
38444
38628
38887
38983
38999
39082
39205
39310
39417
39449
39474
39587
39669
39694
39843
39939
40069
40276
40309
40342
40432
40773
13
42
219
302
346
762
1088
1111
1507
1547
2302
2318
2575
2662
2810
2834
2836
2975
3069
3087
3093
3113
3204
3336
3396
3627
3818
3927
3935
4023
4288
4363
4484
4520
4778
4819
4857
4919
4991
5096
5144
5250
5324
5473
5661
5856
5979
6167
6194
6307
6579
6705
6754
6886
7126
7164
7187
7231
7345
7503
7710
7717
8105
8217
8224
8234
8238
8239
8372
8408
8563
8618
8712
8713
8923
9066
9173
9256
9456
9685
9697
9935
10541
10605
10741
10977
11087
11234
11247
11562
11689
11945
11973
12056
12345
12368
12390
12723
12746
13077
13129
13445
13718
14041
14416
14835
14890
14899
14901
14920
15203
15304
15348
15423
16114
16228
16380
16440
16492
16493
16570
17136
17327
17344
17360
17424
17500
17568
17577
17626
17641
17729
17910
18052
18668
18882
18891
19300
19353
19934
19974
20038
20134
20293
20337
20406
20600
20618
20827
21049
21078
21184
21380
21385
21455
21468
21510
21549
21712
21935
22012
22036
22274
22336
22519
22710
22888
23043
23180
23408
23620
23652
23873
23929
23990
24169
24216
24427
24498
24721
24867
24980
25018
25600
25674
25686
25946
26267
26529
26845
26978
27155
27521
27680
27868
27917
28038
28511
28769
29245
29290
29327
29401
29470
29508
29787
30008
30082
30764
30967
31089
31103
31165
31202
31394
31659
31808
31933
32004
33087
33213
33278
33494
33623
34622
34668
34896
34931
35278
35327
35360
35371
35391
35541
35546
35625
35633
35912
35957
35966
36021
36175
36293
36296
36594
36724
37016
37226
37239
37418
37593
37913
37923
37927
37935
38055
38225
38388
38508
38521
38638
38703
38789
39147
39375
39455
39574
39866
40457
40537
40563
40575
40578
40609
40650
40784
