11
382
719
756
1027
1076
1094
1163
1217
1440
1479
2066
2336
2348
2459
2493
2572
2784
2858
2861
3055
3382
3383
3451
3575
3773
3816
3830
4185
4639
4870
5016
5022
5074
5148
5355
5760
6026
6165
6190
6313
6441
6477
6517
6654
7040
7147
7158
7261
7435
8253
8291
8424
8535
8566
8578
8594
8626
8644
9023
9072
9524
9593
9654
9695
9809
9979
10129
10131
10271
10279
10593
10687
10728
10867
10942
11553
11711
11764
11829
11965
12245
12346
12375
12474
12609
12631
12718
12893
12985
13029
13126
13190
13203
13299
13314
13709
13726
13744
13790
13986
14091
14144
14190
14228
14301
14306
14363
14538
14599
14674
14844
14915
15059
15480
15710
16293
16308
16411
16463
16470
16697
16844
16860
16968
17067
17201
17265
17291
17444
17732
17934
18076
18121
18751
18794
18872
19008
19225
19229
19312
19624
19734
19805
19903
20024
20225
20334
20466
20491
20506
20537
20770
20778
21123
21268
21312
21612
21767
21770
22010
22014
22094
22136
22297
22492
22935
23080
23190
23240
23694
23971
24033
24173
24289
24347
24375
24598
24652
24684
24807
24831
24982
25192
25820
26040
26269
26480
26537
26580
26715
26901
27065
27163
27195
27402
27548
27725
27814
27833
28072
28122
28931
29304
29588
29599
29625
29644
29653
29836
29936
30107
30172
30449
30598
30697
30824
31004
31073
31097
31271
31473
31519
31601
31890
32005
32152
32217
32280
32869
33274
33749
33831
34017
34169
34246
34367
34584
34840
34884
35024
35080
35255
35325
35364
35379
35424
35589
35770
35860
35873
36329
36347
36506
36726
36802
37390
37800
37931
38013
38036
38103
38255
38273
38677
38950
39067
39082
39310
39417
39474
39520
39572
39587
40074
40276
40342
40428
40432
40773
40800
31
42
85
231
302
342
346
369
697
762
1088
1111
1873
2575
2580
2975
3069
3123
3336
3350
3396
3495
3588
3627
3818
3823
4245
4288
4456
4484
4520
4675
4778
4857
4919
4995
5025
5079
5144
5250
5324
5443
5451
5661
5745
5856
5979
6046
6121
6167
6307
6399
6469
6579
6705
7010
7064
7126
7164
7345
7503
7717
8010
8224
8234
8408
8481
8541
8615
8880
8951
9066
9161
9256
9550
9612
9624
10077
10191
10492
10626
10875
10994
11000
11087
11186
11380
11598
11689
11973
12056
12122
12302
12310
12345
12457
12746
13037
13077
13099
13129
13718
13785
13875
14041
14193
14245
14901
15066
15132
15423
15424
15515
15922
16114
16228
16297
16434
16440
16492
16493
16570
17136
17306
17354
17424
17500
17568
17729
17910
18668
18891
19216
19403
19690
19934
19974
20015
20038
20056
20136
20286
20293
20337
20600
20618
20751
20963
21049
21078
21148
21184
21203
21412
21468
21488
21510
22012
22036
22336
22544
22710
22888
22894
23043
23494
23873
23929
23948
23990
24122
24169
24498
24721
24835
24917
24980
25018
25600
25674
25686
26137
26232
26529
26542
26978
27136
27155
27198
27221
27521
27680
27868
27917
27925
28005
28038
28800
28878
28918
29290
29327
29470
29722
29787
30008
30082
30764
31089
31103
31202
31394
31659
31808
31933
31997
32004
32177
32197
32454
32730
32771
33087
33278
33337
33701
34011
34325
34372
34622
34628
34668
34931
35056
35327
35360
35392
35633
35912
36175
36319
36418
36481
36594
36881
37226
37239
37311
37409
37560
37593
37815
37889
37913
37923
38055
38081
38225
38305
38703
38812
38889
39084
39455
39574
39978
40185
40231
40395
40457
40537
40575
40578
40609
40631
40680
40784
