11
719
1060
1076
1163
1197
1202
1397
1440
1480
1492
1535
1671
2003
2104
2459
2493
2769
2784
2892
2917
3055
3160
3532
3623
3908
4269
4428
4602
4639
4772
4812
4870
5016
5503
5812
5873
6188
6313
6441
6477
6537
6982
7040
7147
7158
7435
7835
7969
8060
8253
8360
8535
8578
8626
8781
9047
9120
9524
9654
9738
9809
9979
10131
10728
10927
10942
11154
11204
11225
11413
11553
11609
11658
11665
11764
11965
12073
12346
12407
12474
12512
12571
12690
13190
13210
13469
13726
13742
13833
13986
14091
14144
14190
14538
14844
14859
14886
15059
15174
15349
15480
16254
16411
16697
16860
16959
16968
17201
17291
17444
17522
17969
18115
18201
18256
18338
18472
18506
18751
18794
18814
19151
19291
19312
19525
19624
20024
20104
20225
20466
20537
20770
20778
20876
20938
21092
21157
21167
21268
21287
21312
21411
21612
21747
21767
21770
21821
22014
22094
22338
22470
22492
22547
22862
23080
23190
24173
24340
24347
24375
24554
24571
24684
24807
24831
24866
24982
25011
25192
25780
25801
26072
26269
26347
26901
26971
26992
27104
27195
27352
27372
27548
27690
27725
27748
27814
28072
28122
28554
28658
28759
28776
28783
28875
28931
29101
29601
29606
29625
29836
29936
29963
30040
30107
30441
30449
30481
30824
31019
31073
31097
31392
31473
31519
31873
31882
31890
32005
32135
32152
32217
32296
32869
32927
33244
33274
33749
33831
33965
34020
34169
34246
34621
34708
34907
34963
34966
34996
35017
35024
35078
35151
35255
35325
35379
35403
35447
35589
35651
35770
35873
35946
36082
36329
36599
37281
37678
37777
37840
37931
38013
38103
38255
38605
38677
38887
38950
38983
38999
39310
39417
39449
39459
39487
39520
39572
39939
40025
40069
40229
40276
40342
40428
40432
40773
13
42
85
117
219
302
697
762
1088
1111
1507
1508
1632
1739
1873
2318
2443
2601
2662
2737
2747
2834
3069
3093
3113
3204
3588
3627
3818
3935
4245
4363
4409
4484
4819
4991
4995
5025
5163
5185
5443
5451
5473
5661
5745
5796
5856
5979
6121
6158
6194
6201
6375
6399
6469
6754
7074
7164
7187
7717
8010
8123
8234
8239
8372
8408
8533
8618
8712
8713
8880
8923
8951
9005
9066
9697
9718
9935
10077
10191
10534
10541
10626
10905
11087
11095
11190
11247
11380
11598
11689
11748
11945
11973
12056
12345
12457
12746
13129
13718
13785
13875
14245
14745
14899
15203
15348
15384
15424
15515
16093
16228
16320
16434
16644
16724
17136
17344
17360
17424
17500
17563
17626
17641
17729
18052
18882
18891
18977
19216
19300
19333
19353
19614
19913
19934
20038
20134
20136
20286
20293
20344
20507
20827
21203
21380
21455
21481
21488
21712
21935
22012
22274
22519
22894
22911
23043
23180
23205
23408
23652
23660
23873
23929
23967
23990
24216
24721
24750
24835
24867
24917
24980
25018
25067
25297
25334
25368
25465
25600
26232
26529
26542
26845
26978
27136
27155
27198
27839
27868
27917
27925
28005
28592
29245
29722
29787
30082
30406
30967
31089
31194
31202
31765
31808
31997
32177
32629
32730
32771
32844
33033
33301
33337
33515
33623
33701
34106
34109
34325
34369
34372
34668
34896
34923
34931
35056
35278
35392
35625
35768
35912
35957
36021
36293
36327
36418
36481
36724
36881
37226
37239
37409
37418
37509
37560
37593
37815
37913
37927
37935
38081
38225
38305
38508
38703
38789
38889
38989
39127
39455
39468
39533
40135
40231
40395
40563
40578
40606
40650
40680
40784
