11
40
382
719
819
951
1060
1094
1202
1217
1397
1440
1480
1492
1513
1535
2037
2066
2336
2493
3382
3383
3451
3532
3575
3623
3773
3908
4185
4264
4269
4282
4387
4772
4812
4979
5016
5022
5148
5465
5503
5811
6165
6188
6190
6441
6517
6654
6711
7085
7147
7362
7435
7963
8060
8253
8480
8510
8566
8578
8626
8644
8781
9023
9072
9120
9593
9654
9695
9738
9979
9998
10271
10687
10889
11063
11413
11553
11609
11711
11764
11829
12071
12245
12346
12493
12571
12609
12631
12985
13029
13060
13104
13121
13126
13135
13175
13210
13314
13361
13518
13624
13726
13742
13790
14091
14144
14228
14306
14599
14844
15174
15349
15480
15534
15710
16308
16463
16470
16697
16844
17067
17097
17265
17969
18115
18201
18256
18472
18794
18872
19008
19225
19291
19312
19321
19423
19624
19903
20024
20225
20466
20491
20506
20537
20876
20938
21004
21134
21248
21612
21747
21770
22014
22094
22246
22338
22418
22470
22492
22528
22821
22935
23080
23240
23694
23867
23890
24173
24340
24375
24554
24684
24689
24761
24807
25192
25324
25470
25780
25801
25820
26269
26971
27163
27352
27402
27593
27690
27719
27748
27814
28072
28554
28759
28783
29152
29403
29588
29601
29644
29653
29760
29836
29925
29963
30172
30441
30481
30598
30697
31019
31073
31097
31271
31592
31637
31882
31893
32005
32123
32135
32152
32217
32290
32485
33244
33749
33762
33815
33831
34020
34235
34300
34367
34584
34621
34777
34794
34818
34840
34884
34907
34966
35017
35080
35098
35364
35379
35407
35651
35860
35909
36082
36329
36347
36599
36719
36726
36757
36802
37390
37777
37800
37907
37931
38036
38103
38222
38605
38677
38887
38983
39067
39082
39205
39310
39449
39474
39520
39577
39587
40025
40055
40069
40074
40276
40309
40342
40428
40432
40773
13
85
117
219
697
762
1111
1507
1739
1873
2302
2443
2662
2810
2834
2836
2936
2975
3067
3093
3336
3350
3495
3818
3823
3935
3990
4245
4409
4456
4520
4919
4975
4991
4995
5025
5052
5079
5096
5168
5324
5443
5451
5792
6167
6194
6375
6469
6754
6864
7010
7164
7231
7345
7586
7710
8105
8123
8217
8238
8239
8408
8481
8691
8712
8923
8951
9161
9173
9242
9550
9612
9697
9935
9946
10541
10605
10677
10741
10875
10984
10994
11000
11041
11087
11186
11247
11380
11732
11973
12056
12302
12310
12368
12390
12457
12723
12746
13077
13109
13129
13445
14416
14899
14920
14942
15203
15304
15384
15423
15424
15515
15697
16108
16297
16320
16380
16574
16761
16913
16958
17192
17327
17332
17424
17500
17563
17577
17626
17641
17910
18052
18175
18668
18882
18977
19300
19614
19934
19974
20286
20507
20600
20813
20827
20860
21049
21148
21455
21468
21549
21712
22012
22274
22321
22336
22710
22726
22888
22894
22911
23205
23408
23494
23873
23948
24122
24169
24427
24498
24721
24750
24835
24917
24980
25297
25334
25600
25674
26267
26542
26845
26978
27198
27521
27815
27868
27917
27925
28005
28038
28208
28327
28511
28800
28918
29228
29245
29401
29410
29722
30051
30337
30406
31089
31103
31165
31194
31394
31659
31765
31808
31875
32004
32197
32771
33033
33087
33278
33494
33515
34011
34109
34192
34325
34610
34628
34896
35342
35371
35541
35768
36021
36175
36293
36319
36481
36594
36724
36881
37016
37311
37369
37418
37927
37935
38081
38219
38225
38508
38521
38811
38812
38889
38989
39084
39127
39147
39533
39978
40135
40457
40578
40606
40609
40784
