11
382
792
819
951
996
1076
1217
1412
1440
1479
1671
1758
2066
2104
2459
2553
2917
3124
3160
3383
3908
3999
4264
4269
4428
4602
4613
4639
4772
4870
5022
5024
5148
5355
5465
5760
5873
6190
6517
6654
6711
6982
7085
7362
7835
7963
8060
8291
8360
8566
8594
8626
8644
8833
9047
9072
9240
9654
9738
9809
10129
10171
10271
10279
10728
10777
10927
10942
11225
11277
11413
11515
11553
11658
11665
11830
12198
12407
12493
12571
12631
12718
12955
13029
13060
13104
13121
13126
13135
13210
13299
13314
13361
13518
13624
13726
13742
13744
13790
14144
14228
14306
14363
14516
14666
15059
15174
15480
15534
15710
16293
16308
16398
16411
16463
16844
16860
16968
17067
17097
17201
17265
17291
17522
17732
17780
17969
18076
18115
18338
18472
18506
18814
19151
19225
19525
19734
20024
20466
20506
21092
21157
21268
21411
21747
22010
22014
22246
22338
22470
22763
22821
23190
23694
23971
24340
24375
24761
24831
24866
24982
25324
25780
26347
26455
26480
26537
26561
26951
26958
26992
27163
27195
27402
27548
27569
27593
27719
27833
28122
28554
28776
28990
29152
29588
29599
29601
29625
29644
29653
29925
29936
29963
30172
30481
30660
30697
31004
31019
31073
31097
31271
31392
31473
31637
31893
32135
32217
32280
32296
32319
32869
32908
32931
33180
33244
33448
33749
33762
33833
33965
34017
34039
34235
34300
34367
34621
34708
34777
34794
34840
34907
34963
35017
35024
35053
35078
35098
35114
35255
35364
35403
35589
35770
35873
36051
36719
36726
36802
37390
37678
37840
37907
38013
38103
38255
38274
38444
38628
38887
38999
39205
39449
39474
39487
39572
39587
39669
39843
40025
40055
40069
40074
40773
13
42
85
117
120
231
369
697
762
1088
1111
1507
1547
1632
1798
2302
2318
2443
2452
2580
2747
2936
3069
3087
3495
3572
3588
3818
3926
4023
4245
4288
4363
4456
4484
4520
4778
4819
4919
4995
5079
5096
5144
5163
5168
5302
5324
5443
5473
5979
6167
6201
6329
6705
6933
7074
7164
7318
7345
8217
8239
8372
8408
8481
8533
8541
8618
8691
8713
8880
8951
9005
9092
9161
9173
9242
9566
9612
9624
9946
10077
10191
10626
10741
10905
10994
11000
11087
11095
11234
11247
11689
11732
11748
12056
12122
12302
12345
12368
12746
13037
13077
13099
13109
13129
13718
13785
13875
14039
14041
14193
14416
14745
14920
15132
15203
15304
15384
15424
15697
16093
16114
16228
16434
16440
16493
16570
16761
17192
17306
17344
17354
17424
17563
17729
17910
18668
18891
19216
19300
19333
19934
20015
20134
20286
20337
20344
20406
20751
20813
20963
21049
21078
21112
21183
21184
21203
21455
21481
21549
21729
22012
22036
22274
22321
22336
22544
22726
22888
22894
22911
23043
23408
23652
23948
24122
24498
24750
24867
24917
24955
24980
25018
25334
25368
25686
26137
26232
26529
26845
26978
27198
27210
27353
27386
27521
27680
27801
27917
28005
28208
28210
28511
28592
28769
28800
29228
29290
29327
29401
29410
29722
30051
30169
30337
30406
30967
31202
31394
31659
31765
31808
31933
32004
32098
32197
32629
32771
33087
33213
33337
33494
33701
34325
34622
34628
35056
35128
35184
35278
35342
35391
35392
35546
36021
36319
36418
36481
36845
36881
37016
37369
37409
37418
37509
37560
37593
37913
37927
37935
38081
38225
38226
38305
38508
38521
38638
38789
38889
39084
39375
39455
39468
39574
40151
40185
40457
40537
40563
40578
40606
40609
40680
