11
951
1076
1197
1217
1397
1412
1440
1479
1480
1492
1671
2003
2066
2104
2572
2769
2784
2861
2892
3124
3391
3451
3575
3830
3908
3999
4185
4264
4269
4554
4602
4639
4979
5016
5024
5074
5465
5503
6165
6188
6477
6517
6537
6606
6654
6711
7040
7085
7261
7362
7435
7835
8360
8535
8566
8578
8594
8781
9023
9593
9654
9795
9809
10271
10279
10344
10593
10687
10725
10867
10942
11063
11139
11225
11515
11711
11829
12071
12198
12375
12407
12474
12493
12512
12609
12631
12718
12955
13104
13121
13126
13175
13203
13299
13397
13624
13726
13833
13884
13986
14091
14228
14301
14363
14599
14674
14844
14859
15059
15480
15534
16293
16398
16411
16463
16959
16968
17155
17265
17291
17522
17780
17934
17969
18076
18115
18121
18338
18472
18794
18872
19151
19225
19229
19291
19312
19422
19423
19734
19805
19903
20024
20466
20491
20537
20770
20876
21004
21092
21123
21134
21268
21411
21747
21767
21770
22014
22094
22246
22297
22418
22470
22492
22528
22763
22862
22935
23694
23867
24033
24173
24340
24598
24652
24684
24982
25470
26040
26269
26455
26561
26580
26715
26951
26971
27065
27163
27402
27593
27690
27719
27748
27806
27833
28072
28122
28554
28658
28759
28875
28931
29152
29304
29403
29588
29601
29606
29625
29653
29925
29963
30107
30172
30449
30481
30598
30697
30824
31004
31019
31392
31473
31592
31601
31893
32135
32296
32319
32869
32908
32931
33180
33448
33762
33815
33831
33833
33965
34039
34235
34300
34367
34708
34818
34884
34907
34966
34996
35053
35403
35424
35946
36051
36329
36506
36599
36726
36757
37302
37678
37777
37800
37840
37907
38013
38036
38103
38273
38887
38950
39082
39310
39487
39520
39694
40025
40055
40069
40276
40432
40773
40800
31
120
219
231
762
1088
1111
1181
1508
1547
1632
1739
1873
2253
2580
2601
2662
2737
2747
2810
2834
2836
2936
2975
3069
3087
3093
3123
3396
3926
3990
4245
4409
4484
4529
4675
4919
4995
5082
5144
5163
5168
5185
5324
5451
5792
5796
5856
5979
6167
6194
6201
6307
6375
6705
6754
6864
6886
6933
7064
7126
7187
7503
7717
8105
8217
8224
8238
8239
8304
8372
8533
8541
8563
8615
8713
8880
8923
8951
9005
9066
9173
9256
9456
9550
9612
9685
9935
9946
10077
10534
10541
10605
10626
10741
10977
11041
11087
11190
11247
11380
11598
11973
12302
12310
12345
12390
12723
13099
13109
13718
13785
13875
14416
14835
14920
14942
15066
15203
15384
15424
15697
16228
16320
16434
16492
16493
16574
16644
16724
17136
17306
17354
17360
17500
17563
17568
17577
17641
17910
18175
18882
18977
19300
19403
19614
19913
19934
20038
20286
20293
20344
20406
20664
20751
20860
21078
21148
21380
21412
21481
21488
21510
21549
21712
21729
22012
22274
22336
22519
22544
22726
22888
23043
23205
23494
23620
23873
23967
24169
24216
24427
24721
24835
24867
24955
25018
25334
25600
25686
25946
26137
26542
27155
27198
27210
27221
27386
27815
27839
27868
28005
28038
28208
28210
28800
29228
29470
29508
29787
30008
30082
30337
30474
31103
31194
31202
31659
31808
31875
31933
32098
32177
32771
33213
33337
33494
33515
33623
33701
34011
34192
34372
34622
34628
34931
35128
35327
35360
35391
35541
35546
35633
35768
35912
35957
36021
36175
36293
36296
36319
36327
36481
36845
36881
37226
37311
37593
37923
37927
38226
38388
38521
38638
38703
38889
39084
39127
39147
39375
39978
40135
40231
40457
40606
