11
40
792
996
1163
1197
1217
1480
1758
2003
2104
2348
2493
2784
2861
3382
3383
3391
3532
3773
3816
3830
3908
3937
4268
4269
4428
4554
4602
4613
4979
5022
5024
5074
5148
5466
5503
5760
5811
5873
6026
6441
6654
6711
6982
7040
7085
7147
7158
7362
7435
7963
7969
8060
8253
8424
8566
8578
8594
8781
8976
9120
9154
9240
9524
9979
9998
10129
10131
10271
10279
10687
10728
10867
10889
11063
11204
11225
11277
11515
11609
11658
11711
11830
11965
12375
12407
12493
12512
12571
12609
12631
12690
12955
12985
13029
13060
13104
13121
13135
13175
13190
13314
13361
13397
13469
13518
13790
14091
14190
14228
14308
14666
14674
14844
14886
14915
15710
16254
16293
16308
16411
16603
16844
16959
17067
17155
17201
17265
17340
17522
17732
17780
17934
17969
18076
18115
18121
18794
18872
19008
19225
19229
19291
19321
19422
19423
19624
19734
19805
19903
20024
20466
20491
20770
20778
21092
21157
21248
22014
22338
22470
22492
22547
22763
22862
23080
23190
23240
23867
23890
23971
24340
24347
24554
24689
24831
25011
26269
26277
26480
26537
26580
26715
26901
26951
26971
26992
27104
27195
27352
27593
27725
27748
27833
28473
28776
28931
29101
29403
29588
29599
29606
29644
29653
29760
29925
29963
30040
30107
30172
30331
30347
30449
30481
30598
30697
31019
31473
31637
31873
31882
31893
32005
32123
32135
32152
32217
32927
33180
33244
33274
33448
33749
33762
33815
33831
33965
34020
34039
34235
34246
34300
34367
34584
34621
34708
34884
34963
34996
35017
35078
35080
35151
35364
35651
35770
35860
35873
35909
35946
36051
36329
36506
36719
36726
36802
37302
37390
37678
37800
37840
37907
37931
38013
38036
38103
38222
38887
39067
39205
39310
39449
39459
39474
39487
39587
39669
39843
39939
40055
40074
40276
40432
85
120
219
231
342
346
369
697
1181
1508
1873
2302
2318
2452
2575
2580
2601
2662
2810
2834
2836
3067
3069
3093
3113
3123
3204
3396
3572
3588
3926
3927
4520
4529
4819
4857
4975
4991
5044
5082
5168
5185
5250
5451
5792
5979
6121
6158
6399
6705
6864
7074
7187
7231
7345
7503
7710
7717
8123
8224
8234
8533
8615
8713
8880
8923
9066
9161
9173
9256
9456
9624
9685
9697
9922
9935
10077
10492
10541
10605
10626
10875
10994
11041
11095
11186
11190
11234
11380
11598
11689
11732
11945
12302
12368
12723
12746
13037
13718
13785
13875
14041
14245
14745
14901
14920
15384
15423
15424
16093
16228
16297
16434
16440
16913
16958
17306
17354
17568
17577
17626
17641
17910
17917
18052
18175
18668
18863
18977
19216
19300
19333
19403
19614
19690
19913
19974
20038
20056
20344
20507
20600
20664
20860
20963
21112
21380
21385
21412
21488
21510
21549
21712
22274
22336
22519
22726
22894
22911
23043
23660
24122
24169
24427
24917
24955
25018
25067
25334
25368
25674
26267
27198
27210
27353
27386
27917
27925
28005
28038
28210
28511
28769
28878
29327
29410
29508
30008
30169
30337
30406
30967
31165
31194
31659
31765
31933
32098
32177
32197
32454
32629
32730
33033
33087
33337
33494
33515
33623
34106
34325
34369
34372
34622
34628
34923
34931
35342
35371
35541
35546
35768
35966
36021
36175
36319
36418
36594
36724
36881
37016
37239
37311
37369
37593
37714
37815
37889
37913
37923
37927
38055
38081
38225
38226
38521
38638
38789
38889
39084
39127
39468
39533
40135
40151
40185
40395
40457
40537
40578
40606
40609
40631
40784
