507
792
951
1076
1094
1197
1202
1217
1397
1412
1440
2037
2066
2104
2336
2459
2493
2553
2572
2784
2858
2892
3055
3160
3382
3391
3532
3999
4185
4268
4282
4422
4554
4602
4613
4639
4772
4870
5016
5466
5760
6188
6441
6477
6537
6606
6711
6982
7085
7158
7261
7435
7835
7963
8060
8291
8510
8535
8566
8594
8644
8781
8833
9047
9072
9120
9154
9240
9524
9593
9654
9695
9979
9998
10171
10279
10344
10593
10725
10728
10889
10927
10942
11154
11204
11225
11413
11515
11553
11658
11665
11686
11829
11830
12071
12073
12245
12407
12493
12512
12718
12893
12955
12985
13104
13121
13135
13210
13518
13624
13790
13833
13986
14301
14306
14308
14538
14844
14915
15059
15174
15349
15480
15534
16398
16463
16470
16697
16844
16959
17067
17265
17291
17969
18201
18359
18472
18506
18580
18814
18872
19008
19151
19225
19321
19422
19805
20024
20104
20225
20506
20938
21004
21157
21312
21411
21612
21747
21767
22136
22297
22492
22821
22935
23890
23971
24173
24289
24340
24347
24375
24571
24652
24684
24831
24866
25324
25470
25780
25801
25820
26040
26072
26277
26455
26537
26561
26580
26951
26960
26971
27065
27104
27372
27690
27719
27725
27806
28776
28783
28982
29101
29152
29601
29606
29625
29644
29653
29760
29836
29925
29963
30040
30107
30172
30441
30449
30481
30598
30660
31004
31073
31087
31097
31519
31592
31601
31873
31882
31893
32135
32217
32280
32290
32485
32869
32908
32927
32931
33180
33274
33815
33833
33965
34017
34020
34246
34300
34584
34621
34777
34907
34963
34966
34996
35017
35024
35053
35080
35151
35407
35447
35651
35770
35909
36051
36599
36726
36757
36802
37281
37390
37800
37907
37931
38013
38222
38255
38273
38274
38677
38887
38950
38983
38999
39310
39459
39487
39520
39587
39669
39694
39843
40055
40276
40309
40428
40432
40773
13
31
117
120
219
302
346
697
762
1088
1181
1632
1873
2253
2452
2834
2975
3069
3113
3123
3204
3350
3926
3927
3935
4363
4409
4520
4529
4778
4991
5025
5052
5079
5096
5144
5163
5250
5302
5451
5856
6046
6121
6158
6167
6194
6579
6754
6886
6933
7064
7074
7126
7318
7345
7586
7717
8010
8105
8123
8239
8304
8372
8481
8541
8563
8615
8618
8712
8880
8923
9005
9173
9456
9566
9697
10077
10492
10534
10605
10626
10994
11190
11234
11247
11380
11598
11732
11945
12056
12310
12345
12368
12457
12723
13077
13129
13785
13875
14041
14416
14890
14899
14901
14942
15132
15304
15348
15424
15515
15697
16108
16228
16320
16440
16644
16724
16761
16958
17192
17306
17327
17332
17360
17563
17577
17729
17910
18668
18863
18882
18977
19333
19403
19913
19974
20056
20136
20337
20507
20600
20664
20813
20860
20963
21078
21184
21203
21380
21412
21455
21488
21549
21935
22012
22036
22274
22321
22336
22519
22726
22888
22894
23180
23620
23652
23948
23967
23990
24122
24169
24216
24427
24498
24721
24835
24917
25018
25067
25600
25686
26232
27210
27221
27521
27680
27801
27917
27925
28005
28038
28210
28327
28800
28878
28918
29290
29508
29787
30051
30169
30474
30967
31089
31103
31165
31659
31765
31808
31875
31933
31997
32004
32197
32771
33033
33087
33213
33301
33337
33623
34106
34622
34896
34923
35371
35392
35541
35546
35768
35912
35957
35966
36021
36293
36296
36319
36327
36418
36481
36724
37815
37935
38081
38703
38811
38889
39147
39455
39533
39866
39978
40135
40563
40575
40578
40606
40609
40784
