40
719
756
792
819
951
1076
1094
1197
1412
1440
1492
1535
2104
2348
2553
2784
3160
3383
3391
3451
3532
3623
3773
3816
3908
3937
4185
4264
4269
4282
4428
4554
4812
4979
5148
5355
5503
5760
5811
5812
6026
6188
6313
6517
6537
7085
7969
8060
8079
8480
8510
8566
8578
8594
8626
8976
9593
9695
9998
10171
10271
10344
10593
10728
10777
10927
11154
11225
11277
11658
11686
11764
11829
11965
12346
12512
12690
12955
13029
13104
13126
13135
13203
13299
13361
13397
13518
13624
13726
13744
13833
13986
14091
14190
14228
14301
14306
14308
14363
14516
14538
14886
15059
15174
15349
15480
15710
16293
16411
16470
16603
16860
16959
17097
17155
17201
17265
17291
17444
17522
17969
18115
18121
18256
18506
18580
18872
19151
19225
19291
19312
19321
19423
19734
19799
19805
19903
20104
20225
20334
20466
20491
20506
20770
20938
21123
21287
21312
21411
21821
22010
22094
22136
22297
22470
22492
22763
23190
23240
23694
23867
23971
24033
24173
24347
24571
24598
24807
24831
24866
25192
25324
25801
26277
26347
26480
26715
26901
26951
26971
27065
27104
27163
27372
27548
27569
27725
27748
27806
27833
28072
28122
28473
28658
28783
28875
28982
28990
29101
29304
29403
29653
29936
29963
30107
30172
30331
30347
30441
30481
30598
30660
30697
31004
31087
31097
31271
31392
31601
31637
31873
31890
31893
32123
32135
32280
32290
32296
32869
32931
33749
33762
33833
34039
34300
34367
34621
34840
34907
34996
35017
35078
35080
35098
35114
35255
35325
35403
35447
35651
35769
35860
35873
35909
36082
36329
36347
36599
36719
36802
37281
37302
37390
37777
37800
37931
38013
38036
38274
38444
38950
38983
39082
39310
39417
39520
39572
39577
39669
39843
40055
40069
40342
40428
40800
85
117
120
342
346
762
1088
1547
1739
1873
2302
2443
2575
2601
2662
2810
2936
2975
3069
3093
3123
3204
3336
3350
3495
3572
3927
3935
4245
4409
4484
4520
4529
4675
4778
4857
4919
4975
4995
5025
5044
5052
5079
5096
5144
5185
5250
5302
5443
5615
5661
5796
5979
6046
6121
6158
6167
6329
6399
6579
6886
6933
7064
7074
7318
7503
7586
8224
8408
8481
8533
8563
8615
8618
8712
8880
8923
8951
9161
9173
9242
9256
9456
9550
9566
9612
9624
9922
10077
10541
10605
10677
10741
10905
11000
11087
11186
11234
11247
11380
11689
11748
11945
11973
12056
12310
12390
13037
13099
13129
13718
14041
14245
14745
14890
14942
15132
15348
15423
15515
15697
16093
16108
16228
16380
16434
16574
16913
16958
17136
17327
17332
17500
17577
17626
17641
17729
17917
18052
18668
18863
18882
19216
19300
19353
19403
19690
19934
20056
20134
20136
20337
20344
20507
20600
20664
20860
20963
21078
21148
21183
21203
21455
21481
21488
21510
21712
21729
22274
22321
22519
22544
22710
22888
22911
23180
23660
23873
23948
24498
24750
24835
24917
24955
25297
25368
25600
26232
26542
27136
27155
27198
27210
27221
27353
27521
27801
28038
28210
28327
28769
28800
28878
28918
29228
29290
29410
29470
29722
30082
30474
30764
31089
31103
31394
31875
31997
32098
32197
32454
32629
32771
32844
33033
33213
33337
33515
33623
34106
34325
34622
34923
35056
35278
35360
35371
35392
35625
35912
35966
36296
36327
36724
36845
36881
37016
37226
37239
37311
37409
37696
37935
38081
38219
38226
38388
38508
38521
38703
38811
39127
39147
39375
39455
39533
40151
40185
40457
40537
40575
40631
40650
