11
756
951
1027
1060
1076
1094
1440
1479
1535
1758
2003
2336
2553
2572
2769
2784
2892
3160
3391
3575
3623
3773
3908
3937
3999
4264
4268
4282
4613
4870
5022
5148
5355
5466
5760
5811
5812
5873
6165
6190
6313
6441
6517
6537
6606
6654
6711
6982
7147
7158
7261
7435
8291
8424
8480
8510
8535
8976
9023
9072
9154
9524
9593
9654
9738
9795
9979
10129
10131
10271
10279
10344
10725
10728
10777
10867
10927
10942
11063
11154
11204
11225
11277
11515
11642
11658
11686
11830
11965
12071
12073
12198
12407
12474
12493
12631
12955
13029
13060
13121
13126
13190
13203
13210
13299
13314
13397
13518
13624
13726
13790
13986
14091
14144
14190
14228
14306
14516
14599
14674
14844
14915
15059
15349
15480
15534
15710
16254
16398
16411
16470
16603
16959
16968
17155
17201
17265
17780
17934
17969
18076
18115
18121
18359
18580
18794
19008
19151
19225
19291
19799
19805
19903
20024
20104
20506
20537
20770
20938
21004
21134
21157
21312
22010
22094
22547
22862
23190
23240
23890
23971
24173
24347
24375
24598
24684
24761
24866
24982
25324
25470
25780
25801
26040
26347
26455
26480
26715
26901
26951
26960
27065
27104
27352
27402
27593
27719
27806
27814
28122
28554
28759
28776
28931
28982
28990
29101
29152
29304
29403
29599
29601
29606
29625
29644
29760
29925
30040
30107
30331
30449
30660
30697
30824
31073
31097
31392
31592
31601
31882
31893
32123
32217
32296
32927
33180
33274
33448
33749
33762
33831
34169
34235
34367
34708
34777
34907
35017
35024
35053
35078
35080
35255
35364
35403
35447
35769
35770
35860
35946
36051
36329
36347
36506
36599
36719
36726
37777
37800
37931
38013
38444
38628
38677
38887
38999
39205
39310
39449
39459
39487
39520
39939
40025
40074
40276
40432
40773
40800
13
85
117
120
231
302
369
697
762
1547
1632
1739
1798
2253
2302
2318
2443
2575
2580
2836
2936
3067
3113
3396
3495
3588
3818
3823
3926
3927
3935
4023
4245
4288
4363
4409
4484
4675
4778
4819
4991
5044
5052
5079
5185
5451
5661
5745
5792
6121
6158
6194
6201
6375
6469
6579
6705
6864
7187
7231
7318
8105
8123
8217
8408
8481
8563
8618
8712
8923
8951
9005
9066
9092
9566
9685
9697
10077
10191
10534
10605
10677
10741
10875
10977
10984
10994
11000
11087
11234
11380
11689
11748
11973
12056
12122
12302
12345
12457
13099
13109
13129
13718
14688
14890
14899
14901
14920
15384
15697
16093
16434
16440
16492
16644
16724
16761
16913
17136
17306
17327
17332
17360
17424
17563
17577
17641
17729
17917
18175
18863
18977
19216
19353
19690
19934
19974
20038
20134
20136
20286
20406
20507
20600
20618
20751
20813
20827
20860
20963
21049
21148
21184
21380
21455
21481
21488
21510
21549
21712
22274
22321
22336
22894
22911
23205
23929
23948
23990
24169
24216
24427
24721
24750
24917
24955
25297
25600
25946
26137
26267
26845
26978
27136
27198
27353
27386
27521
27680
27815
27868
27925
28005
28327
29327
29401
29470
30008
30051
30169
30474
31165
31194
31765
31933
32004
32098
32177
32454
32629
32730
32771
32844
33033
33213
33301
33515
33701
34011
34192
34242
34325
34369
34628
34896
34923
35278
35342
35371
35392
35541
35633
35912
35957
35966
36293
36296
36327
36481
36845
37016
37311
37409
37889
37927
37935
38219
38225
38226
38388
38521
38638
38703
38789
38889
39147
39375
39468
39533
39978
40135
40231
40575
40578
40606
40631
40680
40784
