382
507
792
819
951
996
1027
1076
1217
1412
1440
1480
1492
1513
1535
1758
2066
2104
2348
2572
2769
2784
2858
2861
2892
2917
3160
3532
3623
3816
3830
3937
4264
4268
4269
4282
4554
5016
5022
5024
5355
5503
5760
5811
6165
6190
6537
6606
7835
7969
8079
8253
8291
8360
8424
8510
8535
8566
8644
8833
9023
9072
9154
9240
9524
9593
9654
9738
9809
9979
9998
10129
10131
10271
10728
10777
10942
11277
11553
11642
11711
11764
11830
12071
12073
12346
12375
12407
12474
12512
12571
12631
12690
12718
12955
12985
13029
13060
13175
13190
13203
13210
13299
13361
13518
13726
13833
13884
14091
14301
14306
14308
14363
14538
14666
14844
14915
15059
15534
15710
16293
16308
16398
16411
16603
16697
16844
16860
17067
17155
17201
17265
17522
18201
18256
18338
18472
18580
18751
18794
18872
19008
19151
19291
19321
19423
19525
19734
19799
20104
20225
20334
20537
20876
20938
21004
21134
21268
21411
21770
22136
22418
22492
22528
22823
23694
24340
24347
24375
24554
24598
24684
24689
24866
25192
25470
25780
25801
25820
26040
26269
26537
26561
26715
26901
26958
26971
27104
27195
27372
27593
27719
27806
27814
27833
28759
28776
28875
28982
29152
29403
29625
29644
29653
29760
29925
29936
30172
30331
30347
30441
30481
30598
30660
30697
30824
31097
31601
31637
31873
31890
32123
32135
32152
32280
32296
32319
32485
32869
32908
32927
32931
33180
33244
33749
33762
33815
33831
33965
34017
34020
34039
34621
34840
34966
35017
35024
35053
35078
35151
35255
35364
35379
35403
35407
35424
35447
35589
35651
35769
35860
35873
35946
36082
36329
36719
36726
36757
36802
37302
37390
37777
37800
37840
37907
37931
38036
38222
38255
38273
38605
38887
38999
39067
39082
39310
39417
39449
39487
39520
39577
39694
39843
39939
40025
40055
40069
40074
40229
40342
40773
40800
219
342
697
762
1088
1111
1507
1508
1739
2302
2580
2737
2810
2834
2936
3067
3069
3087
3113
3204
3572
3588
3927
3990
4363
4409
4456
4675
4778
4857
4975
5044
5096
5163
5250
5443
5451
5792
5856
5979
6046
6121
6201
6307
6579
6754
6864
6886
7010
7074
7164
7187
7318
7345
7710
7717
8010
8105
8217
8238
8372
8408
8481
8541
8691
8923
8951
9066
9092
9242
9550
9566
9685
9946
10077
10492
10534
10541
10605
10626
10677
10977
10994
11186
11380
11689
11945
11973
12056
12310
12345
12368
12723
13099
13109
13129
13445
13875
14039
14041
14193
14688
14835
14890
14901
14920
14942
15132
15697
16228
16320
16492
16493
16574
16644
16761
16958
17344
17354
17360
17626
17917
18052
18863
19333
19353
19614
19913
19934
19974
20344
20600
20618
20827
20860
20963
21049
21112
21203
21380
21455
21488
21549
22274
22336
22519
22544
22710
22888
22911
23043
23180
23205
23620
23660
23948
23967
24169
24216
24750
24867
24917
25297
25465
25674
26137
26267
26529
26542
26845
27155
27210
27221
27353
27386
27815
27868
28005
28511
28769
29290
29327
29410
29787
30008
30474
31202
31394
31997
32004
32454
32629
32730
32844
33301
33337
33494
33515
33623
34011
34109
34192
34372
34628
34923
34931
35184
35278
35327
35360
35371
35391
35625
35633
35768
35912
35957
35966
36293
36296
36594
36845
36881
37016
37409
37418
37560
37593
37714
37815
37923
37935
38055
38081
38219
38225
38226
38305
38638
39084
39127
39147
39375
39455
39866
39978
40135
40185
40395
40457
40537
40563
40578
40609
40631
40680
