382
996
1163
1202
1217
1397
1480
1492
2037
2066
2104
2336
2493
2858
2917
3160
3382
3391
3532
3773
3816
3830
4282
4387
4428
4613
4639
4812
4870
5016
5074
5148
5355
5465
5503
5811
5812
5873
6188
6190
6477
6517
6606
6654
6711
7040
7085
7147
7158
7362
7969
8060
8291
8360
8510
8578
8644
8781
8976
9023
9072
9120
9154
9593
9795
9979
10129
10171
10593
10725
10777
10867
10889
10927
11063
11154
11204
11515
11609
11642
11658
11665
11686
11711
11965
12073
12198
12375
12407
12474
12609
12690
12718
12893
13060
13104
13126
13203
13210
13361
13469
13624
13709
13742
13744
13790
14190
14301
14306
14308
14363
14674
14859
14886
15059
15349
15534
16254
16308
16398
16411
16463
16603
16959
17067
17155
17291
17522
17732
17969
18076
18121
18256
18338
18359
18872
19008
19151
19229
19422
19624
19805
19903
20104
20225
20466
20778
21092
21134
21157
21287
21411
21770
22010
22014
22094
22136
22246
22418
22470
22492
22763
22862
23080
23694
23971
24033
24173
24289
24340
24571
24598
24761
24807
25011
25801
25820
26040
26072
26269
26561
26580
26715
26901
26951
26958
26960
27065
27548
27725
27748
28122
28473
28776
28783
28875
28990
29101
29152
29588
29644
29653
29963
30107
30172
30331
30441
30449
30481
30598
30660
30824
31019
31097
31271
31392
31592
31601
31637
31873
31882
32005
32123
32135
32280
32290
32296
32869
32908
32927
32931
33274
33749
33965
34039
34235
34300
34367
34708
34884
35024
35053
35080
35098
35114
35325
35379
35873
36347
36506
36599
36726
36802
37281
37390
37800
37907
38013
38255
38273
38444
38628
38677
38887
38983
38999
39067
39205
39459
39487
39520
39577
39939
40069
40074
40342
40432
40773
13
31
42
85
117
120
219
231
342
346
369
697
1111
1507
1508
1547
1632
1873
2302
2443
2452
2575
2580
2737
2810
2834
2836
2936
2975
3069
3087
3093
3123
3204
3396
4245
4409
4456
4484
4520
4675
4778
4819
4991
5025
5044
5052
5079
5082
5096
5168
5324
5451
5473
5615
5661
5792
5796
5856
6158
6167
6307
6329
6375
6579
6864
6886
7010
7064
7074
7126
7164
7231
7345
7503
7710
8105
8239
8304
8481
8541
8615
8712
8951
9005
9242
9456
9550
9624
9685
9946
10541
10875
10994
11041
11190
11234
11562
11945
12056
12122
12368
12457
12723
13099
13718
13875
14193
14416
14688
14890
14899
14901
15066
15132
15304
15384
15423
15424
15515
15697
16093
16114
16228
16297
16380
16434
16440
16574
16724
16913
16958
17192
17327
17344
17354
17360
17424
17500
17563
17577
17626
17910
17917
18175
18668
18863
19216
19300
19333
19353
19614
19913
19934
20015
20056
20136
20293
20344
20600
20618
20664
20827
20860
21078
21148
21183
21203
21385
21412
21488
22036
22519
22544
22726
22911
23180
23205
23408
23620
23652
23660
23929
23948
23990
24169
24216
24721
24835
24867
24955
25018
25297
25674
25686
26267
26542
26978
27155
27210
27386
27680
27801
27917
27925
28038
28208
28769
28878
28918
29228
29245
29290
29401
29410
29508
29722
29787
30051
30169
30967
31103
31194
31394
31659
31808
31875
32177
32730
33301
33515
33701
34011
34106
34242
34325
34369
34610
34622
34628
34668
34931
35184
35278
35327
35360
35391
35392
35633
35957
36175
36481
36594
36724
36881
37016
37311
37409
37418
37696
37815
37913
37927
37935
38081
38508
38521
38703
38789
39127
39147
39468
39574
40151
40185
40575
40578
40609
40650
40784
