40
792
819
951
996
1094
1202
1397
1412
1480
1513
1535
1758
2003
2066
2104
2336
2493
2784
3382
3383
3532
3773
3816
3937
3999
4185
4264
4387
4422
4554
4602
4639
4772
5016
5024
5148
5355
5811
5873
6165
6441
6517
6537
6654
6711
7040
7085
7147
7261
8060
8079
8253
8480
8510
8535
8626
8644
8976
9023
9047
9072
9120
9524
9593
9654
9695
9738
9795
9998
10131
10271
10279
10344
10725
10777
10927
11139
11154
11277
11413
11609
11642
11665
11764
11829
11830
11965
12071
12198
12407
12474
12493
12512
12609
12718
12985
13029
13060
13104
13121
13126
13135
13175
13314
13361
13397
13469
13709
13726
13742
13833
14190
14228
14301
14306
14538
14666
14674
15059
15480
15710
16470
16603
16959
17067
17201
17265
17291
17522
17732
17780
18121
18201
18256
18872
19008
19151
19229
19312
19423
19525
19624
19734
19799
20024
20225
20466
20491
20506
20876
20938
21004
21092
21248
21287
21767
21770
21821
22094
22246
22297
22338
22418
22470
22528
22547
22763
22821
22862
22935
23694
23971
24033
24173
24289
24340
24375
24652
24689
24761
24807
24982
25192
25470
25780
25801
25820
26072
26269
26277
26480
26537
26715
26901
26958
26960
26971
27104
27163
27402
27548
27569
27748
27806
27814
27833
28122
28554
28658
28982
28990
29101
29304
29403
29588
29599
29601
29606
29936
30331
30347
30441
30824
31004
31087
31271
31392
31473
31592
31637
31890
32005
32217
32296
32927
33274
33448
33831
34017
34039
34794
34818
34907
34963
35024
35053
35080
35098
35151
35255
35325
35364
35403
35407
35447
35589
35651
35770
35860
35873
36051
36719
36726
37302
37678
37777
37840
37907
38013
38255
38273
38274
38677
38887
39082
39205
39417
39449
39487
39572
39669
39694
39939
40055
40069
40342
40800
42
85
120
219
231
697
1088
1111
1507
1632
1739
2302
2452
2575
2580
2601
2662
2737
2747
2836
3087
3123
3396
3588
3627
3927
3990
4023
4484
4520
4675
4778
4819
4857
4975
4991
5044
5052
5082
5096
5144
5163
5185
5324
5443
5661
5745
5979
6121
6194
6307
6469
6579
6705
6886
7064
7164
7187
7345
7503
8105
8234
8238
8239
8304
8408
8533
8541
8563
8615
8691
8880
8923
9005
9066
9092
9161
9256
9550
9566
9685
9697
9922
9935
10492
10541
10605
10677
10875
10905
10984
10994
11000
11041
11186
11689
11732
11748
12302
12310
12345
13037
13109
13718
13875
14416
14688
14835
14890
14899
14901
14920
15203
15348
15424
15697
15922
16108
16228
16440
16492
16644
16724
16761
16913
16958
17332
17354
17563
17577
17641
17729
17910
17917
18052
18175
18863
18977
19216
19333
19614
19690
20015
20038
20134
20286
20293
20337
20344
20507
20813
21049
21078
21148
21380
21385
21412
21468
21510
21935
22321
22336
22726
22888
23043
23494
23620
23990
24122
24750
24835
24980
25067
25297
25368
25465
25686
26137
26267
26845
27136
27155
27521
27839
27868
28038
28210
28327
28511
28592
28769
28918
29228
29290
29327
29401
29470
29722
30008
30169
30406
30474
30764
31089
31394
31808
31933
31997
32098
32454
32730
32771
32844
33278
33337
33623
34011
34192
34242
34369
34372
34610
34622
34668
34923
35056
35327
35342
35360
35392
35541
35633
35768
35912
35966
36021
36175
36327
36418
36594
36724
37226
37239
37369
37714
37913
37923
37935
38219
38226
38388
38508
38638
38703
38789
38989
39084
39127
39147
39375
39455
39468
39574
39866
40135
40563
40606
40631
40650
40680
