40
507
719
996
1027
1060
1076
1094
1197
1202
1217
1397
1412
1513
1535
1758
2037
2104
2459
2493
2769
2858
3055
3160
3383
3451
3773
3830
3937
4264
4282
4428
4602
4613
4812
4870
5024
5148
5465
5503
5811
6026
6165
6190
6313
6517
6606
6654
6711
7085
7158
7362
7435
7835
7963
8360
8480
8535
8566
8594
8781
8833
8976
9047
9154
9524
9695
9738
9795
9809
9979
10131
10593
10725
10867
10927
11063
11139
11154
11413
11642
11829
11965
12198
12407
12718
12893
12955
13029
13060
13104
13314
13518
13790
13986
14091
14144
14228
14308
14363
14599
14666
14844
14886
15059
15480
16254
16308
16411
16463
16470
16603
16844
16860
16968
17097
17201
17522
17732
18076
18338
18359
18472
18814
19312
19525
19624
19734
19805
19903
20537
20770
20778
21004
21092
21134
21157
21248
21268
21612
21767
21821
22010
22014
22094
22136
22418
22470
22492
22528
22763
22821
22823
23240
23890
24173
24340
24554
24571
24598
24689
24761
24807
24866
25011
25192
25780
26277
26580
26715
26901
26960
26992
27065
27104
27195
27352
27402
27725
27806
28072
28122
28554
28658
28759
28783
28875
28931
29101
29152
29588
29599
29606
29644
29760
29963
30331
30347
30441
30449
30660
30697
31097
31271
31392
31601
31873
31882
31890
32135
32290
32319
32485
32927
33274
33448
33749
33831
33833
34017
34039
34169
34235
34246
34300
34367
34584
34777
34794
34884
34963
35024
35053
35080
35364
35379
35407
35447
35589
35770
35860
35909
35946
36051
36082
36329
36506
36599
36719
36757
37302
37390
37777
37840
37907
38103
38255
38273
38444
38677
38887
38950
38983
39205
39417
39449
39459
39520
39572
39669
39939
40025
40055
40309
40342
40428
40773
85
117
120
219
231
369
697
1088
1111
1508
1547
1632
1798
1873
2302
2575
2580
2601
2810
2836
3067
3069
3087
3093
3123
3204
3350
3396
3588
3627
3818
3823
3926
3927
3935
3990
4245
4363
4409
4529
4675
4857
4975
4995
5025
5096
5144
5163
5250
5324
5473
5615
5745
5792
5796
5979
6046
6194
6307
6399
6886
7010
7064
7126
7164
7318
7345
8217
8224
8234
8238
8239
8304
8372
8481
8533
8541
8615
8618
8713
9092
9161
9173
9256
9566
9624
9697
9922
9935
10191
10677
10741
10875
10905
10994
11000
11041
11095
11190
11247
11748
12302
12310
12390
12723
12746
13129
13445
13718
13785
14193
14245
14890
14920
15066
15203
15304
15348
15423
16093
16108
16228
16380
16440
16570
16574
16644
16761
16913
17306
17327
17332
17344
17360
17424
17500
17563
17568
17577
17641
18052
18668
18863
18882
18977
19300
19333
19403
19690
19913
19934
19974
20038
20056
20136
20337
20344
20600
20618
20827
21148
21184
21203
21455
21481
21510
21712
21935
22012
22036
22321
22336
22519
22888
23408
23620
23948
24122
24169
24216
24498
24750
24917
24955
25334
25368
25600
25946
26137
26232
26529
26845
27136
27155
27198
27210
27353
27521
27839
28005
28208
28210
28592
28769
28918
29228
29401
29508
30008
30051
30082
30169
30337
30406
30474
30764
30967
31103
31165
31202
31808
31875
33087
33278
33337
33515
33623
34011
34192
34242
34325
34622
34931
35278
35327
35342
35360
35371
35391
35546
35912
35957
35966
36021
36175
36319
36418
36724
36845
36881
37016
37239
37409
37418
37509
37889
37913
38055
38225
38226
38508
38521
38703
38811
38812
38989
39084
39375
39468
39574
39866
39978
40135
40151
40231
40395
40537
40563
40575
40609
40784
