11
40
382
507
719
756
792
819
1060
1076
1094
1163
1197
1397
1492
1535
1671
1758
2066
2104
2336
2348
2553
2572
2784
3055
3160
3383
3532
3623
3773
3830
3999
4264
4268
4269
4282
4602
4613
4639
4812
4870
4979
5022
5024
5074
5466
5760
5811
5812
6165
6188
6313
6441
6517
6606
6654
6711
7085
7261
7963
8060
8079
8253
8360
8424
8566
8644
8833
8976
9023
9120
9593
9654
9738
9809
9979
9998
10131
10171
10344
10593
10687
10867
10889
10927
11063
11139
11225
11515
11553
11642
11658
11665
11686
11830
11965
12346
12407
12474
12493
12609
12690
12893
12955
13029
13121
13135
13203
13299
13314
13361
13742
13744
13790
14091
14144
14301
14306
14308
14538
14666
14844
14886
14915
15059
15174
15349
15480
16308
16463
16470
16603
16968
17097
17201
17265
17291
17444
17732
17780
18076
18115
18121
18256
18506
18751
18872
19151
19225
19291
19312
19525
19734
19903
20225
20334
20491
20537
20770
20778
21134
21157
21268
21312
21411
21612
21747
21770
22010
22014
22418
22492
22528
22763
22862
22935
23867
23890
23971
24289
24347
24571
24684
24689
24761
24866
25011
25324
26269
26347
26455
26537
26580
26715
26958
26971
27104
27569
27690
27725
27814
28473
28554
28783
28931
28990
29304
29601
29625
29836
29936
30040
30347
30441
30481
30824
31004
31073
31087
31097
31473
31519
31601
31873
31882
31890
31893
32152
32217
32296
32869
33180
33244
33448
33762
33815
33831
33833
34039
34169
34235
34300
34708
34884
34996
35017
35024
35080
35114
35255
35325
35364
35379
35407
35424
35589
35651
35770
35873
36329
36347
36599
36726
36757
36802
37678
37777
37907
38222
38255
38274
38444
38677
38887
38950
38983
39082
39205
39310
39449
39487
39577
39669
39694
39843
39939
40074
40229
40276
40432
40800
85
120
219
346
697
762
1111
1181
1798
1873
2253
2302
2318
2452
2575
2580
2737
2747
2810
2975
3067
3087
3093
3113
3123
3204
3350
3588
3627
3823
3926
3927
3935
4023
4245
4363
4520
4675
4778
4995
5025
5052
5079
5082
5144
5168
5302
5451
5661
5745
5792
5796
5856
5979
6121
6167
6307
6375
6399
6864
6886
7064
7187
7345
7586
8105
8224
8234
8238
8481
8533
8615
8713
8880
8951
9005
9066
9161
9242
9456
9612
9624
9697
9922
9935
10191
10541
10605
10741
10875
10977
10994
11000
11087
11095
11186
11234
11247
11380
11689
11945
12122
12310
12390
12723
13037
13077
13099
13129
13445
13718
13875
14041
14193
14245
14899
14901
14942
15203
15348
15515
16108
16228
16320
16380
16434
16440
16492
16574
16761
16913
17136
17192
17327
17360
17424
17500
17563
17568
17577
17626
17729
17917
18668
18882
19216
19614
19690
19913
19934
20056
20134
20293
20337
20751
20813
21049
21078
21148
21183
21203
21380
21468
21488
21510
21712
22519
22888
22894
23180
23652
23660
23990
24122
24498
24721
24867
25018
25368
25600
25674
26267
26542
26845
27136
27155
27210
27353
27521
27815
27839
27868
28005
28038
28210
28511
28592
28769
28800
28918
29228
29327
29401
29410
29722
30082
30337
30474
31103
31875
31933
31997
32004
32098
32730
33087
33301
33337
34106
34109
34192
34369
34628
34668
34896
34931
35128
35278
35342
35360
35392
35546
35966
36021
36293
36319
36418
36481
36724
36845
36881
37016
37226
37311
37369
37418
37889
37913
37923
38225
38388
38508
38638
38703
38789
38889
39375
39468
39533
39866
40135
40231
40395
40457
40537
40609
