382
507
756
792
996
1076
1163
1217
1397
1412
1480
1513
1535
1758
2003
2348
2459
2553
2784
2861
2892
3124
3382
3391
3451
3532
3623
3773
3830
3999
4185
4264
4268
4387
4422
4613
4639
4772
4812
5016
5024
5355
5503
5760
5812
6026
6165
6190
6313
6441
6517
6711
6982
7040
7158
7261
7435
7969
8510
8566
8626
8781
8976
9023
9072
9120
9593
9738
9795
9979
9998
10129
10171
10271
10593
10687
10725
10728
10927
11277
11413
11553
11609
11658
11686
11711
11830
12071
12073
12198
12375
12474
12493
12571
12609
12690
12718
12893
12955
12985
13029
13121
13175
13203
13299
13314
13397
13469
13624
13744
13790
13884
14301
14308
14363
14599
14666
14674
14844
15174
15349
15480
16254
16308
16411
16463
16470
16860
16959
16968
17067
17097
17155
17291
17444
17522
17969
18076
18472
18580
18814
18872
19008
19151
19291
19321
19423
19624
19734
19799
19805
19903
20024
20334
20506
20778
20876
20938
21004
21092
21268
21411
21612
21747
21767
22010
22014
22297
22338
22470
22492
22547
22763
22935
23080
23190
23867
23890
24033
24340
24982
25011
25324
25780
26277
26347
26455
26537
26715
26958
26971
27163
27195
27352
27372
27402
27569
27593
27719
27806
27814
27833
28122
28759
28875
28931
28990
29152
29403
29588
29599
29601
29625
29644
29653
29760
29836
30107
30331
30347
30441
30449
30481
30598
30660
30824
31004
31019
31087
31097
31271
31392
31601
31873
31882
31890
31893
32005
32152
32280
32290
32869
32908
32927
33180
33762
33815
34020
34235
34367
34584
34794
34840
34996
35255
35364
35379
35589
35770
35860
35909
36051
36329
36506
36802
37390
37800
37840
38013
38036
38103
38222
38255
38274
38444
38605
38628
38677
38983
39417
39449
39459
39669
39694
39843
40055
40074
40229
40276
40773
31
231
302
342
762
1111
1507
1632
1739
1798
1873
2253
2318
2443
2575
2747
2836
2936
3067
3113
3350
3396
3495
3572
3588
3926
3927
3935
4023
4288
4409
4520
4529
4991
4995
5044
5052
5082
5163
5185
5250
5302
5324
5443
5473
5615
5745
5792
5856
5979
6121
6167
6307
6329
6469
6705
6864
7010
7074
7231
7503
7717
8105
8123
8234
8304
8372
8408
8533
8563
8615
8618
8691
8713
9066
9092
9161
9173
9242
9256
9624
9697
9718
9946
10077
10492
10534
10677
10977
10984
11000
11041
11087
11598
11689
11732
11973
12056
12302
12345
12390
12457
12746
13037
13109
14039
14041
14193
14245
14688
14901
14920
14942
15203
15304
15348
15384
15423
16297
16434
16493
16570
16574
16644
16724
16761
17192
17332
17344
17354
17626
17917
18052
18175
19333
19353
19614
20038
20056
20134
20286
20293
20344
20406
20507
20600
20618
20664
20751
20813
20860
20963
21078
21112
21148
21184
21203
21380
21385
21455
21468
21488
21510
21712
21729
22321
22544
22726
22894
22911
23180
23408
23620
23660
23967
24498
24750
24867
24917
24955
25018
25067
25686
26137
26232
26267
27155
27198
27221
27353
27521
27680
27801
28005
28208
28210
28327
28769
29228
29327
29401
29508
30082
30169
30406
30764
30967
31103
31765
31997
32177
32730
33033
33087
33213
33301
33337
33515
33623
34011
34109
34325
34369
34622
34628
35184
35278
35342
35371
35392
35957
36021
36293
36327
36418
36845
36881
37016
37239
37311
37696
37714
37815
37923
38055
38081
38226
38305
38508
38521
38638
38703
38789
38812
38989
39127
39147
39375
39455
39468
39533
39866
40135
40151
40185
40395
40575
40784
