756
1060
1479
1492
1535
2003
2037
2104
2336
2459
2493
2553
2769
2917
3160
3382
3451
3532
3816
3937
4185
4264
4268
4613
4772
4812
5016
5074
5148
5465
5503
5811
6517
6606
6654
7085
7261
7362
7835
8060
8253
8510
8535
8566
8594
8644
8781
8833
8976
9047
9072
9154
9524
9593
9654
9738
9979
10279
10593
10687
10889
10942
11063
11139
11154
11225
11277
11515
11658
11665
11686
11711
11829
11830
12073
12245
12407
12474
12512
12571
12609
12631
12718
12893
12985
13029
13104
13121
13126
13135
13175
13210
13299
13314
13624
13709
13744
13790
14091
14144
14228
14308
14599
14859
15349
15480
16254
16293
16308
16398
16470
16603
16860
16959
16968
17155
17291
17444
17732
18115
18121
18201
18338
18359
18506
18580
18751
18872
19151
19312
19422
19525
19734
19799
19805
20334
20491
20506
20537
20770
20778
21092
21123
21157
21312
21411
21821
22010
22014
22470
22547
22763
22935
23080
23694
23890
24173
24340
24375
24571
24598
24689
24761
24831
24866
24982
25780
25820
26072
26277
26455
26480
26561
26580
26901
26951
26960
26992
27104
27163
27372
27548
27725
27748
27806
28473
28658
28759
28982
29101
29152
29403
29588
29601
29644
29653
29760
29836
29936
30172
30331
30347
30449
30660
30824
31087
31473
31519
31637
31882
31890
32005
32280
32296
32319
32931
33180
33244
33274
33762
33831
33965
34169
34235
34246
34300
34584
34621
34708
34818
34840
34884
34907
34963
34996
35024
35053
35098
35255
35325
35364
35379
35403
35407
35424
35447
35589
35651
35909
36329
36347
36506
36726
36802
37281
37390
37678
37777
37800
37840
37907
38036
38273
38274
38444
38605
38677
38887
38999
39067
39082
39205
39310
39459
39520
39572
39577
39587
39843
40055
40069
40074
40276
40309
40342
40432
40800
42
120
219
231
342
346
369
697
1111
1181
1507
1508
1798
1873
2580
2662
2747
2810
2834
2836
2975
3067
3113
3204
3396
3588
3818
3823
3926
3990
4023
4456
4819
4857
4995
5025
5044
5079
5082
5096
5144
5168
5185
5250
5302
5451
5473
5615
5796
5856
5979
6167
6194
6329
6399
6469
6579
6864
6886
6933
7064
7074
7126
7187
7231
7318
7345
7503
7710
8238
8239
8304
8372
8408
8533
8615
8618
8712
8880
8951
9005
9256
9456
9566
9624
9685
10077
10191
10605
10977
10984
10994
11000
11095
11186
11234
11380
11689
11748
11973
12302
12345
12723
13109
13129
14039
14041
14245
14416
14745
14890
14901
15066
15132
15304
15348
15384
15515
16093
16114
16297
16434
16492
16493
16724
17136
17354
17360
17424
17563
17577
17626
17729
17917
18175
18668
18863
18891
19216
19333
19353
19690
19913
20015
20038
20056
20136
20286
20337
20344
20406
20507
20618
20664
20751
20827
20860
20963
21049
21078
21148
21184
21488
21712
22012
22036
22274
22336
22888
23043
23408
23620
23929
24169
24427
24498
24750
25018
25297
25334
25368
25465
26232
26542
27155
27198
27210
27221
27353
27680
27868
27917
28327
28592
28800
28878
28918
29245
29327
29401
29508
29722
29787
30337
30406
31089
31103
31165
31194
31202
31394
31808
31875
31933
32004
32098
32177
32771
33278
33301
33337
33494
33701
34011
34106
34109
34242
34369
34896
34931
35056
35128
35184
35278
35327
35391
35546
35625
35957
35966
36327
36418
36594
36881
37226
37409
37418
37509
37560
37696
37714
37815
37927
38055
38219
38226
38305
38889
38989
39084
39455
39978
40151
40185
40231
40395
40457
40575
40578
40650
40784
