11
1076
1202
1217
1397
1440
1513
1671
1758
2003
2066
2104
2459
2493
2858
2861
2892
2917
3055
3383
3451
3532
3575
3623
3773
3937
4269
4282
4387
4554
4602
4613
4979
5016
5022
5024
5148
5355
5465
5760
5811
5873
6165
6441
6517
6606
7040
7085
7147
7158
7261
7362
8360
8480
8566
8578
8594
8626
8644
8781
8976
9524
9593
9695
9809
10171
10271
10728
10927
10942
11063
11277
11553
11642
11658
11686
11711
12071
12198
12375
12493
12571
12609
12631
12690
12718
13029
13104
13121
13175
13190
13203
13210
13314
13361
13397
13469
13624
13742
13884
13986
14190
14306
14516
14674
14844
14859
14886
15059
15174
15534
16254
16398
16470
16844
16968
17067
17265
17340
17522
17732
17780
17934
18115
18201
18256
18338
18580
18751
18794
18814
19151
19225
19291
19312
19525
20024
20104
20334
20466
20491
20537
20770
20778
20938
21004
21123
21134
21167
21248
21268
21747
21767
22094
22246
22297
22338
22492
22823
23190
23240
23694
23867
23971
24173
24340
24347
24598
24652
24866
25011
25192
25324
25470
25801
26040
26455
26537
26958
26960
26971
27195
27352
27402
27548
27569
27593
27690
27719
27748
27806
28072
28122
28658
28875
28982
29304
29625
29653
29760
29836
29963
30040
30172
30331
30441
30449
30598
30660
30697
31097
31392
31592
31873
32005
32280
32290
32319
32485
32927
32931
33180
33244
33274
33762
33965
34017
34246
34584
34621
34777
34818
34840
34884
34996
35024
35078
35080
35098
35114
35151
35255
35325
35407
35651
35770
35860
35873
35909
36082
36329
36347
36506
36599
36757
37390
37678
37777
37907
37931
38036
38103
38222
38255
38444
38605
38677
38983
38999
39205
39417
39459
39487
39520
39843
40074
40229
40309
40342
31
117
219
302
342
346
697
1798
1873
2302
2452
2575
2662
2737
2747
2810
2834
2975
3087
3093
3123
3204
3350
3396
3495
3588
3818
3927
4363
4456
4529
4675
4778
4819
4975
4991
5025
5044
5052
5096
5163
5168
5185
5443
5451
5745
5979
6046
6121
6167
6194
6307
6329
6579
6864
6886
6933
7064
7074
7164
7187
7318
7345
7710
8010
8123
8217
8238
8304
8408
8481
8533
8618
8712
8713
8880
9066
9092
9256
9566
9612
9685
9718
9922
10191
10534
10605
10677
10875
10905
10977
10994
11000
11087
11095
11190
11234
11247
11380
11689
12302
12390
13077
13099
14039
14193
14416
14688
14745
14899
14901
14942
15066
15132
15304
15424
15922
16093
16228
16297
16320
16380
16493
16574
16644
16761
16913
16958
17136
17192
17306
17354
17424
17500
17568
17577
17641
17729
17910
17917
18175
18668
18977
19333
19403
19690
19913
20015
20038
20286
20293
20337
20344
20507
20618
20813
20963
21112
21183
21184
21203
21380
21385
21468
21481
21488
21510
22012
22894
22911
23043
23408
23652
23873
23929
23967
23990
24216
24721
24750
24835
24955
25018
25067
25334
25368
25674
25686
25946
26267
26845
27155
27198
27868
27917
27925
28005
28208
28327
29401
29410
29470
30008
30051
30082
30169
30474
30764
30967
31194
31202
31394
31659
31765
31808
31875
31997
32177
32197
32454
32771
33033
33278
33337
33494
33623
34011
34109
34242
34325
34369
34372
34610
34628
34668
34896
34923
35128
35278
35342
35391
35392
35957
35966
36175
36296
36319
36327
36881
37409
37418
37509
37560
37593
37815
37889
37927
37935
38219
38226
38305
38388
38521
38703
38789
38811
38812
38989
39533
39866
39978
40135
40151
40231
40563
40578
40631
40650
40784
