40
382
507
719
756
951
996
1076
1094
1163
1197
1217
1397
1412
1480
1671
2037
2336
2493
2572
2784
2858
2892
3124
3160
3382
3383
3623
3773
3999
4185
4269
4282
4428
4554
4602
4613
4639
4772
4870
5016
5024
5148
5355
5465
5760
6190
6517
6654
7085
7261
7362
7835
8060
8079
8291
8360
8424
8510
8535
8566
8578
8594
8626
8644
8781
8976
9120
9240
9695
9738
9979
9998
10129
10131
10171
10271
10344
10593
10728
10777
10889
10942
11154
11204
11225
11277
11553
11609
11658
11711
11764
12073
12198
12407
12718
13029
13104
13121
13135
13203
13210
13299
13314
13397
13469
13742
13744
13790
13884
14091
14144
14190
14308
14516
14666
14859
14886
14915
15174
15480
15534
15710
16308
16398
16411
16463
16603
16844
16959
16968
17155
17265
17340
17444
17522
17732
17934
17969
18201
18256
18472
18506
18580
18814
19008
19291
19423
19525
19903
20024
20104
20334
20770
20876
20938
21092
21134
21248
21287
22014
22136
22246
22418
22470
22492
22823
23190
23240
23867
24033
24173
24289
24340
24375
24571
24684
24807
24831
24982
25011
25324
25470
25801
26269
26277
26347
26537
26561
26715
26958
26960
26992
27104
27372
27690
27748
27814
27833
28473
28875
28990
29304
29403
29601
29625
29760
30172
30331
30441
30481
30598
30660
30824
31004
31019
31073
31087
31097
31392
31519
31601
31637
31890
32005
32152
32217
32908
33180
33244
33749
33762
33965
34017
34039
34169
34584
34884
34907
34963
35017
35024
35053
35078
35098
35114
35151
35255
35325
35364
35424
35447
35770
35909
36347
36726
36757
37281
37800
37907
38013
38036
38273
38628
38887
38983
38999
39082
39205
39449
39474
39520
39577
39587
39669
39694
39939
40025
40074
40229
40309
40342
40428
40432
40773
40800
13
42
85
342
1088
1111
1181
1547
1873
2318
2575
2580
2737
2747
2810
2834
2836
2936
2975
3067
3069
3087
3113
3350
3495
3588
3627
3927
4245
4288
4484
4529
4819
4857
4919
5079
5096
5144
5168
5324
5661
6121
6167
6201
6399
6469
6705
6864
6886
6933
7064
7074
7126
7164
7187
7318
8010
8105
8217
8224
8234
8238
8239
8408
8541
8615
8618
8691
8712
8713
8951
9242
9456
9566
9685
9922
9946
10191
10492
10534
10541
10626
10741
10875
10905
10977
10994
11041
11095
11190
11380
11562
11689
11748
11945
11973
12302
12345
12368
12390
12746
13037
13129
13875
14193
14688
14745
14890
14920
14942
15132
15304
15697
16093
16108
16380
16492
16493
16574
16644
16724
16958
17332
17354
17360
17500
17563
17568
17577
17641
17729
18668
19216
19300
19353
19614
19690
19913
19934
19974
20015
20134
20136
20507
20600
20618
20664
20751
21049
21078
21112
21183
21184
21203
21380
21385
21455
21468
21510
21712
22036
22274
22321
22336
22519
22544
22710
22888
22894
23180
23494
23652
23660
23873
24169
24427
24917
25067
25600
25674
26232
26542
26978
27136
27198
27221
27680
27801
27839
28005
28918
29290
29401
29410
29722
30008
30051
30082
30406
30764
31202
31394
31933
32004
32098
32197
32454
32730
32844
33033
33087
33278
33494
33515
33623
33701
34192
34325
34372
34610
34622
34668
34896
34923
34931
35056
35128
35342
35371
35391
35541
35633
35768
35957
35966
36319
36327
36418
36481
36724
36881
37239
37311
37369
37418
37509
37560
37593
37696
37714
37815
37889
37913
37935
38081
38219
38638
38811
38812
38889
38989
39084
39455
39468
39533
40185
40231
40563
40578
40606
40609
40650
