40
507
792
951
1027
1217
1412
1440
1480
1492
1535
1758
2037
2348
2553
2572
2858
2861
3532
3623
3773
3830
3908
3999
4185
4269
4554
4613
4639
4979
5024
5074
5503
5811
5812
5873
6026
6165
6313
6477
6517
6654
6711
6982
7040
7085
7362
7969
8079
8253
8291
8360
8535
8626
9023
9047
9072
9524
9593
9654
9809
9979
10129
10171
10279
10593
10725
10777
10867
10927
11154
11277
11553
11658
11686
11829
11965
12073
12198
12407
12474
12493
12571
12690
12955
13104
13135
13175
13203
13210
13624
13709
13726
13744
13790
13833
14091
14144
14190
14228
14301
14363
14674
15059
15174
15349
15710
16254
16293
16411
16463
16697
16959
17097
17155
17265
17291
17340
17444
17522
17732
17934
17969
18076
18115
18121
18256
18338
18472
18506
18580
19008
19229
19321
19422
19624
19805
19903
20024
20104
20225
20334
20778
20938
21092
21123
21134
21157
21167
21248
21747
21770
22094
22246
22297
22470
22528
22763
22821
22862
23080
23240
23694
24173
24289
24340
24347
24554
24571
24598
24684
24866
24982
25820
26040
26277
26347
26537
26561
26901
26958
26971
27065
27104
27352
27372
27402
27690
27725
28072
28122
28759
28931
28982
29304
29403
29601
29606
29644
30172
30331
30441
30697
31073
31097
31392
31873
31890
31893
32005
32123
32152
32217
32296
32319
32927
33180
33448
33749
33833
33965
34169
34246
34300
34584
34777
34794
34818
34840
34884
34907
34966
34996
35017
35024
35098
35114
35151
35364
35379
35407
35589
35770
35873
35909
36329
36347
36599
36802
37281
37302
37390
37777
37840
37907
38013
38036
38103
38222
38255
38274
38887
38999
39067
39082
39417
39572
39577
39694
40276
40428
40432
40800
13
31
219
346
369
1111
1181
1508
1739
1873
2318
2443
2452
2810
2936
3069
3087
3113
3123
3204
3336
3350
3495
3572
3588
3990
4023
4288
4409
4456
4484
4520
4675
4995
5044
5082
5096
5163
5168
5185
5250
5302
5324
5451
5661
5745
5792
5796
5856
5979
6167
6201
6307
6329
6375
6399
6469
6579
6933
7010
7164
7231
7345
7586
7717
8105
8217
8239
8408
8563
8615
8713
8880
8923
9005
9161
9256
9456
9550
9566
9624
10077
10191
10541
10626
10741
10875
10905
10977
10994
11087
11234
11380
11562
11598
11689
11945
12056
12122
12345
12390
12746
13037
13099
13445
13718
14039
14193
14416
14688
14745
14835
14890
14920
15066
15203
15304
15348
15423
15424
15697
15922
16093
16108
16114
16297
16320
16380
16434
16440
16493
16570
17136
17192
17354
17360
17641
17729
17917
18052
18668
18863
18977
19216
19614
19934
19974
20038
20134
20136
20293
20507
20600
20618
20813
21049
21078
21112
21148
21183
21184
21380
21468
21729
21935
22274
22519
22726
22894
22911
23180
23205
23408
23660
23873
23929
23967
24216
24835
24867
24955
24980
25018
25067
25297
25334
25368
25465
25600
25674
25686
26542
26978
27136
27155
27198
27210
27221
27353
27386
27680
27839
27868
27917
28210
28511
28878
29228
29410
29470
29722
30008
30082
31103
31194
31659
31933
31997
32004
32098
32177
32197
32454
32844
33087
33213
33278
33301
33337
33515
33701
34109
34192
34369
34628
34896
34923
34931
35128
35184
35327
35342
35371
35541
35546
35625
35768
35957
36021
36175
36293
36319
36327
36481
36845
36881
37239
37311
37369
37409
37418
37696
37913
37923
37927
37935
38055
38508
38703
38812
39084
39375
39455
39574
40185
40231
40457
40537
40563
40575
40578
40606
40631
40650
40680
