40
507
719
756
792
819
996
1094
1202
1217
1412
1513
1535
1671
1758
2003
2037
2104
2336
2348
2493
2572
2769
2784
2858
2917
3382
3383
3451
3575
3623
3773
3816
3830
3908
4264
4269
4282
4387
4422
4428
4554
4602
4613
4639
4772
4812
4870
4979
5016
5022
5148
5355
5503
5873
6026
6477
7040
7085
7158
7261
7362
7435
7835
8079
8510
8535
8594
8626
8976
9023
9047
9072
9120
9240
9524
9695
9809
9979
10687
10725
10777
10889
11063
11139
11204
11277
11413
11515
11609
11642
11658
11665
11711
11829
11965
12073
12198
12245
12346
12375
12512
12690
12718
13104
13135
13190
13203
13299
13314
13361
13397
13469
13518
13726
13790
14091
14190
14363
14538
14599
14674
14844
14915
15059
15534
16254
16308
16398
16470
16959
17097
17265
17444
17522
17969
18076
18115
18121
18256
18359
18472
18506
18580
18751
18872
19225
19229
19291
19312
19321
19423
19799
19805
19903
20104
20506
20876
20938
21004
21134
21248
21312
21411
21612
21767
21770
22246
22297
22338
22418
22470
22547
22823
22935
23080
23694
24173
24340
24347
24571
24652
24807
24982
25011
26040
26269
26561
26580
26958
26960
26971
26992
27104
27163
27195
27690
27806
27814
27833
28122
28554
28658
28776
28990
29101
29599
29601
29625
29760
29836
29925
30040
30107
30331
30660
31097
31271
31637
31873
31882
31890
31893
32005
32123
32217
32280
32290
32485
32869
32927
32931
33180
33274
34017
34020
34169
34246
34621
34708
34777
34818
34840
34884
34966
35053
35080
35098
35114
35151
35325
35364
35379
35403
35407
35651
35769
35770
35946
36051
36082
36329
36599
36802
37281
37390
37678
37777
37800
37907
38013
38103
38255
38628
38983
39417
39459
39572
39587
39694
39939
40025
40074
40276
40309
40342
40432
42
120
219
231
302
346
369
697
1088
1111
1181
1507
2253
2318
2443
2452
2580
2662
2747
2836
3069
3087
3093
3113
3204
3350
3396
3495
3588
3818
3926
3927
3990
4023
4245
4288
4363
4520
4778
4857
4919
4991
5025
5052
5082
5096
5163
5185
5792
6194
6307
6329
6399
6469
6579
6754
6886
6933
7010
7064
7126
7164
7187
7231
7710
8010
8217
8234
8372
8615
8618
8712
8713
8923
9066
9173
9456
9550
9566
9612
9697
9718
9922
10191
10626
10677
10741
10977
10994
11000
11087
11234
11380
11689
11748
11945
11973
12302
12345
12746
13077
13445
13718
13785
13875
14245
14416
14688
14835
14890
14920
14942
15304
15348
15384
15423
15697
16114
16297
16380
16492
16570
16724
16761
16913
17136
17332
17424
17500
17563
17910
18052
18977
19216
19333
19614
19913
19934
20056
20134
20286
20337
20406
20600
20664
20751
20813
20963
21049
21148
21183
21184
21380
21385
21455
21488
21510
21712
21935
22036
22274
22336
22519
22710
23180
23205
23408
23494
23620
23873
23948
24122
25368
25946
26137
26232
26267
26529
26845
27136
27155
27221
27386
27521
27815
28208
28210
28327
28592
28769
28800
28878
29228
29401
29410
29508
29787
30008
30764
30967
31089
31103
31194
31202
31394
31765
31808
31875
32177
32197
32730
32771
33033
33337
33494
33701
34011
34106
34192
34242
34369
34372
34610
34628
34668
34931
35056
35184
35278
35327
35371
35541
35768
35912
35957
36021
36293
36296
36327
36418
36724
36881
37016
37239
37369
37593
37696
37815
37913
37923
37927
38055
38225
38226
38521
38703
38811
38812
38889
39084
39375
39455
39468
39978
40185
40231
40537
40563
40575
40606
40784
