11
382
719
792
819
951
1060
1076
1094
1163
1197
1480
1492
1513
1535
1671
1758
2003
2037
2066
2104
2336
2348
2459
2553
2572
2917
3055
3160
3391
3532
3575
3830
3937
4185
4282
4387
4428
4639
4772
4812
4870
5016
5024
5074
5760
5812
6188
6477
6606
6654
6711
7147
7435
8253
8424
8510
8626
8644
8833
8976
9047
9240
9795
10593
10687
10777
10889
10942
11063
11225
11413
11609
11642
11658
11711
11764
11830
12071
12245
12375
12474
12512
12571
12631
12690
13029
13060
13121
13126
13175
13210
13299
13361
13397
13624
13744
13884
13986
14091
14228
14301
14308
14516
14538
14859
14886
15480
15534
15710
16254
16411
16470
16603
16697
16844
16959
17201
17291
17522
17732
18115
18121
18256
18338
18472
18506
19291
19423
19525
19624
19734
19799
19805
19903
20024
20104
20225
20466
20491
20537
20770
20876
20938
21004
21157
21248
21268
21612
21747
21770
21821
22014
22094
22136
22338
22492
22528
22821
23240
23867
24173
24375
24554
24684
24689
24807
24831
24982
25324
25470
25780
26480
26537
26561
26901
26951
26992
27548
27569
27719
27806
27814
28072
28658
28759
28776
28783
28931
28982
28990
29101
29152
29304
29403
29606
29644
29653
29760
30331
30347
30441
30598
30824
31073
31087
31392
31519
31592
31601
32135
32217
32280
32290
32296
32319
32485
32869
32908
33180
33244
33448
33762
33815
34017
34169
34367
34621
34794
34840
34907
34966
34996
35053
35078
35080
35151
35379
35424
35589
35651
35770
35873
35909
35946
36051
36082
36329
36506
36726
36802
37390
37777
37800
37840
37907
38036
38274
38677
38983
39417
39449
39474
39487
39520
39577
39669
39694
39843
40069
40229
40309
40773
40800
31
42
85
117
120
302
342
346
369
697
1088
1181
1508
1547
1632
2318
2443
2452
2580
2662
2737
2747
2834
2936
2975
3093
3113
3123
3350
3495
3572
3627
3927
4245
4484
4529
4819
4857
4975
4995
5025
5044
5082
5096
5144
5168
5250
5451
5661
5792
6158
6307
6329
6375
6469
6579
6864
7010
7064
7164
7231
7345
7710
7717
8105
8217
8234
8238
8304
8372
8408
8481
8533
8615
8712
8880
8923
8951
9005
9161
9173
9242
9612
9624
9685
9697
9922
10077
10191
10534
10605
10626
10677
10875
11000
11041
11186
11234
11247
11598
11689
11732
11748
12056
12302
12723
12746
13077
13099
13109
13875
14245
14688
14745
14835
14890
14899
14901
14942
15066
15203
15348
15424
15515
15697
15922
16297
16320
16380
16434
16440
16493
16644
16761
16913
17136
17327
17332
17344
17354
17360
17424
17500
17568
17626
17910
17917
18175
18668
18863
18882
19216
19300
19353
19913
20015
20038
20134
20136
20293
20337
20344
20507
20751
20813
20827
20860
21049
21148
21380
21481
21510
21935
22274
22710
23043
23408
23620
23652
23660
23967
24169
24498
24721
24750
24955
24980
25334
25368
25465
25600
25674
26267
26529
26542
26978
27136
27155
27198
27210
27353
27386
27521
27925
28005
28210
28511
28769
29228
29245
29290
29327
29410
30051
30169
30406
30474
30764
31089
31103
31165
31394
31659
31808
31875
31933
32004
32098
32454
32629
33213
33278
33301
34106
34109
34192
34242
34610
34622
34628
34896
34931
35184
35342
35360
35371
35391
35541
35546
35625
35633
35966
36021
36296
36418
36481
36594
36724
36845
37226
37239
37311
37369
37509
37560
37714
37815
37923
37927
37935
38225
38226
38388
38812
38989
39468
39574
40135
40151
40185
40578
40631
40650
40680
