40
382
507
719
756
792
819
951
1076
1094
1163
1202
1397
1440
1479
1480
1492
1513
2348
2459
2493
2553
2572
2769
2784
2858
2861
2917
3124
3391
3451
3532
3575
3773
3816
3830
3908
4185
4269
4812
4870
5016
5022
5024
5074
5355
5465
5503
5812
6313
6517
6982
7158
7362
7435
7835
7963
7969
8060
8079
8253
8424
8480
8535
8566
8578
8644
8781
8976
9072
9120
9593
9654
9738
9795
9809
9979
10129
10131
10279
10728
10889
11063
11139
11225
11277
11413
11553
11609
11642
11686
11711
11829
11830
12073
12245
12346
12375
12493
12512
12609
12690
12893
12985
13029
13190
13203
13210
13299
13314
13361
13726
13744
13833
13884
13986
14190
14301
14599
14674
14859
14886
15059
15174
15349
15480
15534
15710
16293
16308
16411
16603
16697
17067
17201
17291
17340
17444
17522
17732
18359
18580
18872
19151
19225
19229
19321
19423
19799
19805
20334
20491
20506
20537
20770
20876
21092
21134
21248
21268
21287
21767
21770
22094
22246
22297
22338
22470
22492
22763
22862
23240
23867
23890
24033
24173
24340
24375
24571
24598
24684
24761
24807
24866
24982
25470
25780
25801
26072
26269
26277
26455
26480
26580
26901
26951
26971
26992
27065
27104
27163
27402
27548
27690
27725
27806
28072
28122
28473
28658
28759
28875
28931
29588
29599
29601
29644
29836
29925
30040
30441
30481
30598
31004
31073
31097
31271
31473
31519
31592
31601
31637
31873
31882
31893
32123
32152
32280
32290
32485
32908
32931
33244
33749
33762
33831
33833
33965
34235
34300
34367
34584
34884
34907
35053
35098
35255
35325
35364
35379
35403
35407
35424
35770
35860
35909
36051
36347
36506
36719
36757
36802
37777
37840
37931
38036
38222
38255
38273
38605
38887
39310
39449
39459
39487
39520
39577
39587
39694
40025
40069
40074
40309
40432
40773
42
117
231
346
369
697
1088
1181
1739
1798
1873
2302
2575
2601
2662
2737
2747
2810
3087
3123
3336
3396
3627
3990
4023
4363
4456
4520
4975
4991
5044
5052
5473
5615
5661
5745
5796
5856
5979
6046
6121
6167
6194
6201
6307
6399
6754
6933
7010
7164
7318
7717
8010
8123
8224
8372
8481
8541
8615
8618
8691
8713
8880
8923
8951
9005
9066
9173
9256
9456
9612
9624
9718
9922
9935
9946
10191
10534
10741
10875
10977
10984
11000
11041
11186
11247
11380
11562
11732
12056
12122
12302
12310
12390
12746
13785
13875
14041
14193
14245
14416
14688
14920
14942
15066
15203
15348
15384
15515
15922
16093
16108
16114
16228
16320
16492
16493
16570
16574
16724
17332
17344
17424
17577
17641
17729
18863
19216
19300
19353
19614
19690
20038
20136
20293
20344
20507
20600
20618
20664
20813
20827
20860
20963
21049
21078
21183
21184
21380
21385
21412
21468
21510
21712
21729
22911
23494
23660
23873
23929
23967
24122
24216
24498
24750
24835
24955
25018
25334
25368
25674
25686
26542
27136
27155
27198
27210
27221
27353
27801
28005
28038
28208
28210
28592
28769
28800
28878
29401
29722
29787
30008
30051
30169
30337
30764
30967
31394
31765
31808
31997
32098
32730
32844
33033
33278
33301
33494
34109
34192
34242
34369
34372
34622
34896
34923
35128
35278
35327
35342
35360
35371
35392
35546
35625
35768
35912
36021
36293
36418
36594
37311
37418
37509
37560
37696
37923
37927
37935
38055
38081
38225
38226
38305
38508
38521
38638
38811
38812
38889
38989
39127
39375
39978
40135
40151
40395
40563
40575
40578
40606
40609
40680
