507
819
996
1060
1094
1163
1202
1479
1492
1513
1535
1671
2066
2348
2493
2553
2784
2858
2861
2892
2917
3382
3383
3391
3575
3773
3830
3937
3999
4268
4282
4387
4422
4554
4639
4812
4870
5148
5465
5466
5811
5812
5873
6026
6441
6477
6537
6606
7040
7085
7362
7435
7835
7963
8253
8291
8535
8833
9047
9072
9593
9654
9695
9809
9998
10129
10131
10171
10593
10687
10728
10777
10889
11063
11225
11277
11413
11515
11658
11665
11965
12198
12245
12375
12493
12609
12631
12690
12718
12955
13029
13104
13121
13126
13190
13210
13469
13709
13726
13742
13744
13790
13884
13986
14091
14599
14844
14886
14915
15174
15480
15710
16411
16844
16860
16959
16968
17067
17201
17265
17340
18076
18115
18256
18472
18751
18794
18814
18872
19008
19291
19312
19321
19422
19799
20024
20225
20466
20537
20770
20778
20876
20938
21004
21123
21157
21248
21287
21312
21770
21821
22010
22014
22136
22246
22297
22418
22528
22547
22763
22821
22823
22862
22935
23890
23971
24033
24173
24340
24375
24554
24684
24831
25780
25820
26072
26277
26347
26455
26537
26561
26580
26715
26958
26960
26971
27104
27195
27569
27719
27725
27748
27806
27814
27833
28122
28473
28554
28776
29101
29304
29599
29601
29653
29760
30172
30449
30481
30660
30824
31004
31097
31473
31519
31882
32217
32485
32869
33180
33244
33274
33448
33749
33762
33815
33831
33965
34017
34039
34246
34584
34621
34708
34777
34884
34966
35053
35078
35080
35098
35114
35151
35255
35403
35424
35447
35769
35770
35860
35873
35909
35946
36082
36329
36506
36719
36726
36802
37281
37302
37390
37840
38013
38036
38103
38222
38255
38273
38274
38444
38605
38677
38887
38983
39067
39417
39449
39487
39520
39572
39577
40025
40055
40069
40074
40309
40432
40773
40800
13
42
120
302
346
369
762
1181
1508
1798
1873
2318
2443
2452
2662
2737
2747
2836
2936
3069
3093
3113
3123
3336
3350
3572
3588
3627
3818
3926
3927
3935
3990
4245
4288
4363
4456
4819
4857
4991
5025
5044
5052
5079
5082
5163
5168
5302
5324
5443
5661
5745
5796
5979
6121
6167
6194
6329
6399
6469
6864
6886
6933
7126
7503
7710
7717
8010
8123
8217
8238
8239
8372
8408
8541
8563
8615
8691
9066
9242
9550
9624
9697
9946
10541
10741
11000
11598
11732
11748
11973
12122
12302
12368
13109
14039
14193
14245
14901
14942
15132
15203
15348
15384
15424
15697
15922
16108
16228
16297
16380
16492
16644
16724
16761
16913
16958
17136
17354
17360
17424
17568
17626
17641
17729
17910
18891
19353
19690
19913
19974
20015
20038
20136
20286
20337
20406
20507
20600
20860
21078
21112
21203
21488
21510
21712
21729
22012
22274
22321
22336
22519
22911
23180
23408
23652
23660
23929
23948
23967
23990
24122
24169
24216
24427
24721
24867
24917
24980
25018
25297
25368
25465
25674
26232
26542
26845
26978
27155
27353
27521
27917
28005
28038
28210
28327
28511
28800
28878
29228
29245
29410
29722
30008
30051
30169
30406
30764
31089
31103
31194
31394
31659
31765
31933
32177
32197
32730
32771
32844
33033
33087
33213
33337
33701
34011
34109
34192
34372
34668
34923
34931
35056
35128
35184
35342
35371
35541
35625
35912
35957
35966
36293
36296
36319
36327
36594
36881
37016
37226
37239
37311
37369
37409
37593
37913
37923
37935
38219
38388
38508
38638
38789
38812
38889
38989
39127
39375
39468
39533
39574
39866
40151
40185
40231
40457
40563
40650
40680
