40
382
756
792
819
1202
1412
1440
1479
1671
1758
2003
2066
2348
2459
2572
2784
2917
3055
3124
3383
3391
3532
3623
3773
3937
4185
4269
4282
4387
4554
4613
4639
4979
5024
5148
5503
5811
6026
6165
6188
6190
6313
6517
6537
6654
7158
7435
7835
7963
8060
8291
8360
8424
8480
8510
8535
8594
8626
8644
8781
9023
9047
9072
9120
9154
9240
9654
9695
9738
9795
9809
9979
9998
10129
10171
10271
10344
10593
10687
10867
10927
10942
11154
11204
11413
11609
11642
11658
11686
11711
11764
11829
12071
12407
12493
12571
12609
12718
12893
12955
12985
13029
13060
13126
13135
13175
13203
13210
13299
13314
13469
13709
13726
13742
13744
13986
14144
14306
14516
14599
14859
14915
15480
15710
16254
16308
16398
16411
17067
17155
17291
17340
17444
17522
17969
18076
18121
18201
18338
18506
18751
19225
19229
19321
19734
19805
19903
20104
20225
20466
21004
21092
21123
21134
21248
21268
21287
21312
21411
21747
22010
22014
22094
22246
22297
22338
22418
22492
22821
22823
23240
23694
23867
23971
24289
24340
24347
24554
24652
24689
24761
25011
25324
26040
26072
26277
26537
26715
26951
27065
27104
27163
27195
27352
27548
27593
27690
27725
28072
28122
28554
28759
28783
28931
28982
28990
29403
29599
29625
29644
29653
29836
29936
29963
30040
30481
30598
30660
31073
31097
31473
31519
31601
31873
32135
32217
32280
32296
32485
32927
32931
33180
33274
33448
33749
33831
33965
34169
34246
34300
34367
34708
34777
34840
34907
34963
35053
35078
35080
35098
35403
35407
35589
35651
35770
36051
36082
36329
36347
36757
37302
37777
37800
37840
37907
37931
38103
38222
38273
38444
38605
38950
38983
38999
39082
39205
39310
39449
39459
39474
39520
39577
39939
40025
40055
40069
40309
40428
40800
13
42
117
120
342
346
1088
1181
1508
1547
1739
1798
1873
2253
2302
2318
2443
2452
2575
2580
2601
2737
2975
3069
3087
3093
3204
3336
3495
3627
3818
3823
3926
3935
4245
4363
4456
4484
4529
4675
4919
4975
5025
5044
5052
5082
5144
5163
5250
5443
5615
5856
5979
6121
6167
6329
6399
6469
6705
6754
6886
6933
7010
7164
7187
7345
7503
7586
7717
8010
8105
8217
8224
8239
8304
8541
8691
8880
8923
9005
9066
9092
9161
9242
9624
9935
9946
10534
10541
10605
10626
10741
10875
10977
10994
11041
11095
11186
11190
11234
11380
11598
11689
11732
12056
12122
12390
12723
12746
13129
13718
13875
14245
14416
14890
14920
15066
15132
15348
15423
15515
16108
16228
16320
16440
16493
16570
16644
16724
16761
16958
17136
17192
17306
17344
17500
17568
17577
17910
17917
18175
19300
19333
19353
19614
19913
19934
20015
20056
20337
20344
20406
20507
20600
20751
20813
20827
20860
21078
21148
21183
21184
21380
21468
21481
21510
21549
21729
22036
22336
22519
22894
22911
23180
23494
23620
23873
23929
23948
23990
24427
24721
25067
25368
25465
25600
25686
26542
27136
27155
27353
27868
27925
28208
28210
28511
28800
28918
29228
29401
29410
29787
30008
30051
30082
30406
30474
30967
31103
31202
31808
31875
31933
32098
33087
33278
33623
33701
34011
34192
34325
34896
35184
35278
35327
35342
35360
35371
35546
35633
35768
35966
36021
36175
36296
36319
36481
36594
36724
36845
36881
37560
37889
37935
38225
38226
38388
38638
38811
38812
38989
39084
39127
39147
39375
39455
39468
39574
39866
40151
40185
40537
40563
40575
40578
40606
40609
40680
