382
792
819
996
1202
1217
1397
1412
1440
1480
1492
1513
1758
2003
2037
2066
2553
2572
2769
2784
2858
2861
2892
2917
3124
3160
3383
3391
3532
3773
3908
3937
4185
4264
4268
4282
4428
4613
4772
4812
4870
5022
5148
5355
6026
6165
6188
6190
6537
6606
6654
6711
6982
7085
7261
8060
8291
8360
8424
8480
8535
8566
8594
8644
8833
9023
9047
9524
9593
9738
9795
9998
10279
10927
11063
11139
11204
11413
11609
11642
11658
11711
11830
11965
12071
12073
12198
12346
12375
12512
12571
12609
12631
12690
12985
13104
13121
13126
13135
13175
13299
13624
13726
13833
14091
14190
14306
14308
14363
14599
14666
14674
14844
14915
15349
15480
16254
16293
16411
16470
16603
16697
16844
16860
16959
16968
17097
17155
17265
17444
18121
18201
18256
18338
18472
18506
18794
18814
18872
19151
19229
19291
19312
19321
19525
19799
19805
20225
20491
20778
21004
21092
21157
21287
21612
21747
21767
21821
22338
22492
22528
22821
22862
22935
23240
23867
23890
23971
24340
24347
24652
24689
24831
24866
24982
25011
25801
26072
26269
26277
26347
26537
26561
26960
26971
26992
27065
27104
27163
27195
27402
27569
27690
27725
28072
28122
28473
28554
28759
28776
28875
28931
28990
29101
29152
29304
29588
29599
29601
29644
29936
30040
30347
30481
30598
30824
31019
31087
31097
31271
31519
31601
31637
31893
32005
32135
32152
32280
32290
32296
32319
32485
32869
32927
33244
33274
33448
33749
33815
34235
34246
34300
34367
34621
34708
34777
34818
34840
34884
34963
34966
35017
35053
35078
35114
35379
35403
35407
35589
35651
35769
35946
36051
36082
36506
36719
36726
36757
37281
37678
37777
37931
38013
38222
38255
38273
38274
38605
38677
38887
38950
38999
39067
39417
39459
39487
39694
39939
40025
40055
40069
40074
40229
40276
31
117
120
231
302
346
1507
1739
1798
1873
2302
2318
2443
2575
2580
2601
2936
3069
3093
3113
3204
3336
3572
3627
3818
3927
3990
4023
4245
4456
4484
4520
4778
4819
5052
5082
5163
5250
5302
5661
5792
5856
5979
6046
6158
6201
6307
6329
6375
6579
6864
6886
7064
7126
7164
7717
8123
8224
8238
8239
8304
8372
8408
8481
8533
8541
8563
8615
8618
9005
9066
9092
9161
9550
9612
9624
9697
9718
9922
9935
9946
10077
10492
10626
10741
10984
10994
11041
11095
11190
11247
11380
11562
11598
12056
12302
12310
12390
13037
13785
13875
14041
14745
15066
15203
15304
15423
15515
15697
15922
16114
16228
16297
16380
16434
16440
16493
16570
16644
17344
17354
17500
17563
17626
17641
17910
17917
18863
18882
18891
19216
19353
19614
19934
20015
20038
20134
20286
20293
20344
20406
20600
20618
21049
21078
21148
21183
21184
21510
21712
21729
21935
22321
22519
22710
22726
22888
23180
23205
23494
23660
23873
23929
23967
24122
24427
24498
24835
24980
25067
25334
25686
26137
26267
26529
27221
27521
27680
27801
27815
27839
27868
27925
28038
28210
28327
28511
28878
29228
29401
29410
29722
29787
30008
30169
30474
30764
31089
31394
31765
31997
32004
32098
32177
32454
32629
32730
33278
33301
33337
34106
34109
34668
34896
34931
35056
35128
35184
35342
35360
35371
35392
35768
35912
35966
36175
36293
36319
36724
36845
37016
37226
37239
37369
37409
37418
37509
37560
37696
37815
37913
37923
38055
38219
38225
38305
38388
38508
38638
38811
38989
39084
39127
39147
39455
39574
39866
40135
40185
40395
40457
40575
40606
40650
