11
382
507
756
792
1060
1076
1202
1397
1412
1492
1513
1535
1671
1758
2003
2037
2553
2784
2861
2892
3124
3382
3391
3451
3532
3575
3623
3816
3999
4268
4282
4387
4422
4428
4554
4613
4772
5074
5466
5503
5811
5812
5873
6165
6188
6441
6477
6711
7147
7158
7261
7435
7963
8060
8079
8291
8360
8510
8578
8626
8833
9072
9240
9524
9593
9654
9795
9979
10131
10171
10279
10344
10728
11063
11139
11204
11515
11553
11609
11711
11829
11830
11965
12071
12245
12346
12375
12474
12512
12571
12631
12690
12718
13060
13126
13175
13190
13203
13210
13397
13518
13624
13709
13742
13744
13884
14144
14190
14228
14308
14538
14599
14844
14886
14915
15059
15174
15480
15710
16293
16308
16411
16463
16697
17097
17155
17291
17444
17780
17934
18115
18256
18338
18359
18472
18506
18814
18872
19008
19321
19422
19624
19734
19799
19903
20024
20225
20334
20466
20491
20506
20770
20876
20938
21134
21248
21612
21747
21770
21821
22246
22763
22862
22935
23190
23240
23890
24173
24289
24375
24554
24598
24807
24831
24982
25011
25192
25324
25801
26072
26269
26455
26480
26537
26580
26901
26958
26971
27163
27195
27352
27372
27548
27593
27806
27833
28473
28658
28759
28776
28783
28875
28990
29101
29152
29403
29588
29606
29625
29653
29936
30040
30107
30172
30347
30441
30449
30481
30697
30824
31004
31073
31097
31271
31519
31601
31893
32280
32296
32485
32931
33448
33749
33815
33831
34020
34039
34169
34235
34246
34300
34367
34584
34621
34777
34963
35017
35024
35053
35078
35098
35151
35379
35403
35407
35447
35651
35769
35770
35946
36051
36082
36347
36719
36726
36802
37281
37777
38013
38273
38887
38983
38999
39067
39310
39417
39449
39459
39487
39587
39843
39939
40055
40074
40342
40428
40432
13
31
85
120
231
1088
1507
1547
1632
1739
2253
2302
2318
2452
2575
2834
3067
3113
3123
3204
3336
3350
3396
3495
3588
3627
3818
3927
3935
4023
4245
4288
4409
4520
4529
4675
4819
4857
5025
5082
5185
5250
5302
5451
5661
5856
5979
6121
6158
6194
6201
6375
6399
6579
7010
7074
7187
7586
7717
8123
8217
8239
8372
8408
8481
8541
8563
9005
9092
9256
9456
9612
9624
9718
10077
10492
10605
10677
10741
10875
10984
10994
11041
11087
11095
11186
11562
11598
11689
11748
11945
12056
12345
13109
13129
13875
14041
14193
14245
14416
14688
14745
14890
14899
14920
14942
15066
15132
15203
15424
15697
15922
16108
16114
16297
16380
16493
16574
16644
16724
16761
17192
17327
17332
17354
17360
17424
17500
17577
18175
18977
19216
19333
19353
19690
19913
20038
20056
20134
20286
20293
20337
20406
20618
20751
20813
20827
20860
20963
21078
21112
21183
21184
21385
21412
21455
21468
21488
21549
21712
21729
21935
22012
22036
22336
22519
22544
22894
22911
23205
23494
23929
23967
23990
24216
24498
24721
24867
24917
24955
25018
25067
25297
25334
25600
25686
26137
26232
26529
27210
27680
27815
27925
28005
28038
28208
28210
28592
28878
28918
29327
29401
29787
30051
30082
30169
30337
30474
31089
31194
31808
31997
32004
32177
32454
32629
32844
33033
33087
33301
33337
33494
33515
33623
33701
34011
34192
34610
34628
34923
34931
35128
35184
35278
35768
35912
36021
36175
36293
36418
36481
36594
36724
36881
37226
37311
37369
37509
37560
37714
37815
37913
37923
38081
38305
38508
38521
38638
38812
38889
38989
39468
39533
40135
40185
40395
40537
40578
40631
40650
