11
40
382
507
756
792
819
1060
1076
1094
1197
1397
1440
1479
1480
1758
2003
2066
2104
2336
2493
2784
2861
2917
3055
3124
3160
3383
3391
3451
3532
3623
3830
4264
4282
4428
4554
4613
4812
4979
5022
5024
5074
5148
5355
5760
5812
6188
6190
6441
6517
6537
6606
6654
6711
7040
7147
7261
7362
7835
7969
8079
8360
8424
8510
8566
8594
8644
8976
9047
9072
9654
9695
9738
9795
10131
10171
10279
10593
10725
10728
10777
10889
11139
11154
11204
11553
11609
11642
11686
11830
12071
12245
12375
12493
12512
12955
12985
13060
13121
13126
13203
13361
13397
13518
13624
13709
13726
13742
13744
13790
14091
14674
14844
14886
15059
15174
16293
16411
16463
16470
16603
16959
16968
17291
17340
17444
17522
17732
17934
18076
18115
18338
18359
18506
18751
18794
18872
19225
19291
19525
19799
19903
20024
20466
20770
20876
20938
21092
21123
21134
21167
21248
21268
21747
21767
22094
22136
22338
22418
22470
22547
22821
23080
23190
23240
23890
23971
24173
24340
24347
24554
24571
24689
24761
24831
24982
25324
25820
26269
26277
26455
26480
26580
26901
26958
26971
27065
27104
27195
27569
27725
27806
27814
28072
28473
28658
28776
28783
28875
28931
29101
29304
29599
29601
29644
29653
29760
29925
29963
30040
30172
30331
30347
30441
30449
30481
30824
31004
31087
31519
31890
31893
32280
32290
32296
32319
32485
32908
32927
32931
33749
33815
33831
33833
33965
34020
34235
34367
34584
34621
34884
34966
34996
35024
35053
35078
35098
35255
35325
35403
35407
35589
35651
35769
35770
35873
35909
35946
36051
36082
36506
36599
36757
36802
37281
37678
37800
37907
37931
38255
38273
38274
38444
38677
38887
38999
39067
39449
39577
39669
39694
39939
40069
40229
40342
13
31
85
120
342
369
1111
2253
2443
2452
2575
2580
2601
2747
2810
2834
2836
2936
2975
3067
3087
3093
3204
3336
3350
3396
3495
3627
3818
3926
3927
4288
4409
4456
4520
4529
4778
4819
4857
4975
4995
5044
5052
5082
5144
5185
5324
5451
5745
5796
5856
5979
6046
6121
6167
6194
6201
6375
6399
6754
6886
6933
7126
7187
7231
8010
8105
8217
8224
8238
8304
8408
8563
8615
8618
8712
8713
9005
9256
9550
9697
9935
9946
10191
10492
10875
10905
10977
11000
11087
11190
11247
11380
11598
11748
11945
12056
12122
12302
12345
12368
12746
13037
13077
13099
13445
14039
14041
14193
14688
14901
15066
15203
15304
15424
15515
15697
16297
16380
16434
16492
16493
16570
16644
16913
17136
17306
17327
17332
17354
17424
17500
17626
17729
17917
18175
18891
18977
19333
19403
19614
19690
19974
20015
20134
20293
20344
20406
20507
20618
20664
20827
21183
21184
21203
21380
21385
21412
21455
21481
21935
22036
22274
22321
22726
22888
22911
23043
23205
23408
23494
23620
23652
23948
24216
24721
24835
24867
24955
25018
25297
25334
25465
25674
25686
25946
26137
26845
26978
27136
27155
27198
27210
27680
27801
27815
27839
27917
28005
28038
28210
28511
28800
28918
29245
29401
29470
29722
30474
30967
31089
31202
31765
31933
31997
32177
32197
32629
32730
32771
32844
33278
34106
34109
34242
34369
34372
34610
34622
34931
35278
35360
35546
35625
35633
35768
35957
35966
36319
36418
36481
36594
36724
36845
36881
37016
37226
37418
37593
37696
37913
37923
38055
38789
38811
38889
38989
39084
39127
39375
39455
39468
39533
39574
39866
39978
40185
40231
40457
40563
40606
40609
