382
719
756
1027
1076
1094
1202
1397
1412
1440
1479
1513
2003
2037
2066
2336
2553
2572
2769
2784
2861
2892
3055
3124
3160
3383
3451
3532
3575
3623
3908
3937
4269
4282
4613
4979
5024
5074
5465
5466
5873
6026
6441
6606
6654
6982
7261
7362
7835
8360
8566
8578
8594
8626
8833
8976
9072
9154
9524
9593
9654
9695
10129
10171
10271
10344
10593
10687
10728
10889
10927
11063
11139
11204
11277
11515
11553
11658
11711
11830
12245
12375
12407
12474
12609
12985
13126
13175
13190
13314
13397
13469
13518
13709
13726
13744
14091
14144
14301
14363
14599
14674
15059
15710
16293
16308
16411
16844
17097
17934
18076
18115
18121
18256
18338
18506
18580
18814
18872
19008
19229
20334
20466
20506
20537
20770
20938
21123
21134
21167
21268
21287
22014
22470
22492
22528
22763
22823
22862
22935
23080
23694
24289
24347
24571
24689
24761
24807
24866
24982
25011
25470
26040
26072
26269
26347
26537
26580
26951
26971
27065
27104
27163
27372
27569
27593
27690
27719
28072
28122
28473
28554
28658
28931
28982
29101
29304
29403
29601
29606
29625
29644
29653
29925
29963
30107
30172
30331
30598
31073
31097
31271
31392
31473
31519
31601
31882
32005
32123
32152
32280
32296
32319
32869
32908
33180
33244
33448
33749
33762
34017
34235
34246
34367
34777
34818
34884
35053
35080
35325
35364
35407
35424
35589
35651
36082
36329
36347
36506
36599
37281
37678
37840
37931
38255
38274
38444
38950
38999
39067
39310
39449
39459
39474
39572
39577
39669
39843
39939
40229
40276
40342
40428
40773
40800
13
85
117
120
302
342
346
369
697
1088
1181
1507
1547
1798
2253
2302
2452
2601
2737
2747
2836
3067
3087
3350
3396
3588
3627
3823
3926
3935
4023
4520
4529
4857
4975
4991
4995
5025
5250
5302
5324
5473
5615
5745
5796
5856
5979
6046
6167
6194
6307
6329
6399
6705
6886
7064
7074
7126
7164
7187
7318
7503
7710
7717
8010
8224
8238
8372
8533
8563
8713
9066
9092
9161
9173
9256
9456
9550
9566
9612
9624
9697
9718
9935
9946
10492
10534
10677
10905
10977
10984
11000
11041
11095
11186
11247
11380
11562
11689
11732
11748
11973
12056
12302
12310
12345
12390
12723
12746
13037
13129
13718
13785
14039
14041
14193
14245
14416
14688
14890
14942
15066
15203
15384
15423
15922
16108
16228
16380
16440
16574
16644
16761
16913
16958
17136
17306
17327
17332
17354
17424
17500
17563
17568
17577
17641
17729
17910
18882
19403
19690
19974
20134
20136
20286
20293
20337
20406
20507
20618
20664
20813
20827
20963
21049
21078
21112
21148
21380
21385
21481
21488
21549
21729
21935
22036
22274
22321
22519
22726
22894
22911
23043
23180
23205
23408
23494
23660
23929
23948
23967
23990
24122
24427
24498
24750
24917
24955
25018
25297
25465
25600
25674
25686
26267
26978
27136
27198
27210
27353
27521
27801
27815
27868
28005
28210
28327
28511
28878
28918
29228
29290
29401
29410
29722
29787
30008
30082
30169
30337
30406
30474
30967
31089
31202
31394
31659
31765
31808
31933
31997
32098
32177
32197
32454
33033
33213
33278
33623
34011
34242
34325
34610
34896
35128
35327
35342
35392
35541
35625
35633
35768
35912
35966
36021
36293
36327
36481
36845
36881
37016
37226
37369
37509
37696
37714
37913
37927
37935
38055
38219
38225
38226
38305
38638
38703
38789
38811
38812
38889
38989
39084
39127
39455
39866
39978
40151
40185
40231
40537
40563
40578
40784
