382
719
756
792
819
951
996
1202
1492
1513
1671
2003
2104
2459
2572
2784
2861
2892
3055
3124
3451
3532
3575
3830
3908
3999
4264
4282
4602
4613
4979
5016
5074
5465
5466
5760
5811
6026
6188
6441
6477
6517
6606
6654
6711
7040
7261
7835
7963
8060
8079
8253
8480
8578
8594
8626
8644
8833
8976
9023
9047
9072
9154
9593
9654
9695
9979
10129
10279
10344
10728
10867
10889
10927
11225
11413
11553
11609
11642
11686
11829
11965
12375
12493
12571
12631
12718
12985
13060
13104
13126
13135
13203
13210
13397
13624
13726
13790
13833
13884
14144
14190
14308
14538
14599
14666
14674
14844
14859
16411
16463
16603
16968
17291
17340
17444
17732
17934
18115
18201
18338
18506
18580
18814
18872
19229
19312
19422
19423
19799
19805
19903
20024
20104
20225
20334
20491
20537
20770
20876
20938
21004
21123
21157
21248
21268
21411
21612
21770
22010
22014
22338
22418
22492
22528
22547
22821
23080
23694
23890
24033
24289
24340
24375
24554
24571
24598
24684
24761
25192
25324
25470
25780
25801
26072
26537
26561
26901
26971
26992
27163
27195
27569
27690
27719
27725
27833
28554
28658
28776
28783
28875
28990
29152
29403
29599
29601
29606
29625
29644
29760
29836
29925
30040
30107
30331
30347
30441
30449
30660
30824
31004
31019
31073
31087
31592
31637
31882
32217
32290
32485
33180
33274
33762
33815
33831
33965
34020
34039
34246
34584
34818
34884
34907
34963
34966
34996
35024
35114
35255
35379
35403
35407
35424
35447
35589
35769
35946
36329
36347
37302
37678
37907
37931
38036
38255
38274
38444
38605
38677
38950
39067
39082
39310
39474
39520
39572
39577
39669
39694
39939
40025
40074
40428
40800
117
120
231
302
342
346
1088
1111
1632
1798
2302
2575
2662
2747
2836
2975
3067
3069
3123
3204
3588
3627
3818
3990
4288
4363
4456
4484
4520
4675
4819
4919
4975
4991
4995
5025
5044
5079
5250
5302
5324
5473
5615
5661
5745
5792
5856
5979
6158
6167
6194
6307
6375
6399
6579
6705
6754
6933
7064
7164
7231
7318
7345
7710
7717
8010
8123
8217
8238
8239
8304
8372
8408
8481
8533
8541
8618
8923
9005
9066
9161
9173
9456
9566
9685
9718
9935
10077
10191
10492
10534
10626
10905
10977
10984
11041
11095
11186
11247
11562
11689
11732
11945
11973
12056
12122
12302
12310
12345
12746
13037
13077
13109
13718
13875
14245
14416
14745
14835
14890
14899
14901
14920
15066
15132
15203
15304
15384
15515
16108
16228
16320
16380
16434
16492
16570
16574
17136
17192
17354
17424
17500
17563
17577
17626
17910
18668
18882
18891
19216
19333
19353
19403
19614
19690
19974
20038
20134
20293
20337
20600
20751
20963
21049
21112
21380
21455
21468
21481
21549
21935
22012
22274
22336
22710
22726
22888
22894
22911
23043
23180
23408
23660
23873
23929
23990
24122
24427
24721
24750
24835
24917
24955
24980
25067
25297
26529
26542
26845
26978
27136
27198
27521
27680
27839
27925
28208
28327
28769
28918
29245
29327
29410
29722
30051
30082
30169
30337
30406
30474
31194
31202
31659
31765
32004
32197
32730
32771
33278
33301
33337
33701
34106
34109
34242
34325
34610
34628
34896
34923
34931
35056
35128
35342
35360
35391
35392
35541
35768
35912
35966
36021
36296
36319
36327
36418
36594
37016
37226
37409
37418
37560
37593
37696
37913
37935
38219
38388
38508
38521
38703
38811
38812
38889
39084
39375
39468
40185
40231
40395
40631
40680
40784
