11
40
819
1060
1076
1163
1217
1412
1440
1480
1513
1758
2037
2104
2459
2493
2553
2572
2769
2858
3382
3532
3575
3937
4185
4264
4268
4269
4387
4422
4602
4613
4812
4870
5016
5148
5355
5465
5811
5812
5873
6026
6188
6190
6477
6517
6654
6711
6982
7085
7158
7261
7362
8060
8079
8253
8360
8510
8535
8566
8578
8626
9023
9047
9240
9524
9654
9738
9795
9809
9998
10129
10687
10725
10927
10942
11139
11154
11609
11665
11711
11830
11965
12071
12073
12198
12375
12407
12474
12493
12512
12631
12690
12718
12893
13104
13121
13175
13203
13210
13314
13361
13469
13518
13744
13790
13833
13884
14091
14228
14301
14308
14516
14538
14599
14666
14859
15349
15480
15534
16308
16398
16411
16470
16844
16968
17155
17201
17340
17444
17522
18121
18201
18256
18338
18472
18580
18751
18794
18814
19225
19229
19291
19312
19321
19525
19624
19734
19799
19903
20024
20334
20466
20491
20876
21092
21123
21157
21248
21747
21770
21821
22094
22136
22246
22338
22418
22470
22528
22821
22823
23080
23240
23694
23890
23971
24033
24347
24684
24761
24807
24866
25011
25324
25470
25780
26277
26347
26537
26561
26715
26951
26960
26971
27065
27104
27163
27352
27593
27725
27748
27814
28072
28473
28554
28783
28931
29152
29304
29599
29601
29644
30040
30107
30331
30347
30449
30598
30660
30697
30824
31004
31073
31392
31519
31592
31882
31893
32152
32217
32280
32319
32485
32869
32908
32927
32931
33180
33244
33274
33762
33833
34017
34039
34246
34300
34584
34621
35024
35053
35114
35151
35379
35403
35424
35770
35860
35873
35946
36082
36329
36347
36599
37390
37678
37777
37800
37907
37931
38036
38273
38605
38628
38887
38950
39067
39082
39205
39449
39459
39474
39520
39572
39587
39669
39843
39939
40069
40309
40428
40432
40800
42
117
120
231
342
346
369
697
762
1088
2253
2302
2318
2443
2580
2601
2737
2975
3396
3572
3588
3823
3926
3935
4023
4409
4520
4529
4778
4819
4975
4995
5052
5079
5163
5168
5185
5302
5324
5443
5615
5796
5856
5979
6121
6158
6167
6329
6375
6469
6579
6933
7126
7187
7503
7710
8105
8234
8238
8563
8615
8691
8880
8951
9173
9550
9566
9612
9624
9697
9718
9922
9935
10191
10492
10541
10605
11041
11186
11190
11234
11247
11380
11562
11598
11689
12122
12302
12368
12723
12746
13077
13099
13718
13785
13875
14193
14245
14745
14835
14920
15066
15132
15304
15384
15423
15424
15515
15697
16093
16108
16114
16228
16297
16570
16574
16644
16724
16958
17332
17344
17354
17360
17577
17626
17641
17910
17917
18052
18891
19216
19353
19913
20056
20337
20600
20813
21078
21148
21184
21203
21380
21412
21481
21488
21510
21549
21712
22012
22336
22710
22726
22888
22911
23180
23494
23620
23660
23948
23967
23990
24169
24427
24498
24835
24867
24917
25018
25297
25368
25465
25600
25946
26529
27136
27210
27521
27680
27801
27815
27839
27868
27917
28005
28038
28210
28327
28878
29228
29290
29327
29401
30008
30337
30406
30764
31103
31202
31394
31808
31875
31997
32098
32177
32730
32771
32844
33033
33087
33213
33494
33515
34011
34106
34109
34242
34369
34372
34628
35056
35128
35184
35278
35360
35371
35391
35541
35966
36175
36327
36481
36594
36845
36881
37016
37226
37369
37509
37696
37714
37815
37889
37913
38055
38081
38219
38225
38305
38388
38508
38521
38638
38703
38811
38889
39147
39375
40185
40231
40395
40537
40563
40575
40606
40609
40784
