11
40
719
996
1060
1163
1197
1202
1412
1440
1479
1480
1492
1535
2003
2493
2553
2572
2769
2784
2892
2917
3055
3160
3383
3451
3575
3623
3830
4185
4264
4268
4269
4422
4428
4602
4639
4772
4812
4870
4979
5016
5024
5074
5148
5465
5466
5503
5760
5812
6165
6188
6441
6517
6606
6654
6711
6982
7147
7158
7362
7435
7835
8060
8424
8535
8578
8594
8976
9047
9072
9120
9524
9695
9738
9795
9979
9998
10129
10131
10271
10279
10593
10687
10725
10728
10927
11063
11139
11413
11515
11553
11642
11665
11830
12346
12375
12407
12474
12571
12631
12690
12893
13060
13104
13126
13190
13210
13299
13397
13518
13744
13833
13986
14091
14144
14228
14306
14308
14363
14516
14859
14886
14915
16293
16697
16860
17291
17444
17522
17732
17780
17934
18076
18256
18359
18472
18580
18751
18814
18872
19008
19225
19321
19422
19423
19734
19799
19903
20225
20334
20506
20537
20770
20876
21004
21134
21167
21268
21411
21747
21770
22246
22338
22418
22470
22492
22528
22823
22935
23080
23867
23971
24289
24347
24554
24598
24652
24761
24807
24831
25470
25780
26072
26269
26455
26537
26715
26971
27065
27163
27195
27372
27548
27719
27806
27814
28072
28122
28658
28759
28776
28982
29152
29588
29599
29625
29644
29653
29760
29836
29925
30107
30172
30331
30441
30481
30598
30824
31004
31019
31087
31271
31592
31601
32123
32217
32280
32296
32485
32869
32931
33274
33815
33831
34020
34235
34246
34367
34708
34777
34794
34907
34996
35024
35080
35098
35151
35255
35364
35407
35589
35769
35860
35873
35946
36051
36329
36347
36802
37281
37678
37840
37931
38013
38036
38222
38255
38273
38274
38444
38605
38950
39067
39417
39459
39694
40055
40069
40276
40428
40432
13
31
85
117
219
231
346
697
1111
1508
1547
1632
1739
1873
2318
2452
2575
2580
2737
2834
2836
2936
2975
3067
3069
3087
3123
3336
3350
3396
3627
3823
4023
4245
4288
4409
4520
4529
4819
4857
4991
5025
5044
5052
5079
5082
5163
5250
5302
5473
5615
5796
5856
5979
6046
6194
6201
6307
6399
6469
6754
6864
7074
7126
7187
7345
7503
8010
8239
8408
8533
8563
8615
8712
8713
8951
9005
9066
9173
9242
9550
9612
9624
9685
9697
9718
9946
10492
10626
10741
10905
10994
11041
11087
11095
11186
11190
11732
11748
12056
12302
12310
12345
12723
12746
13099
13109
13129
13785
13875
14039
14041
14193
14416
14899
14942
15132
15697
16228
16380
16492
16493
16574
16724
16761
16958
17332
17344
17360
17424
17563
17568
17626
18668
18863
18882
18891
18977
19333
19614
19934
19974
20015
20056
20134
20337
20344
20507
20600
20664
21049
21078
21203
21380
21385
21468
21481
21712
22726
22888
22894
23043
23494
23620
23660
23929
23990
24169
24427
24498
24750
25018
25297
25674
25946
26137
26845
26978
27136
27221
27353
27386
27521
27680
27801
27815
27839
27925
28038
28210
28592
28878
28918
29228
29245
30008
30337
30406
30474
30764
30967
31089
31165
31194
31394
31765
31933
31997
32004
32177
32629
32771
33213
33494
34109
34242
34325
34369
34610
34668
34896
34923
34931
35056
35128
35278
35327
35371
35391
35392
35541
35546
35625
35633
35912
35957
35966
36021
36175
36319
36327
36418
36594
37226
37239
37311
37369
37418
37560
37593
37696
37714
37815
37913
37927
37935
38081
38219
38226
38388
38508
38638
38703
38789
38989
39127
39147
39375
39533
39574
40135
40395
40537
40575
40606
40784
