382
792
819
996
1027
1060
1076
1094
1163
1217
1397
1440
1513
1535
1671
1758
2037
2336
2348
2493
2784
2858
3124
3382
3391
3451
3575
3623
3816
4185
4268
4282
4554
4602
4772
4979
5016
5024
5074
5355
5760
5811
5812
5873
6026
6165
6188
6313
6537
6606
6654
7147
7261
7362
8060
8291
8480
8535
8626
8833
9072
9154
9738
9979
10129
10131
10279
10344
10725
10728
10777
10867
10942
11063
11139
11204
11277
11413
11553
11686
11711
11764
11830
12073
12245
12474
12493
12512
12571
12631
12718
13121
13126
13135
13210
13314
13397
13709
13726
13744
13833
14144
14308
14538
14599
14844
14886
15174
15349
15480
15710
16293
16308
16398
16603
17067
17155
17265
17780
18115
18506
18751
18794
19291
19312
19321
19525
19734
19799
19903
20225
20466
20491
20506
20537
20770
20938
21092
21123
21134
21157
21167
21287
21312
21411
21747
21767
21770
21821
22010
22136
22246
22338
22470
22492
22763
22823
22935
23080
23971
24289
24340
24347
24375
24571
24598
24652
24807
24866
25011
25192
25470
25820
26040
26072
26277
26958
26971
27104
27352
27372
27548
27569
27719
27748
27806
27814
28554
28776
28783
28875
28931
28982
29101
29152
29599
29601
29606
29836
29936
29963
30347
30441
30449
30824
31004
31073
31592
31601
31637
31873
31890
31893
32005
32123
32135
32290
32319
32485
32908
33180
33244
33833
34017
34020
34169
34621
34708
34794
34840
34907
34963
35017
35024
35078
35098
35114
35151
35325
35364
35379
35403
35407
35651
35769
35770
35873
36082
36329
36599
36719
36726
36757
37281
37800
37907
37931
38013
38444
38605
38677
38950
38983
38999
39067
39082
39205
39417
39449
39459
39520
39572
39843
39939
40025
40055
40074
40229
40342
40432
40773
40800
13
42
231
302
346
1088
1181
1507
1547
1739
1798
2580
2662
2737
2747
2810
2836
2975
3067
3204
3572
3588
3818
3926
3990
4023
4288
4363
4484
4520
4857
4975
4995
5082
5144
5163
5185
5250
5324
5443
5661
5796
5856
5979
6307
6329
6469
6579
6705
6754
6864
6933
7126
7187
7231
7503
7710
8010
8123
8217
8234
8238
8239
8372
8481
8533
8563
8615
8712
9066
9092
9161
9550
9697
9718
9935
9946
10077
10541
10626
10677
10977
10984
11000
11087
11095
11190
11234
11380
11562
11598
11732
11748
11973
12056
12310
12457
12746
13037
13077
13129
13718
13875
14041
14193
14245
14688
14835
14890
15066
15132
15203
15348
15384
15423
15424
15515
16093
16297
16380
16440
16493
16570
16574
16724
16761
16913
17136
17327
17354
17500
17563
17568
17641
17917
18175
18668
18863
18882
18977
19216
19300
19353
19403
19690
19913
19934
19974
20134
20286
20293
20344
20600
20664
20751
21049
21148
21380
21468
21549
22036
22321
22336
22888
23408
23873
23929
23948
23967
24169
24216
24427
24498
24721
24835
24867
24980
25018
25334
25368
25686
25946
26232
26542
26978
27155
27198
27210
27221
27680
27801
27815
27839
27925
28038
28208
28511
28878
28918
29228
29290
29327
29410
29722
30008
30051
30406
30474
31165
31194
31202
31394
31659
31808
31875
31933
31997
32004
32177
32197
32629
32730
33087
33213
33278
33623
34106
34109
34192
34242
34325
34369
34372
34628
35056
35128
35327
35342
35371
35391
35541
35957
35966
36418
36594
36881
37016
37239
37369
37409
37560
37593
37714
38081
38225
38305
38388
38521
38812
38889
38989
39127
39147
39468
39533
39574
39978
40135
40231
40457
40575
40578
40606
40609
40631
40650
