719
792
819
951
996
1060
1094
1202
1397
1440
1535
1758
2336
2348
2459
2553
2572
2769
2784
2861
2892
3055
3391
3451
3532
3773
3830
3937
3999
4185
4264
4268
4269
4613
4639
4979
5022
5074
5148
5355
5503
5811
6188
6190
6517
6537
6982
7040
7085
7158
7362
7435
7835
7963
7969
8291
8360
8510
8578
8594
8626
8833
9047
9240
9654
9738
9809
9998
10129
10593
10687
10725
10867
10942
11063
11154
11277
11413
11515
11553
11609
11665
11830
11965
12071
12245
12346
12375
12407
12609
12690
12718
13060
13126
13135
13175
13203
13314
13397
13518
13624
13709
13790
13884
14144
14190
14228
14301
14666
14674
14844
14859
14886
15059
15349
16293
16308
16398
16470
16697
16860
16959
16968
17097
17155
17291
17732
17780
17934
17969
18076
18115
18338
18472
18794
18814
18872
19008
19151
19225
19291
19321
19423
19624
19734
19799
19805
20225
20334
20506
20537
21004
21092
21134
21167
21248
21287
21767
22010
22094
22136
22297
22418
22492
22935
23190
23694
23867
23890
24033
24173
24347
24375
24571
24598
24689
24807
24831
24866
25192
25470
25820
26040
26480
26580
26971
26992
27104
27195
27352
27402
27593
27806
27833
28554
28658
28776
28875
28931
29101
29152
29599
29625
29760
29925
29936
29963
30040
30331
30347
30441
30481
30660
30697
31004
31019
31087
31097
31271
31519
31592
31601
31873
31882
31893
32005
32123
32280
32290
32319
32485
32931
33180
33815
33831
33965
34017
34039
34246
34300
34584
34777
34794
34818
34840
34907
34966
34996
35017
35024
35053
35080
35151
35403
35407
35447
35589
35651
36051
36347
36599
36802
37281
37390
37678
37800
37840
37931
38013
38103
38222
38255
38273
38605
38999
39067
39310
39417
39474
39939
40025
40055
40069
40074
40276
40309
40342
40773
40800
31
42
231
342
762
1507
1632
1739
2253
2302
2443
2452
2662
2747
2834
2936
2975
3067
3069
3093
3204
3336
3495
3572
3588
3627
3818
3926
3927
4023
4288
4363
4456
4520
4675
4778
4975
4991
5044
5079
5144
5451
5792
5796
5856
5979
6046
6121
6167
6194
6329
6375
6399
6705
6754
7074
7126
7164
7318
7345
8010
8123
8217
8234
8239
8304
8372
8541
8563
8712
8713
9066
9092
9173
9566
9922
10191
10605
10626
10741
10875
10905
10977
10984
10994
11087
11095
11190
11380
11689
12122
12302
12457
12746
13099
13109
13129
13445
14039
14688
14745
14899
14920
14942
15132
15203
15423
15922
16093
16108
16114
16297
16320
16492
16570
16574
16644
16761
16913
16958
17136
17192
17327
17344
17360
17500
17568
17577
17641
17729
17910
17917
18052
18175
18668
18891
19300
19333
19690
19934
20038
20134
20136
20286
20293
20406
20600
20751
20813
20860
21078
21112
21148
21203
21385
21412
21455
21488
21712
21729
22012
22036
22321
22336
22710
22726
22888
23180
23652
23948
23990
24122
24169
24427
24498
24721
24750
24917
24980
25674
25686
26267
26542
26978
27210
27521
27680
27801
27815
27925
28005
28208
28327
28769
28800
29228
29245
29290
29327
29410
29470
29722
30008
30082
30337
30474
31089
31875
31997
32004
32098
32629
32730
33087
33337
33515
34192
34242
34325
34610
34622
34931
35056
35184
35278
35371
35391
35541
35546
35957
36021
36175
36296
36319
36327
36418
36481
36594
36724
37226
37239
37311
37409
37418
37509
37593
37714
37815
37889
37913
37927
38055
38508
38703
38789
39127
39147
39375
39574
39866
39978
40185
40231
40395
40537
40563
40606
40609
40784
