40
507
951
996
1027
1163
1440
1513
1535
1671
1758
2037
2066
2104
2348
2459
2493
2572
2769
2917
3055
3124
3532
3623
3773
3816
3908
3999
4185
4264
4268
4282
4428
4602
4613
4639
4812
4870
5024
5074
5873
6026
6165
6188
6190
6313
6441
6517
6606
7040
7147
7158
7435
7835
7963
8079
8253
8360
8480
8510
8535
8566
8626
9023
9120
9524
9738
9795
9979
10129
10131
10171
10271
10593
10777
10889
10942
11063
11139
11154
11277
11515
11642
11658
11665
11686
11711
11829
11965
12073
12245
12375
12407
12474
12493
12512
12571
12631
12718
12955
13029
13060
13104
13121
13203
13469
13790
13833
13884
14144
14306
14599
14666
14674
15059
15534
15710
16254
16293
16398
16470
16603
16697
16860
16959
16968
17067
17155
17201
17780
17934
18076
18115
18201
18256
18338
18359
18506
18580
18751
18872
19008
19291
19423
19624
20466
20770
20876
20938
21004
21123
21134
21268
21612
21747
21767
22094
22136
22246
22492
22763
22821
22823
22862
22935
23240
23867
23890
23971
24033
24173
24289
24554
24598
24684
24689
24807
24866
25011
25470
26269
26277
26480
26537
26580
26951
26960
26971
27163
27402
27593
27719
27725
27814
28072
28122
28473
28759
28776
28875
28931
29304
29588
29599
29644
29653
29836
29925
30172
30331
30347
30598
30660
31019
31073
31087
31473
31519
31592
31637
31873
31882
31890
32005
32123
32135
32152
32280
32319
32927
33180
33448
33831
33833
33965
34039
34246
34621
34708
34777
34884
34963
34966
34996
35024
35053
35078
35098
35151
35379
35403
35407
35589
35651
35769
35770
36051
36329
36506
36726
36802
37390
37678
37777
38036
38255
38274
38628
38983
39067
39082
39205
39417
39449
39459
39520
39572
39694
39843
39939
40069
40276
40309
40432
40773
40800
13
31
120
219
302
346
697
1111
1507
1508
1547
1632
1873
2253
2318
2443
2452
2662
2737
2834
2936
2975
3067
3087
3093
3113
3123
3336
3495
3588
3627
3818
3823
3926
3990
4245
4456
4484
4778
4919
4975
4991
5025
5044
5052
5079
5082
5096
5163
5250
5302
5451
5473
5661
5745
5792
5796
5979
6046
6121
6158
6167
6194
6201
6307
6329
6579
6705
7010
7074
7126
7231
7318
7345
7717
8105
8123
8234
8238
8304
8372
8481
8563
8615
8618
8691
8923
8951
9005
9066
9697
9718
9922
9946
10534
10605
10626
10677
10875
10905
10994
11000
11041
11190
11234
11247
11380
11562
11689
11748
11945
12056
12310
12390
12746
13037
13109
13785
14039
14193
14835
14899
14901
15348
15424
15515
15697
16093
16114
16228
16320
16440
16492
16493
16570
16644
16724
16913
16958
17136
17306
17354
17360
17577
17910
18863
18882
18891
19216
19333
19353
19974
20015
20038
20134
20136
20286
20337
20344
20507
20751
20963
21049
21183
21184
21203
21385
21412
21481
21488
21510
21712
21935
22012
22274
22336
22519
22888
23180
23652
23948
24122
24169
24721
24750
24955
25297
25465
25600
25674
26137
26529
26845
26978
27198
27210
27221
27801
27815
27868
27925
28327
28511
28592
28769
28800
28878
29245
29401
29410
30051
30169
30337
31103
31165
31194
31933
32004
32197
32454
32771
32844
33278
33337
33623
33701
34011
34109
34192
34369
34372
34610
34622
34628
34923
35128
35327
35342
35371
35392
35625
35633
35912
36296
36481
36724
36881
37016
37226
37418
37509
37593
37696
37714
37815
37889
38226
38521
38638
38703
38811
38889
39455
39574
40151
40185
40231
40575
40578
40606
40631
40650
