719
756
792
996
1060
1163
1217
1397
1412
1440
1479
1480
1535
2104
2459
2553
2769
2784
2858
2892
3160
3382
3383
3391
3451
3773
3830
3937
3999
4185
4264
4268
4282
4554
4639
4812
4979
5074
5148
5355
5465
5466
5760
5812
6026
6188
6190
6441
6477
6517
6537
6606
6982
7040
7085
7147
7362
7435
7835
8291
8360
8480
8510
8566
8578
8626
8781
9023
9047
9072
9654
9738
9795
9979
10129
10279
10725
10777
10927
10942
11154
11277
11609
11642
11665
11686
11711
11764
11830
12198
12375
12493
12512
12571
12631
12690
12955
13104
13126
13190
13210
13361
13397
13469
13518
13624
13709
13726
13742
13833
13986
14091
14144
14228
14301
14306
14308
14363
14674
14886
14915
15174
15480
15534
16254
16293
16398
16470
16844
16968
17067
17265
17291
17340
17732
18076
18115
18121
18506
18794
18814
19008
19312
19423
19525
19734
19903
20334
20491
20778
21248
21411
21767
21770
22010
22014
22094
22136
22246
22418
22470
22492
22528
22763
23080
23240
23694
23867
23890
24033
24598
24652
24684
24689
24761
24807
24831
24866
25011
25470
26277
26480
26561
26580
26715
26901
26951
26992
27163
27195
27352
27548
27593
27725
27806
28072
28122
28473
28759
28875
28931
28982
29588
29599
29601
29606
29625
29653
29760
29836
29925
29936
30040
30449
30481
30598
30824
31004
31073
31271
31392
31473
31601
31637
31873
31890
32123
32217
32280
32290
32296
32908
32927
33244
34020
34039
34169
34235
34246
34300
34367
34794
34840
34963
34996
35024
35080
35098
35114
35151
35255
35325
35364
35403
35407
35424
35589
35651
35769
35909
36051
36082
36347
37777
37840
38013
38036
38274
38444
38950
38983
38999
39082
39205
39474
39487
39572
39587
39939
40025
40069
40276
40309
40428
40800
13
31
42
120
346
697
762
1088
1111
1739
1873
2253
2302
2318
2443
2575
2662
2737
2836
3069
3093
3123
3396
3495
3572
3823
3935
3990
4023
4363
4409
4484
4520
4529
4778
4819
4991
5044
5052
5096
5144
5250
5302
5473
5661
5745
5796
6046
6121
6167
6201
6307
6329
6375
6399
6469
6579
6705
6754
7010
7064
7074
7126
7231
7318
7710
7717
8010
8123
8217
8224
8238
8239
8304
8533
8563
8618
8713
8880
8951
9005
9242
9456
9566
9612
9718
9946
10191
10492
10534
10541
10605
10626
10741
10875
10905
10977
11000
11095
11234
11562
11732
11748
11973
12302
12390
12457
12723
12746
13109
13129
13445
13785
14041
14245
14416
14688
14745
14835
14901
15203
15304
15348
15423
15922
16093
16108
16228
16320
16380
16570
17136
17192
17306
17332
17344
17360
17568
17910
17917
18175
18668
18882
18977
19353
19934
19974
20015
20038
20056
20337
20344
20507
20600
20664
21078
21112
21148
21183
21385
21455
21935
22012
22036
22336
22544
22888
22911
23043
23205
23408
23652
23660
23873
23948
23967
23990
24216
24427
24867
24955
25018
25368
25465
25600
25686
26232
26267
26542
26845
27136
27221
27353
27386
27521
27801
28005
28038
28208
28210
28327
28800
28918
29410
29508
29722
30082
30337
30406
30474
30764
31103
31202
31394
31765
31875
31933
31997
32844
33213
33278
33515
33623
34106
34109
34192
34369
34610
34622
34628
34668
35056
35128
35360
35371
35546
35625
35768
35912
35957
36021
36293
36319
36327
36418
36481
36594
36724
36881
37369
37560
37593
37696
37714
37815
37889
37927
38081
38226
38638
38889
39084
39127
39147
39375
39533
40135
40185
40537
40563
40578
40650
40784
