11
507
719
792
951
996
1027
1060
1094
1202
1440
1513
1671
1758
2003
2066
2104
2348
2459
2493
2572
2784
2858
2892
3383
3391
3451
3773
4264
4268
4282
4387
4422
4602
4639
4812
5016
5074
5355
5465
5466
5812
5873
6188
6517
6537
6982
7085
7158
7362
7435
7835
7969
8291
8480
8510
8566
8578
8626
9047
9072
9120
9154
9738
9998
10129
10131
10171
10344
10728
10777
10867
10889
10927
11063
11139
11204
11277
11413
11553
11642
11665
11711
11764
12071
12073
12245
12375
12407
12474
12512
12571
12690
12893
12955
12985
13029
13135
13190
13203
13210
13314
13709
13744
13884
13986
14144
14363
14516
14599
14674
14844
14915
15059
15349
15710
16254
16293
16398
16411
16463
16470
16959
17067
17097
17155
17265
17291
17732
17780
17934
17969
18076
18115
18201
18256
18338
18472
18506
18580
19151
19225
19229
19312
19624
19799
19903
20024
20225
20537
20770
20778
20938
21004
21123
21134
21167
21248
21411
22010
22094
22136
22338
22547
22763
22823
22935
23080
23190
23240
23867
23890
24033
24289
24375
24571
24684
24689
24866
25192
26277
26347
26480
26715
26901
26960
26971
27065
27163
27195
27402
27690
27719
27725
27814
27833
28473
28759
28783
28931
28990
29101
29152
29403
29588
29653
29925
29963
30172
30347
30449
30481
30598
30824
31004
31271
31392
31473
31519
31601
31637
31882
31890
32135
32217
32296
32319
32485
32931
33244
33274
33448
33815
33833
33965
34020
34235
34246
34300
34367
34777
34818
34840
34884
34907
34963
34966
34996
35098
35151
35255
35325
35403
35424
35651
35769
35860
35909
36082
36347
36506
36599
36719
36757
37678
37777
37800
37840
37931
38013
38103
38222
38273
38274
38605
38983
38999
39082
39310
39417
39487
39520
39572
39577
39669
39939
40055
40229
40276
40428
40432
31
42
117
346
369
697
1088
1507
1739
1798
1873
2302
2318
2443
2452
2580
2601
2662
2737
2836
3067
3087
3113
3336
3350
3572
3823
3926
3927
3935
3990
4023
4288
4484
4520
4778
4919
4995
5025
5079
5082
5144
5163
5168
5250
5473
5615
5796
5856
6046
6167
6194
6375
6469
6705
6886
7064
7074
7318
7345
7503
8217
8224
8234
8239
8304
8481
8533
8618
8691
8712
8713
8880
8923
8951
9173
9242
9256
9550
9685
9697
9718
10077
10191
10492
10534
10605
10905
10977
10984
10994
11000
11087
11380
11562
11748
11945
11973
12302
12310
12368
12390
12746
13109
13445
13875
14041
14193
14245
14416
14688
14942
15203
15384
15423
15697
16114
16228
16320
16380
16493
16570
16724
16958
17327
17332
17360
17577
17626
17917
18175
18668
18863
18977
19216
19353
19403
19614
20038
20293
20600
20618
20664
20751
20827
21049
21112
21183
21184
21380
21385
21412
21468
21712
22036
22544
22710
22726
22911
23180
23205
23408
23620
23929
23948
23967
23990
24216
24427
24498
24750
24917
24955
25686
25946
26137
26267
26542
26845
27136
27155
27210
27680
27815
27868
28208
28327
28511
28592
28769
28800
28878
28918
29228
29290
29327
29470
29787
30008
30406
30474
30764
31103
31165
31194
31202
31659
31808
31875
31933
32098
32197
32629
32771
32844
33213
33278
33337
33623
34106
34369
34610
34622
34628
34931
35128
35342
35371
35391
35392
35625
36319
36327
36418
36594
36724
36845
37016
37226
37311
37509
37696
37714
37923
37927
37935
38055
38226
38305
38521
38638
38703
38789
38812
38889
38989
39084
39455
39468
39574
40135
40151
40231
40537
40575
40680
40784
