11
40
382
719
756
951
1027
1060
1094
1163
1202
1397
1480
1513
1535
1671
1758
2037
2104
2336
2348
2493
2572
2861
2917
3383
3391
3451
3575
3623
3816
3830
3908
3999
4185
4268
4269
4428
4554
4602
5016
5074
5465
5503
5760
5873
6026
6165
6441
6537
6654
6711
7147
7261
7362
7435
7835
7969
8253
8291
8535
8566
8594
8976
9120
9154
9524
9593
9795
9809
9979
10131
10171
10593
10687
10725
10728
10777
10867
10927
11063
11225
11413
11515
11553
11609
11658
11686
11829
11830
12073
12198
12375
12474
12493
12609
12631
12893
13104
13126
13135
13210
13299
13397
13469
13709
13726
13744
13790
13833
13884
14144
14190
14306
14363
14538
14599
14666
14844
15059
15349
15534
15710
16254
16308
16398
16463
16844
16959
17067
17155
17201
17291
18076
18256
18359
18472
18580
18814
19225
19229
19422
19734
19799
19903
20024
20225
20537
20770
20778
20876
21092
21123
21157
21167
21248
21312
21612
21767
21770
21821
22010
22094
22136
22547
22821
22862
22935
23080
23190
23240
23694
23867
24340
24347
24598
24684
24689
24761
24807
24831
24982
25011
25192
25801
25820
26269
26277
26347
26455
26480
26715
26901
26971
26992
27163
27372
27593
27719
27814
27833
28072
28122
28473
28875
29403
29601
29644
29836
30040
30107
30172
30347
30449
30481
30598
30697
30824
31019
31073
31087
31097
31271
31392
31473
31519
31592
31893
32123
32152
32296
32869
32908
33274
33448
33762
33815
33833
34020
34246
34367
34584
34621
34708
34818
34840
34884
34907
34963
34966
34996
35024
35053
35098
35151
35403
35447
35589
35651
35770
35860
35909
36051
36719
36757
37390
37777
37800
37907
38036
38103
38255
38273
38444
38887
38950
38983
39067
39205
39310
39417
39459
39487
39572
39577
39587
39669
40025
40069
40276
40309
40342
40773
13
31
85
219
342
1111
1507
1547
1739
1798
2443
2575
2580
2737
2936
3067
3069
3123
3350
3396
3495
3926
3927
4023
4363
4409
4520
4529
4675
4778
4919
4991
4995
5025
5082
5163
5168
5185
5302
5443
5473
5661
5792
5796
5979
6167
6194
6201
6307
6329
6375
6399
6579
6705
6754
6864
7064
7074
7318
7503
7710
8010
8105
8481
8533
8615
8618
8691
8712
8713
8880
8923
8951
9066
9092
9242
9456
9612
9624
9685
9718
9935
10191
10492
10534
10677
10875
10977
11000
11041
11095
11186
11247
11380
11689
12056
12122
12302
12368
12457
12746
13037
13109
13785
14039
14193
14745
14899
14920
14942
15132
15304
15348
15423
16114
16297
16434
16440
16492
16493
16644
16724
16913
17192
17332
17354
17360
17500
17563
17641
17910
17917
18175
18863
18891
18977
19403
19614
19913
19934
20015
20038
20293
20344
20507
20618
20751
20813
21049
21112
21148
21183
21184
21380
21385
21455
21468
21481
21488
21510
21712
21935
22274
22321
22544
22710
22894
22911
23408
23494
23620
23873
23929
24122
24169
24427
24498
24750
24917
24955
24980
25465
25946
26232
26845
26978
27155
27210
27521
27801
27839
27868
28511
28592
28800
28878
28918
29228
29327
29401
29410
29470
29508
29722
29787
30051
30967
31089
31103
31659
31808
32098
32177
32771
32844
33213
33278
33301
33515
33623
34109
34325
34372
35342
35371
35392
35541
35546
35625
35633
35912
35957
36021
36319
36327
36418
36845
36881
37226
37311
37369
37409
37593
37696
37913
37923
37935
38225
38388
38508
38703
38989
39127
39375
39468
39866
39978
40151
40231
40395
40457
40537
40606
40650
40680
