40
382
719
951
996
1060
1197
1202
1412
1479
1480
2003
2066
2459
2493
2553
2572
2769
2858
2861
2892
2917
3055
3124
3382
3532
3575
3623
3773
3830
3908
3999
4185
4264
4268
4422
4554
4602
4613
4812
5022
5024
5148
5465
5466
5503
5760
5811
5873
6165
6188
6190
6313
6441
6537
6606
6711
7085
7362
7435
7963
7969
8060
8510
8566
8578
8594
8626
8781
8833
8976
9023
9047
9120
9154
9240
9524
9593
9654
9695
9738
9998
10129
10171
10271
10344
10687
10777
10867
10889
10942
11154
11204
11413
11515
11609
11642
11658
11665
11764
11829
11830
11965
12198
12346
12512
12718
12955
12985
13104
13126
13135
13175
13203
13314
13361
13397
13726
13744
13833
13884
14144
14190
14301
14306
14308
14363
14516
14538
14599
14674
15710
16254
16398
16463
16959
16968
17155
17201
17291
17732
17780
17934
18121
18201
18338
18472
18580
18794
18814
18872
19008
19291
19312
19321
19422
19423
19805
20024
20104
20466
20506
20537
20778
20876
20938
21134
21157
21167
21268
21312
21411
21612
22010
22246
22763
22823
22935
23080
23694
23971
24033
24340
24375
24689
24807
24982
25820
26040
26072
26269
26277
26347
26480
26537
26561
26580
26958
26971
27104
27195
27593
27814
27833
28072
28658
28776
28875
29304
29588
29599
29625
29653
29760
29836
29925
29963
30040
30107
30441
30481
30660
31004
31019
31073
31097
31601
31637
31873
31893
32005
32135
32217
32927
32931
33244
33274
33448
33749
33815
33831
34017
34039
34169
34235
34300
34367
34584
34708
34794
34840
34884
34907
34963
34966
35017
35078
35080
35098
35114
35151
35325
35379
35403
35407
35447
35651
35769
35770
35873
35946
36082
36329
36506
36802
37777
37800
37840
38255
38273
38444
38605
38628
38950
38999
39205
39417
39449
39577
39587
40025
40074
40229
40428
40773
40800
13
42
85
120
302
346
369
697
762
1181
1508
1547
1798
1873
2253
2318
2452
2575
2601
2747
2810
2936
2975
3069
3087
3204
3336
3350
3627
3818
3823
3926
3927
3935
4245
4409
4778
4857
4975
4991
5079
5096
5185
5324
5443
5473
5615
5856
5979
6046
6121
6158
6201
6307
6399
6469
6705
6754
6886
6933
7074
7126
7187
7318
7345
7710
7717
8105
8123
8217
8224
8234
8239
8304
8563
8691
8712
8923
9005
9066
9173
9242
9256
9550
9624
9685
9935
10191
10541
10741
10905
10984
10994
11041
11087
11095
11190
11380
11689
11748
12056
12122
12310
12345
12368
12723
12746
13077
13099
13109
13129
13718
13785
13875
14041
14245
14416
14745
14890
14942
15066
15203
15304
15423
15515
16114
16228
16320
16440
16492
16913
16958
17192
17344
17354
17360
17577
17910
17917
18052
18175
18863
18977
19300
19403
19690
19913
19934
20015
20134
20136
20337
20507
20600
20664
20813
21183
21184
21385
21412
21455
21510
21549
22012
22274
22519
22710
22726
22894
22911
23043
23180
23873
24122
24216
24498
24867
24917
24955
25297
25368
25465
25600
25674
26232
26267
26529
26978
27210
27386
27801
27815
27839
27925
28005
28038
28208
28511
28769
28878
29245
29410
29470
29508
29787
30008
30082
30337
30764
31089
31933
31997
32177
32730
32771
33301
33494
33623
34192
34369
34622
34923
34931
35056
35128
35327
35360
35391
35392
35541
35546
35912
36175
36296
36319
36327
36418
36881
37311
37696
37714
37889
37913
37927
38225
38305
38388
38703
38811
38889
38989
39468
40135
40151
40185
40231
40457
40563
40575
40578
40606
40650
