40
382
507
792
819
996
1094
1163
1397
1440
1492
1671
2003
2037
2572
2784
2858
2861
2892
2917
3124
3160
3773
3816
3830
3908
3999
4264
4282
4387
4422
4602
4639
4812
5148
5466
5760
5811
6026
6188
6313
6477
6517
7040
7147
7435
7835
8079
8253
8291
8360
8566
8781
8976
9154
9654
9695
9738
9998
10271
10344
10725
10728
10942
11139
11204
11642
11711
11829
12071
12245
12346
12375
12407
12493
12690
12718
12955
12985
13060
13104
13121
13126
13175
13190
13203
13210
13397
13709
13790
13884
14190
14306
14363
14599
14674
14844
14859
14915
15349
15480
16254
16308
16398
16411
16463
16603
16844
16860
16959
16968
17067
17201
17291
17444
17522
17732
17780
17934
17969
18115
18121
18338
18506
18814
19008
19229
19422
19525
19734
19799
19903
20104
20334
20466
20506
20537
20876
20938
21004
21092
21123
21134
21287
21411
21612
21770
22010
22014
22246
22297
22418
22470
22823
23080
23240
23867
24173
24289
24340
24347
24598
24652
25011
25192
25324
25470
25780
26277
26480
26537
26561
26971
27352
27569
27593
27690
27719
27748
27806
27814
28072
28122
28473
28554
28658
28759
28776
28783
28875
28931
29152
29304
29403
29601
29625
29644
29653
29760
29836
29925
29936
30347
30441
30481
30598
30660
30824
31004
31019
31097
31473
31601
31893
32123
32135
32217
32290
32296
32869
32931
33274
33448
33749
33762
33815
33831
34017
34020
34169
34246
34300
34584
34794
34907
34963
34966
35017
35024
35078
35098
35114
35151
35255
35364
35403
35589
35651
35769
35860
35909
35946
36051
36329
36347
36506
36719
36726
36757
37281
37390
37678
37800
37907
37931
38036
38103
38274
38444
38605
38628
38950
38999
39067
39082
39310
39417
39459
39577
39694
40025
40074
40276
40428
40773
13
120
231
342
697
762
1111
1181
1508
1632
1739
2253
2318
2452
2737
2747
2836
2975
3067
3069
3087
3113
3204
3350
3396
3495
3572
3588
3823
3926
3927
4023
4288
4484
4520
4857
5025
5079
5082
5163
5250
5302
5324
5443
5473
5615
5661
5792
5856
6167
6307
6329
6886
6933
7126
7164
7187
7345
7710
7717
8217
8224
8234
8304
8408
8481
8713
9092
9161
9173
9718
9922
9935
9946
10191
10492
10626
10677
10984
11000
11041
11380
11562
11598
12122
12390
13099
13109
13129
13445
13718
13785
14041
14193
14416
14688
14835
15348
15423
15424
16108
16228
16320
16380
16434
16440
16493
16570
16574
16644
16761
16958
17327
17344
17424
17500
17626
17910
18052
18668
18891
19300
19333
19353
19403
19690
19913
20134
20293
20344
20406
20600
20618
20751
20813
20827
20963
21049
21112
21183
21184
21380
21385
21412
21455
21481
21510
21712
22036
22336
22519
22710
22726
22888
22894
22911
23043
23180
23205
23494
23652
23873
23929
24122
24169
24427
24498
24917
24955
24980
25067
25297
25674
25686
25946
26137
26267
26542
26845
26978
27155
27210
27221
27353
27386
27521
27839
28005
28208
28210
28327
28592
28769
28800
29228
29401
29410
29722
29787
30008
30082
30406
30764
31089
31165
31202
31394
31659
31875
32098
32771
33494
33701
34106
34325
34372
34610
34622
34668
34896
35128
35278
35342
35360
35371
35391
35541
35546
35625
35633
35768
35966
36293
36319
36418
36481
36594
36724
36845
37016
37226
37239
37409
37593
37696
37889
38081
38219
38226
38305
38388
38508
38703
38812
38889
38989
39084
39147
39455
39533
39574
39866
39978
40135
40185
40231
40395
40457
40537
40578
40609
40650
40784
