40
382
507
756
819
1027
1076
1397
1440
1492
1513
1758
2003
2459
2553
2572
2769
2784
2858
2892
3055
3124
3382
3383
3532
3773
3816
3830
3937
4264
4268
4269
4387
4428
4554
4812
5022
5024
5074
5355
5465
5466
5503
5760
5811
6026
6188
6190
6477
6606
6654
7085
7147
7261
8079
8253
8291
8424
8535
8626
8781
8833
9072
9154
9593
9795
9998
10129
10131
10271
10279
10687
10728
10889
10927
11063
11225
11642
11665
11686
12073
12346
12474
12571
12609
12690
12955
12985
13029
13104
13126
13135
13175
13210
13624
13833
13884
13986
14190
14308
14363
14859
14886
15059
15480
15710
16308
16470
16697
16860
16968
17067
17291
17340
17444
17522
17732
18115
18256
18338
18359
18751
18794
18872
19008
19225
19312
19321
19422
19525
19624
19734
19799
20104
20506
20537
20770
21004
21134
21157
21167
21312
21747
22094
22246
22418
22492
22547
22763
22821
22862
23080
23190
23240
23694
24033
24347
24375
24554
24598
24652
24684
24689
24807
24831
24982
25011
25192
25324
25470
25780
25801
26072
26347
26480
26561
26958
26960
26992
27065
27104
27163
27352
27372
27548
27725
27748
27806
27833
28554
29101
29304
29403
29606
29625
29644
29653
29760
29925
30331
30347
30441
30449
30481
30660
30697
31087
31473
31519
31601
31882
31893
32005
32123
32135
32152
32290
32319
32485
32908
32927
33180
33448
33749
33815
33831
34017
34039
34235
34246
34584
34621
34708
34794
34818
34907
34996
35017
35053
35098
35114
35364
35379
35403
35424
35447
35651
35770
35873
35909
35946
36051
36329
36719
36757
37302
37390
37678
37777
37907
37931
38013
38255
38273
38628
38887
38950
38983
39082
39205
39310
39459
39474
39520
39572
39587
39694
40025
40055
40069
40432
40773
13
42
120
219
302
342
346
1088
1111
1181
1508
1547
1739
2318
2452
2580
2810
2834
2936
3087
3350
3396
3823
4023
4484
4675
4778
4975
4991
5025
5096
5163
5185
5324
5443
5451
5473
5615
5792
5796
5856
6046
6121
6167
6307
6329
6469
6754
7064
7074
7126
7187
7231
7503
7710
7717
8010
8105
8123
8234
8238
8239
8372
8533
8541
8563
8712
8713
8923
9005
9066
9161
9173
9256
9550
9697
9718
9935
10077
10541
10605
10677
10905
10984
10994
11000
11041
11095
11190
11380
11748
12056
12302
12345
12368
12457
12746
13077
13099
13109
13875
14039
14041
14416
14688
14890
14942
15132
15348
15423
16093
16108
16114
16228
16297
16320
16380
16492
16493
16724
16761
16958
17136
17327
17344
17360
17424
17500
17641
17729
18668
18882
18891
19300
19333
19403
19974
20015
20038
20056
20337
20344
20406
20507
20600
20618
20664
20813
21148
21380
21412
21455
21481
21510
21712
21729
21935
22274
22336
22519
22710
22726
22888
22911
23180
23494
23620
23652
23660
23873
23967
23990
24169
24427
24498
24721
24750
24835
24867
24955
25067
25600
25686
26137
26232
26267
26542
27155
27198
27221
27521
27801
27839
27868
28038
28208
28210
28769
28800
28878
28918
29245
29470
29508
29722
30082
30169
30474
30967
31089
31165
31202
31394
31875
31933
32004
32098
32197
32454
33033
33087
33278
33301
33701
34106
34109
34192
34325
34628
34668
34896
34923
35056
35128
35342
35371
35391
35541
35546
35957
35966
36021
36327
36418
36845
36881
37226
37311
37409
37509
37815
38055
38225
38226
38388
38508
38521
38703
38789
38812
38989
39084
39375
39455
39468
39574
39978
40151
40185
40231
40457
40575
40578
40650
40680
40784
