11
40
1060
1076
1202
1217
1412
1479
1480
1492
1513
2037
2066
2459
2493
2553
2784
2858
2892
3055
3383
3391
3451
3575
3623
3908
3999
4264
4268
4282
4428
4554
4613
4639
4772
5022
5074
5148
5465
5503
5811
6026
6165
6188
6313
6441
6517
6606
6711
6982
7085
7158
7362
7963
8060
8079
8253
8291
8424
8566
8578
8594
8833
9120
9154
9654
9809
9979
9998
10131
10171
10344
10687
10728
10777
10889
10927
10942
11063
11139
11154
11204
11225
11413
11553
11642
11665
11686
11764
11965
12071
12073
12198
12245
12346
12407
12474
12512
12609
12690
12718
12893
12955
13029
13104
13121
13175
13203
13299
13361
13397
13469
13624
13726
13742
13744
13833
13884
14190
14301
14306
14308
14666
14844
14859
15480
16411
16470
16603
16697
16844
16959
16968
17067
17097
17201
17340
17522
17732
17780
18076
18121
18201
18338
18472
18751
18794
18814
19151
19291
19525
19624
19734
19799
19805
19903
20104
20225
20334
20537
20778
20876
20938
21123
21268
21287
21411
21747
21821
22010
22014
22094
22297
22418
22470
22528
22547
22763
22823
23190
23694
23890
24033
24571
24598
24652
24684
24689
25011
25801
25820
26040
26277
26561
26715
26901
26958
26992
27065
27163
27195
27352
27402
27548
27569
27593
27719
28072
28122
28473
28658
28783
28875
28982
29101
29601
29836
29963
30040
30347
30481
30697
30824
31004
31087
31392
31519
31873
31893
32280
32290
32296
32869
32908
33180
33244
33448
33815
33831
33833
34017
34235
34300
34584
34777
34794
34966
35024
35053
35098
35114
35325
35364
35873
35946
36051
36082
36347
36719
36726
37281
37302
37390
38013
38222
38274
38628
38677
39067
39082
39205
39459
39577
39694
39939
40025
40229
40276
40428
40800
42
117
120
302
342
346
697
1181
1547
1632
1739
1873
2318
2575
2580
2662
2834
2836
2936
3067
3069
3087
3093
3123
3336
3572
3627
3818
3926
3935
4023
4363
4409
4484
4520
4675
4975
4995
5025
5079
5082
5144
5163
5185
5302
5324
5443
5451
5615
5745
5856
5979
6121
6158
6167
6307
6329
6399
6469
6579
6886
6933
7064
7318
7345
7503
8010
8105
8234
8238
8239
8304
8563
8615
8691
9066
9161
9173
9456
9566
9612
9624
9922
10626
10677
10741
10875
10994
11041
11087
11186
11234
11247
11380
11973
12056
12122
12302
12310
12345
12390
13099
13109
13875
14039
14193
14245
14416
14890
14899
14920
14942
15066
15384
15515
16114
16228
16320
16434
16574
16761
16958
17136
17192
17306
17327
17563
17568
17577
17729
17910
17917
18052
18668
18882
18891
18977
19913
19974
20015
20056
20293
20344
20600
20618
20827
20860
21112
21183
21184
21203
21380
21412
21455
21468
21481
21510
21549
21712
21729
22012
22036
22321
22336
22544
22894
22911
23043
23180
23620
23652
23660
23873
23948
23967
24122
24216
24427
24721
24867
24955
24980
25334
25368
25465
26137
26529
26542
26845
27155
27210
27353
27386
27680
27815
27925
28038
28208
28800
29245
29290
29401
29470
29508
29787
30008
30764
30967
31103
31202
31394
31659
32004
32098
32177
32771
33033
33213
33278
33301
33623
33701
34192
34242
34325
34369
34610
34622
34896
34931
35056
35128
35278
35391
35541
35633
35912
36175
36293
36319
36327
36418
36724
36845
37226
37239
37311
37369
37409
37418
37560
37696
37815
37889
37913
37935
38081
38226
38521
38638
38703
38789
38889
38989
39084
39127
39533
39574
39978
40151
40185
40395
40537
40563
40578
40631
40650
40784
