40
719
792
819
951
1027
1197
1397
1412
1479
1480
1671
1758
2037
2066
2553
2572
2861
3160
3451
3532
3575
3623
3816
3830
3937
4185
4264
4282
4387
4554
4639
4772
4812
5016
5022
5024
5074
5465
5466
5812
6026
6165
6188
6313
6477
6517
6537
6606
6711
6982
7040
7147
7158
7261
7969
8060
8253
8424
8480
8566
8578
8594
8644
8781
8833
9023
9047
9154
9695
9738
9795
9809
10129
10171
10271
10279
10725
10777
11063
11139
11154
11204
11225
11515
11609
11642
11686
11711
12071
12245
12375
12407
12493
12571
12631
12893
13029
13060
13126
13135
13175
13190
13210
13299
13361
13397
13469
13624
13709
13744
13790
14190
14301
14306
14516
14538
14666
14674
14886
15480
15534
16293
16398
16697
16968
17155
17201
17265
17291
17522
17780
17934
17969
18076
18115
18121
18814
18872
19229
19422
19423
19624
19734
19799
19805
20024
20104
20334
20466
20537
20876
21123
21268
21287
21312
21767
21770
22014
22136
22246
22297
22418
22492
22763
22821
22862
22935
23080
23890
23971
24173
24340
24347
24375
24598
24652
24684
24807
24866
24982
25011
25192
25801
26269
26277
26561
26580
26901
26960
26992
27065
27104
27163
27195
27352
27593
27690
27719
27748
27814
28072
28473
28658
28776
28931
29152
29304
29403
29588
29625
29644
29836
29925
29936
29963
30107
30331
30481
30598
30660
31004
31019
31271
31519
31592
31882
31890
31893
32005
32123
32135
32152
32280
32296
32319
32869
32908
33244
33749
33831
33833
34017
34020
34039
34169
34246
34300
34367
34794
34818
34840
34907
34963
34996
35078
35080
35379
35403
35407
35447
35651
35769
35770
35909
35946
36051
36329
36506
36726
36757
37281
37302
37678
37777
37800
37840
37931
38013
38036
38273
38444
38605
38999
39205
39310
39417
39449
39474
39487
39572
39577
39587
39669
40025
40276
40342
40428
40773
31
42
219
346
697
1088
1111
1181
1508
1873
2253
2443
2452
2575
2580
2747
2810
3087
3123
3336
3495
3588
3627
3818
3926
3927
3935
4245
4288
4456
4484
4520
4529
4819
4919
4975
5082
5096
5144
5168
5185
5324
5451
5661
5792
5856
5979
6121
6167
6201
6307
6375
6399
6469
6579
6754
6864
7064
7126
7345
7503
7710
7717
8010
8105
8123
8224
8234
8239
8372
8481
8533
8541
8618
8691
8880
8923
9005
9242
9256
9685
9697
9922
10077
10191
10492
10534
10605
10741
10994
11000
11186
11732
11748
11945
12302
12368
13077
13099
13109
13718
14039
14041
14193
14745
14835
14920
14942
15132
15203
15348
15423
15515
15922
16093
16114
16228
16320
16380
16440
16644
16761
17136
17306
17360
17563
17568
17626
17641
18052
18175
18668
18891
19300
19403
19690
19913
19934
19974
20056
20134
20344
20618
20751
20860
21049
21078
21112
21203
21412
21510
21935
22012
22274
22321
22544
22726
22894
23043
23180
23408
23494
23620
23873
23948
24122
24498
24835
24980
25686
25946
26137
26232
26267
26542
27136
27155
27680
27925
28005
28038
28208
28511
28592
28769
28918
29228
29290
29470
29508
29722
30008
30169
30406
30764
31089
31202
31394
31659
31808
31933
31997
32098
32177
32629
32730
32844
33033
33278
33623
34011
34106
34109
34242
34325
34369
34931
35342
35360
35391
35392
35633
35768
35912
35966
36296
36319
36418
36481
36594
36845
37226
37311
37409
37418
37560
37714
37889
37913
37927
38219
38226
38305
38508
38638
39455
39468
39533
40135
40151
40185
40231
40395
40537
40578
40609
40631
40680
40784
