11
382
719
951
1027
1094
1202
1217
1397
1412
1440
1479
1480
1513
1535
1758
2066
2104
2348
2493
2553
2572
2769
2784
2861
3382
3451
3532
3575
3816
3908
3937
4264
4269
4282
4387
4428
4554
4602
4870
5016
5024
5074
5355
5466
5760
5811
5812
5873
6026
6165
6188
6190
6313
6441
6477
6517
6606
6982
7040
7085
7261
7362
7435
7835
8360
8566
8644
8976
9072
9120
9240
9654
9738
9795
9809
9979
9998
10129
10131
10171
10593
10687
10728
10942
11204
11277
11553
11609
11658
11711
11829
11965
12071
12198
12245
12474
12690
12718
12893
13126
13175
13314
13361
13742
13744
13790
13986
14228
14301
14363
14516
14844
14859
14886
15174
15349
15534
16254
16293
16411
16470
16844
16959
17201
17265
17340
17444
17780
18076
18115
18338
18359
18506
18580
18794
18814
19151
19312
19321
19422
19525
19734
19805
20024
20104
20225
20466
20506
20537
20770
21092
21123
21134
21157
21167
21268
21287
21312
21411
21767
21821
22010
22014
22136
22246
22297
22338
22470
22492
22547
22821
22823
22862
23080
23190
23971
24033
24340
24347
24554
24598
24982
25011
25470
25801
25820
26072
26347
26455
26480
26580
26901
26960
26992
27163
27372
27402
27690
27719
27806
27833
28072
28122
28473
28776
28875
28931
28982
28990
29101
29588
29599
29601
29606
29625
29644
29836
30331
30347
30441
30449
30481
30598
30660
30697
31019
31073
31473
31592
31637
32123
32135
32296
32485
32869
32908
32931
33274
33831
34020
34235
34300
34584
34777
34794
34818
34907
34963
34996
35024
35053
35078
35098
35379
35403
35407
35424
35589
35651
35770
35860
35909
35946
36082
36347
36599
36719
36726
37281
37302
37390
37777
37840
37931
38273
38605
38628
38950
39067
39205
39310
39449
39474
39577
39587
40055
40069
40074
40229
40276
40428
40432
40773
40800
13
31
42
85
697
1088
1111
1181
1507
1508
1547
1632
1739
1798
1873
2253
2302
2318
2452
2601
2737
2810
2834
2836
2975
3067
3093
3113
3396
3495
3572
3818
3926
3990
4288
4363
4456
4675
4857
4919
4995
5082
5168
5302
5615
5796
5856
5979
6121
6194
6329
6469
6579
6864
7010
7064
7074
7164
7231
7318
7345
7710
7717
8105
8217
8234
8533
8541
8615
8618
8691
8923
8951
9066
9092
9161
9173
9256
9456
9566
9624
9685
9718
9922
9935
9946
10077
10191
10534
10541
10605
10626
10741
10977
11041
11247
11380
11562
11732
11748
12056
12302
12310
12368
12723
12746
13109
13875
14039
14041
14193
14245
14688
14835
14890
15066
15384
15922
16093
16320
16380
16440
16492
16574
16724
17192
17327
17424
17568
17577
17626
17641
17729
17910
18175
18882
18977
19300
19333
19690
19974
20038
20056
20134
20293
20337
20618
20664
20751
21112
21148
21184
21385
21455
21468
21712
22012
22036
22274
22519
22544
22710
22911
23205
23494
23620
23660
23948
23967
23990
24122
24216
24498
24721
24867
24917
25067
25465
25686
26267
26529
26845
26978
27210
27353
27386
27521
27801
28005
28208
28210
28327
28769
28878
29327
29401
29470
29722
30169
30406
30474
30764
30967
31089
31165
31659
31933
31997
32004
32197
32730
33301
33515
33623
34011
34192
34369
34668
34896
35056
35184
35278
35327
35371
35391
35625
35633
35912
36296
36319
36327
36418
36481
36724
36845
37016
37226
37239
37409
37418
37509
37560
37696
37815
37913
37923
38081
38219
38225
38226
38638
38789
38811
38989
39147
39866
39978
40151
40231
40537
40578
40609
40650
