40
382
756
792
819
951
1027
1060
1163
1202
1397
1412
1440
1479
1480
1535
2003
2037
2066
2104
2336
2459
2572
2769
2784
2858
2892
3055
3124
3383
3391
3451
3532
3623
3816
3908
3937
3999
4268
4554
4602
4613
5016
5022
5074
5465
5760
5812
5873
6026
6190
6441
6477
6537
6606
6982
7040
7147
7435
7835
7969
8060
8079
8291
8424
8510
8535
8566
8626
8781
9023
9047
9072
9240
9524
9738
9795
9998
10131
10271
10279
10725
10728
10889
11154
11225
11277
11553
11665
11686
11764
11830
12071
12073
12609
12893
12985
13060
13104
13210
13299
13314
13469
13709
13742
13790
13884
14091
14190
14306
14308
14516
14666
14674
14859
15059
15349
16254
16293
16398
16470
16860
16959
16968
17097
17155
17201
17291
17340
17522
17732
17780
17934
17969
18076
18115
18359
18506
18580
18751
18794
18814
18872
19008
19151
19229
19422
19734
19799
19805
19903
20104
20334
20466
20491
20506
20537
20770
20778
20876
20938
21157
21248
21287
21312
21612
21770
22010
22014
22418
22492
22823
22862
22935
23080
23190
23694
24173
24289
24340
24347
24375
24571
24652
24689
24831
24866
25011
26072
26269
26347
26480
26537
26561
26901
26951
26958
26960
27104
27195
27352
27593
27690
27806
27814
28658
28759
28776
28783
28875
28982
29588
29599
29606
29625
29644
29653
29760
29836
29925
30107
30449
30697
30824
31004
31019
31073
31087
31097
31271
31392
31519
31592
31601
31637
31873
31893
32005
32123
32135
32280
32319
32931
33244
33749
34017
34020
34246
34367
34621
34777
34907
34996
35024
35053
35078
35080
35379
35424
35589
35860
35873
36051
36082
36329
36347
36719
36757
38255
38273
38274
38444
38605
38628
38887
39067
39417
39449
39459
39474
39487
39520
39669
39843
40055
40069
40074
40276
40309
40428
120
369
697
762
1508
1739
1798
2302
2452
2575
2662
2810
2836
2975
3123
3204
3336
3495
3818
3823
3935
4023
4245
4409
4484
4520
4529
4857
4919
4975
4995
5025
5044
5079
5082
5096
5185
5443
5661
5745
5792
5856
5979
6121
6194
6329
7010
7126
7231
7345
7503
7710
8105
8217
8224
8234
8238
8304
8408
8541
8615
8691
8712
8880
9005
9092
9173
9242
9256
9550
9566
9697
9718
9922
9935
10541
10605
10741
10875
10905
11000
11190
11247
11380
11562
11689
11732
11748
11945
12122
12310
12368
12390
12457
13037
13129
13718
13875
14245
14416
14688
14890
14920
14942
15066
15203
15348
15423
15515
15697
16108
16114
16297
16320
16434
16440
16493
16570
17136
17327
17332
17344
17354
17360
17424
17500
17577
17626
17641
18052
18863
19690
20293
20337
20406
20600
20618
20664
20751
20813
20827
21049
21148
21203
21380
21412
21455
21468
21481
21712
21729
21935
22012
22274
22321
22336
22726
22911
23043
23180
23205
23408
23494
23652
23660
23948
24427
24721
24750
25018
25067
25297
25334
25368
25946
26232
26267
26529
26845
26978
27198
27353
27386
27521
27868
27917
27925
28208
28210
28327
28511
29228
29245
29327
29410
29722
29787
30008
30051
30082
30169
30337
30474
30764
31089
31103
31165
31765
31808
31875
31933
31997
32004
32197
32454
33087
33213
33301
33515
34106
34242
34369
34372
34622
34628
34931
35056
35128
35184
35392
35546
35625
35633
35768
35912
35957
35966
36293
36845
36881
37016
37226
37311
37369
37418
37509
37560
37593
37889
37913
37923
37927
38055
38081
38219
38388
38521
38638
38703
39375
40151
40395
40457
40537
40578
40606
40650
40784
