40
507
719
792
819
1217
1412
1480
1535
1758
2037
2104
2348
2459
2572
2769
2784
2858
2861
2917
3391
3451
3532
3773
3816
3908
3999
4282
4387
4613
4639
4812
5024
5074
5465
5760
5811
5812
6165
6188
6190
6537
6711
7147
7158
7435
7835
7969
8291
8360
8535
8626
8833
9023
9047
9524
9795
9809
9998
10129
10271
10593
10687
10725
11225
11413
11515
11553
11609
11642
11665
11829
11830
12071
12198
12245
12346
12375
12407
12474
12493
12571
12631
12893
12955
12985
13121
13126
13361
13469
13624
13726
13742
13744
13790
13884
14190
14228
14301
14363
14516
14666
14674
14886
15059
15174
15349
15534
16308
16398
16603
16844
17201
17265
17291
17340
17444
17732
17780
17934
17969
18076
18115
18121
18338
18506
18580
18751
18794
18872
19008
19291
19422
19423
19525
19734
19799
19805
20024
20334
20491
20778
20876
21004
21134
21248
21312
21411
21612
21747
21821
22010
22014
22246
22297
22418
22470
22528
22823
22935
23080
23190
23240
23694
23867
23890
24033
24340
24375
24598
24652
24684
24689
24831
24866
25192
25470
25801
25820
26040
26277
26480
26537
26971
27065
27195
27352
27548
27690
27725
27806
27833
28122
28658
28759
28990
29101
29152
29588
29599
29625
29644
29836
29936
30040
30107
30347
30598
30697
30824
31019
31073
31087
31097
31271
31519
31592
31637
31890
32123
32135
32280
32290
32296
32908
33180
33244
33274
33448
33749
33762
33815
33831
34017
34020
34039
34300
34584
34708
34840
34907
34963
34966
35078
35080
35114
35364
35403
35447
35651
35860
35909
35946
36051
37281
37302
37390
37800
37840
37907
38222
38273
38274
38444
38887
38950
38983
38999
39474
39587
39669
39843
40025
40055
40074
40428
31
85
117
231
346
369
697
762
1088
1507
1547
1798
2443
2575
2580
2601
2737
2747
2810
2836
2936
3069
3093
3336
3350
3396
3495
3572
3588
3627
3818
3927
3935
4288
4409
4456
4484
4520
4819
4857
4991
4995
5025
5044
5052
5168
5185
5302
5324
5745
5856
6046
6121
6194
6201
6307
6375
6705
6754
6886
7064
7074
7164
7187
7345
7503
7586
7710
7717
8217
8224
8234
8239
8372
8408
8481
8533
8712
9005
9092
9173
9242
9550
9566
9685
9697
9935
10077
10534
10605
10905
10984
10994
11087
11247
11380
11689
11748
11945
11973
12056
12122
12746
13099
13129
13875
14245
14416
14745
14835
14890
14899
14901
14942
15066
15203
15304
15423
15424
15515
15697
15922
16228
16320
16440
16492
16644
16724
17306
17327
17500
17568
17577
17910
18863
18977
19300
19333
19353
19403
19690
19913
19974
20015
20038
20056
20134
20136
20286
20344
20507
20600
20618
20827
20860
21078
21112
21148
21183
21184
21380
21385
21412
21488
21549
21935
22012
22274
22336
22519
22544
22710
22726
22888
22911
23180
23205
23494
23652
23929
23967
24498
24721
24835
24955
25297
25465
25600
25686
26845
27198
27353
27521
27801
27815
28038
28208
28210
28592
28800
28878
29245
29327
29508
29722
30008
30082
30169
30764
30967
31165
31194
31202
31394
31659
31808
31997
32004
32177
32197
32454
32730
33033
33087
33213
33301
33494
33515
33623
34011
34106
34192
34242
34372
34610
34622
35056
35327
35360
35391
35392
35541
35625
35912
35957
35966
36175
36418
36845
37239
37311
37418
37509
37560
37593
37815
37889
37927
37935
38305
38388
38638
38789
38811
38889
38989
39084
39147
39375
39533
39574
39978
40151
40185
40395
40537
40563
40606
40609
40631
40680
40784
