382
1217
1412
1479
1480
1492
1535
2104
2336
2553
2861
2892
3124
3160
3451
3575
3623
3816
3908
4185
4264
4282
4422
4554
4613
4772
4870
5016
5024
5074
5355
5465
5503
5760
5812
5873
6026
6165
6313
6441
6654
7040
7085
7435
8253
8291
8424
8480
8510
8566
8594
8626
8833
8976
9023
9047
9120
9524
9593
9695
9795
9809
9979
10129
10131
10171
10279
10344
10593
10725
10889
10927
11063
11139
11413
11515
11609
11642
11658
11665
11686
12073
12346
12375
12407
12474
12512
12631
12985
13060
13175
13190
13203
13314
13361
13518
13709
13726
13742
13744
13790
13833
13884
13986
14091
14190
14228
14308
14363
14844
14915
15710
16293
16411
16463
16844
16959
17155
17201
17265
17291
17522
18359
18580
18814
18872
19291
19321
19423
19624
19805
20024
20104
20334
20537
20778
20938
21157
21268
21287
21312
21612
21767
21770
22014
22246
22297
22338
22547
22821
22823
22862
22935
23080
23240
23867
24033
24289
24340
24347
24571
24652
24689
24807
24831
25011
25324
25801
26269
26277
26347
26455
26580
26715
26901
26951
26958
26960
26971
27065
27104
27163
27352
27402
27548
27569
27593
27690
27719
27725
27748
27814
28658
28875
28931
28982
29101
29304
29588
29599
29606
29625
29653
29760
29836
29963
30107
30172
30441
30449
30598
30660
30697
30824
31004
31392
31601
31637
31882
31893
32123
32217
32280
32290
32319
32485
32908
32927
33180
33749
33831
33833
33965
34039
34300
34584
34777
34794
34818
34840
34907
34963
34996
35017
35080
35098
35114
35151
35255
35364
35403
35407
35447
35770
35873
35909
36051
37390
37800
37931
38036
38103
38273
38274
38444
38628
38677
38950
38999
39082
39205
39310
39459
39577
39587
39669
39694
39843
40025
40229
40800
31
42
120
219
369
697
762
1088
1111
1507
1739
1798
1873
2575
2580
2747
2834
3087
3396
3627
3823
3927
3935
4288
4363
4409
4529
4778
4819
4995
5025
5044
5082
5302
5451
5473
5615
5745
5792
5856
6046
6121
6194
6201
6469
6579
6864
6933
7064
7074
7231
7318
7345
7503
7586
8105
8217
8224
8238
8239
8372
8481
8541
8618
8691
8712
8713
8880
8951
9005
9092
9161
9173
9456
9612
9697
9718
10077
10191
10541
10626
10677
10984
10994
11087
11234
11380
11598
11689
11973
12122
12302
12310
12368
12390
12457
12723
12746
13099
13109
13718
13785
13875
14039
14041
14688
14835
14890
14899
14901
15132
15203
15304
15348
15384
15423
15515
15697
15922
16108
16297
16320
16492
16644
16761
16913
16958
17136
17192
17332
17360
17500
17641
17729
17910
18052
18668
18882
19300
19333
19353
19403
19974
20056
20136
20286
20293
20344
20507
20600
20618
20813
20963
21049
21078
21112
21148
21183
21203
21380
21468
21729
21935
22012
22519
22710
22726
22894
22911
23205
23620
23652
23660
23873
23967
24169
24498
24750
24835
24867
24980
25018
25297
25334
25368
25465
25600
25674
25686
26845
26978
27198
27221
27680
27801
27815
27839
27917
28038
28208
28327
28511
28769
29228
29401
29410
29508
29722
30008
30406
31089
31194
31202
31659
31808
31997
32004
32454
32771
32844
33087
33337
33494
33515
33623
33701
34011
34109
34372
34610
34896
34923
34931
35128
35278
35342
35392
35541
35546
35625
35633
35957
35966
36175
37016
37226
37239
37311
37418
37509
37560
37696
37714
37913
37923
37927
38219
38226
38305
38388
38521
38638
38703
38889
39084
39127
39375
39455
39574
39866
39978
40135
40231
40575
40578
40631
40650
