40
507
756
792
951
996
1027
1094
1197
1217
1397
1412
1440
1479
1535
1758
2104
2336
2459
2493
2553
2572
2769
2861
2892
3055
3124
3160
3532
3623
3773
3830
3937
3999
4268
4387
4422
4602
4639
4772
4870
4979
5024
5465
5503
6026
6188
6190
6441
6517
6606
6711
7085
7158
7261
7362
7435
7835
7963
7969
8060
8079
8253
8291
8424
8480
8535
8566
8578
8626
8644
8833
9047
9154
9240
9524
9738
9795
9998
10171
10593
10728
10867
10889
10927
10942
11139
11204
11277
11609
11665
11686
11829
12198
12245
12407
12690
12985
13135
13175
13299
13361
13397
13726
13742
13744
14091
14190
14363
14599
14859
14915
15059
15174
15349
15480
15534
16398
16470
16860
16959
17097
17155
17201
17340
17444
17522
17780
17934
17969
18115
18338
18751
18872
19008
19291
19321
19422
19423
19525
19624
19903
20024
20104
20225
20334
20491
20537
20770
20778
20876
21092
21134
21157
21287
22014
22246
22338
22547
22821
22823
22935
23240
23890
23971
24340
24375
24554
24684
24689
25324
25470
26269
26455
26480
26715
26901
26951
26960
26971
27352
27372
27548
27569
27593
27690
27719
28759
28776
28875
28931
28982
29101
29304
29599
29644
29760
29936
29963
30107
30331
30347
30441
30449
30660
30697
31004
31019
31073
31087
31097
31473
31519
31592
31601
31637
31890
32005
32123
32152
32280
32319
32485
32908
33244
33448
33749
33815
33833
33965
34020
34039
34169
34300
34708
34794
34818
34884
34907
34966
35017
35053
35078
35098
35151
35325
35589
35651
35770
35860
35873
35909
36051
36757
36802
37281
37302
37678
37800
37840
37907
38036
38255
38605
38628
38677
38950
38999
39082
39459
39474
39487
39572
39577
39587
39694
39939
40025
40055
40074
40773
40800
117
219
697
762
1088
1507
1508
1547
1739
1873
2302
2443
2452
2575
2810
2975
3067
3087
3204
3336
3350
3396
3627
3926
3927
4363
4409
4456
4529
4675
4778
4819
4857
4975
4991
5044
5168
5302
5473
5792
5796
5979
6167
6194
6329
6375
6399
6469
6579
6705
6754
6864
6933
7074
7164
7187
7318
7717
8010
8105
8217
8234
8239
8304
8372
8481
8541
8563
8615
8618
8691
8712
8923
8951
9066
9092
9173
9624
9935
10077
10492
10534
10541
10605
10875
10977
11000
11041
11087
11190
11598
11689
11732
11748
12122
12345
12746
13099
13109
13129
13718
13785
14041
14688
14835
14920
14942
15304
15384
15423
15922
16114
16297
16320
16380
16492
16493
16574
16644
16958
17136
17306
17344
17360
17424
17577
17641
17917
18175
18891
19300
19353
19403
19614
19690
19974
20038
20056
20293
20337
20406
20618
20664
20860
21078
21183
21184
21203
21385
21412
21468
21481
21488
21510
21729
21935
22012
22036
22274
22519
22888
22911
23180
23494
23620
23652
23929
24122
24169
24216
24721
24750
24835
24917
24955
24980
25334
25465
25600
25686
25946
26137
26529
26978
27155
27198
27210
27386
27521
27680
27815
27839
27868
27917
28511
28592
28918
29228
29245
29410
30337
30474
31089
31103
31194
31202
31394
31659
31765
31808
31875
31997
32004
32098
32177
32197
32454
32730
32771
32844
33087
33213
33278
33337
33515
33623
34109
34369
34372
34622
34668
34896
34923
34931
35056
35184
35278
35342
35391
35392
35541
35625
35633
35768
36293
36296
36319
36481
36724
36845
36881
37226
37369
37560
37714
37923
37927
37935
38055
38225
38226
38508
38789
38811
38812
38889
39127
39147
39375
39533
39574
39866
40185
40563
40609
40680
