40
382
507
819
996
1094
1202
1217
1397
1412
1479
1480
1492
1513
1758
2066
2336
2348
2493
2553
2858
2861
2892
2917
3124
3383
3391
3451
3532
3575
3623
3816
3830
3908
3937
3999
4185
4269
4282
4387
4428
4554
4772
4870
5016
5022
5024
5074
5355
5503
5812
5873
6026
6165
6313
6441
6537
6654
6711
7085
7147
7435
7963
8253
8535
8626
8644
8781
8976
9047
9120
9240
9524
9593
9654
9695
9809
9979
10129
10131
10271
10725
10867
10942
11204
11225
11277
11609
11665
11686
11764
11830
11965
12073
12198
12346
12609
12631
12690
12718
12893
13135
13203
13314
13361
13397
13469
13518
13709
13726
13790
13986
14091
14228
14301
14308
14538
14599
14859
14886
14915
15059
15534
16293
16308
16463
16844
16860
16959
16968
17067
17444
17732
17969
18121
18201
18256
18338
18359
18472
19008
19151
19225
19312
19321
19422
19423
19525
19903
20225
20491
20876
21123
21157
21167
21312
21747
21821
22010
22136
22470
22528
22547
22763
22823
22862
23190
23240
23694
23971
24173
24347
24571
24598
24652
24689
24761
24807
25011
25324
25470
25801
26040
26537
26580
26901
26958
26971
27402
27548
27690
27748
27806
28072
28473
28554
28759
28875
28931
29152
29403
29601
29606
29625
29653
29760
29925
29963
30040
30172
30331
30481
30598
30660
30697
31004
31019
31073
31271
31392
31519
31592
31882
31893
32005
32123
32280
32296
32319
32485
32908
32931
33244
33274
33448
33762
33965
34020
34367
34794
34840
34963
34966
34996
35080
35098
35114
35151
35325
35403
35589
35769
35770
35909
35946
36082
36719
37390
37678
37931
38013
38222
38273
38274
38605
38628
38950
39067
39205
39459
39487
39572
39577
39587
39843
40055
40069
40074
40309
40342
40773
40800
13
31
42
85
120
219
231
302
369
1088
1632
1739
1798
1873
2253
2302
2575
2580
2662
2737
2747
2810
2834
2836
3123
3396
3818
3823
4288
4363
4409
4484
4520
4778
4857
4919
5044
5052
5144
5163
5250
5324
5473
5615
5792
5796
5856
5979
6167
6201
6307
6329
6375
6469
6579
6705
6754
6864
6886
7164
8010
8105
8224
8234
8304
8408
8481
8712
8713
8880
8923
9005
9092
9173
9256
9456
9550
9685
9697
9922
9946
10191
10541
10605
10677
10741
10875
10977
11000
11190
11247
11380
11598
11689
11732
11973
12056
12302
12345
12390
12723
13099
13109
13718
13785
13875
14039
14041
14416
14688
14899
14901
14920
14942
15132
15203
15304
15348
15384
15424
15922
16108
16320
16380
16492
16493
16570
16574
16761
17136
17306
17332
17354
17500
17568
17626
17641
17729
17910
18668
18891
18977
19216
19300
19614
19934
20038
20134
20136
20293
20337
20344
20600
20618
20860
20963
21183
21184
21203
21380
21455
21712
21729
21935
22012
22036
22274
22321
22336
22726
23408
23494
23620
23652
23929
23990
24169
24427
24750
24867
24980
25297
25334
25368
25600
25674
26137
26542
26978
27198
27210
27221
27353
27521
27815
27917
27925
28038
28208
28327
28511
28800
28878
29228
29245
29290
29470
30051
30082
30169
30337
30764
30967
31089
31103
31165
31202
31765
32098
32730
32771
32844
33033
33301
33494
33515
33623
33701
34192
34242
34325
34369
34372
34610
34896
34923
34931
35056
35278
35327
35360
35392
35541
35546
35625
35633
35957
36175
36293
36319
36327
36481
36594
36881
37409
37418
37560
37923
37927
37935
38226
38508
38521
38703
38789
38811
38812
39127
39533
39574
39978
40185
40231
40457
40575
40578
