11
382
719
819
951
1076
1094
1163
1202
1217
1397
1479
1480
1492
1535
1671
2104
2336
2493
2769
2861
2892
3124
3160
3391
3451
3532
3575
3773
3908
4185
4264
4268
4269
4282
4387
4422
4428
4870
4979
5022
5024
5355
5466
5760
5811
6165
6188
6190
6313
6477
6517
6606
6711
6982
7040
7147
7158
7261
7835
7963
8060
8079
8253
8360
8424
8480
8510
8535
8566
8594
8626
8781
8833
8976
9023
9047
9072
9120
9154
9654
9738
9809
9998
10279
10593
10728
10777
10889
11139
11154
11204
11225
11413
11609
11642
11665
11686
11711
11764
12073
12198
12245
12474
12571
12609
12718
12893
13029
13126
13210
13314
13709
13790
13833
13884
14091
14144
14306
14308
14538
14674
14915
15059
15174
15534
16398
17201
17265
17780
17969
18076
18115
18121
18256
18338
18359
18580
18751
18794
18814
19008
19225
19422
19525
19624
19734
19903
20024
20104
20466
20876
21123
21134
21157
21167
21287
21312
21411
21612
21767
21770
22094
22418
22763
22821
22862
23190
23694
23867
23971
24173
24289
24375
24689
24866
26269
26455
26480
26580
26958
26960
27104
27163
27195
27352
27372
27402
27548
27719
27748
27806
27833
28072
28473
28658
28759
28783
28931
29403
29599
29601
29644
29653
29936
30172
30331
30347
30441
30449
30481
30660
31004
31519
32005
32280
32290
32296
32908
33448
33749
33815
34020
34039
34367
34794
34818
34907
35017
35024
35053
35078
35080
35098
35151
35255
35325
35403
35424
35447
35651
35909
36329
36347
36506
36719
36726
37390
37678
37907
38013
38255
38273
38444
38677
38983
39067
39082
39205
39310
39417
39449
39459
39474
39577
39694
39843
40069
40309
40773
13
231
302
342
346
697
762
1508
1547
1798
2318
2662
2747
2810
2836
2936
2975
3067
3069
3093
3113
3123
3204
3350
3572
3588
3627
3818
3926
3927
4363
4520
4529
4819
4857
4975
4991
4995
5025
5079
5082
5163
5168
5443
5451
5473
5792
5979
6046
6121
6167
6194
6307
6399
6469
6579
6754
6886
7010
7064
7126
7187
7231
7345
7710
8105
8234
8238
8372
8481
8541
8615
8713
8880
8951
9161
9456
9612
9718
9946
10077
10492
10534
10605
10905
10977
10984
10994
11041
11087
11095
11190
11234
11380
11945
11973
12056
12302
12457
12746
13077
13718
13785
13875
14245
14416
14745
14835
14890
14899
14920
14942
15203
15304
15384
15423
15515
16114
16320
16380
16434
16493
16570
16574
16644
16761
16913
16958
17192
17306
17327
17568
17626
17641
17729
17910
17917
18052
18668
18863
18891
18977
19216
19353
19403
19614
19690
19913
19974
20038
20056
20293
20337
20406
20618
20813
20827
20860
20963
21078
21183
21203
21380
21412
21455
21488
21549
21729
21935
22012
22036
22336
22544
22710
22911
23043
23408
23494
23873
24169
24498
24721
24750
24835
24917
24980
25067
25297
25368
25600
25674
25686
25946
26232
26529
26978
27136
27198
27221
27353
27386
27521
27680
27801
27839
27868
27925
28038
28210
28769
28800
28918
29245
29290
29327
29401
29722
29787
30169
30474
30764
31089
31202
31875
31933
31997
32098
32177
32197
32629
32771
33033
33278
33301
33515
34011
34106
34109
34242
34325
34372
34896
34931
35128
35327
35342
35541
35546
35625
35633
35768
35912
35957
36021
36175
36296
36327
36418
36881
37226
37239
37369
37409
37696
37714
37889
37923
37935
38055
38081
38226
38305
38388
38508
39147
39375
39455
39978
40135
40151
40185
40537
40563
40575
40578
40606
40631
40680
