382
756
792
819
996
1027
1060
1076
1202
1217
1479
1480
1492
2066
2493
2861
2917
3055
3124
3382
3383
3391
3575
3623
3908
4268
4269
4554
4613
4772
5016
5022
5148
5355
5466
5503
5811
5873
6165
6190
6477
6517
6537
6982
7085
7158
7261
7969
8060
8079
8253
8291
8360
8424
8480
8566
8578
8626
8644
8781
8833
8976
9072
9524
9593
9738
9998
10129
10271
10279
10777
10889
10927
11225
11277
11413
11515
11711
11829
11965
12198
12245
12407
12474
12571
12609
12631
12690
12718
12893
12985
13029
13060
13121
13126
13175
13190
13299
13314
13361
13469
13624
13833
13884
14228
14301
14306
14363
14516
14666
14674
15059
15174
15349
15534
15710
16254
16293
16308
16411
16463
16603
16697
16844
16860
16959
16968
17067
17201
17291
17340
17444
17732
17934
17969
18076
18256
18338
18359
18472
18580
18872
19151
19229
19291
19312
19321
19422
19423
20225
20466
20491
21157
21287
21767
21821
22010
22094
22136
22470
22935
23694
23867
23890
23971
24033
24173
24375
24571
24689
24807
24866
25470
26040
26269
26347
26455
26480
26537
26580
26901
26951
26960
26971
27104
27195
27352
27372
27548
27569
27725
27806
27814
27833
28658
28776
28783
28875
28931
28990
29101
29606
29625
29925
29936
30040
30107
30481
30660
31004
31019
31073
31097
31473
31519
31637
31882
31893
32005
32123
32152
32290
32485
32869
32908
32927
32931
33180
33815
33833
34039
34235
34300
34708
34777
34794
34840
34884
34966
34996
35053
35078
35098
35114
35364
35379
35403
35424
35589
35651
35769
35770
35873
36347
36757
37678
37777
37800
37840
38103
38255
38273
38444
38677
38887
38999
39310
39449
39487
39577
40025
40069
40074
40428
40432
40800
42
85
219
302
346
1181
1507
1873
2302
2452
2601
2737
2747
2810
2836
2975
3069
3087
3093
3123
3336
3350
3396
3572
3588
3818
3935
3990
4409
4456
4520
4919
5025
5044
5052
5079
5096
5144
5324
5443
5451
5473
5661
5792
5856
6046
6121
6167
6307
6375
6399
6579
6864
6886
6933
7010
7064
7126
7187
7345
7503
7586
7717
8010
8105
8224
8234
8238
8239
8408
8481
8533
8563
8691
8712
8880
8951
9005
9066
9092
9161
9173
9242
9550
9566
9612
9624
9718
9946
10077
10191
10534
10605
10875
11087
11234
11380
11689
11973
12390
12723
12746
13099
13445
13785
14039
14835
14890
14899
14901
14920
15066
15132
15203
15348
15384
15423
15424
15515
15697
15922
16093
16108
16297
16492
16493
16570
16574
16644
16958
17192
17332
17344
17354
17360
17424
17500
17568
17577
17641
17910
18052
18175
18891
19216
19333
19934
19974
20015
20056
20286
20337
20344
20507
20600
20618
20664
20813
20827
20860
20963
21049
21078
21184
21385
21412
21455
21510
22012
22036
22321
22336
22519
22544
22911
23205
23652
24216
24427
24721
24835
25067
25297
25334
25368
25600
25686
26232
26267
26542
26978
27155
27198
27210
27353
27521
27680
27815
27868
27917
27925
28005
28038
28327
28769
28800
29290
29401
29787
30008
30051
30169
30337
30406
30474
30764
31089
31103
31194
31202
31394
31765
31997
32004
32177
32454
32730
32844
33033
33213
33515
34011
34106
34109
34242
34325
34610
34622
34668
34896
35056
35184
35327
35391
35541
35546
35625
35957
36021
36175
36293
36418
36481
36724
36845
36881
37016
37226
37239
37369
37593
37714
37815
37923
37927
38219
38508
38638
38811
39084
39147
39455
39468
39533
39866
40151
40457
40563
40575
40578
40609
40631
