40
719
951
996
1027
1076
1163
1197
1202
1412
1513
1671
2003
2037
2066
2104
2784
2858
2861
2892
2917
3160
3391
3908
3937
3999
4282
4428
4639
4772
4812
4870
4979
5016
5148
5465
5760
5811
5812
6313
6441
6537
7085
7261
7362
8424
8480
8535
8566
8578
8626
8644
8781
8976
9072
9154
9524
9593
9654
9695
9979
10131
10271
10279
10687
10728
10777
10867
10889
10927
11139
11225
11277
11413
11609
11658
11686
11829
11965
12071
12198
12346
12375
12407
12474
12571
12609
12631
12690
12718
12955
13029
13121
13126
13135
13175
13210
13299
13314
13518
13726
13742
14091
14190
14301
14363
14538
14666
14674
14859
15059
15710
16254
16293
16398
16463
16470
16697
16844
16968
17097
17201
17340
17444
17732
17780
17969
18201
18256
18338
18472
18751
18814
18872
19151
19225
19291
19312
19321
19423
19525
19734
19799
19903
20024
20104
20225
20334
20466
20491
20506
20537
20778
20876
21092
21123
21167
21268
21287
21312
21411
22010
22094
22246
22297
22418
22528
22821
23080
23694
23867
23890
23971
24033
24289
24375
24689
24761
24807
24831
24866
25011
25324
25470
25780
26040
26072
26269
26347
26455
26580
26951
26958
26960
26971
27065
27163
27352
27372
27402
27548
27569
27725
27814
27833
28072
28122
28658
28759
28776
28783
28990
29101
29403
29588
29599
29625
29644
29653
29760
29963
30040
30107
30347
30441
30449
30697
30824
31073
31087
31097
31271
31473
31592
31601
31873
31882
31890
32005
32123
32152
32217
32290
32908
32927
32931
33180
33274
33448
33762
33815
33831
33965
34020
34039
34169
34584
34708
34777
34794
34884
34907
34966
34996
35151
35325
35364
35407
35424
35651
35769
35873
35909
36082
36757
37302
37931
38036
38255
38274
38444
38605
38677
38887
38999
39205
39310
39417
39449
39487
39520
39572
39669
39843
40025
40309
40428
40773
31
85
120
219
231
302
342
346
369
697
1088
1111
1181
1547
1632
1739
1873
2253
2318
2443
2575
2737
2810
2834
2936
3069
3093
3123
3204
3336
3350
3495
3572
3926
3927
3935
3990
4023
4363
4409
4456
4484
4975
4995
5025
5044
5082
5144
5185
5302
5443
5473
5615
5661
5792
5796
6046
6121
6158
6167
6194
6201
6307
6329
6705
6864
7010
7126
7318
7586
7717
8105
8239
8372
8533
8541
8615
8713
9161
9242
9256
9456
9550
9612
9624
9685
9718
9922
10492
10626
10741
10984
10994
11087
11095
11186
11190
11247
11945
12122
12302
12390
12457
13099
13445
13718
14416
14688
14890
14899
14920
15066
15348
15424
16228
16297
16320
16434
16440
16492
16570
16574
16724
16761
16913
17136
17327
17424
17563
17577
17641
18882
18977
19216
19300
19353
19403
19614
19934
20134
20337
20664
20813
20827
21049
21183
21184
21380
21385
21468
21481
21712
21935
22012
22036
22321
22336
22519
22544
22894
23180
23494
23873
23967
24169
24216
24427
24835
24867
24980
25018
25297
25334
25600
25674
26137
26267
26542
26845
27198
27210
27353
27386
27868
27917
27925
28038
28511
28592
28769
28878
28918
29722
29787
30169
30474
31165
31202
31933
31997
32454
32730
33033
33087
33213
33301
33337
33515
34106
34109
34325
34369
34372
34622
34896
35056
35278
35342
35391
35541
35625
35633
35768
35912
35966
36021
36175
36293
36296
36319
36327
36418
36594
36724
36881
37311
37509
37593
37696
37889
37913
37927
38226
38305
38508
38521
38638
38811
38889
39084
39127
39375
39533
39574
40395
40575
40578
40606
40609
40680
