382
719
951
1027
1060
1202
1397
1412
1440
1480
1671
2037
2066
2553
2572
2769
2784
2861
2892
2917
3160
3391
3532
3908
4185
4268
4387
4554
4602
4613
4772
4812
5016
5022
5148
5355
5466
5503
5811
6026
6188
6190
6313
6441
6477
6606
6982
7040
7435
7835
8060
8079
8360
8480
8510
8535
8566
8578
8626
8781
8833
8976
9047
9120
9240
9524
9738
9795
9998
10129
10131
10171
10271
10344
10725
10728
10942
11139
11154
11277
11413
11665
11686
11711
11764
11829
12071
12073
12346
12407
12474
12718
12955
13029
13060
13121
13190
13203
13299
13314
13361
13397
13518
13624
13790
13833
13884
14144
14190
14228
14301
14306
14308
14516
14538
14674
14886
14915
15059
15174
15480
15534
16308
16470
16697
16860
16968
17155
17265
17291
17444
17780
17969
18115
18121
18256
18338
18472
18580
18751
19008
19225
19229
19312
19423
19624
19734
19805
19903
20024
20225
20334
20491
20506
20770
20778
21004
21157
21248
21268
21312
21411
21747
21767
21770
21821
22014
22136
22338
22492
22823
23190
23240
23694
23971
24033
24173
24289
24340
24375
24807
24866
24982
25780
25820
26040
26072
26269
26455
26480
26561
26580
26901
26960
27104
27163
27352
27548
27569
27690
27719
27725
27748
27806
27814
28122
28473
28554
28759
28776
28783
28990
29304
29599
29601
29606
29625
29653
29760
30107
30172
30441
30481
30697
31004
31019
31097
31271
31519
31601
31873
31882
31893
32123
32135
32152
32217
32280
32296
32319
32485
33274
33749
33965
34017
34039
34235
34246
34621
34708
34794
34840
34907
34966
34996
35024
35080
35114
35255
35364
35379
35403
35447
35589
35769
35770
35860
35946
36051
36329
36506
36599
36802
37281
37302
37390
37678
37777
37907
37931
38255
38274
38628
38950
38999
39310
39417
39459
39577
39587
39669
39694
39843
39939
40025
40055
40074
40229
40276
40309
40800
219
231
302
346
1088
1111
1508
1739
1873
2253
2302
2318
2443
2575
2580
2737
2747
2810
2834
2836
2975
3069
3093
3113
3123
3818
3823
3926
3927
3935
4023
4520
4675
4819
4975
5144
5324
5443
5473
5661
5796
5856
6167
6329
6399
6754
6864
6933
7010
7064
7126
7164
8010
8105
8224
8234
8304
8372
8408
8481
8533
8712
8713
8880
9066
9550
9624
9697
9946
10492
10541
10605
10626
10875
10977
10984
10994
11041
11087
11095
11186
11234
11380
11562
11598
11748
12122
12345
12368
12390
12723
12746
13077
13099
13109
13718
13785
13875
14039
14193
14835
14890
14899
14901
14920
14942
15066
15132
15348
15384
15922
16108
16228
16320
16380
16434
16570
16574
16958
17306
17327
17332
17344
17500
17568
18175
18882
19216
19614
19913
20015
20056
20134
20136
20293
20344
20406
20507
20600
20618
20664
20813
20860
21049
21078
21112
21148
21385
21412
21481
21549
21729
22012
22274
22710
22888
22894
23180
23408
23494
23652
23660
23873
23929
23948
24835
24917
24980
25334
25674
25686
26137
26267
26529
26542
26845
27136
27155
27210
27353
27521
27815
27839
27917
27925
28005
28038
28210
28327
28800
28878
28918
29228
29290
29327
29722
29787
30169
30337
30406
30967
31103
31194
31394
31659
31808
31875
31933
32177
32197
32454
32844
33087
33301
33494
33623
34011
34109
34325
34369
34931
35056
35184
35278
35327
35342
35371
35391
35392
35633
35912
35957
36175
36481
36845
37016
37226
37509
37560
37593
37714
37815
38226
38508
38989
39084
39127
39533
39978
40135
40231
40395
40457
40563
40575
40578
40784
