11
382
719
756
792
951
996
1027
1076
1094
1197
1202
1217
1492
1513
1758
2037
2066
2459
2493
2572
2892
3055
3160
3383
3451
3532
3575
3816
3830
3908
3999
4185
4387
4554
4812
4870
4979
5016
5024
5466
5760
5811
6165
6188
6190
6313
6517
6537
6606
6982
7040
7158
7362
8510
8566
8578
8781
9072
9120
9240
9593
9654
9738
9795
9809
9979
10131
10171
10279
10344
10593
10725
10867
10889
10927
11063
11277
11515
11553
11642
11658
11665
11686
11711
11829
11830
11965
12071
12198
12245
12346
12375
12407
12631
12893
13029
13135
13299
13361
13518
13709
13744
13790
13833
13986
14190
14228
14308
14363
14516
14859
14886
15059
15349
15480
15710
16293
16308
16398
16470
16603
16697
16968
17067
17097
17201
17265
17444
18076
18115
18121
18359
18472
18580
18872
19008
19151
19312
19321
19423
19624
19734
20024
20225
20334
20466
20537
20770
20778
20876
20938
21092
21123
21287
21312
21747
21767
21821
22010
22014
22094
22246
22338
22418
22470
22492
22528
22935
23080
23694
23867
23890
24347
24375
24571
24598
24652
24689
24761
25011
25324
25780
26040
26072
26277
26347
26480
26537
26901
26951
26960
26992
27065
27104
27352
27569
27593
27725
27748
27814
28122
28658
28931
29101
29403
29588
29601
29606
29644
29760
29925
30107
30331
30347
30441
30449
30660
30824
31004
31073
31271
31392
31519
31601
31637
31882
31893
32152
32217
32280
32290
32296
32485
32869
32908
32931
33180
33274
33762
33815
33965
34020
34246
34584
34777
34884
34963
34966
35024
35053
35080
35098
35114
35255
35379
35407
35909
35946
36051
36329
36347
36599
37281
37302
37678
37800
37840
37907
38013
38036
38255
38274
38605
38677
38887
38950
38999
39082
39417
39449
39474
39487
39939
40055
40069
40773
40800
13
42
117
231
302
342
346
697
1632
1798
2253
2302
2318
2737
2810
2834
3087
3093
3113
3123
3336
3350
3396
3588
3627
3823
3935
3990
4023
4409
4529
5044
5052
5079
5144
5163
5185
5250
5792
5796
6046
6194
6307
6329
6375
6399
6579
6705
6864
7074
7231
7586
8010
8123
8217
8304
8408
8533
8615
8618
8691
8712
8880
8923
8951
9005
9066
9242
9456
9612
9624
9697
9718
9935
9946
10534
10626
10677
10741
10977
10984
11000
11087
11095
11186
11190
11598
11689
11748
12122
12310
12368
12390
12457
13037
13129
13445
13785
13875
14039
14041
14245
14835
14901
14942
15066
15132
15348
15384
15423
15515
15697
15922
16093
16114
16297
16380
16440
16570
17136
17192
17332
17354
17568
17626
18052
18668
18863
18977
19300
19333
19353
20015
20056
20136
20286
20337
20344
20507
20600
20751
20860
20963
21049
21183
21203
21385
21412
21455
21468
21481
21488
21510
21549
21935
22274
22321
22336
22710
23180
23205
23408
23620
23660
23873
23967
23990
24122
24169
24216
24498
24835
24867
24917
25018
25368
25686
26137
26232
26529
26978
27155
27221
27680
27801
27815
28005
28210
28327
28800
29245
29290
29327
29410
29470
29722
30051
30082
30337
30764
31103
31165
31194
31202
31394
31659
31765
31875
32177
32454
32629
33087
33213
33301
33337
34325
34610
34628
34668
34896
34923
34931
35128
35184
35278
35342
35371
35391
35392
35541
35625
35633
35912
35966
36021
36293
36296
36327
36481
36845
36881
37239
37369
37418
37509
37714
37889
37923
37927
38508
38703
38789
38889
39084
39127
39375
39455
39533
39866
40151
40185
40231
40457
40537
40578
40606
40609
40631
40650
40784
