11
40
756
819
951
1027
1060
1197
1217
1440
1479
1480
1513
1671
2003
2037
2348
2493
2769
2858
2892
3124
3160
3382
3391
3575
3830
3908
3937
4268
4387
4428
4554
4772
4812
5024
5074
5355
5465
5503
5760
5811
5812
5873
6188
6190
6517
6606
6654
7147
7261
7835
7963
8060
8424
8480
8510
8535
8578
8594
8644
8833
9072
9120
9154
9240
9593
9654
9795
9979
9998
10271
10279
10593
10687
10728
10777
10927
10942
11154
11204
11225
11277
11553
11642
11658
11711
11965
12073
12198
12407
12474
12493
12571
12609
12631
12955
13029
13104
13135
13361
13397
13744
13833
13884
14144
14190
14538
14844
14886
15059
15174
15349
15534
16293
16959
16968
17067
17155
17291
17340
17522
17732
17780
17934
18076
18121
18201
18472
19151
19225
19321
19422
19525
20024
20104
20225
20466
20491
20537
20778
21004
21092
21123
21134
21157
21312
21612
21770
21821
22094
22297
22338
22418
22470
22528
22763
22823
22862
23694
23867
23971
24033
24173
24289
24571
24598
24761
25470
25780
26072
26480
26561
26901
26958
26960
26971
26992
27163
27548
27569
27593
27690
27719
27725
27748
27814
28072
28122
28473
28554
28759
28776
28783
28875
29403
29601
29606
29625
29963
30040
30172
30449
30598
30824
31087
31271
31473
31519
31592
31873
31890
32135
32217
32280
32290
32296
32319
32485
32927
32931
33180
33749
33762
33831
33965
34039
34169
34367
34584
34818
34840
34996
35017
35024
35053
35078
35098
35364
35873
36051
36329
36347
36599
36757
36802
37281
37390
37678
37800
37840
38013
38222
38255
38274
38444
38628
38677
38950
38999
39067
39449
39474
39572
39577
39669
39694
40025
40229
40276
40342
40432
40773
42
117
231
302
342
346
697
762
1181
1507
1508
1739
1873
2318
2452
2575
2580
2601
2662
2747
2975
3087
3093
3113
3123
3336
3588
3627
3926
3935
3990
4456
4520
4778
4819
4857
4919
4975
4991
4995
5144
5168
5250
5302
5473
5661
5745
5856
6194
6329
6399
6579
6754
6886
7064
7074
7126
7187
7231
7345
7586
7710
8010
8105
8123
8217
8224
8239
8372
8533
8541
8563
8618
8691
8712
8713
8880
8923
8951
9092
9173
9256
9612
9697
9718
9922
9946
10492
10534
10541
10626
10875
10977
10984
11000
11041
11186
11234
11247
11380
11732
11748
11945
11973
12122
12310
12345
12368
12390
12457
12723
13077
13099
13109
13129
13445
13718
13875
14041
14193
14416
14890
14901
15348
15423
15515
15922
16114
16228
16574
16644
16761
16913
17136
17306
17344
17360
17424
17500
17568
17641
17910
17917
18175
18668
18863
18882
19216
19353
19403
19690
19913
19974
20015
20134
20286
20337
20406
20507
20664
20751
20827
21049
21078
21112
21203
21385
21488
21510
21549
21935
22012
22274
22519
22710
22726
22888
23043
23205
23408
23620
23929
23990
24169
24216
24721
24835
24867
24917
25297
25334
25368
25465
25600
25686
26137
26232
26542
26845
27136
27221
27801
27839
27868
27917
27925
28005
28208
28210
28592
28769
28878
29327
29410
29470
29787
30082
30169
30967
31194
31202
31933
31997
32004
32177
32197
32454
32629
32730
33033
33213
33278
33337
33623
34011
34109
34192
34242
34325
34610
34622
34628
34668
34896
34923
35056
35327
35625
35957
36175
36293
36296
36319
36327
36418
36481
36594
37226
37311
37409
37509
37593
37696
37714
37889
37923
38219
38305
38508
38521
38638
38703
38789
38811
38889
38989
39084
39147
40135
40185
40575
40578
40606
40609
40650
