507
719
819
951
1094
1163
1397
1412
1535
1671
1758
2003
2459
2493
2769
2917
3055
3124
3160
3382
3383
3773
3816
3830
3908
3937
3999
4185
4282
4422
4613
4639
4870
5022
5074
5148
5465
5760
5812
5873
6165
6188
6441
6537
6606
6982
7040
7261
7435
7963
7969
8079
8291
8424
8480
8510
8535
8566
8578
8594
8626
8644
8976
9120
9524
9654
9695
9738
9795
9809
9998
10131
10171
10271
10344
10593
11139
11277
11413
11515
11642
11711
11829
11830
12071
12073
12245
12346
12407
12474
12493
12512
12571
12609
12893
12955
13104
13135
13175
13190
13361
13397
13518
13624
13709
13726
13742
13986
14091
14144
14306
14363
14516
14674
14859
15174
15480
15534
15710
16254
16411
16463
16470
16844
16860
17067
17097
17155
17265
17340
18076
18115
18121
18256
18359
18872
19225
19312
19422
19525
19903
20024
20225
20491
21004
21157
21167
21287
21312
21767
22010
22136
22297
22418
22547
22763
22823
22935
23080
23240
23694
24340
24554
24571
24689
24761
25011
25192
25324
25470
25820
26040
26277
26480
26537
26561
26715
26901
26958
26992
27065
27163
27372
27402
27569
27593
27690
27806
27814
28072
28122
28473
28658
28783
28931
28982
29152
29599
29601
29760
29936
29963
30107
30172
30441
30449
30481
30697
31073
31473
31519
31592
31873
31890
32290
32485
32908
32927
33180
33815
33833
33965
34017
34020
34235
34246
34300
34367
34708
34777
34884
34907
34963
34996
35024
35053
35078
35114
35364
35379
35447
35651
35769
35860
35873
35909
36719
36726
36757
36802
37302
37390
37678
37800
37840
37931
38013
38274
38677
38999
39082
39417
39459
39474
39487
39577
39587
39669
39694
39843
39939
40025
40229
40309
40432
40800
85
231
346
369
697
762
1088
1181
1507
1547
1632
1873
2253
2318
2575
2810
2836
3067
3069
3123
3572
3588
3823
3927
4023
4363
4675
4857
4919
4975
4991
4995
5079
5144
5168
5185
5250
5302
5324
5443
5451
5473
5615
5661
5792
6046
6121
6194
6201
6375
6399
6579
6754
6864
6886
7010
7064
7074
7231
7586
7710
8010
8105
8123
8217
8234
8372
8408
8541
8691
8713
8951
9066
9092
9161
9173
9456
9566
9624
9697
9718
9922
10492
10534
10541
10605
10741
10875
10984
11000
11087
11095
11186
11247
11732
11748
12122
12310
12368
12390
12457
12723
13099
13109
14039
14245
14745
14835
14899
15132
15203
15348
15384
15423
15515
15922
16108
16228
16320
16380
16434
16492
16493
16570
16644
16724
16761
16958
17136
17332
17424
17568
17577
17626
17641
17729
18052
18668
18891
18977
19333
19690
19913
20015
20038
20136
20286
20337
20406
20664
20751
20860
21049
21112
21148
21183
21184
21380
21481
21510
21549
21729
22321
22336
22519
22544
22726
22894
23043
23180
23205
23408
23494
23873
23929
23948
23990
24122
24427
24917
25018
25067
25334
25368
25686
26267
26529
26845
27136
27198
27210
27353
27386
27521
27868
27925
28511
28769
28878
28918
29228
29245
29327
29410
29722
30008
30082
30169
30337
30406
30474
30967
31165
31194
31394
31659
31765
31808
31875
32004
32098
32177
32197
32454
32730
32771
33033
33087
33301
34011
34106
34109
34192
34242
34325
34369
34610
34622
34896
34923
34931
35184
35342
35371
35391
35541
35546
35633
35957
35966
36293
36327
36594
36724
36881
37226
37311
37409
37509
37560
37913
37923
37927
38081
38219
38225
38226
38703
38989
39084
39127
39468
39574
39866
40151
40185
40395
40537
40563
40575
40609
40631
