507
719
819
951
1076
1163
1202
1217
1671
2037
2066
2104
2336
2493
2572
2769
2784
2858
2861
2892
3124
3160
3382
3451
3532
3773
3830
3999
4282
4428
4554
4602
4639
4772
4870
5016
5022
5024
5355
5465
5466
5760
5812
5873
6190
6313
6441
6477
6517
7085
7158
7362
7969
8079
8291
8360
8510
8535
8566
8578
8781
9023
9047
9120
9240
9654
9695
9738
9795
9809
9998
10129
10171
10725
10728
10777
10867
10927
11154
11204
11225
11413
11515
11642
11764
11829
12071
12073
12198
12407
12571
12631
12985
13104
13121
13126
13203
13210
13299
13361
13469
13624
13709
13726
13742
13884
14091
14144
14228
14301
14538
14674
14886
14915
15059
15349
15534
15710
16293
16411
16470
16603
16697
17097
17444
17522
18076
18115
18256
18506
18814
18872
19008
19291
19321
19799
19903
20024
20104
20334
20466
20491
20506
20876
21123
21134
21167
21248
21767
22014
22338
22418
22492
22528
22547
22763
22821
22823
22935
23190
23240
23694
23890
24033
24340
24347
24598
24684
24761
24982
25011
25192
25470
25780
25801
25820
26040
26269
26277
26347
26480
26971
26992
27104
27195
27352
27548
27593
27725
27748
27833
28473
28658
28931
29101
29601
29606
29625
29760
29836
29936
29963
30107
30331
30441
30449
30481
30598
31019
31087
31097
31271
31392
31473
31519
31592
31601
31637
31873
32217
32290
32319
32485
32869
32908
32927
33244
33815
33831
34039
34235
34300
34818
34840
34884
34963
34966
35053
35114
35151
35407
35424
35447
35589
35651
35770
35860
35873
36051
36082
36329
36506
36599
36719
36757
37678
37777
37800
37907
37931
38013
38103
38222
38274
38444
38605
38628
38950
39205
39449
39459
39474
39487
39520
39572
39843
40025
40069
40229
40309
40428
40432
40773
13
31
219
342
346
762
1507
1508
1547
1632
1873
2302
2443
2452
2575
2810
2834
2936
2975
3067
3069
3087
3123
3336
3350
3495
3627
3990
4484
4520
4991
5079
5082
5096
5144
5443
5473
5615
5661
5792
5796
5979
6121
6158
6167
6194
6307
6469
6705
6864
7010
7164
7187
7318
7710
7717
8224
8234
8304
8408
8541
8563
8691
8713
9066
9161
9173
9242
9456
9566
9624
9685
9697
9935
9946
10492
10541
10677
10875
10994
11234
11380
11562
11598
11748
12056
12122
12310
12368
12457
12723
12746
13037
13109
13129
13445
13718
14041
14416
14745
14835
14890
14901
14920
15384
15697
16108
16297
16320
16492
16574
16644
16913
17136
17306
17344
17360
17568
17577
17626
17729
17917
18175
18863
18977
19216
19300
19333
19353
19403
19934
19974
20015
20286
20293
20337
20344
20507
20600
20963
21049
21078
21112
21183
21184
21380
21385
21455
21488
22012
22274
22336
22710
22894
23205
23408
23494
23660
23948
24169
24427
24867
24980
25018
25067
25334
25368
25465
25600
25674
25686
26137
26267
26529
27136
27155
27198
27221
27521
27801
27815
27868
27917
27925
28038
28208
28511
28800
29228
29245
29290
29327
29401
29410
29470
29508
30082
30169
30337
30406
30474
30764
30967
31089
31394
31765
31808
31875
32004
32098
32177
32197
32454
32629
33213
33278
33515
33623
34106
34109
34192
34325
34369
34372
34628
34668
34896
34923
34931
35056
35128
35184
35278
35360
35371
35391
35392
35546
35957
36175
36293
36319
36327
36481
36845
36881
37226
37239
37369
37409
37560
37593
37696
37889
37923
37927
37935
38055
38219
38225
38305
38638
38811
39147
39468
39866
40151
40185
40231
40563
40575
40609
40631
40680
40784
