507
719
792
1027
1094
1163
1197
1397
1440
1479
1492
1513
1535
1671
1758
2104
2348
2459
2553
2769
2858
2917
3055
3124
3383
3451
3575
3816
3830
3908
4185
4282
4387
4554
4613
4639
4772
4812
4870
5016
5074
5355
5760
6026
6165
6188
6190
6441
6606
6654
6711
7040
7085
7261
7835
7963
7969
8253
8424
8480
8626
8644
8781
9072
9154
9593
9738
9979
10131
10271
10593
10687
10889
10942
11139
11154
11225
11658
12071
12073
12407
12493
12512
12571
12609
12718
12893
12985
13104
13121
13126
13210
13299
13314
13469
13709
13726
13742
13884
13986
14091
14228
14516
14538
14599
14666
14915
15174
15710
16293
16398
16411
16844
16860
17291
17340
17444
17780
17969
18580
18794
18872
19008
19151
19225
19312
19422
19423
19525
19734
19805
19903
20466
20491
20537
20938
21004
21092
21123
21134
21167
21248
21287
21612
21747
21767
21770
22014
22094
22136
22246
22297
22338
22418
22470
22528
22547
22823
22862
23080
23240
23890
23971
24033
24173
24289
24347
24554
24571
24652
24684
24689
24761
24807
24982
25192
25820
26269
26277
26347
26455
26561
26580
26951
26958
26960
26971
27104
27163
27195
27402
27548
27569
27593
27690
27725
27814
27833
28072
28776
28783
28931
28982
28990
29101
29152
29403
29606
29625
29653
29760
29925
29963
30107
30172
30347
31019
31097
31271
31392
31473
31592
31637
31893
32005
32123
32135
32217
32280
32296
32485
32869
32908
33244
33274
33762
33815
33833
33965
34017
34020
34039
34300
34584
34621
34708
34818
34966
34996
35024
35053
35098
35114
35325
35364
35403
35447
35589
35770
35860
36347
36599
36719
36726
36802
37777
37800
37840
37907
37931
38013
38036
38222
38444
38950
38983
39067
39082
39205
39417
39487
39577
39694
39939
40074
40276
40342
40773
40800
13
120
219
302
369
1088
1632
1739
1798
1873
2302
2443
2452
2580
2662
2737
2747
2834
3087
3093
3113
3336
3823
3990
4023
4245
4288
4456
4484
4778
4857
4919
5025
5044
5096
5163
5168
5302
5324
5615
5661
5856
6046
6158
6167
6194
6399
6705
6886
6933
7010
7064
7074
7126
7187
7345
7586
7717
8010
8105
8123
8224
8239
8304
8372
8563
8615
8691
8712
8713
8951
9005
9066
9092
9456
9624
9685
9922
9935
9946
10677
10905
10977
10984
10994
11087
11190
11247
11380
11748
12056
12302
12345
12723
13129
13718
13785
13875
14039
14890
14899
14901
14920
15203
15304
15348
15424
16093
16108
16228
16297
16320
16380
16440
16492
16493
16570
16644
16913
16958
17306
17344
17354
17360
17563
17910
17917
18052
18175
18668
18977
19216
19333
19614
19913
20038
20286
20344
20507
20600
20664
20813
20860
20963
21049
21148
21184
21380
21412
21468
21488
21510
21549
21712
21729
22012
22036
22274
22336
22544
22710
22888
22911
23205
23652
23929
23967
24169
24427
24721
24750
24835
24867
24980
25018
25334
25465
25686
26137
26529
26978
27136
27198
27353
27680
27801
27815
28005
28038
28210
28327
28800
28878
29290
29401
29410
29722
30051
30169
30764
31103
31165
31765
31933
31997
32098
32197
32454
32844
33213
33278
33623
33701
34242
34369
34628
34931
35056
35184
35278
35327
35360
35371
35392
35541
35546
35625
35957
36418
36481
36594
36724
36845
36881
37226
37369
37409
37560
37714
37815
37889
37913
37923
37935
38081
38219
38225
38226
38388
38638
38703
38789
38811
38812
39533
39574
39866
39978
40135
40151
40185
40231
40395
40537
40563
40575
40606
40650
40680
