40
382
507
719
792
951
996
1094
1163
1217
1412
1492
1535
1671
2066
2104
2553
2769
2917
3055
3391
3773
3816
3830
3937
3999
4185
4268
4269
4387
4428
4554
4602
4870
5016
5022
5024
5466
5760
5873
6026
6165
6188
6190
6313
6441
6477
6537
6606
6711
7147
7435
7963
8060
8424
8480
8510
8535
8566
8594
8626
9072
9120
9154
9524
9593
9654
9738
9998
10129
10131
10171
10344
10687
10725
10777
10889
10942
11063
11204
11225
11515
11642
11764
11829
11965
12071
12073
12198
12346
12375
12512
12571
12631
12718
12893
13029
13104
13126
13203
13361
13469
13518
13833
14091
14144
14190
14301
14306
14674
14859
15059
15174
15480
15534
16293
16398
16470
16603
16860
16959
16968
17097
17155
17265
17291
17340
17934
18115
18256
18338
18359
18472
18506
18580
18794
18814
19151
19225
19229
19312
19422
19525
19734
19799
19903
20104
20225
20334
20491
20537
21004
21092
21123
21248
21287
21411
22136
22418
22492
22528
22763
22823
22862
22935
23080
23694
23890
23971
24033
24173
24340
24571
24598
24652
24684
24807
24831
24866
25192
25780
25801
26269
26277
26347
26455
26480
26537
26580
26951
26960
26971
27065
27104
27163
27195
27352
27372
27402
27569
27593
27690
27748
27806
27814
27833
28072
28554
28658
28776
28875
28931
28982
28990
29152
29403
29599
29601
29606
29625
29760
29836
29925
29936
29963
30347
30441
30449
30598
30660
30697
31073
31087
31519
31592
31882
32123
32135
32290
32869
32927
33448
33762
33833
34017
34708
34777
34794
34818
34884
34907
34966
35017
35024
35080
35098
35114
35151
35325
35364
35403
35407
35651
35873
35909
35946
36082
36329
37302
37907
38036
38103
38273
38274
38444
38628
38887
39067
39082
39310
39417
39474
39487
39520
39669
39694
39843
39939
40025
40069
40428
40800
31
42
85
219
231
302
342
346
762
1507
1508
1547
1739
2302
2318
2452
2580
2601
2662
2810
2834
2936
3087
3093
3113
3123
3204
3350
3588
3935
3990
4409
4456
4484
4520
4529
4675
4857
4919
4975
4991
5025
5079
5082
5163
5168
5250
5324
5451
5615
5661
5796
6046
6121
6167
6201
6329
6375
6399
6754
6864
6886
6933
7074
7126
7231
7710
8105
8123
8217
8234
8238
8239
8304
8372
8408
8541
8691
8712
8880
9005
9092
9161
9242
9256
9566
9624
9922
9935
9946
10077
10191
10626
10677
10741
10875
10977
10984
11000
11087
11095
11186
11190
11234
11945
11973
12056
12122
12345
12390
12457
13077
13445
13718
13875
14041
14245
14416
14835
14890
14899
15066
15132
15203
15304
15423
15424
16108
16297
16380
16434
16440
16492
16644
17192
17306
17327
17332
17354
17424
17563
17568
17577
17626
17910
18175
18668
18977
19216
19353
19913
19974
20038
20134
20136
21049
21184
21203
21385
21455
21481
22012
22274
22519
22726
22888
23043
23180
23494
23620
23660
23873
23990
24122
24216
24750
24867
25067
25368
25465
25600
25686
25946
26232
26529
26978
27155
27198
27210
27353
27521
27839
27868
27917
28327
28511
28592
29401
29410
29508
30008
30082
30967
31089
31765
31808
31933
31997
32004
32098
32177
32454
32629
33033
33087
33337
33494
33515
34369
34372
34923
34931
35128
35184
35342
35391
35546
35768
36293
36296
36319
36418
36594
36724
36845
36881
37311
37369
37409
37418
37509
37560
37593
37696
37913
37923
37935
38081
38219
38305
38388
38703
38811
38989
39375
39468
39533
39978
40151
40457
40537
40563
40575
40578
40631
40680
