11
40
382
507
756
996
1027
1060
1094
1163
1202
1440
1479
1480
2066
2336
2459
2553
2769
2858
2861
3124
3382
3383
3391
3532
3575
3830
3908
3937
4185
4268
4269
4282
4554
4639
4772
4979
5016
5024
5074
5355
5812
6190
6313
6441
6517
6982
7261
7969
8060
8079
8253
8291
8360
8424
8510
8535
8594
8626
8833
8976
9023
9047
9240
9593
9695
9795
9998
10129
10171
10279
10593
10687
10725
10728
10927
11063
11154
11225
11277
11413
11515
11609
11642
11658
11711
11764
11830
12071
12245
12346
12375
12474
12571
12631
12690
12718
13126
13135
13397
13518
13624
13709
13742
13744
13833
13986
14144
14228
14308
14363
14516
14538
14674
14844
14886
15174
15349
15480
15534
16254
16293
16308
16398
16463
16603
16844
16959
16968
17265
17291
17340
17732
17780
17934
18076
18121
18256
18338
18472
18506
18580
18794
18872
19229
19291
19312
19321
19624
19805
20104
20466
20506
20537
20876
20938
21092
21134
21248
21268
21287
21411
21747
21767
21821
22136
22297
22418
22763
22935
23694
23971
24033
24347
24554
24571
24598
24652
24684
24807
24831
24866
25011
25324
25470
25801
26269
26537
26561
26958
27065
27104
27195
27352
27402
27548
27690
27719
27725
27748
27814
27833
28072
28776
28990
29101
29304
29403
29588
29599
29625
29644
29760
29836
30040
30172
30449
30697
31019
31087
31473
31519
31592
31601
31637
31873
31882
31890
31893
32005
32123
32135
32152
32290
32869
32908
32927
32931
34020
34169
34235
34246
34367
34584
34621
34708
34777
34840
34884
34963
35024
35078
35080
35151
35255
35325
35424
35589
35651
35769
35770
35860
35873
35909
36051
36347
36719
36726
37390
37931
38013
38036
38103
38222
38605
38628
38983
38999
39417
39487
39577
39587
39669
39694
39939
40055
40069
40229
40432
31
42
85
117
219
231
342
369
762
1111
1181
1507
1547
1632
1798
1873
2318
2443
2662
2747
2834
2936
2975
3067
3069
3087
3093
3113
3123
3350
3588
3818
3926
4245
4456
4529
4778
4819
4919
4975
5079
5082
5144
5168
5302
5324
5443
5615
5661
5792
5796
6329
6375
6864
6933
7010
7064
7074
7126
7164
7318
7345
7503
7710
8010
8217
8372
8408
8533
8541
8615
8691
8712
8713
9066
9256
9685
9697
9718
9946
10191
10492
10541
10677
10977
10994
11041
11087
11186
11234
11247
11562
11689
11748
11973
12302
12345
12368
12390
13037
13077
13099
13109
13445
13785
14041
14193
14835
14890
14899
14901
14942
15066
15515
15697
15922
16108
16114
16492
16574
16644
16913
16958
17136
17192
17306
17327
17332
17424
17577
17626
17641
18052
18175
18863
18977
19300
19333
19353
19403
19614
19690
19974
20038
20056
20136
20337
20344
20507
20600
20813
20963
21078
21112
21183
21184
21385
21412
21468
21481
21488
21510
22036
22321
22519
22544
22710
22726
22888
22911
23205
23652
23929
23948
23967
23990
24169
24216
24498
24835
24917
24955
25018
25297
25368
25600
25946
26137
26529
26542
26845
26978
27155
27221
27521
27680
27801
27917
27925
28005
28038
28327
28511
28878
29401
29508
29787
30008
30051
30337
30406
30764
31194
31202
31808
31875
31997
32197
32629
33033
33278
33301
33515
33623
34109
34192
34325
34610
34896
34931
35184
35360
35391
35541
35546
35625
35633
35768
36293
36845
36881
37016
37311
37369
37409
37560
37593
37815
37923
37935
38055
38305
38388
38521
38638
38811
38812
39147
39455
39468
39574
40151
40395
40537
40578
40606
40609
40784
