40
382
507
819
1060
1076
1197
1440
1479
1513
1758
2037
2104
2459
2493
2861
3382
3623
3816
3830
3908
3937
4185
4268
4269
4282
4422
4428
4554
4639
4772
4812
4870
4979
5016
5022
5074
5148
6165
6313
6537
6606
6711
7040
7085
7158
7969
8060
8360
8480
8510
8566
8578
8594
8976
9023
9047
9240
9524
9654
10171
10271
10279
10344
10777
10867
10942
11063
11154
11204
11277
11413
11642
11686
11711
11829
11830
11965
12071
12198
12346
12474
12493
12571
12718
12985
13104
13121
13190
13203
13361
13742
13790
13833
13884
14091
14144
14228
14301
14363
14516
14538
14666
14674
14844
14859
14886
15059
15174
15480
15534
15710
16254
16398
16470
16603
16697
16844
17067
17201
17265
17340
17444
17522
17780
17969
18076
18201
18256
18338
18359
18472
18506
18580
18751
18794
19008
19151
19229
19321
19422
19423
19805
20491
20506
20876
21268
21312
21411
21612
21747
21770
21821
22094
22246
22297
22492
22547
22823
23080
23190
23240
23867
23890
23971
24173
24340
24347
24375
24652
24684
24761
25324
25470
25820
26040
26072
26269
26277
26347
26455
26537
26561
26580
26901
26951
26960
27065
27163
27195
27352
27372
27402
27806
27814
27833
28072
28473
28554
28759
28990
29101
29152
29304
29403
29599
29601
29625
29760
29836
29925
30107
30172
30598
30824
31019
31087
31097
31271
31392
31873
31882
31893
32123
32152
32280
32290
32296
32319
32485
32869
32931
33180
33244
33762
33833
33965
34039
34300
34367
34708
34777
34794
34907
34963
34966
35024
35053
35114
35364
35403
35407
35447
35651
35769
35770
35860
35909
36082
36726
37281
37678
37777
37800
37840
37907
38013
38605
38677
38983
39205
39449
39520
39572
39587
39669
39694
39939
40025
40069
40074
40309
40342
40428
40800
13
42
120
231
369
1181
1507
1632
1739
1798
2253
2302
2580
2601
2737
2810
2834
2936
3069
3113
3123
3350
3396
3572
3588
3935
4363
4409
4456
4484
4857
4919
4991
4995
5025
5082
5144
5163
5250
5302
5451
5473
5792
5796
5979
6046
6167
6194
6201
6329
6399
6705
6933
7010
7064
7126
7187
7318
7586
7710
8010
8105
8217
8224
8234
8238
8239
8304
8481
8563
8615
8618
8691
8712
8713
8880
8923
8951
9005
9066
9161
9173
9242
9456
9566
9685
9697
9718
9946
10077
10191
10492
10605
10626
10905
10977
10994
11000
11041
11087
11190
11247
11380
11562
11689
11945
12302
12310
12345
12457
12746
13077
13109
13129
14039
14416
14745
14899
14901
14920
14942
15066
15132
15423
15515
15922
16114
16228
16320
16380
16440
16493
16913
17306
17327
17344
17360
17500
17568
17626
18052
19300
19934
20056
20136
20337
20507
20618
20751
20813
20860
20963
21148
21183
21412
21455
21468
21488
21729
22321
22336
22519
22710
23205
23660
23967
24169
24750
24835
24867
24917
24980
25018
25334
25368
25600
25686
25946
26529
26978
27136
27155
27210
27386
27521
27801
27815
27839
27868
27917
27925
28038
28208
28210
28769
28800
28878
29228
29401
29470
29508
29722
29787
30008
30169
30337
30406
30474
31103
31202
31765
31875
31997
32771
32844
33033
33087
33213
33278
33337
33494
33515
33623
33701
34011
34106
34109
34192
34325
34369
35056
35128
35184
35342
35392
35541
35625
35768
35912
35957
35966
36293
36845
36881
37239
37369
37409
37418
37560
37696
37714
37815
37889
37913
37927
37935
38226
38388
38638
38703
38789
38811
38812
39084
39127
39147
39468
39866
40185
40563
40575
40606
40784
