40
382
719
756
792
951
1027
1060
1076
1094
1163
1202
1397
1412
1479
1480
1513
2066
2336
2493
2553
2769
2784
2858
2892
3055
3575
3816
3908
3937
4185
4264
4268
4269
4282
4422
4428
4554
4602
4613
4639
4772
4812
5022
5148
5355
5465
5812
6165
6188
6313
6441
6537
6654
7040
7085
7158
7362
7435
7835
7963
7969
8060
8253
8291
8510
8535
8781
8976
9023
9240
9593
9654
9795
9979
9998
10129
10171
10777
10927
11139
11225
11553
11609
11686
11711
11829
11830
11965
12071
12198
12245
12346
12375
12407
12512
12571
12609
12631
12690
12985
13029
13104
13121
13190
13314
13361
13709
13833
14144
14228
14306
14363
14516
14538
14666
14844
14859
14886
15059
15174
15349
15534
16293
16308
16470
16603
16844
16959
16968
17155
17265
17340
18115
18121
18256
18359
18794
18872
19151
19225
19291
19312
19422
19423
19525
19799
20024
20225
20491
20778
20876
21004
21092
21123
21134
21157
21167
21287
21312
21411
21747
21767
22014
22136
22297
22338
22418
22492
22528
22763
22821
22935
23080
23190
23240
24173
24347
24598
24652
24684
24689
24807
24866
25011
25324
25780
25820
26040
26277
26347
26537
26901
26951
26958
27104
27163
27569
27814
28122
28776
28783
28875
28990
29101
29152
29304
29403
29601
29963
30040
30347
30441
30481
30598
30824
31019
31073
31087
31271
31473
31519
31882
31890
32005
32123
32135
32296
32319
32485
32869
32908
32931
33274
33448
33749
33815
33831
34017
34169
34235
34300
34367
34777
34884
34996
35017
35053
35080
35325
35364
35424
35447
35770
35860
35909
35946
36347
36599
36719
36802
37931
38013
38103
38255
38273
38628
38887
38950
38983
39310
39449
39487
39843
39939
40025
40055
40229
40276
40309
40432
40773
40800
117
219
231
302
697
1088
1508
1547
1632
1798
1873
2253
2443
2662
2747
2810
2936
2975
3087
3093
3113
3123
3336
3350
3495
3627
3823
3990
4023
4245
4409
4484
4675
4778
4857
4975
4991
5025
5044
5163
5324
5451
5473
5792
5856
5979
6158
6167
6194
6201
6329
6399
6579
7010
7074
7126
7231
7586
8010
8105
8123
8234
8239
8304
8372
8481
8541
8563
8615
8712
8951
9005
9066
9092
9173
9242
9550
9566
9612
9624
9718
9935
10492
10534
10605
10905
10984
10994
11000
11041
11234
11689
11748
12310
12345
12368
12746
13037
13099
13109
13129
13445
13718
13875
14039
14245
14942
15066
15304
15348
15384
15515
16093
16228
16434
16440
16493
16570
16644
16958
17136
17192
17306
17332
17354
17360
17500
17577
17641
17729
18052
18863
19216
19300
19690
19934
19974
20015
20136
20344
20406
20507
20600
20751
20813
20860
20963
21112
21183
21184
21380
21481
21488
21549
21729
21935
22012
22036
22274
22321
22336
22519
22726
22888
22894
23043
23205
23408
23929
24122
24721
24867
25297
25368
25465
25674
25946
26978
27353
27386
27521
27839
27868
28038
28210
28327
28878
28918
29290
29327
29401
29508
29722
30051
30337
30474
30764
31089
31165
31202
31394
31765
31808
32004
32177
32197
32454
32629
32771
33087
33278
33301
33337
33515
33701
34011
34109
34242
34325
34369
34372
34628
35184
35278
35327
35342
35360
35541
35768
35957
35966
36293
36296
36319
36327
36418
36481
36594
37239
37409
37418
37509
37560
37593
37815
37913
37923
37935
38219
38225
38226
38305
38388
38508
38638
38789
38811
38889
38989
39127
39147
39375
39455
39468
39866
40135
40151
40185
40231
40395
40457
40563
40609
40631
40784
