40
382
756
792
951
996
1027
1060
1217
1397
1440
1480
1492
2066
2104
2348
2493
2769
2858
3055
3124
3383
3391
3532
3623
3773
3816
3937
3999
4185
4264
4268
4282
4422
4613
4772
4870
5024
5355
5503
5760
5811
5812
5873
6188
6313
6477
6606
6654
7040
7435
8060
8079
8253
8291
8480
8535
8566
8578
8644
8781
8976
9047
9072
9524
9593
9654
10129
10131
10171
10279
10687
10728
10777
10867
11063
11154
11225
11277
11413
11515
11658
11711
11764
12071
12073
12198
12245
12346
12375
12407
12493
12571
12609
12631
12690
12893
12985
13121
13135
13210
13314
13361
13397
13709
13742
13790
13833
13884
14144
14301
14308
14599
14666
15059
15349
15480
15534
16463
16603
16697
16844
16860
16959
17067
17201
17265
17340
17732
17780
17969
18076
18121
18256
18359
19008
19151
19225
19291
19312
19734
19799
19903
20024
20104
20225
20491
20506
20770
20938
21004
21092
21268
21312
21821
22014
22094
22246
22297
22470
22492
22547
22821
22935
23080
23694
23890
24173
24375
24689
24831
25011
25192
25780
25820
26040
26072
26277
26480
26537
26561
26580
26901
26960
26971
27104
27163
27352
27372
27569
27690
27725
27748
27806
27814
27833
28759
28776
28875
28990
29101
29403
29601
29606
29644
29760
29925
29936
29963
30172
30441
30481
30697
31004
31087
31097
31271
31392
31601
31637
31873
31882
31893
32005
32123
32135
32152
32280
32485
32927
32931
33244
33448
33749
33815
33965
34169
34235
34246
34367
34584
34708
34818
35078
35080
35098
35114
35151
35364
35407
35424
35447
35589
35651
35770
35873
35909
36051
36082
36347
36506
36599
36726
36757
37302
37678
37800
37840
37907
37931
38013
38222
38273
38274
38444
38605
38887
38999
39459
39487
39572
39587
39843
39939
40025
40069
40309
40342
40428
40773
40800
13
31
85
302
346
369
762
1088
1111
1181
2253
2452
2575
2580
2601
2737
2810
3069
3087
3093
3113
3123
3336
3350
3396
3495
3823
3926
4023
4288
4456
4520
4857
4991
4995
5044
5052
5079
5082
5144
5185
5250
5451
5615
5661
5792
5979
6121
6158
6307
6329
6375
6469
6705
6864
7064
7074
7126
7164
7231
7318
7503
7586
8105
8239
8304
8372
8481
8533
8618
8691
8923
9005
9092
9161
9173
9242
9256
9456
9566
9612
9935
10077
10191
10492
10534
10741
10905
10984
11041
11087
11095
11689
11732
11748
11973
12122
12310
12746
13037
13077
13099
13109
13718
13785
13875
14039
14041
14193
14245
14416
14688
14835
14901
15203
15423
15424
15697
15922
16093
16297
16320
16380
16434
16492
16493
16570
16574
16644
16913
17344
17354
17360
17424
17500
17577
17626
17729
17910
17917
18052
18175
18863
18882
19216
19300
19403
19614
19934
20136
20293
20406
20507
20618
20664
20751
20813
20963
21112
21184
21203
21380
21488
21549
21729
22036
22274
22519
22544
22726
22911
23043
23929
23967
24216
24427
24721
24917
25067
25334
25368
25686
26137
26232
26267
26542
27221
27353
27801
27868
27917
28038
28210
28327
28511
28592
28769
28918
29290
29327
29470
29508
29722
29787
30051
30082
30169
30406
30764
30967
31089
31165
31194
31394
32177
32629
32730
33087
33278
33301
33623
34011
34106
34192
34372
34610
34628
34668
35056
35128
35278
35342
35371
35392
35633
35912
35957
36021
36296
36327
36418
36881
37016
37696
38055
38219
38225
38305
38521
38703
38789
38811
38989
39084
39375
39468
39574
39866
40135
40231
40457
40537
40563
40575
40609
40680
40784
