40
507
719
951
1027
1217
1412
1492
1513
1535
1758
2066
2104
2459
2493
2553
2572
2784
3055
3124
3160
3383
3532
3773
3830
3937
3999
4185
4264
4268
4387
4428
4613
4812
4870
4979
5022
5074
5148
5465
5466
5812
5873
6026
6477
6537
6654
7040
7261
7362
7835
8060
8079
8253
8291
8360
8424
8566
8578
8594
8626
8976
9023
9154
9654
9795
9809
10131
10171
10271
10279
10593
10889
10942
11063
11139
11277
11609
11686
11711
11764
12073
12245
12375
12493
12512
12571
12718
12893
12955
13104
13121
13190
13203
13210
13314
13397
13624
13726
13884
13986
14228
14363
14674
14886
14915
15059
15174
15710
16254
16603
16844
16860
16968
17201
17265
17291
17444
17522
17969
18076
18115
18121
18338
18506
18814
19151
19422
19624
19734
19799
20024
20104
20506
20770
20876
20938
21092
21123
21612
22010
22094
22246
22418
22470
22528
22547
22763
22821
22862
22935
23080
23867
23890
24173
24289
24554
24571
24598
24652
24689
24866
25011
25801
25820
26269
26277
26455
26480
26537
26580
26958
26960
27065
27195
27352
27402
27548
27725
27748
27833
28072
28658
28783
28931
29304
29403
29588
29599
29601
29606
29625
29644
29653
29836
29925
29936
29963
30040
30107
30172
30331
30598
30660
31004
31019
31073
31097
31271
31473
31592
31601
31637
31890
32135
32152
32217
32290
32296
32485
32931
33180
33244
33762
33833
33965
34017
34039
34246
34584
34621
34708
34777
34794
34818
34884
34963
34996
35017
35053
35114
35151
35255
35379
35407
35589
35873
35909
35946
36082
36329
36347
36599
36726
36802
37281
37302
37678
37840
37907
38103
38273
38274
38628
38677
38983
38999
39082
39205
39474
39520
39587
39669
39694
39843
39939
40025
40055
40229
40342
40432
40773
40800
13
120
302
342
369
762
1088
1111
1181
1632
1739
1873
2302
2452
2575
2580
2737
2810
2836
3067
3069
3087
3113
3336
3350
3495
3818
3823
3926
4245
4288
4363
4409
4484
4529
4778
4991
4995
5025
5044
5082
5144
5163
5185
5302
5473
5661
5745
5796
5979
6121
6194
6201
6307
6329
6399
6579
6754
6864
6933
7010
7126
7164
7187
7318
7586
7710
8010
8217
8224
8234
8372
8533
8618
8691
8712
8713
8880
8923
9005
9066
9092
9161
9173
9256
9550
9566
9612
9922
9946
10191
10492
10534
10541
10605
10626
10741
10905
10994
11234
11247
11380
11973
12122
12302
12345
12457
12723
12746
13037
13099
13129
13718
14245
14416
14899
14901
14920
14942
15066
15132
15304
15423
15424
15922
16114
16297
16320
16380
16913
17306
17500
17563
17568
17626
17729
17910
17917
18052
18175
18863
18882
18891
18977
19216
19300
19403
19913
20015
20038
20134
20136
20344
20600
20751
20963
21148
21183
21412
21488
21510
21712
22710
22888
22894
22911
23205
23408
23494
23652
23873
23967
23990
24169
24216
24721
24750
24917
24955
24980
25018
25067
25368
25674
26267
26529
26845
27136
27155
27221
27680
27801
27868
28005
28038
28327
28511
28592
29228
29290
29327
29401
29410
30008
30082
30764
31165
31659
31765
31808
31875
31933
31997
32098
32177
32730
32844
33623
34011
34106
34242
34325
34372
34622
34668
34896
34923
34931
35128
35184
35342
35360
35391
35392
36293
36327
36418
36481
36881
37016
37226
37311
37369
37593
37889
37923
37927
37935
38055
38225
38226
38305
38388
38508
38638
38789
38812
38989
39127
39147
39375
39455
39468
39978
40135
40151
40185
40457
40537
40563
40578
40609
40631
40650
40680
