40
507
719
756
792
951
1027
1094
1197
1202
1217
1397
1440
1479
1480
1513
1671
2037
2104
2348
2572
2784
2861
2917
3160
3383
3532
3623
3773
3830
3937
4185
4268
4269
4282
4387
4422
4602
4639
4772
4979
5016
5022
5024
5074
5503
5811
5812
5873
6026
6165
6188
6441
6654
7085
7147
7158
7261
7969
8060
8079
8253
8291
8360
8535
8578
8976
9023
9072
9120
9154
9240
9593
9695
9809
9979
9998
10129
10271
10344
10593
10725
10728
10942
11204
11225
11277
11413
11553
11609
11642
11686
11829
11830
12245
12346
12375
12407
12493
12512
12609
12631
12893
12955
12985
13029
13060
13126
13135
13190
13210
13469
13742
13744
13833
13884
14190
14228
14363
14516
14599
14666
14674
14844
14859
14915
16308
16463
16470
16603
16697
16860
17067
17291
17340
17522
17732
18121
18201
18256
18506
18580
18751
19151
19291
19312
19321
19423
19734
20024
20104
20334
20466
20491
20537
20770
20778
20876
20938
21167
21248
21268
21287
21312
22014
22297
22418
22528
22862
23190
23240
23694
23867
23890
24033
24347
24652
24684
24761
24831
24982
25192
25324
25470
25801
25820
26269
26277
26347
26480
26580
26958
26960
27372
27548
27569
27593
27690
27719
27725
27806
27833
28072
28122
28473
28554
28658
28776
28931
29101
29152
29588
29599
29601
29925
29963
30040
30172
30331
30347
30449
30660
31004
31019
31073
31271
31473
31592
31601
31637
31873
31890
32005
32123
32135
32217
32290
32296
32869
32927
32931
33180
33244
33749
33815
34017
34020
34235
34300
34367
34584
34621
34777
34794
34884
34963
34966
34996
35053
35078
35080
35255
35364
35403
35407
35589
35651
35769
36051
36719
36802
37302
37390
37678
37777
37800
37840
37907
38103
38255
38273
38274
38887
39067
39310
39449
39474
39577
39587
39669
39843
39939
40055
40069
40342
40432
13
85
120
346
369
762
1507
1632
1798
2253
2318
2601
2662
2747
2810
2936
3067
3087
3093
3123
3336
3396
3572
3627
3818
3823
3990
4023
4288
4363
4484
4778
4857
4919
4975
4995
5025
5044
5144
5302
5473
5796
5856
6158
6167
6329
6579
6754
6886
7010
7064
7126
7503
7717
8105
8217
8234
8238
8481
8541
8691
8923
9005
9161
9242
9550
9566
9612
9685
9697
9718
9922
9935
9946
10191
10492
10534
10541
10875
10905
10977
10994
11186
11689
12056
12122
12368
12457
12746
13037
13129
13445
13785
13875
14039
14890
14942
15304
15384
15423
15697
15922
16093
16108
16297
16440
16493
16570
16574
16644
16724
16761
16958
17306
17332
17424
17500
17563
17568
17577
17626
17729
17917
18175
19300
19333
19353
19403
19614
20038
20056
20286
20293
20344
20406
20600
20664
20813
20827
20860
21049
21078
21112
21385
21481
21712
22036
22519
22544
22710
22726
22888
22894
22911
23180
23652
23873
23929
23948
23967
23990
24122
24169
24427
24498
24917
24955
25067
25297
25600
25686
26232
26529
26845
26978
27210
27221
27353
27386
27680
27801
27815
27868
28005
28210
28592
28800
28878
28918
29327
30051
30169
30474
30764
30967
31103
31194
31394
31765
31875
31997
32004
32098
32454
32629
33301
33337
33494
33623
34109
34192
34242
34325
34628
34896
34923
35056
35184
35342
35371
35391
35392
35625
35633
35912
35957
36021
36175
36327
36594
36724
37016
37239
37369
37593
37696
37927
38055
38219
38225
38226
38305
38388
38508
38638
38812
38889
39127
39455
39468
39533
39574
39866
40151
40231
40395
40457
40537
40606
40609
40631
40650
