40
382
756
951
996
1027
1060
1094
1163
1202
1217
1397
1492
1535
2003
2459
2553
2572
2784
2858
2892
2917
3382
3451
3575
3623
3773
3816
3999
4185
4264
4282
4554
4602
4639
4772
4870
5022
5024
5355
5503
6188
6477
6517
6606
6711
6982
7085
7835
8060
8079
8360
8480
8535
8566
8594
8781
9047
9072
9120
9654
9695
9738
9998
10129
10279
10344
10725
10927
10942
11154
11515
11553
11658
11686
11711
11965
12245
12474
12690
12955
12985
13060
13104
13121
13126
13135
13175
13210
13314
13397
13518
13709
13744
13790
13833
13884
14091
14144
14306
14308
14666
14674
14859
14886
14915
15174
15349
15480
16293
16308
16398
16411
16697
16860
16959
16968
17067
17155
17265
17291
17340
17934
17969
18076
18115
18121
18359
18506
18751
18794
18814
19225
19525
19734
19799
19805
19903
20024
20104
20225
20334
20778
21123
21167
21248
21287
21312
21770
22010
22136
22297
22547
22763
23080
23240
23890
23971
24033
24173
24289
24554
24598
24684
24831
24982
25011
25192
25470
26040
26072
26269
26277
26455
26537
26561
26715
26958
26960
26992
27065
27104
27163
27195
27352
27372
27402
27690
27719
27725
27806
27833
28072
28122
28473
28982
29152
29403
29588
29601
29625
29644
29653
29760
29925
29936
29963
30040
30172
30331
30347
30441
30660
31097
31392
31473
31637
31882
31890
31893
32152
32485
32908
32927
32931
33762
33831
34017
34039
34246
34300
34367
34818
34840
34884
34907
34996
35078
35114
35255
35325
35364
35379
35403
35769
35770
35909
35946
36329
36599
36719
36757
36802
37390
37777
37800
37907
38103
38222
38274
38444
38677
38950
38983
39082
39205
39449
39572
39577
39669
39694
39843
39939
40025
40069
40074
40229
40276
40432
40773
31
117
219
302
342
346
697
1507
1547
1632
1798
1873
2302
2580
2601
2662
2737
2810
2834
2836
2936
3067
3123
3204
3495
3588
3818
3926
3927
4363
4484
4675
4819
4857
4919
4991
5025
5082
5163
5168
5185
5250
5302
5473
5615
5796
5856
6046
6307
6754
6864
6886
7010
7126
7164
7187
7231
7318
7710
8010
8217
8224
8238
8239
8304
8372
8408
8481
8533
8615
8712
8880
8951
9173
9242
9456
9566
9624
9685
9922
9946
10077
10492
10534
10541
10626
10905
10984
11000
11041
11087
11095
11190
11562
11732
11945
12056
12122
12310
12345
12368
12457
13129
13875
14041
14193
14245
14745
14835
14890
14901
14942
15132
15384
15515
16093
16108
16228
16380
16434
16440
16493
16574
16761
16913
17136
17192
17306
17327
17354
17424
17500
17577
17729
17910
17917
18052
18175
18668
18863
18882
19216
19690
19913
19974
20015
20038
20056
20136
20337
20406
20507
20600
20618
20751
20860
21049
21112
21183
21203
21385
21412
21481
21510
21712
22710
22726
22888
22911
23043
23205
23620
23652
23660
23873
23929
23967
24122
24980
25067
25334
25465
25600
25674
25686
25946
26232
26267
26978
27155
27198
27210
27221
27815
27868
27917
28005
28038
28327
28878
28918
29327
29410
29470
29508
30008
30082
30337
30967
31165
31202
31394
31875
31997
32098
32730
32771
33033
33337
33494
34011
34109
34242
34622
34628
34896
34923
34931
35056
35128
35184
35342
35360
35371
35391
35392
35541
35546
35625
35768
35957
35966
36293
36296
36327
36418
36881
37016
37239
37311
37369
37409
37418
37509
37815
37889
37935
38055
38081
38225
38226
38305
38388
38508
38521
38638
38811
39147
39375
39574
40185
40231
40395
40575
40578
40606
40631
40650
