40
507
719
756
1060
1076
1163
1197
1202
1397
1440
1492
1535
1758
2003
2104
2336
2348
2493
2572
2769
2892
3383
3451
3623
3816
3908
3937
4264
4282
4387
4422
4428
4554
4602
4639
4772
4870
5022
5024
5465
5811
5873
6165
6188
6190
6313
6441
6537
6654
6982
7040
7158
7261
7362
7435
7963
8079
8291
8424
8480
8510
8535
8566
8594
8626
8976
9120
9154
9240
9524
9593
9654
9738
9809
9979
9998
10171
10271
10344
10593
10687
10889
10927
11139
11204
11277
11413
11515
11553
11642
11658
11665
11711
12071
12073
12245
12346
12571
12690
12985
13029
13104
13175
13210
13314
13361
13397
13518
13709
13742
13790
13986
14091
14228
14538
14666
14859
15349
15480
15710
16254
16293
16398
16411
16603
16844
17097
17201
17291
17522
17780
18115
18121
18256
18338
18472
18580
18751
18794
18814
18872
19008
19151
19291
19422
19624
19734
19799
20024
20225
20334
20537
20778
20876
21134
21157
21248
21268
21287
21312
21411
21747
21821
22010
22014
22338
22528
22547
22821
23190
23240
23867
23890
23971
24173
24375
24571
24831
24982
25324
25470
25801
26040
26072
26455
26561
26958
26960
26971
27065
27104
27163
27195
27352
27548
27690
27719
27814
27833
28473
28759
28776
28931
29644
29760
29925
29936
29963
30040
30172
30441
30481
30598
30824
31019
31097
31473
31519
31592
31637
31890
31893
32135
32217
32290
32296
32908
32931
33244
33448
33762
33815
33965
34020
34039
34169
34246
34367
34584
34621
34777
34840
34907
34963
34966
35078
35080
35114
35255
35325
35407
35447
35651
35770
36329
36506
36757
37281
37302
37390
37777
37800
37907
38013
38255
38444
38605
38628
38983
38999
39067
39082
39205
39310
39459
39474
39487
39520
39572
39669
39843
39939
40025
40074
40309
40342
40428
40800
85
117
120
342
697
1088
1507
1547
1739
2443
2452
2575
2580
2601
2810
2834
2836
2936
2975
3123
3588
3818
3823
3926
3935
3990
4023
4288
4363
4456
4520
4857
4995
5044
5079
5082
5096
5144
5168
5302
5443
5451
5473
5661
5745
5796
6121
6167
6194
6201
6307
6329
6399
6469
6705
7126
7187
7231
7318
7345
7710
7717
8010
8217
8224
8238
8239
8408
8481
8533
8880
8923
8951
9161
9173
9242
9256
9550
9624
9718
10077
10191
10741
10875
10984
11087
11095
11380
11689
12302
12310
12457
13037
13077
13109
13445
13718
13785
14193
14416
14890
14942
15132
15203
15304
15348
15423
15424
15515
15697
16093
16114
16297
16320
16492
16570
16574
16761
16913
17192
17306
17327
17344
17354
17500
17563
17568
17577
17641
17729
17910
17917
18052
18175
18668
18863
18882
18977
19216
19403
19614
19690
19934
19974
20038
20293
20344
20406
20664
20860
21049
21183
21203
21385
21412
21468
21481
21488
21549
21935
22321
22519
22544
22710
22888
23652
23948
23967
23990
24122
24169
24216
24835
24867
25067
25334
25368
25465
25600
25674
25686
26529
26845
27136
27155
27210
27521
27839
28038
28208
28327
28592
28769
28918
29228
29327
29401
29410
29508
30082
30169
30474
30764
31089
31165
31194
31394
31875
31933
32004
32098
32454
32629
32730
33033
33087
33213
33301
33337
33494
33701
34011
34109
34192
34668
34896
34931
35056
35327
35391
35541
35768
35912
35957
35966
36175
36327
36418
36881
37226
37369
37409
37418
37560
37714
37815
37889
38219
38305
38388
38521
38638
38811
38989
39375
39455
39533
39574
39866
39978
40231
40395
40457
40575
40606
40609
40631
40650
40680
