40
507
792
996
1027
1060
1076
1163
1197
1217
1479
1480
1492
1535
1671
1758
2104
2336
2459
2493
2784
2861
2892
3124
3160
3382
3383
3391
3532
3575
3623
3773
4185
4264
4268
4282
4428
4554
4602
4613
4639
4812
5022
5812
5873
6313
6477
6537
6654
7085
7147
7261
7835
7963
8060
8079
8291
8360
8480
8535
8578
8594
8976
9023
9047
9072
9120
9154
9524
9695
9738
9979
9998
10129
10171
10271
10867
10889
11063
11139
11204
11277
11609
11665
11764
11829
12071
12245
12375
12474
12631
12718
12955
12985
13029
13060
13135
13203
13361
13397
13469
13518
13624
13726
13742
13790
13833
13884
13986
14091
14228
14538
14859
14915
15059
15174
15349
15710
16308
16463
16603
16968
17097
17201
17265
17522
17732
17934
17969
18076
18115
18201
18256
18359
18472
18794
18814
18872
19229
19312
19321
19423
19624
20024
20104
20225
20334
20466
20537
20770
20876
20938
21004
21123
21134
21167
21248
21268
21287
21312
21747
21767
21770
22010
22014
22094
22297
22338
22528
22763
22823
22862
22935
23190
23694
24173
24652
24689
24761
24831
24866
24982
25324
25470
25780
25801
26040
26277
26455
26580
26901
26951
26958
26971
27065
27104
27163
27352
27372
27548
27569
27593
27690
27814
29304
29588
29599
29606
29625
29760
29836
30040
30107
30441
30598
30824
31004
31019
31073
31087
31271
31473
31890
32135
32217
32280
32290
32485
32869
32908
32931
33180
33274
33448
33749
33762
33965
34020
34039
34246
34367
34584
34621
34777
34818
34840
34884
34996
35017
35024
35080
35098
35114
35151
35364
35424
35589
35651
35860
36082
36347
36599
36719
36726
36757
36802
37390
37800
37840
37931
38013
38036
38273
38444
38628
38887
39082
39310
39417
39449
39459
39520
39694
39843
40025
40055
40069
40432
40773
13
31
42
120
219
231
302
342
346
369
697
1111
1181
2253
2318
2452
2575
2580
2737
2747
2810
2834
2936
2975
3123
3204
3336
3396
3927
3990
4023
4363
4409
4484
4529
4778
4919
4975
5025
5044
5250
5302
5473
5615
5792
5796
5856
6121
6167
6579
6933
7064
7074
7126
7187
7318
7503
7717
8010
8105
8123
8224
8234
8481
8533
8541
8563
8618
8691
8712
8713
8923
8951
9005
9092
9173
9242
9456
9550
9566
9612
9718
9922
9935
9946
10077
10534
10541
10741
10977
10984
10994
11041
11087
11095
11186
11190
11562
11689
11748
12056
12302
12310
12345
12368
13077
13109
13129
13875
14416
14688
14835
14890
14920
15132
15304
15384
15515
15697
16093
16320
16493
16570
16761
17306
17327
17332
17354
17360
17563
17568
17626
17641
17729
17910
18175
18863
18891
18977
19216
19300
19333
19403
19913
19934
20038
20056
20134
20286
20337
20344
20406
20507
20600
20618
20664
20860
20963
21049
21078
21412
21455
21468
21481
21712
22012
22036
22274
22519
22544
22888
22911
23043
23180
23205
23620
23967
23990
24122
24169
24216
24721
24750
24955
24980
25018
25067
25297
25368
26137
26845
27198
27210
27353
27386
27521
27801
27815
27868
28005
28327
28769
28800
28918
29228
29290
29401
29470
29508
30008
30051
30082
30337
30764
30967
31194
31659
31765
31875
31933
32454
32730
32844
33087
33278
33301
34011
34610
34896
34923
35056
35128
35327
35360
35541
35546
35625
35633
35912
35957
36175
36327
36418
36594
37239
37369
37593
37714
37889
37923
38219
38225
38226
38305
38508
38521
38638
38812
38889
40135
40185
40231
40537
40563
40575
40578
40606
40609
40631
