40
719
756
819
1060
1076
1094
1197
1202
1217
1412
1440
1479
1671
1758
2037
2104
2336
2348
2459
2572
2769
2858
2917
3055
3124
3160
3382
3391
3532
3575
3623
3773
3830
3908
3999
4185
4268
4269
4282
4613
4639
5016
5024
5074
5355
5465
5811
5812
6026
6188
6190
6313
6477
6537
6606
6982
7040
7085
7261
8291
8360
8510
8535
8781
8976
9072
9120
9154
9240
9524
9593
9695
9738
9809
9998
10725
10777
10927
11139
11277
11413
11553
11609
11642
11658
11665
11764
11829
11830
12198
12346
12375
12407
12474
12609
12893
12955
13029
13060
13104
13121
13126
13190
13203
13469
13518
13742
13744
13790
14306
14308
14363
14516
14538
14599
14844
14859
14886
15174
15349
15480
15534
15710
16308
16411
16463
16470
16697
16860
17097
17155
17201
17265
17522
17732
17969
18076
18115
18121
18201
18256
18506
18751
19229
19321
19422
19423
19624
19734
19799
20104
20225
20506
20537
20778
20876
20938
21004
21123
21167
21248
21287
21312
21612
21747
21767
21821
22010
22136
22338
22492
22763
22821
22823
23080
23867
23890
24173
24289
24554
24652
24684
24689
24807
24866
26040
26277
26480
26715
26901
26958
26971
26992
27065
27372
27402
27548
27690
27719
27748
27806
27814
27833
28122
28473
28658
28759
28990
29304
29601
29606
29625
29653
30040
30107
30449
30481
30598
30660
30697
30824
31004
31073
31087
31271
31473
31601
31637
31882
31893
32123
32290
32319
32485
33274
33448
33833
34017
34039
34169
34300
34708
34777
34794
34966
34996
35053
35078
35098
35114
35407
35424
35589
35769
35860
35909
35946
36329
36599
36802
37800
37840
37931
38013
38036
38274
38444
38605
38677
39067
39310
39417
39449
39459
39474
39520
39572
39587
39669
40025
40055
40074
40229
40276
40428
40432
40800
42
85
117
231
346
369
762
1088
1111
1508
1873
2302
2318
2601
2662
2737
2836
3069
3113
3123
3204
3336
3495
3588
3818
3927
3935
3990
4023
4245
4409
4456
4520
4529
4675
4819
4995
5044
5096
5144
5185
5302
5324
5473
5615
5661
5792
5856
6046
6167
6201
6307
6329
6469
6579
6705
7010
7064
7074
7318
7586
7710
7717
8010
8105
8123
8224
8238
8304
8372
8481
8533
8563
8712
8713
8880
8951
9005
9242
9256
9550
9624
9922
10077
10191
10492
10534
10541
10626
10677
10977
10984
11000
11041
11095
11186
11190
11247
12122
12302
12310
12723
12746
13037
13099
13445
13718
14039
14041
14416
14688
14745
14835
14890
14899
14942
15066
15132
15424
15697
15922
16114
16434
16440
16574
16644
16724
16913
17136
17192
17344
17424
17563
17568
17626
17641
17917
18175
18863
18882
18977
19216
19300
19333
19614
19934
20056
20134
20136
20286
20337
20406
20600
20813
20827
21049
21078
21112
21183
21184
21380
21412
21455
21549
21729
22012
22036
22274
22336
22519
22544
22710
23408
23494
23620
23660
23873
23967
24216
24835
24867
24955
24980
25018
25297
25334
25368
26232
26542
27136
27155
27386
27680
27925
28038
28208
28210
28327
28511
28769
28878
28918
29228
29290
29401
29470
29787
30082
30169
30337
30967
31103
31194
31202
31808
31933
31997
32177
32197
32454
32771
32844
33337
33701
34109
34192
34622
34628
34896
34931
35128
35184
35278
35360
35371
35392
35541
35966
36175
36296
36319
36327
36594
36724
37239
37311
37509
37815
37923
37927
38081
38219
38225
38388
38811
38812
39084
39127
39147
39533
39978
40151
40185
40537
40563
40575
40606
40631
40650
40680
