11
40
382
507
756
951
1094
1197
1217
1397
1758
2037
2066
2104
2348
2493
2553
2769
2861
2892
3124
3160
3382
3383
3391
3451
3532
3575
3908
3999
4269
4282
4554
4639
4772
4870
5016
5022
5074
5148
5465
5466
5812
6026
6190
6313
6477
6711
7040
8253
8291
8480
8566
8594
8644
8781
8833
8976
9047
9072
9240
9654
9695
9738
9795
9998
10344
10593
10725
10728
10777
10867
10889
11413
11553
11764
11830
11965
12073
12198
12346
12375
12690
12955
13121
13175
13210
13299
13314
13469
13518
13624
13790
13884
14091
14228
14301
14306
14599
14666
14674
14859
14915
15059
15349
15480
15710
16254
16308
16398
16411
16603
16697
16860
17155
17201
17444
17732
17969
18076
18115
18201
18872
19225
19229
19312
19422
19423
19525
19734
19799
20225
20491
20506
20537
20770
20876
20938
21134
21157
21167
21268
21312
21747
21767
21821
22010
22014
22246
22338
22418
22470
22492
22528
22821
22823
22862
23080
23190
23240
23694
23867
23971
24033
24173
24289
24598
24652
24684
24689
24761
26040
26269
26277
26580
26715
26901
26951
26960
26971
26992
27163
27195
27372
27569
27593
27719
28122
28473
28554
28658
28759
28931
28982
29101
29152
29403
29588
29599
29601
29625
29836
29925
29963
30040
30107
30331
30347
30441
30449
30598
30660
30824
31004
31019
31073
31087
31519
31592
31637
31882
31890
32123
32135
32319
32485
32869
32908
32931
33180
33244
33274
34020
34169
34584
34621
34777
34794
34884
34963
34966
35024
35078
35098
35114
35255
35379
35407
35424
35589
35860
35873
35909
36347
36506
36599
36719
36802
37302
37777
37840
37931
38103
38273
38444
38605
38628
38677
38887
39082
39417
39449
39474
39487
39572
39587
39669
39843
39939
40025
40055
40229
40342
40428
13
31
42
231
346
369
1088
1111
1181
1632
1798
2302
2318
2575
2601
2737
2747
2834
2836
3093
3204
3350
3396
3495
3990
4023
4363
4409
4484
4675
4991
5025
5044
5052
5079
5096
5168
5185
5302
5324
5443
5661
5745
5796
6046
6201
6469
6579
6705
6754
6886
6933
7126
7164
7187
7318
7345
7503
7586
7710
7717
8105
8234
8238
8239
8408
8481
8541
8615
8618
8713
8880
8923
9092
9173
9256
9550
9566
9612
9922
9946
10077
10191
10541
10605
10626
10677
10875
10905
10994
11087
11186
11973
12122
12302
12723
13099
13109
13129
13445
13785
13875
14193
14245
14899
14901
14942
15132
15304
15348
15423
16108
16297
16320
16380
16434
16493
16570
16644
16761
16958
17136
17306
17344
17360
17424
17500
17563
17626
17729
17910
17917
18052
18668
18891
19216
19333
19403
19690
19974
20134
20136
20293
20337
20344
20406
20507
20600
20664
20813
20963
21049
21078
21112
21183
21380
21412
21481
21549
21729
22036
22321
22544
22888
22894
22911
23043
23180
23652
23967
23990
24122
24169
24498
24721
24835
24867
24980
25018
25297
25600
25946
26137
26267
26542
26845
26978
27155
27210
27221
27386
27815
27868
27925
28005
28208
28210
28511
28592
28800
28878
29228
29245
29327
29410
29470
29508
30008
30082
30169
30337
30474
31089
31165
31194
31659
31765
32177
32197
32454
32629
32730
32771
32844
33033
33087
33213
33301
33494
33623
34109
34192
34369
34622
34668
34896
34931
35128
35327
35342
35360
35391
35546
35625
35768
35912
35957
36175
36319
36327
36724
36881
37226
37409
37560
37714
37913
37927
38055
38225
38226
38703
38789
39084
39147
39468
40135
40151
40185
40395
40563
40578
40606
40609
