40
507
756
951
1076
1163
1197
1202
1217
1397
2003
2066
2104
2336
2553
2572
2769
2892
3383
3391
3623
3773
3830
3908
4264
4387
4613
4812
5022
5024
5465
5466
5503
6190
6313
6537
6606
6654
6711
6982
7158
7362
7963
8291
8424
8480
8510
8535
8566
8578
8626
8644
8833
8976
9047
9593
9695
9795
10131
10271
10279
10728
10777
10867
10889
10942
11063
11154
11413
11515
11553
11609
11642
11658
11686
11965
12071
12407
12493
12512
12609
12631
12893
12955
13029
13060
13175
13203
13397
13469
13742
13833
14091
14144
14190
14301
14306
14308
14363
14538
14599
14666
14859
14886
15059
15174
15480
15534
15710
16308
16398
16603
16844
16860
16959
16968
17155
17201
17265
17291
17444
17780
17934
17969
18076
18121
18751
18794
18872
19312
19321
19624
19734
19799
20024
20104
20466
20506
20770
21004
21123
21167
21248
21268
21287
21312
21747
21767
21770
21821
22010
22014
22094
22136
22246
22338
22418
22492
22862
22935
23190
23240
23694
23867
23971
24173
24289
24554
24571
24598
24689
24761
24831
25192
25324
25470
25780
25801
26269
26277
26347
26455
26561
26580
26901
26951
26971
26992
27104
27163
27593
27690
27719
27725
27806
27814
27833
28122
28473
28783
28931
29599
29601
29653
29836
29925
30040
30172
30441
30481
30660
31004
31019
31073
31271
31392
31473
31519
31592
31601
31637
31882
31893
32005
32123
32280
32290
32869
32931
33180
33274
33815
33831
34020
34039
34235
34367
34584
34621
34840
34907
34963
34996
35017
35053
35080
35098
35114
35151
35325
35364
35447
35651
35860
35946
36051
36347
36599
36719
37281
37302
37678
37777
37800
37907
37931
38036
38222
38273
38677
38887
39067
39310
39459
39474
39520
39572
39577
39694
39843
39939
40025
40055
40229
40342
40800
13
31
85
117
219
231
302
369
1088
1181
1508
1547
1632
1739
1873
2302
2318
2443
2580
2662
2747
2836
2936
3069
3350
3396
3627
3823
3926
3927
4023
4363
4456
4484
4520
4529
4857
4991
5052
5079
5096
5144
5163
5168
5250
5324
5443
5451
5473
5661
5792
5979
6121
6167
6194
6307
6329
6375
6705
6933
7010
7064
7126
7164
7187
7345
8217
8234
8372
8691
8923
8951
9005
9066
9161
9242
9550
9685
9697
9718
9935
9946
10492
10534
10541
10605
10626
10677
10875
10984
11087
11095
11190
11732
11748
11945
12056
12122
12302
12345
12368
12390
12746
13077
13109
13445
13718
13785
14245
14416
14688
14745
14899
14942
15132
15203
15515
16228
16297
16380
16440
16570
16644
16761
17136
17306
17332
17344
17354
17360
17424
17568
17641
17729
17910
18175
18863
18882
18891
19403
19614
19974
20038
20056
20134
20136
20293
20507
20600
20618
20664
20751
20813
20827
21078
21112
21184
21455
21468
21481
21549
21935
22012
22321
22336
22519
22544
22911
23652
23660
23873
23990
24169
24216
24427
24835
24917
24955
24980
25600
25674
25686
25946
26137
26845
26978
27136
27155
27198
27210
27221
27386
27521
27680
27815
27917
27925
28327
29228
29245
29290
29327
29410
29508
30008
30082
30169
30474
30967
31165
31394
31659
31875
32004
32098
32454
32730
32771
33033
33087
33301
33337
33494
33701
34109
34242
34325
34369
34622
34931
35128
35327
35342
35360
35392
35546
35768
35957
36293
36319
36327
36481
36594
36724
36845
36881
37226
37311
37409
37418
37593
37696
37889
37923
37927
37935
38226
38388
38508
38521
38703
39375
39468
39574
39866
40185
40395
40457
40575
40606
40650
40680
