11
40
756
1027
1060
1202
1397
1480
2037
2104
2348
2553
2572
2769
2784
2858
2861
3383
3391
3575
3773
3908
3999
4185
4264
4282
4387
4428
4613
4639
4772
4979
5503
5812
6165
6313
6441
6606
7040
7147
7261
7835
7969
8291
8424
8480
8510
8626
8644
8781
9023
9047
9072
9120
9154
9240
9593
9795
9809
9998
10271
10725
10867
11063
11225
11665
11686
11711
11830
12071
12245
12346
12512
12571
12609
12631
12690
12893
12955
12985
13029
13060
13104
13175
13203
13299
13361
13397
13624
13709
13726
13742
13790
14144
14190
14308
14363
14538
14859
14886
14915
15059
15174
15480
15534
15710
16411
16470
16697
16860
16959
16968
17067
17155
17201
17340
17444
17732
17934
17969
18076
18115
18121
18201
18580
18751
18794
18814
18872
19008
19151
19225
19291
19312
19321
19423
19624
19805
19903
20024
20466
20778
21004
21123
21134
21167
21287
21312
21411
21747
21767
21770
21821
22014
22297
22338
22418
22763
22821
23240
23694
23867
23890
24173
24347
24375
24652
24684
24689
24761
24831
24982
25011
25192
25324
26269
26277
26347
26537
26715
26901
26958
26971
27065
27163
27372
27402
27548
27593
27690
27748
27814
28072
28122
28473
28554
28776
28982
28990
29588
29599
29601
29644
29760
30107
30347
30441
30449
30481
31004
31019
31073
31087
31392
31473
31519
31592
31601
31873
31890
31893
32005
32123
32152
32280
32931
33180
33244
33274
33749
33762
33815
33831
34017
34169
34235
34246
34367
34584
34621
34777
34794
34963
34966
34996
35053
35080
35098
35151
35255
35325
35379
35424
35589
35651
35873
35946
36051
36329
36347
36506
36757
37281
37302
37390
37678
37800
37840
38013
38273
38605
38628
38677
38887
39067
39205
39449
39459
39474
39572
39577
39587
39669
39694
40025
40069
40229
40309
40428
40773
13
31
42
85
117
219
231
346
1088
1111
1508
1547
1739
2318
2443
2575
2601
2737
2747
2834
2836
2936
2975
3067
3123
3204
3627
3927
3935
4288
4363
4409
4484
4529
4778
4857
4975
4995
5025
5044
5052
5096
5163
5168
5250
5302
5443
5473
5615
5661
5745
5856
6121
6158
6167
6201
6375
6754
6886
6933
7064
7074
7126
7187
7231
7503
7710
8010
8105
8123
8234
8304
8372
8533
8880
8951
9092
9242
9256
9456
9550
9566
9624
9718
9935
9946
10077
10191
10534
10626
10677
10905
10977
11041
11095
11186
11190
11247
11380
11562
11598
11689
11732
11945
11973
12056
12122
12310
12390
12457
12723
12746
13109
13718
13785
14193
14416
14688
14745
14835
14890
14920
14942
15066
15424
15515
15697
16093
16114
16228
16570
16724
16958
17327
17344
17641
18052
18882
18891
19216
19333
19690
19913
20015
20038
20286
20337
20406
20618
20664
20751
20860
21184
21203
21380
21455
21468
21481
21729
21935
22321
22336
22726
22888
23205
23408
23494
23660
23873
24169
24216
24721
24750
24980
25067
25368
25686
25946
26542
27155
27198
27221
27353
27386
27521
27801
27868
27917
28005
28208
28210
28327
28769
28918
29245
29290
29401
29410
29722
29787
30051
30082
30169
30337
31165
31194
31202
31659
31765
31808
31875
31933
32177
32454
33087
33213
33337
34011
34192
34325
34369
34610
34923
34931
35056
35128
35278
35360
35546
35625
35912
35957
36327
36418
36481
36845
37311
37409
37418
37509
37593
37714
37815
37913
37923
37927
37935
38388
38521
38638
38789
38812
38889
39147
39455
39866
40151
40185
40395
40457
40537
40575
40578
40606
40609
40631
40650
40784
