11
40
719
792
819
996
1076
1094
1202
1217
1397
1412
1440
1479
1513
2037
2066
2493
2572
2858
2917
3160
3382
3383
3532
3575
3623
3773
3816
3908
4282
4422
4428
4602
4613
4772
4870
4979
5016
5074
5148
5465
5811
5812
6026
6165
6313
7435
7963
7969
8060
8291
8360
8424
8480
8510
8535
8566
8578
8594
8781
9047
9120
9240
9524
9695
9738
9795
9979
10279
10687
10728
10927
10942
11139
11413
11609
11658
11686
11764
12375
12609
12690
12718
12893
12955
12985
13029
13104
13126
13135
13175
13190
13203
13210
13299
13314
13397
13469
13624
13726
13742
13790
14144
14228
14301
14306
14859
14915
16398
16411
16603
17097
17155
17201
17291
17444
17522
17732
17780
17934
18115
18121
18201
18256
18338
18472
18506
18580
18751
18814
18872
19229
19525
19734
19799
19903
20104
20334
20506
20770
20778
20876
20938
21004
21092
21134
21157
21268
21287
21312
21411
21612
21747
21821
22010
22094
22136
22297
22338
22418
22470
22528
22547
22763
22823
22862
22935
23080
23190
23867
23890
24173
24340
24347
24598
24652
24689
24761
24982
25011
25192
25801
25820
26269
26347
26480
26580
26715
26901
27163
27352
27372
27402
27548
27569
27593
27725
27806
28122
28473
28554
28759
28783
28875
28990
29101
29152
29588
29599
29644
30040
30172
30598
30660
30697
30824
31004
31073
31087
31097
31271
31392
31592
31601
31873
31890
32005
32135
32280
32296
32319
32869
32931
33180
33274
33831
34039
34235
34367
34584
34818
34840
34884
34907
34963
34966
35024
35078
35114
35364
35403
35424
35769
35873
35909
36082
36599
36726
37390
37800
37931
38036
38103
38222
38274
39082
39449
39459
39474
39487
39572
39577
39669
39843
40229
40276
40309
40342
40800
31
42
85
117
120
346
369
697
1088
1111
1507
1739
2253
2302
2443
2452
2575
2810
2975
3067
3113
3123
3204
3336
3350
3495
3572
3627
3818
3926
3935
3990
4023
4363
4409
4520
4995
5052
5079
5082
5096
5168
5185
5250
5302
5324
5443
6158
6307
6375
6886
7064
7126
7164
7187
7345
7503
7586
7710
7717
8217
8304
8541
8563
8618
8713
8880
8951
9066
9161
9624
9922
9946
10077
10191
10541
10626
10875
10905
11000
11087
11095
11186
11190
11234
11380
11562
11598
11689
11748
11945
11973
12122
12310
12368
12390
12457
12723
12746
13037
13109
13718
13785
13875
14039
14041
14745
14899
14901
15132
15304
15424
15515
15922
16108
16114
16297
16492
16493
16644
16724
16761
17136
17327
17344
17626
17641
17917
18175
18668
18863
18977
19216
19300
19333
19353
19403
19614
19690
19913
19934
19974
20015
20038
20134
20337
20344
20406
20507
20827
20860
20963
21078
21112
21148
21183
21184
21203
21455
21510
21729
22036
22336
22710
22726
22888
22911
23043
23180
23408
23494
23620
23652
23929
23948
24169
24216
24835
25067
25297
25334
25368
25674
25946
26137
26267
26529
26845
26978
27198
27386
27801
27815
27839
27868
28038
28210
28327
28800
28918
29228
29245
29290
29410
29470
29722
30008
30082
30169
30474
30764
30967
31103
31165
31194
31875
31933
32004
32177
32197
32844
33087
33213
33301
33337
33494
33515
33623
33701
34192
34242
34369
34372
34628
34896
35056
35128
35184
35278
35342
35371
35392
35625
35768
36021
36175
36296
36594
36724
36881
37016
37239
37409
37418
37509
37560
37696
37815
37889
37923
38055
38226
38305
38811
39147
39455
39574
40135
40151
40231
40457
40563
40575
40578
40606
40609
40650
40680
