11
507
819
1060
1094
1163
1217
1480
1492
1535
2003
2037
2066
2459
2553
2858
2861
2892
3124
3160
3451
3532
3575
3773
3937
4185
4268
4269
4554
4602
4772
4812
4870
5016
5022
5074
5148
5465
5466
5760
6188
6441
6517
6537
6606
7085
7261
7362
7435
8060
8253
8291
8424
8480
8510
8535
8578
8594
8626
8644
9023
9072
9120
9154
9240
9524
9654
9809
10129
10171
10279
10344
10728
10867
10889
10927
10942
11063
11225
11642
11665
11711
11764
11965
12071
12245
12346
12375
12474
12493
12609
12631
12985
13029
13104
13121
13126
13135
13175
13190
13203
13210
13299
13361
13397
13469
13726
13742
13744
13833
13884
13986
14144
14190
14301
14306
14516
14599
14886
14915
15534
16254
16293
16398
16411
16470
16844
16860
16959
16968
17067
17097
17291
17340
17934
18201
18359
18506
18580
18814
19734
19805
19903
20024
20225
20491
20876
21092
21167
21248
21287
21411
21770
21821
22010
22014
22136
22246
22338
22470
22492
22528
22763
22821
22823
23867
23971
24033
24289
24340
24347
24375
24571
24598
24761
24831
24982
25324
25820
26269
26277
26455
26561
26580
26715
26958
26960
27104
27195
27402
27690
27806
27833
28072
28122
28982
29644
29653
29760
29836
29925
30040
30331
30347
30449
30660
30697
31004
31019
31271
31473
31519
31592
31637
31873
32152
32217
32290
32869
32908
32927
33244
33762
33833
34017
34020
34039
34235
34246
34300
34621
34794
34818
34966
35017
35080
35255
35364
35379
35403
35407
35589
35769
35873
35909
36051
36082
36347
36506
36719
36726
36757
36802
37302
37390
37678
37777
37800
37840
37907
37931
38103
38222
38255
38444
38605
38950
39310
39417
39449
39459
39474
39572
39577
39669
39694
39939
40025
40055
40276
40428
40432
40800
31
117
302
1111
1507
1508
1547
1798
2318
2443
2575
2580
2662
2810
2834
3067
3087
3495
3588
3926
3927
3990
4245
4288
4363
4529
4675
4857
4991
5025
5096
5163
5185
5250
5324
5443
5473
5661
5856
5979
6046
6158
6167
6194
6399
6705
6754
6886
7010
7164
7231
7318
7586
8010
8105
8123
8217
8234
8238
8304
8541
8615
8618
8712
8951
9092
9173
9242
9256
9566
9612
9624
9685
9697
9718
9922
9935
10077
10191
10492
10605
10626
10677
10905
10977
10984
10994
11087
11190
11598
11689
11732
11748
11945
11973
12122
12310
12368
12390
12457
13077
13099
13129
13445
13718
13785
13875
14041
14745
14890
15348
15384
15423
15515
15697
15922
16093
16114
16228
16297
16434
16493
16644
16724
16913
16958
17344
17354
17360
17577
17626
17729
18052
18175
18863
18891
18977
19216
19300
19403
19614
19690
20136
20286
20337
20664
20751
20827
20963
21078
21148
21183
21184
21203
21412
21481
21488
21510
21712
21935
22036
22321
22336
22519
22710
22888
22894
23043
23180
23205
23408
23967
23990
24122
24835
24867
24980
25018
25297
25674
25686
25946
27136
27155
27210
27353
27386
27521
27801
27839
27868
27917
27925
28005
28210
28327
28769
28800
29245
29401
29722
30008
30082
30169
31103
31165
31394
31659
31933
31997
32177
32197
32454
32771
32844
33033
33087
33213
33301
33623
33701
34011
34106
34369
34610
34622
34628
34923
35128
35184
35327
35391
35392
35546
35957
35966
36021
36175
36327
36481
36594
36724
36881
37239
37369
37409
37418
37509
37593
37714
37815
37923
38081
38219
38305
38508
38703
38789
38811
38812
39127
39375
39455
39533
39574
39866
40185
40395
40457
40537
40575
40578
40609
40680
40784
