382
719
756
819
996
1076
1094
1197
1217
1412
1479
1513
1535
1671
1758
2037
2493
2784
2858
2892
2917
3124
3383
3623
3773
3816
4269
4282
4387
4422
4428
4554
4613
4639
5022
5024
5074
5355
5465
5812
5873
6165
6188
6190
6313
6477
6517
6711
7085
7147
7158
7362
7835
7963
7969
8060
8079
8424
8510
8594
8626
8781
8833
9240
9524
9654
9795
9809
9979
9998
10131
10271
10725
10867
10927
10942
11139
11154
11413
11609
11658
11665
11686
11829
11965
12073
12375
12571
12631
12690
12893
12985
13126
13135
13175
13190
13203
13314
13624
13709
13726
14091
14301
14308
14516
14599
14859
14886
14915
15480
15534
15710
16293
16411
16470
16697
16968
17201
17265
17291
17340
17780
17934
18076
18115
18121
18472
18506
18580
18794
19291
19422
19423
19525
19624
19734
19805
20024
20491
20506
21123
21411
21767
21770
21821
22010
22014
22246
22338
22470
22492
22821
22862
23240
23890
24033
24173
24289
24689
24807
24982
25011
25780
25801
26269
26455
26480
26537
26580
26960
26971
26992
27065
27372
27569
27593
28122
28554
28658
28776
28875
29152
29304
29403
29601
29625
29644
29925
30107
30331
30441
30824
31019
31073
31271
31392
31473
31519
31601
31882
31890
31893
32005
32135
32296
32319
32869
32927
33180
33274
33448
33815
33833
33965
34246
34367
34584
34621
34708
34794
34818
34884
34966
34996
35053
35078
35098
35151
35364
35379
35403
35407
35424
35651
35769
35770
35909
36329
36347
36719
36757
37390
37840
37907
37931
38103
38222
38255
38273
38677
38950
38983
39067
39310
39417
39449
39459
39474
39520
39572
39669
40069
40074
40276
40342
42
85
231
342
346
697
762
1111
1181
1507
1632
1798
2253
2318
2443
2452
2601
2737
2747
2810
2836
2936
2975
3113
3123
3818
3926
3927
3935
3990
4023
4245
4409
4456
4675
4919
4995
5025
5044
5079
5082
5163
5185
5250
5302
5443
5451
5661
5745
5856
5979
6046
6121
6167
6201
6307
6329
6399
6579
6754
6886
6933
7010
7164
7231
7318
7586
7710
8010
8123
8217
8234
8372
8408
8533
8541
8691
8712
8880
8923
9066
9256
9566
9624
9685
9697
9718
9935
9946
10492
10541
10875
10994
11000
11095
11190
11234
11380
11598
11689
11945
12056
12302
12310
12345
12368
12457
13077
13099
13129
13445
13785
13875
14039
14193
14245
14688
14745
14835
14890
14899
14901
14920
14942
15066
15132
15348
15424
15922
16093
16228
16320
16380
16434
16493
16570
16644
16724
16761
16913
16958
17192
17332
17354
17424
17500
17563
17568
17917
18052
18175
18891
19216
19300
19353
19403
19614
19690
19913
19974
20056
20134
20337
20406
20813
20827
20860
21049
21112
21148
21183
21184
21385
21455
21510
21549
21729
22012
22036
22321
22336
22519
22544
22726
22894
23043
23408
23494
23660
23873
23929
23948
23990
24169
24216
24498
24721
24750
24835
24917
24955
25334
25368
25600
25686
25946
26267
27136
27155
27221
27386
27680
27801
27868
27917
28005
28038
28208
28210
28511
28800
28878
29290
29327
29401
29722
30051
30082
30169
30474
30764
31165
31394
31659
32004
32177
32197
32454
33278
33301
33515
33623
34109
34610
34622
34931
35056
35184
35327
35360
35371
35541
35546
35625
35768
35966
36021
36293
36296
36327
36418
36481
36724
36881
37016
37311
37418
37696
37714
37923
37935
38055
38081
38219
38226
38388
38508
38638
38811
38812
39084
39127
39455
39468
40185
40231
40395
40537
40575
40606
40609
40680
40784
