11
382
507
756
792
996
1027
1060
1094
1163
1197
1440
1479
1671
2037
2104
2861
2917
3382
3383
3391
3451
3532
3623
3773
3830
3937
4387
4422
4428
4554
4602
4613
4772
4870
4979
5022
5024
5074
5355
5466
5812
5873
6165
6441
6477
6537
6654
6711
6982
7261
7435
7963
7969
8060
8079
8253
8424
8578
8626
8976
9154
9524
9593
9654
9695
9795
9809
9979
10129
10171
10279
10344
10593
10687
10728
10927
10942
11139
11154
11225
11277
11413
11642
11665
11711
11829
11830
12071
12073
12245
12571
12609
12690
12718
12893
13029
13060
13121
13135
13175
13190
13203
13210
13314
13469
13624
13709
13726
13744
13790
13833
13884
14091
14144
14228
14308
14363
14666
14859
14886
14915
15174
15349
15480
15534
16254
16293
16844
16968
17067
17097
17155
17201
17291
17444
17522
17780
17934
18115
18201
18359
18506
18580
18794
19008
19151
19225
19229
19312
19422
19805
20104
20225
20491
20506
20770
20778
20876
21134
21157
21268
21287
21312
21612
21747
21767
21770
22010
22094
22492
22528
22763
22821
22862
23190
23694
23867
23890
24033
24289
24340
24554
24571
24598
24689
24807
24831
24982
25011
25801
25820
26072
26561
26580
26971
26992
27065
27163
27195
27352
27548
27690
27719
27725
27748
27806
27814
28554
28759
28776
28875
28931
28982
29836
29936
30107
30347
30660
30697
31004
31271
31637
31893
32123
32217
32290
32319
32485
32927
32931
33274
33831
33833
34039
34235
34246
34300
34708
34777
34818
34840
34884
34907
34963
34966
34996
35078
35080
35098
35151
35255
35325
35364
35403
35424
35589
35651
35770
36082
36347
36506
36599
36726
36757
36802
37281
37302
37678
37907
37931
38013
38036
38103
38222
38255
38605
38628
38677
38887
38950
38983
39082
39310
39449
39474
39694
40025
40055
40276
40309
40342
40432
40773
40800
13
31
219
302
697
1111
1181
1508
1739
1798
2662
2737
2747
2810
2836
2936
3087
3396
3495
3572
3588
3818
4023
4245
4288
4363
4409
4456
4819
4857
4991
4995
5044
5052
5082
5096
5163
5185
5302
5324
5615
5792
5796
5856
6194
6329
6399
6469
6579
6754
6864
7064
7074
7231
7345
7503
7586
8010
8105
8123
8239
8304
8533
8563
8615
8618
8712
8951
9005
9066
9161
9256
9456
9550
9566
9922
9946
10077
10605
10626
10677
10905
10977
10994
11041
11095
11186
11190
11247
11732
11748
11973
12368
12390
12457
12746
13077
13099
13718
13875
14245
14688
14899
14942
15066
15203
15424
15515
16108
16228
16297
16320
16380
16434
16574
17332
17360
17424
17626
17729
17910
17917
18175
18882
19333
19403
19690
19974
20015
20038
20056
20136
20286
20293
20406
20507
20600
20751
20860
20963
21112
21148
21183
21203
21380
21385
21412
21455
21468
21488
21549
21712
21729
22012
22036
22274
22519
22888
22894
22911
23180
23205
23408
23620
23873
23929
23967
23990
24169
24498
24750
24867
24980
25018
25297
25368
25465
25600
26267
26529
26542
26978
27136
27155
27221
27521
27868
27917
28592
28769
28800
28878
28918
29245
29290
29722
29787
30008
30082
30169
30406
30967
31659
31808
32004
32454
32629
32730
33087
33213
33278
34011
34106
34109
34192
34242
34610
34622
34896
34931
35056
35184
35278
35342
35360
35392
35625
35633
35912
35957
35966
36293
36296
36319
36418
36481
36845
37016
37226
37311
37369
37509
37560
37593
37714
37815
37923
37935
38219
38225
38521
38703
39084
39127
39147
39375
39455
39468
40135
40185
40537
40650
40784
