11
40
507
756
792
819
1027
1094
1197
1202
1480
1492
1513
1758
2003
2037
2066
2459
2493
2784
2858
2892
2917
3383
3391
3451
3575
3816
3830
4185
4264
4282
4387
4422
4428
4554
4602
4613
4870
4979
5024
5355
5760
5812
6190
6441
6517
6654
6711
7040
7147
7435
8060
8291
8424
8480
8510
8594
8626
8833
9023
9047
9154
9240
9654
9695
9795
9809
9979
10129
10131
10271
10593
10687
10725
10867
10889
10942
11154
11204
11225
11515
11553
11658
11665
11686
11711
11830
12073
12198
12245
12375
12493
12512
12571
12609
12893
13104
13126
13135
13190
13299
13314
13361
13397
13469
13518
13624
13709
13833
13884
13986
14091
14190
14228
14306
14308
14886
14915
15059
15349
16254
16470
16603
16844
16959
17097
17522
17732
17780
17934
18201
18506
18580
18751
18794
18814
19151
19225
19229
19291
19312
19321
19422
19624
19734
20104
20506
20537
20770
20778
21134
21248
21287
21411
21612
21767
21770
21821
22014
22094
22297
22492
22763
22821
22823
22935
23240
23694
23971
24347
24375
24598
24652
24807
24831
25192
25324
25470
26072
26277
26480
26580
26715
26951
26971
26992
27163
27352
27372
27402
27548
27569
27690
27748
27806
27814
27833
28554
28776
28875
28982
28990
29101
29304
29403
29588
29599
29601
29606
29936
30040
30107
30172
30331
30347
30449
30481
30598
30660
30824
31004
31073
31097
31519
31637
31882
32005
32217
32290
32485
32927
33180
33274
33749
33762
33815
33831
34017
34020
34235
34246
34584
34777
34840
34884
34907
35080
35325
35364
35424
35860
36506
36599
36726
37302
37678
37777
37800
37840
37931
38036
38103
38255
38273
38605
38677
38887
38950
38999
39067
39082
39310
39417
39449
39459
39474
39487
39572
39669
39843
40055
40074
40229
40276
40309
40800
42
342
346
369
697
1181
1508
1632
2253
2318
2575
2580
2737
2810
2936
2975
3069
3093
3113
3123
3350
3588
3926
3927
4023
4245
4288
4363
4456
4484
4520
4675
4778
4975
4991
5044
5079
5096
5144
5163
5185
5302
5443
5615
5661
5792
5796
6046
6167
6329
6399
6469
6754
6886
6933
7010
7074
7164
7231
7318
7503
7586
8010
8105
8123
8217
8234
8372
8541
8563
8615
8691
8923
9066
9092
9161
9256
9456
9550
9566
9718
9946
10191
10492
10534
10677
10741
10905
10977
11041
11087
11186
11190
11234
11247
11380
11598
11732
11748
11945
11973
12122
12302
12368
12457
12723
13129
13445
13785
14245
14416
14745
14899
14901
15132
15203
15304
15423
15424
15922
16108
16297
16380
16492
16724
16913
17327
17332
17360
17424
17577
17917
18052
18175
18891
18977
19216
19300
19913
19974
20134
20136
20286
20293
20344
20618
20751
20860
21049
21078
21112
21183
21184
21380
21481
21712
21935
22012
22036
22321
22544
22726
23043
23180
23205
23620
23660
23948
24169
24216
24498
24750
24835
24980
25018
25600
25674
26137
26267
26529
27136
27155
27210
27221
27386
27521
27680
27868
27917
27925
28208
28210
28592
28800
28918
29327
29401
29508
29722
30082
30474
30764
31089
31103
31194
31875
31997
32004
32098
32177
32454
32730
33033
33278
33301
33337
33515
34192
34242
34372
34610
34622
34628
34923
35278
35342
35371
35541
35625
35768
35957
35966
36021
36175
36293
36319
36481
36594
36724
37226
37311
37418
37509
37593
37714
37815
37913
37923
37935
38081
38219
38305
38388
38508
38703
38989
39127
39147
39533
39574
39978
40135
40185
40395
40457
40537
40563
40575
40609
40650
40784
