507
719
792
951
996
1076
1163
1480
1492
1513
1535
1758
2104
2459
2493
2572
2769
2858
3124
3451
3816
3830
3937
4264
4269
4422
4428
4554
4613
4639
4870
4979
5016
5022
5074
5148
5355
5465
5466
6188
6313
6477
6517
6606
6654
6982
7085
7362
7435
7963
7969
8060
8424
8480
8566
8644
8781
9023
9240
9695
9738
9979
10129
10171
10271
10279
10344
10593
10687
10728
10777
10867
10927
11063
11139
11154
11413
11553
11686
11711
11764
11829
12071
12073
12245
12375
12493
12512
12571
12609
12893
13104
13135
13175
13210
13361
13397
13624
13709
13884
14091
14190
14306
14538
14666
14674
14886
14915
15480
15534
15710
16254
16293
16308
16398
16470
16697
16959
16968
17097
17265
17291
17340
17780
18201
18256
18338
18472
18506
18794
19008
19225
19291
19312
19321
19422
19525
19624
19799
19805
20104
20225
20334
20491
20537
20938
21004
21092
21157
21248
21268
21312
21411
21747
21770
21821
22010
22418
22470
22528
22862
22935
23190
23240
23694
23890
24033
24347
24598
24652
24689
24807
24982
25470
26269
26455
26480
26561
26901
26951
26958
26971
27065
27104
27163
27195
27548
27569
27690
27719
27806
27814
27833
28122
28554
28658
28759
28783
29101
29152
29588
29599
29601
29644
29760
29836
29963
30331
30441
30481
30598
31073
31087
31392
31473
31601
31873
31882
31893
32005
32123
32135
32217
32290
32296
32485
32869
32908
32927
33448
33749
33762
33815
33831
33965
34235
34300
34584
34777
34794
34818
34840
34966
35017
35053
35080
35098
35114
35364
35379
35424
35447
35651
35873
35909
35946
36329
36347
36506
36599
37302
37678
37907
38036
38103
38255
38605
38628
38677
38950
38983
39310
39417
39449
39459
39520
39577
39587
39843
40055
40069
40229
40342
40428
13
31
42
219
342
369
697
1111
1181
1508
1547
1632
1798
1873
2452
2575
2662
2747
2836
2936
3067
3087
3113
3336
3495
3572
3823
3926
3935
4245
4288
4363
4409
4484
4675
4857
4919
4975
5052
5096
5168
5250
5324
5443
5451
5473
5661
5792
5856
6307
6329
6375
6399
6469
6754
6864
7064
7074
7345
7586
8010
8105
8217
8238
8304
8372
8408
8481
8615
8691
8880
8951
9066
9092
9161
9173
9242
9456
9550
9612
9718
9922
9946
10492
10534
10605
10677
10984
11041
11095
11186
11190
11234
11247
11380
11562
11598
11689
11945
12310
12345
12368
12457
12723
12746
13099
13109
13718
13785
14416
14745
14835
14890
14899
14920
15304
15423
15424
15515
16093
16320
16434
16440
16574
16761
16958
17136
17354
17424
17626
17641
18175
18863
18891
19300
19333
19403
19934
19974
20038
20134
20286
20293
20600
20664
20813
20827
20860
21112
21148
21184
21380
21385
21412
21481
21712
21935
22012
22036
22321
22710
23043
23180
23205
23494
23660
23948
23967
24169
24216
24721
24835
24955
24980
25018
25067
25334
25368
25465
25674
25686
26232
26267
26529
26542
26845
26978
27136
27210
27353
27680
27815
27839
27868
27917
28005
28208
28327
28769
29228
29327
29410
29470
29722
29787
30008
30406
30764
31103
31165
31194
31394
31659
31765
31808
31875
32004
32098
32454
32629
32730
33033
33087
33301
34106
34192
34242
34325
34369
34622
34668
34923
35184
35342
35360
35392
35541
35633
35957
35966
36296
36319
36327
36418
36594
36845
36881
37016
37226
37239
37509
37696
37923
38081
38225
38226
38388
38521
38789
38812
39127
39147
39455
39468
39533
39866
40457
40537
40563
40575
40578
40609
40680
40784
