11
756
951
996
1197
1202
1217
1492
1513
2104
2336
2348
2459
2553
2572
2769
2861
3055
3382
3383
3391
3451
3575
3623
4268
4269
4387
4428
4772
4870
5016
5355
5465
5503
5760
5811
5873
6026
6165
6190
6441
6477
6517
6606
6654
6711
6982
7158
7835
7969
8253
8291
8424
8480
8566
8578
8833
9593
9738
9979
10129
10171
10344
10593
10687
10728
10867
10889
10942
11154
11204
11225
11413
11658
11665
11711
11830
12073
12198
12346
12375
12407
12474
12571
12609
12718
12955
13029
13060
13104
13126
13135
13203
13314
13397
13518
13624
13744
13833
13884
14091
14144
14190
14306
14599
14666
14674
14886
15480
15534
16254
16308
16398
16411
16470
16603
16697
16844
16860
16959
17097
17201
17340
17934
17969
18076
18115
18338
18359
18751
18794
19291
19321
19422
19734
19799
19903
20024
20104
20466
20537
21004
21092
21123
21167
21248
21312
21767
21770
22094
22136
22246
22470
22528
22547
22821
22862
23190
23240
23694
23867
23890
24033
24173
24289
24347
24375
24598
24684
24689
24831
24866
24982
25011
25192
25324
25470
26040
26269
26277
26480
26537
26561
26951
26958
26971
27065
27195
27352
27402
27593
27690
27725
27748
27833
28122
28473
28554
28776
28875
28931
28982
28990
29304
29403
29644
29653
29760
29836
29963
30172
30331
30598
30697
31087
31271
31473
31519
31601
31637
31873
31882
31890
32005
32152
32217
32319
32869
32927
33244
33831
33833
33965
34017
34020
34235
34300
34621
34708
34777
34818
34884
34907
34963
34966
35053
35078
35080
35114
35424
35447
35860
35909
36329
36347
36506
36719
36802
37281
37390
37777
37800
37907
37931
38222
38255
38628
39082
39205
39417
39474
39572
39669
39694
39939
40025
40055
40276
40428
40800
13
31
85
117
219
231
302
342
1088
1181
1507
1739
2253
2318
2443
2601
2662
2810
2834
2836
3069
3087
3113
3204
3336
3350
3588
3627
3818
3823
3926
3927
3935
3990
4288
4363
4409
4456
4484
4520
4778
4975
5025
5044
5052
5079
5082
5144
5163
5168
5302
5324
5443
5615
5745
5792
5796
6046
6121
6158
6194
6201
6307
6329
6579
6864
6886
7064
7231
7503
7586
8010
8217
8224
8234
8238
8239
8372
8481
8541
8691
8880
8923
9066
9161
9242
9256
9550
9685
9922
9935
9946
10191
10534
10541
10677
10905
11000
11186
11234
11380
11562
11598
11732
11748
11945
12302
12310
12368
12457
13077
13718
14193
14245
14416
14890
14899
14920
15066
15132
15348
15384
16108
16297
16380
16434
16492
16493
16761
16913
17192
17327
17360
17424
17568
17626
17910
17917
18052
18863
18891
18977
19300
19333
19353
19403
19614
19690
19913
19934
19974
20134
20286
20664
21078
21183
21203
21380
21385
21412
21468
21481
21488
21510
21549
21935
22519
22544
22911
23043
23180
23408
23494
23620
23660
23929
24216
24750
24867
24917
24955
24980
25297
25368
25686
26232
26845
26978
27136
27198
27221
27521
27680
27801
27815
27839
27868
28005
28208
28769
28800
28878
29290
29410
29470
30008
30082
30169
30406
30474
30764
31194
31202
31394
31659
31765
31808
31933
31997
32098
32629
32730
32844
33515
34011
34106
34109
34325
34369
34372
34622
34668
35056
35128
35278
35327
35371
35392
35546
35625
35633
35912
36175
36319
36327
36724
36845
37016
37239
37418
37560
37593
37696
37815
37913
37923
37927
38055
38081
38219
38225
38226
38305
38703
39084
39147
39455
39468
39574
39866
39978
40135
40151
40185
40395
40609
40631
40680
