11
40
719
756
819
996
1027
1197
1479
1513
1758
2066
2336
2348
2459
2553
2861
2892
3055
3124
3383
3391
3451
3532
3575
3623
3773
3816
3830
3937
4264
4422
4428
4602
4613
4772
5024
5074
5148
5465
5873
6026
6165
6188
6313
6441
6477
6537
6654
7040
7147
7158
7362
7435
7963
8060
8510
8566
8833
9120
9654
9738
9795
9998
10129
10171
10279
10344
10777
10927
10942
11204
11277
11515
11609
11658
11665
11686
11711
11764
11830
11965
12071
12073
12198
12346
12375
12718
12893
12955
13060
13126
13135
13299
13314
13361
13469
13518
13624
13709
13742
13744
13884
13986
14091
14144
14190
14306
14363
14516
14538
14666
14844
14859
16254
16398
16463
16603
16860
16968
17067
17155
17201
17265
17340
17732
17780
18076
18338
18359
18580
18751
18814
19225
19229
19291
19423
19525
19799
20770
21157
21312
21612
21747
21767
22136
22297
22338
22418
22470
22528
22547
22821
22823
22862
22935
23080
23867
24033
24173
24347
24375
24571
24652
24684
24689
24807
25011
25470
25801
26072
26269
26277
26347
26455
26901
27163
27569
27690
27748
27806
27814
27833
28473
28658
28759
28776
28875
28982
28990
29101
29304
29403
29588
29606
29625
29653
29925
29963
30107
30172
30331
30441
30449
30481
30598
30660
31087
31271
31473
31592
31601
31637
31893
32005
32123
32280
32290
32296
32319
32485
32869
32908
33180
33244
33762
33965
34017
34039
34169
34235
34246
34300
34621
34777
34794
34818
34840
34907
34963
34966
34996
35078
35098
35114
35151
35364
35379
35403
35651
35770
35873
36051
36347
36506
36719
36757
37281
37678
38036
38222
38255
38273
38274
38605
38887
38999
39205
39417
39449
39474
39520
39577
39669
39694
39843
40025
40069
40074
40276
40309
40428
40432
40773
13
120
219
231
342
346
697
1181
1547
1632
1739
1798
2302
2443
2580
2662
2836
2975
3087
3396
3572
3588
3627
3823
4023
4288
4456
4520
4675
4778
5025
5044
5052
5079
5144
5302
5473
5745
5796
5856
6046
6121
6158
6194
6307
6329
6399
6469
6579
6705
6754
6864
6886
7074
7126
7164
7187
7231
7710
7717
8010
8234
8238
8239
8372
8481
8533
8563
8691
8713
8923
8951
9456
9550
9566
9685
9922
9946
10534
10605
10875
10984
10994
11000
11095
11186
11190
11732
11748
12310
12345
13099
13785
14041
14416
14835
14899
14901
14920
15132
15304
15515
15697
16114
16228
16440
16492
16493
16574
16644
16913
16958
17136
17327
17344
17360
17424
17500
17563
17568
17626
17641
17729
17910
17917
18175
18668
18863
18977
19216
19300
19333
19403
19614
19974
20134
20136
20286
20293
20344
20406
20600
20813
20827
21049
21112
21148
21380
21412
21468
22274
22321
22544
22710
22888
23043
23180
23205
23408
23494
23620
23873
23948
23967
24169
24498
24721
24750
24835
24980
25067
25334
25600
25674
25686
26267
26529
26542
26978
27136
27198
27221
27521
27680
27815
27839
27868
27917
28005
28208
28210
28769
28800
28878
28918
29228
29245
29290
29327
29410
29508
30051
30082
30337
30474
30764
30967
31103
31394
32177
32454
32629
32730
32771
32844
33087
33213
33301
33337
33494
34011
34106
34109
34242
34325
34369
34610
34622
34923
34931
35128
35342
35371
35392
35541
35546
35625
35768
35912
35957
36293
36296
36327
36418
36594
36845
37509
37593
37696
37913
37927
37935
38219
38521
38789
38811
38989
39147
39375
39455
39468
39533
39866
40135
40151
40231
40395
40537
40563
40606
40609
40631
40650
40784
