40
382
507
719
756
996
1027
1076
1094
1197
1202
1217
1412
1440
1671
2037
2104
2348
2459
2572
2892
3055
3160
3383
3451
3532
3575
3623
3773
3937
4268
4282
4554
4613
4639
4772
4812
4870
5024
5074
5148
5465
5812
6026
6190
6313
6441
6606
6711
7040
7085
7261
7435
7835
7969
8060
8253
8360
8535
8566
8578
8594
8833
8976
9023
9047
9072
9120
9524
9654
9738
9809
9979
9998
10129
10171
10271
10279
10687
10777
10927
11063
11277
11413
11658
11665
11686
11965
12071
12073
12375
12609
12718
12893
12955
12985
13121
13126
13135
13299
13314
13726
13742
13790
14190
14306
14363
14516
14599
14844
14886
14915
16308
16398
16470
16603
16860
16968
17067
17097
17155
17265
17340
17444
17732
17969
18121
18256
18580
18751
18794
18814
19008
19151
19225
19291
19312
19321
19423
19525
19624
19734
19799
19805
19903
20225
20334
20466
20491
20506
20770
20778
20876
21004
21092
21134
21157
21167
21287
21411
21612
21747
21770
22010
22094
22136
22338
22492
22823
22935
23080
23190
23240
23694
23867
23890
24033
24173
24289
24347
24554
24652
24761
24982
26040
26072
26347
26455
26480
26537
26951
26958
26971
26992
27065
27104
27163
27195
27372
27402
27548
27569
27690
27719
27806
28554
28658
28759
28776
28875
28990
29101
29152
29599
29653
29925
29963
30331
30598
30660
30697
30824
31004
31019
31073
31097
31473
31592
31890
31893
32005
32123
32217
32280
32290
32319
33762
33815
33965
34017
34169
34235
34246
34367
34777
34794
34884
34963
34996
35017
35078
35080
35098
35114
35255
35325
35364
35379
35651
35769
35873
35946
36051
36802
37281
37302
37390
37777
37800
37840
37907
38103
38222
38255
38444
38628
38677
39067
39205
39572
39577
39587
39843
39939
40055
40074
40229
40276
40428
40773
40800
13
42
85
219
342
346
369
762
1088
1508
1739
1798
2443
2601
2747
2810
3067
3069
3087
3204
3495
3572
3927
3935
3990
4023
4245
4288
4363
4456
4484
4520
4529
4675
4991
4995
5025
5082
5163
5168
5324
5473
5661
5792
5796
5979
6046
6121
6194
6201
6329
6375
6469
6705
6864
7074
7187
7345
7586
8010
8105
8123
8224
8372
8408
8481
8533
8541
8563
8615
8712
8951
9005
9092
9173
9242
9550
9566
9624
9697
9718
9935
10077
10492
10534
10626
10677
10977
10984
10994
11000
11041
11087
11095
11234
11247
11562
11689
11748
11973
12368
12457
12723
12746
13037
13077
13109
13129
13785
13875
14041
14193
14245
14416
14688
14899
14920
14942
15066
15424
15515
15922
16093
16108
16114
16228
16320
16380
16434
16570
16574
16958
17192
17306
17327
17424
17563
17641
17729
17917
18052
18668
18891
19216
19913
19974
20038
20134
20136
20293
20344
20600
20751
20860
20963
21112
21148
21183
21184
21385
21455
21488
21729
21935
22321
22544
22911
23180
23205
23873
23948
23967
23990
24122
24427
24498
24750
24955
25067
25297
25334
25600
25686
25946
26267
26529
27155
27198
27210
27353
27386
27801
27815
27868
27917
27925
28210
28769
28918
29290
29327
29410
29470
29508
29722
29787
30406
31103
31165
31808
31875
31997
32004
32177
32730
32844
33278
33301
33337
33494
33515
34011
34106
34192
34610
34628
34668
35184
35327
35342
35360
35391
35546
35625
35768
36021
36296
36319
36594
36724
36845
37016
37226
37311
37409
37509
37560
37593
37913
37923
37927
37935
38081
38219
38789
39147
39375
39468
39978
40135
40231
40537
40563
40578
40606
40680
40784
