507
792
996
1027
1094
1163
1197
1397
1412
1535
1671
2066
2336
2459
2553
2769
3055
3124
3383
3532
3575
3623
3937
4185
4268
4282
4422
4602
4772
5016
5148
5355
5465
5466
5503
5760
5811
6165
6188
6313
6441
6477
6517
6606
7085
7835
7963
7969
8060
8291
8360
8424
8510
8566
8594
8626
8833
8976
9047
9120
9154
9524
9593
9695
9738
9795
9998
10279
10344
10593
10687
10777
10889
11063
11139
11413
11515
11553
11609
11642
11658
11764
12071
12198
12245
12474
12493
12609
12631
12718
12893
13029
13060
13104
13121
13126
13190
13314
13361
13518
13624
13726
13744
14091
14228
14516
14666
14859
14886
15349
15534
15710
16254
16293
16398
16470
16844
16860
16968
17067
17155
17444
17522
17780
17934
17969
18121
18201
18256
18506
18751
18794
18872
19151
19225
19312
19422
19423
19525
19734
19805
20225
20334
20491
20537
21092
21123
21248
21287
21312
21411
21770
22418
22470
22492
22528
22547
23080
23190
23890
24289
24652
24684
24807
25011
25192
25801
26269
26277
26347
26480
26537
26580
26715
26901
26958
26960
27163
27195
27352
27372
27402
27690
27725
27814
28072
28759
28776
28990
29588
29599
29601
29644
29760
29836
29936
29963
30040
30107
30331
30441
30449
30481
30824
31004
31087
31097
31392
31592
31637
31882
32005
32280
32290
32296
32319
32927
33244
33274
33749
33762
33815
33831
33833
33965
34169
34246
34300
34584
34621
34708
34777
34818
34840
34907
34963
34996
35024
35078
35080
35098
35114
35364
35379
35403
35407
35424
35589
35769
35770
35860
35909
35946
36082
36329
36719
36726
37281
37800
37840
38255
38605
38628
38677
38887
38950
38983
38999
39205
39572
39577
39669
39694
39843
39939
40025
40074
40309
40428
40800
42
85
117
231
302
346
369
697
1088
1111
1181
1507
1798
1873
2302
2318
2580
2601
2810
2834
2936
2975
3067
3069
3123
3336
3396
3627
3818
3823
3926
3927
3935
4023
4245
4363
4484
4919
4991
4995
5052
5079
5082
5144
5163
5451
5615
5661
5745
5792
5856
6046
6307
6329
6579
6864
7231
7318
7717
8105
8123
8217
8224
8304
8481
8563
8691
8880
8923
9005
9161
9456
9550
9612
9624
9697
9718
9946
10077
10191
10626
10905
11041
11095
11186
11190
11234
11247
11380
11598
11732
11748
11973
12056
12310
12368
12457
12746
13037
13077
13785
14039
14193
14416
14688
14899
15066
15132
15423
15424
15922
16114
16228
16297
16380
16440
16493
16724
16761
16913
16958
17136
17360
17563
17568
17626
17641
17910
17917
18052
18175
18668
18863
18891
18977
19300
19333
19403
19614
19913
19974
20015
20056
20136
20286
20293
20337
20406
20507
20600
20751
20813
20827
20963
21049
21112
21148
21184
21203
21380
21412
21455
21488
21510
21549
21712
21729
22274
22321
22544
22710
22894
22911
23043
23180
23620
23652
23873
23929
24169
24216
24498
24750
24955
24980
25067
25600
26137
26232
26529
26542
26845
26978
27136
27155
27198
27221
27353
27521
27801
27815
27868
27925
28038
28208
28210
28592
28800
28878
29245
29327
29722
29787
30008
30051
30082
30764
31089
31194
31202
31394
31659
31765
31808
32004
32098
32177
32454
32730
32771
32844
33033
33087
33213
33301
33623
33701
34011
34325
34372
34628
34668
34896
35327
35371
35546
35625
35633
35768
35912
35966
36293
36296
36418
36594
36724
36845
37409
37418
37509
37560
37696
37923
38055
38521
38703
38789
39084
39127
39375
39455
39468
39866
39978
40185
40537
40563
40575
