507
756
996
1202
1412
1671
1758
2003
2037
2066
2336
2459
2572
2769
2784
2917
3160
3382
3391
3451
3532
3816
3830
3937
3999
4185
4269
4282
4422
4554
4812
4870
4979
5024
5074
5466
5503
5811
5812
6026
6165
6313
6606
6982
7085
7147
7158
7261
7362
7435
7969
8291
8360
8424
8480
8594
8626
8781
8833
8976
9072
9120
9154
9654
9809
9998
10344
10593
10725
10728
10867
10889
10942
11139
11154
11204
11225
11413
11642
11658
11665
11764
12071
12198
12245
12375
12474
12493
12609
13104
13190
13203
13299
13314
13397
13469
13518
13709
13742
13744
13833
14091
14144
14228
14599
14915
15059
15480
16254
16293
16398
16697
16844
16959
17067
17097
17155
17340
17522
17934
17969
18115
18121
18201
18338
18359
18472
18580
18751
19008
19225
19291
19312
19525
19624
19734
20104
20225
20334
20466
21167
21248
21312
21747
22136
22297
22338
22418
22528
22763
22823
22935
23080
23694
23971
24033
24340
24347
24652
24684
24689
24761
24807
24831
24866
25011
25324
25470
25801
25820
26480
26561
26580
26958
26960
26992
27104
27548
27593
27806
27814
27833
28473
28776
28783
28982
28990
29403
29588
29599
29625
29644
29836
29925
29963
30107
30441
30697
30824
31073
31097
31392
31473
31637
31873
31890
31893
32123
32135
32290
32319
32485
32869
32908
32931
33180
33244
33274
33448
33749
33831
33833
33965
34020
34039
34169
34777
34794
34884
34963
34966
34996
35024
35078
35114
35151
35255
35379
35589
35769
35770
35909
35946
36051
36082
36347
36506
36599
36719
37390
37678
37777
37907
37931
38036
38103
38255
38444
38605
38628
39082
39205
39310
39417
39449
39459
39474
39487
39520
39572
39587
39694
39939
40342
40428
40800
13
31
42
219
231
302
697
1111
1181
1508
1632
1739
2253
2318
2443
2452
2662
2737
2747
2810
2836
2936
3069
3113
3123
3336
3350
3495
3572
3588
3823
3927
3990
4245
4288
4484
4819
4991
5025
5044
5052
5168
5185
5473
5661
5792
5796
5856
5979
6194
6201
6705
6754
6886
7074
7126
7187
7231
7586
7717
8217
8234
8304
8541
8563
8880
8923
9005
9066
9092
9161
9173
9242
9256
9456
9550
9624
9685
9718
9922
9935
9946
10077
10492
10534
10541
10905
10977
10984
10994
11041
11087
11190
11234
11380
11732
11748
11973
12056
12302
12310
12345
12457
12746
13077
13099
13129
13785
13875
14041
14193
14416
14835
14890
14899
14942
15203
15304
15348
15424
15515
16114
16297
16492
16493
16570
16644
17136
17192
17306
17327
17344
17354
17360
17424
17563
17568
17577
17641
17729
17910
18668
18891
18977
19216
19403
19614
19690
19913
19934
20056
20293
20337
20664
20813
20827
20963
21078
21184
21203
21385
21455
21468
21488
21712
21729
22336
22519
22544
22726
22894
22911
23043
23180
23408
23620
23873
23929
24427
24498
24750
24835
24917
24955
24980
25334
25465
25600
25946
26267
26529
26542
26845
27136
27155
27198
27221
27386
27801
28511
28592
28800
28878
29228
29245
29327
29401
29508
29722
30051
30082
30169
30406
30764
31165
31202
31394
31659
31808
32004
32177
32197
32844
33033
33087
33213
33301
33337
33494
33701
34242
34325
34369
34610
34668
34923
35056
35327
35392
35633
35768
35957
35966
36175
36293
36319
36418
36724
37239
37311
37369
37409
37593
37696
37815
37913
37923
37927
38055
38225
38226
38305
38388
38521
38638
38703
38811
38889
39127
39147
39375
39455
39533
39866
40151
40231
40457
40575
40578
40631
40680
40784
