11
40
756
1060
1163
1197
1217
1397
1440
1513
2003
2037
2104
2493
2784
2861
2917
3160
3451
3575
3816
3908
3937
4185
4268
4387
4422
4554
4602
4613
4639
5016
5024
5074
5148
5355
5466
5503
5760
6026
6165
6188
6190
6313
6441
6517
6537
6654
7085
7147
7158
7261
7435
7963
8079
8291
8480
8566
8594
8626
8644
8781
8833
8976
9120
9524
9695
9795
9809
9979
9998
10131
10171
10344
10593
10687
11063
11139
11154
11277
11515
11609
11658
11686
11829
11830
11965
12071
12198
12346
12375
12474
12512
12571
12609
12985
13060
13121
13135
13175
13190
13203
13210
13361
13397
13709
13884
13986
14091
14190
14308
14666
14674
14859
15174
15480
15710
16293
16308
16398
16411
16463
16470
16603
16697
16844
16959
17067
17155
17201
17265
17969
18121
18338
18359
18472
18751
18814
18872
19151
19312
19321
19423
19799
20024
20104
20491
20506
20537
20770
21004
21123
21167
21268
21612
21770
21821
22014
22136
22297
22547
22823
22862
23190
23240
23694
23890
24033
24347
24598
24761
24831
25011
25780
25820
26040
26072
26269
26277
26537
26580
26715
26951
26958
26960
26971
26992
27372
27402
27548
27593
27690
27748
27806
28122
28554
28658
28776
28783
28982
28990
29152
29601
29644
29653
29760
29936
29963
30172
30331
30660
30697
30824
31004
31073
31087
31097
31592
31637
31873
31882
32123
32217
32319
32485
32869
32927
32931
33274
33448
33762
33833
34017
34020
34235
34367
34584
34621
34818
34884
34907
34966
34996
35098
35151
35255
35403
35424
35447
35589
35651
35860
35873
35909
36051
36082
36329
36347
36506
36726
36802
37302
37390
37800
37931
38222
38255
38273
38274
38444
38887
38999
39205
39417
39449
39474
39487
39520
39577
39939
40025
40074
40229
40276
40428
13
42
120
219
231
302
346
697
1181
1507
1547
1739
1798
2302
2580
2601
2737
2936
2975
3087
3113
3204
3396
3588
3627
3823
3927
3990
4409
4456
4520
4529
4675
4919
4991
4995
5052
5079
5168
5185
5250
5302
5443
5451
5661
5796
5979
6375
6579
6705
6864
6886
7074
7126
7164
7345
7717
8010
8105
8224
8234
8238
8304
8372
8563
8615
8618
8691
8923
8951
9005
9092
9242
9456
9550
9612
9624
9718
9922
9946
10492
10605
10741
10875
10977
10984
10994
11041
11087
11247
11732
12302
12310
12345
12368
12457
13037
13109
13445
13718
13785
13875
14245
14688
14835
14942
15384
15423
15424
16108
16114
16228
16297
16320
16493
16644
16761
17192
17344
17563
17729
18052
18175
18668
19216
19300
19333
19353
19913
19974
20293
20337
20344
20406
20507
20618
20664
20751
20827
20963
21049
21078
21183
21380
21412
21455
21481
21488
21510
21712
21729
22012
22036
22274
22336
22519
22544
22710
22726
23043
23180
23205
23408
23620
23652
23660
23990
24498
24721
24867
24980
25297
25334
25465
25600
25674
26267
26978
27155
27221
27521
27801
27815
27868
27917
28005
28208
28210
28769
28800
29228
29245
29290
29470
29722
29787
30474
30764
30967
31089
31103
31394
31659
31808
31997
32004
32197
32454
32730
32771
33278
33337
33515
33701
34011
34325
34628
34931
35056
35128
35278
35327
35342
35360
35392
35625
35633
35768
35912
35957
35966
36175
36319
36327
36481
36594
37311
37369
37409
37509
37714
37815
37889
37927
37935
38081
38219
38225
38305
38508
38521
38789
38811
38989
39084
39127
39147
39455
39468
39533
39866
39978
40135
40151
40185
40231
40395
40457
40537
40578
40609
40631
40650
