382
719
792
819
951
1060
1076
1094
1197
1202
1397
1412
1440
1479
1480
1492
1513
1535
1671
2003
2037
2066
2336
2553
2572
2784
2861
2892
2917
3055
3124
3160
3532
4185
4268
4387
4554
4613
4639
4772
4812
4979
5024
5074
5355
5465
5466
5503
5760
5811
5812
6026
6165
6188
6190
6441
6517
6537
6606
6711
7040
7835
7969
8079
8480
8510
8535
8578
8626
8644
8781
9072
9154
9240
9524
9593
9695
9738
9795
9809
10129
10271
10279
10725
10728
10777
10867
10927
11063
11154
11225
11642
11658
11764
11965
12071
12073
12198
12346
12407
12474
12512
12631
12718
13029
13060
13104
13126
13175
13314
13397
13469
13624
13742
13790
13833
14091
14301
14306
14363
14516
14599
14666
14859
15480
15534
16254
16293
16308
16398
16411
17067
17097
17155
17265
17522
17780
17934
17969
18076
18115
18121
18338
18814
18872
19008
19225
19525
19624
19734
19903
20104
20225
20506
20770
20778
20938
21004
21092
21134
21157
21167
21248
21312
21411
21612
21821
22010
22094
22136
22338
22418
22492
22763
22821
22862
23190
23867
23890
24289
24571
24598
24761
24866
25324
25780
25820
26277
26347
26455
26480
26561
26580
26715
26951
26992
27065
27163
27195
27569
27593
27719
27814
28473
28658
28776
28875
29101
29152
29304
29403
29925
30107
30172
30331
30347
30481
31004
31097
31271
31592
31873
32135
32152
32217
32280
32290
32296
32485
32869
32931
33244
33274
33448
33815
33831
33965
34017
34039
34235
34246
34300
34621
34777
34840
34884
34907
34966
34996
35080
35151
35379
35403
35407
35447
35651
35769
35770
35860
35873
36051
36329
36506
36599
36719
36757
37302
37390
37678
37840
38013
38103
38222
38273
38605
38628
38887
38983
38999
39067
39082
39205
39449
39459
39572
39587
39843
40432
117
219
302
342
346
369
697
1088
1181
1547
1739
2580
2601
2662
2737
2747
2834
2975
3123
3336
3396
3627
3818
3926
3927
4409
4520
4857
4975
4995
5079
5168
5185
5443
5451
5615
5661
5745
5792
5796
5856
5979
6167
6469
6579
6754
6864
6886
7074
7126
7187
7318
7345
7503
7586
7717
8217
8224
8234
8238
8239
8304
8372
8408
8481
8533
8563
8618
8713
8923
8951
9005
9092
9161
9173
9456
9550
9566
9624
9685
10077
10677
10994
11000
11041
11087
11234
11562
11748
11945
12056
12122
12302
12345
12390
12723
13099
13109
13129
13718
13785
14039
14416
14745
14901
14942
15066
15132
15304
15384
15424
15515
16093
16380
16434
16724
16958
17192
17306
17327
17332
17344
17354
17577
17626
17641
18052
18668
18891
19216
19353
19403
19614
19690
19934
19974
20038
20056
20134
20293
20337
20406
20600
20664
20813
21112
21148
21184
21455
21468
21481
21488
21549
21729
21935
22012
22274
22710
22894
22911
23205
23967
24169
24216
24750
24835
24917
24955
25018
25067
25297
25674
25686
26137
26267
26542
27155
27198
27210
27221
27353
27386
27815
27839
27917
27925
28005
28208
28210
28592
29228
29245
29290
29327
29508
29722
30008
30051
30337
30406
30474
30967
31089
31103
31165
31394
31659
31808
31997
32177
32197
32730
32844
33213
33278
33337
33515
33623
33701
34011
34192
34325
34622
34628
34931
35128
35184
35327
35360
35371
35392
35541
35546
35625
36021
36175
36293
36418
36845
37239
37369
37409
37560
37696
37923
38081
38226
38305
38508
38521
38638
38703
38789
38811
38989
39127
39455
39468
39574
39866
40151
40185
40457
40537
40563
40578
40606
40609
40631
40650
