11
40
382
507
792
996
1060
1076
1163
1197
1202
1217
1397
1412
1440
1479
1480
1535
1758
2037
2104
2348
2553
2572
2769
2784
2858
2861
2892
2917
3391
3623
3773
3816
3830
3908
3937
4264
4422
4602
4613
4639
4772
4812
4870
5016
5022
5024
5148
5355
5466
5503
5760
6165
6188
6313
6537
6982
7040
7085
7158
7835
7963
7969
8079
8253
8360
8424
8480
8510
8594
8833
9023
9047
9072
9120
9240
9524
9593
9654
9738
9795
9998
10131
10171
10279
10344
10593
10725
10728
10777
11063
11139
11154
11413
11553
11609
11642
11665
11686
11764
11829
12073
12198
12346
12571
12609
13029
13060
13104
13121
13126
13203
13210
13299
13314
13624
13709
13742
13744
13790
13833
14363
14666
14674
14844
14886
14915
15349
15480
15710
16293
16308
16463
16470
16603
16697
16844
16860
17067
17097
17201
17340
17444
17522
17780
17934
17969
18472
18506
18794
18814
19229
19312
19321
19422
19423
19525
19624
19734
19799
20104
20334
20466
20491
20506
20770
20938
21004
21134
21157
21248
21287
21312
21411
21612
21747
22014
22094
22136
22418
22470
22528
22547
22862
23080
23190
23694
23890
23971
24340
24347
24554
24598
24684
24689
24807
24866
24982
25011
25780
26040
26072
26269
26277
26347
26537
26561
26960
26971
27104
27195
27593
27806
27814
28658
28759
28783
28931
29601
29644
29836
29925
29936
29963
30040
30107
30441
30481
30598
30660
30697
30824
31004
31271
31392
31592
31873
31893
32005
32296
32319
32869
32908
32931
33180
33749
33762
33815
33831
33833
34017
34169
34367
34584
34818
34907
34963
34966
34996
35017
35024
35053
35078
35080
35098
35255
35325
35379
35403
35407
35424
35589
35946
36082
36347
36506
36599
36719
36757
36802
37302
37390
37777
37800
37840
37931
38013
38103
38222
38444
38605
38950
38983
39067
39082
39205
39449
39474
39487
39587
39669
39694
39843
39939
40342
40773
31
85
117
219
342
346
762
1507
1632
1739
1873
2318
2580
2601
2662
2810
2834
3067
3087
3093
3336
3396
3572
3627
3818
3926
3927
3990
4023
4245
4363
4456
4520
4529
4778
4819
4919
5025
5079
5096
5144
5250
5443
5473
5615
5792
5979
6121
6167
6201
6329
6375
6399
6705
6886
6933
7010
7064
7074
7126
7231
7318
8123
8217
8234
8239
8408
8533
8618
8880
8951
9005
9092
9456
9566
9612
9624
9922
9935
9946
10191
10541
10626
10741
10905
10994
11095
11186
11234
11380
11562
11598
11689
12122
12345
12390
12723
13037
13077
13109
13445
13718
13875
14245
14416
14688
14890
14899
14920
15348
15424
15922
16434
16492
16493
16570
16644
16761
17354
17424
17563
17577
17641
17729
18175
18977
19300
19333
19913
19974
20038
20056
20136
20286
20293
20751
20813
21078
21112
21148
21183
21412
21468
21488
21729
22012
22036
22274
22321
22336
22544
22710
22894
22911
23043
23205
23494
23620
23652
23873
24835
24955
24980
25018
25067
25297
25674
25946
26137
26232
26542
26978
27155
27198
27210
27221
27521
27680
27801
27917
28005
28208
28210
28511
28769
28878
28918
29410
29470
30008
30169
30474
30967
31089
31103
31659
31875
31933
31997
32177
32454
32629
33087
33278
33301
33337
33623
34011
34369
34372
34610
34622
34668
34896
35278
35327
35371
35391
35541
35625
35957
35966
36293
36296
36418
36845
37016
37311
37418
37593
37696
37714
37815
38055
38219
38225
38226
38305
38388
38508
38789
38811
38889
39084
39147
39468
39533
39978
40135
40231
40563
