11
719
756
792
951
1163
1197
1202
1397
1440
1671
2066
2104
2336
2459
2553
2572
2769
2784
2858
2861
3382
3391
3575
3623
3830
3937
4269
4282
4428
4554
4613
4639
5016
5355
5465
5503
6188
6313
6477
6517
6606
6654
6711
6982
7040
7963
8291
8424
8480
8510
8566
8578
8594
8626
8781
8833
8976
9023
9047
9120
9593
9654
9695
9738
9979
9998
10129
10131
10171
10271
10279
10593
10725
11063
11139
11154
11204
11225
11277
11413
11553
11658
11829
12073
12407
12474
12609
12893
13029
13126
13135
13175
13203
13210
13361
13397
13469
13624
13709
13742
13790
13986
14190
14228
14306
14308
14599
14674
14844
14859
14886
15480
15710
16308
16398
16603
16860
17201
17340
17444
17780
17969
18115
18201
18472
18580
18794
18814
19008
19734
19799
20466
20537
20876
21134
21157
21248
21287
21312
21411
21821
22094
22297
22338
22470
22492
22528
22547
22763
22821
22823
22862
22935
23190
23240
23694
24173
24289
24347
24375
24554
24571
24598
24684
24761
24807
24866
24982
25011
25470
25801
26072
26269
26347
26537
26580
26715
26951
26958
26960
27104
27195
27402
27690
27748
27806
27814
28122
28658
28759
28875
28982
28990
29304
29403
29588
29601
29606
29625
29644
29925
29963
30040
30107
30172
30331
30347
30449
30481
31087
31392
31473
31592
31601
31637
31890
31893
32135
32152
32280
32296
32319
32869
32908
32927
32931
33180
33274
33448
33749
33815
33831
33833
34017
34169
34235
34367
34621
34708
34794
34996
35017
35024
35078
35080
35151
35364
35379
35447
35651
35769
35770
35860
35873
35909
36329
36506
36726
37281
37777
37907
37931
38222
38273
38274
38677
39082
39417
39459
39577
39587
39694
39843
40069
40229
40276
40342
31
42
85
117
120
231
302
342
369
762
1507
1547
1739
1798
2253
2318
2443
2580
2810
2975
3067
3093
3336
3350
3495
3588
3818
3823
3926
3990
4023
4363
4520
4529
4919
4975
4995
5079
5082
5096
5163
5250
5661
5745
5856
5979
6375
6469
6705
6886
6933
7064
7074
7164
7318
7345
7586
7710
8105
8123
8238
8408
8533
8615
8618
8691
8713
8880
8923
9005
9256
9456
9550
9612
9718
9922
9946
10191
10534
10626
10905
10977
10994
11000
11095
11234
11247
11380
11562
11689
11732
11748
11945
11973
12056
12122
12302
12310
12368
12457
12723
12746
13077
13445
13718
13875
14039
14688
14899
14942
15132
15203
15348
15423
15424
15515
15697
16108
16228
16297
16320
16434
16492
16493
16574
16724
16958
17332
17354
17360
17424
17563
17577
17626
17910
17917
18052
18863
18891
19300
19333
19353
19403
19614
19934
20056
20134
20286
20293
20337
20507
20664
20860
20963
21049
21078
21184
21412
21468
21510
21712
21729
21935
22274
22544
22726
22894
23180
23205
23408
23494
23873
23967
24122
24169
24216
24721
24835
24867
24955
24980
25067
25297
25334
25368
25600
25674
26845
27155
27221
27521
27680
27801
27815
27868
27917
27925
28038
28210
28511
29228
29290
29327
29401
29410
29508
29722
30082
30169
30406
30764
31103
31165
31194
31202
31875
31933
32004
32098
32197
32730
32844
33033
33623
33701
34011
34106
34109
34369
34372
34628
34668
34896
34923
34931
35184
35342
35360
35392
35541
35633
35768
36021
36293
36296
36327
36418
36724
37016
37239
37369
37409
37509
37593
37696
37913
37923
37927
37935
38081
38219
38225
38226
38388
38508
38638
38703
38812
39533
39866
39978
40185
40231
40395
40457
40563
40575
40606
40609
40650
