382
507
719
792
1076
1163
1217
1412
1440
1479
1513
2003
2066
2348
2553
2917
3160
3382
3383
3391
3451
3532
3623
3830
3937
3999
4185
4269
4282
4387
4428
4554
4979
5074
5148
5465
5503
5873
6188
6313
6441
6477
6537
6606
6711
6982
7435
7969
8291
8510
8578
8594
8626
8833
9047
9072
9524
9695
9979
9998
10593
10687
10777
10927
11139
11154
11204
11515
11553
11665
11686
11764
11830
12073
12245
12375
12893
12955
13029
13060
13175
13210
13314
13397
13469
13709
13742
13744
13790
13833
14144
14363
14516
14666
14844
14915
15059
15534
15710
16463
16697
16860
17265
17522
18121
18201
18359
18472
18506
18794
19151
19291
19312
19624
19734
19799
19805
19903
20024
20225
20334
20491
20506
20537
20770
20876
21134
21268
21612
21747
21770
22136
22297
22338
22418
22470
22528
22547
22763
22862
22935
23080
23190
23867
23890
24340
24684
24689
24982
25324
25470
25780
25801
26040
26269
26455
26537
26715
26901
26951
26958
26960
26971
27104
27195
27548
27593
27719
27748
28554
28658
28783
28931
28982
28990
29152
29304
29403
29588
29601
29606
29625
29644
29653
29760
29836
29925
30040
30598
30660
31004
31019
31073
31087
31592
31601
31882
31893
32005
32123
32152
32290
32319
32485
32869
32927
32931
33180
33244
33274
33448
33762
33815
34017
34039
34169
34246
34621
34708
34777
34794
34818
34840
34884
34966
34996
35053
35078
35080
35151
35255
35325
35403
35424
35589
35651
35770
35946
36051
36599
36726
36757
36802
37281
37302
37678
37800
37907
38036
38103
38950
38999
39082
39417
39449
39474
39487
39577
39587
39669
39694
39843
39939
40069
40074
40276
40309
40342
40428
40432
31
42
85
231
342
346
697
1088
1111
1181
1507
1632
1739
1873
2253
2318
2575
2580
2834
2936
2975
3087
3123
3204
3336
3495
3572
3588
3823
3926
3927
4023
4363
4456
4520
4675
4778
4819
4857
4919
4975
4995
5052
5079
5082
5144
5168
5185
5302
5324
5473
5661
5745
5792
5796
5856
5979
6046
6158
6167
6194
6201
6329
6375
6469
6579
6864
6886
7010
7064
7164
7187
7345
7503
7710
7717
8010
8123
8234
8239
8304
8408
8533
8541
8563
8615
8712
8713
8880
8951
9092
9161
9173
9256
9550
9566
9612
9624
9685
9697
9922
9935
9946
10077
10191
10492
10677
10741
10875
10984
11087
11186
11190
11247
11689
11973
12056
12122
12310
12390
13037
13109
13445
13718
14041
14245
14416
14688
14890
14942
15203
15304
15515
15697
16114
16320
16440
16492
16493
16644
17136
17192
17327
17360
17563
17577
17626
17917
18052
18863
18977
19333
19614
19913
19934
20015
20038
20056
20136
20293
20337
20344
20507
20664
20860
21078
21183
21184
21385
21468
21481
21510
21549
21712
21729
21935
22036
22321
22336
22544
22888
22894
22911
23205
23494
23620
23948
23967
23990
24122
24169
24498
24750
24835
24867
24917
25067
25334
25674
25686
26137
26978
27155
27198
27353
27521
27680
27801
27815
28208
28327
28800
29228
29290
29410
29508
29787
30008
30474
30967
31103
31165
31194
31659
31765
31808
32004
32098
33213
33623
33701
34011
34106
34109
34242
34325
34622
34628
34668
34923
35184
35327
35342
35360
35391
35392
35541
35633
35912
35957
36293
36319
36418
36594
37016
37226
37239
37311
37409
37418
37696
37714
37913
37927
37935
38055
38226
38305
38388
38508
38638
38789
38989
39084
39147
39455
39866
39978
40135
40395
40457
40537
40563
40575
40609
40650
40680
40784
