40
507
719
1060
1163
1397
1479
1480
1492
1513
1758
2003
2037
2066
2336
2459
2553
2784
2861
2917
3055
3383
3391
3451
3532
3575
3773
3908
3937
4185
4269
4282
4428
4554
4602
4613
4979
5024
5074
5355
5465
5466
5760
5873
6026
6165
6188
6190
6477
6517
6537
6606
6711
6982
7085
7158
7261
7835
8079
8253
8360
8424
8480
8566
8833
9023
9047
9120
9524
9593
9998
10131
10279
10344
10593
10889
10942
11063
11154
11553
11642
11665
11686
11711
11764
11829
12073
12245
12346
12407
12609
12631
12690
12718
12893
12985
13104
13121
13126
13135
13190
13709
13726
13744
13790
13884
13986
14144
14190
14308
14363
14599
14844
14886
15349
15534
16308
16398
16411
16860
16959
16968
17067
17155
17340
17522
17732
17969
18115
18201
18472
18506
18580
18794
19151
19423
19624
19734
20024
20104
20225
20334
20491
20537
20876
21004
21092
21167
21287
21312
21612
21747
21767
22010
22014
22136
22246
22338
22470
22492
22547
22763
22823
22862
23190
23240
23867
23890
24033
24289
24340
24347
24375
24571
24598
24761
24831
24866
24982
25324
25780
26277
26480
26580
26958
26960
26992
27163
27690
27719
27833
28122
28473
28658
28783
28982
28990
29152
29304
29599
29601
29606
29644
29925
29936
29963
30040
30107
30347
30697
30824
31004
31019
31519
31601
31637
31882
32135
32290
32296
32319
32908
32931
33180
33274
33749
33762
34017
34169
34367
34621
34884
34963
34966
35024
35053
35078
35080
35114
35255
35325
35364
35379
35407
35447
35589
35651
35860
35873
36329
36347
36506
36802
37678
37777
38013
38036
38222
38255
38273
38274
38677
38887
38950
39067
39205
39310
39459
39572
39577
39587
39669
39694
40025
40069
40074
40229
40276
40309
40342
40800
42
85
117
120
231
302
342
346
369
697
1088
1111
1181
1507
1508
1547
1739
1798
1873
2302
2443
2580
2747
2810
2936
2975
3113
3123
3396
3572
3588
3627
3818
3926
3927
3935
4288
4363
4484
4529
4675
4857
4919
4975
5025
5044
5079
5096
5163
5185
5250
5324
5443
5451
5473
5661
5792
5979
6158
6201
6329
6754
6933
7064
7074
7164
7187
7231
7318
7503
7710
7717
8105
8123
8217
8234
8239
8372
8408
8563
8618
8691
8712
9092
9456
9624
9718
9922
9935
9946
10077
10541
10677
10741
10875
10977
10984
10994
11000
11095
11190
11247
11380
11732
11748
11973
12056
12310
12345
12390
12457
12723
12746
13077
13099
13718
14193
14416
14745
14890
14901
14920
14942
15066
15132
15304
15348
15384
15423
15424
15515
15697
15922
16093
16228
16297
16380
16434
16570
16958
17192
17306
17327
17332
17354
17360
17424
17563
17577
17641
17910
18052
18175
18977
19300
19353
19690
20038
20337
20507
20751
20813
21112
21203
21380
21385
21468
21481
21488
21510
21712
22012
22036
22336
22544
22726
22894
22911
23205
23408
23494
23652
23929
23948
23967
24169
24216
24498
25018
25067
25334
25465
25674
26137
26232
26529
26978
27155
27221
27386
27801
27815
27868
27917
27925
28005
28327
28769
28918
29245
29401
29410
30051
30082
30406
30967
31089
31202
31394
31808
31933
32098
32629
32730
33087
33213
33515
33623
33701
34011
34106
34109
34192
34325
34610
34628
34668
35184
35278
35391
35392
35541
35625
35633
36175
36296
36481
36724
36881
37311
37509
37593
37696
37889
37927
37935
38081
38226
38388
38508
38789
38812
38989
39127
39375
39455
39533
39574
40135
40151
40185
40231
40395
40457
40578
40609
40680
