11
40
507
756
792
951
1076
1094
1163
1217
1412
1513
1671
1758
2037
2066
2348
2493
2572
2784
2861
3055
3160
3391
3451
3532
3773
3816
3830
3908
4185
4268
4282
4422
4428
4554
4639
5074
5148
5466
5503
5812
6165
6313
6441
6517
6606
6654
6982
7261
7435
7835
7969
8253
8291
8360
8424
8480
8510
8535
8578
8644
8833
8976
9047
9072
9154
9524
9593
9695
9998
10129
10131
10171
10271
10279
10725
10867
10889
10942
11063
11139
11413
11553
11642
11658
11686
11764
11829
11965
12071
12198
12245
12346
12375
12512
12571
12631
12893
12985
13029
13060
13126
13135
13190
13203
13210
13361
13469
13518
13624
13709
13742
13790
13833
13884
13986
14091
14144
14190
14301
14363
14516
14538
14915
15349
15534
15710
16254
16308
16398
16411
16463
16860
16959
16968
17265
17340
17444
17969
18201
18359
18506
18794
18872
19225
19291
19312
19422
19423
19525
19799
19903
20024
20104
20466
20491
20506
20876
21092
21123
21157
21312
21411
21612
21747
21767
21821
22528
22547
22821
22935
23190
23867
24289
24340
24571
24598
24684
24761
24807
24831
25470
25780
25801
25820
26269
26347
26455
26537
26958
27065
27195
27352
27372
27402
27548
27569
27593
27719
27725
27833
28473
28658
28759
28875
29304
29403
29588
29599
29601
29625
29644
29653
29836
29925
29936
29963
30172
30441
30449
30598
30697
31004
31073
31087
31097
31392
31873
32217
32290
32296
32319
32869
32927
32931
33244
33762
33815
34235
34708
34794
34818
34840
34884
34966
34996
35024
35053
35114
35325
35403
35407
35424
35589
35651
35860
35946
36051
36329
36347
36506
36599
36726
36757
37678
37800
37840
37931
38013
38103
38255
38274
38444
38605
38677
38999
39082
39459
39474
39487
39520
39587
39843
40055
40773
13
219
231
302
342
697
762
1088
1111
1547
2302
2575
2580
2601
2662
2737
2747
2836
2936
2975
3069
3093
3123
3350
3495
3588
3627
3818
3927
3935
4023
4245
4456
4529
4819
4857
4975
5044
5079
5144
5163
5168
5302
5792
5856
6121
6167
6194
6201
6307
6329
6375
6579
6754
6864
6886
6933
7010
7064
7074
7126
7164
7187
7318
7345
7503
7710
7717
8010
8304
8372
8541
8615
8691
8712
8713
8880
9066
9256
9456
9612
9685
9718
9946
10191
10626
10677
10875
10977
11000
11041
11186
11190
11234
11380
11598
11689
11732
11945
12368
12457
12746
13129
13445
14039
14041
14245
14835
14901
14920
15066
15132
15203
15304
15515
15697
15922
16093
16228
16297
16380
16492
16570
16574
16724
16913
16958
17136
17192
17306
17332
17344
17354
17360
17424
17563
17577
17626
17910
18052
18668
18863
18891
19216
19333
19403
19614
19690
19913
19934
20038
20136
20286
20337
20406
20507
20600
20618
20664
20827
21078
21112
21148
21183
21184
21380
21385
21468
21712
22012
22036
22321
22544
22911
23408
23494
23652
23990
24122
24835
24917
24955
24980
25018
25297
25334
25600
26232
26267
26529
26845
26978
27155
27198
27210
27353
27386
27680
27815
27868
28210
28327
28511
28800
28918
29228
29245
29327
29410
29470
30008
30051
30082
30169
30967
31194
31808
31933
32454
33087
33623
33701
34109
34192
34242
34369
34372
34610
34628
34923
35128
35327
35371
35391
35541
35546
35625
35966
36296
36724
36881
37311
37418
37509
37696
37714
37927
38225
38226
38305
38388
38508
38521
38812
38989
39127
39147
39375
39533
39574
39866
40151
40185
40231
40457
40537
40575
40578
40606
40631
40650
40784
