719
792
996
1060
1076
1094
1163
1758
2003
2037
2104
2348
2553
2572
2892
3124
3382
3575
3623
3830
3937
3999
4264
4269
4282
4387
4422
4428
4554
4613
4812
4870
5016
5022
5074
5148
5465
5466
5760
5812
6188
6313
6441
6517
6711
7040
7085
7362
7963
8253
8360
8424
8510
8566
8781
8833
9023
9047
9072
9240
9654
9695
9795
10129
10131
10171
10344
10725
10728
10777
10942
11063
11139
11154
11204
11515
11553
11686
11711
11829
11830
11965
12071
12198
12407
12474
12493
12609
12631
12690
12893
13029
13104
13121
13175
13190
13210
13299
13397
13469
13518
13624
13709
13742
13744
13790
13833
13884
14091
14538
14666
14886
14915
15480
15534
16254
16293
16308
16398
16411
16463
16603
16697
16860
16959
16968
17097
17155
17291
17522
17780
17969
18201
18338
18359
18580
18751
18814
19008
19291
19312
19525
19624
19734
20104
20225
20938
21092
21123
21167
21248
21287
21411
21747
21767
21770
21821
22010
22297
22418
22821
22823
23190
23240
23694
23867
23971
24289
24375
24554
24598
24684
24761
24831
24982
25011
25780
25801
26455
26561
26715
26901
26951
26960
26971
27195
27372
27402
27719
27833
28072
28554
28759
28783
28875
28982
28990
29101
29403
29599
29760
29925
29936
29963
30331
30598
30660
31004
31019
31637
32005
32123
32296
32319
32485
33274
33815
34020
34039
34169
34246
34300
34584
34777
34907
34963
34966
35017
35024
35078
35080
35151
35255
35325
35379
35447
35769
35770
35860
35909
35946
36051
36347
36599
36719
36726
36802
37302
37678
37907
37931
38013
38036
38103
38222
38273
38628
38677
39449
39487
39572
39577
39587
39669
39843
39939
40025
40229
40276
40309
40342
40428
40773
13
31
120
219
302
1088
1508
1547
1798
2253
2318
2452
2575
2601
2662
2737
2747
2836
3087
3113
3123
3204
3350
3818
3926
3990
4023
4288
4484
4675
4857
4919
4975
4991
4995
5025
5044
5079
5096
5163
5168
5185
5451
5615
5661
5796
5979
6121
6158
6194
6201
6307
6329
6375
6579
6754
6864
6933
7064
7074
7164
7187
7345
8010
8123
8217
8234
8238
8304
8372
8481
8541
8691
8712
8880
9173
9242
9624
9697
9922
9946
10541
10741
10875
10905
10977
10994
11000
11095
11186
11190
11234
11247
11380
11973
12122
12310
12345
12368
12457
13037
13077
13099
13445
13785
13875
14039
14193
14245
14688
14901
15132
15203
15304
15348
15697
15922
16228
16320
16493
16574
16761
16913
17192
17332
17344
17500
17568
17577
17641
17729
18175
18668
18977
19216
19300
19333
19353
19403
19974
20038
20056
20136
20286
20293
20507
20664
20827
21078
21112
21183
21184
21380
21385
21455
21481
21488
21549
21729
21935
22012
22036
22321
22544
22894
23180
23205
23408
23494
23620
23652
23660
23873
23929
23967
24122
24169
24216
24750
24835
24867
24917
24980
25018
25067
25297
25368
25674
25686
26232
26529
27136
27198
27221
27386
27521
27680
27839
27917
27925
28038
28208
28511
28918
29245
29290
29410
29470
29508
29722
29787
30008
30082
30169
30474
30764
31089
31103
31165
31194
31659
31765
31808
31875
31933
32004
32177
32197
33087
33213
33278
33301
33494
33515
33623
34106
34369
34372
34610
34622
34628
34896
34931
35056
35128
35278
35342
35360
35541
35768
35912
35957
36293
36319
36418
36594
36724
36845
37226
37311
37369
37409
37696
37714
37815
37913
37923
37927
37935
38226
38508
38521
38638
38789
38889
39084
39127
39533
39866
39978
40537
40563
40578
40606
40609
