11
507
756
792
1027
1060
1076
1163
1197
1202
1217
1397
1440
1479
1480
1513
1535
2003
2348
2493
2553
2572
2784
2858
2892
3055
3160
3451
3532
3575
3623
3773
3816
4268
4269
4282
4387
4428
4602
4639
4979
5022
5024
5148
5355
5466
5811
6026
6165
6606
6654
7147
7261
7435
8079
8253
8360
8510
8535
8578
8594
8626
8781
8976
9023
9047
9120
9154
9524
9654
9695
9809
9979
10131
10279
10344
10593
10687
10777
10889
11139
11225
11515
11764
11830
11965
12071
12073
12198
12245
12346
12375
12407
12474
12512
12631
12690
12985
13029
13060
13121
13135
13361
13624
13744
13884
13986
14144
14190
14301
14306
14308
14516
14538
14666
14859
15174
15480
16308
16463
16603
16860
16968
17067
17097
17201
17265
17340
17732
17780
17969
18121
18201
18338
18580
18751
18794
18872
19151
19225
19229
19321
19525
19624
20024
20104
20225
20466
20491
20506
20537
20778
20876
20938
21157
21287
21612
21767
21770
21821
22094
22246
22297
22528
22763
23080
23190
23240
23694
23890
23971
24173
24340
24347
24807
24866
25780
25801
25820
26040
26072
26269
26455
26537
26561
26715
26901
26951
26960
26971
26992
27065
27104
27195
27372
27690
27719
27748
27814
28776
28783
28931
28982
28990
29403
29588
29644
29653
29836
29963
30107
30449
30481
30598
30660
30697
31004
31019
31073
31087
31097
31271
31392
31473
31519
31601
31890
32005
32135
32152
32217
32319
32485
32869
33180
33274
33448
33749
33815
33831
33965
34017
34020
34039
34169
34235
34300
34621
34777
34794
34818
34907
34966
34996
35017
35053
35255
35379
35403
35589
35651
35860
35873
35909
36051
36082
36347
36506
36719
36726
37390
37678
37800
37840
38103
38273
38274
38444
38628
38677
38887
38983
38999
39082
39205
39459
39474
39572
39694
39939
40055
40309
40428
40773
13
31
42
85
219
231
302
342
762
1181
1507
1739
2253
2443
2575
2601
2662
2737
2747
2810
2834
2836
2936
3123
3336
3396
3572
3588
3627
4023
4245
4363
4484
4529
4819
4857
4995
5025
5144
5163
5250
5473
5661
5745
5979
6046
6307
6329
6469
6705
6754
6933
7064
7187
7231
7318
7503
7717
8481
8615
8712
8880
9005
9256
9456
9550
9566
9718
9935
9946
10492
10534
10541
10626
10741
10875
10977
11041
11087
11095
11190
11748
12056
12122
12390
12457
12723
12746
13129
13718
13875
14039
14041
14245
14835
14890
14920
15066
15203
15304
15922
16093
16108
16228
16297
16574
16913
17136
17192
17306
17332
17354
17360
17424
17500
17626
17729
17910
18175
18863
18882
18891
18977
19300
19333
19353
19614
19690
19934
19974
20015
20038
20134
20136
20286
20337
20344
20600
20813
20827
21078
21148
21183
21203
21380
21385
21412
21468
21481
21488
21510
22012
22036
22336
22710
23043
23180
23494
23660
23873
23948
24122
24216
24427
24498
24750
24835
24867
25067
25297
25600
25674
25686
26137
26529
27155
27221
27386
27521
27680
27801
27815
27917
27925
28038
28208
28210
28327
28511
28592
28918
29228
29327
29410
29470
29508
29787
30406
30474
31103
31394
31765
31808
31933
32004
32098
32177
32197
32629
33087
33278
33515
33623
33701
34011
34106
34109
34242
34325
34369
34372
34628
34923
35184
35278
35327
35391
35541
35546
35633
35912
35966
36021
36175
36418
36481
36594
36724
37226
37418
37815
37889
37913
37923
37927
37935
38225
38388
38508
38703
38811
38812
38989
39084
39574
40135
40151
40185
40563
40606
40609
40631
40650
40680
