382
792
1060
1094
1163
1202
1412
1440
1479
1480
1513
1535
1758
2037
2066
2104
2336
2553
2784
2858
2861
3124
3382
3451
3532
3830
3908
3999
4185
4264
4268
4269
4282
4422
4602
4613
4772
4870
4979
5016
5022
5024
5148
5466
5760
5811
5873
6165
6190
6477
6517
7085
7147
7158
7261
7362
7435
8253
8291
8480
8535
8626
8976
9120
9524
9593
9654
9738
9795
9809
9998
10129
10279
10344
10777
10867
10889
11063
11154
11204
11609
11658
11764
11965
12073
12245
12493
12631
12690
12955
13029
13104
13121
13126
13175
13210
13361
13469
13624
13709
13726
13742
13790
14091
14144
14228
14301
14516
14538
14599
14666
14844
15059
15480
15710
16254
16293
16308
16411
16463
16470
17097
17155
17201
17265
17340
17522
17780
18076
18115
18121
18338
18359
18814
18872
19008
19229
19423
19525
19624
19799
19805
19903
20104
20334
20506
20770
20876
21004
21134
21248
21268
21747
21767
22010
22014
22094
22338
22418
22470
22492
22763
22821
22862
22935
23080
23190
23240
23694
23867
23890
23971
24033
24173
24340
24375
24684
24689
24866
25192
25470
25780
25801
26040
26455
26480
26561
26901
27104
27163
27372
27548
27569
27593
27725
27748
27814
27833
28122
28473
28759
28776
28783
28875
28990
29101
29403
29588
29599
29606
29625
29653
30040
30441
30449
30660
30697
31004
31019
31073
31087
31271
31519
31601
31873
31882
32123
32135
32152
32280
32296
32319
32485
33180
33274
33749
33831
33833
34017
34039
34169
34235
34246
34621
34777
34794
34884
34966
35017
35024
35053
35098
35325
35364
35403
35424
35447
35589
35651
35769
35873
35909
36051
36082
36719
36757
37840
37931
38103
38255
38273
38274
38887
38983
39067
39310
39417
39474
39487
39587
39694
39843
39939
40229
40276
40309
40342
40773
40800
31
117
1181
1507
1739
2253
2443
2575
2601
2662
2737
2810
2834
2836
2975
3069
3113
3123
3336
3495
3588
3627
3823
3927
3990
4288
4409
4456
4484
4675
4819
4919
4975
4991
5052
5082
5096
5163
5168
5185
5302
5324
5443
5473
5661
5745
5796
5979
6046
6121
6158
6167
6399
6469
6886
6933
7010
7064
7074
7187
7345
7503
8123
8224
8238
8533
8541
8691
8713
8880
9005
9173
9456
9550
9612
9718
9922
9935
10077
10191
10534
10541
10626
10977
11095
11190
11234
11380
11732
11748
11973
12122
12310
12390
12457
12746
13037
13077
13099
13718
13875
14193
14416
14835
14901
15203
15304
15348
15384
15423
15697
16093
16228
16297
16320
16440
16492
16570
16913
16958
17136
17192
17306
17327
17360
17424
17568
17641
17917
18052
18175
18668
18882
18891
19216
19333
19353
19403
19690
19913
19934
20015
20136
20286
20337
20406
20618
20813
21049
21078
21148
21183
21380
21385
21455
21481
21712
21935
22036
22336
22710
22894
22911
23180
23660
23873
23929
23990
24169
24216
24835
25018
25297
25674
26137
26267
26529
26845
27136
27155
27210
27680
27801
28038
28592
28800
29228
29508
29722
30169
30406
30474
30967
31103
31165
31194
31202
31875
31933
32098
32177
32197
32454
32629
32771
32844
33033
33087
33337
33515
33623
33701
34109
34192
34242
34325
34610
34628
35278
35327
35342
35360
35371
35546
35633
35768
35912
35957
35966
36021
36175
36296
36319
36418
36481
37226
37239
37311
37409
37560
37593
37696
37815
37923
37935
38055
38081
38219
38305
38388
38508
38703
38789
38811
39127
39375
39468
39978
40185
40231
40395
40457
40537
40575
40578
40606
40631
40650
40680
