40
507
756
792
819
951
1027
1060
1197
1412
1480
1535
1671
2336
2348
2493
2553
2769
2861
2892
3383
3532
3773
3830
3937
4185
4268
4269
4282
4387
4422
4428
4554
4602
4613
4639
4870
4979
5016
5022
5024
5465
5503
5811
6026
6188
6313
6537
6606
7040
7085
7158
7362
7835
7969
8291
8360
8424
8578
8626
8644
9023
9047
9524
9654
9738
9998
10131
10171
10344
10593
10725
10728
10889
10927
10942
11139
11154
11225
11277
11413
11553
11642
11658
11665
11686
11965
12073
12198
12512
12571
12609
12631
12690
13104
13121
13135
13175
13190
13203
13210
13361
13469
13518
13624
13709
13726
13833
13884
13986
14144
14306
14308
14363
14599
14666
14674
14844
14915
15174
16293
16398
16411
16603
16959
17067
17291
17444
17732
17780
18201
18256
18580
18751
18814
18872
19008
19422
19624
20104
20491
20506
20537
20876
21004
21123
21167
21268
21312
21612
21767
21770
22010
22014
22094
22136
22246
22492
22528
22763
22935
23080
23240
23867
23971
24289
24340
24375
24554
24571
24652
24684
24689
24761
24831
25192
25470
25801
25820
26072
26277
26561
26580
26715
26901
26951
26958
26960
27065
27104
27402
27593
27748
27814
27833
28072
28473
28658
28759
28776
28783
28931
28982
28990
29403
29599
29601
29625
29653
29760
29836
29925
29936
30172
30347
30598
30697
31004
31019
31073
31097
31271
31473
31592
31601
31637
31873
32123
32135
32152
32217
32290
32296
32485
32869
32908
32927
32931
33180
33244
33448
33831
33965
34020
34169
34246
34367
34708
34777
34794
34840
34884
34966
35024
35053
35078
35080
35098
35114
35255
35325
35424
35447
35589
35769
36082
36599
36726
36757
37281
37302
37390
37678
37777
37907
38274
38444
38605
38677
38887
38999
39082
39205
39310
39449
39474
39520
39577
39669
39939
40025
40069
40428
31
117
120
219
231
302
369
697
1181
1507
1632
2452
2747
2975
3069
3087
3113
3572
3588
3627
3818
3823
3990
4363
4456
4484
4778
4819
4975
4991
4995
5052
5079
5144
5163
5168
5324
5473
5615
5745
5856
6158
6201
6329
6375
6399
6469
6579
6705
6886
7231
7318
7586
7717
8217
8224
8234
8304
8481
8563
8615
8618
8712
8923
9005
9456
9566
9624
9685
9697
9922
9946
10077
10191
10492
10541
10605
10677
10984
10994
11000
11041
11095
11186
11190
11234
11247
11380
11598
11748
11945
11973
12056
12122
12302
12310
12368
13077
13109
13129
13785
14193
14245
14416
14942
15304
15423
15697
16093
16108
16228
16434
16440
16492
16570
16574
16644
16724
16913
17136
17306
17327
17332
17360
17424
17641
17729
18668
18863
18882
18891
18977
19300
19333
19974
20015
20056
20134
20337
20344
20664
20751
20827
20860
21049
21112
21184
21203
21380
21468
21481
21510
21549
21712
21729
22036
22274
22544
22894
23180
23408
23494
23660
23929
23948
23990
24122
24169
24721
24835
24867
24955
25368
25465
25600
25674
25686
25946
26137
26232
26529
26542
26845
27136
27155
27221
27386
27521
27801
27917
28005
28210
28511
28592
28800
28878
28918
29228
29410
29470
29722
30169
30337
30406
30474
30764
31089
31165
31765
32004
32177
32454
32629
33337
33623
34369
34668
34896
34931
35184
35278
35371
35391
35392
35546
35912
35957
36021
36175
36327
36481
36845
37226
37239
37311
37369
37409
37418
37560
37593
37815
37913
37923
38055
38081
38219
38225
38305
38521
38703
38811
38889
38989
39084
39375
39533
39574
39978
40135
40231
40575
40609
40650
40680
40784
