11
40
507
719
819
1060
1076
1202
1397
1412
1440
1480
1492
1513
1535
1671
1758
2003
2037
2336
2459
2493
2784
3055
3160
3383
3532
3575
3816
3908
3937
4264
4268
4428
4602
4613
4979
5016
5022
5074
5148
5355
5465
5466
5503
5760
5811
5812
6026
6165
6188
6190
6441
6477
6654
6711
6982
7040
7158
7261
7362
7835
7969
8060
8079
8510
8535
8644
8781
9072
9120
9738
9795
10129
10271
10593
10687
10728
10777
10867
10927
11139
11154
11204
11225
11413
11515
11553
11609
11686
11830
12375
12407
12609
12631
12955
12985
13029
13060
13104
13121
13126
13210
13314
13361
13469
13518
13884
13986
14144
14190
14306
14859
15174
15710
16254
16293
16398
16463
16470
16603
16697
16844
16860
16968
17097
17155
17201
17291
17444
18076
18115
18121
18338
18359
18751
18794
18872
19008
19151
19225
19229
19291
19321
19422
19423
19624
19799
19903
20334
20491
20506
20938
21092
21157
21167
21612
21747
21767
22010
22338
22492
22528
22821
22823
23080
23240
23867
23971
24340
24554
24571
24598
24652
24684
24689
24807
24831
24866
25011
25801
25820
26040
26072
26269
26277
26480
26537
26580
26960
26992
27065
27163
27195
27352
27402
27569
27719
27833
28072
28554
28658
28783
28875
28931
28990
29101
29403
29599
29606
29625
29644
29925
29936
29963
30172
30347
30441
30598
31004
31392
31592
31873
32135
32217
32280
32290
32319
32485
32927
32931
33180
33244
33274
33749
33762
33833
33965
34169
34235
34367
34584
34621
34794
34818
34840
34966
35024
35053
35114
35325
35770
35946
36082
36506
36599
36719
36757
37678
37840
37907
38013
38103
38222
38605
38983
38999
39310
39417
39449
39474
39520
39577
39587
39694
40055
40229
40342
40773
13
31
117
302
342
369
697
762
1088
1111
1181
1547
1632
1873
2302
2452
2575
2580
2601
2737
2747
2836
2975
3093
3204
3336
3396
3495
3627
3818
3823
3927
4245
4288
4363
4456
4675
4857
4975
4991
4995
5079
5096
5163
5250
5324
5615
5745
5792
5979
6046
6167
6194
6201
6307
6399
6469
6754
6864
6886
6933
7074
7126
7231
7345
7503
7586
7710
8010
8123
8408
8481
8533
8615
8691
8712
8880
8923
8951
9005
9066
9092
9173
9242
9456
9685
9697
9922
9946
10191
10492
10534
10626
10741
10875
10905
10977
11041
11095
11186
11190
11234
11247
12056
12122
12310
12723
13037
13077
13099
13445
13718
14041
14245
14745
14835
14890
14899
14901
15132
15203
15424
15515
15697
16108
16228
16297
16440
16492
16493
16574
16644
16724
16958
17136
17192
17354
17360
17424
17577
17626
17729
17917
18052
18863
18882
19216
19333
19614
19913
19974
20038
20286
20406
20507
20600
20618
20860
21049
21078
21148
21183
21203
21380
21412
21455
21468
21488
21510
21712
22274
22321
22336
22519
22710
23043
23180
23205
23494
23652
23990
24169
24216
24750
24980
25297
25334
25368
25674
26137
26232
26267
26542
26845
26978
27155
27210
27386
27521
27815
28005
28038
28210
28511
29327
29410
29470
29508
30051
30082
30337
30474
31103
31165
31394
31808
31875
31933
31997
32177
32197
32454
32629
32771
33278
33337
33494
33623
33701
34242
34325
34369
34372
34622
34628
34668
35128
35342
35371
35391
35392
35768
36175
36319
36594
36845
36881
37016
37226
37369
37418
37509
37593
37696
37889
37923
37927
38055
38219
38226
38305
38508
38638
38703
38811
38889
39084
39127
39147
39455
39468
40151
40185
40395
40457
40575
40578
40606
40631
