11
507
719
756
951
1076
1094
1197
1202
1412
1479
1480
1492
2003
2037
2336
2348
2459
2553
2769
2784
2858
2861
2892
2917
3124
3391
3451
3532
3575
3816
3908
4185
4269
4422
4428
4602
4613
4639
4812
4979
5074
5812
5873
6026
6165
6190
6313
6517
6606
6711
7085
7835
7963
7969
8291
8424
8594
8644
8781
9240
9524
9738
9795
9809
9979
10131
10171
10279
10593
10728
10889
10942
11063
11139
11154
11413
11553
11642
11829
12071
12407
12512
12609
12690
12893
13121
13126
13135
13190
13203
13210
13299
13314
13361
13397
13518
13624
13742
13790
13986
14091
14144
14190
14306
14516
14538
14599
14666
14674
14915
15349
15710
16308
16463
16697
16844
16959
16968
17067
17340
17444
17732
18076
18121
18256
18472
18506
18794
18872
19008
19151
19229
19291
19312
19422
19734
20537
20778
20876
20938
21004
21123
21287
21312
21767
21770
22094
22136
22246
22297
22418
22492
22528
22547
22763
22823
22862
23190
23867
24173
24289
24375
24554
24571
24598
24652
24831
24866
25011
25470
25780
26040
26269
26347
26480
26537
26561
26715
26901
26958
26971
27104
27195
27352
27372
27402
27548
27593
27725
27748
28122
28473
28931
29101
29152
29403
29588
29599
29644
29653
29760
29836
29936
29963
30347
30441
30449
30598
30697
31073
31087
31097
31392
31473
31592
31601
31893
32005
32123
32135
32217
32296
32908
32931
33180
33448
33749
33762
33815
34020
34235
34246
34584
34708
34884
34907
34963
34966
34996
35024
35053
35078
35098
35114
35325
35364
35407
35424
35589
35651
35860
35946
36329
36506
36599
36726
36802
37281
37678
37931
38036
38255
38273
38983
39067
39417
39449
39459
39474
39520
39572
39577
40074
40276
40342
40432
40800
13
120
219
231
342
369
697
762
1181
1508
1547
1632
1739
1798
1873
2253
2443
2452
2575
2580
2601
2662
2747
2810
2836
2975
3067
3069
3087
3113
3123
3350
3396
3627
3818
3935
3990
4023
4245
4975
4991
4995
5044
5082
5163
5185
5473
5615
5661
5745
5792
5796
5856
6158
6194
6201
6307
6399
6469
6754
7010
7187
7503
7586
8123
8217
8234
8239
8372
8541
8615
9066
9242
9256
9612
9624
9685
9697
9935
9946
10191
10534
10605
10626
10677
10741
10905
10977
11041
11095
11186
11190
11234
11380
11562
11689
11732
11973
12056
12345
12368
12723
13077
13109
13718
13785
13875
14039
14193
14245
14688
14745
14835
14899
14920
15203
16093
16108
16297
16320
16380
16434
16440
16574
16644
16761
16913
17192
17327
17332
17344
17354
17626
17910
18052
18175
18863
18891
18977
19216
19333
19614
19690
19913
19974
20038
20056
20134
20136
20293
20664
20813
20860
20963
21049
21078
21148
21184
21380
21385
21412
21468
21481
21712
22012
22321
22336
22544
22710
22888
23205
23620
23652
23660
23948
23967
24498
24721
24835
25067
25334
25674
25686
25946
26137
26529
26845
26978
27136
27210
27353
27386
27521
27680
27801
27839
27925
28005
28038
28208
28327
28511
28592
28769
29245
29401
29410
29508
29722
29787
30051
30082
30406
30764
31089
31103
31202
31875
31933
32098
32197
32730
33033
33213
33278
33301
33337
33701
34106
34109
34192
34369
34372
34610
34668
35184
35342
35391
35541
35546
35768
35912
36296
36418
36881
37016
37226
37311
37369
37593
37714
37889
37913
37927
38081
38225
38305
38388
38508
38521
38638
38703
38812
38889
38989
39084
39127
39147
39375
39455
39978
40135
40151
40231
40395
40537
40578
40631
40650
40680
