11
40
382
756
792
819
996
1027
1076
1094
1197
1397
1513
1671
2003
2037
2066
2553
2769
2861
3055
3124
3160
3382
3451
3575
3623
3908
3999
4185
4282
4554
4979
5024
5074
5355
5760
5812
5873
6026
6188
6313
6517
6606
6982
7085
7147
7158
7835
7963
8480
8510
8626
8644
9154
9240
9593
9809
9979
9998
10171
10271
10279
10344
10593
10687
10867
10927
10942
11139
11154
11204
11225
11413
11515
11609
11658
11665
11711
11764
11829
11830
12198
12245
12346
12375
12407
12474
12493
12571
12609
12631
12718
12985
13029
13104
13121
13190
13203
13299
13314
13397
13518
13709
13744
13833
13986
14091
14144
14190
14228
14301
14306
14308
14516
14538
14674
14844
14859
14886
15349
15710
16293
16398
16411
16463
16470
16697
16968
17067
17155
17265
17340
17444
17732
18121
18201
18359
18472
18580
18814
19151
19229
19312
19422
19525
19624
19734
19799
20024
20225
20334
20466
20770
20876
20938
21004
21092
21123
21167
21287
21312
21411
21821
22470
22492
22821
23240
23694
23890
24375
24554
24571
24598
24652
24684
24807
24866
25470
25780
26040
26269
26277
26347
26455
26561
26715
26901
26958
26960
26971
27163
27195
27402
27548
27690
27748
28072
28122
28658
28783
28875
28982
28990
29403
29588
29599
29625
29653
29760
30107
30347
30449
31004
31019
31073
31097
31392
31473
31637
31890
31893
32123
32152
32280
32290
32485
32908
32927
33180
33244
33274
34246
34367
34584
34621
34777
34794
34884
34907
34996
35024
35114
35151
35255
35325
35364
35379
35403
35407
35447
35651
35909
36082
36347
36506
36719
36757
37281
37678
37777
37800
37840
38013
38036
38103
38273
38274
38605
38677
38950
39205
39459
39474
39487
39587
39669
39694
39843
40055
40069
40074
40309
40342
40432
42
231
342
762
1088
1111
1181
1547
1739
1798
1873
2302
2318
2443
2575
2601
2662
2747
2810
2936
2975
3067
3069
3087
3204
3336
3350
3396
3818
3935
4245
4288
4363
4409
4520
4675
4778
4857
4919
4991
5044
5052
5079
5082
5250
5443
5615
5745
5856
6121
6194
6329
6399
6469
6886
6933
7064
7231
7503
7710
8010
8105
8123
8238
8239
8372
8408
8481
8533
8541
8563
8712
9066
9092
9161
9256
9456
9566
9624
9718
9946
10605
10741
10994
11234
11247
11598
11732
11748
11973
12122
12302
12310
12390
12723
13077
13109
13129
13875
14039
14688
14745
14890
14899
14920
14942
15203
15304
15384
15423
15424
15697
16093
16114
16297
16320
16434
16440
16492
16570
16574
16644
17306
17327
17354
17360
17424
17500
17563
17568
17577
17917
18668
18882
18977
19216
19300
19690
19913
19974
20015
20038
20134
20337
20507
20600
20664
20751
20813
20827
20963
21049
21112
21148
21184
21203
21380
21412
21455
21481
21488
21729
22012
22321
22519
22544
22894
22911
23205
23408
23873
23929
23967
23990
24122
24169
24721
24750
24835
24955
25018
25067
25465
25946
26267
27136
27155
27198
27210
27221
27353
27521
27839
28038
28208
28327
28592
28800
28918
29228
29245
29327
29410
29470
29508
30051
30169
30967
31103
31394
31765
31808
31933
31997
32177
32197
32730
32844
33337
33623
33701
34325
34369
34610
34622
34628
34923
34931
35056
35128
35184
35278
35371
35391
35625
35957
35966
36175
36296
36327
36724
36845
36881
37016
37226
37369
37418
37509
37560
37593
37889
37913
37923
38081
38305
38889
38989
39127
39375
39533
39866
40135
40151
40185
40231
40395
40457
40575
40578
40609
40631
40650
40784
