11
719
792
951
996
1060
1076
1197
1202
1217
1412
1440
1480
1492
1671
2003
2037
2459
2493
2553
2572
2769
3382
3451
3623
3816
3830
3999
4185
4268
4387
4422
4554
4639
4812
4979
5016
5024
5148
5355
5503
5760
5812
5873
6026
6190
6313
6441
6517
6606
6711
6982
7040
7158
7362
7835
7969
8060
8424
8510
8535
8594
8976
9023
9072
9154
9240
9524
9695
9738
9795
9998
10129
10271
10279
10728
11063
11204
11413
11642
11764
11830
11965
12073
12346
12375
12493
12512
12571
12609
12631
12718
12985
13126
13175
13190
13203
13299
13314
13469
13884
13986
14091
14228
14538
14915
15059
15349
15480
15710
16254
16463
16844
16968
17067
17155
17291
17340
17444
17522
17780
17934
18076
18121
18201
18338
18359
18472
18506
18580
18794
19229
19291
19312
19423
19525
19624
19734
19903
20024
20104
20491
20537
20778
20938
21004
21248
21268
21767
22010
22014
22094
22338
22492
22528
22862
22935
23080
23190
23867
23971
24173
24289
24340
24554
24598
24652
24684
24761
24982
25801
25820
26040
26277
26347
26580
26715
26958
26992
27195
27352
27372
27690
27725
27748
27806
28072
28122
28473
28658
28759
28990
29101
29304
29601
29606
29625
29644
29653
29760
29925
30172
30347
30441
30449
31073
31087
31271
31392
31473
31519
31592
31601
31873
31893
32123
32135
32217
32280
32290
32296
32485
32931
33448
33762
33815
33833
34020
34235
34584
34621
34907
34996
35053
35098
35114
35151
35255
35424
35589
35651
35770
35873
36051
36347
36599
36726
36802
37281
37302
37777
37800
37931
38222
38444
38677
38887
38950
39310
39459
39520
39572
39577
39669
39694
39939
40055
40229
40342
40428
40432
13
42
117
342
369
697
1181
1507
1508
1547
1632
1739
1873
2302
2443
2580
2834
2936
2975
3113
3204
3336
3572
3588
3627
3818
3823
3926
3927
3935
4363
4456
4484
4520
4675
4919
5044
5163
5302
5324
5451
6046
6158
6167
6307
6375
6399
6469
6579
6864
7010
7064
7164
7231
7345
7503
7586
7710
7717
8123
8238
8533
8541
8618
8691
8712
8880
8923
8951
9066
9092
9161
9173
9242
9550
9612
9697
9718
9922
9946
10191
10492
10541
10605
10741
10905
10984
11041
11087
11186
11247
11732
11748
11945
12056
12122
12345
12368
12723
12746
13037
13099
13109
13129
13445
13718
13875
14039
14193
14245
14890
14920
14942
15066
15203
15304
15384
15423
15424
15515
15697
16114
16297
16320
16434
16440
16493
16574
16724
16913
16958
17136
17306
17327
17332
17354
17360
17568
17626
17910
18052
18668
18882
19216
19300
19333
19690
20015
20056
20134
20136
20286
20293
20337
20344
20813
20860
21049
21078
21112
21148
21385
21412
21455
21468
21488
21510
21549
21712
22036
22336
22519
22544
23043
23180
23205
23408
23494
23620
23967
23990
24216
24498
24721
24917
24955
24980
25297
25368
25465
25686
26232
26267
26529
26542
27155
27198
27353
27386
27521
27839
27925
28038
28327
28511
28592
28769
28918
29228
29290
29401
29470
29508
29787
30008
30051
30406
30474
30967
31103
31194
31202
31394
31765
31875
31997
32004
32098
32177
32454
32730
32844
33033
33087
33301
33337
33494
33701
34192
34325
34372
34610
34668
34896
35056
35278
35391
35541
35546
35633
35768
35912
35957
36175
36327
36418
36594
36845
36881
37016
37226
37239
37311
37369
37418
37509
37560
37593
37696
37815
37913
37927
38081
38226
38508
38703
38789
38812
38889
38989
39455
39468
39978
40231
40457
40563
40606
