40
756
792
819
996
1094
1163
1202
1217
1479
1513
1758
2348
2493
2553
2572
2892
2917
3451
3937
3999
4185
4269
4387
4554
4613
4772
4870
4979
5022
5024
5355
5466
5811
5812
6026
6188
6441
6477
6517
6537
6982
7040
7085
7362
7835
8079
8291
8480
8510
8535
8644
8833
9023
9072
9120
9154
9240
9524
9695
9979
10271
10344
10593
10687
10725
10777
10889
10927
11063
11139
11154
11277
11413
11609
11642
11665
11764
11829
11830
11965
12346
12375
12493
12571
12718
12893
12955
13060
13126
13135
13175
13190
13210
13299
13314
13397
13518
13624
13709
13726
13790
13986
14144
14190
14301
14306
14363
14516
14844
14886
14915
15174
15534
16254
16293
16308
16463
16470
16697
16860
16959
17067
17155
17265
17291
17340
17522
17934
17969
18115
18121
18256
18359
18472
18580
19151
19291
19422
19423
19525
19734
20491
20770
20778
20876
20938
21167
21268
21287
21312
21612
21747
21821
22010
22014
22094
22136
22297
22338
22418
22547
22823
22935
23240
23694
24289
24375
24554
24571
24598
24652
24684
24689
24866
26040
26277
26480
26580
26901
26951
26971
27065
27163
27195
27372
27402
27690
27725
27748
27814
28072
28122
28473
28554
28658
28759
28931
28982
28990
29152
29403
29588
29601
29606
29625
29644
29836
30040
30331
30824
31087
31392
31592
31873
31890
32280
32290
32485
32869
33448
33762
34017
34020
34169
34300
34584
34621
34794
35114
35325
35364
35403
35424
35770
35860
35909
35946
36051
36329
36599
36719
36726
36757
36802
37281
37302
37390
37678
37777
37840
37907
38222
38444
38677
38887
39067
39459
39474
39520
39572
39577
39587
39843
40055
40069
40309
40342
85
120
231
302
342
762
1111
1181
1508
1632
1739
1798
2253
2302
2318
2601
2662
2737
2747
2810
2834
2936
2975
3113
3123
3396
3495
3627
3818
3823
3926
3927
3935
4023
4363
4409
4520
4529
4857
4919
4975
4991
4995
5052
5079
5082
5096
5144
5163
5168
5302
5443
5451
5615
5745
5979
6046
6121
6158
6167
6329
6375
6469
6579
6705
6754
6886
7064
7074
7126
7231
7318
7345
7503
7586
7710
8010
8123
8217
8224
8239
8304
8372
8481
8533
8541
8563
8615
8713
8880
8923
8951
9005
9066
9612
9624
9685
9697
9718
9922
9935
9946
10191
10534
10541
10605
10677
10984
10994
11087
11095
11234
11380
11598
11689
11732
11945
12302
12310
12345
12368
12390
12457
13099
13445
13718
13785
14039
14193
14245
14688
14835
14890
14899
14901
14942
15066
15132
15348
15697
15922
16114
16320
16380
16440
16574
16644
16724
17136
17192
17344
17354
17563
17626
17641
17729
18052
18175
18668
18863
18882
18977
19333
19974
20015
20038
20134
20337
20406
20600
20664
20963
21148
21203
21385
21412
21488
21510
21729
21935
22321
22519
22894
22911
23043
23180
23408
23494
23990
24216
24427
24750
24980
25018
25368
25465
25686
25946
26232
26267
26529
26542
27136
27155
27221
27353
27521
27801
27839
28210
28511
28769
28878
29228
29245
29401
29410
29722
29787
30008
30051
30169
30337
30406
30474
30764
31165
31765
31933
31997
32004
32098
32177
32730
32844
33278
33301
33494
33515
33623
33701
34109
34192
34325
34369
34610
34628
34896
34923
34931
35128
35184
35278
35360
35371
35391
35546
35625
35912
35957
36021
36293
36481
36724
36881
37016
37239
37409
37509
37593
37714
37913
37923
37927
38055
38219
38521
38703
38889
39147
39468
39533
39574
39866
39978
40231
40395
40457
40563
40680
