11
40
382
819
951
996
1094
1197
1202
1440
1480
1492
1671
1758
2037
2066
2104
2336
2459
2572
2784
2858
3124
3382
3623
3773
3830
3999
4185
4264
4269
4282
4387
4422
4602
4613
4979
5016
5074
5355
5503
5760
5873
6654
6711
7158
7362
7435
7963
7969
8060
8291
8510
8566
8578
8594
8644
8781
8833
8976
9120
9695
9738
9795
9998
10129
10131
10344
10593
10725
10777
10867
10889
11063
11139
11277
11658
11665
11686
11829
11830
12071
12375
12474
12493
12512
12690
12893
13029
13104
13121
13203
13210
13314
13397
13469
13624
13709
13744
13833
13884
13986
14190
14301
14306
14308
14516
14599
14666
14859
14886
15174
15349
15480
15710
16254
16293
16308
16398
16411
16463
16470
16860
17067
17201
17265
17732
17934
18121
18201
18359
19008
19422
19423
19525
19805
20024
20104
20225
20506
20537
20778
20876
21004
21123
21612
21747
21767
21821
22010
22014
22094
22246
22297
22470
22528
22821
22823
22862
23080
23190
23240
23971
24033
24173
24340
24554
24571
24761
25011
25192
25780
25801
25820
26040
26072
26269
26277
26455
26537
26715
26901
27104
27548
27569
27748
27806
27814
27833
28122
28473
28759
28982
29152
29403
29588
29599
29760
29836
29963
30107
30172
30441
30598
30660
30697
31004
31073
31392
31592
31882
31893
32135
32296
32319
32485
32869
32908
32927
32931
33180
33244
33448
33762
34017
34039
34169
34584
34621
34777
34794
34840
34884
34963
35024
35053
35078
35098
35255
35325
35364
35379
35407
35651
35860
35873
35946
36051
36082
36347
36506
36719
36726
37390
37678
37800
37840
38013
38036
38103
38222
38255
38274
38444
38605
38677
38983
38999
39067
39205
39417
39459
39520
39572
39669
39939
40055
40276
40309
42
85
117
302
346
369
697
1507
1547
1739
2253
2302
2318
2580
2737
2747
2834
3067
3087
3113
3204
3350
3396
3495
3572
3627
3823
3926
4245
4520
4819
4975
5025
5044
5052
5082
5144
5163
5250
5324
5473
5615
5661
5745
5792
5856
5979
6167
6201
6307
6329
6469
6579
6705
6864
6886
7231
7318
7586
7710
8105
8217
8234
8304
8372
8408
8481
8541
8618
8691
8712
8713
8880
9005
9066
9092
9242
9256
9456
9550
9685
9697
9718
10077
10191
10492
10541
10875
10984
11000
11087
11190
11234
11247
11380
11562
11598
11689
11748
12302
12310
12368
12457
12723
13077
13445
13718
13785
14039
14041
14688
14745
14899
14901
15132
15203
15304
15348
15384
15515
15697
15922
16093
16297
16380
16434
16492
16570
16574
16761
17136
17344
17354
17500
17563
17577
17626
17641
17910
17917
18052
18668
18882
19300
19353
19913
19974
20056
20134
20286
20507
20618
20664
20813
21112
21148
21455
21510
21729
21935
22336
22519
22710
22894
22911
23043
23205
23494
23652
23660
23929
23948
23967
24169
24216
24498
24721
24750
24917
24955
24980
25067
25368
25600
25674
25686
26137
26267
26529
27221
27386
27815
27917
28210
28592
28918
29290
29401
29410
30169
30337
31103
31165
31202
31394
31765
31933
31997
32098
32629
32730
33087
33278
33494
33515
33623
34011
34242
34325
34369
34610
34628
34668
35056
35184
35327
35342
35392
35546
35625
35633
35912
35966
36021
36175
36293
36319
36418
36481
36724
36881
37239
37369
37409
37418
37714
37815
37889
37913
37923
37927
37935
38055
38081
38225
38226
38305
38508
38521
38703
38789
38889
38989
39127
39147
39375
39455
39533
39574
39866
39978
40135
40151
40185
40395
40537
40606
40609
40784
