11
507
756
819
996
1027
1163
1202
1479
1513
1535
1671
1758
2003
2037
2348
2572
2861
2917
3124
3383
3391
3451
3773
3816
4185
4422
4554
4602
4772
4812
5016
5024
5355
5466
5503
5760
5812
5873
6026
6313
6517
6537
6606
6711
7040
7147
7158
7362
7835
7969
8360
8424
8480
8644
8976
9047
9120
9154
9240
9738
9795
9998
10129
10171
10725
10867
10927
11154
11515
11609
11658
11665
11764
11830
11965
12071
12073
12346
12375
12512
12609
12631
12718
12985
13060
13190
13203
13397
13624
13709
13726
13742
13744
13790
13833
13884
13986
14301
14306
14363
14538
14599
14666
14674
14844
14886
14915
15059
15534
16254
16308
16463
16603
16697
16860
16959
16968
17155
17340
17732
18076
18115
18121
18256
18506
18751
18872
19229
19291
19422
19734
19805
20024
20334
20491
20506
20778
20876
20938
21004
21092
21157
21167
21268
21287
21312
21411
21747
21767
22010
22136
22338
22470
22492
22528
22547
22821
22862
22935
23190
23694
23867
23971
24033
24289
24375
24554
24571
24689
24831
24982
25192
25780
26580
26958
26971
27104
27163
27352
27372
27402
27569
27593
28072
28122
28473
28554
28776
28875
28982
29101
29152
29403
29601
29606
29625
29644
29925
29963
30107
30347
30449
30481
30598
31019
31087
31473
31519
31601
31637
31882
31890
31893
32005
32123
32135
32217
32280
32485
32908
32931
33180
33274
33749
33815
33833
34020
34246
34300
34367
34621
34708
34777
34840
34884
34907
34963
35017
35053
35078
35114
35151
35379
35769
35946
36051
36347
36506
36719
36802
37281
37390
37840
37907
38013
38036
38255
38273
38444
38628
38677
38950
38983
39205
39310
39417
39449
39474
39487
39577
39587
39669
40055
40229
40276
40432
13
31
219
302
346
369
762
1181
1507
1632
1873
2302
2443
2575
2580
2662
2810
2834
2836
3067
3087
3093
3113
3495
3572
3926
3927
3935
3990
4245
4484
4520
4529
4778
4919
4975
5044
5052
5079
5082
5144
5163
5168
5250
5473
5615
5661
5745
5856
6158
6194
6329
6375
6469
6705
6933
7074
7164
7187
7318
7503
8010
8123
8234
8238
8239
8372
8408
8481
8533
8541
8615
8691
8712
8713
8880
8923
8951
9005
9066
9161
9242
9456
9685
9922
10626
10677
10741
10875
10905
10977
10984
10994
11095
11234
11380
11689
11732
11748
11973
12122
12302
12345
12368
12390
12457
12723
13037
13099
13109
13129
13785
13875
14041
14688
14901
14920
14942
15203
15304
15348
15515
16093
16108
16114
16380
16434
16440
16493
16574
16724
16958
17327
17332
17344
17354
17360
17500
17568
17626
17641
17729
17910
17917
18052
18668
18882
19216
19333
19403
19934
19974
20015
20038
20056
20134
20136
20337
20344
20406
20751
20860
20963
21049
21078
21148
21184
21412
21455
21488
21549
21712
21729
21935
22726
22888
22894
22911
23043
23205
23494
23929
23948
24122
24169
24216
24427
24721
24917
24955
24980
25674
25686
25946
26137
26232
26542
27136
27210
27353
27521
27680
27801
27815
27868
28038
28327
28592
28800
28878
28918
29327
29401
29410
29470
29508
29722
30051
30169
30764
31103
31165
31194
31808
31997
32004
32098
32177
32197
32454
32730
32771
32844
33087
34011
34242
34369
34372
34610
34622
34628
34668
35056
35128
35360
35371
35546
35633
36021
36319
36327
36418
36481
36594
36845
37016
37226
37311
37369
37409
37509
37696
37815
37927
37935
38055
38081
38219
38638
38703
38789
38889
38989
39455
39533
39574
39866
40185
40537
40631
40650
