11
382
719
756
792
1094
1163
1412
1440
1479
1492
1513
1671
1758
2003
2066
2104
2336
2348
2459
2769
2892
2917
3124
3160
3383
3391
3532
3575
3773
3816
3908
3937
3999
4269
4282
4554
4979
5074
5148
5466
5503
5812
5873
6188
6441
6477
6537
6654
6711
7147
7835
7969
8060
8079
8253
8480
8510
8626
8781
8833
8976
9047
9072
9120
9240
9593
9654
9795
9809
9979
9998
10171
10687
10889
10942
11063
11154
11204
11515
11553
11609
11665
11764
11829
11830
11965
12346
12571
12690
12955
13060
13126
13135
13175
13190
13299
13469
13624
13709
13726
13742
13744
13790
13884
14091
14144
14228
14301
14306
14308
14516
14538
14599
15174
15480
15534
15710
16254
16293
16308
16398
16697
16844
16860
16968
17067
17097
17201
17265
17291
17340
17522
17732
17969
18076
18115
18121
18201
18256
19225
19229
19321
19423
19525
19799
19805
19903
20104
20225
20491
20537
20778
20938
21004
21092
21157
21167
21312
21747
21767
21770
22010
22014
22136
22297
22338
22418
22470
22823
22935
23190
23867
23890
24173
24340
24554
24571
24598
24652
24689
24831
25011
25801
25820
26269
26347
26455
26561
26715
26901
26992
27065
27548
27593
27690
27748
27833
28072
28122
28554
28783
28875
28990
29101
29403
29588
29606
29653
29760
29925
29936
30040
30107
30172
30347
30449
30660
30697
31004
31097
31271
31473
31592
31873
31882
31890
32296
32319
32485
33180
33274
33762
33815
33831
34017
34020
34621
34708
34818
34840
34884
34907
34996
35053
35078
35114
35151
35255
35364
35379
35407
35424
35447
35651
35860
35909
36051
36506
36599
36757
37281
37931
38036
38255
38273
38628
38950
38983
39067
39310
39417
39694
39843
39939
40025
40055
40069
40309
40342
40428
40773
219
231
342
369
697
1507
1508
1547
1739
1798
1873
2302
2443
2737
2747
2834
2836
2936
2975
3087
3113
3204
3350
3396
3823
4245
4456
4484
4529
4819
4857
4919
4991
4995
5025
5163
5168
5185
5250
5324
5473
5745
5792
5796
5979
6046
6121
6158
6167
6201
6579
6864
6886
6933
7074
7187
7231
7318
7345
7586
8010
8123
8234
8238
8304
8372
8481
8541
8615
8691
9005
9161
9456
9612
9624
9718
9922
9946
10077
10492
10534
10605
10626
10677
10741
10875
10905
10984
11041
11087
11190
11562
11598
11689
11748
12056
12345
12390
13037
13099
13109
13875
14041
14416
14745
14835
14899
14901
14920
15132
15203
15348
15384
15423
15424
16114
16297
16440
16492
16493
16570
16644
16724
16913
17136
17192
17306
17332
17424
17500
17563
17568
17641
17910
17917
18052
19216
19300
19333
19353
19403
19614
20056
20134
20136
20293
20406
20507
20600
20618
20664
20813
20827
20860
20963
21049
21112
21184
21203
21412
21481
21488
21549
21712
21729
21935
22012
22036
22321
22336
22888
22894
23180
23408
23494
23620
23652
23660
23929
24169
24216
24427
24498
24980
25297
25368
25686
25946
26137
26232
26529
26542
26845
27136
27198
27353
27801
27868
28210
28327
28592
28800
29228
29290
29470
29508
29722
30008
30051
30169
30337
30474
30967
31194
31202
31933
31997
32098
32197
32629
33033
33087
33213
33337
33494
33623
33701
34011
34106
34109
34325
34369
34372
34622
34668
34931
35056
35184
35342
35371
35391
35541
35625
36021
36296
36594
36845
36881
37016
37369
37418
37560
37714
37913
37927
38055
38219
38225
38388
38638
38812
38889
38989
39084
39127
39455
39468
39978
40151
40457
40537
40563
40578
40609
40650
40680
