40
719
792
819
951
996
1027
1060
1076
1094
1163
1197
1202
1397
1480
1492
1513
1535
1671
2003
2037
2066
2348
2493
2553
2769
2858
2861
2892
3055
3124
3160
3623
3816
3830
4185
4268
4269
4422
4428
4602
4639
4772
4812
4979
5022
5148
5503
5811
5812
5873
6165
6188
6190
6313
6477
6537
6654
6711
6982
7085
7362
7963
7969
8060
8253
8424
8626
8644
8976
9120
9154
9240
9654
9795
9979
9998
10131
10171
10271
10279
10344
10725
10728
10777
10867
10889
11204
11413
11515
11609
11658
11711
11764
11965
12073
12198
12346
12375
12493
12571
12609
12690
12718
13029
13104
13175
13190
13361
13469
13709
13742
13744
13986
14144
14228
14308
14844
14886
14915
15059
15174
15480
15710
16254
16293
16308
16470
16603
16844
16959
17067
17097
17155
17265
17934
18115
18201
18338
18506
18580
18751
18794
19008
19312
19321
19423
19734
20024
20334
20466
20778
21004
21123
21167
21268
21612
21747
21770
21821
22010
22014
22297
22338
22528
22547
22821
22862
22935
23080
23240
23971
24289
24375
24554
24571
24598
24761
24807
24866
25192
25470
25820
26269
26347
26455
26537
26951
26960
26992
27065
27104
27402
27548
27569
27593
27690
27719
27725
27806
27814
28072
28554
28658
28783
28875
28990
29101
29588
29599
29606
29653
29760
30172
30331
30441
30449
30824
31019
31392
31601
31637
32005
32123
32485
32869
33180
33244
33448
33762
33815
33833
33965
34020
34235
34367
34584
34818
34884
34907
34963
34996
35017
35098
35379
35403
35447
35651
35770
35860
35873
36051
36082
36506
36719
36726
36757
37281
37302
37800
37840
37931
38013
38103
38273
38274
38444
38605
38950
38983
38999
39082
39205
39310
39449
39459
39487
39572
39587
39843
40025
40055
40069
40276
40428
40432
40773
13
31
42
117
120
342
346
697
1088
1181
1507
1632
1739
1873
2302
2452
2601
2737
2747
2834
2936
2975
3087
3093
3113
3336
3396
3495
3627
3818
3823
4484
4520
4675
4819
4919
4975
5025
5044
5052
5082
5144
5185
5443
5451
6046
6121
6194
6201
6329
6375
6399
6705
6754
6886
7074
7187
7318
7345
7503
7717
8105
8238
8239
8304
8481
8533
8541
8615
8618
8691
8951
9066
9092
9161
9173
9456
9612
9685
9946
10191
10492
10534
10541
10626
10994
11000
11095
11186
11190
11234
11247
11380
11732
11945
11973
12056
12122
12302
12310
12345
12457
12746
13077
13109
13785
13875
14039
14041
14245
14416
14688
14890
14899
14901
15066
15384
15423
15697
16228
16297
16440
16492
16493
16570
16644
16761
16958
17344
17360
17500
17563
17577
17626
17729
17910
18668
18977
19216
19353
19614
19934
20056
20136
20286
20293
20507
20751
20813
20860
21078
21148
21203
21385
21412
21455
21468
21481
21488
21712
21729
21935
22036
22274
22321
22336
22519
22544
22710
22911
23043
23620
23660
23929
23967
23990
24122
24427
24721
24750
24917
25018
25297
25334
25465
25674
25686
26137
26232
27198
27221
27386
27521
27839
27917
28038
28327
28592
28769
28800
28918
29327
29401
29470
30008
30051
30082
30169
30337
30406
31202
31394
31659
31765
31808
31875
31997
32004
32844
33087
33213
33278
33494
34011
34109
34325
34610
34622
34628
35128
35184
35278
35342
35360
35371
35541
35546
35768
36021
36319
36327
36418
36481
36724
36845
36881
37239
37311
37409
37593
37696
37815
37913
37923
37927
37935
38508
38521
38638
38889
39127
39468
39533
39574
39866
40135
40151
40395
40537
40609
40680
