11
40
507
996
1202
1440
1479
1513
1535
1671
2037
2104
2459
2784
2892
2917
3451
3532
3575
3773
3830
3908
4185
4264
4269
4554
4602
4613
4772
4812
4979
5024
5148
5466
5760
6026
6188
6190
6313
6477
6654
6982
7040
7963
7969
8079
8291
8424
8535
8626
8781
8833
9023
9047
9072
9120
9240
9524
9593
9695
9738
9795
9979
10131
10171
10279
10687
10777
10927
10942
11154
11204
11413
11515
11609
11686
11829
11965
12071
12346
12375
12718
12985
13029
13060
13104
13190
13210
13361
13624
13709
13726
13742
13744
13833
13986
14091
14144
14190
14228
14301
14308
14363
14516
14538
14844
14886
14915
15059
15174
15349
15480
15710
16254
16293
16308
16398
16411
16844
16860
17067
17097
17155
17201
17291
17522
17732
17780
17934
18076
18201
18256
18338
18359
18580
18794
18814
19151
19225
19229
19312
19422
19423
19525
19734
19805
19903
20225
20334
20466
20770
20938
21004
21092
21123
21134
21167
21248
21268
21287
21411
21612
21767
21821
22014
22136
22297
22338
22418
22470
22528
22547
22821
23080
23190
23694
23890
24033
24173
24289
24340
24375
24554
24571
24598
24652
24684
24866
25192
25324
25801
25820
26277
26561
26951
27065
27104
27163
27195
27548
27593
27690
27719
28122
28473
28554
28658
28759
28783
28875
28931
28990
29101
29588
29599
29601
29644
29653
29760
29836
30040
30331
30449
30481
30598
30824
31073
31392
31519
31592
31637
31890
31893
32123
32135
32217
32319
32485
32908
32927
32931
33180
33244
33448
33762
33833
33965
34020
34169
34246
34367
34621
34708
34794
34818
34907
34966
35017
35024
35053
35078
35098
35114
35364
35424
35589
35651
35769
35770
35860
35909
36329
36347
36599
36719
36802
37800
37840
37907
38273
38628
38950
38999
39067
39310
39417
39520
39572
39577
39669
39694
40074
40309
40342
40428
40773
42
120
231
302
762
1088
1181
1507
1508
1632
1739
1798
2253
2302
2318
2443
2452
2575
2601
2662
2737
2975
3069
3093
3113
3123
3336
3350
3495
4023
4363
4484
4529
4675
4819
4995
5025
5052
5079
5082
5096
5144
5163
5168
5443
5615
5661
5745
5796
6046
6158
6167
6194
6754
6886
7126
7503
7717
8105
8224
8234
8238
8372
8408
8481
8533
8541
8691
8712
8951
9092
9173
9624
9922
9935
10191
10534
10977
10994
11186
11380
11598
11689
11732
11973
12368
12457
12723
13037
13129
13445
13785
14041
14245
14416
14688
14835
14890
14920
15132
15304
15348
15423
15424
15697
16108
16114
16297
16320
16440
16492
16574
16761
16913
16958
17306
17327
17332
17344
17360
17641
17729
17910
17917
18052
18175
18891
19216
19300
19333
19614
19913
19934
19974
20038
20134
20286
20337
20344
20406
20507
20600
20618
20751
20827
21112
21148
21183
21184
21203
21380
21412
21468
22012
22274
22321
22336
22544
22710
22911
23043
23408
23494
23948
23967
24216
24427
24721
24917
24980
25674
25686
25946
26137
26232
26542
27136
27198
27210
27221
27353
27386
27521
27815
27868
27917
28005
28208
28210
28327
28769
28918
29245
29410
29470
30082
30169
30474
31165
31194
31659
31808
31875
32098
32197
32454
32844
33033
33213
33337
33623
33701
34192
34325
34372
35184
35278
35327
35371
35392
35625
35633
35768
35912
35957
36021
36175
36293
36319
36327
36594
36724
36881
37311
37409
37560
37593
37714
37815
37889
37927
38081
38219
38225
38388
38638
38703
38789
38889
38989
39127
39375
39468
39533
39574
39866
40185
40231
40537
40563
40606
40631
