11
792
951
996
1060
1094
1197
1440
1479
1480
1492
1513
2336
2493
2553
2769
2784
2858
2892
2917
3124
3160
3382
3383
3391
3532
3575
3773
3830
3908
3937
3999
4264
4282
4387
4639
4812
4979
5016
5022
5148
5466
5503
5760
6188
6190
6313
6441
6537
6606
6654
6982
7085
7158
7261
7362
7435
7963
7969
8060
8079
8253
8360
8566
8833
9023
9047
9072
9240
9593
9654
9695
9738
9795
9809
9979
10687
10777
10867
10889
10942
11515
11553
11686
11711
11829
11965
12073
12198
12245
12375
12407
12493
12609
12631
12690
12985
13060
13104
13135
13175
13210
13299
13314
13397
13518
13709
13742
13744
13790
13884
14091
14144
14190
14228
14301
14306
14308
14363
14599
14666
14844
14859
14886
15174
15349
15480
15534
15710
16254
16411
16470
16603
16959
17067
17097
17155
17201
17265
17291
17732
17934
18076
18115
18201
18472
18580
18751
18794
19008
19151
19321
19422
19423
19525
19805
20024
20104
20225
20334
20466
20491
20506
20876
21004
21134
21157
21268
21312
21747
21767
21770
21821
22246
22338
22418
22470
22823
22862
22935
23080
23190
23890
23971
24033
24340
24571
24598
24684
24689
24761
24807
25192
25780
26072
26347
26455
26537
26561
26580
26715
26951
26958
26960
27065
27104
27548
27593
27833
28072
28658
28783
28931
28982
28990
29101
29403
29601
29653
29760
29836
29936
29963
30040
30172
30347
30481
30598
30824
31004
31601
31637
31873
31893
32123
32280
32290
32296
32485
32869
32927
33180
33244
33274
33448
33762
33831
33833
33965
34020
34818
34884
34907
35098
35114
35151
35325
35364
35407
35651
35769
35860
35909
36051
36082
36329
36347
36719
36726
36757
36802
37302
37390
37678
37907
37931
38013
38036
38222
38255
38273
38274
38628
38983
39067
39205
39459
39487
39669
39694
39843
40069
40276
40428
40773
31
85
117
219
231
342
1111
1507
1508
1547
1632
1873
2302
2575
2580
2662
2747
2810
2836
2936
2975
3087
3113
3123
3572
3588
3627
3818
3935
3990
4245
4409
4484
4675
4857
4919
4991
5082
5096
5144
5168
5185
5250
5443
5473
5792
5796
5979
6158
6194
6307
6329
6375
6754
7010
7064
7126
7187
7231
7318
7503
7717
8123
8217
8224
8234
8372
8408
8481
8541
8563
8615
8691
8712
8880
8951
9456
9612
9624
9922
10191
10492
10534
10541
10605
10677
10741
10875
10905
10977
10984
10994
11041
11190
11562
11598
11689
11748
11945
12122
12345
12457
13037
13099
13129
13445
13718
13785
14041
14245
14416
14890
14899
14901
14920
15132
15348
16093
16108
16228
16297
16320
16380
16492
16574
16724
16761
16958
17306
17327
17332
17500
17563
17729
17917
18175
18863
18882
18977
19353
19614
19934
19974
20038
20056
20134
20136
20286
20337
20344
20406
20618
20751
20860
21184
21380
21385
21412
21455
21468
21549
21712
22012
22036
22336
22519
22710
22888
22894
22911
23408
23652
23660
23967
24122
24169
24216
24498
24721
24750
24955
24980
25067
25297
25465
25674
26137
26978
27210
27353
27521
27801
27815
27839
27868
27917
27925
28005
28038
28208
28327
28918
29245
29290
29410
30337
30474
30764
30967
31089
31394
31659
31765
31997
32098
33033
33087
33623
33701
34011
34106
34325
34369
34896
35056
35327
35342
35371
35392
35625
35957
36293
36296
36418
36724
37016
37369
37409
37714
37815
37923
37927
37935
38055
38081
38219
38226
38521
38638
38703
38889
39455
39533
39574
39866
40135
40151
40537
40575
40606
40631
40650
40680
