11
40
719
792
996
1027
1076
1094
1197
1202
1217
1397
1440
1479
1492
1513
1535
2003
2037
2104
2336
2348
2459
2553
2784
2861
2892
3383
3391
3623
3773
3816
3830
3908
4185
4269
4387
4422
4428
4554
4602
4613
4812
5022
5148
5465
5466
6026
6165
6190
6441
6517
6537
6982
7261
7435
7835
7963
8079
8291
8360
8480
8510
8535
8626
9023
9047
9072
9120
9154
9695
9738
9998
10129
10131
10344
10593
10725
10889
10927
11063
11139
11204
11225
11413
11642
11658
11764
12071
12073
12245
12346
12375
12407
12474
12493
12512
12955
12985
13135
13190
13314
13361
13397
13469
13518
13624
13726
13742
13790
14144
14190
14228
14301
14363
14538
14599
14844
14859
15059
15349
15534
16254
16308
16398
16463
16697
16860
16959
17067
17340
17444
17732
17780
17969
18115
18338
18472
18506
18751
18794
18814
19291
19422
19624
19734
20225
20334
20466
20491
20770
20778
21004
21123
21134
21157
21248
21268
21287
21747
22014
22136
22246
22297
22338
22470
22763
22823
22862
23080
23240
23890
23971
24033
24173
24340
24347
24554
24684
24761
24807
24866
24982
25011
25192
25780
26072
26269
26277
26347
26480
26537
26561
26580
26901
26951
26960
26971
26992
27104
27402
27593
27690
27719
27748
27814
28072
28658
28783
28875
29304
29588
29599
29653
29936
30040
30441
30481
30598
31004
31073
31271
31637
31882
31890
32005
32123
32135
32217
32290
32485
32908
33244
33749
33815
33965
34246
34367
34621
34777
34794
34840
34884
34966
34996
35017
35024
35114
35255
35325
35364
35379
35403
35424
35589
35769
35770
35909
36329
36719
36726
36802
37302
37800
37907
38013
38103
38444
38605
38628
38887
38999
39067
39082
39417
39459
39474
39520
39572
39587
39694
39843
39939
40055
40069
40074
40428
31
85
120
231
302
342
1088
1111
1181
1507
1873
2302
2452
2575
2580
2737
2810
2975
3067
3093
3113
3123
3336
3396
3495
3572
3627
3823
3990
4363
4520
4675
4819
4919
4975
4995
5025
5079
5096
5163
5324
5615
5661
5856
6046
6307
6469
6579
6754
7187
7318
7503
8010
8105
8224
8239
8408
8533
8563
8880
8923
8951
9005
9066
9092
9173
9242
9256
9456
9612
9624
9697
9935
10077
10541
10605
10905
10977
10984
11000
11041
11087
11095
11190
11380
11598
11689
11732
11748
11973
12390
12457
12723
12746
13077
13099
13875
14193
14416
14835
14901
14942
15066
15132
15203
15348
15424
15515
15697
15922
16114
16297
16320
16570
16574
16724
16761
16913
16958
17136
17344
17360
17424
17577
17626
17641
18882
18977
19300
19333
19353
19403
19913
19934
19974
20015
20038
20056
20293
20337
20507
20618
20751
20813
20860
20963
21049
21078
21148
21184
21203
21455
21468
21481
21510
21549
21729
21935
22012
22036
22274
22336
22519
22544
22710
23043
23180
23205
23408
23620
23652
23873
23948
23967
23990
24169
24216
24750
24835
24917
25067
25334
25465
25674
25686
25946
26137
26232
26267
27136
27155
27198
27680
27801
27839
27917
28005
28327
28592
28878
28918
29290
29401
29410
29470
29508
29722
29787
30008
30051
30337
30474
31089
31103
31165
31394
31765
31997
32197
32454
32730
32771
33087
33623
33701
34011
34106
34242
34668
34896
34931
35184
35278
35371
35392
35541
35546
35625
35912
35966
36296
36327
36724
37016
37239
37369
37409
37418
37593
37889
37923
38219
38225
38226
38703
38789
39468
39574
39866
39978
40135
40151
40231
40457
40537
40563
40578
40606
40609
40650
40680
