40
382
507
756
951
1027
1060
1163
1197
1217
1479
1480
1492
1671
1758
2037
2336
2348
2459
2917
3055
3382
3383
3451
3575
3623
3937
3999
4264
4268
4282
4428
4602
4613
5016
5811
5812
6026
6165
6606
6982
7040
7085
7147
7158
7362
7435
7835
7963
7969
8360
8510
8535
8566
8594
8626
8833
9023
9047
9240
9695
9738
9998
10279
10344
10593
10889
10927
11063
11204
11413
11515
11553
11609
11642
11686
11764
12071
12198
12245
12375
12407
12474
12493
12512
12571
12631
12718
12985
13060
13121
13135
13175
13203
13314
13624
13790
13833
14144
14190
14228
14301
14308
14363
14538
14599
14674
14844
14859
14915
15174
15710
16293
16398
16411
16463
16470
16603
16844
17067
17097
17155
17265
17291
17340
17444
17522
17732
17780
18076
18256
18338
18359
18580
18751
18814
18872
19151
19291
19312
19805
20024
20104
20466
20506
20770
20938
21123
21248
21268
21612
21747
21770
21821
22014
22246
22297
22418
22763
22821
22823
22862
23080
23190
23240
23890
24033
24173
24289
24340
24347
24375
24598
24684
24761
24831
24866
25192
25324
25470
25780
25801
26040
26269
26561
26951
26958
26960
26992
27104
27163
27372
27569
27593
27719
27725
27748
27806
28122
28658
28759
28776
29101
29599
29644
29925
30107
30481
30660
30824
31019
31073
31097
31519
31592
31601
31873
31893
32135
32152
32296
32869
32908
32931
33180
33244
33448
33749
33762
33831
33833
33965
34017
34020
34039
34235
34367
34621
34840
34884
34907
34963
35053
35080
35255
35364
35379
35447
35589
35769
35860
35909
36719
36802
37390
37777
37840
37907
37931
38013
38103
38222
38255
38274
38444
38628
38677
38983
39067
39310
39417
39449
39459
39487
39572
39587
39939
40025
40069
40074
40229
40276
40309
42
85
219
302
342
369
697
1088
1181
1507
1632
1739
2302
2318
2443
2580
2601
3069
3087
3093
3204
3336
3396
3588
3823
3935
3990
4245
4288
4363
4520
4975
4995
5044
5052
5079
5082
5096
5144
5163
5168
5302
5324
5443
5451
5661
5745
5792
5796
6167
6201
6307
6375
6399
6469
6754
7010
7064
7074
7231
7503
7710
7717
8010
8123
8217
8224
8234
8238
8239
8304
8372
8408
8481
8541
8563
8691
8712
8713
8880
8923
8951
9005
9066
9092
9173
9242
9566
9624
9685
9697
9946
10492
10534
10626
10875
10905
11000
11041
11095
11234
11247
11562
11598
11748
11945
12345
13718
13785
14041
14416
14688
14899
14920
15132
15384
15423
15515
15697
16114
16228
16492
16570
16644
16724
16958
17306
17354
17360
17500
17563
17568
17626
17641
18882
18891
19216
19300
19403
19974
20015
20038
20136
20293
20600
20664
20813
20860
20963
21078
21112
21148
21183
21412
21455
21481
21488
21935
22012
22321
22544
22911
23043
23180
23408
23873
23967
24122
24169
24427
24498
24750
24835
24867
24980
25600
25674
25686
25946
26137
26267
26529
26542
26845
26978
27136
27198
27221
27353
27386
27815
27839
27925
28038
28208
28210
28327
28592
28800
28918
29245
29290
29401
29508
29722
30051
30967
31089
31103
31165
31808
31997
32004
32629
32844
33033
33087
33213
33301
33337
33623
33701
34011
34369
34610
34622
34628
34668
34923
34931
35128
35278
35360
35371
35392
35633
36021
36293
36296
36319
36594
36845
36881
37226
37311
37369
37409
37418
37593
37696
37815
37889
37913
37935
38226
38305
38388
38521
38638
38789
38811
38812
39084
39147
39455
39468
39978
40151
40185
40231
40395
40457
40537
40578
40680
