40
382
507
719
756
792
996
1027
1060
1094
1163
1412
1440
1479
1480
1513
1535
2003
2037
2104
2336
2348
2769
2784
2858
2892
3055
3160
3382
3391
3575
3623
3773
3830
3908
3937
4264
4613
4639
4772
5016
5022
5074
5503
5811
6026
6165
6441
6517
6606
6711
7085
7147
7261
7362
7435
7835
7963
7969
8480
8510
8535
8594
8833
9023
9154
9240
9654
9738
9809
9998
10171
10271
10728
10889
11063
11139
11204
11225
11413
11553
11609
11665
11830
12071
12073
12571
12609
12631
12690
12955
12985
13104
13121
13135
13175
13203
13210
13726
13790
13884
13986
14091
14190
14228
14301
14306
14308
14599
14666
14844
14859
14915
15174
15349
15480
15534
16293
16463
16470
16697
16844
16860
16968
17097
17291
17444
17934
17969
18076
18256
18338
18472
18506
18751
18814
19225
19229
19291
19312
19321
19525
19624
19734
19805
19903
20334
20506
20537
20770
20778
20876
20938
21004
21123
21157
21167
21248
21287
21411
21612
21767
22010
22014
22094
22338
22492
22763
22821
23190
23240
23694
23867
23890
24289
24347
24375
24554
24652
24684
24689
24761
24866
25011
25470
25780
25820
26277
26455
26480
26537
26561
26901
26951
26958
27104
27352
27593
27690
27719
27725
27806
28072
28776
28875
28931
28982
29588
29599
29601
29625
29653
29760
30331
30481
30598
30660
30697
30824
31019
31073
31087
31097
31473
31519
31873
31882
31890
32005
32123
32319
32869
32908
32927
33244
33762
33815
33833
34584
34621
34708
34794
34840
34884
34963
35017
35078
35080
35098
35114
35151
35364
35403
35407
35651
35769
35770
36051
36329
36347
36599
36719
36726
36757
37281
37390
37678
37800
37840
37931
38013
38222
38255
38273
38444
38628
38950
39474
39520
39587
39694
39843
39939
40074
40229
40276
40309
40428
40432
42
231
302
342
346
369
762
1088
1181
1547
1739
1798
2253
2443
2452
2575
2662
2737
2747
2836
3067
3069
3093
3123
3204
3350
3572
3588
3823
4023
4288
4484
4529
4819
5025
5044
5052
5079
5082
5163
5168
5185
5250
5324
5451
5615
5661
5979
6046
6121
6167
6194
6307
6329
6375
6469
6579
6705
7064
7164
7187
7318
7345
7710
8123
8234
8238
8372
8408
8533
8618
8691
8712
9161
9456
9624
9697
9946
10534
10541
10626
10677
10741
10875
10977
10994
11000
11041
11095
11190
11234
11247
11380
11689
11748
11973
12056
12122
12723
12746
13037
13077
13099
14416
14688
14835
14899
14920
15066
15384
15423
15922
16093
16114
16228
16297
16320
16380
16492
16724
16958
17192
17327
17332
17344
17500
17563
17568
18052
18668
18863
18977
19216
19614
19934
20038
20056
20134
20293
20337
20344
20507
20600
20618
20751
20813
20860
21049
21078
21183
21385
21412
21468
21481
21488
21549
21935
22036
22519
22710
23043
23180
23408
23660
23929
23948
24427
24498
24721
24835
24980
25018
25368
25465
25600
26137
26232
26267
26529
26845
27136
27155
27198
27521
27815
27868
28592
28800
29228
29290
29327
29401
29410
29722
29787
30051
30169
30337
30406
30967
31194
31202
31765
31808
32004
32454
32629
33033
33301
33494
33623
33701
34106
34109
34192
34242
34325
34369
34372
34622
34896
34923
35056
35128
35278
35327
35360
35391
35392
35541
35546
35768
35912
35966
36175
36293
36296
36319
36327
36481
36845
37226
37239
37311
37369
37409
37509
37889
37923
37927
37935
38508
38812
38989
39084
39455
39468
39533
39574
39866
40185
40231
40457
40537
40563
40606
40631
40680
40784
