11
40
756
792
996
1027
1060
1163
1202
1217
1397
1440
1479
1492
1671
2003
2066
2104
2336
2459
2493
2572
2769
2784
2861
3055
3160
3451
3623
3937
3999
4185
4268
4387
4422
4602
4613
4639
4812
4979
5024
5811
5812
5873
6165
6606
6654
6711
7040
7261
7835
7963
8060
8291
8424
8480
8566
8626
8781
9023
9047
9072
9154
9593
10171
10271
10725
10889
10942
11063
11139
11277
11413
11609
11686
11711
11764
11829
11965
12071
12346
12474
12493
12512
12571
12631
12893
12985
13029
13104
13121
13126
13175
13190
13299
13361
13397
13469
13709
13726
13742
13744
13790
13986
14091
14306
14308
14363
14599
15059
15174
15534
16254
16398
16697
16860
17155
17201
17291
17732
17780
18076
18201
18256
18338
18359
18472
18506
18794
19008
19229
19321
19422
19525
19624
20024
20491
20876
21004
21123
21157
21167
21268
21312
21411
21747
21821
22014
22136
22492
22528
22547
23190
23240
23694
23971
24033
24340
24554
24571
24652
24684
24689
24761
24807
25324
25470
25820
26040
26277
26347
26455
26561
26580
26715
26951
26958
26971
26992
27104
27163
27352
27372
27402
27548
27593
27690
27806
27814
28473
28554
28875
29101
29152
29304
29403
29599
29625
29644
29936
30107
30172
30331
30347
30449
30481
30598
30697
30824
31004
31073
31097
31519
31637
31873
31890
31893
32135
32152
32217
32290
32319
32869
32931
33180
33244
33762
33815
33831
33833
33965
34017
34020
34169
34235
34367
34708
34794
34818
34884
34907
34963
34996
35024
35080
35098
35255
35325
35364
35379
35403
35407
35873
35909
36329
36506
36719
36757
37281
37390
37678
37840
37931
38036
38222
38255
38274
38677
38983
39082
39205
39310
39417
39449
39459
39487
39572
39587
39669
39939
40055
40074
40229
40276
40309
40342
40428
13
31
231
302
369
697
1111
1181
1507
1508
1632
1798
1873
2253
2302
2452
2575
2601
2836
2975
3067
3113
3123
3336
3350
3588
3627
3823
3926
3927
3990
4023
4363
4520
4819
4991
4995
5025
5096
5250
5473
5661
6201
6307
6399
6469
6579
6705
6754
7074
7164
7187
7345
7586
8217
8224
8234
8238
8408
8533
8541
8615
8618
8712
8713
8880
8923
8951
9005
9242
9566
9612
9946
10077
10541
10626
10677
10977
10994
11087
11095
11247
11732
11748
11945
11973
12056
12122
12302
12310
12345
12368
12457
12723
12746
13129
14039
14245
14416
14688
14890
14901
14920
14942
15304
15515
16093
16108
16297
16320
16493
16644
16761
16958
17192
17332
17344
17360
17424
17563
17568
17577
17910
18668
18863
18977
19216
19300
19403
19614
19690
19974
20015
20038
20136
20293
20406
20860
20963
21049
21112
21148
21183
21184
21203
21380
21412
21468
21488
21712
21935
22012
22519
22544
22911
23043
23180
23205
23408
23494
23620
23652
23929
24122
24169
24427
24750
24835
24917
24980
25018
25297
25334
25368
25600
26137
26232
26529
26542
26978
27210
27680
27815
27868
28208
28210
28327
28511
28592
28800
28878
29228
29245
29290
29327
29410
29470
29722
30082
31103
31165
31394
31659
31765
31808
31875
31933
32098
32197
32454
32629
32730
32771
32844
33033
33213
33301
33623
33701
34011
34109
34325
34610
34622
34668
34896
34923
34931
35056
35184
35327
35342
35371
35546
35633
35768
35957
35966
36319
36418
36481
36594
36724
36845
36881
37016
37311
37409
37418
37509
37696
37815
37889
37913
38055
38081
38305
38388
38811
38989
39127
39468
39574
39866
39978
40185
40563
40578
40606
40609
40631
