11
382
507
792
819
951
1027
1094
1197
1397
1479
1480
1513
1671
1758
2003
2066
2104
2336
2348
2553
2861
2892
3055
3124
3391
3451
3575
3623
3773
3830
3937
4264
4269
4387
4422
4554
4602
4639
4772
5016
5022
5024
5355
5465
5466
5873
6165
6190
6537
6606
6654
6711
6982
7040
7085
7147
7158
7435
7835
8291
8360
8424
8480
8535
8566
8578
8626
8644
9047
9154
9593
9654
9695
9998
10131
10271
10344
10687
10867
10889
10927
10942
11063
11204
11225
11277
11413
11515
11553
11609
11829
11830
12985
13060
13135
13175
13361
13397
13469
13624
13744
13790
13986
14091
14190
14301
14306
14538
14599
14674
14844
14886
14915
15480
15534
15710
16463
16470
16603
16959
17067
17097
17201
17291
17340
17522
17732
17780
17934
18115
18201
18256
18359
18506
18580
18872
19225
19423
19525
19799
20104
20225
20334
20491
20537
20778
20938
21123
21134
21248
21612
21767
22010
22094
22246
22297
22338
22418
22470
22821
22823
22862
23080
23240
23867
23890
24173
24554
24652
24761
24807
24831
24866
24982
25192
25324
25470
26040
26072
26269
26277
26561
26715
26901
26951
26958
26971
27065
27104
27195
27372
27548
27748
27814
27833
28072
28122
28658
28776
28783
28875
28990
29304
29403
29588
29599
29653
29760
29963
30172
30347
30481
30598
30660
30824
31019
31073
31097
31271
31392
31519
31592
31637
31890
32135
32217
32280
32485
32927
33448
33749
33762
33965
34169
34235
34246
34300
34367
34708
34794
34840
34884
34907
34963
34966
35024
35053
35078
35098
35114
35151
35379
35407
35589
35769
35860
35873
35909
35946
36051
36082
36506
36719
36802
37390
37777
38013
38222
38255
38273
38444
38887
38950
38999
39205
39310
39417
39449
39459
39577
39587
39669
39939
40025
40074
40229
40276
40342
40773
40800
42
85
120
231
302
342
346
1088
1507
1798
1873
2302
2601
2737
2747
2810
2834
2975
3087
3093
3113
3123
3204
3396
3572
3990
4363
4456
4520
4778
4919
4975
5044
5052
5082
5096
5168
5250
5302
5451
5615
5661
5796
5979
6046
6121
6158
6167
6194
6307
6329
6399
6754
6864
7010
7074
7187
7586
7710
8010
8217
8234
8238
8239
8533
8541
8563
8615
8618
8691
8923
8951
9005
9066
9092
9242
9256
9456
9685
9718
9922
9935
9946
10191
10492
10541
10677
10741
10977
11000
11095
11186
11234
11247
11598
11689
11945
11973
12345
12368
12390
12723
12746
13037
13077
13099
13109
13129
13785
14041
14193
14835
14899
14901
14920
14942
15304
15348
15384
15423
15515
16320
16492
16574
16724
17136
17192
17306
17563
17626
17729
18052
18668
18891
19216
19300
19353
19614
19690
19913
19934
20134
20136
20293
20337
20406
20507
20751
20813
20860
20963
21049
21078
21112
21183
21380
21385
21412
21935
22036
22321
22544
22710
22894
22911
23043
23408
23494
23652
23660
23929
23967
23990
24122
24721
24750
24917
25018
25067
25368
25674
26137
26232
26542
26845
26978
27155
27198
27221
27680
27801
27868
28005
28210
28592
28918
29228
29245
29290
29401
29410
29470
29722
30082
30169
30337
31103
31165
31194
31659
31808
31997
32098
32197
32771
32844
33087
33213
33301
33337
33494
33623
33701
34106
34242
34325
34372
34668
35056
35128
35184
35360
35391
35625
35633
35912
35966
36175
36418
36845
37239
37593
37815
37889
37913
37935
38081
38219
38225
38226
38305
38508
38811
38812
39455
39468
39533
39574
40135
40185
40457
40537
40575
40578
40606
40631
40784
