11
40
382
792
951
996
1094
1163
1202
1217
1479
1480
1492
1513
1671
2003
2037
2066
2459
2784
2861
2892
3383
3391
3532
3623
3773
3816
3908
4264
4268
4269
4422
4428
4554
4602
4613
4772
4812
4870
4979
5016
5024
5074
5148
5503
5760
6026
6190
6537
6606
6654
6711
6982
7040
7147
7158
7362
7435
7969
8060
8291
8360
8480
8594
8781
9047
9695
9809
9998
10271
10344
10687
10725
10728
10927
11063
11154
11225
11277
11515
11553
11642
11686
11711
11829
11830
11965
12245
12346
12375
12407
12474
12631
12690
12955
13029
13060
13121
13126
13135
13314
13361
13518
13726
13884
13986
14091
14144
14190
14228
14306
14308
14363
14516
14674
14859
14886
15174
15349
15480
15534
15710
16254
16398
16411
16463
16470
16844
17097
17201
17265
17522
17969
18076
18201
18359
18506
18580
18751
18794
19291
19321
19624
19805
20104
20491
20537
20938
21004
21092
21123
21134
21167
21248
21287
21411
21612
21770
22010
22014
22094
22297
22338
22418
22547
22763
22821
22823
22862
23080
23190
23867
23890
23971
24033
24289
24340
24347
24375
24598
24866
25324
25470
25780
26040
26072
26347
26480
26715
26958
26960
26992
27104
27163
27352
27593
27690
27719
27725
27748
28122
28473
28658
28759
28982
29152
29304
29588
29599
29601
29625
29644
29653
29760
29836
29963
30107
30598
30697
30824
31004
31087
31271
31392
31519
31890
31893
32005
32123
32152
32485
33274
33762
33831
33965
34020
34235
34300
34367
34621
34840
34884
34907
34966
34996
35017
35078
35098
35364
35379
35407
35424
35447
35769
35770
35860
35873
35909
36051
36329
36347
36599
36726
37390
37678
37777
37840
37907
38255
38444
38677
38887
38950
38983
39417
39474
39487
39577
39669
40025
40069
40074
40229
40276
40342
40432
40773
13
31
219
302
342
346
1111
1547
1873
2253
2318
2575
2580
2747
2810
2834
2836
2975
3087
3113
3123
3204
3336
3396
3495
3572
3588
3627
3818
3926
3990
4023
4245
4288
4363
4409
4529
4675
4778
4975
4995
5025
5082
5144
5168
5302
5443
5473
5792
5796
6121
6158
6201
6307
6329
6579
6754
6864
6933
7010
7126
7164
7187
7318
7710
8105
8123
8304
8533
8541
8563
8691
8923
8951
9005
9161
9173
9456
9566
9612
9685
10534
10605
10677
10741
10875
10905
10994
11041
11087
11095
11234
11380
11562
11689
11732
11945
11973
12122
12302
12310
12368
12390
12457
12723
13109
13445
13718
13785
13875
14039
14041
14193
14920
15066
15384
16297
16492
16724
16761
16913
16958
17136
17192
17306
17424
17563
17568
17641
17729
17910
17917
18052
18175
18668
18863
18882
18977
19216
19300
19403
19614
19934
19974
20056
20136
20293
20344
20600
20618
20860
20963
21078
21183
21203
21380
21385
21412
21455
21488
21510
21549
21935
22012
22336
22710
22911
23205
23408
23620
23652
23929
23948
23967
23990
24216
24427
24498
24750
24835
24867
24917
25067
25368
25674
25686
25946
26267
26542
26845
27386
27680
27801
27917
28038
28208
28210
28511
28592
28769
28800
28878
29245
29401
29410
29722
30051
30082
30337
30474
31089
31202
31659
31765
31808
31933
31997
32098
32454
33033
33087
33301
33337
33515
33623
34011
34106
34109
34242
34325
34372
34610
34628
35184
35327
35342
35371
35912
35966
36296
36319
36594
36724
36845
36881
37016
37369
37409
37418
37593
37815
37889
37913
38055
38081
38219
38225
38305
38388
38638
38789
38812
39375
39533
39866
40135
40578
40631
40680
40784
