11
507
756
792
951
996
1060
1076
1217
1440
1480
1535
1758
2493
2572
2769
2858
2892
2917
3055
3124
3160
3451
3532
3575
3623
3773
3830
3908
3937
4185
4264
4282
4428
4613
4639
4812
4870
4979
5016
5022
5024
5148
5466
5760
5812
6165
6441
6477
6517
6654
7040
7085
7362
7435
8060
8079
8566
8594
8833
9023
9072
9120
9695
9809
9979
9998
10129
10171
10344
10728
10867
10889
11063
11154
11204
11413
11553
11658
11665
11686
11764
12073
12198
12407
12493
12631
12718
12893
13121
13135
13190
13203
13210
13361
13469
13742
13744
13790
14091
14144
14228
14306
14308
14538
14599
14666
14674
14886
14915
15174
16293
16398
16411
16844
16860
17155
17201
17291
17340
17522
17732
17934
17969
18076
18115
18201
18338
18359
18751
18814
18872
19151
19229
19312
19321
19423
19799
20225
20466
20491
20778
21092
21123
21157
21248
21268
21312
21411
21612
21767
21770
22014
22094
22338
22418
22470
22492
22547
22763
22821
22862
23190
24033
24340
24375
24652
24684
24831
24866
24982
25011
26040
26072
26269
26455
26480
26960
26971
27065
27372
27402
27548
27690
27719
27806
27814
27833
28072
28554
28759
28776
28875
28931
29101
29304
29403
29606
29760
29936
30107
30172
30331
30441
30449
30481
30598
30697
30824
31004
31073
31087
31097
31473
31519
31601
31873
31890
31893
32005
32135
32217
32280
32290
32296
32319
32485
32927
33244
33762
33831
33833
34039
34246
34621
34708
34777
34840
34907
34966
34996
35024
35080
35098
35114
35407
35447
35873
35946
36719
36802
37390
37777
37800
37840
38036
38273
38274
38605
38950
38999
39067
39310
39487
39520
39577
39669
39694
39843
39939
40025
40055
40069
40276
40428
42
120
231
302
342
697
1088
1111
1507
1508
1547
1798
1873
2302
2318
2443
2936
2975
3093
3336
3396
3627
4288
4363
4409
4484
4675
4778
4857
4975
4995
5025
5052
5079
5096
5144
5168
5302
5451
5792
5796
5856
5979
6158
6201
7010
7187
7710
7717
8010
8238
8372
8481
8533
8563
8615
8618
8880
9005
9161
9173
9242
9256
9456
9550
9624
9697
9718
9922
10191
10492
10534
10605
10626
10677
10741
10875
10905
10977
10994
11000
11087
11186
11190
11234
11247
11380
11562
11598
11689
11732
11748
11945
11973
12056
12302
12310
12368
13037
13077
13099
13109
13129
13718
13785
14041
14416
14688
14745
14835
14899
14942
15203
15304
15515
16108
16114
16228
16320
16440
16570
16644
17192
17332
17344
17354
17424
17500
17563
17568
17577
17626
17910
18668
19300
19333
19614
19934
20056
20134
20337
20344
20406
20507
20618
21049
21078
21112
21148
21183
21203
21412
21468
21488
21712
22012
22321
22911
23043
23180
23205
23408
23652
23660
23873
23990
24122
24169
24216
24750
24835
24980
25018
25067
25297
25465
25674
25686
25946
26529
26978
27136
27198
27210
27353
27386
27521
27680
27801
27815
27839
27868
27917
27925
28038
28210
28592
28800
28918
29228
29245
29290
29327
29410
29508
30051
30169
30474
30764
30967
31089
31103
31194
31202
31394
31659
31765
31933
31997
32004
32098
32177
32454
32629
32730
32771
32844
33337
33494
33623
34011
34106
34109
34628
34931
35278
35360
35371
35391
35546
35768
35912
35966
36175
36319
36327
36418
36594
36724
37016
37226
37409
37509
37560
37696
37889
37923
37935
38081
38219
38226
38305
38521
38638
38703
38789
38812
38889
38989
39084
39127
39468
39533
39866
40135
40151
40395
40457
40537
40606
40631
40650
40784
