40
382
507
719
756
1060
1076
1163
1202
1440
1479
1535
2003
2037
2066
2104
2336
2348
2572
2769
2784
2858
2861
2917
3055
3124
3160
3391
3451
3532
3816
3830
4185
4268
4282
4387
4422
4428
4602
4613
4639
4812
4979
5022
5503
5760
5812
6026
6165
6313
6517
7040
7085
7835
8253
8424
8535
8578
8626
8644
8833
9072
9120
9154
9654
9695
10129
10344
10593
10687
10867
10889
10942
11225
11515
11553
11642
11711
11764
11830
11965
12073
12198
12346
12375
12407
12631
12955
13029
13121
13175
13190
13203
13299
13469
13624
13709
13744
13884
14091
14144
14190
14228
14363
14516
14538
14599
14666
15480
15534
15710
16293
16398
16411
16463
16470
16603
16697
16844
16860
16968
17067
17155
17291
17340
17732
17780
17934
17969
18115
18201
18256
18359
18472
18506
18751
19008
19151
19225
19229
19423
19624
19799
19805
20024
20104
20334
20466
20491
20506
20537
20778
20876
21092
21123
21157
21248
21268
21287
21312
21411
21747
21770
22014
22297
22763
22821
22935
23080
23190
23240
23694
23971
24033
24173
24289
24340
24375
24554
24598
24652
24684
24761
24807
24831
24866
25011
25192
25324
25470
26040
26347
26480
26537
26561
26715
26992
27104
27163
27195
27372
27402
27690
27719
27725
27748
27814
27833
28759
28776
28783
28931
28990
29101
29304
29588
29599
29606
29653
29760
29836
29936
30107
30172
30331
30449
30481
30660
30824
31004
31073
31097
31601
31637
32005
32123
32152
32217
32296
32485
32931
33180
33274
33762
33815
33831
34017
34039
34169
34235
34246
34300
34584
34621
34708
34794
34818
34966
35017
35024
35053
35080
35098
35151
35325
35379
35403
35407
35424
35447
35589
35909
35946
36051
36329
36347
36757
36802
37302
37777
37840
37907
38103
38274
38444
38605
38950
38983
39067
39205
39310
39449
39459
39572
39669
39843
39939
40025
40055
40069
40074
40276
40309
40342
40773
13
85
117
342
369
1088
1111
1508
1632
1739
1873
2253
2318
2443
2575
2580
2737
2810
2936
2975
3067
3113
3495
3818
3823
3935
4023
4288
4409
4456
4520
4819
4857
4975
4995
5044
5082
5144
5168
5661
5745
5792
5796
5856
6046
6167
6194
6329
6375
6705
6754
6864
6886
6933
7010
7074
7126
7164
7345
7503
7586
7717
8010
8105
8217
8224
8234
8238
8239
8408
8481
8533
8541
8615
8691
8880
9456
9550
9624
10077
10492
10534
10541
10626
10677
10905
10977
10994
11087
11095
11247
11380
11598
11732
11748
11945
12368
12723
12746
13077
13445
13718
13785
14039
14193
14745
15066
15203
15304
15348
15424
15697
15922
16093
16108
16114
16320
16440
16574
16644
17136
17306
17327
17354
17360
17500
17563
17568
17577
17641
18052
18668
18882
18977
19353
19403
19913
20015
20056
20136
20337
20344
20618
20813
20860
20963
21049
21148
21203
21468
21481
21488
21712
21729
22321
22710
22726
22888
22894
22911
23494
23620
23652
23660
23873
23948
23990
24122
24169
24216
24835
25018
25600
25686
26137
26232
26267
26529
26542
26845
27136
27198
27210
27221
27353
27386
27680
27801
28038
28208
28327
28918
29401
29722
29787
30008
30169
30406
30764
30967
31194
31808
31875
32004
32629
32844
33033
33301
33337
33515
34011
34109
34192
34325
34628
34668
34931
35056
35128
35184
35327
35371
35391
35541
35768
35912
35966
36327
36418
36845
37016
37311
37418
37509
37696
37923
38055
38081
38219
38226
38305
38521
38789
38812
38989
39127
39147
39468
39533
39574
40135
40563
40578
