382
719
1076
1094
1163
1217
1397
1412
1440
1479
1535
2003
2037
2336
2784
3160
3383
3451
3623
3773
3999
4268
4269
4282
4422
4428
4639
4812
4979
5022
5465
5760
5811
5812
6165
6190
6313
6982
7040
7147
7261
7435
7835
7969
8060
8253
8291
8510
8566
8578
8594
8644
8781
8976
9047
9120
9154
9695
9738
9795
10171
10344
10593
10687
10728
10777
10867
10942
11154
11225
11277
11413
11515
11553
11609
11642
11658
11665
11711
12073
12198
12375
12407
12609
12631
12955
13029
13060
13135
13175
13190
13314
13361
13709
13726
13744
13790
13884
13986
14091
14190
14306
14599
14844
14859
14886
14915
15059
15349
15480
15710
16293
16308
16463
16470
16603
16697
16844
16968
17097
17265
17340
17444
17732
17780
17934
17969
18076
18201
18506
18751
18794
19008
19151
19291
19312
19321
19422
19734
19805
19903
20466
20506
20770
20778
20876
21004
21134
21248
21312
21411
21767
22010
22014
22094
22297
22418
22470
22492
22763
23080
23240
23890
23971
24173
24347
24554
24571
24598
24652
24807
24831
24866
25324
25780
26072
26277
26347
26455
26561
26580
26715
26951
26958
26971
27065
27163
27195
27402
27548
27690
27719
27725
27748
27814
27833
28072
28554
29403
29601
29606
29653
29836
29925
29936
30107
30172
30331
30347
30481
30598
30660
30697
30824
31004
31087
31097
31271
31392
31519
31592
31873
31882
31893
32005
32290
32296
32869
32908
32927
32931
33180
33244
33448
33815
33831
33833
34367
34584
34777
34794
34840
34884
34966
34996
35017
35078
35080
35098
35255
35379
35424
35769
35909
36347
36719
36726
36757
37281
37390
37678
37800
37840
37907
38013
38036
38274
38677
38887
38983
38999
39082
39205
39417
39459
39487
39520
39577
39587
39669
39694
39843
40074
40773
13
117
231
346
697
1088
1111
1181
1507
1547
1632
1739
1873
2253
2318
2443
2452
2580
2737
2747
2936
3067
3093
3113
3336
3396
3588
3627
3818
3823
3926
3927
3990
4245
4288
4363
4409
4456
4520
4819
4857
4995
5044
5052
5079
5082
5096
5163
5250
5302
5324
5451
5615
5661
5792
5796
5856
5979
6046
6167
6307
6469
6754
6933
7318
7586
7717
8010
8123
8217
8234
8238
8304
8533
8563
8615
8618
8691
8713
9005
9161
9566
9612
9946
10077
10492
10541
10605
10626
10875
10905
10977
10994
11000
11087
11186
11234
11247
11380
11689
11748
11973
12056
12310
12368
12390
12723
12746
13037
13099
13109
13445
13718
13875
14039
14193
14245
14416
14899
14901
14942
15066
15423
15424
15515
15697
15922
16093
16228
16380
16434
16440
16724
16761
16913
17306
17332
17344
17360
17424
17500
17563
17568
17577
17626
17910
17917
18891
19300
19333
19403
19614
19913
20038
20134
20136
20286
20293
20337
20344
20751
20963
21148
21184
21203
21412
21468
21488
21510
21712
22012
22321
22336
22894
22911
23043
23205
23494
23929
24122
24169
24216
24835
24867
24917
25018
25297
25334
25600
25674
25686
26232
26542
26978
27155
27353
27868
28005
28210
28327
28592
28769
28800
29228
29290
29401
30764
31103
31165
31194
31808
31933
31997
32177
32629
32771
33033
33087
33337
33494
33515
34192
34325
34369
34372
34610
34622
34931
35184
35360
35371
35391
35392
35546
35625
35633
35912
36021
36296
36319
36594
36724
36845
37226
37239
37311
37418
37560
37593
37815
37923
37927
38055
38219
38388
38521
38638
38812
38989
39084
39127
39375
39455
39574
39866
39978
40395
40457
40563
40578
40606
40609
40631
40784
