382
507
719
756
951
996
1027
1076
1094
1163
1412
1535
1671
2003
2037
2336
2348
2459
2769
2858
2861
2917
3382
3383
3451
3816
3937
4185
4268
4269
4428
4602
4639
4772
4812
4870
4979
5465
5466
5503
5811
6165
6313
6477
6982
7040
7085
7147
7158
7261
7362
7963
8079
8291
8360
8424
8480
8535
8566
8594
8644
8833
9023
9047
9120
9593
9809
9979
9998
10279
10344
10777
10889
10927
11063
11139
11277
11515
11553
11609
11658
11686
11830
12346
12407
12474
12512
12690
13203
13397
13469
13518
13624
13742
13744
13790
13986
14091
14228
14301
14306
14516
14599
14666
14859
14915
15174
15349
15480
15534
16254
16470
16603
16697
16844
16860
16959
17155
17265
17291
17732
18076
18201
18256
18506
18580
18751
18872
19225
19321
19423
20104
20466
20491
20506
20537
20778
20876
20938
21004
21092
21134
21248
21747
21767
21770
21821
22470
22492
22528
22862
23190
23867
24173
24375
24598
24684
24761
24831
25011
25780
25820
26040
26072
26455
26971
26992
27104
27163
27195
27372
27402
27690
27725
27748
27806
27814
28072
28122
28473
28554
28759
28776
28875
28931
28990
29101
29304
29403
29588
29599
29606
29625
29653
29836
29925
29963
30040
30331
30347
30441
30449
30660
30697
31004
31019
31097
31473
31519
31592
31601
31873
32123
32135
32290
32319
32869
32908
32927
32931
33180
33244
33274
33762
33833
33965
34020
34169
34367
34621
34777
34794
34818
34840
34907
34963
34996
35024
35114
35325
35424
35447
35589
35651
36051
36506
36719
36802
37281
37678
37777
37800
37840
37907
38013
38103
38274
38628
38677
38887
39067
39082
39205
39310
39417
39459
39572
39587
39669
39694
39939
40025
40229
40276
40309
40432
40773
40800
42
85
120
219
231
342
369
697
1181
1508
1547
1739
2253
2302
2443
2575
2747
2834
3067
3069
3123
3818
3823
3926
4456
4520
4857
4919
4975
4991
5025
5082
5096
5144
5185
5250
5324
5473
5661
5745
5796
5979
6194
6375
6399
6469
6579
6886
6933
7064
7164
7318
7503
7586
8010
8105
8123
8234
8238
8304
8481
8618
8712
9005
9092
9161
9456
9550
9566
9612
9624
9685
9922
9946
10492
10541
10605
10626
10677
10905
10977
10994
11000
11041
11087
11186
11234
11247
11380
11689
11732
11945
11973
12056
12122
12345
12368
12390
12457
12723
12746
13077
13109
13718
13785
13875
14416
14745
14835
14899
14901
14920
15203
15304
15384
15423
15515
15922
16114
16492
16493
16574
16724
16958
17136
17500
17563
17568
17577
17641
17729
17910
17917
18052
18668
18891
18977
19333
19403
19934
20293
20406
20618
20664
20751
20813
20963
21148
21183
21203
21385
21455
21468
21488
21510
21712
21729
22274
22321
22336
22710
22726
22894
22911
23043
23180
23205
23660
23873
23929
24169
24750
24835
24867
24917
24955
25018
25067
25297
25465
25674
26542
26845
27155
27221
27386
27521
27680
27868
27917
27925
28005
28208
28210
28327
28511
28592
28878
28918
29228
29290
29327
29401
29410
29722
29787
30051
30337
30406
30474
30764
30967
31103
31165
31194
31394
31765
31808
31875
31997
32004
32177
32629
32730
32771
32844
33033
33301
33515
33623
33701
34106
34242
34325
34369
34372
34628
34668
34896
34923
35056
35327
35392
35546
35625
35768
36175
36296
36319
36327
36594
36845
37016
37226
37369
37409
37418
37560
37913
37923
38081
38219
38226
38508
38789
38889
39375
39455
39574
39978
40135
40185
40395
40537
40563
40575
40578
40606
40631
40680
