11
40
719
756
792
996
1027
1076
1094
1163
1202
1412
1758
2003
2037
2066
2104
2348
2493
2784
2858
2892
3055
3124
3382
3451
3575
3623
3773
3999
4264
4268
4387
4428
4639
5016
5024
5148
5355
5811
5812
5873
6026
6165
6190
6477
6711
7147
7158
7261
7362
7969
8253
8291
8360
8535
8566
8626
8644
8781
8833
9023
9072
9120
9154
9240
9593
9654
9695
9795
9979
10271
10279
10725
10728
10777
10867
10889
10942
11063
11225
11609
11642
11686
11711
12071
12073
12346
12474
12493
12571
12631
12718
12985
13029
13060
13126
13210
13299
13469
13518
13624
13709
13726
13742
13790
13884
14091
14190
14228
14363
14538
14844
14859
14886
15059
15349
15480
15534
15710
16293
16411
16463
16470
16697
16844
16959
16968
17291
17444
17522
17780
17934
17969
18115
18338
18359
18472
18506
19151
19229
19312
19422
19423
19734
19805
20104
20225
20466
20491
20537
20770
20778
21411
21770
21821
22014
22338
22470
22823
22862
22935
23240
23890
23971
24033
24173
24340
24347
24375
24571
24598
24761
24807
24831
24866
24982
25324
26269
26455
26561
26715
26901
26951
26958
26960
26971
26992
27065
27104
27163
27569
27690
27719
28122
28473
28554
28759
28990
29304
29588
29625
29644
29760
29936
30172
30331
30449
30481
30598
30824
31004
31019
31087
31097
31271
31637
31873
31890
32123
32152
32290
32319
32485
32869
32908
32927
33180
33448
33762
33965
34020
34169
34246
34621
34708
34818
34884
34907
34963
35024
35053
35080
35098
35114
35151
35379
35403
35424
35589
35769
35860
36329
36347
36506
37281
37390
37800
37840
37907
38103
38255
38273
38628
38887
38950
38999
39067
39205
39449
39520
39572
39577
39843
40074
40309
40342
40432
40773
31
42
85
120
231
346
369
697
1088
1111
1181
1507
1547
1798
1873
2302
2318
2443
2452
2580
2601
2747
2810
2936
2975
3067
3069
3087
3350
3396
3588
3823
3926
3927
3935
4456
4520
4529
4975
5025
5044
5079
5144
5163
5473
5615
5661
5792
6121
6158
6167
6194
6201
6329
6375
6754
6886
7010
7064
7074
7126
7164
7231
7503
7586
7710
7717
8105
8238
8239
8372
8481
8533
8541
8618
8691
8713
8880
8923
8951
9066
9092
9161
9173
9242
9697
9718
9922
9946
10077
10492
10534
10541
10677
10905
10977
10984
11087
11095
11234
11247
11598
11689
11732
11748
12056
12122
12302
12345
12723
13077
13099
13129
14041
14193
14416
14745
14835
14899
14942
15066
15132
15203
15384
15423
15515
16228
16297
16434
16570
16574
16644
16913
17327
17332
17344
17500
18052
18668
18863
18977
19216
19300
19333
19403
19690
19913
19974
20015
20134
20337
20344
20618
20813
20827
20860
20963
21049
21184
21203
21468
22036
22321
22519
22544
22726
22888
22894
22911
23043
23180
23205
23408
23620
23929
23948
23967
24122
24427
24721
24750
24835
24867
24980
25018
25067
25297
25368
25674
25686
26232
26267
26529
26845
26978
27155
27221
27521
27680
28038
28208
28210
28327
28511
28800
28878
28918
29327
29410
29722
29787
30169
30337
30474
31165
31202
31394
31659
31765
31997
32004
32771
32844
33213
33301
33337
33515
33701
34106
34192
34325
34369
34372
34610
34628
34668
34923
35056
35278
35391
35392
35541
35912
36021
36296
36327
36418
36594
36845
36881
37016
37409
37560
37696
37714
37913
38081
38219
38225
38226
38305
38388
38789
38812
38989
39127
39147
39468
39533
40151
40231
40395
40537
40575
40578
40606
40631
40680
40784
