40
507
819
1060
1076
1094
1197
1217
1412
1513
1535
1758
2037
2104
2336
2553
2769
2892
2917
3055
3160
3382
3383
3532
3623
3816
3908
3937
3999
4269
4422
4613
4639
4812
4870
5024
5074
5760
5811
5812
5873
6165
6190
6441
6517
6537
6654
6711
6982
7040
7147
7261
7362
8291
8480
8578
8781
8833
8976
9023
9072
9154
9240
9524
9593
9654
9695
9809
10129
10131
10279
10344
10687
10728
10927
11063
11139
11154
11413
11515
11609
11642
11658
11665
11686
11829
11830
11965
12073
12346
12375
12407
12571
12609
12690
12893
12955
13121
13135
13175
13190
13203
13314
13361
13397
13624
13709
13742
13744
13833
13884
14091
14144
14190
14516
14859
15174
15349
15480
15710
16293
16308
16398
16411
16603
17265
17340
17444
18201
18256
18338
18359
18506
18580
18751
18814
18872
19151
19225
19805
19903
20104
20225
20466
20506
20537
20876
21134
21268
22010
22014
22094
22136
22246
22297
22492
22547
22763
22821
22935
23694
24033
24340
24375
24554
24571
24598
24684
24689
24807
24866
25192
25780
26347
26455
26480
26537
26561
26715
26951
26958
27195
27719
27725
28982
28990
29403
29588
29599
29625
29653
29760
29925
29936
29963
30107
30441
30449
30481
30824
31004
31019
31073
31087
31473
31601
31637
31882
32135
32152
32280
32290
32296
32485
32927
33244
33274
33448
33762
34169
34235
34246
34300
34367
34584
34777
34840
34884
34907
34996
35024
35080
35151
35255
35325
35364
35403
35407
35424
35447
35769
35770
35946
36051
36082
36506
36726
36802
37390
37800
37840
37907
38103
38222
38273
38605
38887
39205
39310
39449
39474
39487
39572
39587
39939
40025
40055
40309
40432
13
219
346
369
697
762
1111
1547
1798
1873
2302
2318
2580
2662
2834
2836
2936
3067
3069
3113
3123
3350
3396
3572
3588
3823
3926
3927
3990
4023
4288
4456
4484
4529
4675
4778
4857
4919
4991
5025
5079
5082
5144
5185
5302
5443
5451
5792
5796
5856
6121
6158
6307
6329
6375
6399
6705
6754
6886
7010
7064
7074
7164
7187
7231
7345
7710
8217
8234
8238
8408
8533
8563
8615
8618
8712
8713
8880
8951
9005
9066
9092
9161
9173
9242
9256
9550
9612
9935
10077
10534
10541
10605
10626
10677
10741
10875
10977
10994
11186
11190
11234
11598
11689
11973
12056
12345
12368
12457
12723
12746
13077
13099
13445
14041
14245
14416
14745
14890
14901
14920
14942
15066
15203
15348
15384
15423
16108
16114
16297
16380
16440
16492
16493
16574
16958
17306
17327
17344
17360
17424
17500
17626
17729
17917
18052
18668
18891
18977
19216
19333
19403
19614
19690
19913
19974
20015
20056
20293
20344
20751
20813
20827
20963
21049
21078
21455
21468
21481
21488
21712
21729
21935
22012
22036
22336
22888
22911
23043
23180
23408
23494
23620
23652
23660
23873
23948
23967
23990
24169
24216
24721
24750
24835
24980
25018
25297
25334
25368
25686
25946
26232
26529
26542
26845
26978
27136
27198
27210
27521
27815
27868
28038
28327
28511
28800
28878
29401
29410
29722
29787
30008
30051
30082
30967
31103
31165
31194
31394
31659
31875
31997
32098
32177
32197
32629
33033
33087
33301
33494
33515
34011
34106
34192
34372
34628
34668
34896
34923
35327
35371
35391
35392
35541
35546
35633
35957
36021
36293
36296
36418
37016
37239
37409
37593
37696
37913
37923
37927
38055
38226
38305
38508
38811
38812
38889
39084
39147
39375
39455
39468
39533
39574
40135
40185
40395
40537
40563
40680
