40
382
756
792
819
951
996
1060
1163
1197
1202
1397
1440
1492
1535
1671
2066
2459
2572
2784
2858
3055
3382
3773
3999
4185
4602
4613
4812
5016
5022
5355
5465
5466
5760
5812
5873
6190
6313
6441
6477
6654
7085
7261
7362
7963
7969
8060
8253
8291
8360
8480
8510
8535
8566
8578
8644
8833
8976
9023
9047
9072
9154
9524
9654
9695
9738
9998
10129
10131
10271
10279
10344
10593
10725
10777
11154
11225
11413
11515
11553
11609
11642
11711
11830
12073
12198
12346
12407
12512
12609
12955
13060
13104
13121
13135
13361
13397
13624
13884
14144
14190
14308
14363
14516
14538
14666
14674
15059
15174
15480
16254
16308
16398
16411
16463
16470
16603
16697
16844
16860
16959
16968
17155
17265
17291
17340
17732
17780
17934
18115
18121
18201
18256
18359
18472
18506
18794
18814
19008
19151
19422
19624
19805
20024
20104
20334
20491
20770
20778
20938
21004
21092
21123
21248
21287
21312
21411
21612
21770
21821
22136
22470
22492
22547
22821
22862
22935
23190
23867
23890
23971
24033
24173
24340
24375
24554
24684
24761
24807
25011
25470
26040
26269
26537
26561
26715
26951
26958
27065
27104
27163
27195
27402
27548
27690
27725
27748
27833
28072
28783
28931
28982
28990
29403
29588
29601
29625
29644
29653
29836
29936
30347
30441
31073
31271
31473
31519
31873
31882
31893
32005
32152
32280
32290
32296
32319
32908
33762
33831
34039
34246
34300
34367
34584
34708
34777
34818
34840
34884
34907
34963
34966
34996
35017
35024
35053
35080
35098
35151
35325
35589
35769
36051
36329
36719
36726
36757
36802
37281
37302
37390
37777
37907
38255
38274
38444
38677
38999
39067
39082
39417
39474
39520
39572
39669
39694
39843
39939
40074
40229
40342
40428
40773
40800
31
42
85
117
120
219
302
342
369
762
1088
1507
1632
1739
1873
2253
2443
2452
2575
2747
2810
2834
2975
3069
3087
3123
3204
3350
3495
3572
3588
3935
3990
4363
4484
4520
4778
4819
4919
4975
4991
5025
5052
5082
5096
5163
5168
5185
5302
5473
5615
5792
5856
6046
6121
6167
6201
6307
6329
6399
6469
6579
7074
7126
7231
7717
8010
8224
8234
8238
8304
8408
8615
8618
8691
8880
9066
9161
9256
9550
9612
9697
9718
9935
10077
10534
10541
10626
10677
10875
10905
10977
10984
11000
11041
11087
11247
11380
11689
11748
12122
12310
12345
12368
12390
12457
12723
12746
13077
13099
13109
13129
13718
13785
13875
14039
14041
14193
14245
15203
15304
15348
15384
15423
15515
15697
16108
16114
16380
16440
16493
16570
16574
16644
16913
16958
17327
17332
17344
17563
17626
17910
19300
19353
19974
20038
20134
20286
20293
20344
20507
20600
20664
20813
20963
21049
21078
21148
21184
21385
21712
21935
22036
22321
22888
22911
23620
23929
23967
23990
24122
24216
24427
24498
24835
24867
24917
24980
25018
25297
25600
25674
25686
25946
26137
26232
26529
26845
27136
27210
27221
27680
27815
27917
28038
28210
28592
28800
29245
29290
29401
29470
29508
29722
29787
30008
30337
30764
31089
31194
31659
31808
32098
32177
32197
33033
33087
33213
33494
33515
34011
34192
34242
34372
34610
34622
35056
35278
35327
35342
35391
35541
35625
35633
36175
36594
36845
36881
37016
37418
37509
37560
37696
37714
37889
37923
37935
38081
38225
38226
38305
38388
38521
38638
38789
38812
38889
38989
39084
39375
39468
39533
39574
39866
39978
40151
40457
40537
40575
40578
40606
40650
40680
