382
507
819
951
1027
1076
1094
1163
1202
1217
1397
1412
1479
1492
1513
1535
1758
2003
2066
2336
2348
2493
2858
2861
2892
3055
3124
3160
3382
3451
3623
3773
3908
3999
4282
4422
4428
4554
5016
5148
5465
5466
5812
5873
6165
6477
6517
6537
6654
6711
6982
7835
7963
8060
8360
8510
8566
8578
8644
9047
9120
9154
9654
9795
9809
9979
9998
10129
10131
10728
10777
10867
10927
10942
11413
11515
11658
11711
11764
11830
12071
12245
12407
12512
12571
12690
12893
13029
13060
13104
13126
13135
13175
13190
13210
13314
13361
13397
13469
13742
13833
13884
14091
14301
14886
15059
15349
16308
16398
16463
16697
16844
16860
16959
17444
17732
17934
17969
18115
18121
18201
18338
18580
18814
19008
19151
19225
19229
19312
19422
19423
19525
19805
19903
20770
21123
21134
21157
21167
21268
21612
21767
21770
21821
22010
22094
22136
22246
22338
22418
22492
22528
22763
22862
22935
23694
23890
23971
24033
24173
24340
24347
24761
24866
24982
25011
25192
25820
26269
26347
26561
26715
26951
26960
26971
27065
27104
27352
27548
27719
27748
27814
27833
28072
28554
28658
28783
28982
28990
29152
29403
29601
29606
29644
29653
29836
29925
30172
30347
30441
30481
30598
31004
31087
31392
31519
31592
31601
31637
31882
32005
32123
32135
32290
32296
32319
32485
32908
32931
33180
33274
33448
33749
33762
33815
33831
33965
34020
34039
34169
34246
34300
34367
34584
34621
34777
34794
34818
34884
34963
35024
35078
35080
35255
35325
35379
35589
35873
35946
36082
36347
36599
36802
37281
37907
38036
38222
38273
38444
38950
39067
39082
39449
39487
39520
39572
39587
39669
39694
40055
40074
40309
40342
40432
13
31
85
120
219
231
302
697
762
1111
1181
1508
1739
2302
2318
2575
2580
2737
2747
2810
3067
3113
3123
3204
3336
3350
3495
3572
3588
3823
3926
4245
4288
4363
4456
4484
4529
4819
4975
4991
4995
5044
5052
5082
5185
5324
5451
5661
5796
5856
6375
6579
6705
6754
6864
7010
7187
7318
7503
7710
7717
8105
8123
8224
8234
8238
8239
8304
8372
8541
8563
8615
8618
8691
8880
9066
9092
9161
9173
9256
9550
9685
9718
9935
10191
10534
10541
10626
10741
10994
11000
11087
11095
11186
11190
11234
11689
11732
11748
11973
12345
12368
12390
12457
12746
13129
13445
13875
14039
14245
14745
14835
14942
15203
15304
15348
15515
15697
16093
16108
16228
16320
16380
16434
16440
16492
16493
16570
16574
16644
16724
16761
17327
17332
17344
17360
17563
17568
17917
18175
18891
19216
19300
19690
19934
19974
20038
20056
20134
20136
20344
20406
20600
20618
20827
20860
20963
21049
21183
21184
21203
21380
21385
21455
21468
21481
21510
21549
21729
22012
22036
22710
23043
23205
23408
23494
23620
23660
23873
23967
23990
24427
24498
24721
24750
24835
24867
25018
25067
25368
25465
25600
25686
26137
26267
26542
26845
27198
27210
27221
27353
27386
27801
27815
27917
28005
28038
28208
28210
28511
28592
28800
28918
29245
29290
29327
29722
30051
30764
31089
31194
31202
31659
31765
31875
31933
31997
32004
32454
32730
32771
32844
33213
33278
33337
33494
33623
33701
34011
34106
34192
34242
34325
34369
34372
34610
34896
35056
35184
35278
35327
35371
35392
35633
36021
36724
37016
37369
37418
37560
37696
37815
37889
37923
37927
37935
38055
38081
38219
38225
38508
38638
38811
38812
38889
39084
39147
39375
39455
40231
40395
40537
40575
40606
