11
40
382
507
792
951
1163
1202
1397
1412
1440
1513
1671
1758
2003
2104
2459
2493
2553
2769
2784
2861
3124
3382
3383
3391
3623
3830
3908
4185
4264
4268
4387
4422
4554
4602
4613
4639
4772
4979
5016
5024
5148
5355
5466
5503
5811
6477
6517
7040
7147
7261
7835
7963
8360
8535
8578
8594
8626
8644
8781
8833
9240
9524
9738
9795
9809
10271
10687
10725
10728
10777
10889
10942
11139
11277
11642
11665
12073
12198
12375
12407
12474
12512
12571
12609
12893
12955
12985
13029
13060
13126
13135
13175
13190
13361
13397
13624
13726
13744
13884
13986
14091
14228
14306
14516
14674
14886
14915
15174
15534
15710
16254
16293
16308
16411
16463
16470
16697
16959
16968
17067
17097
17265
17340
17444
17934
18076
18115
18201
18359
18506
18580
18751
18794
18814
19008
19229
19321
19525
19903
20225
20770
20876
20938
21123
21167
21248
21287
21411
21767
22297
22418
22492
22528
22547
23080
23240
23867
23890
23971
24173
24289
24340
24375
24554
24652
24684
24689
24807
24866
24982
25192
25324
25470
25801
25820
26269
26347
26455
26537
26561
26580
26715
26901
26951
26958
26960
26971
26992
27065
27352
27402
27569
27690
27719
27833
28072
28473
28658
28783
28875
28990
29101
29304
29588
29601
29606
29760
29836
30040
30347
30441
30449
30824
31087
31473
31519
31601
31882
31890
32135
32485
32927
33448
33762
33815
33833
33965
34020
34039
34235
34367
34708
34777
34794
34884
34907
34963
35017
35024
35080
35098
35114
35151
35364
35403
35447
35589
35769
35909
36082
36506
36599
36719
36726
36757
37281
37390
37678
37907
38013
38036
38103
38222
38273
38274
38444
38628
38983
38999
39310
39417
39449
39459
39587
39669
39939
40025
40055
40069
40074
40229
40276
40309
40342
40800
31
219
231
346
369
697
762
1088
1111
1547
1632
1873
2253
2302
2575
2601
2737
2810
2834
2836
2936
2975
3067
3087
3093
3123
3350
3572
3588
3927
3990
4288
4409
4456
4529
4675
4778
4819
4991
5052
5079
5185
5324
5615
5661
5792
5856
6121
6158
6167
6201
6307
6329
6399
6469
6579
6705
6754
6864
6886
6933
7010
7187
7231
7318
7345
7586
7710
8123
8217
8224
8239
8304
8408
8541
8563
8712
8880
9005
9242
9550
9566
9685
9922
9946
10191
10534
10541
10605
10626
10741
10875
10905
10977
10984
10994
11000
11087
11095
11186
11190
11247
11380
11562
11689
11732
11973
12056
12390
12457
13037
13129
13445
13718
13785
14041
14745
14899
14901
15066
15132
15203
15515
15922
16108
16297
16570
16644
16761
17306
17354
17424
17563
17577
17641
17729
17910
17917
18052
18175
18882
18891
19333
19353
19614
19974
20038
20134
20344
20507
20600
20827
21183
21184
21203
21380
21385
21481
21510
21549
21729
21935
22012
22036
22274
22321
22519
22544
22888
23043
23620
23652
23660
23873
23948
23967
24216
24427
24498
24750
24835
24867
25334
25368
25674
26137
27155
27198
27221
27353
27521
27680
27925
28005
28208
28327
28511
28592
28769
29470
29508
29722
29787
30169
30406
30474
30967
31089
31165
31202
31808
31933
32004
32098
32177
32197
32730
33033
33087
33278
33337
33623
34011
34106
34192
34369
34610
35056
35128
35360
35371
35541
35768
35912
35957
35966
36175
36327
36418
36481
36845
36881
37696
37815
37889
37913
37923
37935
38055
38081
38219
38225
38388
38508
38521
38638
38703
39127
39468
39574
39978
40135
40231
40537
40575
40578
40606
40609
40631
40650
40680
