11
382
507
719
951
1027
1060
1076
1163
1202
1217
1412
1479
1480
1492
1513
1535
2104
2336
2348
2493
2553
2572
2861
2892
2917
3055
3382
3575
3773
3830
3908
4268
4387
4554
4639
4772
4812
5074
5148
5465
5466
5503
5760
5811
5873
6026
6190
6517
6537
6606
7158
7261
7362
8424
8510
8566
8594
8626
8644
9023
9072
9120
9240
9695
10593
10687
10777
10927
11204
11225
11277
11413
11515
11553
11609
11829
12346
12375
12407
12571
12718
12893
12955
12985
13029
13060
13175
13190
13210
13361
13518
13624
13986
14091
14144
14363
14538
14599
14666
14844
14859
15059
15349
15710
16254
16293
16308
16411
16463
16470
16603
16697
16860
16959
17067
17201
17265
17291
17340
17444
17522
17969
18115
18201
18338
18506
18580
18794
18872
19229
19312
19321
19422
19799
19805
19903
20024
20466
20537
20876
21092
21123
21134
21157
21167
21268
21287
21612
21747
21767
21770
22010
22094
22297
22418
22821
22862
22935
23190
23694
23890
24033
24289
24375
24554
24598
24652
24684
24689
24831
24866
24982
25192
25324
25470
25780
25801
25820
26040
26072
26277
26455
26480
26537
26951
26958
26971
27065
27104
27163
27548
27569
27690
27719
27806
27833
28072
28554
28658
28759
28783
29304
29599
29601
29606
29625
29644
29653
29836
29925
29936
29963
30040
30331
30347
30441
30660
30824
31004
31073
31097
31271
31392
31601
31890
32005
32217
32296
32319
32485
32869
32927
33244
33749
33815
33831
33833
34017
34367
34621
34818
34907
34966
35017
35053
35078
35080
35098
35114
35255
35364
35379
35403
35424
35447
35589
35651
35860
35873
35946
36347
36506
36726
36757
37302
37390
37800
37840
37907
37931
38013
38103
38222
38273
38274
38444
38628
38677
38999
39067
39082
39310
39459
39474
39487
39939
40055
40069
40074
40229
40276
40428
40773
40800
13
31
42
85
120
219
342
346
762
1181
1507
1508
2253
2302
2452
2580
2737
2747
2810
2936
3069
3087
3123
3204
3336
3495
3572
3627
3990
4456
4520
4675
4919
4991
5025
5082
5096
5163
5168
5250
5302
5324
5443
5451
5473
5792
5979
6121
6329
6469
6579
6886
6933
7010
7126
7164
7318
7345
7503
7710
7717
8010
8123
8217
8224
8238
8239
8408
8481
8541
8713
9005
9066
9161
9242
9550
9566
9612
9685
9697
9922
9935
10605
10741
10875
10977
11000
11041
11234
11380
11562
11689
11748
12368
12746
13037
13077
13099
13109
13445
13875
14041
14835
14899
14901
14920
15066
15424
15922
16093
16228
16380
16434
16440
16492
16493
16574
16644
16724
16913
16958
17136
17192
17332
17344
17354
17424
17641
17729
18052
18668
18882
18891
19216
19333
19974
20015
20056
20293
20618
20827
20963
21049
21148
21184
21203
21468
21488
21510
21549
22519
22544
22710
22726
22894
23180
23205
23408
23494
24169
24216
24721
24750
24917
25018
25297
25334
25465
26137
26232
26529
26542
26845
26978
27353
27386
27680
27815
27917
28208
28210
28511
28769
28918
29245
29290
29327
29410
29787
30008
30051
30169
30337
30406
30474
30967
31103
31659
31875
31933
31997
32004
32098
32177
32197
32629
32730
33033
33337
33623
33701
34011
34192
34369
34372
34622
34668
34896
34923
35056
35128
35327
35625
35768
35912
35966
36021
36175
36293
36319
36327
36418
36481
36845
36881
37016
37311
37560
37593
37696
37889
37927
37935
38055
38219
38226
38305
38388
38812
38989
39127
39147
39375
39455
39533
39866
40151
40185
40457
40537
40606
40631
40650
