11
507
756
996
1027
1076
1094
1197
1412
1440
1480
1492
1513
1535
2336
2348
2553
2572
2784
2892
2917
3055
3124
3383
3391
3451
3575
3773
3816
3908
4268
4269
4387
4613
4772
4870
5016
5022
5148
5355
5503
5811
5873
6165
6188
6190
6441
6517
6537
6606
6654
6711
6982
7040
7085
7147
7158
7362
7435
7963
7969
8079
8253
8360
8424
8480
8594
9023
9072
9154
9240
9524
9979
9998
10131
10687
10728
10867
10927
10942
11277
11609
11642
11658
11764
12071
12198
12245
12346
12375
12474
12493
12512
12631
12690
12718
12893
12955
13029
13126
13135
13175
13299
13361
13397
13624
13884
14144
14228
14301
14538
14674
14886
14915
15480
15534
16254
16308
16411
16463
17097
17291
17340
17780
17969
18121
18201
18256
18338
18472
18794
18872
19225
19229
19312
19423
19734
19903
20024
20225
20466
20537
20938
21134
21248
21268
21312
21411
21612
21770
22010
22136
22297
22470
22528
22547
22821
22823
22862
23080
23190
23240
23867
23890
24340
24347
24684
24982
25011
25192
25780
26040
26072
26277
26455
26561
26580
26951
26960
26971
26992
27195
27352
27372
27402
27548
27569
27719
27748
28072
28473
28658
28759
28776
28875
28931
28990
29101
29403
29599
29606
29625
29653
29760
29925
29936
29963
30441
30481
30598
30660
30697
31004
31073
31271
31392
31473
31519
31873
32135
32152
32290
32869
33180
33448
33749
33762
33815
33831
34017
34020
34169
34235
34246
34300
34367
34621
34708
34794
34840
35078
35080
35098
35114
35255
35325
35424
35447
35909
35946
36051
36082
36506
36719
36726
37281
37390
37800
37907
38013
38103
38273
38274
38444
38605
38628
38983
39082
39310
39449
39459
39474
39587
39694
39843
39939
40074
40229
40342
40428
85
120
342
346
369
697
1088
1507
1547
1632
1798
2253
2318
2443
2452
2601
2737
2810
2834
2936
3067
3069
3087
3113
3123
3336
3627
3990
4245
4363
4456
4778
4857
4919
4975
5044
5079
5082
5250
5796
5979
6167
6194
6579
6705
6886
6933
7010
7164
7231
7345
7586
7710
7717
8217
8238
8239
8304
8541
8563
8618
8712
8923
9066
9092
9161
9173
9550
9612
9624
9685
9922
9946
10077
10492
10534
10605
10626
10741
10875
10905
10994
11041
11087
11186
11190
11247
11380
11748
12390
12457
12723
12746
13077
13129
13785
14041
14193
14416
14890
14920
14942
15348
15423
15515
16108
16228
16297
16380
16440
16492
16724
16958
17136
17327
17332
17424
17500
17563
17626
17641
17729
17917
18052
18668
18863
18882
19216
19333
19353
19614
19690
19913
19934
19974
20038
20056
20286
20293
20344
20507
20600
20664
20827
20963
21112
21183
21184
21203
21380
21385
21455
21488
21935
22036
22274
22321
22336
22544
22710
22894
23205
23408
23620
23873
23967
23990
24427
24721
24867
24955
25018
25067
25334
25368
25465
25600
25674
25686
25946
26137
26542
26845
26978
27155
27198
27386
27815
27839
28327
28511
28769
28878
29228
29245
29290
29327
29470
29508
29787
30169
30337
30474
30764
30967
31089
31165
31194
31394
31659
31808
31875
31933
32004
32454
32730
32844
33213
33494
34610
34628
34668
34896
34923
35056
35327
35360
35371
35391
35541
35546
35633
35768
35957
36021
36175
36296
36319
36418
36594
36724
36881
37226
37311
37369
37418
37560
37696
37714
37815
37889
37923
37935
38055
38388
38508
38521
38638
38703
38789
38812
38889
38989
39084
39147
39533
39866
39978
40135
40231
40395
40457
40537
40575
40578
40650
40680
40784
