11
507
951
996
1412
1440
1513
1535
1758
2003
2066
2104
2459
2553
2784
2861
3160
3382
3383
3451
3623
3816
3999
4264
4268
4282
4422
4554
4602
4772
4812
4870
4979
5024
5074
5148
5465
5466
5503
5811
5873
6188
6190
6313
6441
6477
6537
6654
6982
7085
7158
7261
7835
7963
8079
8291
8424
8480
8594
8644
8976
9023
9072
9120
9154
9240
9593
9695
9738
9809
9979
9998
10131
10171
10279
10344
10725
10777
11277
11609
11642
11665
11764
11829
11830
11965
12073
12493
12571
12609
12631
12718
12893
12985
13029
13203
13210
13299
13361
13469
13518
13726
13790
13833
13884
13986
14144
14190
14228
14301
14306
14516
14538
14674
14844
14859
15174
15349
16293
16398
16411
16463
16470
16697
16959
16968
17155
17265
17291
17340
17444
17522
17732
18115
18121
18201
18472
18506
18580
18814
18872
19008
19151
19225
19321
19525
19734
19799
19903
20024
20334
20491
20778
20938
21004
21157
21248
21312
21411
21747
21770
21821
22014
22094
22136
22246
22338
22418
22470
22492
22528
22547
22763
22821
22862
23080
23694
23867
23890
24033
24289
24340
24571
24598
24652
24689
25324
25470
25801
25820
26269
26277
26347
26455
26958
26960
27065
27195
27352
27402
27548
27748
27806
28072
28473
28554
28759
28783
28990
29599
29606
29625
29653
29836
29925
29963
30040
30331
30347
30449
30481
30660
30697
30824
31004
31073
31087
31097
31271
31392
31473
31637
31882
31890
32005
32135
32296
32908
32931
33180
33244
33448
33749
33815
33831
33833
33965
34017
34169
34235
34246
34584
34621
34794
34840
34884
34907
35053
35114
35255
35379
35403
35769
35873
35909
35946
36329
36719
36757
37302
37678
37777
37840
37907
37931
38036
38255
38274
38605
38677
38887
39417
39459
39474
39587
39669
39939
40074
40276
40773
40800
85
120
302
346
697
762
1088
1181
1547
1739
1798
2575
2580
2737
2747
3069
3123
3396
3588
3818
3823
4409
4778
4857
4991
4995
5025
5052
5079
5096
5144
5163
5250
5324
5661
5745
5792
5796
5856
5979
6046
6167
6194
6201
6307
6469
6705
6754
6864
6933
7064
7164
7345
7586
7710
7717
8105
8217
8234
8239
8408
8615
8618
8713
9005
9066
9256
9685
9697
9718
9922
9946
10077
10191
10492
10534
10541
10626
10741
10994
11000
11087
11095
11186
11562
11598
11732
11945
12056
12302
12310
12368
12457
12723
13037
13099
13109
13129
13445
13785
14041
14193
14245
14745
14835
14899
14901
14942
15066
15203
15348
15384
15423
15922
16093
16108
16114
16320
16493
16570
16574
16761
17306
17327
17424
17568
17641
18891
18977
19216
19300
19333
19353
19403
19690
19913
19974
20015
20136
20293
20337
20344
20406
20600
20618
20827
20860
20963
21049
21078
21112
21148
21385
21481
21488
21549
21712
21729
22012
22036
22274
22519
22544
22894
23043
23652
23929
24721
24867
24955
24980
25018
25686
26137
26232
26529
26845
27136
27155
27198
27221
27353
27386
27680
27801
27839
27917
28005
28208
28210
28327
28592
28769
28878
29410
29470
29787
30406
30474
30967
31165
31194
31659
31765
31808
31875
31997
32454
32629
32771
33213
33301
33337
33515
33701
34106
34192
34242
34325
34369
34610
34628
34923
35128
35184
35278
35327
35360
35371
35625
35768
35912
35966
36175
36293
36327
36845
37016
37226
37239
37311
37418
37509
37560
37714
38055
38081
38219
38226
38388
38508
38638
38811
38889
39084
39375
39574
39866
39978
40135
40151
40231
40563
40575
40606
40680
40784
