40
382
507
792
819
996
1027
1060
1197
1217
1397
1480
1671
2003
2066
2336
2348
2553
2769
2917
3124
3160
3382
3383
3451
3773
3816
4264
4268
4269
4282
4428
4613
4639
4812
5022
5024
5074
5466
5760
5873
6026
6188
6190
6441
6517
6606
6654
7085
7158
7261
7963
7969
8079
8291
8360
8424
8535
8626
8781
8976
9023
9072
9154
9240
9654
9738
10131
10171
10271
10279
10344
10687
10728
10867
10889
11139
11204
11553
11642
11665
11764
12071
12073
12198
12375
12407
12493
12512
12571
12609
12631
12690
12718
13029
13060
13121
13126
13203
13314
13361
13397
13742
13790
13884
14091
14144
14301
14538
14599
14666
14674
14844
14886
14915
15174
15349
16254
16293
16398
16411
16463
16470
16603
16860
17067
17097
17155
17340
17522
17732
17934
17969
18121
18201
18256
18338
18359
18506
18751
18794
18872
19151
19229
19312
19525
19624
19734
19805
19903
20024
20466
20491
20537
20770
20778
20876
20938
21004
21123
21134
21157
21248
21411
21747
22010
22014
22094
22246
22297
22338
22470
22528
22547
22823
22862
23080
23240
23694
23890
23971
24033
24598
24689
24807
24831
24866
24982
25192
25801
26072
26269
26277
26537
26561
26715
26951
26960
27163
27352
27548
27748
28072
28122
28473
28554
28776
28783
29152
29403
29588
29599
29653
29760
29925
29936
29963
30347
30449
30481
30660
31004
31073
31097
31271
31473
31519
31592
31873
31890
31893
32123
32217
32319
32908
33448
33749
33815
33833
34020
34235
34300
34584
34621
34708
34777
34794
34907
34963
35078
35098
35151
35255
35325
35403
35589
35770
35860
35873
35909
35946
36051
36329
36719
36726
37281
37302
37390
37777
37907
37931
38103
38273
38605
38887
38983
39067
39417
39449
39459
39474
39520
39577
39587
39669
39939
40025
40276
40309
40773
42
85
120
219
342
346
697
762
1088
1507
1547
1798
1873
2302
2443
2452
2601
2662
2834
2936
2975
3067
3087
3113
3123
3336
3350
3495
3572
3823
3927
3935
3990
4023
4245
4456
4484
4675
4919
5025
5044
5185
5324
5443
5451
5473
5661
5745
5796
5856
5979
6201
6375
6399
6469
7010
7074
7231
7345
7503
8010
8105
8123
8217
8234
8239
8481
8533
8541
8615
9092
9161
9173
9242
9456
9550
9566
9685
9697
9946
10077
10191
10541
10626
10875
10905
10977
10984
11041
11095
11186
11380
11562
11598
11689
11748
11945
11973
12056
12122
12310
12390
12723
12746
13785
13875
14041
14245
14688
14890
14901
14920
15066
15348
15384
15423
15424
15515
15697
16228
16320
16440
16492
16493
16570
16761
16913
17192
17327
17344
17360
17424
17577
17626
18863
18977
19216
19300
19353
19403
19690
19913
19934
20056
20134
20286
20293
20344
20406
20507
20618
20664
20751
20813
20860
20963
21078
21112
21184
21203
21380
21412
21481
22274
22321
22544
22710
22888
23205
23652
23873
23948
23967
24122
24169
24216
24498
24721
24917
25018
25674
26137
26267
26542
26978
27136
27353
27386
27680
27839
27868
27925
28208
28210
28327
28511
29228
29290
29327
29401
29410
29508
29787
30082
30337
30474
30967
31089
31165
31194
31202
31394
32098
32177
32771
33033
33213
33337
33494
33515
33701
34011
34106
34109
34192
34369
34610
34622
34923
34931
35327
35360
35371
35391
35546
35633
35912
35957
36175
36296
36845
37016
37226
37409
37418
37560
37696
37913
37935
38225
38305
38388
38521
38703
39084
39147
39455
39468
39574
39866
40135
40231
40575
40578
40609
40631
40680
40784
