11
382
756
819
1027
1060
1076
1094
1412
1492
1513
1535
1671
2003
2104
2336
2553
2572
2861
2892
2917
3055
3382
3532
3575
3816
3937
3999
4268
4269
4282
4554
4772
4812
5024
5074
5148
5465
5466
5811
5812
5873
6026
6165
6313
6477
6711
6982
7085
7147
7362
7969
8079
8360
8535
8566
8594
8626
8644
9047
9593
9654
9809
9979
9998
10129
10271
10344
10728
11063
11139
11154
11204
11225
11277
11515
11609
11686
11764
12346
12474
12631
12690
12955
12985
13121
13126
13175
13210
13397
13469
13709
13726
13742
13744
13884
14091
14144
14190
14228
14301
14363
14516
14538
14599
14844
14859
14886
15059
15480
15534
16463
16470
16697
16959
17201
17291
17444
17732
17934
17969
18076
18121
18256
18338
18359
18751
18794
19008
19422
19734
20024
20104
20334
20506
20537
20778
20938
21092
21167
21248
21287
21411
21767
21770
22010
22094
22246
22297
22470
22547
22763
22821
22935
23694
24173
24289
24340
24347
24375
24571
24652
24684
24761
24807
25011
25324
26040
26072
26269
26480
26537
26715
26901
26960
26971
26992
27065
27104
27195
27569
27593
27719
27725
27806
27814
28473
28554
28658
28759
28776
28783
28990
29304
29403
29599
29836
30040
30107
30172
30331
30449
30481
30660
30697
31019
31087
31097
31271
31592
31882
32123
32152
32290
32296
32869
33180
33448
33762
33815
33831
33833
33965
34039
34235
34300
34367
34584
34708
34818
34907
34966
35017
35053
35151
35407
35589
35651
35769
35873
35909
36051
36506
36719
36726
36757
36802
37302
37390
37907
38013
38036
38103
38274
38605
38628
38677
38887
38983
39310
39417
39459
39487
39587
39669
39694
40025
40069
40074
40229
40276
40342
13
31
42
85
117
120
219
342
346
369
697
762
1088
1111
1632
1798
1873
2318
2601
2662
2737
2936
3067
3093
3113
3123
3350
3396
3495
3818
3927
3935
3990
4288
4363
4409
4529
4675
4778
4819
5144
5168
5302
5443
5473
5615
5661
5745
6046
6121
6158
6167
6194
6201
6307
6329
6469
6864
7064
7126
7318
7345
7586
7710
7717
8010
8123
8217
8234
8533
8541
8563
8615
8691
8713
8951
9066
9161
9173
9256
9550
9566
9697
9935
10191
10605
10626
10741
10875
10977
10984
11087
11095
11380
11598
11689
11732
11945
12056
12122
12302
12310
13037
13077
13099
13109
13718
13785
14039
14041
14416
14745
14835
14901
14920
15384
15922
16108
16114
16297
16320
16380
16434
16574
16644
16724
16761
16913
16958
17136
17306
17327
17332
17344
17563
17577
17626
18863
18882
19216
19353
19403
19614
19690
19913
20015
20038
20056
20134
20293
20344
20406
20507
20618
20751
20963
21148
21184
21380
21455
21481
21488
21729
22036
22274
22519
22710
22894
22911
23043
23620
23660
23929
23948
24169
24216
24427
24498
24721
24750
24835
24917
25018
25067
25297
25368
25600
25674
26137
26232
26542
26845
26978
27155
27386
27680
27815
27868
27917
28208
28327
28511
28592
28800
28918
29228
29245
29290
29327
29508
29722
29787
30051
30082
30169
30337
30474
30764
31165
31194
31765
31808
32098
32197
32730
33033
33213
33278
33337
33515
34011
34109
34242
34325
34369
34622
34628
34668
34931
35056
35128
35278
35342
35360
35371
35391
35768
35957
36021
36175
36296
36418
36845
37016
37311
37509
37593
37696
37714
37815
37889
37913
37923
37935
38055
38081
38226
38508
38638
38789
38811
38812
38889
39084
39127
39147
39375
39574
39866
39978
40135
40537
40606
40609
40680
40784
