11
719
756
792
996
1027
1076
1094
1197
1440
1479
1480
1492
1535
1758
2066
2104
2348
2459
2493
2572
2769
2858
3382
3383
3391
3532
3575
3773
3816
3830
3908
3999
4269
4422
4428
4554
4602
4772
4870
4979
5016
5074
5355
5811
5873
6165
6188
6190
6313
6477
6654
6982
7085
7147
7158
7261
7362
7835
7963
7969
8253
8566
8644
8833
9023
9072
9120
9524
9593
9795
9809
9979
9998
10271
10687
10728
10777
10867
10889
11063
11139
11204
11225
11515
11642
11658
11665
11764
11829
11965
12073
12198
12245
12346
12375
12474
12571
12609
12631
12893
12955
12985
13121
13126
13135
13190
13203
13299
13314
13361
13469
13518
13709
13726
13742
13744
13790
14144
14190
14228
14301
14306
14308
14516
14538
14599
14674
14915
15349
15480
15710
16254
16308
16398
16411
16470
16697
16860
16959
17067
17201
17291
17340
17444
17732
18115
18359
18472
18751
18794
18814
19008
19151
19225
19312
19422
19525
19799
19903
20024
20104
20225
20506
20938
21004
21092
21134
21157
21248
21287
21411
21747
21821
22010
22094
22338
22418
22470
22492
22763
22821
22823
23190
24033
24375
24598
24807
24866
25470
25801
26040
26269
26480
26580
26951
26958
26960
27195
27352
27402
27593
27719
27725
28072
28658
28776
28783
28875
28982
29101
29152
29599
29601
29625
29653
30040
30172
30481
30598
30660
30697
31019
31097
31271
31873
31893
32123
32135
32152
32280
32869
32931
33180
33274
33749
33762
33831
33965
34367
34584
34621
34708
34818
34884
34963
34996
35078
35098
35114
35403
35424
35651
35770
35873
36051
36329
36347
36599
36719
36726
37281
37777
37840
37931
38036
38222
38255
38273
38444
38605
38677
38887
38950
38983
39449
39474
39487
39520
39577
39587
39694
39843
40069
40074
40229
40428
40432
40773
31
42
117
219
302
697
1111
1181
1507
1508
1739
1873
2253
2575
2662
2737
2836
3093
3113
3123
3204
3350
3396
3588
3627
3818
3823
3990
4023
4409
4484
4529
4819
4991
5025
5044
5052
5079
5144
5163
5250
5324
5443
5473
5615
5745
5796
6121
6158
6167
6194
6375
6399
6469
7074
7187
7318
7503
7717
8010
8224
8234
8239
8372
8408
8481
8533
8615
8691
8880
9066
9161
9242
9256
9566
9612
9718
9922
9935
10492
10534
10541
10605
10677
10875
10905
11041
11186
11190
11247
11380
11598
11732
12056
12302
12457
12723
12746
13077
13099
13718
13785
14039
14041
14688
14745
14835
14890
14899
14901
14942
15304
15348
15424
15515
15697
15922
16114
16228
16380
16440
16493
16574
16724
16761
16913
17136
17306
17327
17424
17500
17563
17626
17910
18052
18175
18891
18977
19300
19333
19353
19614
20038
20056
20134
20136
20286
20337
20507
20600
20664
20751
20827
21049
21385
21468
21488
21549
21729
22012
22274
22321
22544
22710
22726
22911
23043
23180
23205
23408
23620
23660
23929
23967
23990
24216
24427
24498
24721
25018
25067
25297
25465
25674
25946
26137
26232
26267
26542
26845
26978
27136
27155
27210
27353
27801
27839
27868
27917
27925
28038
28208
28327
28511
29228
29245
29327
29410
29722
29787
30082
30337
30406
30474
30764
30967
31103
31194
31202
31394
31659
31765
32730
32844
33033
33515
33623
34011
34192
34369
34628
34923
34931
35056
35128
35184
35278
35371
35392
35541
35768
35912
35966
36293
36845
37239
37311
37418
37560
37593
37889
37913
37927
37935
38081
38305
38388
38521
38638
38703
39084
39127
39455
39468
39574
40563
40578
40631
40650
