382
819
996
1027
1076
1094
1202
1440
1513
1535
1758
2003
2037
2493
2553
2572
2858
2861
3055
3383
3391
3623
3773
3816
3830
3937
4185
4268
4387
4554
4602
4639
5024
5074
5148
5503
5760
5811
5812
5873
6026
6188
6190
6313
6441
6517
6537
6654
6982
7040
7147
7261
7362
7835
8060
8079
8253
8424
8510
8535
8578
8644
9023
9154
9738
9809
9979
9998
10129
10171
10271
10279
10593
10687
10867
10927
11139
11204
11277
11642
11658
11665
11686
11711
11764
11829
11830
11965
12071
12073
12245
12346
12375
12474
12571
12690
12893
12955
13060
13121
13135
13175
13190
13624
13709
13726
13833
13986
14144
14190
14228
14306
14363
14599
14844
14915
15059
15174
15480
16398
16697
16860
16968
17155
17201
17265
17340
17444
17732
17780
17934
18076
18115
18121
18201
18338
18359
18580
18751
19229
19291
19321
19423
19525
19734
19805
19903
20024
20537
20938
21123
21134
21157
21167
21287
21612
21767
21770
22014
22094
22136
22246
22418
22470
22492
22528
22547
22763
22823
22862
23080
23190
23694
23867
23890
23971
24033
24289
24340
24375
24571
24598
24652
24689
24831
24982
25011
25324
25470
25780
26040
26072
26269
26347
26958
27065
27104
27372
27402
27593
27719
27806
27833
28122
28473
28776
28931
28982
29152
29403
29599
29625
29644
29653
29836
29925
30040
30172
30347
30481
30660
30824
31004
31073
31097
31392
31592
31601
31637
31882
31893
32005
32123
32290
33180
33815
33965
34017
34235
34246
34367
34584
34621
34708
34818
34907
35017
35024
35078
35080
35098
35114
35151
35325
35403
35407
35589
35651
35873
35946
36051
36082
36506
36719
36726
36802
37281
37302
37390
37678
37777
37800
38013
38103
38274
38983
38999
39459
39487
39520
39572
39939
40069
40229
40428
40773
40800
31
120
219
231
302
369
697
762
1088
1181
1507
1798
2253
2302
2443
2452
2580
2747
2836
3067
3069
3087
3113
3204
3396
3572
3818
3926
3927
3935
4023
4409
4529
4778
4857
4919
4975
4991
5025
5044
5082
5096
5302
5324
5473
5615
5661
5856
5979
6121
6158
6167
6194
6201
6399
6705
6754
6864
6933
7074
7126
7164
7231
7717
8010
8234
8238
8408
8533
8541
8615
8618
8712
8923
8951
9066
9092
9161
9173
9566
9624
9718
9946
10191
10534
10677
10741
10875
10905
10984
11000
11041
11087
11095
11186
11190
11247
11945
12122
12310
12390
12746
13129
13445
13718
13875
14193
14745
14835
14890
15132
15348
15384
15697
16093
16114
16228
16297
16440
16493
16644
16913
16958
17327
17354
17500
17563
17641
17729
17910
18052
18891
19216
19333
19353
19614
20134
20286
20293
20618
20751
20813
20827
20963
21112
21183
21380
21412
21468
21481
21549
21935
22012
22036
22321
22519
22544
22710
22726
22911
23180
23205
23494
23652
23873
23967
24169
24216
24427
24498
24835
24867
25297
25334
25368
25465
25674
25946
26137
26267
27210
27386
27521
27680
27801
27839
27868
27917
28038
28208
28210
28769
29290
29327
29401
29410
29470
30008
30082
30169
30337
30406
30474
30967
31089
31103
31202
31394
31765
31808
31933
32454
32730
32771
33087
33213
33494
33515
33623
34106
34109
34369
34610
34622
34628
34668
34896
34923
34931
35184
35327
35342
35541
35546
35625
35768
35912
35966
36021
36296
36327
36594
36845
36881
37016
37239
37369
37509
37560
37696
37714
37889
37935
38219
38508
38521
38638
38789
38812
38889
38989
39084
39127
39147
39375
39455
40185
40563
40575
40606
40609
