11
507
792
1027
1060
1094
1197
1217
1479
1492
1513
1671
2003
2037
2066
2104
2348
2459
2553
2572
2769
2861
2892
2917
3055
3124
3160
3382
3391
3575
3623
3773
3816
3908
3937
4268
4269
4387
4422
4428
4554
4639
4772
4812
5016
5024
5074
5148
5355
5760
6026
6165
6188
6313
6537
6606
6654
6982
7085
7362
7963
7969
8060
8253
8360
8480
8535
8566
8976
9047
9072
9120
9154
9240
9998
10171
10867
11139
11154
11225
11553
11965
12245
12375
12407
12474
12493
12571
12609
12631
12690
12985
13060
13104
13175
13190
13314
13361
13518
13624
13742
13744
13790
13833
14190
14228
14301
14308
14538
14666
14674
15174
15349
16254
16293
16463
16470
16603
16844
17097
17155
17340
17444
17522
17732
17780
17934
17969
18076
18115
18121
18256
18359
18472
18506
18580
18751
18794
19225
19422
19423
19525
19734
19799
20024
20104
20334
20506
20537
21092
21123
21157
21167
21248
21747
21767
21770
22094
22418
22470
22547
22763
22823
22935
23190
23240
23867
23890
23971
24173
24347
24571
24598
24652
24684
24866
25192
25324
25470
25780
26040
26072
26347
26480
26561
26580
26715
26901
26951
26958
26992
27065
27163
27548
27569
27593
27719
28122
28473
28554
28759
28875
28931
28990
29101
29152
29588
29599
29601
29925
29936
30107
30172
30331
30481
30598
30660
30697
31073
31097
31271
31473
31601
31890
31893
32005
32123
32135
32152
32485
32869
33180
33749
33833
33965
34169
34235
34246
34367
34584
34621
34777
34818
35017
35080
35098
35114
35151
35364
35407
35769
35873
36082
36506
36599
36757
37302
37390
37800
38013
38222
38273
38444
38677
38950
39067
39205
39417
39487
39577
39587
39669
39694
40025
40055
40276
40309
40428
40773
13
42
302
346
369
1111
1508
1632
1739
1798
2318
2443
2575
2601
2747
2810
2936
3069
3087
3093
3336
3350
3396
3572
3818
3823
3926
3927
4023
4288
4363
4409
4520
4778
4857
4919
4991
5025
5044
5052
5079
5082
5163
5168
5302
5324
5615
5661
6046
6121
6194
6201
6329
6399
6469
6579
6705
6933
7164
7187
7318
7503
7586
8105
8123
8217
8224
8238
8239
8481
8533
8541
8563
8713
8923
8951
9066
9092
9161
9242
9456
9550
9612
10077
10191
10492
10534
10626
10677
10905
10984
10994
11087
11234
11247
11562
11689
12302
12310
12345
12457
13037
13077
13099
13109
13129
13445
13785
14039
14041
14193
14245
14688
14745
14835
14890
14899
14942
15066
15132
15304
15348
15384
15423
15515
15697
15922
16093
16320
16380
16492
16574
16913
17136
17327
17354
17424
17500
17568
17626
17641
17910
18175
18882
19216
19614
19934
19974
20056
20136
20286
20813
21148
21380
21385
21468
21488
21510
21549
21729
21935
22012
22036
22321
22336
22544
22710
22726
22911
23043
23180
23652
23660
23929
23948
24122
24498
24721
24835
24917
24955
24980
25067
25297
25465
25600
25674
25946
26232
26845
27210
27221
27680
27801
27815
27868
27925
28005
28038
28208
28210
28327
28511
28800
28878
29327
29722
29787
30008
30082
30169
30406
30474
30764
31089
31103
31165
31202
31765
31997
32197
32454
32629
32730
32771
32844
33033
33213
33337
34106
34109
34192
34325
34610
34622
34628
35056
35128
35184
35342
35360
35392
35546
35912
36175
36319
36418
36481
36594
36724
36845
36881
37369
37560
37593
37714
37889
37923
37927
38055
38081
38225
38508
38521
38638
38812
38889
38989
39147
39375
39455
39468
39574
40151
40231
40457
40537
40650
40784
