11
40
756
1060
1076
1094
1217
1397
1479
1513
1671
2003
2104
2336
2348
2459
2769
2858
2861
2892
3124
3816
3937
3999
4185
4264
4269
4282
4387
4422
4428
4554
4613
4639
4772
4870
5016
5022
5024
5074
5148
5811
5873
6026
6188
6654
6711
7040
7085
7158
7261
7435
7835
8480
8594
8626
8976
9047
9154
9524
9593
9695
9795
9979
10131
10171
10271
10279
10593
10725
10777
10889
11277
11553
11686
11711
11764
11965
12073
12245
12375
12407
12493
12512
12609
12631
12718
12893
12955
13029
13121
13135
13175
13190
13299
13314
13469
13518
13742
14190
14301
14308
14363
14538
14599
14666
14859
14915
15059
15349
16308
16398
16411
16470
16603
16959
17097
17201
17340
17732
17934
17969
18201
18256
18506
18580
18751
18814
18872
19151
19229
19312
19624
19903
20225
20334
20466
20491
20537
20770
20876
21092
21134
21157
21167
21268
21312
21612
22010
22094
22338
22492
22821
22823
22862
22935
23240
23694
23867
23890
24173
24375
24571
24652
24807
24831
24866
24982
25011
25470
25780
25801
25820
26040
26072
26269
26347
26480
26561
27163
27372
27402
27548
27569
27593
27690
27725
27806
27833
28473
28554
28658
28759
28783
28875
28990
29101
29304
29625
29644
29760
29836
29925
29963
30040
30481
30598
30824
31073
31087
31097
31473
32123
32217
32290
32485
33180
33448
33749
33815
33831
33965
34017
34169
34235
34246
34367
34584
34621
34777
34818
34840
34884
34963
34966
34996
35017
35024
35053
35078
35080
35098
35255
35325
35364
35379
35403
35424
35447
35651
35769
35860
35909
36347
36506
36719
36802
37302
37390
37840
37907
37931
38036
38444
38605
38628
38677
38887
38950
39067
39417
39449
39459
39474
39487
39572
39577
39669
39694
39843
39939
40025
40069
40309
40773
13
42
120
231
697
1088
1181
1547
1739
1873
2253
2302
2575
2580
2601
2810
2834
2836
3087
3093
3336
3396
3495
3572
3818
4484
4520
4778
4819
4919
4975
4991
4995
5044
5168
5302
5473
5615
5661
5745
5792
5979
6121
6158
6167
6194
6201
6307
6469
6579
6705
6754
6864
7064
7126
7164
7187
7318
7503
7586
8217
8239
8304
8372
8408
8481
8533
8541
8615
8712
8923
8951
9005
9066
9092
9173
9242
9456
9624
9685
9697
9935
10492
10677
10741
10875
10977
10984
10994
11000
11087
11095
11190
11234
11598
11748
11945
12056
12345
12457
12723
13077
13445
13718
13875
14039
14193
14245
14416
14688
14745
14835
14890
14899
14920
15066
15132
15203
15304
15515
15697
16093
16108
16114
16297
16380
16440
16913
16958
17332
17344
17354
17424
17577
17641
17729
18052
18668
18863
18891
18977
19403
19690
19913
19974
20038
20134
20136
20406
20507
20600
20664
20813
20860
21049
21078
21148
21183
21184
21203
21380
21385
21455
21468
21481
21729
22012
22321
22336
22710
22726
23180
23205
23408
23620
23652
23873
23929
23967
23990
24122
24169
24427
24835
24867
24917
25018
25067
25465
25686
25946
26137
26845
27136
27198
27680
27839
28005
28038
28800
28878
29290
29327
29722
30051
30967
31089
31165
31394
31765
31808
31933
31997
32004
32177
32197
32629
32844
33033
33213
33301
33494
33515
33623
33701
34011
34106
34192
34628
34896
35128
35278
35327
35371
35391
35541
35633
35768
35966
36175
36418
36594
36724
36845
36881
37016
37226
37369
37409
37509
37560
37696
37714
38055
38081
38219
38225
38226
38305
38388
38521
38789
38811
38812
38989
39455
39533
40135
40151
40537
40609
40631
40650
