11
40
507
719
792
819
951
1163
1197
1202
1217
1397
1440
1480
1513
2003
2037
2066
2336
2493
2572
2858
2892
3383
3391
3532
3773
3816
3999
4185
4554
4602
4639
4812
4870
5022
5465
5466
5760
5812
5873
6026
6165
6477
6517
6537
6606
6982
7158
7362
7435
7835
8060
8079
8253
8360
8480
8594
8781
8833
8976
9023
9047
9072
9154
9240
9593
9738
9795
10129
10131
10279
10344
10687
10728
10867
10927
11204
11225
11277
11413
11515
11609
11658
11686
11764
11829
12071
12073
12346
12375
12407
12493
12609
12690
13060
13104
13126
13190
13203
13299
13397
13726
13742
13833
13884
13986
14091
14190
14228
14306
14538
14666
14674
14915
15349
15710
16293
16398
16411
16463
16470
16603
16697
16959
17067
17097
17155
17201
17444
17522
17780
17934
18121
18201
18256
18359
18506
18751
18794
19008
19321
19423
19624
19734
19805
20104
20466
20491
20537
20770
20876
21134
21248
21268
21287
22136
22246
22297
22418
22492
22763
22862
23190
23694
24173
24340
24347
24375
24598
24689
24807
24831
24866
24982
25011
25780
25801
25820
26040
26455
26480
26580
26901
26958
26960
26971
26992
27065
27104
27195
27548
27569
27690
27719
27748
27806
28072
28776
28783
28875
28990
29152
29599
29601
29625
29644
29963
30040
30107
30347
30441
30449
30660
31073
31473
31592
31873
31882
31893
32005
32123
32135
32217
32280
32319
32485
32908
32931
33180
33244
33448
33831
34020
34169
34235
34246
34300
34794
34818
34840
34907
34996
35024
35078
35080
35151
35255
35364
35403
35407
35651
35946
36506
36719
36726
36757
37302
37390
37777
37840
37931
38036
38255
38274
38887
38999
39067
39082
39205
39310
39572
40025
40229
40276
40432
40800
13
31
42
219
302
346
369
697
1508
1547
2253
2318
2443
2575
2601
2662
2810
2834
2936
2975
3067
3069
3093
3336
3350
3396
3495
3627
3818
3935
4023
4363
4409
4529
4675
4857
4919
4975
5025
5052
5096
5144
5185
5250
5302
5796
5979
6046
6121
6158
6375
6579
6705
6754
6864
6933
7064
7074
7164
7503
7710
7717
8010
8123
8224
8234
8238
8239
8304
8408
8533
8541
8618
8880
8923
8951
9005
9066
9242
9256
9456
9550
9685
9697
9935
10077
10492
10534
10541
10875
10994
11041
11095
11186
11190
11247
11973
12122
12302
12390
12457
12723
12746
13037
13129
13718
13875
14041
14835
14899
14901
14920
15066
15132
15203
15304
15348
15423
15424
15697
16093
16114
16297
16320
16380
16434
16440
16492
16493
16574
16644
16724
16761
16958
17306
17327
17344
17354
17563
17568
17577
17910
17917
18052
18863
18882
18977
19216
19333
19353
19403
19690
19934
19974
20038
20056
20136
20406
20600
20618
20664
20860
20963
21112
21148
21183
21380
21385
21468
21729
21935
22321
22336
22519
22911
23043
23660
23948
23990
24216
24498
24835
24867
25018
25067
25297
25334
25368
25674
25946
26137
26267
26845
27155
27198
27221
27680
27868
27925
28005
28210
28511
28592
28769
28800
28878
28918
29228
29327
29787
30008
30051
30082
30169
30337
30967
31089
31165
31194
31659
31765
31933
31997
32004
32098
32177
32454
32629
32771
32844
33278
33301
33515
33701
34011
34109
34192
34242
34325
34369
34372
34610
34622
34668
34896
34923
34931
35056
35278
35360
35391
35392
35912
35957
35966
36175
36418
36481
36724
36845
37016
37226
37239
37311
37369
37593
38055
38388
38638
38703
38811
38889
38989
39127
39455
39533
40185
40537
40575
40650
40680
