507
719
792
819
951
996
1027
1076
1197
1217
1397
1513
1535
1671
2037
2066
2104
2348
2493
2572
2784
2858
2861
2892
3382
3383
3391
3451
3532
3623
4264
4269
4422
4602
4870
5016
5074
5148
5465
5873
6026
6190
6313
6477
6711
7040
7147
7158
7835
7963
7969
8060
8253
8291
8424
8566
8594
8626
8644
8833
8976
9072
9240
9738
9809
9979
10131
10344
10687
10867
10927
11139
11204
11225
11642
11665
11686
11829
11830
12073
12198
12375
12474
12571
12609
12690
12718
12893
12985
13121
13126
13175
13203
13210
13624
13709
13726
13744
13833
13986
14190
14301
14308
14599
14666
14844
14886
15059
15349
15480
15710
16293
16398
16463
16603
16697
16844
16959
16968
17067
17097
17201
17265
17522
17732
17780
18115
18506
18794
18872
19008
19225
19229
19291
19525
19799
19805
20024
20104
20225
20334
20466
20770
20778
21123
21157
21167
21248
21287
21312
21411
21612
21747
22014
22094
22297
22418
22492
22528
22547
22763
22935
23190
23971
24173
24347
24375
24652
24684
24689
24807
24866
24982
25011
25192
25780
25801
25820
26040
26072
26277
26537
26960
27065
27104
27195
27593
27725
27748
27806
28554
28658
28783
28982
28990
29304
29625
29836
30107
30172
30347
30441
30449
30481
30598
30697
31087
31097
31271
31473
31637
32005
32123
32135
32152
32280
32296
32485
32869
32927
32931
33180
33274
33762
33815
33831
33965
34017
34169
34246
34367
34584
34621
34708
34777
34840
34963
34966
35024
35053
35078
35098
35114
35151
35407
35424
35860
35873
35909
35946
36082
36329
36347
36599
36719
36726
36757
36802
37281
37678
37777
37800
37931
38013
38036
38255
38274
38605
38628
38677
38887
38999
39310
39459
39487
39694
39843
39939
40025
40055
40069
40074
40309
40342
40800
13
117
231
302
369
1088
1507
1508
1632
1739
2253
2443
2737
2810
2836
2936
2975
3067
3087
3093
3113
3123
3204
3336
3350
3588
3927
3990
4023
4245
4288
4363
4484
4520
4529
4675
4778
4857
5044
5052
5079
5082
5163
5168
5250
5324
5443
5451
5473
5615
5661
5745
5792
5979
6121
6158
6307
6329
6469
6754
6864
7010
7074
7231
7318
7345
7586
7717
8239
8408
8481
8563
8615
8618
8712
8880
8923
9161
9256
9456
9550
9566
9612
9624
9685
9946
10492
10534
10541
10605
10626
10984
10994
11041
11087
11095
11190
11234
11562
11598
11732
11748
11945
11973
12056
12122
12302
12310
12345
12457
12723
13099
13109
13445
13718
13875
14039
14193
14745
14901
14920
15132
15203
15384
15423
15424
15515
15922
16093
16114
16434
16492
16493
16570
16574
17306
17327
17332
17344
17563
17577
17729
17917
18052
18175
18668
18977
19300
19333
19353
19690
19913
20038
20134
20136
20337
20507
20813
21049
21078
21148
21380
21412
21488
21510
21549
21712
21935
22036
22321
22544
22710
22726
23043
23205
23408
23660
23873
23967
23990
24498
24721
24955
24980
25067
25334
25368
25600
25674
25686
26137
26529
27136
27198
27221
27801
27839
27868
27925
28210
28769
29290
29401
29470
29508
30764
30967
31194
31394
31659
31765
31808
31875
31933
32098
32454
32844
33087
33301
33494
33623
33701
34011
34106
34192
34242
34325
34622
34628
34896
34923
34931
35056
35184
35625
35912
35966
36296
36327
36418
36481
36724
36845
37226
37311
37369
37418
37509
37560
37593
37696
37815
37923
38081
38219
38305
38388
38638
38811
38812
38889
38989
39375
39468
39574
40135
40151
40395
40457
40563
40578
40650
40680
