382
507
719
756
792
951
1060
1202
1397
1479
1480
1671
1758
2037
2104
2493
2769
2858
2892
3382
3451
3623
3830
3999
4264
4268
4269
4282
4428
4602
4639
5024
5466
5503
5811
5812
6313
6441
6477
7040
7085
7435
7835
7963
8079
8291
8360
8510
8626
8833
9023
9154
9240
9593
9738
9979
9998
10131
10271
10279
10777
10867
10927
11063
11225
11277
11413
11609
11665
11711
11764
11965
12071
12407
12474
12493
12571
12631
12690
12718
12893
13029
13060
13203
13314
13361
13469
13624
13726
13742
13744
13884
14091
14144
14190
14301
14306
14599
14844
14886
14915
15059
15174
15349
15480
15534
15710
16254
16308
16968
17067
17291
17444
17522
17732
17934
17969
18201
18472
18506
18751
19229
19321
19422
19734
19805
20024
20104
20506
20537
20938
21004
21123
21167
21312
21411
21612
21770
21821
22014
22094
22297
22338
22418
22470
22492
22528
22547
22763
22862
22935
23080
23190
23240
23867
23971
24033
24289
24571
24761
24807
24866
24982
25192
25470
25801
26040
26277
26537
26580
26951
26958
26960
26992
27104
27352
27593
27690
27806
27833
28072
28122
28658
28783
28875
28982
29101
29152
29304
29599
29606
29625
29644
29936
29963
30331
30598
30660
30824
31097
31271
31519
31592
31882
31890
31893
32123
32135
32280
32296
32319
32869
32931
33180
33244
33762
33815
33831
33833
33965
34169
34235
34300
34367
34708
34777
34794
34818
34840
34884
34907
34963
34966
34996
35017
35053
35114
35151
35325
35364
35403
35424
35589
35769
35770
35860
35873
36329
36347
36506
36599
36757
36802
37302
37390
37678
37777
37931
38036
38103
38255
38273
38274
38677
38887
38999
39205
39310
39417
39449
39459
39474
39577
39669
40055
40074
40229
40276
40342
40428
85
117
219
231
697
762
1088
1507
1508
1632
1739
1798
1873
2253
2302
2443
2662
2737
2747
2836
2975
3123
3336
3495
3572
3927
3990
4245
4288
4363
4409
4456
4520
4819
4857
4919
4975
4991
4995
5044
5079
5082
5185
5250
5302
5324
5473
5792
5796
5856
5979
6121
6167
6307
6375
6399
6579
6705
6754
6864
6886
7074
7318
7345
7717
8010
8217
8224
8234
8238
8304
8372
8408
8481
8541
8563
8691
8713
8951
9242
9256
9456
9718
9922
9935
9946
10541
10626
10677
10905
10977
11041
11087
11234
11380
11562
11598
11732
11748
12122
12345
12368
12390
12457
12723
12746
13037
13099
14245
14416
14745
14890
14901
14920
15132
15203
15423
15424
15697
16093
16228
16434
16493
16574
16644
16761
16913
16958
17136
17192
17327
17424
17500
17577
17626
17729
17910
17917
18175
18668
18882
19333
19690
19913
20134
20136
20286
20344
20618
20827
20963
21148
21183
21184
21412
21468
21488
21712
21935
22036
22336
22710
22726
22888
23408
23494
23652
23660
23873
23929
23948
23990
24216
24917
25018
25368
25465
25600
25674
25686
25946
26232
26267
26542
26845
27198
27680
27868
27917
27925
28208
28327
28918
29327
29470
29508
30008
30051
30082
30337
30406
30474
31089
31165
31394
31808
31933
31997
32197
32730
32771
33278
33494
33515
34011
34106
34109
34192
34242
34325
34372
34610
34628
34668
34896
34931
35184
35327
35342
35391
35392
35541
35546
35633
35912
35957
36175
36296
36319
36327
36418
36481
36724
36845
36881
37016
37239
37418
37509
37560
37696
37714
37913
37923
37927
38055
38081
38225
38388
38508
38638
38703
38811
38889
38989
39084
39375
39455
39533
39574
40151
40185
40231
40395
40537
40575
40631
40784
