11
507
792
819
996
1060
1076
1202
1217
1397
1479
1480
1513
1535
1671
2037
2066
2104
2348
2493
2572
2769
2784
2858
2861
2892
3382
3816
3999
4268
4269
4613
4639
4772
4812
4870
4979
5022
5024
5148
5503
5811
5812
6026
6190
6441
6477
6537
6982
7147
7158
7435
7963
8079
8253
8578
8626
8644
8781
8976
9072
9120
9154
9524
9654
9695
9795
9809
10129
10131
10171
10687
10725
11154
11204
11225
11413
11553
11658
11665
11686
11711
11764
12073
12198
12245
12346
12407
12474
12571
12631
12718
12893
12985
13029
13060
13135
13175
13190
13203
13299
13314
13397
13518
13709
13790
13833
13884
14091
14301
14306
14308
14666
15174
15349
16254
16293
16398
16411
16697
17067
17097
17732
17969
18076
18256
18338
18472
18506
18814
18872
19008
19225
19229
19291
19312
19423
19799
20225
20334
20466
20491
20506
20537
20876
21134
21167
21248
21312
21612
21767
21770
22014
22136
22297
22528
22547
22763
22821
23080
23190
23240
23867
24173
24289
24347
24375
24652
24866
24982
25470
25780
25801
25820
26040
26277
26561
26715
26901
26958
26960
26971
27352
27372
27569
27690
27725
27748
27814
27833
28473
28554
28776
28875
28982
29304
29403
29588
29599
29606
29644
29836
29925
30107
30449
30598
31473
31519
31637
31882
31890
32123
32280
32319
32485
32869
32927
33244
33749
33762
33815
33965
34017
34020
34169
34708
34777
34794
34840
34884
34963
34996
35024
35151
35364
35403
35424
35589
35651
35770
35946
36051
36329
36506
36599
36719
36726
36757
37302
37777
37800
37840
37931
38036
38222
38255
38273
38274
38887
39449
39694
40025
40055
40309
40428
40432
40773
42
120
302
342
369
697
762
1111
1508
1547
1632
1873
2318
2443
2575
2936
3067
3069
3093
3113
3123
3350
3396
3572
3627
3818
3927
3990
4023
4288
4363
4409
4675
4778
4919
5025
5052
5079
5163
5168
5185
5324
5443
5473
5745
5979
6158
6167
6201
6307
6329
6399
6469
6864
6886
6933
7010
7064
7074
7164
7187
7231
7318
7345
7503
7586
7710
7717
8217
8224
8238
8372
8408
8481
8533
8563
8618
8712
8713
8923
9066
9161
9173
9550
9612
9697
9718
9935
10077
10191
10677
10741
10875
10984
10994
11000
11190
11234
11247
11562
11598
11732
11748
11945
11973
12310
12457
12723
13037
13077
13445
13718
13785
14245
14688
15066
15132
15304
15384
15423
15424
15515
15922
16108
16114
16228
16320
16434
16440
16492
16493
16574
16958
17136
17332
17344
17354
17424
17568
17641
17910
17917
18052
18175
18668
18891
19333
19353
19403
19614
19690
19934
19974
20015
20136
20286
20293
20337
20406
20507
20618
20827
20860
20963
21078
21112
21183
21203
21380
21412
21468
21935
22012
22274
22336
22519
22544
22894
22911
23180
23205
23620
23929
23948
24169
24427
24498
24835
24867
24917
24955
25067
25368
25465
25600
25686
25946
26232
26845
26978
27136
27198
27210
27521
27801
27925
28005
28038
28208
28210
28511
28592
28769
28800
28878
28918
29228
29245
29290
29327
29410
29470
29508
30008
30169
30406
30474
31089
31202
31394
31659
31808
31997
32004
32454
32629
32771
33033
33087
33278
33494
33515
33623
34106
34369
34610
34622
34628
34668
34923
35128
35278
35327
35360
35392
35541
36021
36175
36293
36296
36481
36594
36881
37369
37509
37560
37696
37714
37815
37889
37913
37935
38055
38638
39084
39127
39147
39375
39533
40135
40151
40185
40231
40457
40537
40563
40575
40578
40606
40631
40784
