11
40
507
719
792
1027
1094
1163
1202
1397
1440
1479
1480
1535
1758
2003
2336
2459
2493
2553
2572
2784
2858
2917
3124
3160
3382
3391
3451
3532
3623
3816
3999
4264
4268
4428
4602
4772
4812
4870
4979
5016
5022
5074
5148
5355
5503
5811
5812
5873
6165
6188
6313
6517
6537
7835
7963
8079
8253
8510
8566
8578
8594
8626
8644
8833
9023
9072
9120
9240
9654
9695
9738
9809
9979
9998
10131
10279
10687
10725
10728
10777
10867
11139
11225
11515
11609
11642
11658
11665
11686
11764
12071
12245
12346
12375
12407
12512
12571
12631
12718
12985
13029
13060
13104
13121
13126
13190
13361
13397
13469
13518
13624
13709
13726
13790
13884
14091
14144
14190
14516
14915
15059
15174
15710
16293
16308
16398
16463
16603
16860
16959
17155
17265
17291
17340
17444
17934
18076
18115
18121
18201
18359
18580
18751
18794
18814
18872
19008
19225
19422
19423
19799
19805
20104
20334
20466
20537
20770
20876
20938
21092
21123
21134
21612
21770
22010
22014
22136
22338
22470
22547
22763
22821
22823
23080
23190
23694
24173
24289
24340
24347
24554
24684
24761
24831
24982
25192
25324
25780
25820
26040
26269
26277
26455
26480
26537
26561
26715
26951
26958
26960
26971
26992
27065
27195
27593
27719
27748
27833
28122
28554
28759
28783
28875
28931
28990
29588
29599
29601
29644
29760
29925
30040
30107
30441
30449
30598
30660
31019
31097
31271
31592
31601
31637
31873
31893
32123
32135
32280
32290
32296
32485
32869
32908
33244
33749
33831
34020
34039
34300
34367
34708
34777
34818
34840
34966
35024
35098
35325
35424
35589
35860
35946
36051
36082
36347
36757
37302
37390
37777
37840
38273
38444
38605
38628
38677
38887
39067
39205
39310
39459
39474
39520
39669
40025
40055
40069
40074
40229
40276
40428
40773
13
85
120
231
342
369
697
1508
1632
2302
2318
2443
2575
2580
2737
2975
3067
3069
3093
3350
3396
3495
3572
3588
3823
3990
4023
4245
4288
4409
4456
4520
4975
4995
5025
5163
5185
5443
5451
5661
5792
5796
5856
6046
6167
6194
6579
6705
6864
7074
7126
7164
7187
7345
7586
7710
8010
8217
8234
8239
8304
8372
8481
8563
8618
8691
8713
8880
8923
9066
9092
9161
9256
9550
9935
9946
10191
10534
10541
10741
10977
10994
11041
11087
11234
11247
11380
11562
11732
11748
11945
11973
12056
12345
12457
12723
13037
13077
13129
14039
14245
14890
14901
14942
15203
15348
16108
16297
16320
16380
16440
16492
16761
16958
17192
17306
17332
17344
17354
17360
17424
17563
17577
17626
17641
17729
18052
18668
18977
19300
19353
19403
19614
19913
20134
20136
20286
20293
20337
20344
20406
20507
20751
20963
21078
21183
21203
21385
21468
21549
21712
21729
21935
22012
22036
22274
22321
22710
22888
22894
23043
23620
23873
23967
24169
24498
24721
24917
25018
25297
25334
25465
25600
25686
25946
26978
27136
27221
27353
27386
27801
27839
27868
27917
27925
28005
28038
28208
28210
28327
28769
28800
28878
28918
29228
29245
29290
29327
29401
29722
30008
30051
30082
30967
31103
31202
31394
31659
31765
31875
31933
31997
32629
33033
33301
33337
33494
33623
34106
34192
34242
34325
34369
34622
34628
34896
34923
35128
35184
35278
35625
35912
36021
36175
36481
37016
37418
37560
37593
37696
37714
37889
37913
37927
37935
38055
38226
38305
38388
38703
38789
38811
39147
39375
39533
39866
40135
40457
40575
40578
40606
40609
40650
40680
40784
