40
756
819
951
1197
1202
1397
1440
1480
1492
1671
1758
2066
2104
2336
2459
2493
2572
2769
2784
2892
3391
3451
3623
3908
3999
4185
4268
4282
4387
4422
4554
4613
4979
5074
5466
5503
5760
5811
5812
5873
6165
6313
6477
6982
7085
7147
7158
7435
7963
8253
8291
8480
8566
8594
8626
8644
8781
8976
9072
9593
9695
9795
10171
10725
10777
10889
11139
11154
11225
11277
11515
11553
11642
11658
11686
11711
11830
11965
12071
12073
12198
12346
12407
12571
12631
12718
12955
13029
13104
13121
13126
13135
13203
13210
13833
13986
14091
14190
14228
14301
14308
14538
14599
14666
14886
15059
16254
16398
16411
16463
16968
17067
17201
17265
17444
17780
17969
18115
18121
18338
18506
18814
18872
19008
19151
19225
19229
19291
19423
19624
19734
19805
20334
20491
20506
20537
20770
20876
21123
21134
21167
21612
21747
21767
21821
22010
22094
22136
22297
22338
22418
22492
22528
22547
22763
22935
23694
23890
24375
24684
24831
24982
25324
25780
25801
25820
26040
26277
26347
26561
26715
26901
26960
26971
26992
27065
27104
27195
27402
27569
27593
28072
28122
28776
28783
28875
28931
28990
29152
29304
29599
29601
29606
29653
29936
29963
30331
30441
30697
30824
31073
31097
31473
31592
31601
31637
31873
31882
31893
32005
32135
33448
33749
33815
33833
34017
34020
34039
34169
34235
34246
34621
34777
34818
34884
34907
34963
34966
34996
35017
35053
35078
35098
35151
35255
35379
35403
35407
35424
35447
35651
35860
35909
36051
36082
36329
36506
36599
36726
36757
36802
37302
37390
37800
37840
37931
38013
38036
38273
38274
38444
38677
38887
38950
38999
39082
39417
39487
39520
39587
39669
39694
39939
40055
40069
40074
40229
40309
40342
40432
40773
31
85
231
302
346
762
1088
1111
1507
1508
2253
2302
2443
2452
2747
2834
2836
3069
3093
3204
3495
3588
3818
3926
4023
4245
4288
4363
4409
4456
4484
4520
4778
4975
4991
5025
5044
5082
5096
5144
5185
5250
5443
5615
5745
5792
5796
5979
6167
6194
6375
6399
6579
6705
6886
6933
7010
7164
7187
7231
7503
7586
7717
8105
8123
8217
8224
8234
8239
8304
8481
8618
8691
8880
8923
8951
9092
9173
9242
9550
9612
9685
9922
9935
9946
10077
10605
10626
10677
10741
10875
10984
10994
11000
11186
11247
11598
11748
12056
12122
12302
12310
12345
12457
12746
13037
13077
13129
13445
13785
13875
14039
14835
14899
14901
14920
15304
15348
15424
15515
16108
16228
16570
16574
16644
16761
16958
17306
17344
17354
17424
17577
17641
18052
18175
18668
18863
18882
18891
19353
19614
19690
19974
20038
20134
20136
20406
20664
20751
20813
20827
20963
21078
21112
21148
21184
21203
21455
21481
21488
21510
21712
21935
22274
22726
22911
23043
23408
23620
23660
23948
24169
24427
24498
24721
24917
24955
24980
25018
25297
25368
25465
25946
26137
26529
26542
26978
27155
27221
27353
27521
27801
27868
27917
27925
28005
28208
28210
28327
28800
29327
29470
29722
29787
30008
30051
30474
30967
31089
31165
31659
31808
31875
31997
32197
32629
32730
32771
32844
33087
33337
33494
33515
33623
34109
34325
34372
34610
34896
34923
34931
35056
35342
35360
35391
35541
35546
35912
35957
35966
36021
36175
36327
36418
36481
36594
36881
37226
37239
37509
37696
37714
37815
37889
37913
37923
37935
38055
38081
38219
38225
38226
38305
38789
38812
39084
39127
39375
39533
40185
40395
40537
40563
40578
40609
40650
