382
507
792
819
951
996
1027
1060
1197
1217
1397
1412
1479
1758
2037
2104
2553
2769
2784
2858
2892
2917
3382
3391
3451
3575
3623
3830
4185
4264
4268
4387
4428
4554
4639
4812
4870
5016
5074
5466
5760
5873
6165
6188
6606
6654
6711
6982
7147
7362
7963
7969
8079
8253
8424
8566
8578
8626
8781
8976
9023
9047
9120
9154
9240
9593
9695
9809
9979
9998
10129
10131
10344
10593
11063
11139
11154
11225
11413
11515
11553
11609
11642
11658
11665
11711
11764
11829
11965
12071
12073
12198
12375
12512
12571
12690
12955
13029
13104
13135
13175
13210
13361
13397
13518
13624
13709
13726
13884
13986
14190
14228
14301
14306
14308
14363
14538
14666
14674
14844
15059
15174
15710
16293
16308
16411
16463
16603
16697
16844
16860
16959
16968
17067
17201
17444
17934
17969
18076
18201
18338
18472
18580
18751
19008
19151
19321
19422
19525
19734
19799
19903
20778
20876
21004
21134
21248
21287
21612
22418
22470
22528
22547
22821
22823
22935
23080
23190
23240
23867
24289
24340
24347
24375
24571
24689
25011
25324
25780
25801
25820
26277
26347
26455
26480
26958
26971
26992
27065
27104
27195
27352
27372
27402
27593
27719
27806
27814
28072
28122
28554
28759
28776
28931
29304
29403
29588
29606
30107
30441
30449
30660
30697
31004
31019
31087
31271
31519
31637
31890
31893
32135
32217
32319
32485
32908
33274
33448
33749
33762
34039
34169
34235
34300
34367
34621
34708
34777
34818
34963
34966
35017
35053
35098
35151
35407
35447
35589
35769
35770
36599
36719
37281
37390
37678
37777
37840
37907
38036
38222
38255
38444
38605
38628
38950
39082
39205
39417
39449
39459
39474
39587
39694
40055
40069
40074
40276
40432
40800
31
85
120
219
231
1111
1632
1739
2253
2318
2443
2580
2836
3069
3113
3123
3204
3350
3627
3990
4245
4363
4456
4675
4778
4819
4857
4975
4995
5025
5079
5082
5096
5144
5163
5250
5302
5324
5473
5661
5745
5792
5979
6046
6121
6158
6167
6194
6201
6307
6375
6705
6933
7010
7074
7164
7187
7503
7710
7717
8105
8224
8238
8239
8304
8481
8541
8563
8618
8713
8923
8951
9005
9092
9161
9256
9550
9685
9922
10077
10191
10541
10605
10626
10677
10977
11095
11234
11247
11598
11945
12122
12368
12723
12746
13037
13077
13099
13109
13445
13718
13785
14041
14416
14688
14835
14890
14899
14901
14920
15066
15203
15424
15515
16093
16108
16114
16228
16380
16434
16761
16913
17192
17327
17344
17424
17563
17568
17577
17641
17729
17910
17917
18175
18863
18891
19216
19300
19614
19934
19974
20134
20136
20293
20337
20344
20507
20618
20751
20827
21112
21148
21184
21385
21468
21481
21549
21712
21729
22012
22274
22519
22544
22710
22888
22911
23205
23494
23652
23873
23948
23990
24122
24216
24721
24750
24980
25018
25067
25297
25465
25674
25946
26267
26542
26978
27155
27221
27521
27680
27801
27868
27925
28038
28511
28592
28769
28878
28918
29290
29787
30337
30474
30967
31089
31103
31165
31394
31659
31808
31933
32098
32177
32197
32844
33278
33301
33337
33494
33701
34011
34106
34109
34192
34242
34369
34610
34622
34668
34896
34923
34931
35056
35128
35184
35327
35360
35371
35391
35392
35912
35957
36021
36175
36296
36327
36418
36481
36594
36845
36881
37016
37239
37418
37560
37714
37815
37889
37923
37935
38055
38225
38226
38703
38789
38812
38889
38989
39084
39127
39147
39375
39455
39533
39574
40135
40563
40606
40784
