507
756
792
819
1163
1202
1397
1412
1479
1480
1492
1535
1758
2003
2037
2104
2336
2459
2553
2858
2861
2917
3124
3391
3773
3816
3830
3908
3937
3999
4264
4268
4269
4422
4428
4772
4812
4870
5022
5024
5074
5148
5355
5465
5503
5760
5811
6026
6165
6188
6190
6313
6477
6537
6654
7040
7085
7147
7261
7435
7835
7969
8079
8253
8291
8510
8578
8833
8976
9047
9120
9240
9524
9998
10131
10171
10593
10687
10777
10867
10889
11154
11204
11225
11515
11609
11642
11711
11830
11965
12071
12198
12245
12407
12609
12631
12690
12718
13060
13104
13121
13126
13135
13299
13361
13469
13624
13742
13833
14091
14144
14190
14228
14301
14306
14363
14538
14674
14859
14886
14915
15174
16254
16293
16398
16463
16603
16697
16860
17067
17444
17522
17969
18076
18115
18201
18359
18472
18580
18751
18814
18872
19312
19321
19423
19624
19903
20024
20466
20506
20770
20938
21004
21134
21167
22010
22094
22246
22470
22528
22763
22821
22862
23190
23694
23867
24033
24173
24375
24831
24866
25470
25780
25801
25820
26269
26480
26537
26561
26580
26901
26951
26958
26960
27065
27104
27163
27195
27352
27402
27569
27725
27806
28072
28122
28554
28658
28759
28931
28982
29152
29304
29599
29625
29653
29760
29925
29963
30040
30107
30331
30449
30660
31087
31097
31601
31873
31882
31890
31893
32135
32290
32319
32869
32927
32931
33180
33749
33762
33831
33833
33965
34039
34300
34367
34584
34621
34708
34777
34818
34840
34907
35017
35053
35078
35098
35255
35325
35379
35403
35447
35770
35860
35873
36329
36347
36726
36802
37302
37390
37777
37800
37840
37931
38013
38036
38255
38274
38444
38605
39417
39449
39459
39474
39487
39572
39669
39939
40025
40069
40074
40773
31
117
231
342
697
1088
1111
1507
1547
1632
1739
2253
2318
2452
2575
2580
2747
2810
2834
2836
2936
2975
3067
3087
3113
3350
3627
3818
3823
3927
4409
4456
4484
4520
4778
4975
4995
5052
5079
5082
5144
5168
5250
5302
5451
5979
6121
6201
6307
6329
6375
6399
6469
6705
6754
6886
6933
7010
7074
7164
7231
7318
7345
8010
8105
8123
8238
8239
8304
8408
8481
8880
8923
8951
9005
9066
9173
9242
9256
9456
9566
9612
9624
9697
9718
9922
9935
10191
10534
10541
10605
10677
10741
10875
10905
11000
11087
11095
11190
11380
11562
11598
11945
12056
12122
12310
12368
12390
12457
12723
13037
13099
13109
13718
13875
14245
14688
14899
14901
15348
15384
15423
16093
16108
16114
16297
16761
16958
17192
17354
17360
17424
17500
17563
17568
17626
17729
18175
18977
19353
19614
19690
20015
20038
20134
20136
20286
20337
20406
20507
20600
20664
20827
20860
21049
21078
21112
21148
21183
21184
21203
21412
21455
21468
21510
21549
21729
21935
22336
22544
22710
22894
22911
23043
23408
23494
23620
23652
23660
23929
23967
24122
24427
24750
24835
24867
24917
24955
25067
25297
25334
25946
26232
27198
27210
27386
27680
27868
27917
28005
28511
28592
29228
29245
29290
29401
29410
29508
30082
30169
30337
30764
31089
31103
31194
31659
31808
31933
32004
32098
32730
32844
33087
33278
33301
33494
33623
34106
34109
34372
34668
34931
35128
35278
35327
35391
35392
35546
35633
35768
35912
35957
35966
36175
36293
36296
36327
36481
36594
36724
36845
36881
37239
37311
37409
37418
37696
37923
37927
38055
38305
38508
38521
38638
38703
38811
38889
39533
39866
40151
40395
40537
40578
40631
40680
40784
