40
382
819
951
1027
1163
1217
1397
1480
1671
2037
2348
2459
2784
2917
3055
3124
3160
3391
3623
3773
3816
3937
4185
4264
4269
4282
4387
4602
4613
4772
4812
5016
5022
5024
5148
5355
5466
5760
5811
5873
6026
6165
6441
6517
6537
6711
7085
7963
7969
8291
8480
8510
8566
8578
8626
8644
8833
9072
9695
9738
9979
9998
10129
10131
10687
10725
10777
11063
11225
11413
11553
11642
11658
11665
11686
11711
11829
12071
12073
12198
12245
12474
12512
12609
12631
12893
13029
13104
13121
13126
13299
13397
13469
13726
13744
13790
13986
14144
14228
14301
14363
14516
14886
15174
15480
16308
16463
16470
16697
16844
16860
16959
17155
17291
17340
17444
18115
18359
18472
18506
19008
19151
19229
19291
19312
19321
19422
19423
19525
19624
19734
19799
19903
20104
20334
20506
20537
20876
20938
21092
21123
21134
21157
21167
21248
21612
21767
21770
22010
22297
22470
22821
22935
23080
23867
23971
24033
24554
24598
24652
24689
24807
24831
25011
25192
25324
25470
25801
25820
26040
26269
26455
26561
26580
26715
26901
26951
26960
27352
27402
27593
27719
27725
27806
28072
28122
28473
28658
28783
28875
28931
29101
29152
29304
29403
29588
29599
29601
29625
29644
29760
29836
29936
29963
30331
30347
30449
30481
30660
31004
31019
31087
31097
31271
31473
31592
31601
31637
31873
31882
32005
32123
32217
32296
32319
32908
33749
33762
34017
34020
34246
34300
34584
34840
34884
34907
34963
34966
34996
35024
35080
35151
35325
35379
35403
35407
35447
35589
35651
35769
35909
36051
36726
36757
37678
37840
37931
38013
38255
38605
38628
38887
38999
39082
39205
39520
39572
39669
39694
40025
40055
40074
40276
40432
40773
40800
31
42
120
231
369
1088
1111
1507
2253
2443
2575
2580
2601
2737
2747
2834
2836
2975
3067
3087
3336
3350
3396
3588
3627
3818
3926
3935
4245
4288
4484
4520
4857
4919
4975
5052
5079
5144
5163
5185
5302
5443
5473
5745
5792
5796
5856
5979
6046
6121
6201
6307
6329
6579
6705
6933
7126
7187
7503
7586
7710
7717
8010
8217
8239
8481
8541
8563
8691
8712
8923
8951
9005
9161
9173
9256
9550
9612
9624
9697
9718
9922
9935
9946
10077
10191
10492
10534
10605
11234
11380
11732
11748
11973
12310
12368
12390
12723
12746
13077
13109
13129
13445
13785
14193
14688
14901
15203
15384
15423
16114
16228
16297
16492
16493
16574
16724
16913
16958
17136
17192
17327
17332
17354
17360
17500
17563
17568
17626
17910
17917
18175
18668
18863
18882
18891
19300
19403
19690
19934
20056
20134
20136
20293
20337
20344
20406
20507
20618
20664
20751
20813
20860
21049
21112
21183
21203
21380
21549
21712
21729
22012
22036
22274
22321
22336
22519
22544
22726
22894
22911
23043
23205
23408
23494
23620
23660
23873
23929
23967
24498
24721
24955
25018
25297
25334
25465
25600
25946
26137
26232
26267
26529
26542
27155
27210
27353
27386
27815
27868
27917
28038
28327
28592
28878
29228
29290
29401
29470
29787
30051
30169
30967
31103
31165
31202
31765
31808
31933
32098
32197
32629
32730
33033
33213
33278
33301
33494
33515
34106
34325
34372
34610
34668
34896
34923
34931
35128
35327
35371
35546
35625
35633
35768
35957
36175
36293
36327
36418
36481
36845
37369
37409
37509
37560
37593
37696
37714
37889
37923
37935
38219
38521
38789
38812
38889
39084
39127
39147
39375
39468
39978
40135
40185
40231
40563
40578
40606
40609
40680
40784
