40
382
507
996
1094
1202
1412
1440
1479
1513
1671
2037
2066
2336
2348
2459
2572
2769
2784
2858
2861
2892
3055
3124
3383
3532
3575
3816
3830
3908
3999
4387
4422
4428
4613
4772
5016
5024
5148
5355
5466
5503
5760
5812
5873
6165
6477
6517
6537
6606
6654
6711
7040
7147
7158
7362
7435
7969
8060
8079
8291
8360
8424
8480
8594
8626
8644
8781
9023
9047
9154
9593
9695
9738
9998
10279
10344
10777
10889
10942
11154
11225
11277
11658
11665
11686
11764
12071
12073
12346
12375
12407
12512
12690
12893
12955
13104
13121
13175
13190
13361
13469
13884
13986
14144
14301
14306
14308
14538
14599
14844
15059
15174
15349
15534
16254
16411
16470
16697
16844
16860
16968
17097
17201
17265
17444
17969
18121
18201
18338
18472
18814
19008
19229
19312
19422
19525
19624
19805
19903
20104
20537
20770
20876
21092
21157
21167
21268
21287
21312
21612
21767
22136
22246
22338
22418
22470
22492
22862
22935
23080
23190
23694
24173
24347
24375
24554
24684
24689
24761
24807
24831
24866
25011
25192
25324
25780
25801
26269
26277
26455
26480
26537
26580
26951
27104
27163
27372
27402
27548
27719
27806
27814
28072
28122
28554
28658
28759
28776
28931
28982
28990
29101
29152
29625
29760
29925
29936
29963
30040
30347
30441
30598
30824
31271
31519
31601
31882
31890
31893
32135
32280
32290
32908
32927
32931
33180
33274
33762
33833
34020
34169
34246
34300
34621
34840
34963
34966
35017
35024
35053
35078
35098
35255
35379
35424
35447
35589
35770
35909
35946
36082
36329
36347
36506
36726
36757
37390
38013
38103
38274
38605
38677
38950
39067
39082
39205
39310
39572
39587
40069
40309
40342
40428
40432
40800
31
42
85
302
342
369
762
1088
1507
1547
1739
1798
1873
2302
2580
2601
2747
2834
2936
2975
3067
3069
3113
3204
3350
3396
3588
3818
3823
3926
3990
4023
4245
4363
4484
4529
4819
4857
4975
4991
4995
5025
5044
5082
5144
5168
5443
5451
5473
5615
5792
5796
6121
6158
6167
6194
6307
6329
6375
6399
6705
6933
7074
7345
7710
8010
8123
8217
8224
8238
8372
8408
8563
8712
8880
9066
9092
9173
9242
9256
9550
9612
10191
10492
10534
10605
10626
10875
11087
11095
11186
11247
11748
11945
12056
12122
12302
12310
12368
12723
13037
13077
13109
13718
13785
14039
14041
14245
14416
14688
14901
14942
15132
15203
15304
15348
15384
15515
16093
16108
16228
16297
16380
16492
16493
16570
16644
16724
16761
16958
17306
17327
17344
17354
17360
17424
17577
17641
17910
17917
18052
18175
18977
19216
19333
19614
19913
20293
20344
20664
20751
20813
20827
20860
21078
21112
21148
21183
21203
21380
21412
21481
21549
21729
21935
22336
22544
22710
22888
22911
23043
23180
23205
23408
23660
23873
23929
24427
24498
24721
24917
24980
25334
25368
25600
25674
25686
25946
26232
26267
26529
26542
26845
27210
27221
27680
27801
27839
27868
28005
28208
28327
28769
28878
28918
29410
29722
29787
30051
30082
30169
30474
30967
31089
31165
31394
31765
31875
31933
31997
32177
32197
32629
32730
32844
33033
33087
33278
33301
33515
33623
33701
34011
34106
34242
34628
34896
34931
35128
35327
35360
35392
35541
35546
35957
35966
36175
36293
36319
36327
36418
36481
36724
37016
37226
37239
37369
37409
37593
37714
37815
37913
37923
37935
38055
38081
38388
38638
38789
38989
39084
39147
39455
39574
39978
40151
40185
40231
40606
40609
40680
40784
