11
40
382
719
756
951
1094
1163
1197
1513
1671
2066
2336
2348
2572
2784
2858
2861
2892
3055
3124
3773
3999
4387
4422
4554
4602
4613
4639
4772
4870
5016
5355
5503
5811
5812
5873
6026
6165
6188
6190
6441
6517
6537
6606
6711
6982
7040
7158
7435
7963
8079
8424
8480
8510
8566
8578
8594
8626
8976
9047
9072
9240
9593
9695
9738
9979
9998
10131
10271
10593
10687
10777
10867
10889
10927
11204
11515
11665
11686
11711
11829
11830
12198
12245
12474
12512
12571
12718
12893
13135
13175
13203
13397
13709
13744
13790
13833
13986
14091
14190
14306
14308
14516
14599
14674
14859
15349
15480
15710
16254
16293
16308
16463
16470
16697
16860
16968
17067
17097
17201
17265
17340
17444
17934
18076
18256
18359
18580
18814
18872
19008
19229
19291
19312
19423
19525
19624
19734
19805
19903
20104
20334
20466
20491
20506
20938
21004
21123
21268
21411
21612
21747
22010
22014
22094
22246
22297
22338
22528
22547
22821
22862
22935
23080
23190
23240
23694
24033
24340
24347
24652
24684
24761
24831
24866
25470
25780
25801
26269
26277
26347
26480
26561
26715
26901
26951
26958
26960
26971
26992
27065
27163
27352
27548
27569
27725
27814
28122
28473
28875
28931
29304
29606
29925
29936
30040
30331
30598
31073
31271
31392
31601
31882
31890
31893
32123
32135
32152
32290
32319
32908
32931
33244
33274
33749
33762
33815
33833
34017
34169
34246
34300
34708
34777
34794
34818
34840
34907
34966
35053
35080
35114
35151
35255
35364
35379
35403
35407
35424
35447
35769
35946
36082
36347
36506
36599
36757
37390
37800
38103
38255
38605
38628
38677
38887
38950
38999
39082
39205
39417
39520
39572
39843
40055
40069
40229
40276
40309
40342
40428
40800
117
120
219
231
302
346
369
697
762
1088
1111
1181
1507
1508
1547
1632
1739
1798
1873
2253
2302
2443
2580
2601
2737
2810
2834
2836
2975
3067
3069
3113
3123
3204
3336
3350
3495
3627
3823
3926
3927
3990
4023
4245
4456
4778
4857
4919
4975
4995
5025
5044
5052
5096
5144
5168
5302
5796
6167
6201
6329
6375
6754
6933
7010
7074
7187
7503
7710
8010
8123
8217
8224
8234
8238
8239
8372
8408
8615
8618
8691
8923
9005
9066
9092
9161
9256
9624
9697
9935
9946
10492
10534
10541
10677
10741
10875
11000
11087
11095
11190
11234
11247
11562
11598
11689
11732
11945
12056
12302
12310
12368
13077
14039
14416
14688
14745
14899
14901
15066
15132
15203
15304
15384
15424
15515
15697
16093
16380
16434
16440
16574
16644
16958
17306
17327
17354
17360
17424
17500
17563
17577
17626
17729
17910
17917
18863
18882
18977
19333
19353
19403
19934
19974
20038
20136
20293
20406
20751
20813
20827
20963
21049
21078
21183
21203
21412
21549
22012
22321
22336
22894
22911
23043
23180
23205
23494
23652
23948
23990
24721
24867
24917
24980
25297
25334
25368
25674
26137
26232
26529
26542
26978
27210
27386
27680
27801
27917
28327
28592
28769
28800
28878
29327
29410
29470
29722
30008
30051
30082
30169
30967
31089
31165
31659
31875
31933
32004
32098
32454
32730
32771
32844
33494
33515
33701
34011
34106
34109
34242
34369
34622
34628
34668
35056
35128
35184
35360
35541
35625
35633
35768
35957
36293
36418
36481
36724
36845
36881
37016
37226
37369
37418
37815
37923
37927
38226
38305
38521
38811
38889
38989
39084
39147
39375
39455
39978
40135
40185
40395
40457
40537
40563
40575
40606
40784
