11
40
382
719
792
819
1027
1076
1197
1397
1412
1480
1513
1535
2003
2104
2917
3160
3383
3391
3451
3623
3830
3908
3937
3999
4185
4264
4268
4269
4282
4387
4422
4639
4812
4979
5022
5074
5148
5355
5760
5811
5873
6026
6441
6606
6711
7040
7147
7158
7362
7835
7969
8253
8291
8360
8480
8578
8833
8976
9023
9047
9120
9240
9593
9695
9795
10129
10131
10271
10725
10777
10927
10942
11277
11413
11609
11642
11658
11665
11686
11830
11965
12071
12073
12198
12245
12346
12474
12571
12631
12690
12718
12893
13121
13126
13135
13175
13210
13299
13397
13469
13709
13726
13790
13833
13884
14091
14308
14363
14516
14538
14844
14886
14915
15480
15534
15710
16254
16463
16603
16697
16844
16959
17155
17291
17340
17444
17780
18076
18115
18338
18359
18506
18872
19008
19151
19225
19229
19291
19312
19422
19624
19799
19805
19903
20024
20104
20466
20491
20506
20876
20938
21004
21123
21268
21287
21312
21612
21767
22014
22136
22246
22528
22547
22763
22821
22862
23080
23190
23240
24033
24173
24375
24571
24598
24652
24684
24689
24831
25011
25324
25780
25801
26455
26561
26580
26715
26901
26992
27065
27104
27163
27195
27372
27402
27690
27719
27748
27814
27833
28072
28122
28759
29601
29606
29644
29836
29925
29963
30172
30481
30697
31019
31087
31271
31473
31882
32005
32123
32217
32290
32296
32319
33180
33244
33448
33749
33815
33833
33965
34017
34169
34235
34300
34367
34708
34840
34884
34966
35053
35078
35080
35114
35364
35379
35403
35407
35424
35589
35651
35769
35860
35909
36051
36082
36329
36347
36506
36719
37281
37302
37390
37678
37800
37931
38103
38255
38274
38444
38677
38887
38999
39205
39417
39459
39474
39487
39520
39587
39669
39694
39843
39939
40025
40074
40229
40309
40773
13
120
219
302
342
697
1088
1111
1507
1508
2443
2601
2662
2747
2834
2975
3067
3069
3093
3123
3204
3336
3350
3396
3495
3627
3823
3926
3927
3935
4245
4409
4456
4484
4520
4529
4675
4778
4857
4975
4991
4995
5025
5044
5052
5163
5168
5185
5302
5745
5792
5796
5856
6046
6158
6167
6194
6201
6469
6705
6864
6933
7010
7064
7074
7126
7187
7318
7345
8010
8105
8234
8238
8239
8372
8408
8481
8618
8713
8951
9066
9092
9242
9256
9566
9624
9685
9697
9718
9935
10077
10534
10541
10875
10977
11087
11095
11186
11190
11234
11380
11748
11945
11973
12122
12345
12368
12390
13037
13099
13109
13445
13785
13875
14041
14193
14245
14416
14835
14890
14899
14901
14942
15203
15424
15697
16228
16297
16434
16493
16574
16761
17327
17332
17360
17500
17568
17577
17626
17641
17910
17917
19333
19403
19614
19934
19974
20038
20056
20136
20286
20406
20507
20600
20751
20827
21049
21148
21385
21455
21481
21488
21712
21729
22321
22336
22710
22726
22911
23205
23873
23948
24122
24169
24216
24498
24721
24835
24917
25067
25334
25465
25686
26232
26267
26529
26845
26978
27155
27198
27210
27221
27353
27521
27801
28208
28210
28327
28592
28800
29228
29245
29327
29401
29470
29508
29722
30337
30967
31765
31808
32177
32730
32844
33033
33213
33701
34011
34106
34628
34668
34896
35056
35128
35184
35278
35327
35342
35391
35541
35625
35957
36021
36293
36296
36327
36481
36724
36845
36881
37226
37239
37311
37418
37593
37913
37927
37935
38055
38305
38521
38811
38889
38989
39127
39375
39455
39866
39978
40135
40151
40231
40457
40575
40578
40606
40631
40680
40784
