11
40
507
792
951
1202
1492
2003
2066
2104
2336
2348
2459
2493
2553
2572
2784
2858
2861
2892
3055
3124
3383
3451
3575
3623
3773
3999
4185
4268
4269
4282
4387
4422
4428
4602
4639
4772
4812
4870
5016
5148
5355
6188
6313
6477
6606
7158
7362
7835
7969
8060
8253
8291
8424
8480
8510
8535
8594
8781
8833
9023
9072
9120
9240
9809
9979
10129
10271
10728
10927
10942
11063
11139
11225
11515
11658
11665
11711
11830
11965
12071
12198
12346
12407
12474
12609
12718
12893
12955
13104
13121
13126
13135
13175
13210
13299
13397
13469
13624
13726
13744
13833
14091
14144
14190
14228
14306
14308
14666
15059
15349
15534
15710
16254
16308
16398
16411
16463
16470
16603
16844
16860
16959
17155
17265
17340
17732
17780
17969
18201
18256
18794
18872
19225
19312
19423
19624
19734
19799
20104
20334
20491
20506
20770
20876
20938
21004
21092
21134
21157
21167
21248
21268
21287
21312
21411
21767
21770
22010
22014
22246
22418
22492
22547
22862
23080
23240
23890
24598
24684
24689
24831
24866
25192
25780
26040
26269
26347
26480
26537
26561
26580
26715
26901
26960
26971
26992
27104
27195
27402
27548
27690
27725
27748
28072
28554
28759
28783
28931
28982
29152
29653
29963
30172
30331
30449
30598
30660
30824
31097
31392
31473
31592
31637
31882
31890
32152
32217
32296
32319
32908
32931
33180
33274
33762
33815
33831
33965
34017
34169
34367
34621
34708
34777
34794
34818
34840
34884
34966
34996
35017
35053
35098
35114
35403
35407
35651
35770
35946
36082
36329
36347
36599
36726
37281
37390
37678
37840
37907
38255
38273
38605
38628
38999
39067
39520
39577
39587
39669
39843
39939
40025
40069
40276
40309
40428
40432
40773
31
117
120
342
346
762
1088
1111
1181
1632
1798
2302
2443
2452
2580
2662
2747
2834
2836
2936
3087
3093
3113
3123
3336
3350
3495
3588
3627
3818
3823
3935
3990
4363
4409
4456
4484
4529
4919
4975
4991
4995
5025
5044
5052
5079
5082
5163
5302
5324
5451
5661
6046
6167
6469
6579
6754
6864
6933
7074
7126
7164
7187
7318
7503
7717
8123
8234
8239
8372
8481
8618
8712
8713
8880
8923
9005
9173
9456
9685
9946
10191
10492
10626
10741
10875
11000
11041
11186
11190
11247
11689
11732
12056
12302
12310
12368
12390
12723
12746
13129
13875
14193
14245
14688
14745
14835
14890
14899
14901
14920
15132
15203
15304
15424
15697
15922
16114
16228
16380
16434
16492
16493
16574
16724
16761
16958
17136
17192
17344
17424
17568
17577
17626
18052
18175
18668
18863
18882
19300
19333
19353
19403
19934
20056
20293
20337
20406
20507
20618
20751
20813
21078
21148
21183
21184
21203
21412
21481
21488
21549
21729
21935
22012
22321
22710
22726
22911
23408
23660
23873
23990
24122
24169
24216
24498
24721
24867
24955
25018
25465
25600
25674
26267
26529
26542
26845
26978
27198
27210
27353
27386
27868
27917
27925
28005
28208
28210
28511
28592
28769
29245
29327
29410
29787
30082
30169
30337
30406
30764
30967
31103
31394
31659
31875
31933
32004
32177
32197
32629
32730
33087
33301
33494
34011
34106
34622
34628
34923
34931
35056
35128
35278
35327
35342
35360
35371
35541
35768
35912
35957
35966
36021
36319
36418
36481
36881
37226
37239
37369
37409
37418
37560
37714
37913
38055
38081
38219
38225
38226
38305
38388
38521
38812
38889
38989
39084
39375
39468
39574
39866
40151
40231
40395
40575
40578
40606
40609
40784
