382
507
756
792
819
951
1094
1197
1202
1397
1479
1513
1535
1671
1758
2003
2066
2104
2336
2459
2553
2861
2892
2917
3055
3124
3383
3391
3575
3623
3937
4268
4554
4812
5016
5022
5024
5074
5355
5465
5812
6026
6313
6477
6537
7040
7261
7362
7435
7835
7963
8060
8079
8424
8480
8510
8566
8626
8644
8781
9047
9154
9240
9524
9654
9738
9979
10131
10171
10271
10279
10593
10687
10728
10777
10889
10942
11063
11139
11154
11225
11277
11515
11553
11609
11658
11665
11686
11711
11764
11965
12071
12073
12245
12346
12407
12631
12690
12893
12955
12985
13029
13060
13104
13121
13135
13190
13203
13210
13299
13314
13361
13518
13624
13709
13790
14228
14516
14538
14886
14915
15059
15174
15349
15534
16398
16463
16603
16697
16844
16968
17097
17201
17265
17340
17522
17732
17969
18201
18256
18506
18751
18872
19225
19291
19321
19422
19734
19805
20104
20466
20537
20876
20938
21004
21123
21134
21157
21167
21248
21612
21747
21767
21770
22010
22094
22246
22297
22338
22528
22763
22823
23190
23694
23867
23890
24033
24173
24340
24571
24598
24689
24982
25011
25192
25324
25470
26040
26455
26580
26951
26960
26992
27065
27104
27195
27372
27402
27548
27569
27690
27806
28072
28122
28554
28759
28783
29101
29601
29606
29644
29653
29925
29936
30172
30331
30449
30598
30660
30697
31004
31087
31097
31392
31473
31519
31890
31893
32123
32152
32290
32296
32319
32869
32908
33749
33762
33831
34017
34169
34235
34246
34584
34621
34708
34907
34963
35017
35053
35080
35098
35255
35325
35424
35909
35946
36051
36082
36726
36757
37281
37302
37678
37777
37931
38887
38950
39082
39205
39310
39417
39449
39459
39487
39572
39669
39694
39843
39939
40025
40229
40309
40342
40428
40800
31
117
302
1111
1181
1632
1739
1798
2302
2452
2575
2601
2662
2747
2810
2836
2975
3069
3087
3113
3123
3204
3396
3818
3823
3926
3935
4245
4363
4409
4484
4675
4778
4857
4991
5025
5044
5079
5082
5163
5302
5443
5745
5796
5979
6158
6167
6194
6307
6375
6399
6705
6864
6933
7064
7074
7126
7187
7503
7710
8010
8105
8239
8533
8615
8618
9066
9550
9612
9697
9922
10077
10605
10741
10875
11041
11087
11190
11380
11732
11973
12056
12345
12390
12457
12723
12746
13077
13099
13445
13785
14039
14041
14193
14890
14920
15348
15423
15922
16093
16114
16297
16320
16380
16440
16492
16570
16644
16724
16761
16913
17306
17327
17332
17344
17563
17568
17577
17626
17641
17910
18175
18863
18891
18977
19216
19300
19333
19353
19403
19614
19690
20015
20038
20134
20293
20406
20618
20751
20813
21112
21148
21183
21184
21203
21380
21455
21481
21712
21729
22012
22321
22519
22544
22710
22726
23043
23205
23408
23873
23929
23948
23967
23990
24216
24427
24721
24835
24867
24917
24980
25297
25334
25368
25674
25686
26137
26232
26267
26529
26845
26978
27198
27210
27353
27868
27917
27925
28208
28210
28800
28878
28918
29401
29410
29470
29508
29722
29787
30008
30082
30406
30764
31089
31165
31659
31765
31997
32098
32177
32197
32454
32771
33033
33278
33301
33337
33515
33701
34011
34192
34242
34325
34369
34372
34610
34896
35327
35371
35391
35392
35541
35625
35633
35768
36175
36293
36296
36319
36327
36481
36594
36724
36845
37226
37239
37311
37369
37409
37418
37593
37714
38219
38226
38508
38638
38811
38889
38989
39127
39147
39375
39978
40135
40185
40231
40395
40457
40563
40575
40578
40606
40784
