11
382
719
792
819
951
996
1094
1163
1202
1217
1479
1480
1492
1513
2037
2066
2104
2459
2572
2892
3055
3160
3382
3383
3391
3451
3816
3908
3999
4185
4264
4268
4269
4282
4422
4554
4613
4639
5148
5355
5465
5811
6165
6517
6654
7040
7085
7147
7261
7435
7835
8060
8079
8253
8291
8480
8510
8535
8566
8594
9023
9072
9120
9240
9524
9695
9809
9979
10271
10279
10344
10593
10725
10777
10867
10889
10942
11204
11413
11515
11609
11642
11658
11711
11764
11829
11830
11965
12071
12073
12198
12245
12375
12474
12493
12571
12609
12690
12718
12893
12955
13126
13135
13175
13469
13742
13833
13986
14091
14144
14190
14306
14538
14599
14666
14859
15059
15174
15710
16398
16411
16463
16470
16860
16968
17067
17097
17291
17340
17780
18076
18201
18359
18506
18580
18751
18814
18872
19008
19291
19525
19624
19799
19805
19903
20104
20334
20506
20537
20778
20876
21092
21123
21612
21767
21821
22010
22014
22246
22297
22492
22528
22547
22821
22823
22862
22935
23080
23190
23867
24289
24340
24347
24375
24554
24684
24689
24866
25011
25324
25470
25780
26072
26269
26277
26347
26455
26537
26715
26901
26951
27195
27548
27569
27593
27725
27806
27833
28473
28554
28783
28990
29101
29152
29403
29606
29625
29644
29653
29760
29836
29925
29963
30040
30107
30172
30331
30441
30660
30824
31019
31073
31087
31097
31392
31473
31519
31601
31637
31890
31893
32123
32152
32280
32290
32296
32319
32869
32927
33448
33815
33831
33965
34020
34039
34235
34708
34840
34963
34966
35078
35080
35098
35114
35151
35255
35325
35379
35424
35770
35873
35909
36329
36599
36757
37281
37302
37777
37800
37840
37931
38036
38222
38255
38273
38274
38605
38677
38950
38999
39067
39310
39449
39474
39572
39694
40069
40074
40229
40309
40428
13
42
85
117
219
302
342
346
762
1088
1507
1547
1739
2452
2580
2662
2737
2747
2836
2936
2975
3093
3123
3204
3350
3495
3572
3818
3927
3935
4023
4363
4520
4529
4675
4857
4919
4991
4995
5025
5052
5082
5168
5250
5443
5451
5473
5745
5792
5856
6167
6194
6329
6399
6579
6864
6933
7074
7231
7503
8010
8105
8224
8234
8238
8372
8408
8541
8563
8691
8713
8880
8923
9550
9566
9685
9718
9946
10534
10541
10626
10741
10875
10905
10977
10994
11087
11186
11190
11234
11247
11380
11562
11689
11732
12056
12310
12345
12457
13037
13445
13785
14193
14416
14688
14745
14899
14901
14920
14942
15066
15132
15304
15384
15423
15922
16093
16297
16320
16380
16492
16570
16761
17136
17192
17344
17563
17577
17626
17641
17910
17917
18052
18668
18863
18882
18891
19216
19333
19353
19614
19913
19974
20038
20134
20286
20344
20600
20618
20813
20860
20963
21078
21112
21148
21184
21203
21380
21412
21468
21481
21488
21729
22036
22274
22544
22710
22888
22894
23180
23408
23494
23620
23652
23660
23873
23929
24122
24169
24216
24721
24867
24980
25018
25067
25334
25946
26232
26529
26845
27136
27221
27521
27680
27839
27925
28005
28208
28327
28511
28592
30008
30051
30082
30337
30474
30764
30967
31194
31202
31875
31997
32004
32197
32730
32771
32844
33337
33494
33515
33623
34011
34106
34325
34372
34622
34896
34923
35184
35391
35392
35541
35633
35768
36021
36293
36296
36327
36594
36724
36845
37016
37226
37239
37369
37409
37714
37815
37923
37935
38081
38305
38388
38812
39084
39375
39455
39574
39866
40395
40457
40537
40575
40578
40606
40609
