11
382
507
719
1076
1217
1440
1492
1513
1535
1671
1758
2104
2459
2572
2858
2861
2892
3383
3391
3451
3623
3999
4264
4269
4422
4602
4812
5016
5024
5074
5355
5466
6026
6165
6188
6190
6313
6441
6517
6537
6606
6654
6982
7040
7085
7158
7261
7435
7963
8079
8291
8360
8480
8510
8578
8781
8833
9072
9240
9593
9654
9695
9795
9979
10171
10279
10725
10777
10889
10927
11063
11225
11553
11642
11658
11829
11830
12073
12198
12375
12474
12493
12512
12609
12718
12985
13104
13121
13135
13175
13190
13203
13210
13299
13518
13624
13744
13884
14091
14144
14190
14301
14306
14516
14666
14844
14915
15349
15480
16463
16603
16844
16860
17097
17155
17201
17265
17291
17340
17444
17780
17934
18076
18115
18201
18256
18338
18359
18472
18751
18794
18814
18872
19151
19312
19525
19624
19734
20334
20491
20537
20770
20876
21004
21123
21134
21157
21167
21268
21287
21312
21411
21747
22010
22094
22246
22418
22470
22492
22763
22821
23080
23240
23694
24289
24340
24375
24598
24652
24684
24761
24807
24831
24866
24982
25324
25780
25820
26455
26480
26580
26715
26901
26951
26960
26971
27104
27569
27593
27690
27719
27725
27814
28072
28122
28473
28875
28931
28982
28990
29403
29588
29606
29625
29644
29653
29760
29836
29936
29963
30040
30107
30449
30598
30660
30697
31004
31073
31087
31097
31271
31392
31473
31601
31637
31873
31882
32123
32135
32152
32280
32290
32296
32869
32908
32931
33180
33274
33749
33815
33833
33965
34039
34169
34246
34300
34584
34840
34907
35017
35078
35098
35151
35379
35403
35424
35447
35589
35769
35770
35860
35873
35909
35946
36082
36329
36599
36719
36726
36757
36802
37281
37302
37800
37840
38036
38103
38222
38274
38605
38677
38950
39067
39082
39572
39587
40074
40309
40432
40773
13
31
42
85
117
120
219
302
1088
1111
1181
1632
2318
2452
2575
2601
2810
2836
2936
3067
3069
3087
3093
3113
3123
3204
3336
3627
3823
3926
4456
4675
4778
4819
4975
4991
4995
5025
5052
5079
5082
5096
5163
5168
5250
5302
5451
5615
5745
5792
6046
6121
6167
6194
6307
6329
6375
6399
6864
6886
6933
7064
7318
7345
7503
7586
7710
8010
8123
8217
8481
8880
8951
9005
9066
9092
9161
9173
9256
9456
9612
9624
9685
9718
9935
9946
10191
10492
10541
10626
10677
10977
11000
11087
11186
11190
11247
11562
11689
11945
11973
12056
12122
12302
12310
12345
13109
13129
13718
13785
13875
14039
14688
14745
14899
14920
15203
15304
15384
15922
16093
16108
16228
16320
16380
16440
16492
16570
16574
16761
17136
17192
17306
17327
17332
17360
17568
17910
18052
19216
19333
19614
19690
19934
20038
20056
20337
20406
20618
20664
20813
20827
21148
21184
21385
21468
21488
21510
21549
21712
22336
22726
22894
23205
23494
23620
23652
23660
23929
24498
24721
24980
25018
25067
25334
25465
25600
25686
25946
26137
27210
27221
27353
27521
27917
28005
28208
28327
28592
28769
28800
29290
29401
29410
29787
30008
30169
30337
30406
30474
30764
30967
31103
31165
31202
31394
31659
31765
31808
31875
31997
32004
32177
32197
32730
32771
33033
33213
33515
33701
34109
34372
34628
35056
35360
35371
35546
35633
35768
35912
35957
35966
36021
36175
36293
36296
36481
36724
36881
37016
37226
37418
37714
37815
37923
37927
38081
38226
38305
38638
38789
38812
38989
39084
39127
39375
39978
40231
40457
40563
40578
40606
40609
40631
40650
40680
40784
