11
507
756
792
819
1094
1197
1412
1479
1513
1758
2104
2336
2493
2769
2858
2917
3160
3382
3383
3451
3532
3623
3816
3830
3908
4185
4268
4269
4387
4554
5016
5074
5148
5355
5465
5466
5503
5812
6026
6190
6313
6477
6537
6606
6711
7040
7085
7362
7963
7969
8253
8360
8480
8510
8535
8566
8626
9023
9240
9524
9593
9654
9695
9738
9795
9809
9979
9998
10131
10171
10777
10867
10889
11225
11277
11413
11515
11609
11665
11686
11764
11829
12071
12198
12346
12512
12571
12631
12690
12718
12893
12955
12985
13104
13121
13190
13210
13361
13397
13624
13709
13726
13744
13833
13884
13986
14144
14190
14306
14516
14674
14859
14886
15174
15534
15710
16308
16411
16463
16470
16603
16968
17097
17265
17291
17340
17444
17732
17780
18121
18256
18338
18580
18751
18814
18872
19151
19225
19423
19525
19799
19805
20225
20334
20466
20491
20770
21134
21157
21248
21268
21411
21747
21770
21821
22010
22014
22246
22338
22470
22528
22547
22862
23080
23694
23867
23971
24173
24340
24347
24554
24652
24689
24761
24807
24866
24982
25192
25324
26040
26072
26269
26347
26455
26537
26715
26901
26951
26958
26971
26992
27065
27163
27352
27690
27719
27725
27748
27806
28072
28658
28776
28875
29101
29304
29403
29599
29625
30172
30441
30660
31019
31073
31392
31592
31601
31873
31882
32135
32319
32908
33815
33831
33965
34020
34039
34246
34300
34584
34708
34777
34818
34884
34966
35017
35024
35151
35325
35379
35407
35589
35651
35873
35909
35946
36051
36082
36329
36347
36599
36719
37281
37678
37777
37800
37840
37907
37931
38274
38605
38628
38677
38887
38983
39067
39310
39459
39520
39577
39669
39939
40074
40229
40309
40342
40773
31
42
85
117
302
346
369
762
1088
1508
1547
1632
1739
1798
1873
2318
2452
2580
2662
2747
2836
2936
3067
3113
3123
3336
3350
3572
3818
3935
4245
4409
4484
4675
4819
4857
4919
4975
5025
5079
5082
5096
5163
5250
5324
5615
5661
5792
5796
5979
6307
6329
6375
6579
6705
6754
7010
7064
7345
7586
8123
8234
8239
8304
8481
8533
8541
8615
8618
9005
9066
9161
9456
9624
9935
9946
10191
10534
10541
10605
10626
10875
10977
10984
11000
11041
11186
11190
11234
11380
11598
11748
11945
11973
12056
12302
12345
12368
12390
12457
12723
13037
13077
13129
13718
13785
14041
14245
14835
14899
14901
15132
15348
15423
15922
16093
16108
16114
16320
16380
16492
16574
16644
16724
16913
16958
17136
17192
17332
17344
17360
17500
17563
17568
17626
18052
18175
18668
18863
18891
18977
19353
19403
19614
20015
20038
20134
20293
20337
20344
20507
20751
21049
21148
21203
21380
21468
21481
21488
21729
21935
22012
22036
22321
22544
22710
22894
22911
23180
23408
23494
23652
24122
24169
24498
24721
24750
24835
24917
24955
25018
25067
25334
25600
25674
26137
26232
26267
26529
26542
26845
27136
27198
27386
27521
27801
27815
27868
27925
28769
28800
29228
29245
29327
29410
29470
29722
30008
30169
30967
31103
31202
31765
31808
32098
32629
32771
33033
33087
33213
33337
33494
33701
34011
34106
34192
34610
34628
34931
35056
35278
35327
35360
35371
35391
35392
35912
35957
35966
36293
36319
36327
36481
36594
36845
36881
37226
37239
37409
37418
37509
37560
37593
37714
37927
37935
38055
38081
38225
38226
38508
38521
38789
39084
39147
39375
39468
39533
39574
39866
39978
40135
40151
40231
40537
40563
40578
40606
40650
40680
40784
