40
756
951
996
1027
1076
1094
1202
1217
1479
1480
1671
2037
2104
2459
2553
2769
2784
2892
3383
3575
3623
3773
3816
3937
4269
4387
4428
4639
4772
4870
5022
5148
5355
5465
5760
5811
5812
6165
6190
6441
6477
6711
7158
7435
7963
8291
8360
8424
8480
8566
8578
8626
8644
9047
9120
9154
9524
9738
9795
9809
10171
10271
10344
10728
10777
10867
10889
10942
11063
11139
11204
11413
11553
11609
11658
11665
11686
11711
11829
12071
12198
12245
12346
12375
12512
12609
12631
12690
12718
12985
13126
13135
13203
13299
13314
13361
13397
13469
13518
13709
13726
13742
13744
13986
14144
14306
14308
14538
14666
14886
15480
15710
16308
16411
16463
16844
16860
16959
17067
17201
17444
17732
17780
17934
17969
18115
18256
18338
18359
18472
18580
18794
18872
19008
19151
19225
19312
19321
19423
19624
19734
19799
19903
20104
20225
20334
20466
20506
20938
21123
21157
21248
21268
21287
21411
21612
21767
21821
22010
22014
22094
22136
22338
22492
22528
22821
22823
22935
23080
23190
23240
23694
23890
23971
24033
24289
24571
24652
24689
24866
25192
25801
26040
26269
26277
26347
26455
26537
26561
26580
26951
26958
26992
27104
27163
27352
27690
27725
27806
27814
28554
28658
28776
28990
29152
29304
29403
29588
29601
29963
30040
30107
30347
30441
30449
30481
30697
30824
31019
31073
31637
31873
31890
31893
32123
32135
32217
32290
32485
32908
32927
32931
33244
33448
33762
33831
33965
34246
34300
34367
34708
34884
34907
34966
34996
35017
35080
35098
35151
35379
35403
35424
35769
35860
35909
35946
36051
36347
36719
36757
37302
37390
37678
37777
38013
38036
38222
38273
38628
38677
38887
38999
39067
39449
39487
39669
39939
40055
40069
40229
40276
40309
40342
40428
40432
40773
13
219
342
346
369
697
762
1508
1547
1873
2253
2302
2452
2575
2580
2662
2810
2834
2836
3069
3113
3204
3336
3350
3823
3990
4023
4245
4484
4529
4675
4778
4819
4991
4995
5025
5052
5079
5168
5250
5302
5324
5443
5451
5615
5796
5856
6201
6307
6329
6705
6886
7010
7074
7164
7187
7231
7345
7717
8105
8224
8238
8541
8880
8951
9005
9092
9242
9256
9550
9566
9685
9697
9922
10605
10741
10875
10994
11000
11087
11095
11247
11562
11689
11945
11973
12056
12302
12345
12368
12390
12723
13099
13129
13445
13785
14041
14193
14745
14890
14942
15203
15384
15423
15424
15922
16108
16228
16320
16380
16434
16492
16493
16574
16724
16913
17306
17332
17354
17500
17563
17626
17641
17729
17917
18052
18668
18863
18882
18977
19216
19300
19333
19403
19690
19913
19934
19974
20056
20136
20286
20406
20600
20664
20751
20813
20860
21049
21078
21148
21183
21184
21203
21380
21412
21468
21481
21510
21712
21729
21935
22012
22036
22274
22321
22336
22544
22710
22726
22894
22911
23408
23494
23620
23873
23929
23948
23967
23990
24122
24169
24427
24498
24917
24955
25067
25297
25334
25368
25674
25946
26232
26529
26542
27155
27210
27221
27353
27386
27801
27839
27868
27917
28005
28511
28878
28918
29245
29290
29410
29722
30008
30337
30764
30967
31089
31103
31165
31194
31659
31808
31933
32629
32844
33033
33087
33213
33278
33494
33515
33623
34109
34369
34622
35342
35360
35391
35768
36175
36327
36418
36481
36724
36881
37239
37369
37418
37509
37593
37815
37889
37913
37927
38081
38219
38388
38508
38521
38811
38889
38989
39147
39468
39533
39866
40457
40563
40609
40631
40680
40784
