382
507
719
756
819
1027
1060
1076
1094
1163
1197
1202
1479
1480
1513
1758
2037
2066
2104
2336
2459
2784
3055
3160
3451
3532
3623
3816
3937
3999
4268
4282
4387
4428
4602
4772
4870
4979
5016
5503
5812
5873
6026
6190
6313
6441
6477
6537
6654
6982
7040
7085
7147
7158
7362
7835
8060
8253
8291
8480
8510
8535
8566
8594
8626
8781
8976
9047
9072
9120
9524
9593
9654
9809
9979
10131
10171
10271
10344
10687
10927
11154
11204
11277
11515
11609
11642
11686
11711
11764
11829
11830
11965
12071
12073
12198
12245
12375
12493
12609
12631
12955
12985
13029
13060
13121
13135
13314
13361
13397
13469
13518
13709
13742
13744
13790
13884
14301
14306
14308
14363
14538
14674
14844
14859
15059
15174
15349
15534
16254
16293
16308
16411
16463
16470
16697
16844
16860
16959
17067
17155
17201
17291
17444
17522
17732
17780
18076
18115
18359
18580
18794
18814
19008
19151
19229
19423
19734
19799
19805
19903
20104
20334
20506
21092
21123
21157
21268
21612
22094
22136
22418
22492
22821
22823
22862
23080
23240
23694
23867
23971
24033
24289
24340
24347
24375
24554
24598
25801
26040
26269
26277
26455
26537
26561
26901
26951
26958
26960
26971
26992
27104
27163
27195
27352
27372
27402
28122
28554
28658
28776
28783
28875
28990
29152
29601
29606
29625
29644
29836
29925
29936
29963
30172
30331
30441
30481
30598
30824
31073
31097
31271
31392
31473
31873
31882
32217
32280
32290
32485
32869
32927
33448
33762
34017
34020
34169
34235
34246
34367
34584
34621
34818
34966
34996
35017
35053
35080
35098
35151
35379
35403
35424
35651
36051
36082
36329
36599
36726
36757
36802
37281
37302
37390
37800
37907
38013
38036
38103
38255
38273
38274
38444
38605
38677
38887
38950
39205
39310
39449
39487
39520
39572
39669
39843
39939
40025
40069
40074
40309
40428
42
117
302
342
346
1088
1507
1508
1547
1739
1798
1873
2318
2580
2662
2737
2975
3067
3069
3113
3350
3396
3572
3588
3627
3818
3927
3935
3990
4363
4529
4819
4857
4919
4975
4991
4995
5044
5052
5082
5096
5144
5250
5443
5451
5473
5615
5661
5745
5792
5796
5856
6046
6121
6158
6167
6194
6329
6579
6705
6754
6864
6886
7010
7064
7126
7187
7231
7345
7503
8217
8234
8304
8372
8541
8563
8618
8691
8712
8880
8951
9005
9256
9566
9612
9624
9697
9922
9935
9946
10191
10492
10534
10541
10626
11000
11087
11186
11190
11562
11689
11945
12056
12310
12390
12723
13129
13718
13785
13875
14039
14416
14745
14901
14942
15066
15132
15203
15348
15384
15697
16093
16228
16297
16434
16440
16492
16493
16570
16958
17192
17327
17354
18175
18668
18891
19333
19614
19690
19934
20038
20136
20293
20337
20618
20813
20827
20860
21078
21183
21203
21380
21385
21412
21455
21481
21935
22012
22036
22321
22519
22544
22726
22888
23043
23180
23205
23494
23620
23652
23948
24122
24169
24216
24750
24835
24867
24955
25018
25067
25297
25334
25368
25465
26137
26529
26542
27198
27221
27680
27839
27917
28208
28327
28878
28918
29327
29410
29508
30008
30967
31089
31103
31194
31202
31765
31875
31997
32004
32454
32629
32730
32771
33033
33213
33278
33301
33337
33623
34325
34369
34610
34622
34628
35184
35278
35342
35371
35391
35392
35541
35957
35966
36293
36418
36845
37239
37311
37369
37913
38225
38226
38305
38508
38521
38638
38811
38889
39127
39375
39533
40135
40395
40563
40575
40609
40784
