11
382
756
1076
1094
1197
1535
1671
2003
2037
2104
2348
2553
2769
2784
2861
2917
3055
3124
3160
3391
3451
3575
3908
3999
4268
4269
4282
4422
4428
4554
4602
4613
4772
4812
5016
5074
5503
5812
5873
6165
6188
6477
6517
6537
6606
6982
7085
7158
7362
7835
7963
7969
8079
8360
8424
8510
8535
8566
8594
8781
9023
9047
9072
9154
9240
9524
9593
9695
10344
10593
10777
10867
10889
11154
11204
11277
11515
11642
11665
11711
11764
11829
11965
12071
12073
12245
12375
12407
12690
12893
12955
12985
13029
13060
13104
13121
13190
13210
13314
13397
13469
13709
13726
13790
13884
13986
14091
14190
14301
14363
14844
14859
14886
14915
15174
15349
15534
15710
16293
16398
16411
16470
16603
16697
16860
16968
17097
17265
17291
17732
17969
18076
18115
18121
18201
18359
18472
18506
18751
18814
19008
19151
19225
19321
19422
19624
19805
19903
20024
20104
20225
20466
20491
20770
20778
20876
21092
21157
21167
21287
21312
21411
21747
21821
22010
22014
22297
22547
22821
22823
22935
23190
23240
23694
23867
24033
24289
24375
24571
24689
24807
25011
25192
25324
25780
25820
26277
26455
26537
26561
26580
26951
27104
27163
27352
27402
27548
27593
27719
27748
27806
27814
27833
28122
28473
28783
28931
29403
29588
29601
29644
29653
29760
29925
29936
30040
30331
30697
31004
31019
31073
31097
31271
31392
31473
31601
31637
31873
31882
31890
31893
32005
32123
32290
32296
32319
33244
33448
33815
33831
33833
33965
34020
34584
34777
34818
34840
34884
34907
34966
35017
35024
35114
35151
35379
35403
35424
35589
35873
36329
36599
36726
36757
37390
37777
37931
38013
38036
38255
38273
38444
38677
38887
38999
39082
39205
39449
39459
39520
39572
39577
40342
40432
31
85
117
219
302
342
369
697
762
1111
1798
1873
2253
2302
2318
2580
2601
2737
2810
2834
2936
2975
3067
3087
3113
3123
3204
3627
3818
3823
3926
3927
3935
3990
4023
4456
4529
4778
4819
4975
4995
5044
5079
5096
5163
5168
5185
5302
5451
5745
5792
5856
5979
6121
6158
6167
6194
6201
6307
6329
6399
6469
6754
6886
7010
7074
7164
7187
7503
7586
7710
7717
8105
8304
8481
8541
8563
8691
8712
8713
8951
9161
9173
9242
9256
9550
9566
9612
9624
9685
9935
10605
10875
10984
11041
11087
11190
11247
11562
11945
12122
12345
12457
12746
13445
13875
14039
14041
14193
14890
14899
14901
14920
15066
15132
15203
15304
15348
15384
15424
15515
15697
16108
16228
16380
16492
16493
16570
16958
17327
17344
17354
17360
17500
17563
17729
18175
18668
18863
18882
18977
19353
19403
19614
19913
20015
20038
20507
20618
20664
20827
20860
20963
21112
21183
21380
21385
21455
21935
22036
22274
22710
22894
22911
23043
23205
23408
23494
23660
23873
24169
24498
24721
24750
24867
24955
25334
25368
25674
25686
25946
26232
26845
26978
27136
27155
27386
27521
27801
27839
27925
28005
28208
28210
28511
28592
28769
28878
28918
29245
29290
29401
29508
29722
30008
30082
30169
30337
30406
30764
31194
31202
31394
31765
31875
31997
32004
32197
33033
33278
33301
33515
33623
34011
34106
34372
34610
34668
34896
34923
34931
35056
35128
35327
35342
35371
35391
35541
35546
35957
36021
36175
36418
36481
36594
36724
36845
37016
37226
37239
37418
37696
37815
37889
37923
38225
38508
38521
38638
38789
38812
38889
39127
39375
39455
39574
39866
40135
40395
40457
40606
40609
40631
40784
