40
719
756
792
819
951
996
1060
1076
1094
1217
1397
1412
1440
1479
1492
1513
1535
1671
1758
2003
2037
2104
2348
2493
2553
2769
2784
2858
2861
2892
3055
3124
3623
3773
3816
3830
3999
4268
4282
4387
4422
4613
4639
4812
4870
4979
5016
5024
5465
5503
5812
5873
6026
6441
6606
6982
7040
7085
7158
7261
7435
8079
8253
8510
8566
8578
8626
9120
9154
9240
9593
9695
9738
9795
10129
10271
10593
10728
11139
11154
11204
11277
11413
11515
11609
11686
11764
11830
12073
12198
12407
12571
12609
12631
12955
13029
13126
13175
13210
13314
13361
13397
13469
13709
13726
13742
13833
13986
14301
14308
14363
14599
14674
14844
14859
14886
14915
15174
15349
15710
16293
16398
16411
16463
16470
16697
16844
16860
16959
16968
17201
17265
17340
17522
17969
18076
18115
18121
18201
18256
18506
18794
18814
19008
19229
19291
19312
19321
19525
19624
19734
19799
20104
20334
20491
20537
20778
20938
21004
21092
21123
21248
21268
21747
22136
22246
22338
22470
22547
22823
22935
23240
23694
24347
24375
24554
24571
24652
24761
24807
24866
25192
25324
25780
25801
25820
26040
26537
26958
26971
26992
27065
27104
27163
27195
27372
27402
27548
27690
27725
27814
27833
28072
28554
28759
28783
28990
29101
29588
29599
29606
29625
29760
29836
29936
29963
30040
30347
30481
30660
31004
31073
31087
31097
31392
31601
31873
31882
31890
32135
32290
32869
32908
32927
32931
33274
33448
33749
33965
34017
34039
34235
34367
34621
34708
34884
34907
34963
34996
35024
35053
35151
35364
35379
35407
35447
35651
35860
35873
36082
36347
36719
36726
37281
37302
37390
37931
38036
38103
38222
38628
38887
38950
38983
38999
39474
39520
39939
40055
40074
40229
40428
40432
40773
40800
219
231
346
369
697
762
1088
1111
1507
1508
1632
1739
2253
2318
2580
2601
2737
2747
2936
2975
3093
3113
3204
3350
3495
3588
3818
3823
3927
3935
3990
4245
4288
4529
4675
4778
4857
4995
5025
5052
5079
5082
5096
5144
5163
5185
5615
5745
5792
5796
5856
5979
6167
6307
6329
6469
6579
6886
6933
7010
7074
7164
7231
7710
7717
8010
8123
8238
8372
8408
8533
8541
8563
8615
8618
8691
8713
8880
8923
8951
9092
9242
9256
9456
9624
9718
9935
10191
10492
10541
10605
10741
10984
10994
11000
11041
11087
11234
11598
11689
12122
12302
12310
12345
12368
12746
13037
13077
13109
13718
13785
13875
14039
14041
14245
14416
14688
14745
14835
14899
14901
15203
15304
15348
15384
15697
15922
16093
16228
16297
16570
16644
16761
16913
17344
17424
17577
17626
18882
18891
18977
19300
19333
19403
19690
19934
19974
20015
20056
20134
20136
20286
20293
20337
20344
20406
20600
20618
20813
20860
20963
21184
21203
21481
21510
21712
21729
21935
22274
22321
22336
22519
22710
22726
23043
23180
23205
23620
23652
23660
23873
23929
23967
24169
24498
24721
24750
24867
24917
25067
25334
25368
25465
25946
26232
26529
26542
26978
27198
27221
27680
27815
27839
27925
28327
28511
28592
28769
28878
28918
29228
29245
29410
29470
29722
29787
30337
30474
31659
31808
32004
32098
32177
32197
32730
33033
33087
33278
33301
33337
33701
34372
34628
34931
35278
35360
35391
35392
35541
35546
35912
35957
35966
36175
36293
36296
36327
36594
36724
37226
37418
37509
37696
37815
37889
37927
37935
38055
38789
38989
39127
39147
39468
39533
39574
40135
40231
40395
40457
40563
40609
40680
