507
756
792
951
996
1027
1060
1163
1397
1479
1492
1513
1535
1671
2037
2553
2572
2769
2784
2861
2892
3383
3391
3575
3623
3773
3816
3908
3999
4268
4269
4422
4602
4979
5074
5503
5760
5811
5812
6026
6165
6711
7040
7158
7835
7969
8060
8360
8424
8510
8626
8644
8833
9072
9154
9240
9593
9654
9695
9795
9979
9998
10129
10171
10271
10279
10687
10867
10889
10927
10942
11063
11139
11154
11225
11277
11515
11553
11609
11665
11711
11829
11830
12071
12073
12245
12407
12512
12571
12690
12718
12955
13121
13135
13175
13190
13210
13299
13361
13397
13624
13709
13726
13742
13790
14091
14190
14228
14301
14516
14599
14666
14844
14859
15059
15349
15534
15710
16411
16463
16470
16844
16959
17067
17097
17201
17291
17340
17522
17934
18076
18115
18338
18359
18472
18580
18751
18794
18872
19225
19229
19423
19624
19799
19903
20104
20466
20537
21004
21092
21123
21134
21157
21167
21268
21312
21411
21747
21767
21770
22094
22338
22470
22492
22547
22763
22821
22935
23080
23190
23694
23867
23890
23971
24375
24554
24571
24598
24652
24761
24831
24982
25470
25780
25801
26040
26072
26277
26347
26580
26715
26971
27065
27104
27163
27372
27548
27569
27593
27719
27725
27806
28473
28931
28982
28990
29304
29403
29599
29601
29836
29936
29963
30040
30107
30172
30331
30347
30441
30449
30660
31004
31019
31073
31392
31473
31592
31637
31873
31882
32005
32123
32135
32280
32319
33448
33762
33815
33833
33965
34300
34367
34584
34907
34963
34966
35024
35053
35078
35080
35098
35114
35151
35255
35424
35447
35589
35651
35769
35770
35946
36599
36719
36757
36802
37281
37302
37390
37678
37777
37840
37931
38013
38103
38255
38273
38274
38444
38950
39587
39694
40055
40069
40229
40276
40428
40432
31
85
120
219
231
342
346
369
1088
1111
1181
1508
1632
1739
2575
2662
2747
2810
2975
3069
3087
3113
3336
3588
3627
3926
3927
4288
4409
4520
4778
4919
4991
4995
5025
5079
5082
5144
5163
5473
5661
5745
5796
5979
6046
6329
6375
6399
6705
6754
6864
6886
7074
7126
7164
7187
7318
7503
7710
7717
8010
8105
8123
8238
8533
8541
8615
8713
8923
8951
9005
9092
9173
9256
9550
9612
9624
9697
10077
10492
10741
10875
10977
10984
10994
11041
11087
11186
11247
11689
11945
12310
12457
12723
13099
13445
13785
13875
14039
14193
14245
14688
14745
14901
15132
15304
15348
15384
15515
16108
16114
16228
16297
16380
16440
16493
16761
16958
17327
17332
17344
17360
17500
17563
17577
17641
17729
17910
17917
18175
18882
18977
19353
19403
19614
19913
19934
20015
20038
20134
20286
20293
20337
20344
20406
20618
20751
20827
20860
21049
21078
21112
21183
21184
21481
21712
22274
22336
22519
22726
22888
22894
23043
23205
23494
23620
23652
23660
23929
23967
23990
24122
24427
24498
24721
24955
25297
25334
25368
25946
26137
26978
27136
27353
27680
27801
27839
27868
28038
28208
28210
28327
28511
28592
28769
28918
29228
29290
29327
29470
29722
30008
30051
30082
30169
30337
30406
30764
30967
31165
31202
31765
31875
31997
32098
32177
32629
32771
33278
33301
33701
34011
34109
34242
34325
34372
34622
34931
35056
35128
35184
35360
35541
35546
35625
35768
35912
35966
36175
36296
36594
36724
36881
37016
37226
37369
37418
37509
37696
37815
37889
38055
38225
38226
38388
38521
38638
38789
38989
39127
39375
39978
40151
40185
40395
40457
40578
40606
40631
40680
40784
