11
382
792
951
996
1060
1202
1412
1440
1492
1535
2037
2104
2336
2493
2572
2769
2892
3382
3391
3623
3773
3908
3937
3999
4185
4268
4282
4554
4812
4979
5024
5074
5466
5760
5811
6026
6313
6441
6477
6654
7040
7085
7158
7261
7835
7963
7969
8060
8291
8535
8626
8644
8833
8976
9023
9120
9593
9654
9695
9738
9979
9998
10131
10271
10279
10344
10593
10687
10725
10777
10867
10927
10942
11063
11139
11225
11277
11642
11658
11665
11830
12073
12198
12245
12375
12407
12493
12571
12985
13029
13060
13121
13126
13203
13210
13314
13397
13469
13518
13709
13744
14091
14144
14301
14306
14308
14363
14516
14599
14674
14844
15480
15534
15710
16254
16293
16308
16398
16463
16470
16603
16697
16844
16860
16959
17155
17265
17340
17444
17732
17934
17969
18076
18121
18201
18472
18506
18814
19008
19225
19229
19291
19624
19799
19805
19903
20225
20334
20466
20491
20506
20770
21004
21123
21167
21287
21411
21612
21747
21767
21770
22014
22136
22246
22297
22492
22528
22821
23080
23190
23240
23694
23867
23890
24033
24340
24347
24375
24652
24807
24831
24866
25324
25470
25780
25801
26072
26269
26455
26480
26537
26561
26951
26971
27065
27104
27690
27748
27814
28122
28658
28783
28875
28931
28982
28990
29101
29304
29403
29601
29625
29644
29653
30331
30441
30481
30598
30697
30824
31004
31019
31073
31097
31271
31519
31592
31601
31637
31890
32005
32280
32296
32908
32927
32931
33831
34020
34235
34300
34367
34621
34708
34794
34818
34840
34907
34996
35080
35255
35379
35407
35424
35447
35589
35651
35770
35909
35946
36329
36599
36719
36726
36802
37390
37800
37931
38013
38255
38605
38887
39067
39310
39417
39449
39487
39520
39572
39694
39843
40025
40055
40069
40276
40309
40342
40432
40773
40800
31
85
120
219
231
302
342
369
1507
1547
1632
1873
2580
2662
2747
2936
2975
3067
3087
3093
3113
3123
3350
3823
3990
4023
4245
4484
4520
4529
4675
4778
4819
4857
4991
4995
5079
5082
5096
5144
5163
5168
5451
5473
5661
5796
5856
6046
6201
6329
6375
6399
6579
6705
6754
6886
7126
7231
7345
7503
7717
8010
8304
8372
8408
8533
8615
8618
9161
9173
9242
9456
9550
9566
9624
9685
9697
9718
9946
10077
10191
10492
10977
10984
10994
11000
11186
11234
11562
11598
11689
11732
11748
11973
12056
12122
12302
12310
12345
12457
12746
13037
13077
13129
13718
13875
14193
14416
14899
14920
14942
15132
15424
15697
15922
16093
16114
16228
16320
16434
16492
16644
16724
16761
17136
17354
17424
17563
17568
17626
17729
17910
17917
18052
18175
18863
18882
18891
19300
19403
19614
19913
19974
20038
20056
20134
20136
20286
20337
20344
20600
20618
20664
20813
20827
21049
21184
21385
21412
21455
21481
21488
21712
21729
21935
22012
22274
22336
22519
22544
22710
22911
23043
23205
23620
23660
23967
23990
24122
24427
24498
24750
24917
25334
25600
26137
26529
26542
26845
27155
27198
27353
27386
27521
27680
27801
27839
27925
28038
28208
28511
28769
28918
29245
29410
29787
30008
30082
30169
30406
31165
31194
31202
31394
31765
31808
31997
32177
32454
32730
32844
33033
33087
33301
34106
34192
34242
34325
34372
34923
34931
35056
35327
35392
35912
35957
36175
36319
36418
36881
37016
37226
37409
37418
37696
37714
37935
38081
38225
38226
38305
38388
38508
38638
38703
39084
39127
39147
39455
39533
39866
40135
40185
40231
40563
40578
40606
40650
40784
