11
40
507
719
756
792
996
1076
1163
1397
1440
1480
1535
1671
2037
2336
2553
2572
2769
2858
2861
2917
3055
3383
3575
3816
3908
3999
4282
4428
4554
4613
4639
4870
5016
5148
5355
5465
5873
6188
6190
6477
6537
6654
7040
7147
7158
7969
8079
8253
8360
8424
8480
8535
8566
8626
8644
8833
8976
9047
9120
9154
9593
9738
9795
9809
9979
10131
10171
10271
10279
10344
10593
10725
10728
10867
10927
10942
11063
11139
11204
11413
11642
11658
11665
11711
11965
12198
12245
12346
12375
12474
12493
12571
12609
12893
13104
13121
13175
13314
13397
13469
13518
13709
13742
13833
14091
14144
14228
14666
14844
14859
15349
15534
16398
16411
16463
16603
16697
16844
16860
16959
17155
17201
17291
17340
17444
17732
17934
18115
18256
18472
18506
18814
19008
19151
19225
19312
19422
19525
19799
19903
20491
20506
20537
20778
21004
21092
21123
21134
21157
21287
21312
21767
21821
22246
22297
22338
22763
22821
22823
22935
23080
23190
23694
23971
24033
24289
24347
24571
24598
24652
24689
24761
24807
24831
24866
24982
25192
25324
25470
25801
26040
26277
26347
26455
26480
26580
26715
26958
26960
26992
27163
27372
27548
27593
27690
27748
28122
28658
28776
28783
28931
29101
29304
29599
29606
29644
29760
29963
30172
30331
30441
30449
30598
31004
31019
31073
31097
31271
31519
31637
31882
32123
32217
32290
32296
32319
32485
32869
32927
32931
33448
33762
33831
34235
34300
34584
34621
34777
34794
34884
34963
35053
35080
35098
35151
35255
35364
35379
35403
35407
35424
35589
35651
35770
35873
36082
36329
36347
36802
37281
37302
37678
37777
37840
37907
38013
38036
38255
38274
38628
38677
38887
38950
39082
39417
39459
39474
39572
39577
39694
39939
40055
40069
40229
40309
40773
40800
31
42
85
219
231
342
346
369
1547
1632
1873
2253
2575
2737
2747
2834
2936
2975
3067
3069
3087
3204
3572
3588
3823
3926
3935
4363
4409
4456
4484
4529
4778
4819
4991
5052
5079
5082
5096
5324
5443
5473
5615
5661
5745
5856
5979
6046
6167
6201
6329
6375
6399
6469
6579
7010
7074
7231
7345
7503
7586
7717
8010
8105
8123
8234
8304
8563
8615
8618
8691
8880
8923
9005
9066
9161
9173
9256
9550
9566
9624
9685
9718
9922
10077
10191
10492
10534
10626
10875
10977
10994
11000
11041
11087
11095
11186
11380
11562
11689
12122
12310
12368
12390
12457
12723
12746
13129
13785
13875
14193
14245
14416
14688
14899
15066
15203
15384
15697
16114
16228
16320
16380
16492
16493
16644
16724
16761
16913
16958
17136
17192
17327
17332
17360
17424
18175
18863
19300
19403
19934
20015
20038
20337
20344
20507
20600
20664
20751
20813
20827
21078
21183
21468
21510
21549
21712
22012
22321
22710
22726
22894
23043
23652
23660
23948
23967
23990
24216
24427
24721
24750
24835
24867
24917
25018
25067
25297
25334
25368
25946
26137
26845
26978
27136
27198
27210
27221
27521
27815
27839
27917
28210
28511
28592
28918
29245
29410
29722
29787
30474
31089
31103
31165
31202
31659
31875
31997
32004
32098
32177
32454
33087
33213
33301
33337
33494
33701
34011
34192
34242
34325
34372
34668
34923
35056
35184
35278
35391
35392
35541
35546
35957
36175
36418
36481
37016
37226
37239
37311
37369
37409
37418
37509
37560
37696
37714
37889
37935
38055
38081
38219
38225
38226
38305
38638
38811
38989
39084
39127
39375
39866
40135
40457
40563
40578
40609
40631
40784
