507
819
951
1027
1060
1094
1163
1217
1412
1479
1492
1513
2066
2769
2917
3055
3382
3391
3451
3575
3773
3816
3830
3937
4185
4282
4554
4772
4870
5355
5465
5466
5503
5811
5873
6165
6188
6190
6441
6477
6517
6606
6654
6711
6982
7085
7158
7435
7963
8060
8079
8253
8360
8480
8510
8578
8594
8976
9023
9593
9654
9795
9998
10131
10593
10687
10725
10728
10777
10867
11063
11154
11204
11277
11665
11686
11764
11830
12071
12073
12198
12245
12474
12512
12609
12718
12893
13029
13060
13135
13203
13299
13314
13361
13397
13518
13624
13742
13744
13833
14091
14144
14228
14301
14306
14538
14599
14674
14844
14915
15174
15349
15710
16463
16470
16860
16968
17155
17265
17291
17340
17444
17522
17780
18076
18201
18256
18359
18506
18751
18814
18872
19151
19312
19321
19423
19525
19799
19805
20491
20778
20876
20938
21004
21092
21134
21157
21167
21248
21312
21411
21612
21747
22010
22014
22094
22246
22338
22418
22470
22547
22821
22862
22935
23190
23694
24289
24571
24598
24761
24807
24982
25011
25192
25324
25780
25801
26072
26455
26537
26580
26715
26901
26971
26992
27065
27548
27690
27719
27806
28122
28759
28776
28931
29403
29599
29606
29936
29963
30441
30598
30660
30697
31019
31073
31097
31601
32005
32152
32280
32290
32296
32319
32485
32908
33274
33815
33831
33833
34017
34169
34235
34246
34708
34777
34794
34818
34907
34963
34996
35017
35053
35078
35080
35114
35151
35255
35325
35364
35407
35589
35651
35860
36347
36506
36599
36719
36757
37302
37777
37800
37840
38036
38222
38274
38628
38677
38887
39082
39205
39310
39587
39939
40055
40069
40342
40428
40432
40800
13
42
117
120
219
231
342
346
369
1088
1508
1739
1873
2302
2452
2575
2580
2601
2737
2747
2810
3087
3113
3336
3350
3495
3572
3627
3818
3823
3926
3927
3990
4288
4363
4409
4484
4520
4529
4675
4819
4857
4975
4995
5025
5044
5052
5082
5163
5324
5745
5979
6121
6194
6307
6329
6399
6469
6579
6754
6864
6886
6933
7010
7064
7231
7318
7345
7503
7586
7710
7717
8010
8105
8217
8234
8239
8304
8615
8618
8713
8951
9005
9092
9161
9173
9256
9612
9624
9697
9718
9935
9946
10191
10492
10626
10741
10905
10984
11000
11041
11095
11186
11234
11247
11598
11732
11748
11945
11973
12122
12345
12457
13077
13445
13875
14835
14890
14899
14920
14942
15066
15304
15423
15424
15515
16093
16108
16320
16492
16493
16570
16761
16913
17136
17306
17424
17500
17626
17641
17917
18052
18175
18882
18891
18977
19216
19300
19614
19690
19913
19974
20134
20286
20618
20664
20813
20827
20860
21049
21148
21184
21380
21412
21468
21481
21488
21510
21549
21935
22036
22321
22336
22911
23205
23494
23620
23652
23660
23873
23929
23948
23967
24427
24498
24867
24917
24955
25334
25368
25686
26232
26267
26978
27136
27155
27198
27210
27221
27386
27521
27680
27801
27868
27917
28005
28210
28511
28592
28918
29245
29290
29401
29410
29470
29508
29722
30082
30169
30337
30474
30764
31165
31202
31394
31765
31875
31933
31997
32098
32197
32629
32844
33033
33337
33494
34011
34106
34192
34242
34325
34372
34610
34622
34668
34896
35128
35327
35392
35546
35625
35768
35912
35957
35966
36021
36293
36319
36327
36594
37239
37369
37560
37714
37923
37927
37935
38081
38219
38225
38305
38508
38638
38703
38789
38812
39127
39147
39455
39468
39866
39978
40135
40151
40395
40563
40631
40680
40784
