11
382
719
819
996
1027
1060
1076
1479
1513
1758
2003
2037
2104
2336
2348
2459
2572
2892
2917
3382
3623
3773
3816
3937
4185
4264
4269
4613
4772
4870
5022
5024
5355
5465
5466
5503
5812
6026
6165
6188
6190
6313
6517
6606
6654
6711
6982
7147
7435
8060
8079
8291
8360
8480
8510
8594
8644
8833
9023
9047
9154
9240
9524
9593
9738
9795
10129
10131
10271
10279
10593
10728
10777
10867
10889
11063
11139
11225
11413
11515
11553
11686
11764
11830
12073
12198
12346
12375
12407
12474
12493
12512
12893
12985
13029
13060
13126
13175
13299
13314
13469
13518
13624
13742
13744
13884
14091
14144
14190
14301
14308
14538
14844
14915
15059
15174
15349
15534
16463
16470
16697
16959
17067
17265
17969
18076
18115
18121
18201
18256
18506
18580
18794
18872
19225
19229
19312
19422
19734
19805
20104
20334
20466
20506
20778
20876
21123
21157
21167
21268
21612
21770
21821
22136
22246
22492
22547
22763
22821
23190
23240
23867
24289
24375
24598
24761
24831
24866
25470
25801
25820
26072
26277
26455
26537
26901
26958
26960
26971
27065
27104
27195
27352
27372
27548
27569
27690
27719
27725
27748
27806
28473
28554
28776
28931
29152
29403
29588
29599
29601
29625
29653
29760
29936
30347
30449
30660
30824
31087
31097
31473
31601
31873
32005
32280
32290
32296
32485
32927
32931
33180
33448
33749
33762
33831
33833
34017
34235
34246
34300
34794
34818
34907
34963
34996
35017
35024
35053
35080
35098
35114
35151
35325
35379
35407
35447
35589
35860
35873
36051
36329
36719
37281
37390
37777
37840
37931
38013
38036
38103
38255
38444
38887
38999
39205
39310
39417
39459
39487
39520
39577
39587
39669
39694
39843
39939
40069
40309
40342
40432
40800
231
697
762
1181
1547
1798
2253
2575
2662
2747
2834
2836
3069
3093
3113
3123
3204
3350
3396
3495
3588
3627
3818
3926
3927
3935
3990
4023
4245
4288
4363
4456
4484
4520
4675
4778
4991
4995
5044
5079
5082
5096
5144
5302
5324
5451
5792
5796
5856
6046
6307
6329
6469
6579
6705
7074
7126
7187
7586
7710
8123
8224
8234
8238
8372
8481
8541
8618
8691
8880
8923
8951
9066
9173
9456
9566
9624
9697
9718
9946
10077
10191
10534
10605
10626
10741
10875
10905
10994
11000
11087
11190
11247
11689
11732
11945
11973
12056
12345
12368
12390
12457
13129
13445
13785
13875
14193
14688
14745
14835
14901
14942
15066
15132
15304
15348
16108
16114
16228
16320
16380
16440
16574
16644
16761
16913
16958
17192
17306
17332
17344
17354
17500
17568
17641
18175
18668
18882
18977
19333
19913
19934
20056
20134
20136
20286
20337
20406
20507
20664
20813
20860
21049
21078
21184
21203
21380
21385
21455
21468
21510
21712
22012
22036
22274
22336
22519
22726
23180
23205
23652
23873
23948
24216
24427
24835
24867
24917
25067
25334
25368
25465
25600
25946
26232
26542
26845
26978
27198
27221
27353
27801
27839
27868
27917
27925
28208
28210
28327
28511
28592
28769
29245
29290
29327
29470
29722
30169
30474
30764
30967
31103
31394
31765
32098
32177
32454
32629
32730
32844
33087
33278
33301
33337
33515
34106
34192
34372
34628
34668
34923
35056
35184
35278
35371
35625
35912
35957
36021
36293
36296
36418
36481
36594
36845
36881
37016
37239
37369
37409
37418
37509
37593
37913
37923
38226
38305
38388
38521
38638
38703
38811
38989
39084
39127
39147
39978
40135
40151
40231
40537
40563
40575
40606
40680
40784
