40
382
719
756
792
951
1027
1202
1440
1479
1480
1513
1535
1671
1758
2104
2459
2493
2553
2572
2769
2784
2858
3532
3830
3908
3937
3999
4185
4264
4269
4282
4422
4554
4613
4639
4812
4870
5016
5022
5024
5148
5465
5466
5503
5811
6165
6188
6190
6477
6606
6982
7147
7362
8060
8079
8253
8424
8480
8535
8578
8781
8976
9023
9072
9120
9524
9654
9795
9998
10131
10271
10279
10344
10687
10725
10777
10889
10927
11063
11139
11154
11225
11277
11413
11609
11686
11711
11830
12407
12474
12512
12571
12690
12985
13029
13060
13121
13135
13175
13203
13299
13361
13518
13709
13742
13790
13884
13986
14306
14363
14516
14599
14674
14886
15534
15710
16254
16293
16308
16463
16470
16697
16844
16968
17097
17155
17201
17265
17444
17732
18076
18115
18338
18472
19151
19225
19229
19312
19423
19525
19624
19805
20104
20491
20506
20778
20938
21157
21287
21411
21767
21821
22010
22136
22492
22821
23080
23190
23890
24033
24375
24684
24761
24807
24831
24982
25011
25192
25324
25470
26072
26561
26901
26951
26971
26992
27065
27195
27352
27569
27719
27725
27748
27806
27833
28072
28473
28554
28658
28759
28783
28931
28990
29588
29606
29760
29936
29963
30040
30347
30441
30449
30660
30697
31004
31073
31087
31271
31392
31473
31601
31882
31890
32005
32135
32217
32280
32485
32927
32931
33244
33448
33831
34020
34169
34300
34818
34907
34963
34996
35017
35024
35078
35080
35114
35151
35325
35379
35589
35769
35860
35909
35946
36082
36329
36347
36506
36599
36726
36757
37302
37678
37777
38013
38103
38222
38273
38444
38605
38887
38950
38983
38999
39449
39459
39474
39487
39520
39587
40074
40229
40276
40309
40432
40773
13
31
117
219
231
302
697
1507
1508
1547
1798
1873
2253
2302
2318
2601
2747
2810
2834
2975
3069
3093
3204
3350
3495
3588
3627
3818
3823
3926
3927
3935
4245
4288
4363
4409
4456
4975
4991
4995
5025
5052
5144
5168
5185
5250
5302
5324
5473
5615
5661
5796
6121
6307
6469
6579
6705
6754
6864
6886
7126
7164
7231
7710
8123
8217
8238
8304
8372
8481
8541
8563
8615
8618
8691
8712
8713
8880
8923
9005
9242
9456
9624
9697
9718
9935
9946
10492
10534
10541
10605
10626
10677
10875
10905
10984
10994
11095
11186
11234
11562
11945
12302
12310
12390
12457
12723
13037
13099
13445
14245
14416
14688
14899
15066
15132
15304
15384
15423
15515
15922
16093
16108
16114
16228
16297
16320
16380
16434
16570
16574
17136
17192
17327
17354
17910
18052
18668
18882
18891
18977
19300
19353
19403
19614
19974
20015
20134
20136
20600
20664
20827
21078
21112
21148
21203
21380
21412
21455
21488
21510
21549
21712
21729
22012
22036
22321
22336
22519
22888
23494
23652
23929
23948
23967
24216
24427
24498
24917
24955
25018
25067
25368
25465
26267
26845
26978
27155
27198
27221
27353
27386
27801
27815
27868
27917
28005
28038
28210
28511
28592
28769
28800
29245
29508
29722
29787
30008
30082
30337
30764
31194
31202
31394
31659
31765
31808
31875
32004
32098
32177
32454
32730
32771
33033
33087
33213
33301
33515
33623
34011
34106
34109
34192
34610
34622
34628
34668
35056
35128
35278
35327
35342
35392
35625
35957
35966
36021
36319
36327
36594
36724
37016
37239
37311
37369
37418
37696
37889
37913
37927
38055
38225
38305
38508
38521
38789
38812
38889
38989
39084
39127
39455
39978
40135
40151
40395
40457
40537
40575
40578
40650
