11
40
382
507
756
819
951
996
1094
1202
1217
1412
1492
1535
1671
2003
2037
2336
2861
2917
3124
3382
3383
3391
3816
3999
4264
4387
4422
4428
4602
4613
4772
4979
5022
5024
5074
5355
5466
5760
6026
6190
6313
6517
6711
7147
7261
7435
7963
8060
8291
8480
8510
8594
8833
8976
9120
9593
9795
9809
9998
10344
10687
10867
10927
10942
11063
11154
11204
11225
11277
11609
11665
11711
11764
12071
12198
12245
12375
12407
12474
12690
12718
12893
13029
13060
13121
13126
13135
13175
13190
13210
13299
13361
13469
13742
13744
13790
13833
13986
14091
14190
14228
14301
14308
14363
14538
14599
15480
15534
16463
16860
16959
16968
17067
17201
17265
17340
17444
17522
17780
17934
18076
18256
18338
18506
18580
18794
18814
19229
19321
19422
19423
19624
19734
19805
19903
20024
20104
20466
20491
20537
20770
20938
21004
21123
21134
21157
21248
21312
21767
21770
21821
22014
22136
22338
22935
23080
23190
23867
23971
24289
24375
24598
24689
24807
24831
24982
25011
25324
25470
25801
25820
26040
26072
26277
26347
26537
26715
26901
26971
27104
27195
27352
27372
27402
27548
27748
27814
27833
28072
28122
28554
28658
28759
28776
28931
29101
29152
29304
29588
29644
30040
30172
30347
30441
30449
30660
30824
31019
31073
31087
31271
31473
31601
31637
31890
31893
32152
32217
32280
32296
32319
32869
32908
32927
33749
33831
33833
34017
34020
34235
34584
34708
34818
34840
34907
34963
34996
35078
35080
35098
35114
35255
35325
35364
35403
35424
35651
35770
35860
35873
35909
35946
36082
36347
36506
36719
37281
37777
37907
37931
38103
38222
38273
38274
38605
38950
39067
39310
39449
39459
39487
39520
39587
39669
39694
39939
40229
40276
40773
40800
219
231
342
346
369
1088
1111
1507
1508
1547
1632
1873
2302
2318
2810
2936
2975
3067
3069
3087
3113
3123
3336
3396
3588
3627
3926
3927
4023
4409
4456
4529
4675
4778
4857
4975
4991
4995
5025
5044
5082
5096
5144
5163
5168
5185
5451
5615
5745
5792
5856
6121
6201
6307
6329
6469
6579
6754
6886
6933
7064
7126
7164
7187
7231
7503
7586
8010
8105
8123
8217
8224
8239
8304
8618
8713
8880
8923
8951
9005
9066
9092
9242
9256
9456
9685
9697
9946
10541
10605
10741
10984
11041
11234
11247
11598
11689
11732
11748
12457
12746
13445
14039
14416
14745
14890
14899
14901
14920
14942
15066
15515
16108
16114
16380
16434
16492
16493
16574
16644
16761
17136
17192
17306
17327
17424
17500
17577
17626
17910
17917
18052
18175
18863
18891
19353
19614
19690
19974
20038
20056
20134
20293
20406
20664
20827
20860
21049
21112
21148
21183
21184
21385
21481
21510
21549
21729
21935
22274
22321
22519
22544
22726
22888
22894
22911
23043
23205
23408
23494
23652
23660
23873
23929
23948
23967
24216
24427
24721
24750
24835
24867
24980
25018
25297
25368
25600
26232
26267
26529
26542
26845
26978
27136
27210
27221
27386
27521
27680
27815
27868
27917
27925
28038
28327
28592
28769
28878
29290
29327
29401
29410
29470
29722
30051
30082
30169
30967
31103
31202
31659
31933
31997
32004
32098
32197
32454
32730
33033
33087
33278
33337
33701
34109
34372
34610
34628
35056
35128
35278
35360
35371
35391
35392
35541
35546
35633
36021
36327
36481
36594
36881
37016
37226
37509
37696
37714
37913
37923
37935
38055
38225
38388
38638
38811
38812
38989
39127
39375
39533
39574
40151
40185
40395
40578
40650
