507
719
819
951
1027
1060
1076
1094
1163
1202
1217
1412
1480
1492
1758
2003
2037
2104
2336
2459
2493
2769
2784
2892
2917
3055
3382
3391
3532
3575
3623
3908
3999
4264
4268
4282
4387
4554
4602
4613
4772
4870
4979
5016
5024
5355
5465
5466
5503
5873
6026
6165
6190
6313
6441
6477
6537
6654
6711
6982
7158
7362
7835
7963
7969
8291
8510
8644
8781
8833
8976
9154
9524
9593
9738
9979
9998
10344
10777
10889
10942
11063
11277
11515
11642
11665
11829
11965
12071
12407
12512
12571
12609
12690
13029
13060
13121
13203
13210
13299
13361
13397
13469
13726
13884
13986
14144
14301
14306
14308
14363
14516
14599
14666
14674
15059
15174
15480
15710
16254
16293
16308
16411
16844
16968
17067
17097
17340
17522
17732
17934
17969
18076
18115
18201
18256
18338
18359
18472
18506
18751
18794
19151
19423
19525
19624
19805
20104
20466
20491
20537
20770
20876
21092
21123
21248
21287
21411
21612
21747
21767
21821
22014
22338
22418
22470
22528
22547
22763
22823
22935
23080
23190
23240
23867
23890
23971
24340
24347
24375
24554
24571
24598
24652
24689
25820
26347
26480
26901
26951
26958
26960
26971
26992
27065
27104
27352
27372
27402
27548
27569
27690
27719
27725
27806
27833
28072
28990
29101
29152
29304
29588
29644
29653
29760
29836
29925
29936
30040
30107
30347
30441
30660
30697
31073
31271
31473
31592
31601
31637
31873
31882
31893
32005
32123
32217
32280
32296
32319
32485
32908
32931
33180
33244
33448
33762
33815
33831
34017
34020
34235
34246
34367
34584
34621
34708
34794
34818
34884
34963
35024
35053
35080
35114
35151
35447
35589
35873
35946
36051
36082
36599
36757
37281
37678
37777
37800
37840
37907
37931
38103
38255
38273
38274
38444
38605
39082
39205
39310
39417
39449
39459
39572
39577
39587
39669
40069
40229
40342
40432
40800
85
219
302
369
697
762
1547
1632
1798
1873
2302
2575
2662
2834
2936
3350
3495
3572
3588
3818
3823
3926
3927
3935
4023
4245
4363
4409
4456
4520
4857
4919
4975
4991
4995
5044
5096
5144
5168
5302
5324
5443
5473
5615
5661
5796
5856
6121
6167
6194
6307
6375
6399
6754
6864
6933
7074
7164
7318
7586
8010
8123
8224
8234
8238
8372
8533
8615
8618
8691
8712
8880
8923
8951
9005
9066
9092
9242
9550
9566
9685
9697
9718
9922
9935
10191
10492
10677
10741
10875
10905
10984
10994
11000
11041
11095
11186
11598
11689
12345
12457
12746
13077
13099
13129
13445
13718
14245
14688
14835
15384
15423
15424
16093
16108
16297
16380
16440
16492
16493
16570
16644
16724
16761
16913
17332
17344
17424
17641
17910
17917
18668
18977
19216
19300
19353
19614
19934
20038
20056
20136
20286
20344
20600
20751
20813
20827
20963
21183
21203
21468
21481
21488
21510
21549
21935
22036
22274
22321
22336
22544
22726
22888
22894
22911
23043
23205
23652
23873
24216
24427
24867
24955
25067
25465
25674
25946
26232
26267
26542
26845
27221
27386
27521
27801
27917
27925
28005
28210
28327
28878
29327
29401
29410
29508
29722
29787
30082
30337
30406
30967
31394
31659
31808
31875
32098
32197
32454
32730
32771
33301
33494
33623
34106
34325
34369
34668
34896
34923
35128
35184
35327
35371
35392
35546
35625
35768
35957
36296
36319
36327
36481
36594
37016
37509
37560
37696
37714
37815
37889
37913
37923
38055
38219
38789
38811
39084
39533
39978
40135
40185
40537
40575
40578
40606
40609
40650
