792
819
951
996
1027
1060
1163
1202
1397
1412
1479
1492
1671
1758
2037
2104
2459
2769
2861
2917
3055
3160
3382
3383
3391
3451
3532
3623
3816
3830
3999
4268
4269
4282
4422
4428
4554
4602
4613
4639
4772
5016
5022
5074
5148
5355
5465
6026
6188
6190
6313
6441
6517
6537
6606
6654
6711
6982
7040
7085
7158
7835
7963
7969
8253
8291
8360
8510
8535
8594
8626
8644
8781
9023
9047
9120
9240
9524
9593
9654
9695
10129
10131
10687
10725
10728
10889
10927
10942
11063
11154
11225
11277
11553
11609
11658
11686
11711
11764
11829
11830
12245
12346
12375
12407
12493
12512
12609
12631
12955
13029
13060
13126
13135
13175
13203
13210
13299
13469
13624
13709
13726
13742
13744
13790
13884
13986
14144
14190
14228
14516
14538
14666
14674
14844
14915
15174
15349
15480
16254
16308
16470
16603
16697
16844
16968
17067
17265
17291
17340
17444
17732
17780
17934
17969
18338
18472
18751
19008
19151
19291
19422
19423
19525
19805
20024
20225
20334
20491
20506
20537
20876
20938
21411
21612
21767
21770
22014
22094
22338
22492
22528
22547
22821
22862
22935
23080
23694
23867
23890
24033
24173
24289
24340
24571
24652
24761
24807
24866
25011
25192
25324
25470
26072
26455
26537
26580
26715
27104
27163
27352
27402
27569
27593
27719
27806
27814
27833
28473
28658
28759
28783
28990
29152
29304
29625
29963
30040
30107
30172
30331
30347
30449
30481
30598
30824
31019
31073
31087
31271
31392
31601
31882
31893
32005
32123
32135
32152
32296
32319
32908
32931
33244
33448
33762
33833
33965
34017
34039
34169
34300
34794
34840
34884
34963
34966
34996
35080
35151
35379
35403
35651
35873
36082
36506
36599
36719
36726
36757
36802
37302
37907
38013
38036
38103
38222
38274
38444
38605
38983
39067
39205
39310
39449
39487
39520
39577
39587
39694
39939
40025
40069
40800
117
120
231
302
697
1088
1111
1181
1507
1508
1547
1739
1798
1873
2302
2318
2443
2601
2662
2836
3067
3069
3113
3350
3572
3588
3823
3926
3927
3990
4363
4456
4484
4520
4529
4778
4975
4991
4995
5025
5052
5079
5096
5144
5185
5324
5473
5615
5661
5745
5792
5796
6046
6194
6201
6307
6329
6375
6399
6469
6705
6886
6933
7187
7231
7345
7503
7710
8010
8234
8304
8481
8533
8615
8691
8923
8951
9005
9066
9161
9256
9550
9612
9624
9697
9922
10077
10677
10741
10875
10977
10994
11186
11247
11689
11945
11973
12302
12310
12345
12368
12457
12723
13037
13077
13099
13718
13785
14193
14416
14688
14745
14835
14920
15066
15132
15423
15515
16093
16114
16297
16380
16434
16440
16570
16958
17136
17332
17354
17424
17577
17641
17910
17917
18052
18668
18891
18977
19300
19934
19974
20015
20134
20136
20344
20406
20600
20751
20860
20963
21049
21112
21148
21203
21385
21468
21481
21510
21712
21935
22012
22321
22710
22888
22911
23408
23873
23948
23967
24122
24721
24835
24867
24917
24980
25018
25067
25465
25600
25674
25686
25946
26137
26232
26529
26542
26845
27680
27815
27917
28038
28210
28592
28769
28800
29245
29290
29327
29410
29470
29508
30051
30169
31165
31202
31394
32004
32177
32197
32454
32629
32730
33213
33515
33623
34109
34192
34242
34369
34610
34622
34931
35371
35392
35633
35912
35966
36175
36293
36319
36724
36881
37016
37226
37239
37593
37696
37714
37889
37923
37927
38225
38226
38521
38703
39127
39375
39455
39978
40151
40185
40563
40609
40650
40784
