11
382
719
819
1060
1094
1202
1217
1440
1479
1480
1492
1513
1535
1758
2003
2037
2066
2104
2459
2493
2553
2861
2892
2917
3160
3382
3451
3908
4185
4264
4268
4282
4422
4554
4602
4613
4812
4870
4979
5024
5074
5355
5503
5760
5812
5873
6165
6190
6441
6537
6654
6711
6982
7040
7085
7158
7261
7362
7835
7963
7969
8253
8360
8510
8976
9023
9240
9738
9979
10129
10131
10279
10593
10687
10777
10867
10927
10942
11139
11225
11277
11642
11658
11686
11764
11830
11965
12071
12073
12245
12474
12512
12609
12690
12718
12955
13029
13060
13126
13175
13203
13210
13299
13518
13624
13744
13833
14091
14144
14308
14516
14538
14859
14886
15059
15349
15480
16398
16463
16603
16959
17155
17201
17265
17291
17340
17444
17522
17732
17780
17934
17969
18121
18201
18338
18359
18472
18506
18580
18751
18794
18872
19008
19229
19291
19422
19624
19903
20024
20334
20466
20491
20876
21092
21157
21167
21312
21411
22094
22297
22338
22470
22492
22862
23240
23867
24033
24347
24375
24684
24689
24866
24982
25192
25801
26561
26580
26715
26901
26951
26958
27163
27569
27719
27725
27748
27833
28072
28473
28776
28783
28931
28982
28990
29304
29599
29601
29606
29644
29760
30040
30107
30172
30331
30347
30441
30449
30481
30824
31004
31087
31519
31592
31601
31873
31890
31893
32135
32152
32217
32296
32319
32869
32908
32927
33244
33274
33762
33815
33831
33833
33965
34169
34246
34300
34367
34584
34621
34840
34884
34907
34996
35017
35024
35078
35080
35098
35114
35151
35255
35325
35447
35769
35873
35909
35946
36599
36719
36802
37302
37390
37678
37840
37907
37931
38013
38103
38222
38255
38274
38950
38999
39205
39417
39449
39459
39474
39487
39520
39669
39694
39843
39939
40025
40069
40074
40229
40309
40773
40800
342
369
762
1111
1181
1507
1798
1873
2253
2302
2452
2580
2662
2737
2936
2975
3113
3123
3204
3396
3495
3572
3588
3926
4288
4520
4675
4819
4857
4919
4995
5025
5044
5082
5144
5250
5443
5451
5473
5615
5796
5856
5979
6121
6167
6194
6201
6329
6375
6864
6886
7010
7126
7164
7318
7345
7710
8010
8217
8234
8238
8304
8372
8408
8541
8615
8618
8691
8712
8713
8951
9005
9066
9092
9173
9242
9456
9566
9624
9718
9922
10492
10534
10605
10741
10977
10984
10994
11087
11095
11186
11190
11562
11598
11732
11748
12310
12723
13037
13109
13445
13718
13875
14039
14245
14688
14745
14890
15132
15348
15384
15922
16108
16228
16380
16434
16644
16913
16958
17192
17306
17327
17332
17354
17577
17641
17729
17910
17917
18668
18863
18977
19216
19300
19403
19614
19690
19913
19974
20015
20134
20136
20286
20293
20344
20406
20618
20827
20860
21049
21148
21203
21412
21455
21481
21510
21712
22012
22036
22336
22710
22726
22894
22911
23205
23494
23660
23873
23990
24498
24721
24750
24835
24867
24980
25018
25067
25297
25334
25368
26232
26529
26978
27198
27210
27353
27386
27680
27815
27839
27917
28511
28769
28800
28918
29290
29327
29410
29470
29787
30051
30169
30337
30406
30764
30967
31089
31103
31165
31194
31202
31394
31933
32004
32098
32629
32730
32844
33033
33087
33213
33515
34011
34106
34109
34325
34369
34610
34622
34896
34931
35184
35278
35371
35391
35541
35633
35957
35966
36296
36319
36418
36594
36845
37226
37239
37409
37418
37509
37560
37696
37815
37889
37913
37927
38508
38789
38989
39455
39468
39866
39978
40151
40185
40563
40606
40650
