382
951
1027
1076
1163
1197
1217
1412
1440
1480
1535
1671
1758
2066
2348
2553
2572
2769
2858
2892
3383
3623
3830
4264
4269
4387
4422
4428
4613
4639
4772
4812
4979
5016
5022
5024
5148
5355
5503
5760
5873
6188
6190
6441
6517
6654
6711
7040
7085
7158
7435
7835
7963
7969
8291
8626
8781
8833
9023
9047
9654
9695
9795
9809
9998
10279
10725
10777
10927
10942
11154
11277
11413
11515
11553
11642
11658
11665
11711
11764
12198
12245
12609
12718
12985
13029
13121
13203
13361
13469
13518
13624
13726
13742
13833
13986
14091
14144
14301
14308
14363
14538
14844
14859
14886
15174
15349
15480
15534
16254
16398
16463
16603
16697
16844
16860
16959
16968
17067
17155
17201
17265
17444
17522
17780
18115
18121
18256
18359
18506
18580
19312
19624
19903
20225
20334
20466
20770
20778
20876
21092
21134
21268
21770
22094
22136
22547
22862
22935
23080
23867
23890
24033
24173
24289
24340
24598
24831
24866
25011
25192
25780
25801
26040
26072
26269
26480
26561
26580
26715
26960
26971
26992
27065
27104
27402
27593
27725
27748
27806
28473
28554
28759
28776
28931
29101
29152
29601
29606
29644
29836
29936
30040
30107
30172
30347
30660
31019
31073
31087
31097
31473
31601
31890
32123
32319
32485
32869
32927
33762
33815
33833
34039
34300
34621
34708
34777
34794
34818
34884
34907
35024
35053
35078
35098
35255
35325
35447
35589
35769
35860
35909
36347
36506
36726
36757
36802
37281
37390
37800
37931
38013
38273
38444
38887
39474
39520
39577
39587
39669
40025
40309
40773
31
42
85
219
231
302
342
346
697
1088
1111
1508
2318
2443
2452
2580
2601
2662
2737
2747
2975
3067
3069
3093
3123
3336
3350
3495
3572
3588
3818
3823
3926
3927
4245
4363
4520
4529
4819
4975
4991
4995
5082
5144
5163
5168
5250
5302
5443
5451
5615
5792
6158
6167
6194
6307
6329
6375
6399
6886
6933
7074
7231
7318
7345
7503
7586
7710
7717
8105
8123
8224
8238
8304
8372
8408
8533
8563
8615
8691
8712
8713
8880
8923
9066
9173
9256
9697
9718
9946
10191
10677
10994
11000
11095
11186
11190
11234
11247
11380
11598
11689
11732
11748
12056
12302
12345
12390
12457
12723
12746
13037
13077
13109
13129
13445
13785
13875
14245
14745
14890
14899
14901
14920
14942
15066
15132
15304
15384
15424
15697
16114
16297
16434
16440
16492
16493
16570
16724
17136
17192
17306
17327
17332
17344
17354
17360
17424
17568
17577
17626
17641
18052
18668
18863
18882
19216
19300
19614
19690
19913
20015
20038
20056
20286
20293
20344
20507
20600
20618
20664
20827
20860
21148
21183
21184
21203
21412
21455
21488
21549
21729
21935
22321
22544
22726
22888
22911
23043
23494
23620
23652
23873
23929
23967
23990
24427
24721
24867
25067
25334
25368
25465
25600
25674
25686
26232
26529
26845
26978
27136
27155
27210
27386
27521
27680
27815
27839
27868
27917
27925
28005
28592
29228
29327
29410
29470
30008
30082
30169
30474
30967
31103
31165
31202
31765
31875
31933
32098
32177
32454
32629
32730
32771
33033
33087
33213
33301
33494
34011
34242
34325
34369
34628
34668
34896
34923
34931
35327
35360
35371
35391
35392
35541
35546
35633
35957
36021
36293
36296
36418
36594
36724
37016
37409
37418
37509
37815
37889
37935
38055
38081
38225
38226
38305
38388
38508
38638
38811
38812
38889
38989
39084
39147
39375
39468
39866
40151
40185
40537
40606
40609
40631
40650
40784
