40
719
756
792
1060
1163
1197
1202
1412
1440
1492
1535
1671
1758
2037
2104
2336
2459
2861
3160
3383
3451
3532
3773
3816
3999
4185
4282
4428
4554
4613
4639
4772
4979
5016
5465
5466
6026
6190
6313
6711
7362
7435
8060
8079
8253
8360
8424
8480
8578
8644
8976
9047
9120
9524
9593
9654
9695
9795
9979
9998
10131
10271
10279
10593
10687
10725
10777
10867
10927
10942
11063
11139
11154
11225
11515
11553
11642
11658
11665
11686
11764
11829
11830
12198
12346
12375
12407
12512
12609
12631
12718
12893
12955
12985
13029
13060
13104
13175
13203
13210
13361
13397
13624
13709
13726
13790
13833
13884
14091
14228
14306
14308
14363
14516
14666
14859
14915
15059
15349
15534
15710
16398
16411
16463
16697
16860
17201
17522
17732
17934
18076
18115
18201
18359
18794
18872
19151
19225
19229
19291
19312
19525
19624
19734
19903
20024
20225
20466
20778
21167
21248
21268
21312
21411
21612
21767
21821
22094
22338
22763
22823
22935
23240
23694
23971
24173
24289
24340
24375
24652
24689
24807
24831
24866
25011
25192
25324
25801
25820
26072
26347
26561
26715
26951
26958
26971
26992
27065
27104
27163
27352
27372
27402
27548
27690
27725
27748
27814
28072
28554
28759
28776
28875
28931
28982
29101
29304
29403
29588
29599
29601
29625
29836
30040
30107
30172
30331
30347
30441
30449
30598
30697
31004
31087
31392
31519
31890
31893
32005
32123
32135
32280
32290
32485
33244
33762
33815
33833
33965
34039
34169
34246
34300
34584
34794
34840
34884
34907
34963
34966
34996
35017
35053
35078
35080
35255
35407
35424
35447
35589
35769
35770
35860
35873
35909
36051
36329
36506
36726
36757
37281
37302
37678
37907
38013
38036
38103
38222
38274
38444
38605
38628
38983
38999
39067
39082
39205
39310
39417
39449
39572
39669
39694
40428
40800
31
85
120
219
302
762
1088
1181
1508
1547
1798
1873
2318
2443
2580
2834
3069
3087
3093
3123
3572
3926
3927
4023
4245
4778
4819
4857
4995
5025
5082
5250
5324
5443
5615
5745
5796
6046
6121
6158
6194
6201
6329
6579
6864
7010
7126
7164
7345
7717
8123
8224
8234
8238
8481
8533
8615
8618
8712
8880
8923
8951
9005
9161
9173
9242
9456
9566
9624
9718
9935
9946
10077
10191
10534
10541
10626
10677
10905
10977
10984
10994
11000
11087
11190
11234
11598
11732
11945
12056
12122
12345
12368
12723
13037
13718
13785
13875
14039
14041
14245
14745
14835
14890
14942
15304
15384
15423
15922
16093
16114
16380
16493
16570
16761
17327
17344
17354
17424
17500
17910
17917
18052
18175
18668
18882
18977
19353
19974
20015
20056
20136
20286
20293
20344
20813
20860
21049
21148
21183
21203
21380
21455
21481
21510
21549
21935
22012
22036
22321
22336
22519
22544
22726
22894
22911
23043
23620
23652
23660
23929
23967
23990
24427
24750
24835
24867
24955
24980
25018
25067
25297
25465
25674
25946
26137
26232
26542
26845
26978
27155
27210
27221
27815
27868
27917
28038
28208
28210
28327
28800
28878
29228
29245
29290
29470
29508
30008
30082
30337
30474
31089
31103
31165
31194
31394
31765
31808
31875
31997
32454
32629
32771
33087
33213
33515
33623
34109
34192
34325
34369
34622
35327
35371
35391
35392
35546
35768
35912
35957
36293
36319
36327
36724
36845
36881
37016
37239
37369
37418
37509
37593
37815
37913
38055
38225
38226
38508
38638
38789
38889
39084
39375
39455
39533
39574
40135
40151
40185
40457
40578
40680
