40
382
507
719
756
1027
1094
1163
1202
1217
1412
1492
1671
2003
2336
2348
2493
2553
2572
2769
2784
2858
2861
2892
2917
3382
3383
3773
3937
3999
4602
4613
4772
4870
5022
5355
5503
5760
5812
5873
6026
6188
6190
6537
6606
6711
6982
7040
7147
7261
7969
8079
8253
8291
8360
8510
8535
8566
8578
8594
8833
9047
9240
9654
9695
9795
9809
9998
10129
10131
10171
10271
10728
10867
11063
11139
11154
11204
11277
11553
11609
11711
11965
12071
12073
12198
12407
12571
12690
13135
13175
13203
13210
13314
13361
13397
13469
13518
13624
13742
13833
13884
13986
14190
14363
14516
14538
14859
14886
15059
15174
15480
15710
16293
16308
16411
16697
16844
16860
16959
16968
17444
17522
17732
17780
17934
18115
18121
18338
18472
18506
18751
18814
18872
19151
19229
19312
19624
19734
19805
20225
20506
20770
20938
21123
21157
21312
21767
21770
22246
22338
22492
22935
23190
23240
23867
23890
24173
24554
24571
24652
24689
24761
25011
25192
25470
26277
26347
26561
26580
26715
26901
26971
26992
27065
27163
27352
27372
27548
27569
27690
27719
27806
28072
28122
28759
28783
28875
28931
29152
29403
29588
29599
29601
29653
29836
29925
29936
30040
30598
30660
30697
30824
31004
31097
31271
31392
31519
31882
31890
31893
32123
32135
32152
32217
32280
32290
32319
32908
33180
33244
33749
33762
33815
34017
34246
34300
34367
34584
34794
34818
34884
34963
34966
34996
35017
35024
35114
35151
35379
35403
35407
35424
35589
35651
35769
35770
35909
36347
36599
36719
36726
36757
37281
37777
37800
37840
37907
38013
38255
38273
38677
38887
38950
38983
38999
39082
39310
39459
39474
39520
39577
39669
39843
39939
40055
40069
40074
40229
40276
40428
40773
40800
42
120
219
342
762
1088
1181
1507
1632
1739
1798
1873
2253
2302
2443
2580
2601
2662
2737
2747
2834
2936
2975
3336
3396
3572
3818
3823
3926
3935
3990
4023
4245
4456
4529
4819
4857
4919
4975
4995
5025
5052
5082
5096
5144
5168
5745
5792
5856
6158
6201
6307
6329
6375
6469
6705
6933
7126
7164
7231
7503
7717
8234
8238
8239
8304
8372
8408
8481
8541
8712
9066
9161
9173
9242
9456
9566
9624
9685
9697
9935
9946
10077
10492
10605
10984
10994
11087
11186
11234
11562
11598
11689
11732
11748
11945
12302
12310
12390
12457
12746
13445
14745
14835
14890
14901
14920
14942
15066
15304
15348
15384
15423
15515
15697
15922
16093
16108
16228
16297
16440
16493
16570
16644
16724
16913
17306
17327
17332
17344
17360
17424
17626
17641
18052
18977
19216
19333
19934
19974
20134
20136
20337
20507
20618
20751
20813
20860
21049
21112
21203
21380
21455
21488
21510
22012
22036
22274
22336
22519
22544
22726
22894
22911
23205
23620
23873
23929
24169
24721
24917
24955
24980
25018
25067
25297
25600
25674
26232
26529
26978
27155
27210
27353
27386
27680
27801
27839
27868
27925
28005
28038
28208
28878
28918
29228
29245
29327
29401
29410
29470
29722
29787
30008
30051
30474
31103
31165
31194
31394
31659
31765
31808
31933
32004
32177
32197
32771
32844
33213
33278
33301
33337
33701
34106
34369
34622
34628
34668
34896
34931
35056
35184
35278
35327
35342
35360
35391
35541
35625
35633
35912
35957
35966
36293
36296
36327
36594
36845
37239
37369
37418
37560
37593
37815
37889
37923
37927
38225
38305
38521
38789
38811
39455
39574
40135
40151
40231
40395
40575
40578
40606
40609
40631
40650
