382
507
719
756
1027
1197
1217
1412
1440
1479
1513
1535
1671
2003
2066
2336
2553
2858
3160
3391
3451
3816
3908
3999
4268
4269
4428
4602
4613
4772
4812
4979
5016
5024
5074
5760
5811
5812
5873
6026
6188
6313
6441
6477
6537
6606
7085
7261
7963
8060
8079
8253
8360
8424
8480
8510
8535
8578
8626
8781
8833
8976
9120
9154
9240
9524
9593
9738
9998
10171
10279
10344
10593
10725
10728
10927
11154
11658
11829
11965
12198
12346
12375
12407
12571
12718
12985
13121
13135
13203
13299
13361
13397
13469
13624
13744
13790
13986
14190
14516
14599
14666
15534
15710
16293
16411
16470
16697
16959
16968
17265
17340
17444
17522
18115
18121
18201
18338
18506
18751
18794
18814
19291
20024
20104
20506
20537
20770
20778
21004
21092
21123
21134
21167
21268
21411
21612
21770
22014
22136
22470
22492
22528
22547
22821
22862
22935
23190
23867
24173
24289
24571
24652
24684
24689
24761
24831
24982
25192
25324
25780
25820
26040
26072
26347
26455
26537
26561
26580
26951
26958
26960
26971
26992
27065
27104
27372
27548
27569
27814
28122
28658
28759
28776
28783
28990
29601
29606
29625
29836
29936
30040
30107
30347
30598
30660
30697
31004
31073
31271
31519
31890
32005
32123
32135
32152
32217
32296
32319
32908
33274
33762
33815
33831
33833
34169
34235
34300
34367
34584
34621
34708
34794
34818
34996
35024
35098
35114
35325
35403
35407
35424
35651
35860
35909
36051
36082
36347
36726
36757
37302
37777
37840
37931
38103
38255
38950
39067
39082
39310
39459
39474
39487
39577
39587
40025
40069
40276
40428
40773
42
117
120
231
346
369
697
1111
1507
1547
1632
1739
1798
1873
2302
2443
2452
2575
2580
2662
2737
2747
2810
2834
3067
3093
3123
3336
3350
3396
3818
3823
3926
3935
3990
4023
4409
4520
4675
4778
4857
4995
5025
5044
5144
5302
5473
5615
5661
5745
5792
5979
6046
6158
6167
6194
6201
6375
6399
6705
6864
6886
6933
7010
7126
7164
7318
7345
7586
7710
7717
8105
8123
8224
8234
8238
8239
8304
8541
8615
8618
8712
8880
8923
9256
9456
9550
9624
9718
10492
10541
10741
10984
10994
11000
11041
11087
11095
11186
11380
11598
11732
11945
11973
12122
12345
12457
12746
13037
13077
13099
13129
13718
13785
14193
14245
14416
14688
14890
14899
14942
15304
15348
15384
15423
15515
16228
16297
16380
16492
16493
16574
16644
16913
17136
17332
17424
17563
17568
17577
17729
17917
18052
18863
18891
18977
19216
19333
19614
19690
20015
20056
20134
20286
20344
20406
20507
20600
20751
20827
20860
20963
21049
21078
21112
21148
21183
21203
21385
21455
21481
21510
21549
21712
21729
21935
22274
22321
22336
22519
22544
22710
22726
22894
23180
23205
23660
23929
24122
24169
24750
24867
25018
25297
25368
25600
25946
26267
26529
26542
27155
27521
27801
27839
27868
27917
28208
28210
28511
28592
29228
29327
29401
29508
29722
30051
30082
30337
30474
30764
30967
31165
31194
31394
31765
31875
31997
32098
32177
32197
32629
32730
32771
32844
33033
33213
33494
33515
33701
34011
34242
34369
34372
34610
34628
34668
34896
34931
35056
35184
35327
35342
35371
35391
35541
35625
35768
35912
36021
36293
36296
36418
36481
36594
36881
37016
37311
37369
37409
37593
37714
37815
37923
37927
37935
38055
38081
38508
38521
38638
38812
38989
39084
39147
39468
39574
39866
40135
40151
40185
40231
40395
40578
40606
40609
40631
40680
40784
