40
382
1027
1060
1094
1197
1202
1440
1479
1513
1671
1758
2104
2348
2493
2769
2784
2892
3160
3451
3623
3908
3999
4269
4282
4554
4613
4639
4870
4979
5024
5074
5148
5355
5465
5466
5503
5873
6026
6188
6313
6982
7040
7147
7158
8253
8424
8480
8510
8535
8594
8781
8976
9023
9047
9240
9593
9738
9795
9979
9998
10131
10271
10593
10687
10725
10728
10867
10927
10942
11063
11139
11154
11225
11277
11413
11515
11553
11642
11658
11665
11711
11965
12071
12073
12198
12245
12375
12474
12493
12512
12609
12718
12893
13029
13104
13121
13126
13135
13190
13203
13314
13469
13742
13744
13833
13986
14144
14190
14228
14308
14363
14666
14674
14915
15349
16293
16308
16411
16470
16697
16860
16959
17155
17265
17291
17780
17969
18076
18121
18201
18338
18794
18814
18872
19229
19423
19805
20104
20225
20506
20778
21004
21134
21248
21287
21612
21747
21767
21770
21821
22010
22014
22862
23080
23190
23867
23971
24033
24375
24571
24598
24684
25470
25780
25801
26040
26347
26455
26480
26580
26901
26960
26971
27065
27195
27352
27372
27569
27725
27748
27806
27814
28122
28473
28759
28776
28931
28982
29101
29152
29304
29588
29599
29601
29606
29653
29760
29836
29963
30040
30172
30331
30347
30441
30598
31097
31271
31392
31873
31882
31890
31893
32005
32123
32135
32280
32290
32296
32319
32485
32908
32931
33244
33274
33448
33749
33815
33965
34017
34020
34367
34584
34794
34840
34884
35017
35053
35078
35098
35255
35325
35403
35424
35447
35589
35770
35860
35873
35946
36051
36082
36329
36599
36719
37302
37390
37678
37777
37840
38013
38103
38222
38255
38444
38605
38628
38677
38950
38999
39067
39082
39417
39449
39459
39572
39587
39669
39694
40055
40074
40229
40309
40342
40428
40773
13
31
85
120
231
342
346
369
1111
1181
1632
1739
1798
1873
2253
2443
2575
2601
2662
2747
2810
2834
2936
2975
3067
3087
3093
3113
3396
3572
3823
3926
3927
4520
4778
4819
4857
4919
4975
5025
5044
5079
5096
5144
5163
5185
5250
5661
5745
5792
5856
6046
6121
6201
6307
6399
6469
6579
6933
7010
7074
7126
7164
7231
7345
7586
7717
8105
8217
8234
8238
8372
8481
8541
8618
8691
8712
8923
9005
9092
9161
9242
9550
9566
9624
9935
9946
10191
10492
10605
10626
10677
10741
10905
10994
11000
11087
11247
11380
11598
11689
11732
11748
11945
12122
12310
12345
12390
12457
13037
13077
13099
13129
13445
13785
14193
14416
14688
14835
14901
14942
15066
15348
15384
15423
15424
16108
16114
16228
16380
16492
16644
17136
17192
17306
17360
17424
17500
17563
17641
17729
17910
18052
18175
18668
18977
19690
19913
19934
19974
20015
20056
20136
20406
20507
20618
20664
20860
20963
21078
21183
21380
21385
21412
21468
21549
21712
21935
22012
22036
22321
22519
22710
22726
22888
22894
22911
23620
23652
23660
23873
23929
23948
24216
24427
24498
24750
24917
24980
25067
25368
25600
25674
25946
26529
26542
26845
27136
27155
27386
27839
27868
28038
28208
28592
28800
28878
28918
29470
30337
30406
30474
30764
30967
31394
32004
32098
32177
32454
32629
32771
33033
33087
33213
33301
33337
33515
33623
33701
34109
34192
34242
34372
34896
34923
34931
35128
35371
35541
35546
35625
35768
35957
36481
36724
37226
37418
37509
37815
37889
37913
37935
38055
38219
38225
38305
38388
38521
38638
38811
38812
38989
39084
39127
39468
39574
39866
40578
40606
40609
40650
40784
