507
951
1027
1076
1163
1197
1217
1397
1412
1440
1480
1492
1535
1671
1758
2104
2459
2572
2784
2858
2892
3160
3391
3575
3773
3816
3830
3908
4268
4282
4387
4639
4772
4979
5024
5355
5466
5873
6188
6190
6517
6606
6982
7158
7963
7969
8060
8079
8360
8510
8535
8566
8594
8833
8976
9047
9072
9795
9809
10129
10171
10344
10593
10777
11063
11139
11154
11553
11609
11642
11686
11764
11829
11830
12073
12198
12346
12375
12474
12493
12571
12631
13029
13135
13175
13203
13314
13397
13469
13624
13709
13742
13790
13833
13884
13986
14091
14228
14306
14516
14666
14886
14915
15059
15174
15710
16254
16293
16308
16398
16411
16463
16470
16968
17097
17155
17201
17265
17340
17732
17780
17934
18076
18121
18201
18338
18359
18472
18506
18814
19008
19423
19734
19805
20024
20225
20334
20466
20506
20770
20778
20876
21004
21167
21612
21770
21821
22010
22014
22297
22338
22418
22470
22528
22547
22821
22823
23080
23190
23240
23694
23867
24347
24375
24554
24652
24761
24807
24831
24982
25324
25470
25780
25820
26040
26072
26269
26480
26951
26958
27163
27195
27352
27372
27548
27569
27593
27690
27719
27748
28122
28473
28554
28776
28783
28982
28990
29403
29599
29606
29936
30347
30441
30449
30481
30824
31019
31073
31087
31097
31519
31592
31882
31890
31893
32217
32280
32290
32485
32869
33180
33749
33831
33833
33965
34017
34020
34039
34246
34300
34708
34794
34818
34840
34884
35024
35080
35114
35255
35325
35403
35407
35424
35447
35589
35651
35769
35770
35873
36051
36082
36347
36506
36719
36726
37302
37390
37840
37907
37931
38036
38255
38273
38605
38628
38677
38887
38950
38983
39082
39310
39474
39520
39572
39587
39694
39939
40025
40055
40069
40428
40432
31
85
120
219
231
302
346
762
1111
1507
1508
1547
1739
1798
2253
2443
2452
2575
2662
2737
2834
3067
3069
3123
3350
3495
3572
3588
3927
3935
3990
4245
4288
4363
4484
4520
4778
4919
4975
5079
5082
5144
5302
5451
5796
5856
6121
6167
6194
6201
6375
6399
6705
6886
7064
7126
7345
7586
7710
8010
8105
8123
8217
8234
8238
8239
8541
8563
8615
8618
8712
8713
8880
8923
8951
9005
9161
9173
9242
9456
9550
9697
9946
10492
10541
10605
10875
10905
10994
11041
11087
11186
11380
12368
12390
12457
12723
13037
13129
14193
14688
14745
14920
14942
15066
15304
15348
15384
15423
15424
16108
16228
16380
16574
16644
16724
16761
16958
17136
17327
17563
17577
17641
18052
18863
18891
18977
19300
19353
19690
20056
20134
20136
20337
20344
20406
20618
20963
21049
21078
21112
21183
21203
21385
21468
21481
21510
21549
21729
21935
22036
22321
22544
22710
22888
22894
23043
23180
23494
23652
23660
23873
23948
23967
24721
24750
24835
24867
24917
24955
24980
25018
25465
25674
26267
26542
26845
27198
27221
27521
27815
27839
27925
28005
28208
28511
28769
28800
28878
28918
29228
29245
29290
29327
29401
29470
29508
30169
30474
31089
31165
31808
31933
31997
32197
32454
32629
32730
32771
32844
33033
33087
33278
33337
33701
34106
34192
34242
34372
34610
34622
34628
34668
35056
35278
35327
35342
35541
35625
35768
35912
35957
35966
36175
36293
36296
36319
36418
36481
36594
36724
36845
36881
37016
37226
37239
37369
37409
37418
37509
37560
37935
38219
38226
38388
38508
38521
38638
38703
38789
38811
38812
38889
39147
39468
39574
39866
40135
40151
40185
40537
40578
40606
40609
40631
40650
