11
40
382
819
996
1060
1202
1217
1397
1440
1671
2037
2066
2348
2553
2572
2769
2892
2917
3055
3124
3160
3383
3623
3816
3830
3937
4264
4422
4428
4554
4613
4639
5016
5024
5074
5355
5811
5812
6165
6313
6477
6537
6606
6654
6711
6982
7085
7158
7362
7835
8060
8079
8424
8535
8566
8626
8644
8781
8976
9023
9072
9120
9154
9524
9695
9795
9809
9979
10129
10271
10593
10728
10867
10942
11154
11204
11225
11277
11413
11642
11686
11711
11764
11829
11830
11965
12071
12198
12571
12609
12718
12893
12955
13121
13126
13175
13190
13210
13397
13518
13624
13709
13744
13884
13986
14144
14190
14301
14516
14538
14599
14666
15480
16293
16398
16411
16463
16470
16968
17067
17097
17155
17265
17444
17522
18076
18121
18359
18472
18794
18814
19008
19151
19225
19312
19423
19525
19903
20024
20104
20225
20334
20466
20506
20778
20876
20938
21004
21092
21123
21167
21248
21268
21287
21747
21767
21770
22014
22094
22297
22338
22528
22547
22821
22935
23190
23971
24033
24173
24347
24652
24831
24866
25192
25324
25780
25801
25820
26561
26901
26992
27163
27352
27372
27402
27569
27593
27719
27833
28072
28658
28783
28982
29101
29152
29304
29403
29588
29599
29625
29836
29925
29936
30172
30481
30660
30697
30824
31087
31271
31473
31519
31592
31637
31873
31890
32217
32290
32296
32319
32869
32908
33244
33274
33749
33815
34017
34169
34246
34367
34621
34777
34794
34818
34840
34963
34966
34996
35053
35098
35364
35379
35407
35424
35589
35651
35770
35873
35909
36051
36347
36802
37302
37390
37678
37777
37931
38103
38222
38273
38274
38605
38628
38677
38950
39067
39310
39487
39577
39694
39939
40025
40074
40309
40342
40428
40773
31
120
219
231
302
342
1088
1508
1632
2253
2443
2452
2575
2737
2747
2810
2936
3067
3087
3093
3123
3204
3336
3396
3926
3990
4023
4288
4456
4520
4857
4975
4991
5044
5079
5163
5302
5451
5615
5661
5745
5796
5979
6158
6194
6201
6307
6375
6399
6705
6754
6864
6886
6933
7064
7074
7164
7318
7345
7710
8010
8123
8239
8481
9066
9092
9161
9256
9550
9685
9697
9922
9935
10492
10534
10541
10741
10875
10905
10977
10984
11000
11087
11234
11380
11945
12122
12390
13109
13718
13785
13875
14039
14041
14245
14416
14745
14890
14901
14920
15132
15348
15423
15515
15922
16093
16114
16228
16297
16320
16380
16434
16493
16574
16644
16724
17136
17192
17332
17354
17360
17424
17641
17729
17917
18052
18175
18668
18882
18977
19333
19403
19690
19913
19974
20015
20134
20337
20406
20507
20618
20813
20827
20860
20963
21049
21112
21148
21183
21184
21203
21385
21412
21455
21468
21481
21488
21549
21712
21935
22012
22036
22321
22336
22726
22894
22911
23180
23408
23620
23652
23660
23873
23929
23948
23967
24427
24498
24750
24867
24917
24955
24980
25067
25334
25368
25600
25674
26137
26232
26267
27198
27221
27680
27801
27815
27868
27917
27925
28038
28210
28327
28511
28800
28878
29228
29245
29290
29401
29508
30082
30474
31089
31103
31165
31202
31394
31659
31765
31808
32098
32177
32454
32730
32844
33213
33278
33494
33515
33701
34106
34192
34242
34369
34372
34610
34622
34628
34931
35327
35342
35392
35541
35546
35633
35768
35966
36175
36319
36327
36418
36481
36724
37226
37239
37311
37409
37560
37714
37815
37923
37935
38055
38226
38388
38638
38811
38812
38889
39147
39468
39574
40135
40151
40395
40457
40563
40575
40631
40650
