382
756
792
819
951
1076
1094
1197
1217
1479
1492
1513
1535
1671
1758
2104
2336
2348
2493
2553
2769
2784
2861
2892
2917
3160
3382
3451
3575
3623
4185
4264
4268
4387
4428
4554
4613
4639
4870
4979
5016
5022
5074
5355
5466
5503
5811
5812
5873
6188
6190
6313
6441
6517
6537
6711
7261
7362
7435
7835
8079
8291
8360
8535
8781
8976
9023
9047
9072
9593
9654
9695
9795
9979
9998
10171
10271
10279
10344
10867
10889
10942
11139
11154
11515
11609
11642
11658
11686
11764
11829
11830
12073
12245
12346
12407
12571
12690
13060
13104
13121
13203
13210
13299
13314
13361
13397
13518
13624
13709
13742
13744
13884
13986
14091
14301
14308
14516
14538
14886
15059
15534
15710
16293
16411
16463
16470
16603
16697
16860
17067
17265
17291
17522
17732
17969
18076
18115
18201
18256
18338
18359
18506
18794
18814
18872
19151
19225
19229
19291
19312
19321
19423
19525
19624
19734
20024
20104
20334
20491
20506
20770
21134
21248
21268
21287
21411
21747
21767
21821
22014
22246
22338
22418
22470
22547
23080
23890
24375
24554
24571
24689
24831
24866
24982
25324
25470
25801
26277
26347
26455
26480
26537
26561
26901
26958
27104
27163
27195
27372
27402
27593
27690
27725
27748
27833
28072
28473
28776
28982
28990
29101
29152
29588
29599
29601
29653
29836
29925
29963
30040
30107
30347
30449
30598
30660
30697
31004
31019
31097
31473
31519
31592
31637
31882
31890
31893
32005
32217
32296
32485
32869
33180
33244
33274
33749
33815
33965
34017
34020
34169
34235
34708
34794
34840
34907
34963
34996
35017
35053
35114
35151
35255
35403
35407
35589
36082
36329
36347
36599
36726
36757
36802
37281
37777
37800
38222
38273
38274
38605
38887
38983
38999
39067
39082
39310
39417
39520
39587
39669
39694
39843
40025
40069
40074
40229
40342
40428
40773
40800
13
31
85
117
120
219
231
302
369
1088
1508
1739
2443
2452
2601
2747
2834
2936
2975
3087
3093
3113
3336
3350
3396
3572
3823
3927
3935
3990
4245
4363
4409
4520
4529
4675
4857
4919
5044
5079
5144
5163
5185
5250
5302
5473
5615
5745
5796
5979
6121
6307
6329
6579
7064
7074
7187
7503
7717
8239
8481
8615
8691
8713
8923
8951
9066
9092
9173
9550
9612
9624
9685
9697
9718
10077
10191
10534
10626
10677
10741
10875
10994
11041
11087
11095
11234
11562
11598
11689
11748
12056
12345
12390
12746
13037
13099
13109
13875
14039
14245
14416
14688
14745
14890
14899
15132
15304
16093
16297
16440
16570
16644
16761
16913
16958
17327
17344
17354
17568
17577
18052
18977
19300
19614
19690
19913
19934
19974
20015
20038
20344
20507
20664
20813
20860
21183
21184
21412
21455
21488
21510
21549
21729
21935
22012
22321
22544
22726
22888
22911
23043
23180
23205
23408
23620
23660
23873
23929
23948
24122
24216
24721
24917
24955
24980
25067
25334
25674
25946
26137
26232
26529
27155
27221
27386
27680
27815
27868
28208
28210
28511
28769
28800
28918
29290
29327
29410
29470
29508
29787
30051
30169
30337
30406
30474
31089
31103
31165
31194
31659
31875
31933
32177
32629
32730
32771
33033
33087
33301
33494
34011
34372
34628
34668
34896
34923
35056
35128
35278
35342
35360
35371
35392
35625
35633
35957
36175
36293
36296
36319
36418
36845
37226
37369
37409
37815
37927
37935
38219
38226
38388
38521
38812
39127
39375
39455
39468
39574
39978
40135
40185
40231
40575
40606
40609
40680
40784
