11
719
951
996
1076
1163
1217
1397
1412
1440
1535
2003
2037
2066
2104
2336
2459
2553
2572
2784
3383
3532
3830
3908
3999
4185
4264
4268
4269
4428
4554
4639
4979
5016
5022
5148
5355
5465
5760
5873
6165
6190
6313
6517
7040
7261
7435
7969
8060
8079
8253
8291
8424
8510
8535
8578
8626
8781
8976
9047
9072
9120
9240
9695
9998
10129
10131
10271
10279
10344
10593
10687
10728
10777
11063
11204
11277
11609
11686
11711
11829
11965
12073
12198
12245
12375
12493
12571
12609
12631
12985
13029
13060
13314
13709
13833
14091
14190
14228
14306
14516
14674
14844
14915
15174
16293
16398
16844
16860
16959
17067
17097
17265
17340
17444
17522
17969
18115
18201
18338
18472
18506
19008
19151
19229
19312
19422
19423
19525
19799
20024
20334
20466
20506
20537
20770
20778
20876
20938
21092
21134
21157
21248
21411
21612
21767
22010
22418
22821
22862
23080
23240
23890
23971
24033
24173
24289
24340
24347
24375
24598
24652
24807
25470
25780
25801
25820
26040
26269
26277
26347
26455
26537
26580
26715
26960
26992
27065
27104
27352
27569
27690
27719
27725
27748
27806
27814
27833
28473
28554
28658
28931
29152
29304
29403
29588
29599
29601
29606
29644
29836
29925
30107
30331
30347
30441
30481
30697
31004
31019
31073
31392
31473
31519
31592
31882
32123
32296
32319
32869
32908
32931
33833
34020
34246
34367
34621
34708
34794
34818
34840
34907
34963
35017
35053
35078
35080
35255
35325
35364
35379
35403
35407
35424
35447
35651
35873
35946
36506
36599
36719
37281
37390
37840
37931
38036
38628
38677
38887
38950
38983
39067
39082
39205
39310
39459
39474
39572
39587
39669
39939
40069
40309
40428
40432
13
31
42
117
219
231
302
369
697
762
1088
1547
1632
1739
1798
1873
2253
2318
2443
2575
2601
2662
2737
2747
2810
3067
3093
3113
3123
3204
3396
3572
3588
3627
3818
3823
4023
4245
4288
4363
4409
4456
4520
4675
4819
4975
4991
4995
5044
5052
5082
5096
5144
5185
5324
5451
5473
5615
5979
6121
6158
6167
6194
6201
6307
6579
6754
6886
6933
7010
7126
7164
7187
7318
7710
8010
8105
8123
8217
8234
8238
8408
8541
8563
8615
8618
8691
8712
9005
9066
9242
9256
9566
9624
9697
9946
10077
10492
10541
10605
10626
10677
10875
10984
10994
11095
11186
11234
11380
11598
11732
11973
12122
13037
13099
13109
13129
13445
14039
14041
14416
14688
14745
14835
14942
15066
15203
15304
15348
15423
15424
15697
16093
16108
16228
16297
16320
16380
16440
16570
16761
17327
17354
17360
17563
17568
17626
17729
17910
18052
18175
18863
18882
18977
19216
19353
19614
19690
19913
20056
20286
20600
20664
20751
20813
20860
20963
21049
21183
21184
21385
21412
21468
21481
21488
21712
21935
22036
22321
22710
22894
23043
23408
23620
23652
23948
23990
24122
24835
25067
25297
25334
25368
25600
26529
26542
27136
27155
27198
27210
27221
27386
27815
27917
28005
28038
28208
28210
28327
28511
28769
28800
28878
28918
29228
29245
29290
29722
30008
30082
30169
30337
31089
31103
31165
31194
31765
31808
32004
32098
32197
32629
32730
32771
32844
33033
33337
33701
34192
34242
34369
34372
34622
34668
35184
35278
35342
35360
35392
35541
35546
35768
35957
36296
36724
36881
37311
37369
37409
37418
37509
37593
37696
37714
37815
38225
38226
38388
38521
38638
38789
39084
39147
39375
39455
39533
39574
39978
40135
40151
40395
40575
40650
