40
507
719
819
996
1027
1197
1202
1217
1440
1479
1671
2336
2348
2459
2769
2861
3382
3383
3391
3575
3830
3937
4185
4264
4269
4387
4422
4772
5016
5024
5074
5465
5503
5760
6190
6606
6654
6982
7040
7085
7147
7158
7261
7362
7435
8060
8079
8291
8360
8566
8626
8833
8976
9072
9120
9240
9524
9654
9695
9738
9809
10129
10171
10279
10344
10687
10728
10942
11063
11139
11204
11277
11413
11515
11553
11609
11665
11686
11711
11764
12073
12198
12245
12407
12474
12493
12512
12631
12718
12893
12955
13029
13060
13104
13121
13126
13135
13397
13742
13744
13833
13986
14144
14190
14228
14301
14308
14599
14666
14859
15059
15480
15534
16254
16293
16308
16398
16470
16603
16968
17097
17155
17522
17969
18076
18338
18359
18472
18580
18814
19008
19225
19525
19805
19903
20104
20334
20466
20778
21004
21123
21248
21612
21747
21767
21770
22094
22246
22297
22338
22470
22547
22821
22823
22935
23190
23240
23694
23867
23890
23971
24033
24347
24554
24684
24689
24761
24831
24866
24982
25011
25192
25324
25820
26040
26347
26455
26537
26580
26715
26958
26960
27065
27104
27195
27372
27402
27569
27719
27725
27814
27833
28122
28658
28759
28783
28931
28990
29101
29152
29304
29599
29601
29653
29760
29836
29936
29963
30347
30441
30449
30481
30660
30697
31004
31271
31890
32005
32135
32152
32280
32869
32927
33180
33244
33274
33448
33762
33815
33831
33965
34039
34169
34246
34367
34584
34708
34777
34818
34907
34963
35098
35114
35151
35364
35379
35403
35589
35769
35873
35909
35946
36082
36329
36757
37390
37907
38036
38255
38273
38274
38444
38628
38887
39067
39205
39310
39417
39449
39459
39587
39669
39843
39939
40229
40309
40342
13
42
117
120
219
302
697
1508
1632
2443
2452
2747
2810
2834
2836
2975
3067
3087
3093
3113
3204
3336
3396
3572
3627
3818
3823
3926
3927
4245
4288
4409
4529
4675
4819
4991
4995
5044
5052
5082
5144
5163
5185
5250
5302
5324
5443
5473
5615
5792
5856
5979
6046
6121
6167
6194
6375
6399
6579
6705
6754
6886
6933
7010
7064
7126
7164
7187
7231
7318
7345
7503
7710
8010
8105
8123
8224
8239
8304
8533
8541
8563
8615
8618
8691
8880
9066
9092
9161
9242
9456
9550
9566
9612
9624
9697
10191
10492
10534
10605
10626
10984
11087
11095
11190
11380
11689
11748
12122
12310
12368
12390
12746
13037
13099
13109
13445
13718
14245
14416
14835
14890
14901
14942
15132
15203
15348
15384
15424
15515
16093
16228
16380
16440
16574
16644
16724
16761
16913
17136
17192
17344
17360
17500
17577
17917
18052
18882
18891
19216
19333
19353
19614
19690
19974
20038
20134
20293
20507
20600
20813
20827
21078
21112
21148
21184
21203
21380
21385
21455
21468
22036
22710
22894
23180
23205
23620
23652
23660
23929
23948
23967
24122
24216
24835
24955
24980
25018
25067
25334
25368
25465
25600
25674
25686
26232
26978
27210
27221
27386
27521
27680
27801
27815
27839
28038
28210
28327
28800
28878
28918
29410
29470
29722
30051
30082
30169
30337
30406
30474
31202
31933
31997
32004
32177
32454
32629
32730
32844
33087
33301
33701
34106
34369
34668
34931
35056
35278
35327
35541
35625
35633
35768
35912
35966
36293
36319
36594
36724
36845
36881
37016
37369
37409
37509
37560
37593
37696
37815
37923
37935
38055
38081
38219
38225
38226
38508
38703
39084
39147
39375
39533
40151
40231
40537
40563
40575
40578
40606
40650
