11
382
507
719
756
819
951
1027
1060
1076
1094
1412
1440
1479
1480
1513
1535
2066
2104
2336
2459
2493
2784
2861
2892
2917
3055
3124
3382
3383
3451
3532
3830
4264
4422
4602
4613
4639
4772
4870
5016
5022
5024
5074
5355
5503
5812
6188
6477
6517
6606
6654
6711
6982
7040
7147
7362
7435
7969
8079
8253
8360
8424
8578
8626
8781
8976
9120
9240
9524
9593
9654
9695
9738
9809
9979
10271
10279
10344
10593
10728
10889
10942
11204
11277
11413
11609
11642
11665
11711
11764
11830
11965
12375
12407
12474
12493
12571
12609
12690
12893
13104
13121
13135
13175
13190
13203
13361
13709
13742
13744
13790
13833
13884
14091
14144
14228
14308
14363
14538
14666
14674
14915
15349
15480
15534
15710
16254
16293
16308
16398
16860
16959
17067
17155
17265
17732
17780
18076
18121
18256
18338
18359
18580
18794
18814
18872
19151
19225
19229
19422
19734
19799
19903
20024
20225
20491
20506
20537
20770
20778
20876
21004
21134
21157
21248
21312
21612
21767
21770
21821
22010
22338
22492
22528
22763
22935
23080
23867
24033
24289
24347
24598
24652
24982
25470
25820
26269
26480
26537
26561
26580
26715
26951
26960
26971
26992
27352
27402
27569
27719
27725
27833
28072
28473
28931
29101
29304
29588
29625
29836
30040
30107
30172
30347
30449
30481
30824
31019
31087
31392
31473
31519
31592
31637
31890
31893
32005
32123
32135
32152
32217
32296
32869
32931
33274
33749
33762
33815
33831
34020
34169
34246
34367
34818
34840
34963
34966
35017
35024
35078
35114
35151
35255
35325
35403
35407
35424
35589
35769
35770
35860
35946
36051
36726
36757
37302
37678
37777
37840
37907
38036
38103
38255
38273
38628
38887
38950
38999
39067
39474
39520
39572
39577
39587
39669
40055
40069
40428
13
42
85
120
302
346
369
762
1547
1632
1739
2253
2318
2737
2810
2975
3067
3069
3087
3123
3204
3396
3572
3818
3926
3927
3935
3990
4245
4288
4409
4484
4520
4529
4778
4857
4919
5025
5044
5052
5079
5144
5163
5250
5324
5473
5745
5792
5979
6046
6158
6194
6307
6375
6399
6579
6864
6886
7010
7074
7126
7318
7503
8010
8123
8304
8372
8481
8533
8541
8615
8691
8713
8880
8923
9005
9066
9092
9161
9256
9456
9550
9566
9624
9922
9935
10492
10605
10626
10677
10741
10875
10905
11000
11041
11234
11562
11732
12122
12302
12345
12390
12457
13037
13099
13109
13129
13445
13785
14193
14245
14745
14835
14901
14942
15304
15515
15697
16093
16108
16228
16297
16434
16570
16574
16644
16724
16958
17306
17327
17332
17344
17360
17577
17626
17729
17910
18052
18668
18882
19333
19353
19934
19974
20038
20136
20286
20337
20344
20406
20618
20827
20963
21078
21148
21183
21455
21468
21510
21549
22336
22544
22726
22888
22911
23043
23180
23205
23948
23990
24122
24169
24216
24721
24750
24835
24955
25368
25674
25686
25946
26137
26542
26845
26978
27155
27210
27221
27521
27680
27815
27868
27917
28005
28511
28769
29245
29290
29470
29722
29787
30008
30051
30082
30337
30406
30474
31089
31103
31165
31933
31997
32004
32098
32177
32730
32771
33213
33278
33301
33494
34011
34109
34369
34610
34628
34896
34923
35056
35128
35278
35327
35546
35625
36293
36327
36418
36594
36724
36881
37226
37369
37418
37509
37714
37815
37927
38081
38225
38226
38305
38508
38521
38638
38703
38789
38811
39127
39533
39574
39866
40135
40395
40457
40563
40575
40609
40650
40784
