382
507
1163
1197
1217
1397
1412
1480
1492
1671
1758
2037
2066
2348
2784
2858
2861
2892
2917
3124
3160
3382
3383
3532
3623
3937
4282
4387
4428
4554
4613
4639
5016
5024
5074
5465
5503
5760
5812
5873
6190
6441
6537
6711
7435
7835
7963
7969
8360
8424
8594
8644
8976
9023
9072
9120
9154
9695
9738
9809
10131
10171
10279
10725
10728
10777
11204
11225
11413
11515
11665
11686
12071
12073
12245
12346
12493
12631
12690
12893
12955
12985
13060
13126
13203
13361
13397
13518
13624
13709
13744
13790
13833
13884
13986
14091
14144
14190
14228
14306
14363
14516
14599
14666
14674
14859
14915
15174
15349
15480
16293
16308
16398
16411
16463
16603
16697
16844
16959
17097
17265
17340
17444
17522
17732
18076
18115
18472
18814
19008
19321
19422
19423
19799
19805
19903
20104
20506
20537
20778
20876
20938
21092
21157
21167
21287
21767
21770
21821
22010
22014
22094
22246
22297
22338
22418
22470
22823
22862
23080
23240
23890
24173
24289
24375
24554
24652
24684
24689
24761
24831
24982
25011
25192
25324
26347
26480
26561
26715
26901
26951
26958
26971
27065
27104
27163
27195
27352
27372
27548
27569
27593
27833
28554
28759
28783
28982
28990
29101
29588
29606
29625
29653
29760
29836
29936
30331
30347
30441
31019
31592
31601
31637
31873
31882
31890
32005
32135
32152
32280
32290
32319
32485
32908
32931
33180
33244
33274
33749
33815
33831
34020
34039
34235
34246
34300
34367
34584
34777
34794
34818
34840
34907
34963
34996
35017
35024
35325
35364
35424
35651
35770
35946
36051
36599
36719
36802
37281
37302
37390
37678
37777
37840
38255
38273
38887
38983
38999
39417
39449
39474
39487
39520
39577
39694
40074
40276
40428
40432
40800
31
42
85
120
219
346
369
762
1088
1181
1508
1547
1739
2302
2318
2443
2452
2575
2580
2662
2810
3069
3087
3123
3336
3350
3396
3627
3823
3926
3935
3990
4023
4245
4456
4484
4520
4529
4675
4819
4857
4919
4991
5025
5044
5052
5082
5144
5302
5473
5745
5792
5979
6158
6194
6399
6469
6705
6864
6933
7010
7064
7126
7164
7187
7231
7318
7345
7503
7710
8010
8123
8238
8239
8372
8481
8563
8615
8618
8712
8923
9066
9092
9173
9256
9566
9612
9685
9697
9718
10077
10191
10492
10541
10605
10677
10741
10905
10994
11095
11186
11562
11598
11748
12056
12390
12457
12723
12746
13077
13099
13109
13718
14039
14041
14245
14416
14745
14835
14899
14901
15066
15304
15423
15424
16108
16228
16297
16380
16440
16492
16570
16574
16913
17136
17344
17354
17500
17563
17568
17577
17641
18052
18668
19216
19913
20015
20056
20286
20337
20344
20507
20664
20827
20860
20963
21078
21148
21183
21203
21385
21455
21481
21549
21729
22012
22519
22710
22726
22888
22894
22911
23180
23494
23620
23652
23660
23990
24122
24427
24721
24750
24835
24867
25067
25465
25600
25686
25946
26978
27136
27155
27198
27210
27353
27386
27521
27925
28038
28208
28327
28511
28592
28769
28800
28918
29228
29327
29410
29470
29508
29722
29787
30051
30082
30169
30406
30474
30764
31089
31194
31202
31765
31997
32197
32454
32730
32771
33033
33087
33278
33301
33494
33515
33701
34325
34369
34628
34668
34931
35056
35128
35278
35912
36021
36175
36293
36319
36418
36724
36881
37016
37226
37239
37311
37696
37815
37913
37935
38055
38521
38703
38811
38889
39084
39127
39468
39574
40135
40151
40185
40231
40457
40537
40563
40575
40650
40784
