11
382
719
819
951
1027
1076
1217
1397
1479
2348
2553
2858
2861
3160
3383
3391
3830
3937
4264
4269
4428
4554
4602
4613
4772
4812
4979
5022
5074
5355
5466
5503
5812
6026
6165
6188
6190
6441
6477
6517
6537
6654
7040
7085
7147
7158
7261
7362
8060
8079
8510
8578
8644
8781
8976
9023
9047
9120
9154
9593
9654
9695
9738
9795
9979
9998
10171
10271
10279
10687
10725
10889
10927
11515
11609
11658
11665
11711
11764
11829
11830
12071
12073
12245
12375
12407
12512
12609
12690
12893
13121
13203
13299
13469
13624
13744
14308
14363
14538
14674
15059
15174
15349
15480
16254
16308
16411
16603
16697
16860
16968
17097
17155
17265
17291
17340
17444
17522
17780
17934
18256
18338
18472
18506
18751
18814
19008
19225
19291
19312
19799
19903
20225
20491
20506
20876
21123
21134
21167
21248
21268
21312
21747
21767
22010
22094
22136
22297
22528
22547
22763
22821
22823
22862
23080
23190
23240
23694
23971
24033
24289
24340
24347
24652
24684
24689
24761
24831
24866
24982
25011
25192
25470
25801
26040
26072
26455
26561
26580
26958
26971
27065
27163
27402
27548
27569
27725
27748
27814
28072
28554
28759
28783
28990
29403
29599
29601
29606
29644
29653
29760
29936
30441
31019
31073
31271
31392
31519
31592
31601
31873
31882
31890
31893
32005
32123
32135
32152
32217
32280
32290
32296
32319
32485
32908
32927
32931
33180
33448
33815
33831
33965
34017
34039
34169
34367
34708
34794
34907
34963
34966
34996
35078
35080
35325
35364
35407
35447
35589
35651
35770
36082
36329
36506
36726
37302
37777
37800
37840
37907
38273
38628
39067
39449
39487
39572
39587
39843
40055
40069
40342
40773
40800
85
117
120
219
302
342
369
697
762
1507
1798
2452
2575
2737
2834
2836
2936
3067
3069
3087
3123
3336
3588
3823
3927
3935
3990
4288
4529
4675
4778
4819
4919
4975
4995
5025
5044
5052
5079
5082
5168
5185
5250
5324
5451
5473
5615
5745
5792
5796
5856
6046
6167
6201
6375
6399
6469
6579
6754
6886
7074
7126
7187
7231
7345
7586
8224
8239
8408
8533
8541
8563
8618
8691
8923
8951
9005
9161
9173
9242
9256
9456
9550
9612
9697
9718
9922
9946
10191
10534
10605
10741
11087
11095
11186
11190
11234
11247
12056
12122
12368
12390
12457
12723
12746
13037
13077
13109
13785
13875
14039
14416
14688
14745
14835
14890
14920
14942
15203
15348
15423
15922
16093
16108
16228
16297
16440
16493
16574
16644
16761
16913
17327
17332
17344
17424
17500
18175
18863
18891
18977
19403
19614
20056
20286
20293
20337
20406
20507
20618
20664
20751
20827
20860
21049
21078
21385
21412
21510
21549
21729
22036
22274
22336
22519
22894
22911
23043
23205
23408
23652
23929
23948
23990
24122
24216
24721
24750
24835
24917
24955
25018
25297
25334
25368
25465
26542
26978
27136
27353
27386
27521
27801
27815
27839
27868
27917
28005
28208
28210
28327
28592
28800
28878
28918
29245
29290
29327
29401
29410
29470
29508
29722
29787
30008
30051
30406
30474
30764
31089
31103
31165
31765
31808
31875
31933
32197
32454
32730
32771
33033
33213
33337
33494
34106
34242
34325
34369
34610
34668
34896
35184
35278
35371
35391
35541
35625
35633
35966
36175
36327
36418
36724
36881
37016
37226
37239
37311
37369
37409
37714
37923
37935
38225
38305
38521
38703
38811
38812
38889
38989
39127
39455
39468
39533
39866
40135
40231
40395
40537
40575
40631
40680
40784
