11
40
382
507
756
819
951
1027
1060
1202
1217
1397
1412
1479
1480
1535
1671
2037
2553
2769
2784
3055
3124
3160
3451
3532
3623
3773
3816
3830
3908
4185
4282
4428
4554
4613
4870
4979
5016
5024
5074
5148
5355
5465
5466
5760
6188
6190
6313
6477
6537
6711
6982
7261
7435
7969
8079
8253
8360
8424
8510
8566
8578
8594
9120
9154
9524
9809
9979
9998
10129
10279
10728
10867
10927
11063
11154
11204
11225
11413
11515
11553
11658
11711
11764
11830
12071
12073
12245
12346
12407
12474
12493
12512
12571
12609
12690
12893
12955
13060
13104
13121
13126
13175
13190
13203
13397
13518
13624
13833
13884
13986
14091
14144
14228
14301
14363
14538
14599
14666
14886
14915
15174
15349
15710
16293
16463
16603
16959
17097
17155
17265
17340
17444
17522
17780
17969
18256
18338
18506
18580
18751
18794
18814
18872
19225
19229
19525
19734
19799
19805
19903
20225
20506
20537
20770
20876
20938
21004
21092
21123
21157
21248
21268
21312
21411
21612
21747
21770
21821
22010
22014
22094
22136
22246
22338
22418
22470
22528
22763
22823
22862
23240
23694
23867
23890
24033
24347
24571
24598
24652
24689
24761
24807
25011
25192
25470
25780
25801
25820
26040
26072
26277
26455
26580
26901
26960
26992
27065
27195
27352
27548
27593
27719
27806
27833
28072
28554
28658
28759
28776
28875
28982
29101
29304
29601
29625
29760
29836
29936
30040
30347
30441
30449
30697
30824
31019
31097
31473
31592
31601
31637
31873
31893
32005
32123
32135
32152
32319
32908
33448
33815
33965
34017
34235
34246
34584
34621
34708
34794
34818
34840
35053
35078
35364
35379
35447
35589
35769
35860
35909
35946
36051
36082
36347
37302
37390
37678
37777
37840
37931
38013
38036
38103
38605
38628
38677
38950
38983
39082
39520
39669
39694
39843
39939
40025
40069
40074
40229
40309
40428
40432
40800
13
42
85
219
342
346
1111
1181
1508
1739
2318
2601
2810
2936
2975
3113
3204
3350
3396
3495
3572
3588
3818
3926
4023
4363
4409
4520
4675
4778
4819
4975
4995
5044
5052
5079
5144
5163
5185
5302
5324
5451
5473
5615
5661
5792
5796
5979
6121
6194
6201
6307
6375
6399
6469
6579
6886
7503
8010
8217
8234
8238
8372
8533
8563
8615
8618
8713
8951
9005
9242
9256
9685
9718
9922
9946
10077
10492
10541
10875
10905
11041
11087
11095
11186
11234
11247
11562
11945
11973
12345
12368
12390
13099
13109
13445
13875
14193
14899
14920
15066
15304
15348
15423
15922
16093
16108
16228
16297
16380
16434
16440
16492
16574
16761
16913
17136
17344
17360
17424
17500
17563
17626
17641
17729
18668
18863
18891
19333
19403
19690
20015
20056
20286
20344
20507
20664
20751
20813
20860
20963
21049
21412
21455
21488
21510
22036
22274
22519
22726
22911
23043
23205
23620
23873
23929
24122
24216
24721
24750
24835
24955
25067
25334
25368
25465
25674
25946
26137
26542
26845
26978
27136
27155
27221
27386
27521
27925
28005
28327
28511
29228
29245
29410
29470
29508
30051
30169
30337
30474
31165
31394
31659
31808
31875
32197
32730
32771
32844
33033
33278
33515
33623
34011
34109
34242
34372
34622
34896
34923
35327
35541
35546
35625
35768
36175
36293
36327
36418
36481
36594
36845
36881
37016
37239
37311
37369
37409
37509
37714
37889
38081
38219
38226
38305
38521
38638
38703
38789
38811
38889
39084
39127
39375
39455
39468
40135
40151
40231
40457
40537
40578
40606
40609
40650
