719
756
792
819
951
996
1076
1094
1197
1412
1440
1480
2037
2066
2104
2336
2459
2769
2784
2858
2917
3055
3124
3382
3383
3391
3532
3623
3816
3908
3937
3999
4282
4639
4812
4979
5016
5022
5148
5465
5466
5503
5760
5811
5812
6026
6165
6190
6313
6441
6517
6537
6711
6982
7040
7147
7261
7362
7835
7963
8060
8079
8291
8424
8480
8781
9120
9154
9240
9524
9654
9695
9795
9979
9998
10131
10279
10687
10725
10777
10942
11139
11154
11225
11413
11609
11686
11711
11764
11829
11830
12071
12198
12407
12474
12493
12512
12571
12893
12985
13104
13121
13126
13135
13210
13314
13361
13469
13709
13726
13833
13884
13986
14144
14190
14228
14516
14674
14915
15174
15534
16254
16398
16463
16470
16603
16697
16860
16959
16968
17067
17155
17265
17340
17444
17522
17732
17780
18076
18121
18256
18338
18506
18580
18751
18794
19008
19151
19225
19229
19734
19903
20225
20334
20466
20491
20506
21004
21157
21248
21287
21411
21747
21767
22014
22094
22297
22338
22470
22547
22763
22821
23080
23190
23240
23694
23971
24340
24375
24554
24571
24598
24689
24761
24831
24866
24982
25780
26040
26480
26537
26561
26580
26901
26951
26958
26992
27065
27104
27372
27690
27725
27748
27806
27814
27833
28072
28473
28554
28759
28776
28931
28982
29403
29653
29760
29836
29936
29963
30331
30347
30441
30598
30660
30824
31019
31073
31087
31473
31592
31601
31882
31890
32135
32152
32290
32296
32319
32485
32908
32927
33180
33448
33749
33762
33815
33831
34169
34246
34367
34818
34840
34884
34963
35053
35114
35325
35364
35424
35651
35769
35770
35860
35873
35909
35946
36051
36082
36329
36347
36506
36719
36726
37302
37678
37840
37931
38255
38273
38605
38628
38950
38999
39067
39417
39449
39459
39474
39520
39572
39694
40055
40069
40309
40342
40428
40773
40800
13
42
85
117
120
219
342
369
697
1111
1181
1507
1632
2302
2318
2580
2601
2662
2737
2834
2975
3067
3069
3087
3093
3204
3336
3350
3572
3627
3818
3823
3990
4023
4363
4409
4456
4520
4675
4778
4819
4919
5052
5079
5096
5163
5168
5185
5302
5324
5443
5473
5661
5745
5979
6046
6121
6158
6375
6864
6886
6933
7064
7164
7231
7318
7717
8123
8217
8224
8234
8239
8372
8541
8618
8712
8713
8880
8923
9092
9161
9242
9456
9550
9566
9612
9624
9685
9946
10191
10541
10905
10994
11000
11234
11247
11598
11689
11732
11973
12056
12122
12368
12723
12746
13037
13445
13718
13875
14041
14745
14835
14901
14942
15203
15304
15515
16093
16228
16320
16434
16492
16574
16913
16958
17306
17327
17344
17354
17360
17424
17500
17568
17577
17626
17641
17729
17917
18668
18891
19333
19403
19913
19934
19974
20136
20293
20406
20600
20618
20751
20827
20963
21078
21183
21380
21412
21455
21468
21488
22036
22274
22321
22336
22519
22544
22726
22911
23180
23205
23620
23660
23929
24216
24427
24498
24721
24835
24917
24955
25018
25297
25334
25600
26137
26978
27136
27198
27210
27221
27521
27815
27868
27917
28327
28918
29290
29327
29410
29470
29508
29787
30008
30082
30169
30764
31089
31194
31808
31933
31997
32004
32098
32197
33278
33301
33337
33515
34106
34242
34325
34610
34668
34923
35184
35327
35342
35360
35546
35633
35957
36021
36319
36327
36418
36594
36845
37016
37311
37409
37815
37913
37927
37935
38081
38388
38521
38703
38789
38811
38812
38989
39084
39468
39533
39574
40231
40563
40680
40784
