11
40
819
996
1076
1197
1217
1397
1480
1758
2037
2066
2104
2348
2459
2572
2784
2858
3124
3160
3382
3532
3773
3830
3908
4264
4269
4282
4602
4812
4870
5016
5022
5074
5148
5465
5503
5760
5873
6165
6313
6537
6711
6982
7147
7158
7261
7362
7435
7963
8060
8079
8253
8424
8510
8594
8644
8781
9023
9072
9120
9240
9593
9738
9795
9809
10129
10271
10279
10344
10593
10687
10728
10867
10927
10942
11139
11154
11277
11553
11965
12198
12245
12375
12474
12512
12609
12631
12718
12955
13029
13126
13135
13175
13190
13203
13210
13361
13397
13624
13742
13744
13884
13986
14228
14301
14308
14363
14599
14674
14844
14886
14915
15534
16254
16293
16308
16398
16697
16860
16968
17155
17201
17340
17444
17522
17934
17969
18076
18121
18338
18751
18794
18814
19151
19291
19321
19422
19423
19734
19799
19805
19903
20024
20104
20334
20466
20491
20537
20770
20876
20938
21004
21123
21167
21248
21312
21411
21767
22014
22094
22136
22246
22297
22470
22492
22528
22821
24289
24375
24571
24598
24652
24684
24761
24866
24982
25011
25780
25820
26040
26269
26277
26455
26951
26971
27104
27195
27548
27725
27748
27806
27814
27833
28072
28473
28759
28776
28783
28875
28990
29152
29304
29403
29588
29599
29606
29625
29644
29653
29836
29963
30107
30172
30347
30481
30598
30660
30824
31004
31073
31097
31271
31392
31473
31873
31893
32005
32123
32280
32869
32908
32931
33244
33274
33448
33749
33815
33831
33965
34017
34020
34235
34246
34300
34708
34794
34907
34966
34996
35078
35080
35098
35114
35364
35403
35651
35769
35770
35873
35946
36347
36506
36719
36726
36757
36802
37281
37302
37390
37840
38036
38103
38444
38887
39310
39449
39474
39520
39587
39669
39694
39843
40229
40309
40432
40773
40800
13
42
117
120
219
302
342
346
369
1181
1507
1632
1739
1873
2253
2443
2452
2747
2834
2836
3087
3113
3336
3588
3818
3823
3935
4023
4363
4484
4520
4529
4857
4919
4975
4991
5044
5052
5144
5168
5250
5302
5443
5451
5473
5615
5661
5745
5979
6158
6201
6329
6399
6469
6579
6705
6754
6864
6886
6933
7318
7345
7503
8105
8123
8234
8238
8372
8481
8615
8691
9005
9173
9242
9256
9566
9612
9685
9697
9718
9946
10077
10191
10492
10605
10626
10677
10875
10984
10994
11000
11041
11087
11190
11234
11380
11689
11748
12122
12302
12368
12390
12723
12746
13077
13445
13718
13875
14039
14041
14835
14899
14901
14942
15066
15132
15348
15384
16093
16297
16434
16440
16492
16574
16761
16913
16958
17192
17306
17354
17424
17563
17568
17577
17917
18052
18863
18882
18891
19216
19300
19934
20056
20134
20337
20344
20406
20507
20827
20860
21049
21148
21380
21412
21481
21488
21549
21729
21935
22012
22036
23408
23620
23929
23990
24122
24169
24216
24427
24750
24955
24980
25067
25334
25368
25465
25600
25686
26137
26267
26529
26845
26978
27136
27155
27210
27221
27353
27386
27801
27815
27839
27917
28005
28038
28208
28592
28769
28800
29228
29290
29470
29722
29787
30051
30169
30474
30764
31103
31165
31202
31659
31808
32004
32177
32629
33033
33213
33278
33337
33515
34109
34192
34325
34369
34372
34628
34668
35056
35128
35342
35360
35371
35391
35392
35546
35768
36296
36327
36418
36594
36845
37016
37311
37369
37593
37889
37913
38081
38219
38226
38305
38508
38521
38703
38789
38889
39084
39127
39455
39468
39533
39978
40151
40231
40457
40537
40575
40606
40784
