40
507
719
756
996
1163
1479
1492
1513
1535
2003
2037
2104
2336
2348
2493
2553
2572
2784
3383
3575
3623
3816
3908
3937
3999
4264
4268
4269
4282
4422
4602
4812
4979
5024
5074
5148
5465
5466
5503
5811
5812
5873
6313
6477
6517
7158
7261
7835
7963
8253
8291
8480
8566
8578
8594
8626
8781
8833
8976
9023
9047
9072
9120
9240
9654
9695
9809
9979
9998
10129
10131
10171
10271
10279
10344
10687
10725
10728
10889
11063
11154
11204
11413
11515
11642
11965
12073
12346
12375
12474
12512
12718
12955
12985
13029
13060
13190
13210
13314
13624
13709
14306
14363
14516
14538
14886
15059
15534
15710
16293
16603
16697
16959
16968
17067
17340
17780
18115
18121
18256
18338
18580
18814
18872
19008
19151
19291
19312
19624
19805
20334
20778
21092
21123
21134
21157
21248
21268
22010
22492
22528
22823
22935
23190
23240
23867
23971
24173
24340
24347
24375
24684
24761
24866
24982
25011
25324
25470
25801
26040
26455
26561
26580
26715
26951
26960
26992
27163
27372
27402
27569
27593
27719
27725
27748
27814
27833
28473
28658
28759
28776
28875
29599
29606
29760
29936
29963
30040
30172
30347
30449
30697
31019
31073
31097
31392
31519
31601
31637
31890
32005
32135
32217
32290
32869
32927
32931
33180
33274
33448
33749
33762
33815
33833
34017
34039
34235
34246
34367
34584
34708
34777
34884
35078
35098
35114
35151
35379
35424
35447
35589
35770
35873
35946
36051
36082
36329
36347
36757
36802
37281
37390
37678
37840
37931
38036
38103
38273
38274
38887
38950
39310
39449
39459
39474
39572
39694
39939
40025
40055
40069
40276
40428
42
219
231
302
346
697
762
1507
1508
1547
1739
1798
1873
2318
2443
2575
2580
2737
2810
2936
3067
3087
3350
3627
3818
3823
3935
4023
4245
4288
4409
4529
4819
4857
4919
4975
5025
5168
5250
5324
5451
5473
5615
5661
5792
5979
6121
6167
6307
6329
6469
6705
6886
7010
7064
7126
7187
7231
7318
7503
7586
7717
8238
8239
8372
8408
8533
8541
8563
8615
8618
8691
8712
8880
9066
9092
9161
9242
9256
9456
9550
9624
9697
9922
9935
10191
10492
10534
10605
10677
10741
10875
10905
10984
11041
11087
11095
11234
11247
11689
11732
12122
12368
12390
12723
13099
13109
13785
14041
14416
14688
14745
14835
14890
14899
14901
14920
14942
15203
15304
15423
15922
16108
16114
16297
16320
16380
16434
16492
16493
16574
16644
16724
16761
16913
16958
17192
17327
17332
17354
17360
17500
17563
17577
17626
17641
17917
18052
18175
18863
18977
19333
19403
19974
20056
20134
20286
20293
20344
20406
20507
20751
21049
21078
21112
21148
21183
21203
21412
21455
21488
21510
21549
21712
21729
21935
22012
22036
22274
22321
22519
22710
22726
22888
22894
23620
23652
23660
23990
24427
24917
24980
25297
25334
25600
25686
26137
26267
26529
26542
26845
27221
27680
27801
27917
28038
28511
28592
28769
28800
28918
29290
29327
29401
29410
30008
30051
30764
31089
31103
31165
31194
31659
31765
31808
31875
31933
31997
32098
32197
32730
32844
33033
33087
33213
33301
33623
33701
34106
34109
34192
34369
34372
34622
34628
34668
34896
34923
35056
35360
35371
35392
35541
35546
35625
36021
36175
36296
36594
37226
37239
37311
37409
37509
37696
37714
37815
37913
37935
38055
38081
38219
38225
38305
38638
38703
38811
38889
38989
39084
39127
39147
39375
39468
39533
40135
40231
40537
40563
40606
40609
40631
40680
40784
