756
819
1060
1094
1163
1197
1202
1217
1412
1440
1513
1535
1671
2037
2066
2336
2493
2553
2784
2892
2917
3055
3124
3383
3451
3623
3773
3830
3908
3999
4185
4264
4269
4282
4639
4772
4812
4979
5022
5074
5503
5760
5812
5873
6188
6190
6441
6517
6711
6982
7085
7362
7435
7835
7963
7969
8253
8360
8424
8510
8535
8566
8578
8594
8781
8833
9023
9154
9524
9695
9809
10131
10171
10271
10279
10593
10687
10728
10867
10942
11063
11154
11204
11277
11515
11553
11609
11658
11686
11711
11764
11830
11965
12073
12245
12346
12407
12474
12609
12690
12718
13060
13104
13126
13190
13203
13210
13314
13397
13469
13624
13709
13742
13790
13833
13986
14144
14190
14306
14538
14599
14666
14844
14915
15174
15480
15534
16293
16411
16860
16959
17097
17155
17201
17340
17934
18076
18115
18121
18338
18506
19008
19151
19312
19423
19525
19734
19799
20334
20506
20537
20778
20876
20938
21123
21134
21157
21167
21248
21287
21612
21767
21770
22010
22136
22338
22418
22470
22492
22528
22547
22763
22821
22862
22935
23867
24289
24340
24571
24598
24652
25011
25324
25780
25801
25820
26072
26277
26537
26580
26715
26901
26960
27195
27352
27548
27690
27806
27833
28122
28658
28776
28783
28875
28982
28990
29152
29599
29606
29644
29836
29936
30040
30107
30331
30347
30441
30449
30481
30598
30824
31004
31019
31073
31087
31271
31473
31519
31592
31601
31637
31873
31890
31893
32123
32290
32908
32927
33180
33274
33448
33815
33833
33965
34017
34039
34169
34235
34246
34300
34367
34907
35017
35053
35078
35080
35114
35151
35255
35364
35379
35403
35447
35651
35769
35873
36051
36329
36347
36757
36802
37302
37390
37678
37777
37907
37931
38103
38273
38950
38983
38999
39067
39082
39205
39449
39459
39572
39587
39939
40025
40055
40069
40074
40432
13
31
342
346
369
762
1088
1111
1507
1547
1873
2253
2318
2443
2452
2580
2601
2747
2836
3087
3123
3336
3350
3396
3495
3572
3627
3818
3927
3990
4245
4456
4484
4529
4675
4919
5044
5079
5096
5168
5473
5615
5661
5745
5792
5979
6046
6121
6201
6307
6579
7010
7318
7586
7710
8010
8105
8238
8304
8408
8541
8615
8618
8880
8923
8951
9161
9566
9685
9718
9935
10875
10905
10984
10994
11041
11234
11380
11689
11732
12056
12122
12302
12457
12723
13037
13077
13099
13109
13129
13445
14039
14041
14245
14416
14688
14745
14835
14901
14920
14942
15132
15203
15304
15384
15424
15697
15922
16093
16108
16297
16380
16434
16493
16724
16761
16958
17327
17332
17344
17360
17424
17563
17641
17729
18977
19216
19300
19353
19614
19690
19913
19934
19974
20286
20293
20337
20600
20664
20751
20827
20860
21049
21078
21203
21385
21455
21481
21510
21549
21712
21729
21935
22036
22274
22336
22519
22544
22710
22911
23180
23494
23620
23652
23929
23967
23990
24122
24721
24750
24917
24955
24980
25067
25600
25946
26267
26978
27155
27210
27353
27521
27680
27801
27839
27868
27917
27925
28005
28511
28769
28918
29228
29245
29290
29327
29401
29410
29470
29722
30082
30169
30474
30967
31202
31875
31933
31997
32004
32098
32629
32730
32771
32844
33301
33337
33701
34011
34109
34192
34628
34668
35541
35546
35625
35633
35768
35912
35966
36293
36327
36481
36881
37016
37369
37409
37418
37509
37560
37593
37696
37815
37923
38219
38225
38305
38388
38508
38638
38789
38812
39084
39127
39455
40135
40151
40185
40231
40563
40575
40578
40606
40650
