11
40
507
756
792
996
1027
1060
1197
1217
1412
1440
1535
2037
2066
2104
2336
2348
2493
2572
2769
2917
3124
3532
3623
3937
4264
4269
4554
4602
4613
4812
4870
5024
5074
5148
5466
5760
5811
5873
6165
6188
6313
6654
7040
7261
7362
7963
7969
8253
8291
8424
8535
8626
8644
8833
8976
9023
9072
9154
9240
9593
9695
9738
9998
10129
10171
10271
10279
10344
10725
10728
10777
10867
10927
10942
11063
11139
11225
11413
11515
11658
11665
11686
11711
11965
12073
12198
12245
12346
12474
12571
12690
12893
12955
13104
13121
13126
13175
13190
13210
13314
13397
13469
13624
13726
13742
13884
13986
14144
14516
14666
14674
14915
15710
16254
16293
16398
16463
16470
16603
16697
16844
16860
16959
16968
17067
17155
17291
17444
17969
18076
18121
18201
18338
18472
18580
18794
18814
18872
19225
19291
19312
19734
19799
20024
20104
20225
20466
20491
20506
21004
21123
21248
21767
22010
22094
22136
22418
22470
22492
22763
22821
22823
22935
23694
23971
24033
24598
24652
24831
24866
24982
25192
25324
25470
25820
26480
26537
26715
26958
26971
27372
27402
27548
27725
27814
28072
28122
28554
28776
28783
28931
28982
28990
29101
29304
29601
29606
29644
29653
29836
29963
30107
30172
30331
30660
31004
31087
31097
31271
31392
31519
31601
32005
32152
32217
32319
32869
33244
33274
33448
33749
33831
33833
33965
34020
34039
34246
34300
34367
34621
34777
34818
34840
34963
34966
35017
35053
35080
35114
35151
35325
35403
35651
35769
35946
36506
36719
37281
37800
37907
37931
38013
38274
38444
38677
38950
38983
39417
39459
39474
39694
39939
40025
40055
40074
40229
40276
40773
13
31
42
85
117
120
342
369
1111
1507
1508
1798
2253
2580
2662
2737
2747
2836
2936
3087
3204
3336
3396
3588
3818
3926
3935
3990
4023
4288
4520
4819
4975
4995
5025
5044
5079
5082
5144
5163
5168
5185
5250
5324
5661
6121
6158
6167
6375
6469
6579
6705
6864
6886
7064
7074
7126
7187
7231
7318
7345
7503
7586
7710
8010
8123
8234
8238
8239
8408
8481
8533
8541
8615
8923
9066
9161
9173
9242
9256
9456
9550
9612
9685
9697
9718
9922
9935
9946
10534
10541
10626
10905
10977
11186
11247
11562
11748
12122
12302
12368
12457
12746
13037
13099
13109
13129
13445
13718
13785
14193
14835
14890
14899
14920
15066
15132
15423
15424
15515
15697
15922
16093
16108
16228
16380
16434
16492
16570
16644
16724
16761
16913
17192
17306
17327
17344
17354
17577
17729
17910
18052
18863
18882
18977
19216
19300
19353
19403
19614
19690
19913
19974
20134
20136
20286
20293
20344
20406
20507
20618
20813
20827
21078
21148
21184
21203
21385
21412
21455
21712
22274
22519
22710
23043
23180
23205
23408
23620
23652
23660
23873
23929
23948
23967
23990
24122
24216
24750
24867
24955
25297
25334
25368
25465
25674
25686
25946
26137
26232
26267
26529
26845
27155
27521
27680
27868
27925
28005
28327
28511
28769
28800
29245
29290
29327
29410
29508
29722
30008
30051
30082
30169
30967
31089
31103
31194
31394
31765
31808
31933
31997
32098
32629
32844
33087
33213
33337
33515
33623
33701
34011
34372
34923
34931
35056
35128
35278
35327
35360
35371
35541
35546
35625
35957
36296
36319
36327
36418
36845
37311
37369
37509
37593
37696
37815
37913
38219
38225
38226
38388
38521
38811
38812
39127
39147
39455
39533
39574
39866
39978
40135
40151
40563
40575
40578
40609
40784
