11
40
507
756
792
819
996
1027
1060
1094
1197
1397
1412
2003
2037
2066
2104
2336
2459
2493
2553
2784
2861
2892
2917
3055
3124
3160
3383
3532
3575
3937
4185
4268
4282
4387
4422
4428
4613
4639
4772
4979
5016
5022
5074
5148
5355
5466
5811
5873
6188
6190
6313
6517
6537
6654
6711
7085
7147
7158
7261
7362
7835
7963
8079
8291
8424
8510
8626
8781
8833
8976
9023
9047
9072
9120
9154
9593
9654
9809
9998
10131
10271
10279
10725
10728
10777
10867
10889
11139
11154
11204
11225
11413
11553
11609
11642
11764
11829
11965
12198
12245
12346
12375
12407
12474
12493
12571
12609
12690
12718
12893
12985
13104
13121
13210
13299
13361
13397
13469
13726
13744
13790
13833
13884
14228
14516
14859
15534
16308
16411
16463
16844
16860
17067
17097
17155
17201
17265
17444
17522
17732
17969
18115
18121
18338
18359
18506
18580
18751
18794
19008
19225
19229
19291
19321
19422
19423
19734
19799
20334
20466
20506
20537
20770
20876
20938
21004
21092
21167
21248
21268
21287
21411
21612
21747
21767
21821
22136
22246
22297
22418
22492
22763
22821
22823
22935
23080
23694
23867
24033
24173
24289
24375
24554
24684
24761
24831
25780
25820
26040
26072
26455
26480
26951
26958
26960
26992
27352
27372
27548
27690
27719
27725
28072
28122
28473
28554
28658
28783
28931
28990
29152
29588
29601
29625
29936
29963
30040
30107
30172
30331
30449
30598
30660
30824
31004
31087
31097
31271
31392
31601
31637
31882
31890
31893
32005
32123
32135
32152
32217
32290
32319
32485
32931
33180
33274
33749
33815
33965
34017
34020
34039
34235
34300
34621
34708
34777
34794
34907
35053
35080
35255
35407
35424
35651
35770
35860
35909
35946
36082
36719
36757
37281
37302
37678
37840
37931
38036
38274
38628
38677
38950
38999
39082
39310
39417
39449
39587
39669
39843
39939
40025
40276
40428
40800
85
219
302
697
762
1111
1508
1632
1798
1873
2253
2302
2601
2737
2810
2834
3067
3087
3123
3336
3495
3572
3926
3927
3935
4245
4363
4409
4456
4484
4529
4675
4819
4857
4975
4995
5079
5082
5144
5302
5451
5661
5745
5796
5856
6121
6158
6375
6399
6705
6864
7074
7164
7187
7318
7345
7503
7586
7717
8224
8238
8304
8408
8533
8541
8563
8691
8951
9005
9066
9456
9566
9697
9922
10077
10191
10534
10875
10977
10984
11095
11186
11247
11598
11732
11945
12122
12302
12345
12368
12457
12746
13077
13099
13445
13785
13875
14416
14745
14835
14890
14901
14920
14942
15304
15348
15384
15515
15697
15922
16093
16297
16320
16380
16434
16440
16492
16493
16570
16724
16761
16913
16958
17136
17192
17306
17327
17344
17500
17563
17577
17641
17729
17910
17917
18175
18863
19403
19690
19974
20038
20134
20136
20406
20664
20751
20963
21112
21380
21385
21412
21455
21481
21488
21510
21549
21935
22012
22036
22321
22519
22726
22894
23205
23652
23929
23948
24122
24427
24750
24835
24980
25067
25297
25334
25368
25674
25946
26232
26267
26529
26845
27155
27198
27210
27386
27521
27868
27917
28592
28878
29245
29290
29410
29722
30051
30337
30406
30764
31165
31202
31394
31765
31933
32629
32730
32771
32844
33213
33301
33337
33494
33515
34192
34242
34369
34628
35392
35625
35912
36175
36293
36319
36327
36418
36481
36594
37409
37418
37560
37696
37815
37927
37935
38305
38388
38508
38521
38638
38812
38889
39147
39375
39574
39866
39978
40135
40151
40231
40395
40578
40784
