11
382
719
1076
1197
1397
1440
1480
1671
2336
2348
2553
2572
2769
2784
2858
2892
2917
3124
3160
3382
3451
3532
3623
3937
4185
4264
4268
4269
4387
4554
4613
5022
5024
5074
5148
5355
5465
5760
5811
6188
6190
6654
6982
7085
7261
7963
8060
8253
8480
8510
8535
8594
8626
8781
8976
9023
9154
9240
9524
9654
9979
10129
10271
10593
10687
10725
10728
10777
10867
10927
11063
11139
11154
11204
11225
11277
11553
11642
11658
11665
11686
11830
11965
12071
12198
12375
12474
12512
12690
12718
12985
13060
13126
13175
13203
13210
13361
13397
13709
13742
13790
13986
14144
14190
14228
14301
14538
14674
14886
15349
15710
16254
16308
16398
16463
16470
16844
16959
16968
17067
17097
17291
17444
17934
18121
18201
18338
18506
18751
18794
18814
18872
19008
19225
19229
19291
19799
19903
20024
20104
20334
20491
20506
20770
20876
20938
21123
21134
21248
21268
21411
21612
21747
21767
21770
22136
22297
22338
22418
22763
23080
23694
23890
24033
24289
24375
24598
24652
24761
24807
24866
25324
25801
25820
26072
26277
26347
27104
27163
27195
27352
27372
27569
27593
27690
27719
27748
27806
27833
28122
28473
28776
28982
29304
29599
29601
29606
29653
29836
29936
29963
30040
30107
30172
30331
30441
30824
31019
31637
31873
31890
31893
32152
32217
32296
32319
32485
32908
33244
33274
33749
33762
33815
33833
34020
34039
34169
34235
34621
34818
34966
34996
35017
35053
35078
35080
35098
35114
35255
35325
35403
35589
35651
35770
35873
35909
35946
36347
36506
36599
36719
36802
37281
37302
37390
37678
37800
37840
37931
38013
38444
38605
38628
38983
39082
39487
39520
39572
39577
39587
39694
39843
40025
40055
40074
40309
40428
40773
42
117
120
231
342
346
369
697
1088
1111
1547
1873
2253
2302
2452
2601
2747
2834
2836
3069
3087
3123
3204
3350
3396
3588
3627
3823
3926
3927
3935
4363
4484
4520
4529
4675
4778
4819
4995
5025
5044
5052
5096
5144
5250
5324
5443
5451
5661
5745
5792
5796
5856
6046
6121
6158
6167
6194
6201
6329
6375
6469
6886
7010
7164
7187
7231
7318
7345
7717
8105
8238
8304
8372
8481
8533
8712
9005
9066
9173
9242
9256
9566
9612
9624
9718
9922
9946
10191
10541
10605
10677
10741
10875
11000
11041
11095
11562
11598
11689
11732
11748
11945
11973
12122
12310
12345
12457
12723
13037
13718
13875
14245
14416
14688
14835
14890
14901
14920
14942
15066
15203
15304
15423
15424
15697
15922
16108
16320
16493
16574
16644
16761
16958
17136
17192
17500
17563
17577
17917
18863
18891
19300
19333
19353
19934
19974
20015
20056
20134
20136
20286
20618
20751
20827
21112
21183
21380
21385
21455
21468
21481
21488
21510
21549
21729
21935
22519
22710
22726
22888
22911
23652
23948
24122
24427
24498
24955
25018
25067
25334
25368
25600
25686
26137
26267
26542
26978
27155
27198
27210
27353
27680
27801
27917
27925
28038
28208
28511
28592
28800
28878
29290
29470
29508
29722
29787
30051
30082
30337
30406
31089
31194
31394
31659
31765
31808
31875
32004
32098
32629
32844
33033
33087
33515
33701
34011
34109
34192
34242
34372
34622
34668
34923
34931
35184
35342
35391
35392
35541
35625
35768
35912
35957
35966
36175
36327
36418
36481
36594
36845
36881
37016
37239
37311
37409
37418
37509
37560
37593
37696
37714
37913
37923
38225
38388
38508
38703
38789
38811
38889
39084
39127
39468
39533
39574
40135
40609
40784
