40
756
792
996
1060
1076
1163
1202
1479
1492
1535
2003
2066
2104
2459
2493
2892
2917
3160
3391
3451
3575
3830
3937
4269
4613
4772
4870
5016
5022
5074
5148
5355
5465
5466
5503
5760
5811
5873
6165
6190
6313
6441
6537
6654
6982
7158
7963
8079
8253
8291
8360
8480
8535
8578
8594
8626
8644
8833
9154
9240
9524
9593
9695
9738
9979
10171
10271
10279
10344
10889
10927
11063
11225
11413
11515
11553
11658
11665
11686
11764
11829
12073
12198
12375
12474
12493
12512
12718
12985
13060
13121
13126
13135
13175
13203
13210
13299
13314
13469
13624
13709
13726
14091
14144
14190
14228
14363
14599
14844
14915
15059
15480
15534
16254
16293
16398
16470
16603
16860
16959
16968
17067
17097
17155
17201
17265
17444
17522
17732
17780
17934
17969
18115
18201
18338
18506
18751
18794
19008
19312
19321
19422
19423
19525
19799
19903
20024
20334
20466
20491
21092
21123
21134
21268
21287
21612
21767
22010
22094
22136
22338
22528
22821
23240
23694
23890
23971
24033
24684
24689
24761
24807
24982
25011
25192
25470
25780
26040
26072
26269
26347
26455
26561
26580
26901
26951
26960
26971
27163
27352
27372
27548
27569
27593
27719
28122
28554
28982
28990
29101
29152
29304
29403
29599
29606
29625
29644
29836
30040
31004
31019
31073
31087
31473
31637
31873
31882
31893
32135
32152
32290
32485
32869
32927
32931
33180
33749
33831
33833
34020
34039
34235
34246
34367
34584
34621
34777
34794
34840
34884
34907
34963
35017
35024
35053
35080
35151
35325
35379
35424
35770
35873
36051
36329
36506
37281
37678
37840
38036
38103
38222
38255
38274
38605
38950
38983
39082
39205
39310
39449
39459
39474
39487
39587
39669
39843
40055
40074
40229
40276
40428
40800
85
120
231
342
346
369
762
1088
1507
1632
1873
2253
2443
2747
2936
3067
3069
3087
3123
3204
3336
3935
3990
4245
4288
4456
4520
4675
4778
4919
4975
4995
5079
5082
5096
5144
5168
5185
5324
5615
5661
5745
6194
6307
6329
6375
6399
6469
6705
6754
6864
7010
7064
7074
7187
7231
7318
7503
7586
7710
8123
8217
8372
8408
8533
8563
8615
8880
8923
9066
9456
9550
9566
9612
9624
9685
9697
9718
9946
10191
10492
10534
10541
10626
10741
10905
10977
10984
11000
11095
11190
11247
11562
11945
11973
12122
12345
12390
12723
12746
13037
13077
13109
13718
13785
14041
14193
14835
14890
15066
15132
15384
15424
15515
15697
16093
16108
16320
16434
16492
16574
16724
16761
16958
17306
17344
17563
17568
17626
17641
17910
18052
18175
18863
19216
19690
19913
19934
20015
20134
20136
20286
20344
20406
20507
20751
20813
20963
21078
21112
21148
21184
21380
21385
21412
21468
21481
21488
21712
21729
22012
22726
22894
22911
23494
23652
23660
23873
23948
24122
24427
24721
24835
24867
25067
25334
25465
25946
26137
26232
26542
26845
26978
27136
27155
27210
27221
27386
27680
27801
27815
27868
27917
27925
28327
28800
28918
29401
29410
29787
30169
30406
30764
30967
31089
31103
31659
31765
31808
31875
31997
32629
32730
32771
32844
33033
33213
33301
33337
34011
34109
34192
34325
34369
34372
34610
34622
34923
34931
35056
35128
35184
35278
35327
35360
35392
35546
35633
35912
35957
35966
36327
36418
36594
36845
37239
37418
37593
37714
37923
38219
38305
38508
38521
38789
38811
38812
38889
38989
39084
39127
39375
39455
39468
39978
40151
40185
40231
40395
40575
40606
40609
40631
40650
40680
