11
40
507
719
819
951
1076
1094
1163
1197
1217
1397
1440
1479
1492
1671
1758
2037
2066
2336
2348
2459
2493
2553
2572
2784
2858
2861
3055
3382
3383
3391
3451
3532
3773
3830
3937
4268
4387
4554
4602
4639
4772
4812
4979
5355
5811
5873
6190
6477
6537
6654
7158
7362
7835
8060
8291
8360
8424
8480
8510
8578
8626
8644
8833
9023
9047
9072
9120
9154
9240
9524
9695
10171
10593
10687
10725
10728
10777
10889
10927
11225
11277
11515
11553
11642
11658
11764
11829
11830
11965
12071
12073
12245
12375
12571
12609
12631
12718
12893
13060
13126
13135
13190
13203
13314
13709
13726
13742
13744
13833
14228
14306
14538
14844
14859
14886
15480
15534
15710
16254
16470
16603
16968
17097
17265
17444
17522
17934
18076
18115
18121
18256
18472
18506
18580
18751
18872
19225
19291
19422
19525
19624
19734
19903
20024
20225
20334
20466
20491
20778
21134
21157
21167
21747
22010
22094
22246
22297
22418
22470
22492
22528
22547
22821
22823
22862
22935
23190
23867
24033
24173
24340
24347
24375
24571
24684
24689
24807
25324
25470
25801
26277
26455
26480
26561
26715
27104
27195
27548
27593
27690
27719
27725
27833
28072
28776
28783
28990
29304
29599
29606
29625
29760
29925
29963
30107
30172
30347
30449
30598
30697
30824
31004
31019
31073
31637
31882
32005
32123
32135
32152
32217
32927
32931
33244
33815
33831
34235
34246
34584
34708
34777
34794
34840
34963
34996
35024
35053
35080
35098
35255
35364
35589
35651
35769
35770
35860
35873
35909
36051
36082
36506
36726
36757
37678
37800
38013
38036
38103
38273
38274
38444
38605
38677
38999
39310
39417
39474
39587
39669
40025
40074
40432
40773
13
31
42
117
120
369
697
762
1111
1508
1632
1739
1873
2253
2302
2443
2452
2662
2747
2834
2936
3067
3069
3087
3093
3123
3572
3627
3823
4288
4778
4819
4857
4919
4995
5079
5082
5144
5168
5185
5250
5324
5615
5661
6046
6121
6201
6375
6469
6579
6705
6933
7010
7126
7164
7187
7231
7318
7586
7717
8123
8224
8238
8239
8304
8372
8563
8615
8618
9092
9550
9566
9612
9685
9697
9718
9922
9935
9946
10492
10534
10541
10605
10626
10677
10741
10875
10905
10977
10984
10994
11000
11087
11234
11247
11380
11732
11945
12302
12368
12390
12746
13037
13077
13099
13109
13875
14245
14745
14835
14890
14920
15132
15203
15348
15424
15515
15697
16093
16108
16380
16434
16492
16493
16570
16574
16724
17360
17577
17626
17910
18052
18175
18668
18863
18891
18977
19216
19614
19913
20056
20134
20286
20337
20406
20507
20600
20664
20751
20813
21049
21112
21184
21380
21385
21488
21510
21549
21712
21729
22036
22274
22336
22519
22544
22710
22726
22911
23180
23205
23408
23494
23620
23652
23660
23929
23948
23967
23990
24122
24169
24427
24750
24835
24867
24917
24955
24980
25018
25465
25600
25686
26232
26542
26845
26978
27198
27210
27386
27680
27801
27839
27868
28208
28210
28800
28918
29508
29722
29787
30008
30051
30082
30406
30764
30967
31103
31165
31194
31765
31808
31997
32004
32098
32177
32629
32730
32771
32844
33033
33213
33515
33623
34011
34106
34242
34369
34622
34923
35184
35278
35327
35392
35541
35625
35633
35768
35912
35966
36021
36319
36481
36594
36724
36881
37016
37226
37409
37418
37593
37714
37815
37889
37923
37935
38055
38226
38388
38638
38703
39127
39147
39455
39468
39574
39866
40135
40231
40537
40575
40578
40631
40784
