11
382
507
719
819
1060
1412
1480
1492
1513
2003
2066
2104
2348
2572
2769
2784
2858
2892
3160
3382
3383
3532
3575
3623
3816
3908
4268
4428
4554
4602
4613
4870
5016
5074
5355
5466
5503
5760
5811
5812
5873
6441
6517
6606
6711
7040
7085
7147
7158
7261
7963
7969
8079
8360
8480
8510
8566
8781
8833
8976
9072
9154
9240
9524
9695
9738
9979
9998
10129
10131
10171
10344
10687
10725
10728
10867
10927
10942
11063
11225
11277
11515
11658
11829
11965
12071
12198
12474
12631
12893
12985
13029
13121
13126
13135
13299
13314
13397
13469
13518
13742
13833
13884
13986
14144
14190
14301
14516
14538
14599
14674
14844
14859
14886
15349
15480
15710
16308
16697
16844
16959
16968
17067
17097
17155
17201
17265
17291
17522
17934
18121
18201
18256
18359
18472
18794
18872
19008
19151
19312
19321
19422
19525
19624
19805
20537
20770
20938
21123
21157
21248
21268
21612
21767
21821
22010
22297
22338
22418
22528
22547
22763
22821
22823
22862
23080
23190
23867
24033
24340
24375
24571
24652
24684
24689
24807
24866
24982
25011
25192
25324
25470
25780
25801
25820
26040
26072
26277
26347
26455
26561
26580
26901
26951
26958
26971
26992
27065
27195
27352
27372
27402
27548
27593
27690
27725
28473
28554
28658
28783
28982
29101
29152
29304
29760
30107
30331
30449
30598
30697
30824
31019
31073
31097
31392
31890
31893
32123
32135
32152
32217
32319
32485
32869
33274
33448
33762
33831
34017
34039
34300
34584
34621
34708
34777
34840
34907
34963
34966
34996
35078
35080
35098
35364
35379
35403
35447
35589
35651
35769
35873
36051
36347
36599
36719
36726
36757
36802
37281
37302
37678
37777
37840
37931
38013
38103
38444
38628
38887
38983
39082
39205
39417
39459
39474
39520
39572
39587
39843
39939
40074
40276
40309
85
117
302
342
346
369
697
1088
1111
1508
1632
1739
2253
2302
2318
2452
2575
2601
2737
2747
2810
2936
3069
3113
3123
3350
3396
3588
3818
3823
3935
3990
4023
4245
4288
4456
4520
4819
5082
5302
5451
5473
5745
5792
5796
5856
5979
6121
6194
6579
6705
6864
6886
7010
7064
7074
7126
7318
7503
8010
8224
8304
8372
8408
8563
8615
8618
8712
8880
8923
9092
9161
9566
9612
9624
9685
9697
9935
10077
10191
10492
10605
10626
10741
10905
10977
10994
11041
11186
11234
11562
11689
11732
11748
11945
11973
12056
12122
12310
12345
12457
12723
12746
13037
13445
13718
13785
13875
14039
14193
14745
14835
14890
14899
14901
14920
15066
15132
15203
15304
15424
15515
16093
16108
16297
16320
16434
16493
16574
16644
17136
17332
17344
17424
17500
17563
17626
17641
17910
18052
18863
18891
18977
19216
19690
19913
20015
20056
20136
20293
20337
20406
20600
20751
20860
21112
21203
21380
21385
21455
21468
21510
21712
21935
22321
22710
22726
22894
23043
23180
23408
23652
23660
23873
23929
23948
23967
23990
24122
24169
24216
24835
24867
24980
25018
25067
25946
26137
26232
26267
26529
26542
26978
27210
27353
27521
27801
27925
28208
28511
28769
28878
29245
29722
29787
30082
30764
30967
31089
31165
31194
31202
31659
31808
32004
32098
32197
32454
32844
33213
33301
33515
33623
33701
34109
34242
34369
34923
35056
35391
35541
35546
35912
35957
35966
36594
36724
36845
37016
37239
37418
37593
37696
37714
37815
37913
38055
38081
38219
38226
38305
38388
38521
38638
39455
39468
40135
40185
40537
40563
40578
40609
40631
40680
