11
382
756
792
819
1060
1094
1197
1217
1397
1440
1492
1535
1671
2003
2037
2104
2572
2769
2858
2861
2917
3055
3160
3575
3623
3773
3816
3830
3908
3999
4185
4264
4268
4282
4422
4428
4602
4812
4870
5016
5024
5148
5465
5466
5760
5811
6026
6165
6188
6190
6313
6441
6517
6537
6606
7147
7261
7362
7435
8079
8291
8480
8626
8781
8976
9072
9154
9695
9738
9795
9809
10129
10131
10279
10344
10687
10728
10777
10867
11063
11225
11277
11515
11553
11609
11642
11658
11665
11764
11829
11830
11965
12346
12407
12474
12571
12609
12631
12718
13060
13104
13121
13190
13203
13361
13518
13624
13884
14144
14190
14301
14516
14538
14599
14674
15059
15174
15480
16254
16293
16398
16411
16470
16844
16959
16968
17067
17097
17155
17265
17291
17340
17780
18201
18256
18359
18472
18751
18872
19008
19225
19291
19312
19321
19422
19423
19903
20024
20225
20466
20491
20506
20537
20770
20876
21092
21134
21157
21167
21268
21312
21612
22014
22094
22246
22547
22821
22862
23694
23867
23890
23971
24173
24347
24375
24571
24652
24684
24689
24807
24831
24866
24982
25011
25192
25470
25780
25820
26455
26480
26537
26715
26960
26971
26992
27065
27104
27195
27402
27548
27569
27593
27806
27833
28122
28554
28658
28759
28982
29101
29152
29304
29403
29588
29601
29625
29644
29760
29836
29925
29936
29963
30172
30331
30347
30481
30697
31019
31097
31473
31592
31637
31882
32005
32123
32152
32319
32485
33274
33749
33762
33815
33833
33965
34017
34169
34300
34367
34621
34777
34818
34884
34996
35024
35053
35078
35098
35114
35151
35325
35364
35379
35403
35407
35424
35589
35651
35769
35873
35946
36051
36082
36506
36719
36757
37777
38013
38222
38273
38274
38628
38677
39417
39449
39572
39577
40074
40229
40276
40342
85
120
231
346
369
1088
1181
1507
1632
1798
1873
2253
2302
2452
2580
2747
2810
2834
3069
3087
3093
3113
3350
3495
3588
3818
3927
3935
4409
4456
4520
4675
4857
4919
4991
5052
5079
5096
5144
5168
5250
5324
5443
5473
5661
5745
5792
5796
6046
6167
6201
6329
6469
6754
6886
7010
7074
7164
7318
7717
8105
8123
8217
8224
8239
8304
8408
8533
8563
8615
8618
9066
9092
9161
9173
9242
9256
9456
9612
9624
9685
10191
10534
10541
10626
10677
10741
10905
10984
10994
11041
11087
11186
11247
11562
11598
11689
11748
11973
12056
12345
12457
12723
12746
13099
13129
13718
13875
14039
14041
14193
14416
14688
14942
15066
15203
15384
15423
15424
15922
16114
16440
16574
16958
17136
17327
17344
17563
17626
17729
17910
18052
18668
18891
19614
19974
20056
20136
20293
20344
20406
20507
20618
20664
20860
21049
21112
21148
21183
21203
21510
22012
22274
22321
22336
22519
22544
22888
22911
23043
23205
23620
23652
23873
23929
23948
23967
23990
24169
24216
24955
25067
25334
25368
25600
25686
26232
26267
26529
26542
26845
26978
27136
27155
27221
27521
27680
27815
27868
27925
28210
28327
28511
28769
28878
29228
29327
29787
30051
30337
30406
30764
30967
31089
31194
31659
31765
31808
31875
31933
31997
32004
32454
32629
32730
33033
33337
33515
33623
34109
34369
34372
34668
34896
34931
35056
35342
35392
35546
35633
35957
36175
36293
36296
36327
36418
36481
36594
36724
36845
36881
37239
37311
37418
37509
37560
37913
38055
38081
38219
38305
38388
38521
38703
38811
39574
39866
40135
40151
40185
40457
40537
40563
40575
40578
40606
40609
