40
382
507
1027
1060
1076
1094
1163
1197
1202
1440
1479
1492
1513
1758
2037
2459
2572
2858
2892
2917
3055
3383
3391
3451
3532
3575
3816
3830
3937
4269
4428
4772
4812
4870
5022
5024
5074
5466
5760
5811
5873
6026
6190
6313
6517
6711
7147
7158
7362
7435
8060
8079
8291
8360
8510
8535
8566
8594
8626
8644
8781
8976
9120
9240
9593
9695
9738
9809
10171
10271
10728
10777
10889
10927
11225
11277
11642
11658
11665
11686
11711
11764
11830
12198
12245
12375
12407
12512
12571
12609
12631
12690
12718
12893
12985
13029
13060
13126
13175
13190
13203
13299
13361
13397
13518
13709
13726
13790
13833
13986
14144
14308
14516
14666
14844
14859
14886
14915
15480
16254
16398
16470
16697
16860
16959
16968
17097
17201
17291
17340
17444
17934
17969
18076
18256
18338
18472
18506
18580
18794
19008
19229
19291
19312
19525
19624
19805
19903
20225
20334
20876
21004
21157
21167
21248
21268
21287
21612
21747
21770
21821
22014
22094
22246
22470
22821
22823
23240
23890
24173
24289
24340
24347
24652
24684
24689
24761
24807
24866
25192
25324
25470
26072
26269
26537
26561
26580
26715
26901
26951
26960
26971
26992
27163
27195
27548
27725
27806
27814
28122
28473
28776
28875
28931
28982
28990
29101
29152
29304
29644
29653
29963
30107
30347
30449
30481
30598
31019
31097
31592
31601
31882
31893
32217
32280
32290
32485
32869
32908
33180
33244
33749
33965
34246
34300
34367
34584
34621
34708
34777
34840
34884
34907
34963
34996
35017
35024
35053
35364
35379
35407
35447
35651
35769
35770
35860
36051
36082
36347
36599
36719
37302
37777
37840
37931
38103
38444
38605
38628
38677
38950
38999
39067
39205
39310
39417
39474
39520
39572
39694
39843
39939
40055
40069
40309
40428
40800
42
117
120
302
697
762
1088
1111
1508
1632
1739
1798
2318
2443
2575
2580
2662
2737
2747
2936
2975
3087
3093
3113
3123
3204
3495
3588
3627
3823
3927
4245
4363
4409
4456
4484
4520
4778
4819
4919
4991
4995
5025
5044
5052
5079
5144
5250
5302
5443
5451
5473
6046
6121
6158
6167
6194
6201
6329
6375
6864
6886
7187
7345
7586
7710
8105
8123
8224
8238
8239
8408
8481
8563
8712
8923
9092
9161
9173
9242
9256
9456
9566
9624
9685
9697
9922
9946
10077
10492
10534
10605
10677
10741
10905
10994
11000
11186
11190
11247
11380
11598
11689
11748
12056
12122
12368
12746
13077
13109
13445
13785
14193
14416
14688
14835
14890
15304
15384
15515
15922
16320
16380
16434
16440
16493
16570
16644
16913
16958
17136
17360
17424
17568
17641
17910
18052
18175
18863
18882
18891
19614
19974
20038
20344
20406
20507
20600
20618
20664
20827
20860
20963
21049
21112
21148
21380
21385
21455
21468
21481
21488
21510
21712
21935
22544
22726
22888
22894
22911
23180
23205
23494
23873
24122
24427
24835
25018
25067
25297
25600
25674
25686
26267
26542
27155
27198
27210
27221
27521
27801
27815
27839
27917
28005
28038
28327
28800
29228
29290
29327
29410
29470
29722
29787
30051
30406
30474
30967
31089
31103
31165
31194
31202
31394
31765
31933
32098
32177
32197
32844
33213
33301
33494
33515
33623
33701
34192
34325
34369
34622
34668
34923
35128
35184
35342
35371
35391
35541
35546
35768
36021
36175
36296
36418
36724
36881
37016
37239
37311
37369
37714
38081
38219
38225
38226
38305
38508
38638
38789
38989
39084
39147
39468
39533
39574
40395
40537
40578
40784
