11
40
719
819
1027
1094
1163
1217
1440
1513
1535
1758
2003
2037
2066
2104
2459
2553
2572
2861
2892
2917
3055
3124
3383
3391
3773
3816
4269
4282
4387
4554
4639
4772
5024
5465
5760
5873
6165
6188
6537
6606
7085
7147
7158
7362
7435
7963
8060
8079
8253
8360
8424
8480
8566
8594
8626
8781
8976
9023
9047
9072
9120
9524
9654
9695
9795
9979
9998
10131
10171
10279
10344
10687
10725
10867
10927
10942
11063
11139
11154
11204
11609
11642
11764
11829
11965
12071
12198
12245
12493
12571
12609
12631
12690
12985
13029
13060
13104
13121
13175
13190
13203
13361
13397
13742
13744
13790
14144
14674
14859
14915
15059
15174
15480
15534
16254
16293
16308
16398
16411
16860
16959
16968
17067
17097
17155
17265
17291
17522
17934
18076
18115
18256
18472
18506
18580
18751
18814
19008
19225
19229
19291
19312
19321
19422
19423
19525
19805
19903
20104
20225
20334
20466
20537
20770
20778
20876
21123
21134
21157
21248
21268
21287
21411
21770
22014
22094
22136
22246
22470
22821
22862
22935
23190
23240
23694
23867
23971
24033
24173
24289
24375
24652
24831
24866
24982
25192
26040
26072
26455
26480
26561
26580
26951
26958
26971
27065
27104
27402
27569
27690
27719
27725
27814
27833
28122
28473
28554
28658
28776
28875
28982
29101
29152
29403
29599
29601
29653
29760
29836
29925
29963
30040
30107
30331
30347
30441
30481
30824
31004
31073
31097
31873
31890
31893
32217
32280
32319
32485
32869
33965
34017
34169
34584
34708
34777
34818
34840
34907
35024
35078
35098
35114
35407
35424
35589
35873
35909
35946
36051
36082
36329
36347
36599
36757
37302
37777
37931
38013
38103
38444
38628
38983
38999
39067
39082
39449
39459
39487
39572
39669
39694
39843
39939
40432
40773
40800
13
42
219
697
1088
1111
1181
1507
1508
2253
2443
2580
2601
2737
2834
3067
3087
3113
3350
3495
3572
3588
3627
3926
3935
3990
4023
4288
4363
4456
4484
4529
4675
4819
4919
5044
5079
5096
5163
5185
5451
5792
5979
6046
6121
6158
6167
6194
6307
6329
6399
6469
6705
6754
6886
6933
7010
7064
7126
7187
7318
7710
8123
8234
8238
8304
8408
8615
8618
8691
8880
8951
9161
9256
9624
9685
9718
9922
9935
10534
10541
10605
10626
10677
10741
10905
10977
10994
11000
11041
11186
11380
11562
11598
11732
11945
12122
12345
12390
12457
12723
12746
13037
13077
13099
13129
13718
14416
14688
14745
14890
14920
15132
15203
15304
15424
15697
16108
16228
16320
16434
16492
16493
16574
16724
16761
16958
17327
17344
17354
17500
17563
17568
17626
17910
17917
18052
18175
18863
18882
19333
19353
19403
19614
20015
20038
20136
20286
20344
20406
20600
20813
20827
21049
21112
21148
21183
21184
21203
21468
21488
21549
21712
21935
22036
22274
22321
22336
22544
22726
23408
23620
23652
23660
23873
23929
24721
24835
24867
25334
25674
25946
27210
27521
27680
27815
27917
27925
28327
28511
28918
29228
29245
29470
30051
30082
30169
30406
30764
30967
31089
31103
31165
31194
31394
31659
31765
31933
32004
32454
32629
32730
32771
33033
33213
33494
33623
34109
34192
34325
34369
34372
34622
34628
34923
35056
35278
35342
35371
35391
35392
35546
35768
35912
36021
36418
36724
36881
37016
37239
37560
37593
37696
37815
37913
38055
38219
38225
38226
38388
38508
38521
38789
38811
38889
38989
39084
39147
39375
39455
39468
39574
39978
40185
40537
40575
40606
40609
40650
40784
