11
40
756
951
1076
1197
1217
1397
1479
1492
1671
2066
2348
2572
2784
2858
2861
2892
3124
3391
3451
3575
3623
3773
3816
3908
3937
4264
4269
4554
4602
4812
4979
5016
5022
5074
5466
6026
6188
6441
6517
6537
6606
6982
7040
7158
7435
7963
7969
8079
8510
8578
8833
9047
9120
9593
9654
9738
9809
9979
9998
10129
10131
10279
10344
10593
10725
10728
10867
10889
10927
10942
11204
11413
11553
11609
11658
11686
11965
12073
12198
12245
12346
12375
12407
12474
12493
12571
12955
13029
13121
13126
13135
13175
13190
13203
13314
13469
13518
13790
13833
14091
14144
14228
14516
14538
14599
14666
14674
14915
15059
15174
15349
15710
16293
16411
16463
16470
16603
16844
16959
17067
17097
17155
17291
17444
17522
17732
17780
18076
18115
18201
18256
18472
18506
18751
18872
19008
19229
19291
19321
19525
20104
20225
20334
20466
20491
20770
21123
21134
21157
21248
21268
21411
21612
21821
22136
22297
22470
22763
22823
22935
23694
23890
23971
24173
24289
24347
24571
24598
24684
24689
24807
24982
25324
25801
26347
26537
26561
26715
26951
26960
27065
27104
27195
27352
27372
27548
27569
27725
27806
28072
28122
28473
28783
29101
29304
29403
29606
29625
29644
29653
29925
29936
30331
30481
30598
30697
31004
31087
31271
31473
31519
31592
31637
31890
32005
32123
32152
32280
32319
32869
32908
32931
33244
33762
33815
34017
34020
34039
34235
34367
34621
34708
34963
34966
35017
35024
35078
35080
35098
35114
35447
35770
35873
36082
36329
36347
36506
36599
36719
36802
37678
37777
37800
38013
38103
38444
38605
38677
38887
39067
39082
39205
39417
39449
39520
39572
39587
39669
39843
39939
40025
40055
40069
40074
40342
40428
40800
42
369
697
1507
1632
1739
1798
2302
2575
2580
2601
2662
2747
2810
2836
2975
3067
3093
3123
3204
3350
3495
3588
3627
3818
3823
3927
3935
4023
4288
4363
4456
4484
4520
4857
4975
4991
4995
5079
5082
5096
5144
5163
5185
5302
5324
5473
5615
5792
5979
6046
6201
6307
6329
6399
6579
6886
6933
7010
7126
7187
7586
7710
8238
8304
8408
8481
8533
8712
8713
8923
9066
9092
9161
9173
9242
9256
9456
9550
9612
9697
9718
9922
9935
10077
10191
10492
10605
10677
10875
10905
11000
11041
11087
11095
11234
11380
11598
11732
11973
12056
12122
12302
12310
12368
12390
12723
12746
13037
13109
13129
13718
14416
14890
14920
15203
15348
15423
15697
16297
16440
16492
16493
16570
16574
16644
16724
16958
17192
17306
17344
17360
17563
17568
17577
17641
17729
17917
18668
18863
18977
19353
19403
19614
19934
20136
20286
20293
20344
20406
20507
20600
20618
20827
20860
20963
21049
21112
21148
21203
21385
21455
21481
21549
21712
21935
22274
22321
22544
22888
22911
23620
23873
23929
24169
24498
24721
24835
24867
24980
25067
25297
25334
25368
25465
25946
26137
26232
26529
26542
26845
27136
27155
27210
27221
27353
27521
27801
27815
27839
27868
27917
28208
28878
28918
29228
29245
29290
29327
29401
29410
30008
30051
30082
30474
31089
31165
31202
31659
31808
31875
32004
32177
32197
32454
32730
32844
33087
33278
33337
33701
34106
34325
34372
34610
34668
34923
34931
35056
35128
35184
35278
35327
35342
35391
35625
35633
35912
35966
36296
36481
36845
37226
37369
37418
37509
37560
37714
37815
37889
37913
38055
38225
38388
38508
38521
38989
39127
39147
39574
39866
39978
40185
40395
40457
40575
40631
40650
40784
