11
40
382
507
719
819
1027
1197
1217
1397
1440
1479
1480
1492
1513
1535
1758
2104
2459
2493
2572
2769
2892
3382
3451
3532
3816
3830
4185
4269
4282
4387
4428
4554
4602
4639
4772
4979
5024
5074
5355
5465
5503
5760
5812
6165
6190
6441
6517
7261
7435
7963
7969
8060
8424
8480
8510
8535
8644
8781
8976
9023
9072
9120
9240
9524
9593
9654
9809
10129
10279
10344
10687
10725
10728
10777
10867
11063
11139
11204
11277
11711
11764
12071
12474
12512
12718
12955
13060
13104
13135
13190
13203
13299
13314
13744
13790
13833
13884
14144
14599
14859
14886
15710
16254
16293
16463
16603
16697
17067
17201
17291
17780
18115
18201
18751
18814
18872
19008
19151
19225
19229
19291
19423
19624
20104
20506
20537
20778
20876
21092
21123
21134
21157
21167
21287
21411
21612
21747
22010
22014
22338
22418
22492
22528
22547
22821
23190
23694
23971
24033
24347
24375
24554
24598
24684
24761
25011
25192
25324
25780
26040
26072
26269
26277
26347
26537
26561
26715
26901
26958
26960
26971
26992
27065
27195
27806
27814
28072
28122
28473
28783
28982
28990
29403
29588
29599
29606
29925
29936
30040
30172
30441
31004
31087
31473
31519
31592
31601
31637
31873
31882
31890
31893
32123
32135
32217
32296
32319
32869
32908
32927
32931
33180
33244
33749
34017
34020
34039
34169
34367
34584
34621
34777
34794
34884
34963
34996
35017
35053
35078
35114
35151
35364
35447
35589
35651
35769
35860
35873
35909
36082
36329
36506
36599
36719
36757
36802
37302
37840
38013
38103
38273
38605
38628
38677
38887
38950
38983
39067
39205
39310
39417
39449
39459
39520
39572
39669
39939
40055
40069
40276
40342
40800
31
117
120
231
342
346
1111
1181
1508
1798
2253
2318
2601
2737
2810
2836
3067
3113
3123
3204
3336
3350
3396
3495
3572
3588
3627
3926
3927
4023
4288
4456
4529
4675
4778
4857
5044
5079
5082
5096
5163
5185
5302
5324
5451
5473
5792
5979
6194
6375
6886
6933
7010
7164
7187
7231
7318
7586
7710
8010
8105
8123
8217
8234
8304
8372
8408
8563
8712
8713
8880
9005
9161
9242
9256
9566
9612
9624
9685
9935
9946
10077
10492
10534
10541
10605
10626
10677
10741
10875
10984
11000
11087
11095
11234
12056
12302
12457
12746
13037
13077
13099
13109
13129
13445
13718
13785
14041
14245
14416
14688
14890
15203
15304
15348
15423
15515
15922
16114
16297
16320
16440
16492
16570
16574
16644
16958
17136
17192
17306
17344
17354
17424
17500
17563
17568
17641
17910
17917
18175
18863
18882
19300
19403
19614
19690
19934
20038
20056
20136
20664
20751
20827
21049
21112
21148
21183
21184
21385
21455
21468
21481
21549
21712
21729
22274
22726
22894
22911
23043
23180
23408
23620
23873
23929
23948
23990
24122
24169
24216
24498
24721
24750
24917
24955
24980
25018
25067
25368
25600
25674
25946
26137
26529
26542
26978
27136
27155
27198
27210
27801
27839
27868
27917
27925
28005
28038
28327
28592
28769
28800
28918
29228
30082
30337
30406
30967
31202
31659
31765
31875
31997
32004
32177
32454
32629
32730
33033
33278
33301
33337
33623
33701
34242
34325
34369
34372
34610
34622
34668
35327
35360
35391
35546
35625
35633
35912
36293
36319
36327
36418
36724
36881
37226
37239
37409
37509
37593
37696
37714
37889
37927
38055
38081
38225
38388
38508
38521
38789
38811
38812
38989
39147
39455
39468
39866
40135
40151
40185
40457
40631
40650
40680
40784
