382
719
996
1027
1076
1480
1492
1513
1671
2003
2066
2104
2493
2553
2572
2784
2858
3124
3391
3532
3623
3773
3816
3830
4185
4269
4282
4387
4422
4602
4639
4772
5016
5022
5024
5465
5466
5503
6188
6190
6313
6477
6517
6537
6654
7040
7085
7261
7362
7835
7963
8060
8079
8253
8291
8360
8480
8626
8644
8833
8976
9023
9072
9120
9240
9524
9593
9654
9695
9738
9795
9979
10131
10279
10344
10725
10777
10867
10889
10927
10942
11063
11277
11413
11515
11609
11642
11686
11711
11965
12245
12407
12474
12493
12512
12571
12631
12690
12718
12893
12955
12985
13029
13121
13175
13203
13210
13299
13314
13361
13518
13709
13726
14144
14190
14228
14308
14363
14516
14538
14844
14859
14886
15534
16398
16470
16697
17067
17097
17444
17522
17934
18076
18115
18121
18201
18506
18580
18751
18794
19229
19291
19321
19525
19903
20104
20334
20770
21167
21248
21770
22014
22136
22418
22470
22528
22763
22821
22823
22935
23190
23694
23890
24340
24598
24652
24684
24761
24807
24831
24866
25011
25192
25324
25780
25801
25820
26269
26347
26455
26537
26901
26992
27065
27195
27402
27548
27569
27719
27806
27833
28473
28554
28875
28982
29304
29599
29606
29644
29760
29836
29925
30172
30347
30481
31019
31073
31271
31392
31592
31601
31882
31890
31893
32005
32123
32152
32217
32290
32296
33180
33749
33762
33831
33833
33965
34017
34039
34169
34235
34246
34367
34584
34708
34794
34818
34840
34963
34966
35017
35098
35403
35407
35589
35651
35860
35873
36506
36599
36802
37390
37678
37777
37800
37931
38013
38036
38222
38255
38273
38605
38677
38887
39310
39417
39449
39459
39474
39939
40025
40055
40069
40074
40229
40276
40342
40428
40773
40800
120
231
302
342
369
1181
1739
1873
2318
2443
2575
2580
2601
2737
2810
2834
2836
3067
3069
3087
3093
3123
3204
3336
3350
3396
3495
3818
4245
4288
4484
4520
4675
4819
4919
4975
4991
5025
5144
5168
5250
5324
5443
5451
5615
5661
5745
5856
5979
6158
6307
6329
6375
6399
6469
6579
6705
6886
6933
7064
7074
7164
7187
7318
7503
7586
8105
8123
8217
8234
8238
8239
8304
8533
8691
8712
8880
8923
8951
9005
9066
9173
9256
9456
9612
9697
9718
9922
9946
10077
10191
10541
10605
10875
10977
11041
11190
11247
11380
11562
11732
11748
11973
12056
12122
12302
12310
12345
12390
12457
13109
13445
13785
14039
14890
14899
14942
15203
15348
15384
15423
15515
15922
16108
16297
16380
16434
16440
16492
16493
16570
16913
17192
17306
17327
17360
17424
17500
17563
17568
17626
17729
17910
17917
18668
18891
19333
19403
19614
19690
19974
20038
20056
20293
20337
20406
20618
20813
21049
21148
21184
21203
21380
21385
21412
21455
21510
22519
22544
22710
22894
22911
23180
23205
23494
23620
23652
24122
24216
24498
24721
24750
24917
25334
25674
25686
26137
26232
26267
26529
27136
27198
27221
27353
27386
27680
27801
27868
27917
27925
28005
28511
28592
28918
29401
29410
30008
30051
30082
30406
30967
31089
31103
31194
31202
31394
31808
31875
31997
32004
32098
32771
32844
33087
33213
33301
33494
33623
33701
34011
34106
34325
34369
34372
34668
35128
35184
35342
35360
35391
35541
35546
35966
36021
36327
36594
36845
36881
37226
37239
37409
37509
37560
37714
37815
37923
38055
38081
38219
38225
38305
38388
38508
38811
38989
39084
39375
39455
39533
39574
40135
40151
40395
40575
40578
40606
40631
40650
40784
