792
996
1076
1094
1163
1197
1217
1397
1440
1479
1480
1492
1535
1671
1758
2037
2348
2459
2493
2553
2769
2784
3055
3382
3391
3451
3623
4264
4268
4422
4428
4602
4639
4772
4812
4979
5022
5024
5074
5760
5812
6026
6165
6188
6190
7085
7147
7261
7435
7969
8360
8480
8535
8566
8578
8594
8626
8644
8833
9023
9120
9154
9593
9695
9738
9979
9998
10344
10593
10725
10927
10942
11063
11154
11225
11515
11642
11658
11686
11711
11965
12073
12198
12245
12375
12407
12474
12512
12571
12609
12718
13029
13060
13104
13126
13175
13624
13742
13790
13884
14190
14228
14308
14363
14516
14538
14666
14674
14844
14915
15059
15174
15480
16254
16308
16398
16463
16603
16697
16959
16968
17097
17155
18115
18256
18338
18359
18580
18794
18872
19151
19291
19525
19624
19734
19799
19903
20024
20491
20506
20876
20938
21004
21123
21134
21167
21248
21287
21747
21821
22246
22297
22338
22418
22528
22547
23694
23867
23971
24347
24375
24598
24761
25011
25192
25470
25780
25801
25820
26072
26347
26480
26537
26561
26580
26715
26960
27104
27163
27352
27372
27569
27719
27806
28072
28554
28658
28776
28931
28982
29101
29304
29403
29606
29644
30172
30331
30441
31004
31073
31097
31271
31473
31519
31592
31882
31893
32005
32123
32152
32217
32290
32319
32485
32869
32908
32927
32931
33180
33244
33448
33831
33833
33965
34017
34039
34246
34367
34584
34708
34777
34794
34884
34963
34996
35098
35114
35325
35364
35407
35424
35589
35651
35769
35873
35909
35946
36051
36506
36726
36757
37281
37777
37800
37840
37907
38036
38222
38273
38444
38677
38887
39082
39205
39417
39449
39459
39577
39587
39669
39694
39843
40025
40055
40069
40074
40229
40276
40342
85
117
302
346
1111
1181
1507
1547
1632
1739
2253
2302
2318
2452
2662
2737
2810
2836
2936
3069
3087
3123
3204
3336
3396
3495
3572
3588
3818
3823
3927
3990
4245
4484
4520
4529
4819
4857
4975
4991
5079
5096
5144
5185
5250
5302
5324
5451
5473
5615
5661
5745
5796
5979
6046
6121
6158
6167
6307
6399
6469
6579
6754
6886
6933
7010
7074
7231
7318
7503
7710
8105
8217
8224
8234
8238
8239
8533
8541
8563
8615
8691
8713
9092
9161
9173
9242
9456
9624
9697
10077
10677
10741
10977
11000
11041
11087
11095
11190
11234
11380
11689
11748
11973
12056
12302
12310
12723
12746
13077
13099
13445
13718
13785
14835
14890
14899
14901
15203
15348
15384
15423
15515
15697
16093
16114
16228
16380
16440
16570
16644
16724
17192
17306
17327
17344
17354
17500
17563
17568
17577
17626
17729
17910
17917
18891
19353
19403
19614
19934
20056
20134
20293
20337
20344
20406
20813
20860
20963
21049
21112
21148
21380
21412
21468
21712
21935
22012
22036
22274
22321
22726
22888
22911
23205
23408
23652
23660
23948
23967
23990
24169
24216
24750
24835
24867
25067
25297
25334
25600
26137
26267
26845
27210
27221
27353
27680
27801
27815
27839
27868
28208
28210
28511
28592
28918
29228
29245
29410
29470
29508
30082
30169
30337
30406
30474
30764
30967
31194
31933
31997
32197
32454
33087
33213
33278
33337
33494
33623
34011
34109
34242
34325
34369
34622
34896
34923
34931
35128
35278
35342
35371
35391
35541
35625
36418
36481
36594
36845
37016
37226
37311
37369
37418
37509
37560
37593
37696
37913
37927
38081
38225
38508
38789
38889
39084
39147
39375
39468
39533
39574
40135
40151
40231
40537
40575
40606
40650
40784
