40
382
507
719
756
819
951
1060
1076
1163
1397
1412
1440
1492
1535
1671
2003
2037
2336
2459
2784
2861
2917
3055
3160
3391
3623
3773
3816
3908
3999
4185
4268
4282
4387
4422
4428
4554
4602
4772
4870
5016
5074
5465
5466
5503
5760
5873
6026
6165
6477
6537
6654
7040
7085
7147
7158
7261
7362
7963
8060
8291
8424
8480
8535
8566
8594
8644
8781
9072
9120
9524
9795
9809
9979
10171
10271
10279
10593
10777
10889
11139
11154
11204
11225
11515
11609
11658
11665
11686
11764
11965
12071
12245
12493
12512
12609
12955
13175
13314
13397
13469
13518
13709
13742
13790
13833
14091
14144
14538
14599
14666
14674
14886
14915
15059
15349
15534
16293
16411
16463
16603
16968
17097
17155
17201
17444
17934
18076
18115
18121
18201
18472
18506
18751
18794
18814
18872
19008
19525
19805
19903
20024
20506
20778
20876
20938
21004
21092
21134
21167
21248
21312
21747
21767
21770
22338
22528
22763
22821
22823
23867
23890
24033
24173
24289
24347
24598
24684
24761
24866
25011
25324
25470
25801
26072
26269
26347
26455
26480
26537
26958
26992
27195
27548
27690
27719
27725
27833
28072
28473
28759
28776
28875
28931
28990
29304
29599
29601
29625
29936
29963
30040
30172
30697
31004
31073
31087
31271
31392
31473
31601
31873
31893
32005
32123
32135
32152
32290
32869
32931
33448
33749
33762
33831
34039
34169
34235
34246
34777
34840
34884
34907
34966
34996
35017
35024
35053
35114
35255
35325
35403
35407
35589
35651
35769
35770
35860
35873
35909
35946
36051
36329
36347
36719
36757
37281
37678
37777
37800
37840
37907
38255
38273
38274
38605
38983
38999
39067
39449
39459
39474
39520
39669
39939
40055
40069
40074
40309
40428
40773
40800
13
31
85
219
231
302
342
369
697
1088
1507
1547
1739
1798
1873
2302
2443
2601
2662
2747
2834
2836
2975
3069
3087
3204
3350
3935
4023
4245
4288
4484
4675
4778
4857
4919
4975
4991
4995
5044
5052
5163
5185
5302
5443
5661
5745
5792
5979
6121
6158
6307
6375
6754
6864
6886
6933
7126
7187
7318
7345
7503
7710
8010
8105
8224
8238
8239
8481
8533
8618
8923
8951
9005
9066
9173
9242
9256
9550
9566
9612
9685
9946
10492
10534
10541
10605
10875
10905
10977
11190
11234
11380
11598
11689
11732
11748
12056
12310
12368
12390
12723
12746
13077
13109
13129
13445
13718
14039
14245
14416
14835
14890
14901
14920
14942
15066
15203
15515
15922
16108
16114
16228
16297
16434
16570
16574
16724
17136
17332
17354
17360
17424
17568
17577
17729
17910
18052
18863
19300
19333
19614
19690
19913
19934
20015
20056
20293
20344
20406
20751
20860
21078
21112
21203
21380
21385
21412
21468
21488
21510
21549
21729
21935
22012
22274
22519
22710
22726
22888
22894
22911
23043
23180
23408
23873
23990
24169
24427
24498
24750
24917
24980
25067
25334
25368
25674
25946
26845
26978
27136
27198
27221
27680
27839
27868
27917
28210
28327
28878
29228
29245
29327
29401
29410
29470
29508
30337
30406
30764
31089
31103
31165
31659
31875
31933
32177
32197
32844
33087
33213
33515
33701
34011
34106
34242
34372
34610
34668
34896
34923
35056
35128
35184
35360
35371
35392
35546
35957
35966
36021
36293
36418
37239
37409
37418
37509
37560
37815
37923
37927
37935
38081
38219
38226
38305
38388
38508
38521
38638
38811
38812
38889
39084
39127
39147
39375
39455
39866
39978
40135
40151
40563
40578
40609
40650
