40
507
719
819
951
996
1060
1197
1202
1217
1440
1479
1535
1671
1758
2003
2066
2459
2572
2769
2784
2861
2917
3160
3382
3383
3532
3773
3816
3830
3908
3937
4185
4264
4268
4428
4554
4979
5024
5074
5465
5466
5760
5811
6165
6313
7040
7158
7261
7435
7835
7963
8060
8079
8291
8480
8535
8578
8781
8976
9023
9120
9654
9695
9795
9979
9998
10129
10131
10271
10279
10687
10867
10942
11204
11225
11553
11658
11665
11686
11711
11764
11829
11830
11965
12073
12245
12346
12493
12571
12609
12893
12985
13175
13190
13210
13314
13397
13469
13518
13624
13709
13742
13744
13833
13986
14144
14228
14301
14538
14599
14666
14674
14844
14859
14886
15174
15349
15710
16254
16293
16398
16411
16470
16603
16697
16844
16860
16959
17067
17097
17291
17522
17934
18076
18115
18121
18359
18472
18751
18794
19008
19291
19312
19321
19423
19525
19734
19799
20491
20770
20778
20938
21092
21123
21134
21248
21268
21312
21821
22094
22246
22418
22492
22528
22547
22763
22821
23080
23867
24033
24340
24347
24554
24571
24652
24761
24866
25192
25780
26269
26277
26480
26537
26561
26580
26901
26951
26958
26971
27065
27104
27195
27548
27690
27748
27806
27814
28072
28122
28658
28783
28990
29152
29304
29588
29625
29644
29653
29936
29963
30040
30107
30347
30449
30598
30660
31004
31073
31097
31271
31473
31519
31601
31873
31882
31893
32280
32319
32869
32931
33180
33244
33274
33448
33762
33815
33831
34017
34020
34039
34169
34235
34246
34367
34621
34708
34818
34840
34963
35080
35255
35424
35589
35770
35909
36082
36329
36719
36757
36802
37281
37390
37678
37800
37931
38103
38255
38273
38274
38628
38887
38950
39205
39449
39487
39520
39577
39587
39843
39939
40025
40055
40074
40229
40276
40309
40428
40432
40773
40800
13
31
85
120
342
697
1088
1181
1507
1508
1632
1739
2318
2452
2662
2737
2810
2836
2936
3069
3087
3113
3350
3495
3588
3627
4245
4288
4529
4819
4975
4995
5025
5052
5079
5096
5144
5163
5185
5324
5473
5661
5796
6046
6121
6167
6201
6307
6579
6754
6864
6886
6933
7064
7074
7126
7164
7231
7318
7503
7710
8010
8123
8217
8224
8238
8615
8618
8691
8880
8923
8951
9005
9161
9173
9456
9550
9566
9685
9718
9935
10492
10534
10541
10741
10875
10977
11000
11041
11087
11186
11247
11598
11732
12122
12345
12368
12390
12746
13037
13109
13785
14039
14245
14416
14688
14745
14835
14890
14920
14942
15132
15203
15384
15922
16093
16108
16228
16320
16492
16644
16761
17306
17354
17360
17563
17577
17729
17910
17917
18175
18977
19216
19403
19690
20015
20038
20056
20136
20293
20406
20507
20600
20618
20664
20751
20813
20860
21049
21078
21184
21203
21380
21385
21412
21455
21510
21712
21729
22012
22036
22336
22710
22726
22888
22894
23180
23408
23620
23873
23948
23967
24122
24169
24498
24721
24750
24955
25067
25297
25334
25368
25465
25600
25674
25686
25946
26137
26845
26978
27221
27353
27680
27839
27925
28038
28210
28327
28511
28800
29722
30051
30474
30967
31089
31202
31394
31765
31808
31933
32098
32197
33033
33278
33301
33623
34109
34242
34369
34372
34622
34628
34668
34896
35056
35278
35342
35360
35541
35546
35625
35633
35768
36021
36175
36319
36327
36418
36481
36845
36881
37016
37226
37311
37409
37509
37560
37889
37913
38081
38219
38225
38226
38521
38638
38889
38989
39375
39866
39978
40151
40395
40537
40563
40578
40631
40680
