382
507
792
1060
1076
1094
1163
1197
1397
1412
1479
1480
1492
1513
1671
1758
2003
2104
2861
2917
3055
3124
3160
3383
3451
3623
3773
3830
4185
4387
4428
4554
4613
4812
4979
5016
5355
5466
6026
6190
6313
6441
6537
6711
7040
7362
7835
8253
8424
8510
8535
8566
8626
8644
8833
9023
9047
9072
9593
9738
9979
9998
10129
10131
10171
10279
10593
10687
10725
10728
10889
10927
11139
11154
11204
11225
11413
11553
11658
11665
11711
11764
11830
11965
12198
12346
12512
12571
12609
12690
12718
12893
12955
12985
13029
13175
13190
13210
13299
13314
13469
13726
13742
13790
13833
13884
13986
14091
14144
14190
14306
14363
14599
14674
14886
14915
15349
15480
16398
16463
16470
16603
16697
16844
16860
16968
17097
17340
18121
18256
18794
18872
19151
19229
19312
19624
19734
19799
19805
19903
20225
20334
20537
20876
21248
21287
21612
21767
21770
22010
22094
22136
22418
22470
22763
22821
22823
23190
23240
23694
23890
24033
24289
24340
24347
24598
24652
24684
24689
24761
24807
24866
24982
25011
25192
25324
25470
25801
26040
26561
26580
26715
26951
26958
26971
26992
27065
27104
27163
27372
27569
27719
27725
27814
27833
28072
28122
28473
28759
28776
28875
29101
29152
29403
29588
29601
29625
29644
29836
29963
30331
30449
30598
30660
31073
31097
31392
31882
31890
32005
32135
32152
32296
32319
32485
32869
32908
32927
33274
33762
33831
34169
34235
34246
34300
34367
34584
34777
34907
35017
35024
35078
35080
35098
35114
35151
35379
35403
35407
35424
35447
35589
35770
35860
35873
35909
35946
36051
36082
36329
36506
36599
36719
36726
36802
37777
37931
38013
38103
38273
38444
38628
38983
38999
39067
39449
39459
39474
39487
39572
40025
40055
40342
40428
40432
40800
42
85
117
231
342
697
762
1508
1547
1739
1798
1873
2253
2575
2580
2601
2810
2836
2936
3204
3396
3495
3572
3823
3926
3927
3935
3990
4245
4288
4363
4409
4456
4484
4819
4919
4991
5168
5185
5250
5324
5615
5661
6194
6399
6579
6864
6933
7074
7126
7231
7710
7717
8105
8217
8224
8304
8372
8691
8712
8880
9456
9612
9624
9685
9697
9718
9935
10492
10605
10626
10677
10984
10994
11000
11041
11095
11186
11190
11689
11732
11748
11973
12056
12122
12723
13037
13077
13099
13129
13718
14041
14193
14245
14416
14890
14899
14901
14920
15203
15304
15423
15424
15515
16108
16297
16644
16761
16958
17306
17327
17344
17360
17563
17577
17626
17641
17910
17917
18052
18863
18882
18891
18977
19216
19300
19333
19353
19614
19913
19934
19974
20015
20286
20406
20507
20600
20618
20751
20827
21078
21112
21183
21184
21380
21385
21412
21455
21468
21481
21488
21510
21935
22321
22336
22710
22726
23180
23205
23408
23620
23660
23948
23967
24169
24216
24427
24498
24721
24750
24917
24955
24980
25018
25297
25334
25368
25465
26529
26978
27136
27155
27221
27353
27815
27839
27868
28769
28800
28878
29245
29401
29410
29508
29722
29787
30051
30082
30337
30474
30967
31103
31194
31394
31765
31808
31875
31933
32004
32098
32177
32197
32844
33087
33494
33515
34242
34369
34372
34628
34668
34896
35056
35128
35278
35327
35342
35391
35392
35546
35625
35633
35768
35912
35957
35966
36293
36319
36327
36418
36481
36594
36881
37226
37239
37369
37409
37509
37593
37815
37913
37923
37927
38081
38219
38388
38638
38703
38789
39084
39127
39455
39468
39533
39978
40135
40185
40575
40578
40606
40631
40650
