40
756
996
1027
1060
1163
1197
1440
1513
1535
1758
2037
2336
2348
2553
2572
2769
2861
2892
3055
3382
3575
3908
4264
4269
4282
4428
4870
4979
5024
5074
5355
5466
5760
5811
5812
6190
6477
6517
6537
6606
6982
7085
7147
7158
7261
7435
7835
7969
8060
8079
8253
8291
8424
8480
8535
8566
8781
8976
9047
9154
9240
9593
9809
9979
9998
10131
10171
10271
10593
10687
10728
10927
10942
11139
11154
11204
11225
11277
11515
11553
11658
11686
11764
11830
12071
12073
12198
12245
12493
12631
12690
12718
12893
12985
13126
13175
13210
13299
13361
13469
13518
13709
13742
13790
13884
13986
14091
14144
14190
14228
14301
14538
14674
14886
14915
15059
15174
15534
16254
16308
16411
16470
16603
16697
16968
17067
17155
17291
17340
17444
17732
17934
18076
18115
18201
18359
18580
18751
18794
19291
19312
19422
19624
19734
19799
20024
20104
20225
20334
20466
20506
20537
20770
20778
20876
21092
21134
21157
21268
21287
21767
22010
22136
22246
22297
22338
22492
22528
22821
22862
22935
23080
23190
23240
24375
24554
24571
24807
25011
25324
25780
25820
26040
26072
26277
26480
26951
26958
26960
26992
27163
27352
27548
27593
27748
27833
28658
28759
28776
28783
28875
28990
29304
29403
29599
29644
29836
29925
29936
29963
30107
30331
30441
30481
30660
30697
30824
31473
31601
31882
32135
32152
32280
32290
32296
32319
32485
32869
33180
33448
33749
33815
33965
34017
34039
34169
34235
34246
34300
34584
34621
34818
34884
34907
34963
34966
35017
35078
35407
35589
35769
35770
35860
35873
35909
36051
36329
36719
36757
36802
37302
37907
37931
38013
38036
38222
38255
38273
38605
38950
38983
39572
39694
40025
40074
40229
40309
40342
40432
40773
42
85
117
219
231
302
342
369
697
762
1088
1508
1739
1873
2302
2318
2443
2575
2810
2836
3067
3069
3093
3113
3204
3336
3350
3627
3818
3823
3926
3935
4288
4363
4409
4456
4484
4675
4857
4919
4995
5025
5044
5168
5185
5250
5302
5324
5745
5792
6121
6158
6167
6307
6329
6375
6705
6754
6864
6933
7074
7126
7187
7231
7318
7503
7710
7717
8010
8238
8239
8304
8618
8691
8880
8923
9173
9566
9612
9946
10077
10605
10626
10677
10741
10875
10977
10994
11000
11041
11186
11190
11234
11247
11562
11945
11973
12122
12302
12310
12345
12368
12457
12746
13037
13077
13099
13875
14193
14688
14745
14890
14920
14942
15066
15203
15515
15697
16108
16114
16228
16297
16440
16724
17192
17327
17344
17500
17568
17577
17641
17917
18882
18977
19216
19333
19353
19403
20038
20136
20286
20406
20600
20664
20963
21078
21148
21183
21380
21385
21412
21455
21468
21510
21549
21712
22012
22036
22274
22321
22336
22519
22710
23043
23205
23652
23660
23873
23967
24216
24427
24498
24750
24917
25368
25465
25600
25674
26137
26232
26267
26542
27221
27353
27386
27521
27801
27925
28005
28038
28592
28800
28878
29245
29401
29787
30008
30051
30169
30337
30406
30474
30764
31089
31165
31194
31659
31765
31808
31875
31933
32004
32197
32454
32629
32730
32844
33033
34369
34622
34668
34896
34923
34931
35056
35184
35278
35342
35360
35546
35625
35633
35768
35912
35957
35966
36021
36175
36296
36319
36594
36724
36881
37226
37369
37409
37418
37509
37560
37696
37714
37815
37889
37923
37935
38219
38226
38305
38521
38811
38812
38889
39084
39127
39375
39455
39468
39866
39978
40135
40151
40185
40395
40537
40563
40606
40650
