11
792
951
1163
1202
1217
1412
1479
1671
1758
2037
2459
2861
2917
3160
3382
3383
3532
3575
3773
3908
3937
4185
4264
4268
4269
4282
4554
4602
4639
4812
4979
5024
5465
6026
6190
6313
6517
6711
6982
7040
7261
7362
7435
7835
7969
8079
8360
8480
8510
8578
8594
8644
8781
9072
9524
9654
9695
9738
9979
10129
10279
10344
10687
10867
10889
10942
11063
11154
11277
11413
11515
11553
11642
11658
11686
11764
11830
11965
12071
12073
12245
12493
12631
12690
12718
12955
13029
13104
13126
13135
13210
13314
13397
13790
13833
14144
14308
14599
14674
14844
14859
15059
15534
16398
16463
16603
16844
17067
17444
17780
17934
18076
18115
18121
18338
18472
18506
18580
19291
19312
19525
19734
19805
20024
20225
20491
20506
20537
20876
20938
21092
21123
21134
21612
21747
21767
21770
21821
22014
22338
22470
22492
22528
22547
22821
22862
22935
23190
23240
23890
23971
24173
24340
24347
24554
24571
24598
24689
24761
24807
24831
24866
24982
25324
25801
26040
26269
26480
26951
26971
27104
27195
27352
27372
27402
27548
27593
27725
27806
28072
28554
28658
28776
28990
29152
29403
29588
29599
29625
29644
29760
29925
29936
29963
30107
30172
30347
30660
31019
31087
31097
31271
31473
31519
31592
31601
31637
31873
31882
32005
32135
32152
32217
32319
32485
32908
33244
33274
33815
33831
33833
34020
34169
34235
34300
34367
34777
34794
34884
34907
34996
35024
35080
35255
35325
35364
35407
35424
35651
35770
35860
35909
36051
36082
36329
36506
36719
36802
37281
37302
37800
37931
38036
38222
38273
38605
38677
38950
38983
38999
39205
39417
39459
39520
39669
39843
39939
40025
40074
40229
40276
40342
13
31
42
117
219
231
302
346
369
697
1507
1508
2253
2452
2580
2747
2810
2836
2936
2975
3067
3069
3093
3336
3350
3495
3627
3818
4363
4456
4484
4675
4995
5044
5079
5082
5096
5144
5324
5451
5473
5615
5661
5796
5856
5979
6046
6158
6167
6194
6329
6375
6399
6469
6705
6864
7074
7126
7231
7318
7345
7586
8010
8239
8481
8533
8615
8618
8713
8880
8923
9005
9092
9161
9550
9566
9612
9685
9718
9922
9935
9946
10191
10492
10534
10541
10677
10741
10905
10984
10994
11087
11598
11732
11973
12056
12122
12302
12310
12368
12390
12457
13037
13129
13445
13718
14039
14835
14890
14920
15132
15203
15304
15348
15384
15423
15515
15697
15922
16108
16228
16380
16492
17192
17306
17327
17344
17354
17563
17568
17577
17626
17910
17917
18668
18977
19300
19403
19614
19690
19913
19974
20015
20038
20056
20134
20136
20344
20618
20664
20751
20827
21049
21078
21112
21184
21385
21455
21510
21712
22036
22321
22336
22710
22888
22894
22911
23043
23180
23205
23408
23620
24122
24216
24427
24498
24721
24750
24917
25018
25067
25297
25334
25465
25946
26232
26267
26529
26978
27136
27198
27353
27521
27680
27801
27815
27839
28208
28210
28592
28800
28878
28918
29410
29470
29508
29722
29787
30008
30051
30406
30764
30967
31103
31165
31202
31659
31765
31808
31875
32098
32197
32629
33033
33301
33623
33701
34106
34109
34192
34369
34622
34896
34923
34931
35128
35184
35278
35371
35633
35768
35966
36319
36327
36418
36481
36594
36845
36881
37016
37239
37369
37418
37509
37696
37815
37889
37913
37923
37927
37935
38055
38225
38226
38305
38388
38508
38638
38703
38789
38812
38889
39127
39147
39375
39468
39533
39866
39978
40151
40185
40231
40395
40609
40784
