819
1060
1076
1094
1412
1440
1480
1492
2104
2336
2572
2769
3055
3160
3391
3532
3575
3773
3830
3908
3937
4185
4264
4387
4613
4639
4772
4812
4870
4979
5016
5022
5024
5074
5148
5466
5503
5760
5812
6165
6188
6477
6537
6711
6982
7040
7085
7261
7435
7835
7963
7969
8060
8079
8253
8291
8360
8424
8480
8510
8566
8578
8594
8626
8976
9023
9072
9240
9524
9695
9738
9795
9809
10129
10131
10344
10593
10687
10867
11204
11277
11413
11515
11609
11658
11665
11764
11965
12071
12571
12609
12631
12690
12718
12893
12985
13029
13121
13361
13397
13469
13624
13742
13790
13884
14091
14190
14228
14538
14599
14666
14886
15480
15534
15710
16293
16308
16398
16463
16697
17067
17155
17265
17934
18076
18201
18256
18359
18472
19008
19151
19229
19291
19321
19422
19525
19624
19734
19805
20104
20225
20334
20466
20491
20506
20537
20778
20938
21004
21123
21157
21248
21268
21312
21767
21770
22136
22246
22297
22338
22470
22528
22547
22935
23694
23867
23890
24033
24571
24598
24652
24689
24831
24866
25011
25192
25780
25801
26072
26347
26455
26537
26561
26715
26901
26960
26992
27065
27163
27195
27352
27372
27402
27814
27833
28072
28473
28759
28783
28990
29101
29403
29599
29601
29606
29963
30040
30347
30660
31392
31592
31601
31637
31873
31882
31890
32005
32152
32290
32319
32869
32908
32931
33180
33749
33762
33833
34169
34246
34300
34367
34794
34818
34884
34966
35017
35024
35151
35325
35403
35424
35447
35589
35860
35909
36082
36347
36506
36719
36757
37281
37302
37678
37907
37931
38036
38103
38274
38950
38983
39067
39082
39310
39520
39572
39577
39694
39843
40069
40229
40342
40428
40432
40773
85
219
302
369
697
1181
1508
1632
1798
2253
2302
2810
2834
2836
2936
3069
3113
3123
3204
3336
3350
3572
3627
3823
3926
3935
3990
4245
4288
4363
4675
4778
4857
4919
4991
5025
5082
5096
5168
5443
5451
5473
5661
5792
5796
5856
5979
6046
6121
6167
6201
6399
6754
6933
7010
7064
7074
7164
7187
7231
7586
7710
8010
8105
8234
8238
8372
8408
8481
8533
8615
8618
8691
8713
8880
8923
8951
9005
9066
9242
9624
9685
9697
9935
10077
10191
10541
10626
10741
10905
10977
10994
11000
11095
11247
11380
11689
11732
11748
11945
12310
12345
12368
12390
12457
12746
13037
13077
13099
13109
13718
13875
14041
14745
14899
14901
14920
15384
15423
15424
15515
16108
16228
16297
16492
16493
16574
16724
16913
17306
17332
17354
17360
17568
17641
17729
17917
18052
18175
18668
18863
18891
19333
19403
19934
19974
20015
20038
20056
20134
20286
20507
20600
20664
20827
20963
21078
21183
21203
21455
21481
21510
22036
22274
22336
22519
22710
22888
22911
23205
23494
23620
23652
23660
23948
24721
24750
24955
24980
25018
25368
25465
25674
25686
26232
26542
27136
27155
27198
27210
27386
27521
27680
27801
27839
27917
27925
28005
28038
28210
28327
28511
28769
28800
28878
28918
29228
29245
29401
29722
29787
30051
30169
30337
31103
31194
31394
31659
31765
31808
31875
31933
31997
32004
32098
32177
32730
32771
33033
33213
33301
33494
33623
33701
34011
34106
34242
34325
34369
34372
34610
34923
35056
35128
35541
35546
35625
35957
35966
36021
36175
36293
36327
36481
36845
37016
37369
37418
37815
37913
37923
38055
38081
38219
38225
38226
38521
38638
38703
38789
38812
38989
39084
39147
39375
39455
39533
39574
40151
40185
40606
40631
40650
40784
