382
507
719
756
819
1027
1060
1076
1197
1202
1217
1397
1412
1440
1492
1513
1758
2037
2066
2104
2336
2348
2553
2784
2861
2892
2917
3055
3124
3160
3382
3532
3575
3773
3908
4268
4428
4639
5074
5148
5355
5503
5811
5873
6026
6165
6190
6313
6606
6654
7158
7261
7435
8360
8424
8566
8578
9047
9072
9154
9695
9738
9795
9809
9979
10129
10271
10344
10593
10687
10728
11515
11553
11658
11686
11830
11965
12073
12375
12407
12474
12493
12512
12571
12609
12690
12893
12955
12985
13029
13121
13175
13203
13314
13361
13469
13624
13709
13726
13833
13986
14144
14190
14228
14301
14306
14363
14516
14599
14674
14844
14915
15174
15349
15480
16293
16603
17097
17201
17265
17291
17340
17444
17732
17780
18115
18121
18201
18256
18338
18472
18506
18580
18751
18814
19151
19229
19312
19321
19422
19423
19734
19805
20024
20104
20225
21004
21134
21167
21268
21312
21612
21767
21770
22136
22470
22492
22528
22763
22821
22862
22935
23190
23240
23694
23890
23971
24340
24347
24554
24571
24652
24684
24761
24807
24982
25011
25192
25470
25801
25820
26040
26277
26455
26480
26580
26901
26951
26958
27195
27352
27372
27402
27548
27593
27719
27748
27806
27814
28473
28554
28783
28990
29101
29403
29601
29606
29625
29644
29836
29963
30040
30107
30331
30347
30481
30824
31019
31073
31473
31519
31592
31873
32005
32135
32217
32280
32296
32319
32485
32908
32927
33749
33762
33831
33833
33965
34020
34039
34169
34246
34584
34794
34884
34907
34996
35017
35024
35053
35080
35114
35379
35403
35407
35424
35447
35770
35909
36051
36599
36719
36726
36757
36802
37281
37302
37678
37777
37840
37931
38036
38274
38605
38628
38950
38983
38999
39205
39310
39449
39474
39572
39577
39587
39669
39694
39843
39939
40055
40069
40229
40309
40342
40773
42
85
117
219
302
342
346
369
762
1088
1181
1507
1508
1632
2253
2443
2452
2580
2737
2836
3069
3087
3113
3123
3396
3495
3818
3823
3935
3990
4288
4363
4520
4778
4991
5079
5144
5302
5324
5443
5615
5745
5796
6121
6167
6307
6469
6864
6933
7010
7126
7345
7586
8010
8217
8224
8234
8304
8408
8563
8615
8618
8691
8713
8880
9066
9161
9242
9256
9550
9566
9612
9697
9922
9935
10534
10626
10741
10905
10977
10994
11087
11095
11186
11190
11247
11689
11732
11945
11973
12310
12390
12457
12723
13037
13109
13445
13718
13785
14039
14193
14416
14890
14901
14942
15066
15348
15515
15922
16093
16297
16380
16440
16493
16570
16724
16761
16958
17192
17306
17354
17500
17563
17729
17910
17917
18052
18175
18668
19216
19353
19403
19614
20056
20134
20600
20618
20664
20827
20860
20963
21049
21380
21455
21468
21481
21510
21549
21712
21729
21935
22012
22274
22544
22888
22894
23043
23408
23620
23660
23873
23990
24721
24917
24955
24980
25018
25067
25297
25368
25465
25600
25686
25946
26137
26232
26529
27198
27353
27386
27680
27801
27868
27917
28005
28208
28210
28769
28800
29290
29327
29722
30008
30082
30764
30967
31103
31165
31194
31394
31659
31875
31933
32177
32197
32629
32771
32844
33087
33213
33301
33337
33494
34109
34192
34369
34610
34622
34931
35128
35184
35278
35342
35391
35392
35541
35625
35912
35957
36021
36296
36327
36418
36594
36881
37226
37239
37311
37696
37913
37927
37935
38081
38225
38226
38508
38638
38811
38812
38889
38989
39084
39455
39533
39574
39866
39978
40135
40185
40395
40578
40606
40609
40680
