40
792
951
1076
1202
1479
1492
1513
1535
2066
2104
2553
2572
2769
2861
3382
3532
3623
3816
3830
3908
3937
3999
4185
4268
4282
4387
4422
4428
4554
4613
4812
4870
4979
5074
5148
5465
5811
5812
6026
6165
6190
6477
6537
6606
6982
7040
7147
7158
7261
7362
7963
7969
8060
8253
8360
8424
8480
8510
8535
8644
8833
9023
9072
9154
9524
9593
9695
9738
9795
9979
9998
10129
10171
10593
10687
10725
11154
11204
11225
11515
11642
11686
11764
11965
12073
12198
12245
12493
12609
12690
12718
12955
13135
13175
13190
13210
13361
13397
13469
13518
13624
13709
13744
13833
13884
14144
14228
14301
14306
14599
14674
14844
15059
15534
16293
16398
16411
16470
16603
16844
17097
17155
17201
17265
17732
18076
18201
18256
18359
18472
18506
18580
18751
18814
18872
19008
19225
19291
19423
19525
19734
19799
19805
19903
20225
20770
20778
20876
20938
21004
21134
21167
21248
21268
21287
21312
21747
21767
21770
22136
22297
22338
22470
22492
22763
22862
22935
23190
23971
24173
24289
24340
24554
24571
24652
24684
24807
25324
25470
25820
26269
26347
26537
26580
26715
26901
26951
26992
27104
27195
27593
27806
27833
28122
28473
28658
28776
28783
29599
29653
29836
29936
29963
30172
30347
30441
30481
30598
31004
31019
31073
31097
31473
31592
31601
31637
32005
32135
32152
32217
32319
32927
32931
33180
33244
33749
33833
34020
34235
34246
34300
34621
34794
34840
35017
35053
35078
35080
35325
35407
35589
35769
35770
35873
35909
35946
36051
36082
36347
36719
36757
36802
37390
37777
37800
37840
37907
38013
38103
38222
38677
38887
38950
38983
38999
39082
39205
39310
39487
39572
39577
39587
39939
40069
40342
40773
40800
13
42
117
120
231
302
342
369
697
1088
1547
1798
2302
2318
2452
2810
2834
3067
3069
3204
3336
3350
3396
3495
3818
3927
4023
4288
4363
4456
4520
4675
4857
5025
5044
5079
5082
5144
5250
5443
5473
5615
5661
5792
5979
6121
6167
6194
6399
6579
6705
6933
7010
7064
7164
7187
7586
8010
8238
8372
8481
8533
8563
8618
8880
8923
8951
9066
9092
9256
9456
9550
9685
9718
9935
10191
10534
10541
10905
10977
11000
11234
11247
11380
11562
11598
11732
11748
11945
12056
12122
12368
12390
12457
12746
13099
13129
13785
14041
14245
14688
14745
14835
14899
14920
14942
15066
15304
15384
15423
15697
15922
16093
16114
16380
16440
16493
16570
16574
16724
16761
16913
16958
17192
17568
17577
18052
18882
18891
18977
19333
19353
19403
19614
19690
19913
19974
20134
20136
20286
20337
20406
20507
20600
20751
20813
20827
20963
21112
21183
21184
21203
21380
21385
21412
21455
21481
21488
21549
21729
21935
22012
22036
22274
22710
22726
22894
23043
23494
23660
23873
23967
24122
24216
24721
24835
24867
24917
24955
25018
25368
25465
25674
25686
25946
26137
26267
26845
26978
27136
27198
27353
27801
27815
27839
28038
28327
28511
28800
28878
28918
29228
29290
29401
29410
29787
30169
30337
30764
31089
31103
31165
31194
31202
31394
31659
31765
31875
31933
32004
32197
32629
32730
32771
33087
33337
33701
34242
34325
34622
34628
34668
34896
34923
35128
35278
35360
35391
35541
35633
35768
35912
35966
36021
36293
36296
36319
36327
36481
36881
37016
37369
37560
37696
37815
37889
37913
37927
37935
38081
38219
38226
38388
38521
38638
38703
38989
39455
39533
39866
39978
40185
40231
40395
40537
40578
40606
40609
40631
40784
