40
382
719
756
792
996
1027
1076
1163
1202
1217
1412
1513
2003
2037
2066
2336
2769
2784
2858
2892
3451
3623
3816
3830
3908
3999
4264
4422
4428
4554
4613
4639
4772
4870
5016
5074
5148
5355
5465
5466
5760
5811
6165
6313
6441
6517
6537
6606
6711
6982
7158
7435
7835
7969
8060
8079
8253
8480
8510
8535
8594
8626
8833
9047
9120
9240
9524
9593
9695
9738
9979
9998
10129
10131
10171
10279
10728
10777
10867
10927
10942
11063
11139
11225
11553
11642
11665
11686
11711
12071
12073
12198
12346
12375
12407
12474
12493
12512
12571
12609
12631
12893
12985
13029
13104
13518
13624
13726
13742
13833
13884
14091
14190
14228
14306
14516
14666
14674
14844
14859
15059
15349
15480
16308
16398
16463
16844
16860
16959
16968
17155
17265
17340
17522
17732
17780
18076
18115
18121
18506
18580
18794
18814
19151
19229
19291
19321
19422
19423
19525
19624
19734
19799
19805
20104
20491
20506
20537
20778
20876
21004
21092
21134
21157
21167
21411
21747
21767
21770
22010
22014
22246
22338
22470
22492
22547
22763
22821
22935
23971
24289
24340
24375
24554
24598
24689
24761
24807
24982
25192
25801
26040
26347
26537
26715
26951
26971
26992
27065
27104
27195
27719
27806
27814
28554
28783
28875
28982
29101
29152
29304
29403
29588
29599
29601
29606
29936
29963
30040
30107
30172
30331
30449
30697
30824
31004
31019
31073
31097
31392
31601
31873
31882
31893
32005
32123
32152
32217
32280
32290
32319
32927
32931
33180
33749
33815
34020
34246
34367
34708
34794
34818
34907
34963
34966
34996
35078
35151
35255
35325
35379
35407
35651
35770
35909
35946
36051
36082
36329
36347
36506
36719
36757
37281
37390
37678
37840
37907
37931
38013
38036
38103
38222
38255
38273
38605
38887
38950
39067
39082
39205
39310
39449
39459
39487
39520
39669
39843
39939
40229
40276
40773
40800
31
42
85
117
342
762
1111
1181
1507
1739
2318
2443
2575
2580
2601
2836
2936
3069
3336
3350
3495
3588
3990
4409
4778
4819
4919
4995
5025
5082
5096
5615
5745
5792
6046
6121
6158
6201
6329
6375
6399
6705
6886
6933
7010
7064
7187
7231
7345
7503
7586
7710
8010
8234
8239
8304
8481
8615
8691
8712
8713
8880
9005
9066
9092
9161
9173
9242
9256
9612
9718
9946
10077
10191
10492
10534
10605
10741
10984
10994
11000
11095
11186
11190
11247
12056
12122
12723
12746
13037
13718
13785
13875
14039
14041
14245
14688
14835
14899
14901
14942
15132
15304
15515
15697
16093
16228
16297
16320
16380
16440
16492
16493
16574
16644
16761
16913
17192
17306
17327
17332
17344
17354
17563
17568
17910
18052
18175
18891
18977
19216
19333
19403
19614
19974
20015
20056
20134
20337
20344
20507
21049
21112
21148
21184
21468
21481
21729
22036
22321
22544
22710
22726
22888
22894
23660
23873
23967
23990
24122
24427
24498
24721
24835
24917
25067
25297
25334
25465
25600
25674
25946
26542
26845
27136
27155
27353
27680
27801
27839
27917
28038
28210
28769
28878
28918
29228
29327
29470
29787
30051
30406
30764
31089
31103
31165
31194
31202
31765
31808
31875
31933
31997
32629
33087
33515
34109
34325
34622
34628
34896
35056
35327
35342
35360
35541
35546
35625
35633
35768
35957
36418
36594
36724
36845
36881
37369
37418
37509
37560
37696
37815
37889
38055
38219
38225
38226
38521
38703
38811
38812
38989
39084
39533
39866
39978
40135
40231
40395
40457
40563
40578
40606
40650
