40
382
756
819
996
1027
1060
1202
1412
1479
1513
2066
2104
2336
2493
2572
2769
2784
2858
2917
3451
3575
3623
3773
3816
3830
3937
4185
4422
4602
4613
4979
5074
5812
6165
6188
6313
6441
6477
6537
6654
6711
7085
7835
8291
8424
8480
8510
8594
8644
8976
9023
9072
9154
9240
9524
9795
9809
9979
9998
10279
10593
10725
10728
10777
10889
10927
11063
11139
11154
11225
11413
11553
11609
11642
11658
11686
11711
11965
12073
12375
12407
12474
12493
12512
12571
12690
12718
12955
13060
13104
13121
13126
13203
13299
13314
13361
13469
13726
13742
13790
13986
14091
14190
14228
14301
14308
14599
14666
14674
14844
14859
14886
14915
15174
15710
16254
16398
16411
16463
16603
16697
16844
16860
16959
17067
17155
17780
17934
18076
18115
18201
18256
18506
18580
18751
18794
18872
19151
19225
19291
19312
19422
19423
19799
19805
20334
20506
20537
20770
20938
21004
21092
21123
21248
21287
21312
21612
21770
21821
22010
22014
22297
22338
22418
22528
22547
22821
22823
22862
22935
23694
23890
23971
24033
24289
24571
24598
24652
24684
24689
24761
24807
24982
25780
26040
26072
26455
26537
26580
26901
26951
26960
26992
27195
27569
27593
27719
27725
27806
27833
28473
28554
28658
28776
28875
28990
29601
29606
29644
30040
30172
30347
30481
30598
30697
30824
31004
31087
31392
31473
31519
31592
31637
32005
32135
32152
32217
32280
32290
32296
32931
33274
33448
33833
34020
34169
34235
34246
34794
34907
34966
34996
35024
35078
35325
35364
35407
35447
35770
35946
36082
36347
36599
36719
36726
36757
37281
37390
37800
37840
37907
38013
38036
38103
38255
38273
38274
38677
38950
38983
39067
39082
39205
39310
39417
39449
39459
39474
39487
39520
39572
39577
39669
39694
39843
39939
40025
40055
40074
40229
40309
40342
40428
31
42
85
117
342
346
369
1111
1181
1632
1798
2253
2302
2452
2836
2975
3069
3093
3336
3350
3396
3495
3627
4023
4245
4456
4520
4529
4919
5025
5044
5082
5096
5168
5185
5250
5302
5451
5473
5615
5792
5856
6167
6201
6329
6375
6399
6705
6886
6933
7010
7126
7187
7231
7318
7503
7586
7717
8105
8217
8234
8481
8541
8563
8618
8691
8712
8951
9066
9550
9566
9612
9718
9922
9946
10077
10191
10741
10905
10977
10984
11000
11186
11190
11247
11598
11732
11945
12056
12122
12302
12310
12723
13129
13445
14193
14245
14416
14745
14899
14901
15066
15132
15304
15348
15423
15515
15697
15922
16093
16297
16493
16570
17332
17344
17563
17568
17577
17626
17729
17910
17917
18175
18863
18891
18977
19216
19300
19333
19403
19690
19913
19974
20136
20337
20507
20664
20751
20827
20963
21078
21112
21148
21183
21184
21203
21385
21455
21468
21488
21510
21549
21935
22274
22336
22519
22726
22894
23180
23205
23408
23494
23652
23929
23948
23990
24427
24498
24721
24835
24980
25067
25297
25334
25465
25686
26137
26232
26267
26978
27136
27353
27386
27680
27801
27839
27917
28038
28208
28210
28592
28769
28878
28918
29228
29327
29401
29508
30051
30082
30169
30967
31089
31103
31194
31875
31997
32098
32177
32454
33033
33087
33301
33494
34011
34106
34242
34369
34372
34610
34668
34931
35278
35360
35391
35541
35546
35625
35633
35957
35966
36293
36296
36327
36481
36594
36724
36845
37016
37239
37409
37418
37560
37815
37923
38055
38081
38305
38521
38811
38889
39127
39147
39375
39455
39574
40151
40185
40231
40395
40457
40537
40575
40578
