40
382
719
792
951
1027
1060
1076
1094
1217
1412
1440
1480
1513
1535
1758
2037
2104
2336
2348
2769
2784
2858
2861
3160
3383
3391
3451
3773
3816
4185
4268
4282
4387
4422
4428
4554
4602
4613
4639
4979
5016
5022
5024
5074
5466
6477
6517
6537
6606
6982
7040
7362
7435
7963
8060
8079
8360
8480
8535
8566
8578
8594
8644
8976
9072
9154
9524
9593
9979
9998
10131
10171
10271
10344
10687
10777
10942
11154
11225
11413
11642
11658
11686
11965
12073
12198
12346
12407
12493
12512
12571
12631
12690
12893
12955
12985
13104
13175
13190
13314
13361
13469
13709
13742
13744
13833
13884
13986
14091
14144
14228
14301
14308
14599
14666
14844
14886
15059
15480
16308
16411
16844
16860
16959
16968
17067
17097
17201
17265
17732
17969
18121
18201
18256
18359
18472
18506
18580
18751
18794
19151
19321
19525
19624
19799
19903
20104
20491
20537
20876
20938
21004
21092
21248
21268
21287
21312
22014
22136
22418
22763
22935
23080
23240
23694
23867
23890
23971
24173
24652
24684
24807
24866
25324
25780
26269
26347
26455
26561
26580
26715
26901
26958
26971
26992
27065
27104
27163
27352
27548
27593
27690
27719
27806
27833
28072
28122
28776
28783
28875
28931
28982
28990
29101
29152
29606
29625
29653
29760
29836
29925
29963
30040
30172
30347
30441
30481
31473
31519
31592
31601
31637
31882
32135
32152
32290
32296
32319
32869
32927
33180
33448
33749
33831
34020
34169
34235
34300
34621
34708
34840
34884
34963
34996
35053
35078
35080
35098
35151
35325
35403
35447
35589
35651
35770
35860
35873
35909
35946
36051
36347
36506
36719
36726
36802
37390
37678
37777
37907
38444
39067
39449
39520
39669
39694
40069
40229
40276
40800
13
42
85
697
762
1507
1508
1547
1632
1798
1873
2302
2318
2443
2601
2662
2747
2834
2836
2975
3069
3087
3093
3123
3204
3336
3350
3588
3823
3926
3935
3990
4023
4288
4409
4484
4520
4778
4819
4857
5025
5079
5082
5163
5185
5302
5615
5796
6046
6121
6167
6329
6375
6399
6469
6754
6864
6886
6933
7010
7126
7187
7231
7318
7345
8105
8224
8234
8238
8239
8372
8541
8563
8618
8712
8923
8951
9005
9066
9092
9242
9566
9612
9685
9697
9922
9946
10191
10492
10534
10541
10605
10677
10875
10977
10994
11000
11186
11190
11234
11598
11689
11732
11945
11973
12056
12368
12390
12457
12723
12746
13037
13077
13129
13445
13718
13785
13875
14193
14245
14688
14835
15304
15384
15423
15515
16114
16297
16380
16440
16492
16570
16644
16724
16761
17192
17327
17332
17344
17354
17563
17577
17626
17641
17910
17917
18175
18863
19216
19300
19353
19403
19913
19934
20015
20038
20507
20618
20751
20813
20963
21049
21078
21112
21148
21183
21184
21380
21549
21729
21935
22012
22321
22336
22519
22544
22710
22726
22894
22911
23043
23652
23660
23873
23948
24122
24216
24750
24835
24917
25018
25067
25334
25465
25600
25674
26232
26529
26978
27136
27155
27386
27815
27925
28005
28327
28592
29228
29245
29290
29410
29470
29722
29787
30051
30337
30406
31089
31103
31194
31394
31808
32177
32629
32730
33087
33278
33301
33623
33701
34109
34242
34622
34668
34896
35128
35184
35360
35546
35625
35633
35768
35912
35966
36021
36293
36327
36418
36481
36724
36881
37226
37409
37509
37593
37923
37935
38055
38225
38305
38508
38521
38638
38703
38811
38812
38889
38989
39084
39147
39468
39533
39574
40135
40231
40578
40650
40680
