11
382
507
756
792
819
951
1027
1076
1163
1197
1202
1217
1397
1440
1479
1480
1513
1671
1758
2037
2348
2572
2769
2917
3055
3532
3575
3773
3830
3937
3999
4264
4269
4387
4422
4428
4554
4602
4613
4639
4812
4870
5016
5074
5465
5503
6026
6165
6188
6313
6441
6477
6606
6654
6982
7040
7085
7147
7158
7362
7835
7963
7969
8079
8360
8424
8510
8535
8578
8594
8626
8644
8781
8833
9072
9154
9240
9524
9593
9998
10171
10271
10279
10593
10728
10889
10927
10942
11063
11204
11413
11515
11642
11665
11686
11829
12071
12073
12198
12245
12407
12690
12718
13029
13190
13361
13397
13726
13744
13833
13884
14144
14190
14516
14674
14844
14859
14886
14915
15174
15349
15710
16308
16398
16470
16860
16959
17067
17097
17155
17201
17265
17340
17444
17780
17969
18076
18115
18201
18256
18338
18359
18506
18580
18751
18794
18814
19151
19291
19312
19321
19422
19423
19525
19734
19799
19805
20024
20225
20334
20466
20506
20770
20876
21092
21123
21134
21157
21248
21747
21767
21821
22094
22297
22492
22763
22823
22862
22935
23240
23694
23890
23971
24033
24173
24340
24347
24375
24554
24571
24598
24689
24761
24831
25011
25470
25780
26040
26072
26277
26347
26455
26537
26561
26580
26901
26960
26971
26992
27163
27352
27593
27690
27719
27814
27833
28072
28473
28658
28783
28875
28931
29101
29304
29599
29606
29625
29644
29653
29836
29925
29963
30331
30598
30660
31004
31073
31087
31473
31637
31873
31882
31890
31893
32123
32217
32280
32290
33244
33448
34169
34246
34584
34794
34840
34884
34963
34996
35017
35024
35080
35098
35114
35151
35403
35407
35447
35651
35769
35770
35860
36051
36329
36599
37281
37302
37390
37678
37840
38036
38103
38274
38605
38950
38999
39205
39417
39487
39520
39577
39694
39939
40069
40074
40229
40309
40342
117
120
346
762
1111
1507
1508
1739
1798
2253
2443
2452
2737
2747
2810
2836
2936
3067
3069
3087
3336
3350
3495
3572
3588
3926
3927
3935
4288
4409
4520
4529
4819
4857
4975
4991
5052
5079
5082
5096
5144
5168
5443
5451
5473
5792
5796
6046
6121
6158
6194
6307
6329
6579
6864
6886
7010
7074
7187
7318
7345
7503
7710
8105
8123
8224
8234
8239
8304
8533
8615
8713
9005
9685
9718
10077
10605
10626
10677
10984
10994
11041
11087
11095
11186
11190
11247
11562
11598
11732
11945
12122
12302
12310
12368
12390
12723
13445
14245
14416
14688
14745
14899
14920
15132
15203
15304
15348
16093
16228
16297
16320
16492
16493
16570
16574
16761
16913
17306
17327
17344
17354
17424
17500
17568
17626
18891
19333
19353
19403
19614
19913
19934
20038
20056
20134
20136
20286
20337
20406
20751
20813
20860
21049
21078
21112
21148
21183
21412
21455
21468
21481
21510
21549
21935
22012
22036
22888
22894
22911
23043
23205
23408
23948
23967
23990
24216
24427
24498
24721
24750
25018
25297
25334
25368
25946
26232
26542
27136
27198
27210
27386
27917
27925
28038
28210
28511
28769
29228
29290
29401
29410
29470
29508
29722
30008
30082
30337
30764
31103
31165
31202
31659
31997
32004
32197
33087
33301
33337
33701
34242
34369
34628
34896
34931
35128
35360
35371
35392
35541
35625
35633
35912
35957
35966
36021
36293
36418
36724
36881
37016
37226
37369
37418
37593
37815
37889
37913
37923
37927
38055
38226
38388
38508
38638
38811
38812
38889
39533
39978
40135
40151
40231
40537
40575
40578
40609
40650
40680
40784
