11
382
719
951
1027
1076
1094
1163
1197
1202
1492
2066
2104
2348
2572
2769
2784
2892
2917
3124
3451
3575
3816
3830
3908
3999
4264
4268
4269
4422
4428
4602
4613
4772
4812
4870
4979
5022
5074
5465
5812
5873
6026
6165
6441
6537
6606
6711
7040
7085
7147
7158
7963
8253
8291
8360
8424
8480
8510
8644
8976
9154
9524
9738
9809
9979
10171
10593
10687
10777
10867
10889
10927
10942
11063
11277
11413
11553
11642
11665
11686
12198
12245
12346
12407
12474
12493
12512
12609
12631
13029
13060
13175
13190
13203
13210
13397
13518
13624
13709
13744
13833
14306
14363
14516
14538
14666
14674
14844
14915
15710
16254
16293
16308
16411
16470
16860
16959
16968
17067
17097
17155
17265
17444
17780
18751
18794
18814
18872
19008
19151
19225
19291
19422
19525
19624
19734
19799
19805
19903
20024
20104
20466
20537
20770
20778
20876
20938
21004
21092
21167
21248
21268
21287
21312
21747
21770
22094
22492
22528
22547
22763
22821
22823
22935
23867
24033
24173
24289
24340
24347
24684
24761
24866
24982
25011
25324
25470
25780
26277
26347
26480
26715
26901
26958
26960
26992
27163
27352
27402
27548
27569
27593
27748
28072
28122
28658
28759
28875
28982
29101
29403
29599
29653
29925
29936
29963
30040
30331
30347
30481
30598
31087
31392
31473
31601
31637
31873
31882
31890
31893
32005
32217
32280
32485
32908
32931
33244
33749
33831
33965
34169
34235
34246
34584
34818
34840
34907
35017
35024
35078
35080
35098
35151
35325
35424
35589
35651
35770
35873
35909
36051
36506
36599
36726
36757
37281
37302
37800
37840
37907
37931
38013
38103
38222
38255
38605
38887
38950
38983
38999
39067
39205
39487
39520
39572
39577
39587
39669
39843
39939
40025
40055
40069
40074
40229
40342
40428
13
42
117
120
231
369
1088
1111
1507
1739
1798
2302
2318
2452
2747
2810
2834
2936
2975
3069
3087
3093
3336
3350
3396
3927
3990
4023
4245
4456
4484
4857
4919
4975
5025
5044
5052
5163
5324
5443
5796
6121
6158
6201
6307
6469
6705
6754
6864
6933
7064
7074
7164
7231
7503
7710
7717
8010
8234
8238
8372
8408
8615
8618
8691
8712
8880
8951
9066
9161
9242
9456
9550
9566
9624
9697
9922
9946
10605
10875
10977
11000
11186
11190
11247
11380
11598
11689
11732
11748
12302
12390
12723
13099
13109
13129
13445
13875
14041
14193
14245
14416
14901
14920
15066
15132
15348
15424
15515
15697
15922
16093
16114
16228
16297
16380
16434
16440
16570
16724
16913
16958
17136
17327
17332
17354
17424
17500
17563
17729
18052
18175
18863
18882
19216
19333
19353
19614
19913
20015
20056
20134
20136
20286
20293
20344
20664
20751
20860
21203
21380
21412
21488
21729
22012
22036
22274
22321
22544
22710
22726
22888
22911
23043
23205
23408
23652
23929
24169
24427
24498
24750
24867
24980
25018
25067
25297
25600
25674
26137
26232
26267
26845
27221
27353
27386
27801
27815
27839
28005
28038
28210
29228
29245
29401
29470
29508
29722
29787
30008
30082
30169
30337
30764
31103
31165
31202
31394
31659
31875
31933
32004
32177
32197
32454
32629
32844
33033
33337
33623
33701
34011
34109
34325
34369
34372
34622
34628
34931
35056
35128
35278
35342
35392
35912
35957
36021
36296
36319
36418
36594
36724
37239
37311
37409
37696
37889
37927
38081
38219
38225
38226
38305
38521
38638
38703
38812
38889
39084
39147
39375
39455
40185
40231
40457
40563
40575
40606
40650
40784
