11
40
507
719
756
792
819
951
1027
1076
1163
1397
1440
1513
1535
2066
2348
2459
2572
2858
2861
2892
3160
3382
3383
3391
3532
3937
3999
4185
4268
4269
4387
4422
4554
4870
4979
5022
5074
5148
5355
5466
5760
5811
5873
6165
6441
6982
7362
7435
7835
7963
7969
8060
8079
8253
8510
8566
8644
8781
8976
9023
9047
9072
9120
9524
9593
10129
10271
10344
10725
10777
10927
10942
11154
11277
11515
11642
11658
11686
12375
12474
12512
12631
12690
12718
12893
12955
12985
13104
13121
13126
13203
13210
13314
13361
13469
13518
13790
14144
14306
14308
14363
14538
14599
14674
14844
14886
14915
15059
15349
15710
16254
16293
16308
16398
16411
16463
16603
16697
16959
17291
17340
17732
17780
17934
17969
18076
18115
18201
18338
18359
18506
18794
18814
19151
19422
19525
19903
20024
20225
20334
20491
20778
20876
21004
21134
21287
21312
21411
21770
21821
22094
22470
22547
23080
23867
23890
23971
24033
24173
24340
24571
24761
24831
24866
25192
25324
25780
25801
26537
26580
26901
26951
26958
26960
27065
27163
27195
27352
27372
27719
27725
27748
27806
27814
28122
28658
28759
28776
28875
29101
29599
29601
29644
29760
29836
29925
29936
29963
30347
30441
30481
30660
31019
31087
31097
31271
31473
31592
31893
32123
32152
32280
32296
32908
33244
33274
33448
33749
33762
33831
33833
33965
34039
34169
34708
34840
34884
34963
34996
35078
35098
35114
35325
35364
35379
35407
35447
35769
35770
35860
35946
36051
36082
36329
36599
36802
37281
37302
37931
38036
38222
38444
38887
38950
38983
38999
39067
39459
39474
39520
39577
39587
39694
40055
40074
40342
40432
40773
13
42
85
117
219
302
369
762
1088
1111
1181
1507
1508
1547
1632
1798
2302
2443
2662
2737
2834
2836
2936
2975
3069
3113
3204
3350
3572
3823
3990
4023
4245
4288
4363
4409
4520
4975
4991
4995
5025
5052
5096
5163
5185
5250
5661
5792
5796
5979
6046
6167
6307
6329
6399
6469
6864
6886
6933
7164
7187
7231
7318
7345
7586
8010
8217
8224
8234
8239
8304
8615
8712
9066
9161
9173
9242
9256
9566
9612
9624
9697
9718
9922
9946
10077
10191
10534
10605
10677
10984
11000
11041
11247
11380
11748
12056
12122
12302
12368
12390
12746
13037
13109
13129
13785
14039
14041
14193
14688
14745
14920
15132
15304
15423
15697
16093
16108
16114
16228
16493
16574
16761
16913
16958
17306
17327
17354
17360
17424
17500
17563
17577
17641
17729
17910
18668
18863
18891
19216
19353
19403
19690
19934
19974
20015
20038
20056
20134
20136
20293
20344
20507
20600
20813
20827
21078
21183
21184
21468
21510
21729
21935
22321
22519
22544
22710
22888
22911
23043
23180
23205
23408
23620
23660
23873
23929
23948
24216
24427
24721
24750
24955
24980
25018
25067
25368
25465
25600
25674
25686
25946
26232
26267
26529
26845
27155
27198
27210
27353
27386
27521
27680
27801
27815
28005
28327
28511
28769
29228
29245
29410
29508
29787
30051
30082
30169
30337
30406
31103
31194
31202
31659
31765
31933
31997
32629
32771
33301
33701
34106
34192
34610
34622
34628
34896
34923
34931
35056
35128
35327
35342
35360
35392
35541
35633
35768
35912
35966
36175
36293
36296
36319
36327
37239
37311
37409
37509
37560
37815
37889
37913
37923
37927
37935
38219
38225
38388
38521
38703
38811
38812
38889
39084
39147
39375
39468
39533
39866
39978
40135
40395
40457
40537
40575
40578
40606
40680
