11
40
382
507
951
1027
1076
1197
1202
1217
1480
1492
1535
2003
2336
2348
2459
2493
2572
3124
3160
3382
3383
3532
3575
4422
4428
4602
4870
5022
5074
5148
5355
5465
5503
5811
5812
5873
6441
6606
7085
7158
7261
7435
7835
7969
8480
8510
8578
8594
8644
8833
8976
9047
9120
9240
9524
9593
9695
9738
9809
10131
10171
10279
10344
10593
10687
10725
11154
11204
11225
11277
11515
11642
11665
11830
11965
12071
12073
12245
12407
12493
12512
12571
12631
12690
12718
12893
12955
13060
13104
13314
13518
13624
13709
13726
13742
13790
13833
14190
14228
14308
14666
14674
14859
14915
15059
15349
15534
15710
16398
16844
16860
17155
17201
17444
17732
17780
17969
18076
18115
18121
18201
18506
18794
19008
19151
19225
19291
19312
19321
19525
19624
19734
19799
19805
20024
20104
20225
20466
20491
20537
20770
20778
20938
21123
21134
21157
21248
21287
21312
21411
21612
21770
22010
22338
22470
22528
22763
22862
22935
23190
23240
23694
23867
24033
24289
24554
24652
24761
24807
24831
24866
24982
25011
25192
25780
26072
26277
26455
26480
26537
26715
26951
27065
27104
27195
27548
27569
27690
27814
27833
28072
28554
28658
28759
28931
28982
28990
29304
29588
29599
29601
29606
29644
29760
29836
29963
30040
30331
30449
30598
30660
31004
31087
31271
31473
31592
31601
31637
31873
31882
31890
31893
32005
32152
32931
33244
33274
33448
33831
33833
34020
34039
34169
34300
34367
34584
34621
34708
34907
35024
35053
35078
35080
35114
35407
35424
35447
35589
35769
35860
35946
36082
36329
36347
36506
36599
36719
36726
36757
37390
37777
38036
38103
38255
38273
38444
38628
38677
38887
39067
39082
39205
39417
39474
39572
39577
39587
40025
40069
40229
40773
31
117
120
219
302
342
762
1181
1507
1547
1798
2253
2318
2575
2601
2747
2810
2834
2936
3067
3087
3113
3204
3818
3927
4023
4363
4456
4484
4520
4529
4778
4819
4919
4991
4995
5044
5052
5185
5302
5473
5615
5745
6121
6167
6201
6329
6399
6933
7064
7074
7126
7164
7187
7231
7318
7503
8010
8105
8123
8234
8238
8239
8304
8372
8408
8481
8615
8618
8691
8712
8923
8951
9161
9242
9256
9456
9718
9922
9935
9946
10191
10492
10534
10626
10677
10977
10994
11041
11087
11095
11190
11234
11247
11380
11562
11689
11748
11973
12056
12302
12345
12368
12457
12746
13037
13077
13099
13109
13129
13875
14416
14835
14899
14901
15203
15304
15384
15423
15697
15922
16093
16108
16114
16228
16380
16493
16570
16574
16724
16761
17192
17354
17360
17424
17500
17641
17729
18175
18668
18977
19216
19300
19614
19690
19913
19934
19974
20038
20056
20134
20136
20286
20337
20344
20406
20600
20618
20664
20813
20827
21148
21184
21380
21385
21481
21488
21510
21712
21935
22012
22274
22321
22544
22726
22888
23205
23408
23494
23652
23873
23948
23967
24867
24917
25018
25067
25297
25368
25674
25686
25946
26137
26267
26542
26978
27136
27221
27521
27839
27917
27925
28038
28208
28210
28592
29228
29290
29470
29722
30051
30337
30764
30967
31089
31659
31765
31997
32004
32098
32629
32730
32771
32844
33033
33494
33701
34325
34369
34610
34628
34896
34923
35184
35278
35541
35625
35633
35768
35912
35957
36293
36296
36594
36845
37226
37239
37311
37409
37509
37560
37593
38508
38638
38703
38889
39084
39147
39375
39455
39468
39574
39866
40135
40185
40231
40395
40457
40537
40563
40578
40609
40631
40650
40784
