11
996
1027
1076
1163
1197
1217
1440
1480
1492
1535
1671
2037
2348
2493
2553
2572
2769
2858
2892
2917
3055
3383
3391
3532
3575
3773
3937
4185
4282
4554
4613
4639
4870
4979
5016
5022
5024
5355
5465
5503
6165
6190
6441
6606
6711
6982
7040
7362
7963
8079
8510
8566
8578
8833
9047
9072
9120
9154
9524
9654
9695
9795
9979
9998
10129
10593
10777
10889
10927
11139
11277
11413
11515
11553
11686
11711
11764
12071
12073
12198
12346
12474
12512
12571
12609
12631
12718
12893
12985
13060
13121
13135
13203
13210
13397
13469
13518
13624
13790
13833
13884
13986
14301
14538
14674
14915
15059
15480
15710
16254
16398
16411
16463
16603
16844
16860
17265
17340
17732
17934
18076
18121
18201
18472
18506
18751
19151
19229
19321
19525
19799
19805
20024
20225
20334
20938
21004
21092
21157
21268
21312
21411
21612
21770
21821
22094
22136
22297
22338
22470
22528
22547
22763
22935
23080
23190
23867
23890
24033
24289
24340
24347
24571
24652
24684
24761
24831
24866
25192
25324
25470
25801
25820
26561
26580
26715
26951
26958
26960
27065
27104
27163
27195
27690
27725
27748
27814
27833
28122
28473
28658
28783
28875
28931
28982
29101
29304
29403
29588
29599
29606
29625
29644
29760
29936
29963
30040
30331
30449
30660
30697
31019
31073
31087
31097
31271
31392
31473
31519
31592
31873
31882
31890
32123
32135
32152
32217
32280
32296
32927
32931
33244
33274
33448
33762
33815
33831
33833
34246
34300
34621
34818
34840
35017
35024
35080
35255
35364
35379
35403
35407
35447
35589
35860
35909
36329
36506
36726
36802
37281
37302
37678
38103
38255
38605
38628
38887
38950
38983
39205
39310
39459
39474
39487
39520
39572
39587
39669
39694
39939
40428
40773
13
42
85
231
1111
1507
1508
1632
1739
1798
1873
2318
2601
2737
2747
2810
2834
2975
3067
3113
3123
3588
3823
3927
4023
4245
4409
4529
4778
4819
4919
4975
5025
5044
5052
5168
5250
5443
5473
5615
5661
5745
5792
5979
6121
6158
6167
6194
6201
6375
6469
6579
6705
6886
6933
7010
7064
7126
7231
7345
7503
7717
8010
8238
8239
8304
8372
8408
8563
8615
8712
8713
8923
9066
9161
9173
9242
9456
9566
9612
9935
10077
10534
10541
10677
10741
10875
10994
11000
11041
11087
11095
11186
11190
11247
11380
11562
11598
11689
11748
11945
11973
12056
12122
12302
12390
12723
13037
13109
13785
14899
15132
15348
15423
16114
16228
16297
16320
16380
16434
16493
16570
16574
16913
16958
17192
17332
17344
17424
17500
17568
17577
17729
17910
18052
18175
18882
18977
19300
19403
19614
19913
19974
20015
20134
20136
20293
20337
20344
20600
20664
20751
20813
20827
20860
21049
21148
21183
21184
21380
21488
21510
21549
21712
21729
21935
22036
22274
22321
22336
22519
22544
22710
22726
22894
22911
23043
23494
23620
24169
24498
24750
24867
24955
24980
25334
25465
25600
25946
26232
26267
26529
26542
26845
27136
27155
27198
27221
28038
28208
28210
28327
28511
28592
28800
29245
29290
29410
29508
29787
30082
30764
31103
31165
31394
31659
31765
31808
31875
31933
31997
32454
32629
32771
33278
33301
33337
33494
33515
33701
34192
34325
34668
34896
35056
35128
35184
35278
35327
35541
35546
35625
35912
36021
36175
36319
36418
37226
37239
37418
37560
37714
37815
37889
37913
37923
37927
37935
38225
38521
38703
38789
38811
38889
39468
39533
39574
39866
39978
40151
40231
40395
40575
40578
40650
