40
756
819
951
996
1027
1060
1202
1412
1479
1513
1535
2003
2037
2066
2104
2459
2553
2769
2858
2861
2917
3055
3160
3382
3383
3391
3451
3623
3816
3830
3908
3937
3999
4422
4428
4639
4812
4870
5074
5355
5466
5503
5811
5873
6190
6313
6441
6477
7040
7362
7435
7835
8079
8480
8510
8578
8626
8644
9072
9240
9524
9593
9654
9695
9795
9809
9998
10129
10271
10279
10725
10889
10927
11063
11139
11225
11515
11642
11711
11965
12245
12346
12375
12407
12474
12512
12690
12718
12893
13060
13121
13126
13299
13469
13744
13833
13884
14228
14301
14306
14363
14844
14886
15059
15480
16293
16398
16411
16463
16470
16603
16959
16968
17067
17155
17522
17732
17780
17934
18076
18121
18201
18338
18506
18751
18814
18872
19008
19225
19229
19291
19321
19422
19423
19525
20024
20491
20506
20537
20770
20778
20876
21004
21092
21167
21287
21411
21612
21770
22010
22094
22492
22547
22823
22862
23080
23694
23867
23971
24173
24340
24375
24761
24807
24982
25011
25324
25780
25820
26040
26072
26269
26480
26537
26561
26580
26951
26960
26971
27104
27163
27402
27569
27690
27806
28072
28658
28875
28931
29101
29152
29304
29599
29606
29760
29836
29925
29963
30107
30347
30481
30598
30660
30697
31004
31073
31087
31271
31392
31473
31592
31637
31873
32005
32123
32135
32217
32296
32869
32927
32931
33180
33274
33448
33749
33833
34020
34039
34169
34235
34300
34367
34584
34621
34840
34884
34907
34966
35053
35078
35151
35325
35379
35407
35424
35589
35651
35946
36051
36082
36599
36719
36726
37281
37302
37390
37777
37907
37931
38222
38255
38887
38999
39205
39310
39449
39459
39474
39487
39520
39577
39587
39669
39694
39939
40025
40069
40309
40428
40432
40800
85
120
219
231
302
369
1111
1181
1507
1508
1547
1632
1873
2253
2318
2662
2737
2836
2936
3087
3123
3350
3396
3495
3572
3823
3926
4675
4919
5025
5044
5052
5096
5144
5163
5168
5324
5473
5661
5856
6046
6201
6375
6399
6469
6754
6886
7074
7164
7318
7503
7586
8010
8105
8123
8217
8224
8238
8304
8372
8533
8541
8563
8615
8618
8712
8713
8880
9005
9066
9161
9173
9242
9256
9550
9612
9624
9685
9697
9718
9922
10077
10191
10492
10534
10741
10875
10977
10984
11000
11186
11732
11748
12056
12122
12345
12390
12457
13129
13445
13718
14041
14193
14245
14416
14942
15203
15348
15384
15424
15922
16108
16114
16320
16434
16440
16493
16574
16644
16724
16913
17192
17344
17563
17626
17641
17729
18052
18175
18863
18882
19333
19403
19690
19913
19934
19974
20038
20134
20136
20293
20406
20600
20751
20813
20860
20963
21112
21148
21184
21385
21412
21455
21488
21712
21935
22012
22036
22336
22544
22726
22888
22911
23180
23620
23652
23660
23929
23967
24122
24169
24427
24498
24835
24917
24955
25297
25465
26267
26529
26542
26845
26978
27155
27198
27210
27521
27680
27801
27839
27868
27925
28005
28210
28511
28592
28769
28878
29245
29290
29508
29787
30051
30082
30169
30337
30406
30764
31202
31394
31875
32004
32197
32454
32844
33033
33087
33301
33515
33623
34242
34325
34369
34622
34896
35056
35128
35184
35327
35342
35391
35392
35541
35625
35633
35768
35912
36175
36293
36319
36327
36418
36481
36594
36881
37016
37226
37311
37369
37409
37418
37509
37560
37815
37889
37913
37927
38055
38225
38226
38305
38508
38789
38811
38889
38989
39127
39375
39455
39468
39533
40185
40537
40575
40631
40680
