40
719
819
1076
1094
1163
1202
1412
1480
1492
1513
1758
2003
2104
2348
2493
2553
2769
2858
2861
2917
3382
3383
3391
3451
3532
3575
3816
4269
4422
4428
4554
4602
4613
4812
4870
4979
5016
6165
6188
6190
6441
6517
6654
6711
7040
7085
7158
7835
7969
8060
8079
8360
8424
8535
8566
8578
8594
8644
9023
9072
9154
9593
9654
9738
10593
10725
10728
10867
11225
11277
11515
11609
11642
11658
11686
11764
11830
11965
12071
12407
12512
12571
12690
12718
12985
13060
13104
13397
13624
13790
13884
13986
14091
14228
14306
14308
14363
14666
14844
14859
14886
15059
15480
16254
16398
16463
16844
16968
17097
17155
17265
17934
18121
18506
18751
19008
19151
19225
19229
19291
19422
19624
19799
19903
20024
20466
20491
20506
20537
21123
21134
21157
21167
21747
21770
21821
22010
22094
22246
22297
22418
22528
22763
22821
22823
22935
23080
23240
23971
24033
24173
24340
24375
24571
24652
24684
24689
24761
24982
25192
25470
25780
25801
26072
26269
26347
26455
26480
26537
26901
26951
26960
27065
27195
27569
27593
27725
27806
27833
28072
28122
28759
28931
28982
29152
29304
29588
29599
29601
29606
29625
29653
29925
29963
30347
30481
30697
30824
31087
31271
31519
31601
31637
31882
31890
32135
32217
32280
32319
32485
32869
32927
32931
33244
33274
33762
33831
33833
34017
34020
34169
34246
34367
34621
34708
34884
34907
34963
34966
35017
35053
35078
35080
35098
35151
35364
35407
35424
35447
35589
35651
35873
36051
36506
36599
36757
36802
37302
37390
37678
37777
37931
38103
38255
38273
38444
38628
38677
38887
38950
39082
39310
39417
39459
39474
39487
39577
39669
39694
39843
40074
40276
40428
40432
31
42
85
302
346
697
762
1088
1111
1181
1547
1632
1798
2253
2302
2452
2662
2747
2810
2836
2936
2975
3067
3087
3113
3123
3396
3572
3588
3818
3823
3926
4023
4363
4484
4520
4675
4778
4819
4919
4975
4991
5044
5082
5096
5163
5250
5302
5451
5615
5661
5745
5856
6046
6375
6469
6579
7126
7164
7187
7231
7318
7345
7586
7710
8105
8123
8217
8224
8234
8481
8533
8618
8712
8713
8923
8951
9005
9092
9161
9242
9550
9612
9718
9946
10077
10492
10541
10605
10626
10741
10875
10905
10977
11087
11095
11186
11190
11234
11380
11598
11689
11945
11973
12122
12302
12310
12368
12457
12723
13037
13099
13109
14245
14416
14688
14745
14835
14901
15132
15203
15304
15348
15384
15423
15922
16380
16434
16440
16492
16574
16761
16913
16958
17136
17192
17306
17327
17360
17424
17500
17563
17568
17729
18668
18863
19300
19934
20134
20136
20293
20337
20600
20618
20664
20751
20827
21049
21112
21148
21183
21380
21412
21510
21549
21712
21935
22036
22336
22519
22726
22888
22894
23043
23180
23205
23620
23652
23873
23967
24169
24721
25018
25334
25368
25946
26137
26845
26978
27198
27210
27221
27353
27815
27839
27925
28038
28210
28511
28800
28918
29290
29401
29410
29508
29787
30051
30082
30169
30337
30474
31089
31165
31194
31202
31394
31659
31765
31808
31875
31997
32098
32197
32454
32629
32771
33087
33278
33337
33515
33623
34011
34106
34628
34896
34923
34931
35278
35371
35391
35392
35541
35546
35625
35633
35912
36021
36293
36296
36319
36594
36845
37016
37226
37311
37409
37509
37593
37696
37815
37889
37913
37927
37935
38219
38225
38521
38638
38789
38889
39147
39375
39533
39574
40135
40151
40185
40231
40395
40575
40609
40631
40784
