11
382
507
951
1060
1076
1094
1217
1412
1440
1513
1758
2336
2348
2553
2784
2858
2892
2917
3055
3124
3160
3383
3451
3830
4387
4554
4602
4979
5016
5024
5074
5148
5355
5760
6026
6165
6188
6441
6477
6606
6654
6711
6982
7158
7362
7963
7969
8060
8480
8578
8626
8644
8781
8976
9023
9120
9524
9738
9795
9998
10131
10171
10271
10593
10867
11063
11139
11154
11515
11665
11686
11711
11829
12071
12346
12375
12474
12512
12609
12631
12690
12893
13121
13126
13299
13361
13518
13884
13986
14091
14144
14190
14301
14306
14363
14516
14599
14674
14844
14859
14886
15349
15534
16254
16293
16308
16398
16411
16603
16959
17097
17155
17265
17444
17780
18076
18115
18472
18506
18751
19008
19229
19312
19321
19423
19525
19805
20104
20225
20334
20491
20770
20778
20876
21004
21092
21134
21157
21287
21312
21612
21747
21767
22014
22094
22136
22297
22338
22547
22935
23190
23240
23867
24173
24554
24571
24598
24652
24684
24689
24807
24982
25011
25192
25324
25801
26269
26347
26455
26561
26951
26958
27352
27372
27548
27593
27690
27719
27748
27806
27814
28072
28122
28554
28759
28783
28931
28982
29601
29625
29644
29836
29925
29936
29963
30172
30347
30449
30481
30660
30824
31004
31019
31519
31637
31890
32123
32152
32217
32290
32319
32485
32908
32931
33180
33274
33815
33831
34017
34169
34777
34818
34840
34907
35017
35024
35053
35080
35098
35364
35379
35407
35447
35651
35770
35860
35873
35909
36082
36347
36506
36719
36726
36802
37281
37302
37390
37777
37907
38103
38444
38605
38887
38950
38983
38999
39067
39310
39669
39694
40025
40069
40074
40309
40342
40428
40773
40800
13
31
85
117
120
219
231
369
697
762
1111
1547
1739
1798
2253
2302
2318
2452
2575
2580
2601
2810
2975
3069
3093
3113
3204
3336
3350
3572
3588
3818
3823
4023
4245
4288
4363
4456
4675
4819
4857
4975
5044
5052
5079
5096
5168
5250
5302
5324
5451
5796
6121
6307
6705
6754
6864
7010
7064
7164
7187
7503
7717
8010
8105
8234
8238
8239
8304
8372
8481
8541
8615
8618
8691
8712
8880
8923
9005
9161
9173
9456
9550
9612
9685
9697
9718
9922
10605
10741
10905
10984
11234
11247
11380
11689
11732
11748
11973
12056
12122
12302
12746
13037
13077
13099
13445
13718
13875
14416
14688
14890
14920
15066
15132
15203
15304
15348
15515
15697
16093
16108
16380
16434
16440
16492
16493
16570
16574
16761
16913
17306
17327
17332
17344
17354
17360
17424
17563
17577
17626
17910
17917
18668
18882
19216
19333
19353
19403
19690
19974
20015
20134
20293
20337
20507
20600
20618
20751
20827
20860
20963
21049
21078
21148
21184
21380
21385
21412
21481
21488
21510
21549
21729
21935
22036
22274
22519
22544
22726
22888
22894
22911
23043
23205
23494
23652
23929
23948
24122
24427
24498
24750
24917
24955
25067
25297
25368
25600
25686
25946
26137
26267
26529
26845
26978
27136
27221
27353
27521
27801
27815
27839
28327
28800
28878
29327
29410
29470
29722
29787
30051
30169
30764
31103
31194
31659
31808
31997
32004
32177
32197
32454
32629
32844
33337
33515
33623
34011
34106
34192
34242
34622
34628
34923
34931
35056
35128
35278
35327
35360
35371
35391
35392
35541
35768
35957
36021
36293
36724
36881
37016
37226
37239
37311
37560
37714
37815
37923
37935
38055
38388
38508
38521
38789
38811
38812
38989
39455
39533
40135
40457
40537
40563
40578
40609
40650
40680
40784
