11
40
507
819
996
1060
1076
1163
1197
1217
1412
1479
1480
1492
1671
2003
2104
2348
2553
2572
2769
2784
2917
3055
3160
3382
3575
3773
3999
4185
4264
4268
4387
4422
4428
4554
4602
4772
4812
4870
4979
5074
5466
5811
5812
5873
6188
6441
6477
6606
6654
7040
7261
7362
7963
8253
8360
8424
8510
8535
8578
8626
8781
8833
8976
9023
9120
9154
9240
9593
9695
9809
9979
9998
10129
10593
10725
10728
10777
10867
11063
11154
11204
11277
11553
11686
11764
11829
11830
12071
12073
12198
12245
12375
12407
12474
12493
12631
12718
12985
13029
13104
13175
13190
13203
13299
13314
13361
13397
13709
13742
13744
14091
14144
14228
14306
14599
14859
14886
15059
15534
15710
16254
16308
16398
16463
16603
16697
17097
17265
18115
18121
18256
18338
18359
18814
18872
19008
19151
19291
19799
19805
19903
20104
20334
20466
20770
20876
20938
21092
21268
21287
21312
21612
21770
22010
22094
22136
22246
22338
22418
22470
22528
22547
22763
22823
22862
22935
23971
24289
24340
24347
24554
24571
24598
24684
24761
24866
25011
25192
25820
26277
26347
26561
26901
26958
26960
27065
27104
27195
27352
27372
27402
27548
27725
27833
28072
28122
28473
28658
28759
28875
28931
28982
29152
29599
29601
29606
29625
29644
29963
30172
30331
30347
30449
30481
30598
30697
30824
31004
31019
31392
31473
31873
31882
31890
32005
32123
32217
32280
32290
32319
32485
32869
32927
33274
33749
33831
34017
34020
34169
34300
34794
34840
34907
34996
35024
35151
35255
35364
35447
35589
35770
35860
36082
36329
36347
36506
36599
36726
36757
37281
37678
37777
37800
38013
38274
38444
38605
38677
38983
38999
39205
39310
39449
39459
39474
39520
39694
39939
40309
40342
40428
13
31
42
85
120
231
302
1507
1632
1739
2253
2443
2452
2575
2662
2737
3069
3336
3495
3627
3926
3927
3935
3990
4023
4363
4409
4484
4520
4857
4919
4991
4995
5025
5079
5163
5168
5185
5250
5324
5451
5615
5792
5796
6167
6201
6329
6375
6469
6705
6754
7010
7064
7074
7164
7231
7318
7345
7586
7710
8105
8123
8234
8238
8372
8408
8563
8615
8618
8712
8713
8880
8923
9005
9092
9173
9242
9256
9624
9946
10191
10534
10541
10605
10677
11000
11041
11087
11247
11598
11689
11732
11748
11945
11973
12310
12368
12457
12723
12746
13037
13077
13109
13445
13718
13785
14039
14041
14245
14920
14942
15066
15132
15203
15348
15423
15515
16108
16297
16320
16492
16574
17136
17192
17306
17332
17344
17424
17500
17626
17641
17910
18668
18882
18977
19403
19913
20015
20056
20286
20293
20337
20344
20406
20751
20813
21078
21148
21184
21380
21385
21481
21549
21712
21729
22321
22544
22726
22911
23205
23408
23494
23929
23967
23990
24122
24169
24427
24721
24835
24867
24917
24980
25018
25067
25297
25368
25465
25600
25674
26137
27155
27521
27815
27839
27868
27917
27925
28208
28210
28511
28592
28800
28918
29228
29470
29508
29787
30082
30169
30337
30406
30764
31089
31659
31808
31875
32004
32098
32177
32197
33033
33278
33515
33623
34192
34242
34622
34628
34896
34931
35056
35128
35184
35278
35327
35342
35391
35392
35541
35546
35625
35633
35768
35966
36296
36319
36418
36594
37239
37369
37593
37889
37913
37923
37927
37935
38055
38081
38219
38226
38305
38388
38508
38638
38703
38789
38812
38889
38989
39127
39375
39455
39468
39533
39866
39978
40135
40185
40395
40457
40563
40578
40609
40680
