40
382
719
756
792
819
996
1027
1060
1163
1197
1397
1440
1479
1480
1492
1671
1758
2003
2037
2066
2104
2459
2769
2861
2892
3055
3124
3160
3382
3383
3451
3532
3623
3816
3830
3908
3999
4185
4268
4387
4428
4602
4772
4870
5074
5355
5466
5760
5873
6026
6165
6441
6477
6711
7085
7261
7362
7835
7969
8253
8360
8644
9023
9120
9240
9593
9695
9795
10129
10131
10171
10593
10725
10777
10889
10942
11204
11553
11609
11642
11658
11665
11711
11829
11965
12071
12073
12375
12407
12493
12718
12955
13029
13060
13104
13121
13190
13203
13361
13709
13790
13833
14144
14228
14308
14363
14599
15480
16398
16411
16470
16603
16844
16860
17155
17201
17291
17340
17444
17522
17732
18076
18256
18338
18472
18580
18751
19008
19151
19225
19229
19312
19321
19525
19624
19805
19903
20334
20466
20491
20506
20537
20770
21123
21268
21612
21767
21770
22010
22094
22470
22547
22823
23080
23190
23890
24033
24173
24289
24340
24554
24689
24807
24866
24982
25192
25324
25801
25820
26072
26269
26455
26561
26901
26951
26958
26960
27163
27195
27352
27372
27548
27593
27690
27806
27833
28072
28122
28473
28554
28658
28759
28776
28875
29403
29588
29606
29625
29925
29936
29963
30172
30331
30347
30598
30660
31004
31073
31097
31392
31592
31637
31873
31890
32005
32135
32152
32217
32280
32296
32869
33180
33244
33448
33762
33815
33833
34039
34300
34367
34584
34794
34818
34840
34884
34907
35024
35078
35098
35403
35447
35589
35651
35769
35860
35873
35946
36051
36347
36599
36802
37281
37390
37678
37777
37800
37907
38036
38222
38255
38274
38444
38887
38950
38983
39082
39205
39417
39459
39474
39587
39939
40055
40074
40229
40342
40428
40432
13
31
85
342
369
1088
1111
1739
2302
2318
2452
2575
2580
2601
2810
2834
2836
2936
3067
3069
3087
3113
3204
3336
3396
3627
3818
3823
4245
4363
4409
4456
4484
4778
4819
4857
4975
4995
5044
5079
5250
5302
5324
5443
5745
5796
5979
6046
6121
6194
6399
6754
6864
6886
6933
7074
7126
7164
7187
7717
8010
8123
8217
8239
8533
8541
8618
8691
8713
8880
9005
9066
9173
9242
9256
9456
9550
9566
9697
9718
9935
10077
10191
10492
10534
10605
10741
10905
10984
10994
11087
11095
11190
11562
11598
11732
12056
12302
12310
12345
12390
12746
13077
13109
13718
14039
14835
14899
14901
14942
15066
15132
15203
15304
15348
15515
15697
16297
16320
16492
16570
16574
16761
17306
17360
17424
17568
17910
18175
18863
18882
18891
18977
19300
19333
19403
19614
19690
19913
19934
20015
20038
20134
20136
20286
20293
20337
20507
20618
20664
20751
20813
20963
21112
21148
21183
21380
21385
21412
21455
21481
21549
21712
21729
21935
22036
22321
22336
22519
22710
22888
22894
23180
23494
23620
23948
23967
23990
24122
24216
24427
24750
24867
24955
24980
25018
25067
25297
25368
25465
25674
26137
26267
26845
27136
27155
27198
27210
27221
27353
27386
27521
27680
27815
27839
27868
28005
28210
28592
28800
28878
29245
29290
29327
29787
30169
30337
30406
30764
31089
31103
31165
31194
31394
31875
32177
32197
32629
32730
33087
33337
33494
33623
33701
34106
34242
34325
34369
34622
35128
35184
35327
35342
35360
35371
35392
35541
35768
35912
35966
36175
36296
36327
36594
37409
37560
37696
37815
37889
37923
37927
38055
38219
38226
38305
38638
38789
38812
38889
38989
39147
39455
39468
40151
40231
40457
40537
40680
40784
