40
507
719
756
819
951
996
1027
1060
1076
1094
1163
1202
1217
1479
1480
1513
1535
1671
1758
2003
2066
2493
2769
2858
2892
3451
3532
3575
3773
4185
4264
4268
4269
4613
4639
4772
4812
4870
5016
5465
5466
5503
5760
6165
6188
6313
6441
6477
6517
6711
7040
7085
7158
7963
7969
8060
8253
8360
8480
8510
8535
8578
8781
8833
8976
9023
9047
9240
9654
9695
9738
9809
9998
10271
10687
10728
10942
11139
11225
11413
11665
11686
11764
11965
12071
12073
12198
12245
12407
12493
12571
12609
12690
12718
12985
13029
13060
13121
13126
13175
13190
13314
13361
13397
13709
13742
13744
13790
14144
14190
14306
14516
14666
14859
14915
15480
15710
16254
16293
16308
16463
16603
17201
17340
17522
17732
17780
17934
17969
18201
18256
18580
18751
19008
19151
19225
19229
19422
19734
19805
20104
20334
20876
21123
21134
21157
21287
21612
21747
21767
21770
21821
22010
22136
22246
22297
22338
22418
22492
22763
22821
22823
22862
22935
23080
23694
24173
24289
24340
24554
24761
24807
24831
25192
25801
26269
26277
26347
26580
26715
26971
27163
27195
27352
27402
27569
27690
27725
27748
27814
28554
28783
28875
28931
28990
29152
29304
29403
29606
29644
29963
30040
30107
30172
30347
30449
30481
30598
30824
31004
31592
31890
32135
32152
32290
32485
32908
32931
33448
33762
33831
34020
34039
34246
34584
34621
34708
34884
34996
35017
35053
35080
35255
35364
35379
35403
35407
35589
35873
35909
36051
36329
36347
36506
36726
36757
36802
37281
37678
37800
37840
37931
38036
38103
38444
38605
38628
38887
38999
39082
39205
39459
39487
39520
39572
39577
39587
40025
40055
40069
40074
40276
40342
40428
40773
40800
85
117
120
231
302
697
762
1111
1181
1547
1798
2253
2302
2318
2452
2662
2747
2810
2836
2975
3069
3087
3093
3113
3123
3336
3396
3935
4245
4363
4778
4857
4975
4991
4995
5025
5044
5082
5144
5163
5168
5185
5250
5324
5443
5473
5745
5856
6121
6167
6194
6201
6307
6375
6399
6469
6579
6754
6864
7064
7126
7164
7187
7231
7717
8217
8234
8304
8372
8541
8563
8618
8691
8712
9005
9066
9173
9256
9624
9718
9922
10077
10191
10534
10605
10626
10677
10875
10984
11000
11087
11095
11186
11380
11945
11973
12056
12302
12457
12723
12746
13037
13077
13099
13109
14193
14245
14416
14688
14745
14835
14890
14899
14942
15132
15424
15515
15697
16228
16297
16320
16434
16440
16493
16644
16724
16761
16913
17136
17344
17354
17563
17568
17626
17641
17729
18668
18863
19333
19614
19690
19913
19974
20038
20136
20293
20337
20406
20664
20751
20827
20860
20963
21078
21183
21184
21385
21510
21712
21729
21935
22012
22036
22336
22519
22710
22726
22888
22894
23043
23205
23620
23660
23948
23967
24427
24498
24867
24955
24980
25018
25297
25334
25465
25600
25686
25946
26137
27136
27155
27221
27353
27680
27801
27839
27917
27925
28208
28327
28592
28769
28878
29228
29290
29327
29508
30008
30082
30169
30406
31103
31765
31933
31997
32177
32197
32730
32771
33213
33301
33337
33494
33623
33701
34106
34109
34192
34369
34896
34923
34931
35128
35278
35360
35371
35546
35625
35768
35966
36021
36293
36296
36418
36481
36594
36724
36845
36881
37016
37226
37239
37311
37418
37560
37714
37913
37923
37927
37935
38219
38305
38388
38508
38638
38703
38812
39084
39147
39455
39468
39574
39866
40135
40185
40231
40537
40563
40575
40609
40631
40650
