819
996
1027
1060
1094
1197
1397
1492
1535
1758
2104
2336
2493
2769
2784
2892
3382
3383
3532
3830
3999
4268
4387
4422
4613
4639
4772
4812
4870
5024
5074
5355
5503
5760
6190
6441
6477
6606
6654
6711
7040
7085
7261
7362
8360
8424
8566
8578
8626
8833
9072
9154
9524
9593
9695
9809
9998
10171
10279
10728
11063
11139
11154
11204
11413
11609
11642
11665
11711
11829
11965
12071
12407
12609
12631
12718
12893
13175
13190
13314
13361
13397
13469
13518
13709
13742
13744
13790
13833
13986
14091
14190
14228
14308
14516
14538
14599
14674
14844
15059
15480
15534
16254
16293
16308
16398
16411
16470
16697
16844
16959
17097
17201
17291
17340
17444
17522
17934
18115
18201
18256
18338
18359
18751
18872
19008
19291
19525
19624
19799
19805
19903
20104
20334
20491
20506
20778
20938
21157
21167
21248
21767
22010
22094
22136
22246
22470
22528
22547
22821
22823
23080
23694
23890
24033
24289
24347
24554
24571
24598
24684
24761
24831
24866
24982
25011
25192
25324
25470
25820
26269
26347
26561
26958
26992
27065
27352
27593
27690
27719
27748
27833
28072
28658
28759
28776
28783
28931
29152
29588
29599
29606
29653
29925
29936
30040
30107
30172
30331
30347
30441
30449
31019
31073
31087
31271
31601
31873
31882
32123
32135
32217
32280
32290
32296
32485
32927
33180
33749
33762
34017
34020
34039
34169
34235
34246
34300
34367
34584
34621
34794
34818
34840
34966
35017
35024
35080
35098
35255
35364
35379
35407
35769
35770
35860
35873
36051
36082
36347
36726
36802
37800
37907
38013
38103
38273
38628
38677
38887
38950
38983
38999
39067
39082
39449
39459
39577
39587
39669
39694
39939
40025
40069
40229
40342
40428
40432
40773
31
42
117
302
342
346
369
1507
1632
1798
1873
2253
2318
2575
2737
2810
2936
3067
3069
3123
3204
3572
3927
4409
4456
4675
4819
4857
4975
4991
5025
5052
5079
5144
5185
5250
5443
5451
5473
5615
5745
5792
5979
6046
6121
6158
6167
6201
6307
6329
6375
6399
6579
6705
6754
6864
6933
7064
7126
7187
7231
7318
7503
7586
7710
7717
8123
8217
8224
8234
8238
8239
8304
8541
8618
8712
8880
8923
8951
9005
9092
9161
9173
9256
9456
9550
9566
9612
9685
9697
9922
9946
10191
10492
10875
10905
10977
10984
11000
11380
11598
11689
11732
11748
12056
12302
12310
12345
13109
13875
14193
14245
14688
14835
14899
14901
14920
14942
15384
15423
15424
15697
15922
16114
16493
16724
16913
16958
17306
17327
17332
17344
17360
17424
17577
17626
17910
17917
18052
18977
19690
19934
19974
20038
20056
20136
20286
20337
20344
20600
20751
21078
21148
21184
21203
21385
21455
21481
21549
21712
22036
22321
22336
22519
22710
22726
23408
23494
23652
23660
23929
23948
24122
24427
24498
24867
24955
25067
25297
25334
25368
25600
25946
26137
26267
26529
26978
27155
27198
27210
27386
27521
27680
27815
27839
27868
28005
28038
28208
28210
28511
28592
28769
29228
29290
29327
29401
29410
30337
30474
31202
31394
31875
31933
31997
32098
32197
32730
32771
32844
33033
33087
33213
33278
33494
34011
34192
34325
34372
34622
34628
34668
35128
35342
35371
35391
35392
35633
35768
35912
35966
36021
36175
36296
36319
36724
36881
37311
37409
37418
37593
37696
37889
37913
37935
38081
38219
38225
38226
38508
38521
38638
38703
38789
38811
38812
38889
38989
39084
39574
39978
40151
40231
40395
40563
40578
40606
40631
40650
40680
