719
819
1076
1094
1163
1412
1480
1671
1758
2003
2037
2493
2572
2858
2861
3124
3160
3391
3532
3575
3623
3773
3816
3908
3937
3999
4185
4269
4554
4602
4639
4772
4979
5016
5760
5811
6026
6165
6188
6190
6441
6517
6537
6606
6711
7085
7158
7362
7435
7835
7969
8060
8291
8424
8566
8626
8644
8781
9023
9240
9695
9738
9795
9979
9998
10171
10271
10344
10725
10777
10942
11139
11204
11413
11515
11686
11711
11764
11829
12474
12493
12512
12571
12631
12718
12955
12985
13029
13104
13126
13175
13203
13397
13469
13726
13742
13744
13790
14091
14144
14190
14228
14306
14666
14844
14859
15349
15534
16254
16293
16398
16470
16603
16697
16844
16959
17097
17155
17265
17291
17522
17780
17934
17969
18121
18201
18338
18580
18794
18872
19008
19229
19291
19312
19422
19423
19734
19903
20024
20104
20491
20506
20537
20770
20938
21134
21157
21167
21268
21612
21747
21770
22010
22014
22094
22136
22246
22297
22338
22470
22492
22528
22547
22763
22821
22823
23190
23890
23971
24033
24289
24340
24375
24554
24652
24684
24689
24807
24866
24982
25470
26269
26455
26715
26951
27065
27352
27593
27690
27719
27814
27833
28072
28122
28554
28658
28759
28776
28783
28931
29304
29403
29588
29599
29601
29653
29836
29925
29936
30040
30331
30441
30481
30598
30697
31019
31097
31519
31873
31882
32005
32152
32280
32296
32319
33244
33274
33448
33749
33815
33831
34017
34039
34584
34777
34794
34818
34884
34907
34963
35017
35024
35053
35098
35151
35255
35403
35447
35589
35651
35769
35946
36051
36347
36506
36599
36726
36802
37302
37931
38036
38222
38255
38273
38444
38983
39082
39310
39474
39487
39572
39577
39587
39843
40025
40069
40229
40342
40428
40432
40773
85
117
120
219
302
342
697
762
1088
1111
1508
1547
1632
2253
2443
2575
2580
2662
2747
2975
3093
3113
3123
3396
3495
3588
3818
3823
3926
3927
4023
4245
4363
4520
4529
4778
4919
4975
4995
5025
5044
5052
5079
5082
5096
5144
5302
5451
5661
5856
5979
6158
6307
6329
6469
6933
7064
7126
7164
7187
7503
7710
8010
8217
8234
8238
8304
8533
8541
8563
8615
8618
8691
8713
8880
8951
9005
9092
9161
9173
9242
9550
9566
9624
9697
9946
10191
10605
10741
10905
10977
10984
10994
11041
11087
11095
11186
11247
11732
11945
12056
12122
12368
12390
12457
12746
13077
13875
14041
14835
15066
15132
15304
15423
15515
16093
16320
16492
16493
16574
16644
16724
16958
17327
17332
17344
17354
17360
17563
17568
17626
17641
17729
18052
18175
18882
19216
19333
19353
19614
19690
19913
20015
20056
20286
20293
20507
20618
20751
20827
20963
21112
21148
21183
21184
21203
21385
21412
21481
21488
21510
21712
21935
22012
22274
22710
22726
22888
22911
23408
23620
23652
23660
23873
23929
23990
24122
24427
24498
24721
24750
24835
24867
24980
25018
25297
25368
25465
25600
25946
26137
26267
26529
26845
27353
27521
27801
27925
28005
28210
28327
28592
28769
28878
28918
30008
30051
30406
30967
31194
31202
31808
32098
32197
32454
32629
32730
33033
33087
33213
33278
33494
33515
34011
34192
34325
34369
34622
34628
34668
34931
35056
35184
35278
35327
35371
35392
35541
35625
35633
35957
35966
36327
36418
36594
36724
36881
37239
37311
37593
37696
37714
37815
37889
37923
37927
38225
38226
38305
38508
38521
38638
38789
38811
38889
38989
39127
39866
39978
40135
40231
40395
40457
40575
40609
40631
40784
