40
996
1027
1202
1217
1397
1412
1440
1671
1758
2003
2037
2336
2348
2553
2769
2784
2892
2917
3055
3124
3382
3391
3451
3575
3773
3830
3908
3999
4185
4264
4387
4602
4870
5355
5466
5503
5811
5812
5873
6165
6188
6190
6313
6441
6537
6606
6654
6982
7085
7435
7963
7969
8253
8480
8578
8626
8833
8976
9047
9120
9240
9524
10171
10279
10344
10593
10725
10728
10777
10867
10889
10942
11063
11225
11277
11515
11609
11711
11965
12071
12198
12346
12375
12571
12631
12690
12893
13060
13121
13175
13190
13299
13361
13397
13469
13518
13709
13726
13884
13986
14091
14228
14516
14538
14859
15480
15534
15710
16293
16308
16398
16463
16470
16697
16860
16959
16968
17067
17155
17265
17291
17340
17522
17732
17780
17969
18121
18201
18359
18472
18506
18580
18794
18814
19229
19422
19423
19525
19734
20024
20104
20334
20466
20491
20770
20938
21004
21134
21167
21411
21612
21767
21821
22010
22014
22136
22528
22547
22821
22823
22935
23240
23694
23867
23890
24173
24340
24347
24375
24554
24571
24598
24652
24684
24689
24761
24866
24982
25011
25324
25780
25801
25820
26072
26537
26715
26901
26951
26958
26960
27104
27163
27593
27719
27725
27748
27806
27814
28072
28473
28759
28776
28931
29403
29588
29599
29606
29625
29644
29836
29963
30040
30331
30441
30449
30481
30660
30697
31097
31473
31519
31873
31890
31893
32152
32217
32296
32869
33180
33762
33815
34017
34020
34039
34235
34246
34584
34621
34708
34794
34884
34907
34963
34966
34996
35024
35053
35080
35114
35151
35255
35651
35873
35909
35946
36051
36329
36347
36599
36719
36757
37281
37390
37678
37777
37800
37840
37931
38013
38036
38255
38677
38950
38983
39067
39082
39205
39310
39417
39939
40055
40074
40342
13
31
42
117
120
219
231
302
697
762
1088
1111
1507
1632
1739
2318
2575
2580
2601
2662
2936
3067
3087
3572
3627
3927
3990
4288
4409
4520
4778
4975
4991
5044
5052
5185
5302
5661
5745
5792
5796
6201
6307
6579
7010
7074
7164
7187
7231
7345
7710
7717
8105
8123
8234
8239
8408
8481
8563
8615
8618
8923
9005
9161
9173
9242
9566
9922
9946
10077
10191
10492
10534
10677
10741
11095
11190
11234
11247
11380
11689
11732
11945
12056
12345
12368
12746
13037
13785
13875
14245
14416
14688
14745
14835
14899
14901
14920
15066
15132
15348
15424
15922
16093
16108
16228
16297
16320
16434
16440
16492
16574
16644
16724
16761
16913
16958
17136
17306
17327
17332
17354
17360
17424
17500
17568
17577
17641
17729
17910
18882
18977
19353
19614
19690
19913
19934
19974
20015
20038
20056
20134
20293
20337
20406
20618
20664
20751
20813
21049
21078
21112
21148
21184
21380
21412
21455
21549
21935
22012
22036
22274
22321
22544
22726
22894
23180
23408
23494
23873
23929
23948
23967
23990
24169
24427
24498
24835
24867
24917
24955
24980
25297
25334
25465
25674
25686
26529
26845
26978
27155
27198
27210
27221
27353
27386
27815
27839
27868
27925
28038
28208
28327
28592
28769
28918
29245
29290
29327
29410
30406
30474
30967
31089
31103
31194
31202
31394
31659
31808
31933
32197
32454
32629
32844
33087
33213
33337
33623
33701
34011
34109
34325
34668
34896
35056
35327
35360
35371
35392
35541
35957
36175
36293
36319
36418
36724
36845
37369
37418
37509
37696
37889
37927
38055
38225
38305
38388
38508
38789
38811
38812
38989
39375
39455
39468
40135
40231
40575
40578
40606
40631
40680
40784
