11
40
382
507
756
792
819
1027
1094
1163
1217
1397
1440
1479
1480
1535
2003
2104
2348
2459
2572
2784
2858
2861
2917
3055
3124
3383
3391
3532
3816
3908
3937
4185
4264
4269
4422
4428
4602
4870
4979
5148
5355
5466
5760
5811
5873
6188
6190
6313
6477
6517
6654
7147
7158
7261
7435
7963
8079
8291
8424
8480
8510
8535
8566
8578
8626
9023
9120
9154
9240
9593
9654
9795
9809
9979
10171
10271
10344
10728
10942
11154
11277
11553
11609
11642
11665
11686
11830
12071
12198
12346
12493
12512
12631
12690
12718
13029
13121
13126
13190
13203
13299
13726
13884
13986
14190
14306
14363
14538
15059
15174
15349
15710
16254
16308
16411
16463
16697
16844
16860
17155
17201
17291
17340
17444
17934
18115
18201
18256
18359
18472
18506
18751
18794
18814
19008
19151
19225
19229
19312
19321
19422
19423
19734
19799
20225
20537
20778
20876
20938
21123
21157
21248
21268
21821
22297
22338
22821
22862
23190
23890
24033
24289
24340
24375
24684
24689
24807
25011
25192
25324
25470
25780
25801
26455
26580
26951
26971
27104
27163
27195
27352
27372
27402
27548
27569
27690
27719
27725
27833
28473
28554
28658
28776
28982
29101
29152
29403
29599
29601
29625
29644
29653
29760
29925
29936
30107
30331
30697
31073
31097
31271
31392
31473
31890
32135
32280
32296
32319
32927
33180
33244
33274
33749
33831
33965
34020
34169
34300
34708
34840
34884
34907
35017
35080
35403
35424
35447
35651
35909
36051
36347
36599
36719
36726
36802
37281
37390
37678
37840
37907
38013
38273
38274
38444
38677
38887
38983
38999
39310
39417
39449
39474
39487
39520
39694
39939
40055
40069
40074
40229
40309
40342
31
42
120
219
369
697
762
1111
1508
1739
1798
2302
2443
2452
2601
2737
2747
2836
2936
2975
3069
3093
3204
3336
3572
3588
3818
3926
3927
3990
4245
4520
4529
4778
4819
5025
5044
5052
5096
5168
5250
5615
5661
5745
5796
5979
6046
6121
6158
6167
6307
6329
6375
6754
6864
6886
6933
7064
7126
7231
7318
7345
7503
7710
7717
8105
8234
8239
8304
8372
8713
9092
9242
9456
9550
9566
9685
9697
9718
9922
10077
10492
10534
10626
10875
10905
10977
10984
10994
11000
11186
11190
11234
11247
11380
11732
11973
12056
12122
12302
12310
12457
12746
13037
13077
13129
13445
13785
14041
14193
14416
14688
14835
14890
14901
14942
15304
15348
15384
15515
15922
16380
16440
16644
16724
16913
16958
17192
17306
17327
17344
17360
17424
17500
17626
18175
18882
18891
19216
19300
19333
19614
19974
20015
20038
20056
20136
20293
20337
20344
20600
20664
20827
20860
21049
21112
21184
21203
21380
21468
21729
21935
22012
22036
22336
22519
22544
22710
22726
22888
22894
22911
23043
23494
23620
23652
23948
23967
24122
24169
24427
24835
24867
24917
24955
25018
25067
25368
25600
25686
25946
26267
26529
26542
27136
27155
27198
27210
27353
27386
27815
27868
27917
28005
28038
28208
28210
28511
29228
29290
29401
29410
29470
29722
30008
30051
30169
30337
30406
30474
31089
31659
31765
31933
32004
32454
32730
32844
33033
33278
33301
33515
33623
34011
34106
34192
34325
34369
34610
34896
34931
35184
35278
35327
35342
35541
35625
35768
35912
36175
36319
36327
36418
36594
37226
37239
37369
37696
37714
38055
38219
38225
38226
38305
38388
38521
38638
38889
38989
39084
39127
39147
39375
39468
39866
39978
40135
40151
40231
40395
40563
40575
40578
40631
