11
382
719
819
996
1027
1060
1163
1202
1397
1440
1480
1535
1671
1758
2003
2066
2336
2459
2493
2553
3124
3160
3382
3383
3391
3451
3532
3623
3816
3937
4268
4282
4387
4422
4554
4602
4772
5016
5074
5148
5355
5466
5760
5811
5873
6190
6313
6441
6477
6537
6606
6654
6982
7158
7835
7963
8060
8291
8360
8424
8510
8833
8976
9023
9047
9240
9524
9593
9695
9738
9979
9998
10129
10171
10344
10593
10728
10777
10889
10927
10942
11139
11515
11642
11665
11686
11711
11764
11829
11830
11965
12071
12198
12375
12474
12571
12631
12690
12893
12985
13029
13060
13126
13190
13210
13299
13361
13397
13469
13518
13624
13726
13790
13884
13986
14144
14190
14228
14301
14306
14363
14516
14538
14674
14886
14915
15349
15480
16308
16398
16411
16697
16844
17097
17201
17291
17340
17444
17732
17780
17969
18121
18256
18338
18506
18580
19008
19229
19321
19422
19423
19525
19624
19805
20024
20104
20778
20938
21157
21167
21268
21411
21767
21770
21821
22010
22246
22297
22338
22528
22763
22821
22823
23240
23694
23890
24173
24347
24554
24571
24831
24982
25324
25470
25780
26072
26347
26561
26715
26951
26958
26960
26971
27163
27195
27372
27548
27569
27593
27690
27719
27725
27814
27833
28072
28122
28473
28554
28776
28783
28875
28931
28990
29152
29304
29588
29606
29644
29653
29836
29963
30040
30107
30331
30449
30481
30697
31004
31073
31097
31271
31392
31473
31592
31893
32123
32135
32280
32296
32319
32485
32869
33180
33244
33815
33833
33965
34017
34169
34235
34300
34367
34708
34794
34818
34840
34963
35024
35053
35080
35098
35114
35151
35325
35364
35379
35424
35447
35589
35769
35873
35946
36347
36719
36757
36802
37390
37678
37800
37907
37931
38273
38274
38950
38983
38999
39067
39417
39449
39520
39572
39587
39694
40025
40055
40074
40276
40432
40773
117
219
302
697
1507
1508
1547
1739
2302
2318
2575
2580
2737
2747
2810
2834
2936
3067
3069
3093
3123
3204
3336
3495
3572
3588
3823
3935
4288
4409
4484
4520
4675
4919
4995
5044
5079
5185
5443
5451
5792
5979
6167
6307
6329
6399
6705
6886
7126
7164
7187
7345
7586
8105
8123
8217
8234
8238
8239
8372
8481
8533
8618
8691
8712
8713
8923
8951
9066
9092
9161
9550
9566
9685
9718
9922
9946
10191
10492
10677
10905
10977
10994
11000
11041
11095
11186
11190
11380
11689
11732
11748
12122
12345
12390
12746
13037
13129
13718
13875
14041
14416
14688
14745
14920
15066
15132
15203
15384
15424
15922
16093
16320
16434
16440
16492
16574
16724
17332
17568
17626
17729
17910
18175
18668
18891
18977
19216
19403
19614
19690
19934
20038
20056
20134
20136
20293
20337
20344
20406
20751
20963
21078
21183
21184
21385
21455
21510
21729
22710
22726
22888
22894
22911
23043
23180
23205
23620
23873
23929
23948
24122
24169
24216
24498
24721
24750
24835
24867
24955
24980
25018
25067
25334
25600
25674
25946
26267
26542
26978
27136
27221
27353
27680
27815
27868
27925
28327
28878
29228
29327
29410
29470
29787
30008
30169
30337
30406
30967
31089
31103
31194
31659
31765
31875
32177
32629
33087
33213
33337
33515
34106
34192
34242
34369
34622
35184
35392
35541
35546
35633
35957
36175
36296
36319
36594
36845
36881
37016
37226
37239
37369
37509
37593
37696
37815
37913
37935
38081
38226
38305
38508
38812
38889
38989
39084
39127
39375
39533
39866
39978
40151
40185
40395
40563
40575
40609
40631
