40
507
719
792
819
951
1197
1217
1397
1412
1479
1513
2066
2336
2459
2493
2572
2769
2892
3055
3382
3623
3816
3908
3999
4387
4428
4639
4772
4812
4979
5022
5074
5355
5465
5760
5811
6165
6188
6313
6537
6606
6711
6982
7147
7158
7362
7963
7969
8060
8079
8253
8510
8566
8578
8594
8644
8833
8976
9023
9047
9072
9154
9240
9524
9593
9654
9695
9979
10131
10171
10593
10687
10728
10927
11204
11225
11413
11642
11658
11830
12073
12245
12512
12571
12631
13060
13121
13126
13175
13203
13210
13314
13361
13518
13624
13709
13744
13833
14301
14308
14538
14666
14859
15174
15349
15710
16254
16293
16411
16470
16697
16844
16959
17067
17097
17201
17444
18256
18359
18506
18580
18751
18814
19225
19312
19423
19624
19734
19799
19805
19903
20104
20225
20491
20770
20778
20876
20938
21004
21123
21134
21248
21287
21312
21767
21770
22094
22492
22821
22823
22862
23080
23240
23694
23890
23971
24033
24571
24598
24807
25192
25324
25470
25801
26040
26269
26480
26561
26580
26715
26958
26971
27195
27352
27372
27569
27690
27719
27725
27814
27833
28122
28473
28759
28783
28931
29101
29152
29304
29588
29601
29606
29644
29836
30040
30347
30441
30598
30824
31004
31087
31271
31473
31519
31592
31882
32927
32931
33274
33833
33965
34020
34039
34246
34300
34367
34584
34621
34708
34777
34840
34907
34966
34996
35053
35078
35080
35098
35114
35151
35364
35424
35769
35770
35873
36051
36506
36757
36802
37281
37302
37390
37678
37777
37800
37840
37907
37931
38222
38273
38444
38628
38950
38983
39310
39474
39487
39572
39669
39694
39843
39939
40025
40069
40229
40309
40342
40432
40800
42
85
697
1111
1181
1507
1508
1798
1873
2253
2452
2575
2601
2662
2834
2836
2975
3087
3204
3336
3350
3495
3588
3823
3926
3927
4023
4245
4288
4456
4484
4529
4675
4857
4991
5025
5044
5082
5096
5168
5185
5250
5443
5451
5745
5979
6158
6307
6329
6375
6469
6579
6705
7064
7164
7187
7345
7710
7717
8123
8224
8234
8239
8372
8481
8533
8541
8563
8618
8880
8951
9005
9066
9092
9161
9173
9256
9566
9624
9685
9718
9922
9935
10077
10191
10492
10541
10605
10677
10875
11041
11087
11095
11186
11190
11247
11380
11689
11732
11748
11973
12056
12122
12302
12345
12368
12390
12457
12746
13077
13099
13129
13445
14193
14416
14745
14901
14920
14942
15066
15304
15384
15423
15515
16108
16114
16228
16320
16380
16434
16492
16570
16913
16958
17306
17332
17344
17354
17360
17500
17563
17568
17641
17729
17910
17917
18052
18175
18668
18882
19216
19353
19974
20015
20056
20136
20286
20337
20406
20600
20618
20664
20751
20860
21049
21148
21183
21184
21203
21380
21468
21549
21729
21935
22036
22519
22710
23043
23180
23205
23494
23652
23660
23967
23990
24169
24498
24835
24955
25018
25067
25297
25334
25368
25465
25600
25674
26137
26232
26845
26978
27155
27386
27815
27839
27917
28210
28327
28511
28769
28878
28918
29245
29327
29401
29410
29470
29508
29722
29787
30051
30082
30169
30337
30764
31089
31103
31165
31194
31202
31765
31808
32177
32197
32629
32730
32771
33213
33301
33337
33494
33515
33623
33701
34242
34628
34896
34923
34931
35278
35391
35392
35546
35625
35768
35966
36021
36327
36418
36481
36594
36724
37016
37409
37509
37714
37815
37923
37927
37935
38219
38225
38508
38521
38703
38789
39127
39468
39533
39574
40185
40395
40457
40575
40606
40609
40650
40784
