40
507
719
756
951
1060
1163
1217
1397
1412
1479
1480
1513
2104
2348
2493
2553
2572
2769
2861
2892
2917
3055
3124
3160
3383
3391
3532
3623
3908
3999
4185
4428
4554
4602
4812
4979
5016
5022
5148
5355
5465
5466
5503
5760
5811
6165
6190
6517
6537
6606
6654
6711
7085
7158
7835
8060
8079
8253
8360
8424
8510
8566
8578
8594
8626
8781
9023
9154
9593
9738
9795
9809
9979
9998
10129
10279
10687
10725
10728
10867
10889
10927
10942
11139
11204
11277
11515
11665
11711
11830
12071
12073
12198
12245
12407
12474
13060
13104
13121
13126
13175
13299
13314
13397
13518
13624
13986
14091
14301
14308
14363
14516
14666
14859
14886
14915
15174
15349
16293
16398
16470
17067
17291
17340
17732
17780
18076
18115
18256
18359
18472
18506
18794
18814
18872
19008
19229
19312
19423
19805
20024
20104
20225
20466
20491
20876
20938
21004
21092
21123
21134
21157
21167
21248
21287
21312
21612
21767
21821
22014
22094
22136
22246
22338
22470
22492
22547
22763
22821
22862
22935
23190
23240
23694
23890
24554
24761
24831
24982
25011
25801
25820
26347
26455
26561
26901
26951
26992
27065
27163
27352
27372
27402
27593
27690
27725
27833
28658
28759
28776
28783
28875
28931
28990
29403
29599
29644
29653
30040
30107
30172
30441
30481
30598
30660
31004
31019
31073
31087
31097
31392
31519
31601
31882
31890
32005
32123
32152
32217
32290
32296
32485
32869
32908
32927
33180
33762
33831
33965
34020
34039
34169
34235
34246
34300
34367
34584
34621
34708
34794
34963
35017
35024
35053
35080
35364
35379
35447
35589
35651
35769
35860
35946
36051
36082
36506
36726
36757
37281
37840
37907
38013
38036
38222
38628
38887
38983
39067
39082
39449
39474
39487
39572
39694
39843
40025
40055
40069
40074
40229
40432
31
42
85
120
219
302
342
346
369
697
1181
1508
1547
1798
2253
2443
2452
2601
2737
2747
2810
2834
3067
3113
3123
3336
3350
3396
3823
3927
4023
4409
4484
4529
4778
4857
4975
4991
5025
5044
5096
5163
5302
5443
5451
5473
5615
5792
6046
6121
6167
6194
6399
7010
7064
7345
7586
7717
8238
8372
8481
8533
8563
8615
8691
8880
8923
8951
9161
9242
9697
9718
9922
10191
10541
10875
10977
11000
11041
11087
11190
11380
11562
11689
11945
11973
12310
12368
12457
12746
13037
13077
13099
13109
13445
13785
14039
14041
14245
14745
14835
14899
14901
14942
15066
15203
15697
16114
16228
16380
16440
16492
16493
16570
16574
16761
17136
17344
17354
17500
17568
17577
17626
17641
17917
18052
18175
18863
18891
19216
19353
19913
19974
20038
20286
20293
20337
20344
20406
20507
20600
20618
20813
21049
21078
21380
21468
21481
21488
21510
21549
21712
21935
22012
22036
22544
22710
22726
22888
22894
23180
23652
23967
23990
24122
24169
24216
24427
24835
24867
24955
24980
25368
25600
25686
26232
26529
26542
27136
27155
27221
27353
27521
27815
27917
27925
28592
28769
28800
28878
29228
29401
29470
29508
29722
30008
30337
30406
30474
31089
31103
31659
31765
31875
31933
31997
32098
32177
32454
32730
32844
33033
33087
33213
33494
33515
33623
34011
34106
34109
34192
34668
35056
35128
35278
35327
35391
35392
35546
35768
35912
35966
36175
36319
36327
36481
36724
36845
36881
37239
37311
37418
37509
37560
37593
37696
37935
38081
38219
38226
38508
38638
38889
38989
39084
39147
39455
39574
40185
40457
40578
40606
40631
40650
40680
40784
