11
382
756
819
951
996
1060
1094
1163
1197
1202
1217
1412
1479
1480
1492
1513
2003
2066
2104
2336
2459
2553
2917
3055
3124
3383
3623
3830
3937
3999
4185
4264
4268
4269
4602
4639
5148
5466
5760
5812
6026
6441
6606
6654
7040
7158
7261
7435
7963
7969
8060
8079
8360
8510
8976
9047
9593
9695
9738
9809
10131
10171
10279
10725
10777
10867
10889
10927
10942
11154
11204
11225
11277
11413
11553
11665
11686
11711
11764
11829
11830
11965
12198
12375
12493
12512
12631
12718
12985
13104
13121
13126
13135
13190
13203
13397
13469
13624
13744
13884
13986
14091
14516
14666
14844
14859
15059
15349
15480
16254
16293
16398
16411
16463
16470
16697
16844
16860
16959
16968
17067
17522
17732
17934
18076
18121
18338
18359
18472
18794
18814
18872
19008
19151
19225
19312
19321
19423
19525
19734
19799
19903
20024
20466
20506
20770
20938
21004
21092
21123
21134
21167
21268
21287
21312
21612
21770
21821
22010
22338
22492
22528
22547
22935
23080
23190
23240
23694
23890
23971
24033
24289
24340
24375
24598
24689
24982
25192
25820
26040
26537
26715
26901
26958
26960
27104
27163
27195
27372
27402
27569
27593
27748
27814
27833
28072
28473
28658
28759
28931
28982
29152
29304
29599
29644
30040
30107
30172
30449
30598
30660
30824
31004
31019
31073
31097
31271
32123
32135
32152
32217
32296
32485
32869
32908
33180
33244
33749
33831
33833
34039
34300
34367
34621
34708
34794
34884
34907
35017
35114
35151
35255
35325
35379
35407
35424
35651
35769
35770
35909
36082
36599
36719
36802
37678
37777
37800
37931
38013
38036
38103
38274
38444
38628
38677
38999
39067
39082
39205
39459
39474
39487
39577
39587
39694
39939
40025
40055
40069
40074
40229
40309
40342
40432
13
31
42
85
117
120
219
231
302
342
346
369
697
1508
1547
1739
1873
2253
2302
2318
2580
2737
2936
2975
3067
3069
3087
3093
3113
3123
3204
3336
3495
3588
3818
3823
3927
3990
4363
4456
4484
4520
4529
5025
5044
5052
5079
5144
5163
5168
5324
5473
5792
5796
5979
6167
6375
6399
6469
6754
6864
6886
7064
7074
7126
7164
7231
7318
8010
8123
8372
8408
8481
8533
8615
8712
9456
9566
9612
9685
9718
9922
9935
9946
10077
10492
10541
10677
10741
10905
10977
10984
11041
11087
11186
11190
11234
11562
11689
11732
11973
12122
12302
12310
12723
13109
13129
13718
13785
14039
14041
14245
14835
14942
15203
15515
15697
16108
16320
16440
16492
16724
16761
16958
17327
17344
17354
17360
17500
17568
17641
18175
18882
19300
19353
19403
19974
20015
20038
20056
20134
20286
20293
20344
20507
20600
20664
20813
21148
21183
21184
21203
21455
21468
21488
21712
21935
22274
22321
22336
22519
22710
22888
22911
23180
23408
23652
23873
23929
23948
24122
24169
24216
24721
24867
24980
25018
25067
25297
25334
25368
25465
25946
26137
26978
27136
27155
27221
27353
27386
27521
27680
27801
27868
28208
28210
28327
28592
28769
28878
28918
29470
29787
30051
30082
30169
30337
30474
31165
31194
31202
31394
31765
31875
32004
32098
32177
32197
32629
32771
32844
33033
33515
34011
34106
34109
34242
34369
34372
34610
34896
34923
35342
35360
35541
35625
35957
36021
36175
36296
36319
36327
36594
36724
36845
37226
37239
37409
37509
37696
37815
37889
38055
38081
38226
38305
38388
38508
38521
38638
38703
38811
38812
39127
39455
39468
39533
39866
40231
40457
40606
40631
40650
