507
756
996
1076
1094
1197
1397
1412
1440
1671
1758
2336
2459
2553
2572
2784
2858
2861
2892
2917
3055
3124
3160
3383
3391
3451
3532
3773
3816
3830
3908
4269
4387
4422
4428
4613
4772
4812
4870
5016
5074
5148
5466
5503
5760
6026
6313
6606
7085
7147
7158
7261
7362
8060
8079
8253
8360
8566
8644
8781
8833
8976
9072
9738
10271
10593
10687
10725
10889
10927
10942
11063
11139
11154
11277
11609
11665
11686
11711
11829
11965
12071
12073
12245
12474
12493
12609
12631
12893
12985
13029
13104
13126
13135
13175
13190
13203
13299
13361
13397
13624
13726
13742
13744
13790
14091
14190
14228
14308
14363
14538
14599
14666
14674
14844
15480
16254
16308
16398
16470
16959
17067
17155
17291
17340
17522
17732
17934
17969
18115
18338
18359
18472
18794
18814
19151
19291
19423
19525
20024
20104
20225
20466
20491
20506
20770
20778
20938
21004
21092
21123
21134
21157
21167
21268
21612
21767
21770
21821
22297
22338
22418
22470
22763
22823
22862
22935
23080
23190
23694
23867
23890
23971
24173
24289
24554
24598
24689
24761
24831
24982
25011
25192
25324
25780
25801
25820
26040
26277
26537
26580
26901
26951
26992
27104
27195
27352
27569
27593
27690
27725
28554
28759
28982
29152
29304
29588
29599
29601
29606
29644
29936
29963
30347
30449
31004
31019
31097
31392
31519
31637
31873
31882
31893
32005
32290
32296
32485
33244
33274
33448
33815
33831
33833
33965
34017
34020
34169
34235
34246
34300
34367
34621
34777
34818
34963
34996
35017
35053
35098
35114
35255
35364
35407
35770
35946
36051
36347
36506
36726
36757
37302
37777
37800
37907
38013
38036
38103
38222
38273
38274
38605
38950
38983
39205
39474
39520
39572
39694
39843
39939
40055
40074
40432
40773
40800
13
31
42
85
117
120
231
342
1088
1181
1507
1508
1547
1739
1798
1873
2302
2318
2452
2737
2834
2975
3067
3087
3093
3123
3350
3396
3627
3990
4484
4529
4778
4819
4857
4919
4975
4991
4995
5025
5052
5082
5096
5144
5185
5250
5302
5443
5451
5615
5745
5856
5979
6194
6201
6329
6375
6399
6469
6705
6864
7010
7126
7231
7318
7503
7586
7710
8010
8123
8234
8304
8533
8615
8618
8713
8880
8923
8951
9005
9066
9092
9550
9612
9685
10191
10492
10605
10677
10741
10875
10905
11000
11041
11087
11095
11190
11234
11380
11732
12056
12368
12390
13037
13129
13445
13718
13785
13875
14039
14688
14901
14920
14942
15384
15424
15515
15697
15922
16093
16228
16320
16380
16440
16493
16570
16761
17192
17354
17360
17563
17568
17626
17641
17910
18175
18668
18863
18882
18977
19300
19353
19403
19614
19913
20015
20056
20337
20344
20406
20507
20751
20813
20827
21049
21112
21412
21468
21481
21510
21549
21729
22012
22036
22544
22726
22894
23043
23205
23494
23620
23929
23967
24169
24427
24498
24835
24917
24955
25067
25297
25334
25368
25600
25674
25946
26137
26978
27155
27198
27210
27221
27521
27680
27868
28005
28208
28327
28769
28800
28918
29327
30008
30082
30169
30406
30764
31089
31165
31394
31765
32004
32177
32197
32454
32730
32771
32844
33087
33213
33494
33701
34011
34192
34242
34325
34369
34622
34923
34931
35128
35184
35278
35342
35371
35546
35625
35633
35912
35966
36021
36175
36296
36319
36724
36845
37016
37418
37560
37593
37696
37714
37889
37935
38219
38305
38388
38638
38811
38812
38889
39468
39574
40135
40185
40231
40537
40563
40575
40578
40606
40784
