11
382
507
996
1027
1060
1197
1397
1492
1535
2003
2336
2348
2493
2858
2917
3160
3382
3383
3391
3451
3532
3575
3773
3816
3830
3937
3999
4264
4268
4282
4387
4422
4428
4602
4613
4639
4870
5016
5022
5074
5355
5466
5811
5812
6165
6188
6477
6537
6606
7040
7085
7261
7362
7835
7963
7969
8060
8079
8253
8291
8833
8976
9072
9240
9524
9593
9654
9809
9979
9998
10131
10279
10593
10725
10728
10867
10889
10942
11063
11277
11658
11665
11764
12073
12245
12407
12571
12631
12955
12985
13029
13121
13126
13135
13361
13469
13518
13624
13709
13742
13790
14091
14190
14301
14308
14599
14666
14674
14886
15174
15534
15710
16398
16411
16470
16844
16860
16959
17067
17097
17265
17291
17522
17732
17780
18115
18506
18580
18751
18794
18814
18872
19008
19229
19291
19422
19423
19734
19805
19903
20024
20225
20334
20491
20770
21004
21287
21312
21747
21767
21770
22014
22418
22547
22821
22823
22862
22935
23080
23190
23240
23867
23971
24554
24598
24652
24684
24689
24982
25192
25470
25820
26072
26269
26347
26455
26537
26580
26901
26951
26971
27163
27372
27593
27719
27725
27748
27806
27833
28072
28473
28875
29101
29152
29625
29653
30040
30107
30172
30331
30347
30449
30481
30660
30824
31004
31097
31392
31601
31873
31890
31893
32005
32123
32152
32280
32296
32319
32485
32869
32927
33180
33244
33448
33749
33762
34017
34020
34039
34169
34235
34621
34708
34777
34963
34996
35024
35080
35151
35255
35364
35379
35403
35407
35424
35589
35769
35770
35873
35909
35946
36051
36082
36329
36506
36599
36719
36802
37302
37931
38103
38222
38255
38273
38274
38605
38628
38983
39205
39310
39459
39474
39587
39694
40025
40055
40074
40229
40342
40432
31
42
85
219
302
342
346
369
762
1088
1111
1507
1632
1798
1873
2302
2443
2575
2834
2936
2975
3093
3123
3396
3495
3572
3588
3627
3926
3927
3990
4409
4675
4819
4995
5025
5044
5096
5163
5168
5185
5250
5473
5615
5661
5792
5796
6121
6158
6167
6201
6307
6399
6705
6754
6864
6886
6933
7010
7074
7164
7187
8010
8105
8123
8224
8234
8304
8372
8408
8481
8533
8712
8713
8880
8923
8951
9161
9456
9550
9685
9718
9935
9946
10191
10541
10605
10677
10875
10977
10984
10994
11087
11095
11186
11562
11689
11732
11945
12302
12368
12390
12723
12746
13099
13129
13445
13785
13875
14039
14245
14688
14835
14901
14920
14942
15066
15203
15423
16093
16108
16114
16228
16320
16380
16570
16644
16724
16761
16913
17306
17344
17360
17577
17626
17729
17910
17917
18863
18882
19403
19690
19913
20015
20136
20293
20406
20664
20751
20813
20860
20963
21203
21385
21468
21488
21549
21729
21935
22012
22321
22336
22544
22710
22894
22911
23180
23205
23408
23494
23620
23652
23929
23948
24122
24169
24427
24498
24867
24917
24955
24980
25018
25297
25465
25600
25686
25946
26267
26529
27155
27386
27521
27680
27815
27839
27868
27925
28005
28038
28327
28592
28800
28918
29245
29290
29722
30008
30082
30337
30967
31089
31103
31165
31194
31659
31765
31997
32098
32629
32844
33033
33213
33278
33337
34106
34109
34325
34369
34372
34622
34628
35184
35360
35371
35391
35633
35768
36293
36327
36418
36594
37239
37369
37509
37593
37696
37714
37815
37889
37923
37927
38055
38388
38508
38521
38789
38811
38812
38889
38989
39127
39375
39455
39468
39533
40151
40185
40231
40395
40537
40575
40578
40606
40609
40631
40680
