719
792
951
996
1027
1060
1076
1094
1202
1217
1412
1479
2104
2336
2348
2493
2861
2892
3055
3124
3391
3532
3623
3773
3908
4264
4269
4387
4428
4554
4602
4613
4870
4979
5016
5074
5873
6026
6517
6537
6654
6711
7040
7147
7969
8253
8291
8360
8566
8594
8626
8644
8781
9023
9047
9072
9154
9240
9524
9654
9795
10131
10593
10687
10728
10777
10867
11225
11609
11642
11658
11686
11830
12071
12493
12512
12571
12985
13029
13121
13175
13203
13397
13469
13518
13624
13709
13744
13790
13833
13884
14144
14308
14363
14674
14844
14886
15059
15174
15480
16293
16398
16411
16463
16470
16603
16697
16860
16959
16968
17265
17291
17444
17732
18076
18256
18338
18580
18751
18794
18872
19151
19291
19312
19321
19422
19423
19525
19624
19805
19903
20537
20770
20876
20938
21004
21092
21123
21157
21167
21248
21312
21411
21612
21747
21767
21821
22010
22014
22094
22136
22246
22297
22470
22528
22821
22862
22935
23190
23240
23971
24033
24173
24289
24375
24554
24598
24652
24684
24866
24982
25011
25324
26269
26347
26455
26715
26958
26960
26992
27065
27352
27690
27719
27748
27806
27814
28072
28122
28473
28554
28931
28990
29152
29403
29588
29599
29601
29653
29760
29925
29936
30172
30449
30598
30660
30824
31004
31019
31097
31271
31392
31592
31601
31882
31890
31893
32005
32217
32280
32296
32319
32931
33244
33274
33448
33762
33965
34039
34300
34367
34708
34966
34996
35017
35080
35098
35114
35255
35364
35403
35424
35447
35589
35769
35770
35873
35909
35946
36051
36082
36347
36599
37800
37840
38103
38255
38273
38444
38887
38983
38999
39067
39082
39205
39449
39474
39587
39669
39694
39843
40074
40309
40428
40773
13
31
85
120
219
346
369
697
762
1111
1508
2253
2318
2452
2575
2601
2662
2737
2747
2836
2975
3067
3069
3093
3396
3495
3818
3926
3927
4023
4363
4409
4484
4520
4529
4675
4819
4857
4919
4975
5025
5044
5052
5082
5096
5163
5168
5185
5302
5324
5443
5473
5661
5745
6046
6194
6329
6579
6705
6754
6886
6933
7064
7126
7187
7231
7345
7503
7710
8010
8105
8238
8239
8372
8408
8481
8563
8923
8951
9092
9173
9242
9256
9612
9624
9685
9697
9922
9946
10191
10534
10626
10677
10741
10977
11087
11190
11247
11732
11945
12056
12122
12302
12310
12457
12723
13037
13077
13129
13875
14193
14245
14416
14688
14745
14835
14901
14942
15066
15132
15203
15384
15515
15697
16228
16320
16493
16570
16574
16913
16958
17136
17354
17424
17563
17626
17641
17729
17917
18175
18882
19300
19353
19403
19690
19913
20015
20038
20056
20136
20286
20406
20507
20600
20618
20664
20751
20827
20860
21049
21112
21148
21203
21412
21468
21481
21488
21549
22012
22321
22336
22519
22726
22894
22911
23180
23494
23929
24122
24216
24750
24835
24867
24917
24980
25297
25368
25465
25686
25946
26137
26232
27136
27198
27221
27353
27386
27521
27680
27815
27868
27925
28005
28327
28511
28592
28918
29327
29401
29787
30082
30406
30474
30967
31089
31103
31165
31194
31202
31765
31808
31997
32004
32629
32730
32844
33087
33213
33278
33301
33337
33494
33515
33623
34242
34610
34622
34628
34896
35128
35184
35278
35360
35371
35391
35392
35541
35546
35625
35912
35957
35966
36293
36418
36845
37226
37239
37369
37560
37593
37815
37889
37913
37927
38055
38081
38305
38508
38521
38811
38889
38989
39084
39127
39468
39533
39574
39866
40151
40231
40578
40606
40609
