382
507
756
819
951
996
1027
1217
1480
1492
1535
1671
1758
2037
2104
2348
2493
2784
2858
2861
2892
2917
3124
3160
3382
3383
3451
3623
3816
3999
4185
4264
4282
4387
4428
4602
4812
4870
4979
5016
5022
5024
5148
5465
5503
5812
5873
6026
6165
6188
6190
6441
6517
6606
7147
7158
7261
7435
7969
8060
8079
8253
8424
8510
8535
8578
8594
8833
8976
9023
9047
9120
9524
9738
9795
9979
9998
10131
10171
10593
10777
10867
10889
10927
10942
11063
11139
11154
11225
11277
11515
11642
11658
11711
11829
12474
12571
12609
12690
12718
12893
12985
13060
13104
13126
13135
13190
13210
13299
13361
13469
13726
13742
13833
13986
14091
14144
14190
14228
14301
14516
14538
14886
14915
15059
15480
15534
16398
16411
16463
16603
16697
16959
17097
17265
17291
17340
17522
17934
18076
18121
18256
18338
18359
18506
18580
18751
18794
18814
18872
19008
19151
19312
19525
19805
19903
20104
20225
20466
20537
20770
20778
21092
21167
21248
21287
21767
21821
22010
22014
22094
22470
22492
22547
22763
22823
22935
23080
23240
23694
23890
24340
24761
24807
24831
24866
24982
25192
25801
26040
26072
26455
26537
26561
26580
27195
27352
27372
27402
27548
27690
27719
27748
27814
28658
28783
28931
28990
29152
29403
29588
29599
29606
29644
29760
30040
30172
30347
30441
30449
30481
30598
30697
31004
31019
31073
31271
31473
31519
31592
31637
31890
32005
32123
32135
32280
32290
32485
32869
32908
32927
32931
33244
33274
33448
33749
33833
34017
34020
34039
34169
34621
34708
34818
34907
34963
34966
35024
35053
35080
35255
35364
35379
35403
35424
35447
35589
35770
35860
35909
36051
36347
36719
36726
36802
37777
37800
37907
37931
38036
38274
38605
38887
38999
39459
39474
39577
39694
39939
40055
40069
40342
40800
13
85
342
369
697
762
1088
1181
1873
2302
2318
2452
2575
2580
2601
2662
2836
3067
3113
3396
3627
3823
3926
3927
3990
4363
4409
4484
4520
4675
4778
4819
4991
5025
5079
5082
5096
5443
5473
5792
5796
6167
6194
6307
6375
6399
6754
6886
7164
7318
7345
7503
8010
8105
8217
8224
8239
8304
8408
8533
8541
8563
8615
8691
8713
8880
8951
9092
9242
9256
9456
9566
9612
9697
9718
9935
10077
10492
10541
10605
10677
10905
10984
10994
11000
11087
11095
11234
11247
11562
11732
11748
11945
11973
12122
12368
12390
12457
12723
13099
13718
13785
14039
14041
14193
14688
14890
14899
14901
14920
14942
15132
15203
15304
15384
15424
15697
15922
16093
16228
16297
16434
16492
16493
16644
16724
17332
17360
17500
17563
17568
18052
18882
19300
19353
19614
20015
20056
20618
20751
20813
20827
21112
21183
21184
21203
21380
21412
21455
21468
21488
21510
21935
22274
22519
22726
22888
22894
22911
23043
23180
23205
23494
23652
23660
23948
24169
24427
24955
24980
25018
25465
25600
25674
25686
26137
26267
26529
26542
26978
27155
27198
27210
27221
27353
27386
27521
27801
27815
27925
28038
28327
28511
28592
28769
28878
29401
29410
29470
29508
30051
30406
30474
31089
31165
31659
31765
31997
32177
32629
32730
32844
33033
33087
33278
33494
34011
34242
34610
34622
34628
34896
35128
35184
35360
35392
35546
35768
35912
36481
36594
36845
36881
37226
37369
37409
37560
37593
37714
37923
37935
38225
38226
38305
38388
38508
38521
38703
38789
38811
38889
38989
39084
39147
39455
39533
39978
40151
40231
40457
40537
40578
40606
40650
40680
