11
507
756
819
996
1027
1060
1076
1163
1197
1217
1492
1535
1758
2003
2037
2066
2104
2336
2459
2553
2769
2784
2861
2892
2917
3055
3383
3451
3532
3773
3816
3830
3937
4185
4264
4268
4282
4812
5022
5074
5503
5760
6026
6477
6517
6537
6606
6711
6982
7040
7261
7362
7963
7969
8060
8291
8566
8626
8833
9023
9047
9072
9593
9695
9795
9809
10171
10271
10279
10593
10725
10728
10777
10889
10927
10942
11139
11225
11277
11553
11609
11642
11658
11686
11711
11764
11830
11965
12073
12198
12245
12571
12609
12893
12955
13104
13121
13135
13190
13203
13314
13709
13726
13744
13790
13884
13986
14091
14190
14301
14306
14308
14363
14674
15059
15174
15349
15534
15710
16293
16308
16398
16603
16697
16860
16968
17067
17097
17201
17265
17340
17522
17780
17969
18076
18115
18256
18506
18794
19151
19225
19229
19291
19312
19422
19423
19805
19903
20024
20104
20225
20491
20778
21004
21134
21167
21287
21312
21770
21821
22010
22014
22338
22418
22470
22492
22547
23190
23240
23971
24033
24173
24347
24554
24571
24598
24982
26040
26072
26269
26347
26455
26537
26580
26715
26951
26960
26971
26992
27065
27104
27163
27352
27593
27690
28473
28658
28931
28982
28990
29101
29152
29304
29588
29601
29625
29653
29925
29936
29963
30172
30441
30449
30598
30697
31004
31019
31087
31097
31473
31637
31890
31893
32005
32123
32135
32290
32319
32485
32908
32927
33180
33244
33815
34017
34020
34039
34169
34584
34840
34907
34963
34966
34996
35017
35053
35078
35151
35325
35407
35447
35651
35860
35873
35909
35946
36051
36082
36329
36719
36757
37281
37302
37390
37777
37800
37840
37907
38013
38222
38255
38983
39205
39417
39449
39459
39587
39669
39939
40276
40342
40432
13
31
42
346
369
697
1111
1632
1739
1798
2253
2302
2318
2443
2580
2662
2737
2834
2836
3069
3093
3123
3350
3588
3818
3926
3935
4023
4245
4288
4456
4484
4529
4675
4778
4819
4857
4991
4995
5096
5144
5163
5250
5451
5661
5745
5796
5979
6158
6167
6307
6329
6399
6469
6705
6754
7010
7064
7074
7126
7231
7318
7345
7586
7710
8123
8217
8239
8304
8563
8615
8618
8713
8880
8923
9005
9092
9242
9256
9456
9685
9946
10077
10191
10541
10626
10875
10905
10984
10994
11087
11095
11234
11748
12056
12302
12310
12368
12390
12746
13077
13099
13109
13129
13445
13718
13785
13875
14039
14193
14245
15132
15203
15304
15384
15423
15515
16093
16108
16228
16320
16380
16440
16492
16570
16574
16761
16958
17136
17192
17344
17354
17360
17568
17577
17729
17910
18175
18668
18863
18882
18891
18977
19614
19690
20015
20038
20056
20286
20337
20664
20827
20860
21049
21148
21203
21455
21481
21549
22036
22321
22710
22888
22894
22911
23180
23205
23494
23620
23660
23873
23929
23967
23990
24169
24721
24867
24980
25334
25946
26267
26542
26845
26978
27155
27221
27801
27815
27839
27917
27925
28327
28511
28769
28878
29228
29290
29410
29508
29722
29787
30169
30337
30764
30967
31165
31194
31394
31659
31875
31933
31997
32177
32197
32454
32629
32730
32844
33278
33494
33623
34106
34369
34372
34610
34622
34628
34931
35327
35360
35371
35391
35392
35546
35633
35768
35966
36021
36293
36327
36418
36481
36724
37226
37409
37418
37509
37560
37593
37696
37889
37913
37923
37935
38055
38081
38219
38225
38508
38521
38703
38789
38811
39127
39375
39455
39468
39533
39866
40151
40185
40578
40631
40650
40680
