507
719
756
819
951
996
1027
1060
1163
1202
1440
1492
1758
2348
2493
2784
2892
2917
3055
3160
3382
3816
3937
3999
4185
4264
4269
4282
4387
4428
4602
4772
4812
4870
5016
5074
5355
5466
5760
5811
5812
6026
6188
6190
6313
6517
6654
6711
6982
7040
7158
7261
7362
7963
8060
8253
8291
8424
8566
8626
8781
8833
9023
9072
9154
9593
9654
9695
9809
9998
10129
10171
10344
10687
10728
11139
11154
11204
11413
11642
11686
11764
11829
11830
11965
12071
12073
12245
12375
12493
12571
12718
12955
12985
13029
13060
13126
13135
13190
13299
13314
13361
13833
13884
14190
14228
14301
14516
14538
14844
14859
14886
15174
15349
16308
16398
16470
16697
16844
16968
17067
17155
17265
17340
17444
17780
17934
17969
18115
18201
18580
18751
18794
19151
19229
19291
19312
19321
19423
19624
19799
19903
20104
20466
20491
20537
20770
20778
20876
20938
21004
21092
21134
21157
21167
21268
21287
21312
21767
21770
22010
22136
22470
22528
22547
22763
22821
22862
22935
23190
23240
23867
23890
24289
24375
24598
24684
25011
25192
25324
25780
25820
26072
26269
26480
26561
26958
26960
26992
27104
27163
27593
27806
27814
28122
28473
28759
28875
28990
29304
29588
29601
29625
29644
29653
29760
30040
30331
30347
30441
30481
31004
31019
31073
31097
31473
31592
31637
31890
32152
32280
32485
32908
33244
33274
33815
33831
34017
34020
34039
34246
34300
34584
34708
34777
34818
34907
34963
34966
34996
35024
35114
35364
35379
35403
35407
35424
35447
35770
35909
35946
36082
36329
36757
37281
37678
37800
38103
38255
38274
38444
38677
38887
38950
38983
39082
39205
39310
39449
39459
39577
39669
39843
39939
40025
40069
40229
40276
40309
40428
40432
31
85
117
231
342
346
697
1111
1181
1873
2318
2575
2601
2662
2810
3087
3113
3123
3204
3336
3350
3396
3495
3588
3627
3818
3927
4023
4245
4288
4363
4456
4484
4520
4675
4778
4919
4975
4991
5044
5079
5082
5144
5163
5168
5473
5661
5792
5856
5979
6046
6167
6194
6201
6375
6705
6754
6933
7064
7231
8010
8105
8217
8238
8408
8533
8880
8951
9066
9161
9173
9550
9612
9685
9697
9718
9922
9946
10534
10541
10626
10875
10905
10977
10984
11000
11087
11095
11689
11732
11973
12056
12302
12310
12368
12746
13037
13077
13445
14039
14041
14193
14835
14890
14899
14901
14920
15132
15203
15304
15348
15384
15515
15922
16093
16108
16114
16297
16493
16570
16644
16913
17136
17327
17332
17424
17500
17626
17641
17729
18175
18863
18882
18891
19300
19333
19614
19690
19934
20134
20136
20344
20507
20600
20664
20751
20813
20860
21049
21112
21148
21183
21385
21481
21549
21935
22012
22036
22336
22519
22894
22911
23205
23408
23494
23652
23660
23873
23929
24498
24721
24917
24980
25067
25297
25368
25465
25600
25686
25946
26137
26542
26978
27136
27198
27210
27221
27353
27521
27680
27839
27868
27917
27925
28038
28769
28878
29228
29245
29290
29327
29470
29787
30051
30169
30406
30474
30967
31103
31165
31194
31202
31394
31765
31808
31933
32004
32098
32177
32197
32454
32730
33087
33213
33301
33494
33623
33701
34011
34369
34610
34622
34628
34896
35128
35184
35278
35342
35360
35371
35633
35768
35912
35957
36293
36296
36881
37409
37418
37509
37714
37815
37889
37923
38055
38219
38225
38226
38388
38508
38638
38789
38812
38889
38989
39084
39127
39455
39468
39533
40231
40395
40537
40563
40606
40631
40784
