11
507
756
792
1027
1094
1202
1217
1397
1412
1440
1492
1513
2037
2066
2104
2336
2348
2493
2858
2861
3055
3382
3391
3451
3575
3623
3999
4185
4264
4269
4602
5022
5024
5074
5466
5812
6188
6190
6441
6517
6654
6711
6982
7158
7435
7835
7963
7969
8060
8079
8291
8510
8578
8594
8626
8644
8976
9023
9154
9240
9524
9809
9979
9998
10171
10279
10344
10725
10728
10889
10942
11063
11154
11204
11277
11609
11686
11829
12198
12245
12375
12407
12893
13060
13126
13135
13361
13397
13518
13709
13726
13742
13884
14091
14228
14306
14308
14666
14674
14844
14886
15174
15349
15480
15534
16411
16470
16603
16844
16860
16968
17097
17201
17265
17291
17732
17780
17934
17969
18201
18359
18506
18751
18872
19151
19312
19903
20024
20334
20466
20770
20778
20876
20938
21157
21167
21411
21612
21747
21770
22014
22338
22470
22492
22528
22763
22821
22823
22862
22935
23240
23694
23867
23971
24173
24554
24652
24684
24689
24807
25324
25470
25780
25801
25820
26072
26277
26480
26580
26901
26958
26960
27065
27104
27163
27352
27402
27548
27569
27725
27833
28554
28759
28783
28982
28990
29152
29588
29606
29644
29653
29760
29925
29936
30331
30347
30441
30481
30598
30697
31004
31073
31087
31097
31271
31392
31519
31882
31893
32123
32152
32319
32931
33244
33274
33448
33762
33815
33831
33833
34017
34039
34169
34367
34621
34708
34840
34884
34963
34996
35017
35080
35098
35255
35364
35379
35403
35407
35424
35589
35651
35769
35770
35860
35873
36082
36506
36599
36726
36802
37281
37840
38036
38274
38444
38605
39082
39205
39310
39449
39459
39487
39520
39577
40025
40276
40342
40428
40773
31
42
120
342
346
369
762
1088
1111
1507
1508
1798
1873
2302
2452
2575
2662
2737
2747
2834
2975
3093
3572
3627
3823
3927
3935
4245
4288
4363
4409
4484
4675
4778
4919
4995
5079
5096
5144
5168
5185
5324
5615
5661
5792
5796
5856
6046
6158
6307
6329
6375
6399
6469
6754
6864
6886
7010
7126
7187
7231
7345
7717
8105
8217
8234
8481
8533
8541
8615
8691
8712
9161
9242
9256
9566
9624
9922
9935
10741
10875
11000
11041
11095
11190
11234
11247
11380
11562
11598
11689
11748
11973
12302
12345
12723
12746
13077
13099
13129
13785
14193
14245
14416
14688
14835
15066
15132
15304
15348
15384
15423
15515
15697
15922
16114
16434
16440
16492
16493
16574
16644
16913
16958
17136
17192
17344
17354
17500
17577
17626
17910
18668
18863
18891
18977
19216
19300
19333
19403
19614
19913
20136
20286
20293
20337
20344
20600
20664
20827
20860
20963
21049
21183
21184
21468
21481
21488
21549
21712
21935
22012
22274
22321
22544
22710
22894
22911
23180
23205
23408
23620
23652
23967
24122
24169
24216
24427
24498
24835
24867
24955
25018
25297
25334
25600
25674
25686
25946
26137
26232
26529
26542
26845
27136
27210
27221
27521
28005
28038
28208
28210
28327
28592
28800
29327
29410
29470
29508
29722
30008
30051
30337
30406
30474
31089
31194
31659
31765
31808
31875
31933
31997
32098
32177
32454
32629
32771
32844
33033
33701
34011
34109
34325
34369
34923
35056
35128
35278
35342
35360
35371
35541
35625
35768
35957
35966
36175
36296
36319
36327
36594
36845
36881
37226
37239
37369
37409
37509
37696
37714
37815
37889
37935
38081
38226
38388
38508
38638
38703
38811
38989
39127
39147
39455
39468
39866
40395
40457
40537
40563
40578
40606
40609
40631
40650
40680
40784
