40
382
507
719
996
1060
1076
1094
1163
1202
1217
1397
1440
1479
1513
1535
2003
2037
2104
2336
2493
2553
2572
2769
2917
3160
3382
3623
3816
3830
3908
3999
4185
4264
4268
4269
4282
4387
4428
4602
4613
4639
4772
5022
5074
5148
5355
5465
5503
5811
5812
5873
6188
6313
6477
6517
6537
6654
6711
7147
7362
7835
7963
7969
8079
8253
8360
8480
8510
8626
8644
8781
8976
9023
9154
9524
9654
9738
9795
9998
10131
10271
10279
10687
10725
10777
10889
11063
11204
11553
11609
11642
11665
11686
11711
11830
11965
12071
12073
12375
12474
12493
12512
12609
12690
12955
13060
13104
13135
13175
13190
13203
13314
13361
13742
13744
13884
14306
14538
14666
15174
15480
15534
16254
16308
16470
16603
16697
16844
16860
16959
17097
17155
17291
17340
17732
17780
17969
18256
18338
18472
18506
18580
18751
18814
19008
19225
19291
19312
19423
19624
19734
19799
19805
19903
20334
20491
20506
20537
20876
20938
21004
21123
21134
21157
21312
21612
21770
22014
22136
22246
22297
22492
22763
22821
22823
23867
24340
24571
24831
24866
25011
25820
26040
26072
26269
26277
26455
26480
26537
26561
26580
26901
26951
26960
27065
27548
27725
28122
28473
28554
28658
28759
28776
28875
28931
29403
29588
29599
29606
29644
29760
29836
29963
30107
30331
30449
30481
30660
30697
31019
31087
31097
31473
31873
32135
32152
32280
32290
32319
32485
32908
32927
32931
33180
33244
33815
33965
34017
34020
34235
34621
34777
34818
34884
34907
35017
35024
35080
35151
35255
35364
35407
35651
35769
35873
35909
36051
36506
36726
37281
37302
37390
37678
37777
37800
37907
37931
38273
38444
38677
39082
39205
39572
39587
39669
39694
39939
40025
40074
40229
40800
31
85
117
120
219
697
1088
1632
1739
1798
1873
2443
2580
2834
2836
2936
3069
3123
3204
3350
3588
3926
4023
4245
4456
4484
4675
4778
4819
4857
4991
5025
5168
5324
5443
5451
5473
5661
5792
5856
5979
6121
6158
6194
6201
6307
6329
6469
6886
6933
7064
7126
7164
7187
7231
7318
7503
7586
8239
8304
8372
8533
8541
8563
8691
8712
8713
8923
8951
9005
9092
9456
9566
9612
9697
9922
9935
9946
10077
10541
10605
10677
10984
11041
11186
11190
11247
11562
11689
11748
11945
11973
12056
12345
12723
12746
13099
13445
13875
14039
14245
14688
14745
14835
14890
14899
14901
14920
14942
15066
15304
15697
16108
16114
16228
16297
16440
16492
16570
16574
16644
16724
16913
17136
17192
17327
17332
17354
17360
17424
17577
17641
17729
17917
18052
18175
18668
18891
18977
19300
19333
19353
19403
19690
20136
20286
20406
20507
20813
21112
21183
21380
21385
21455
21488
21549
21729
22012
22036
22321
22710
22888
23205
23408
23494
23620
23660
23929
23948
23967
23990
24216
24721
24750
24867
24917
25018
25067
25297
25334
25465
25946
26232
26267
26542
27136
27155
27210
27353
27521
27680
27801
27815
27868
27917
28208
28511
28769
28800
29245
29290
29327
29470
29508
29787
30008
30082
30169
30337
30967
31089
31194
31202
31765
31997
32177
32197
32454
32771
32844
33087
33278
33623
33701
34011
34109
34192
34369
34372
34610
34622
34668
34896
34923
35184
35278
35392
35625
35633
35912
36021
36293
36296
36418
36481
36594
36881
37016
37226
37311
37369
37418
37560
38055
38081
38219
38226
38305
38388
38521
38703
38789
38811
38889
39127
39375
39455
39978
40135
40185
40457
40563
40578
40606
40609
40784
