507
1060
1076
1197
1440
1480
1513
1671
2003
2104
2336
2572
2858
2861
2917
3124
3160
3451
3575
3937
3999
4185
4269
4387
4422
4554
4613
4772
5016
5022
5355
5465
5466
5811
6188
6537
7040
7085
7147
7261
7362
7435
7835
7963
7969
8079
8291
8424
8480
8510
8566
8578
8594
8644
8781
9072
9240
9524
9593
9695
10129
10271
10867
10942
11154
11225
11553
11609
11642
11711
11764
11829
11830
11965
12073
12198
12245
12375
12493
12609
12690
12718
12893
12955
12985
13060
13104
13126
13210
13518
13624
13742
13744
13986
14190
14301
14306
14363
14666
14859
14915
15174
15349
15534
16254
16293
16308
16398
16463
17155
17340
17522
17732
17780
17934
17969
18076
18201
18256
18359
18506
18751
18794
19008
19225
19312
19624
19734
19805
19903
20225
20466
20938
21004
21134
21157
21167
21268
21287
21312
21411
21612
22010
22094
22136
22246
22297
22492
22547
22935
23190
23694
23867
23890
24289
24340
24375
24571
24652
24807
25011
25324
25470
25780
26072
26269
26277
26455
26580
26960
27104
27163
27372
27548
27593
27690
27725
27806
27833
28122
28473
28554
28759
28776
28875
28990
29101
29152
29403
29588
29601
29606
29625
29644
29653
29836
29936
29963
30040
30107
30331
30347
30449
30660
30697
31004
31019
31087
31097
31271
31392
31519
31601
31873
31882
32123
32217
32280
32319
32485
32927
33180
33244
33274
33815
34020
34235
34246
34584
34621
34708
34794
34818
34966
35017
35098
35114
35151
35255
35325
35364
35379
35403
35589
35769
35873
35909
35946
36329
36347
36599
36726
37281
37390
37678
37840
37907
37931
38036
38103
38255
38274
38444
38983
39067
39310
39417
39449
39474
39572
39577
39587
39669
39843
40025
40069
40229
40276
40309
40428
40773
42
342
369
697
762
1111
1181
1507
1547
1739
1873
2253
2302
2443
2452
2662
2747
2810
2836
2936
2975
3087
3093
3113
3350
3818
3823
3927
3990
4245
4363
4456
4484
4919
4995
5052
5079
5082
5144
5185
5250
5615
5792
5796
6194
6201
6375
6399
6469
6754
6864
6933
7164
7318
7717
8010
8224
8234
8238
8239
8481
8533
8541
8615
8712
8880
8923
8951
9066
9161
9456
9550
9566
9624
9935
9946
10077
10492
10677
10741
10977
10994
11095
11186
11190
11247
11562
11689
12056
12122
12345
12368
12457
12723
12746
13037
13129
13445
13785
14039
14041
14193
14416
14688
14835
14890
14899
14920
15348
15515
15697
16320
16380
16434
16574
16761
16958
17136
17192
17327
17332
17354
17568
17641
17729
17910
17917
18052
18891
18977
19300
19353
19690
19913
19934
20134
20136
20406
20600
20664
20751
20813
20860
20963
21078
21184
21468
21488
21549
21729
22274
22321
22336
22710
22888
23043
23494
23660
23929
23967
23990
24122
24169
24427
24498
24750
24835
24867
24917
24955
25018
25297
25334
25368
25465
25600
26137
26232
26529
27198
27210
27221
27386
27521
27680
27815
27917
28038
28208
28210
28327
28769
28878
29228
29245
29290
29327
29401
29410
29787
30008
30051
30082
30764
31194
31202
31659
31765
31808
31997
32004
32098
32177
32629
33213
33301
33337
33701
34011
34109
34610
34622
34628
34668
34896
35056
35278
35342
35360
35392
35541
35546
35633
35768
35912
35957
36021
36175
36327
36418
36724
36845
37311
37369
37509
37560
37815
37889
37923
37927
37935
38081
38219
38225
38508
38521
38638
38703
38789
38812
39084
39127
39147
39455
39533
39574
39978
40135
40185
40231
40457
40575
40578
40606
40609
40680
40784
