11
382
792
819
951
1027
1076
1094
1163
1197
1202
1492
1513
1535
2336
2348
2769
2784
2861
2892
2917
3055
3382
3383
3451
3532
3773
3816
3830
3908
3937
3999
4268
4422
4613
4772
4979
5016
5022
5074
5148
5465
5466
5760
5811
5812
6026
6188
6190
6477
6537
6606
6711
6982
7040
7261
7435
7835
8079
8291
8360
8510
8566
8626
8644
8781
8833
8976
9023
9047
9524
9654
9695
9795
9809
10131
10593
10687
10725
10728
10777
10889
10927
11225
11413
11515
11553
11609
11658
11686
11711
11764
11830
12073
12198
12245
12375
12474
12571
12609
12893
12955
13029
13060
13104
13299
13361
13397
13744
13790
14091
14144
14190
14228
14301
14599
14666
14674
14859
14886
15059
15349
15534
15710
16254
16308
16463
16470
16697
16844
16860
16959
17097
17155
17291
17732
17780
18201
18338
18472
18506
18751
18794
19151
19312
19422
19624
19734
19799
20225
20491
20770
20778
20876
20938
21004
21092
21157
21248
21268
21287
21312
21612
21747
21767
21770
21821
22010
22014
22094
22136
22246
22338
22418
22470
22492
22547
22821
22862
22935
23080
23190
23694
23971
24173
24289
24340
24571
24684
24761
24831
25011
25470
25820
26072
26277
26347
26455
26480
26537
26580
26901
26951
26971
27104
27163
27372
27402
27719
27748
27806
28473
28759
28875
28931
29152
29601
29644
29836
29925
30331
30449
30481
30598
30660
30824
31004
31019
31087
31097
31473
31592
31890
31893
32135
32152
32217
32280
32290
32485
32869
32908
32927
32931
33180
33749
33762
33815
33831
33833
33965
34017
34020
34039
34235
34246
34367
34584
34621
34840
34966
34996
35053
35078
35080
35151
35255
35364
35379
35407
35447
35769
35860
35873
35909
36329
36506
36726
36802
37302
37390
37777
37840
37931
38103
38273
38444
38628
38887
38999
39082
39417
39577
39587
39669
39694
39843
40069
40229
40276
40309
40773
42
85
120
342
762
1111
1181
1508
1632
1798
1873
2443
2575
2662
2737
2836
3067
3087
3113
3123
3350
3627
3926
3927
3935
3990
4023
4288
4363
4409
4520
4529
4975
4991
5025
5044
5052
5079
5096
5168
5185
5302
5324
5451
5473
5615
5661
5979
6046
6121
6167
6329
6579
7074
7126
7318
7345
7586
7710
8217
8224
8238
8481
8541
8615
8618
8712
8923
9066
9092
9161
9456
9550
9685
9718
9946
10077
10605
10626
10677
10905
10977
11095
11186
11190
11234
11562
11598
11732
11973
12056
12122
12368
12723
13109
13129
13718
14416
14688
14835
14899
14901
14920
14942
15066
15132
15203
15384
15424
16093
16114
16297
16440
16492
16493
16644
16761
16913
17136
17306
17332
17354
17500
17626
17910
18052
18668
18863
18977
19333
19353
19690
19934
20056
20134
20136
20337
20344
20507
20600
20751
20813
20963
21078
21412
21455
21488
21510
22012
22274
22321
22336
22710
22726
22888
22894
22911
23043
23180
23205
23408
23652
23660
23873
24122
24721
24750
24835
24867
25334
25600
26137
26232
26529
26542
27136
27198
27353
27680
27868
28038
28210
28327
28511
28592
28800
28918
29327
29470
29722
29787
30008
30082
30337
30474
31165
31202
31875
32098
32197
32730
33033
33087
33213
33301
33623
33701
34011
34109
34242
34369
34622
34628
34668
34923
35184
35278
35327
35360
35371
35391
35392
35541
35546
35625
35768
35912
36021
36293
36481
36881
37239
37418
37815
37889
37913
37935
38081
38219
38225
38226
38305
38388
38508
39084
39127
39468
39533
39574
40151
40231
40457
40563
40609
40650
40680
