11
719
756
819
996
1027
1094
1163
1217
1397
1440
1479
1492
1513
2003
2104
2348
2493
2553
2572
2769
2784
2858
2892
2917
3160
3382
3383
3532
3623
3816
3937
4387
4554
4613
4812
5022
5024
5148
5355
5465
5503
5873
6026
6517
6606
6982
7040
7085
7158
7362
7835
7963
8060
8079
8510
8535
8566
8578
8594
8644
8781
8976
9023
9154
9695
9809
9979
9998
10131
10171
10279
10344
10593
10942
11063
11139
11154
11204
11515
11553
11829
11830
12071
12407
12474
12512
12571
12609
12690
12955
12985
13029
13104
13126
13299
13361
13469
13518
13744
13790
13884
13986
14091
14301
14306
14363
14516
14538
14599
14666
14674
14844
14886
14915
15059
15349
15480
15534
16254
16293
16411
16463
16959
17067
17097
17155
17201
17444
17522
18076
18115
18256
18338
18506
18751
18814
19151
19225
19229
19291
19312
19321
19422
19423
19525
19624
19734
19903
20024
20491
20506
21123
21248
21312
21770
21821
22246
22338
22547
22862
23080
23694
23867
23890
23971
24173
24289
24347
24375
24554
24571
24598
24684
24761
24807
24831
24982
25470
25820
26040
26455
26537
26561
26580
26992
27104
27163
27352
27402
27548
27593
27725
27814
28072
28122
28473
28658
28776
28931
28990
29152
29304
29403
29588
29601
29925
29963
30107
30331
30449
30481
30598
30660
30697
30824
31087
31097
31271
31519
31601
31637
31873
31890
31893
32135
32152
32290
32319
32485
32869
32908
32931
33244
33274
33749
33762
33965
34039
34169
34246
34300
34367
34777
34818
34840
34884
34907
35080
35151
35255
35364
35379
35403
35589
35770
35860
35873
35909
36051
36329
36506
36726
37302
37678
37800
37907
38013
38036
38103
38222
38255
38677
38887
38950
38999
39067
39205
39310
39459
39520
39843
40074
40276
40309
40428
40432
40773
40800
31
42
120
302
342
369
697
1088
1111
1507
1547
1632
1798
1873
2318
2443
2601
2662
2810
2836
3067
3069
3087
3113
3336
3350
3396
3495
3588
3627
3818
3926
4245
4288
4484
4529
4819
4995
5025
5044
5052
5082
5096
5163
5168
5302
5615
5745
5792
5979
6046
6167
6194
6307
6329
6375
6754
6886
7010
7074
7126
7318
7345
7503
8217
8563
8691
8880
8951
9242
9566
9612
9685
9697
9922
9935
9946
10492
10534
10605
10626
10677
10905
10984
10994
11095
11186
11190
11234
11247
11562
11689
11748
11945
12056
12310
12345
12390
12723
13037
13077
13099
13129
13875
14039
14688
14745
14920
15066
15132
15203
15304
15348
15384
15423
15515
16093
16108
16114
16380
16434
16440
16493
16574
16724
16761
17192
17306
17344
17354
17360
17424
17563
17568
17577
17641
17729
18882
19353
19934
20038
20134
20286
20664
20860
21078
21183
21380
21385
21412
21455
21468
21481
21510
21549
21712
21729
22274
22519
22894
22911
23205
23494
23620
23652
23660
23873
24169
24498
24750
24867
24917
25018
25067
25368
25465
25600
25674
25686
26542
27136
27155
27210
27221
27353
27521
27815
27925
28038
28208
28210
28592
29327
29401
29722
29787
30406
30474
31165
31202
32004
32177
32197
32454
32730
32844
33087
33213
33278
33301
33494
34011
34106
34109
34242
34325
34369
34622
34668
34896
34923
35184
35278
35360
35371
35391
35392
35541
35633
35768
35912
36021
36175
36293
36319
36418
36724
37226
37409
37418
37560
37696
37815
37889
37927
38055
38225
38508
38703
38789
38811
38812
38889
39147
39455
39468
39533
39574
39866
39978
40135
40151
40395
40457
40537
40575
40578
40606
40631
