40
507
756
996
1076
1094
1163
1202
1397
1479
2003
2037
2066
2104
2336
2553
2784
2858
2861
3055
3124
3160
3382
3383
3451
3575
3623
3830
3999
4185
4264
4268
4282
4422
4602
4772
4870
4979
5022
5024
5074
5465
5811
5873
6188
6190
6313
6517
6711
7040
7435
7835
7963
7969
8253
8360
8424
8510
8578
8626
8976
9047
9120
9240
9524
9979
10129
10279
10344
10687
10725
10777
10867
10889
11063
11139
11154
11204
11225
11515
11711
12071
12198
12245
12375
12407
12493
12512
12631
12690
12718
12893
12985
13060
13104
13126
13135
13203
13210
13314
13469
13790
13833
14091
14190
14228
14301
14308
14363
14599
14674
14844
14859
15059
15174
15480
15534
16308
16398
16470
16697
17201
17340
17444
17780
17934
18115
18121
18201
18338
18359
18472
18751
18794
18814
19008
19151
19225
19229
19291
19321
19422
19423
19525
19624
19734
19799
19903
20024
20104
20334
20491
20537
20770
20778
20876
20938
21092
21123
21157
21411
21612
21767
22014
22094
22136
22297
22418
22470
22528
22547
22763
22862
22935
23694
23867
23890
23971
24033
24340
24375
24554
24982
25192
25470
25801
25820
26072
26269
26277
26537
27104
27163
27195
28072
28473
28658
28931
28990
29599
29601
29625
29653
29836
29925
29936
29963
30107
30172
30441
30449
30481
30697
31019
31073
31271
31519
31592
31601
31890
31893
32005
32152
32217
32280
32485
32908
32927
32931
33749
33762
33833
34017
34039
34300
34367
34621
34708
34818
34840
34907
34963
34996
35017
35024
35053
35078
35098
35114
35379
35407
35424
35447
35651
35770
35873
35909
36051
36599
36802
37281
37302
37390
37800
37840
37907
37931
38013
38036
38103
38222
38255
38628
38887
38999
39205
39310
39449
39459
39487
39520
39572
39587
39694
39843
40069
40309
40432
40773
42
85
120
231
342
369
697
762
1088
1507
1632
1739
1798
2253
2302
2580
2737
2834
2975
3067
3087
3113
3123
3336
3572
3823
3935
4456
4520
4529
4675
4819
4919
4991
4995
5082
5144
5168
5185
5324
5473
5615
5661
5745
5856
6158
6167
6194
6201
6307
6329
6375
6399
6579
6754
6864
6933
7318
7345
7710
7717
8010
8105
8224
8408
8481
8533
8541
8618
8880
9066
9161
9256
9456
9550
9612
9685
9935
10077
10191
10534
10541
10605
10626
10905
10977
11095
11186
11190
11234
11380
11562
11598
11748
12122
12368
12390
12746
13037
13077
13718
13785
13875
14688
14745
14835
14890
14899
14901
15066
15304
15384
15423
15697
15922
16093
16228
16297
16434
16440
16493
16644
16761
16913
16958
17136
17344
17568
17577
17910
17917
18052
18175
18668
18863
18977
19403
19614
19934
20015
20134
20600
20618
20664
20813
20827
20860
21049
21112
21148
21183
21203
21380
21385
21455
21481
21510
21712
21729
21935
22036
22274
22519
22544
22710
22888
23043
23408
23620
23873
23929
23948
23990
24169
24216
24427
24721
24750
24835
24867
24917
25018
25297
25334
25368
25600
25674
26267
26529
26542
26845
27136
27353
27680
27839
28208
29228
29245
29327
29401
29410
29787
30008
30051
30474
30764
30967
31089
31103
31165
31194
31202
31997
32004
32177
32197
32771
32844
33033
33301
33623
34106
34109
34369
34610
34622
34923
35056
35128
35278
35327
35360
35541
35957
36319
36418
36594
36724
37226
37311
37409
37418
37509
37593
37696
37815
37927
37935
38055
38081
38219
38225
38226
38305
38508
38789
38889
39127
39375
39468
40135
40151
40231
40537
40563
40575
40578
40609
40784
