11
40
382
507
1060
1163
1197
1202
1217
1397
1412
1440
1479
1492
1513
1535
1758
2003
2066
2348
2493
2553
2572
2784
2858
2892
2917
3055
3382
3391
3532
3908
4264
4282
4422
4602
4639
4772
4870
4979
5016
5148
5355
5503
5760
5811
5812
6026
6165
6190
6313
6441
6477
6606
6654
6711
7040
7085
7147
7435
7835
8060
8291
8360
8424
8480
8594
8626
8644
8781
8833
8976
9072
9120
9154
9593
9654
9795
9809
9979
9998
10271
10344
10593
10687
10725
10728
10777
10927
11063
11154
11515
11642
11686
11764
11965
12071
12245
12375
12407
12493
12571
12631
12690
12893
12955
13104
13121
13126
13135
13203
13314
13397
13469
13624
13744
13790
13884
13986
14144
14190
14228
14301
14363
14538
14599
14666
14886
14915
16308
16411
16697
16959
16968
17201
17265
17291
17444
17522
17934
17969
18256
18338
18359
18506
18794
19008
19229
19291
19312
19423
19525
19624
19799
19903
20537
20770
20778
20876
20938
21092
21248
21268
21287
21612
21747
21821
22014
22094
22136
22418
22492
22763
22821
23971
24375
24652
24761
25192
25470
25780
25820
26347
26715
26951
26960
26971
26992
27104
27163
27402
27548
27593
27725
27806
27833
28072
28122
28473
28658
28759
28776
28875
28990
29599
29601
29936
30107
30441
30449
30598
30824
31097
31271
31392
31473
31882
31890
31893
32005
32123
32135
32280
32927
32931
33180
33448
33815
33965
34017
34020
34039
34246
34584
34818
34840
34884
34907
34963
34996
35053
35114
35403
35407
35424
35447
35651
35860
35873
35946
36329
36506
36599
36757
36802
37281
37390
37678
37840
37907
38013
38036
38274
38444
38605
38628
38677
38887
38950
38983
38999
39205
39449
39459
39474
39487
39572
39587
39669
39694
39843
39939
40055
40069
40309
40342
40428
40432
31
42
85
117
231
369
697
1507
1632
1739
1873
2302
2318
2443
2737
2834
3069
3113
3336
3350
3495
3572
3588
3627
3935
3990
4023
4363
4409
4484
4520
4778
4919
4975
4991
4995
5082
5250
5302
5324
5451
5615
5745
5979
6046
6158
6201
6307
6329
6375
6864
6886
7010
7064
7074
7164
7231
7318
7345
7586
7717
8010
8217
8224
8238
8304
8372
8541
8615
8618
8713
8880
8951
9066
9092
9242
9456
9550
9612
9624
9697
9718
9922
9935
10191
10605
10677
10741
11000
11247
11562
11598
11732
11748
11945
12056
12310
12345
12368
12390
12723
12746
13037
13077
13099
13109
13875
14193
14688
14745
14890
14901
15066
15132
15203
15922
16093
16228
16320
16380
16434
16574
16724
16761
16958
17192
17332
17568
17626
17641
17729
17910
17917
18863
18882
18891
18977
19216
19300
19614
19913
19934
19974
20015
20056
20136
20286
20600
20664
20751
20860
21078
21112
21183
21203
21380
21385
21468
21481
21488
21510
21549
21729
22012
22036
22274
22321
22336
22726
22911
23494
23620
23660
23929
23948
23967
23990
24216
24427
24498
24721
24835
24867
24980
25018
25297
25368
26267
26845
26978
27221
27386
27521
27801
27839
27868
27925
28210
28592
28800
28878
28918
29228
29327
29508
29722
30008
30051
30082
30169
30474
30967
31194
31394
31933
32004
32177
32629
32771
32844
33033
33087
33278
33623
33701
34011
34109
34192
34242
34325
34372
35056
35128
35184
35278
35371
35391
35541
35625
35633
35768
35966
36021
36293
37409
37509
37696
37913
37923
37927
37935
38081
38305
38388
38521
38789
38811
38812
38889
39375
39468
39533
39574
40135
40151
40563
40575
40606
40631
40784
