382
507
756
996
1163
1202
1397
1440
1480
1513
1671
2066
2104
2553
2572
2784
2858
3124
3382
3383
3451
3623
3773
3816
3830
3999
4268
4428
4613
4772
5024
5148
5355
5465
5466
5760
5811
6026
6190
6537
6654
6711
7085
7147
7261
7835
7969
8079
8424
8535
8594
9023
9047
9154
9240
9593
9654
9695
9795
9979
9998
10131
10271
10279
10593
10889
11139
11154
11553
11609
11658
11686
11711
11830
11965
12071
12073
12198
12407
12474
12493
12985
13029
13060
13104
13121
13126
13175
13190
13299
13469
13518
13726
13742
13790
13986
14091
14144
14301
14306
14308
14363
14516
14666
14859
14915
15059
15349
15480
15534
15710
16254
16293
16398
16463
16697
16844
17067
17097
17155
17340
17444
17732
17934
18076
18201
18338
18472
18580
18794
18814
19008
19151
19225
19229
19321
19423
19734
19799
20225
20334
20537
20770
21004
21134
21167
21312
21747
21767
22094
22246
22338
22418
22763
22821
23694
23867
24289
24375
24571
24598
24689
24761
24831
24866
25470
25780
25801
25820
26040
26072
26269
26277
26347
26455
26480
26561
26580
26715
26901
26960
26992
27163
27548
27690
27719
27814
27833
28072
28473
28658
28759
28776
28875
28982
29304
29588
29599
29606
29644
29760
29836
29925
29936
29963
30107
30172
30824
31019
31073
31097
31592
31601
31637
31873
31893
32290
32296
32485
32927
33180
33448
33815
33965
34017
34169
34235
34246
34300
34367
34708
34794
34818
34884
34996
35024
35053
35080
35255
35364
35407
35447
35873
35909
36082
36329
36347
36506
36599
36719
36726
36757
37281
37777
37840
37931
38013
38103
38255
38274
38605
38628
38887
38999
39082
39310
39449
39487
39520
39669
39843
40025
40055
40069
40309
40428
40432
40773
13
42
302
346
369
762
1088
1111
1181
1507
1508
1547
1873
2253
2318
2452
2575
2601
2737
2747
2936
3067
3093
3113
3123
3336
3350
3572
3588
3927
3935
4023
4245
4288
4363
4456
4919
5025
5044
5052
5079
5082
5096
5163
5443
5661
5745
5792
5979
6046
6158
6167
6307
6579
6705
6754
6933
7010
7231
7318
7503
7586
7710
8123
8224
8372
8481
8533
8541
8713
8923
8951
9005
9092
9242
9256
9685
9697
9718
9922
10191
10492
10534
10605
10626
10905
10977
11000
11087
11095
11190
11234
11562
11598
11689
11732
11945
11973
12056
12310
12345
12368
12390
12457
12723
12746
13037
13109
13718
14245
14890
14899
14901
14920
15066
15203
15304
15384
15922
16093
16380
16644
16913
16958
17136
17344
17500
17626
17641
17729
17910
17917
18668
18863
18891
19216
19403
19913
20038
20056
20134
20136
20406
20600
20827
21049
21183
21184
21203
21380
21468
21549
21712
21935
22036
22274
22321
22544
22726
22894
22911
23043
23180
23494
23620
23652
23990
24122
24216
24427
24498
24721
24750
24835
24917
24955
24980
25018
25297
25368
25674
25686
26267
26529
26845
27136
27198
27210
27221
27353
27521
27680
27925
28005
28038
28208
28511
28800
29290
29410
29508
29722
29787
30082
30169
30337
30406
30474
30764
31194
31202
31394
31659
31765
31808
31933
31997
32004
32177
32197
32454
32629
32730
33033
33278
33301
33337
33494
33515
33701
34011
34106
34242
34325
34369
34372
34896
34923
35056
35184
35278
35391
35633
35768
35957
36021
36296
36327
36594
36724
36845
37016
37226
37409
37560
37696
38081
38226
38508
38521
38638
38789
39084
39127
39147
39375
39455
39468
39533
39574
39866
40151
40185
40537
40563
40575
40578
40606
40650
40680
