40
756
1060
1076
1094
1163
1197
1202
1440
1480
1492
1671
1758
2037
2493
2784
2861
2917
3055
3124
3160
3382
3383
3391
3623
3816
3830
3937
4264
4282
4428
4554
4772
5016
5024
5074
5355
5466
5503
5760
5812
5873
6026
6188
6190
6477
6517
6606
6711
6982
7085
7158
7362
7963
7969
8253
8480
8535
8566
8594
8644
8833
8976
9047
9240
9524
9695
9979
9998
10279
10593
10687
10728
10777
10867
10927
11154
11204
11277
11413
11515
11642
11686
11711
11830
12071
12198
12245
12346
12407
12474
12493
12631
12690
12893
12955
13135
13190
13203
13314
13397
13469
13726
13742
13744
13833
13884
14091
14190
14308
14516
14538
14666
15059
15480
15710
16254
16293
16308
16398
16463
16603
16844
17097
17201
17340
18115
18201
18256
18338
18794
19225
19229
19291
19312
19423
19525
19799
19903
20024
20225
20491
20506
20537
20770
20876
21004
21092
21134
21248
21268
21287
21612
21747
21767
21770
22010
22014
22094
22246
22297
22338
22935
23190
23240
23694
23867
23890
24173
24340
24571
24598
24652
24684
24761
24831
24866
25470
26040
26347
26455
26480
26715
26901
26958
26960
26992
27163
27195
27352
27402
27569
27593
27690
27719
27748
28072
28473
28554
28776
28875
28931
29101
29152
29403
29601
29644
29653
29760
29836
29936
29963
30172
30441
30449
30481
30598
30660
30697
30824
31019
31087
31519
31592
31601
31637
31882
32280
32869
33180
33244
33749
33762
33815
33831
33833
33965
34777
34794
34818
34840
34884
34907
35024
35078
35114
35151
35325
35447
35770
35909
36082
36329
36506
36719
37281
37302
37800
37931
38103
38628
38677
38983
38999
39082
39205
39310
39417
39487
39520
39572
39577
39587
40025
40074
40276
40309
40342
40432
85
117
120
219
231
302
342
697
1088
1181
1507
1508
1798
1873
2253
2318
2443
2575
2580
2662
2737
2747
2810
2936
3093
3204
3336
3350
3396
3495
3572
3823
3926
3935
4245
4288
4363
4409
4484
4520
4529
4675
4857
4991
4995
5044
5052
5302
5443
5451
5473
5615
6046
6158
6167
6201
6329
6375
6399
6469
6579
6705
6754
7010
7064
7074
7126
7231
7318
7710
8372
8408
8563
8615
8691
8923
8951
9092
9161
9173
9242
9256
9456
9550
9624
9685
9697
9718
9946
10191
10492
10541
10677
10741
10905
10984
11000
11087
11095
11186
11234
11247
11598
11748
11945
12056
12310
12368
12390
12457
13718
14039
14193
14245
14688
14745
14835
14899
14901
14920
14942
15066
15132
15203
15384
15423
15515
16114
16228
16297
16380
16440
16492
16493
16644
17192
17306
17424
17500
17626
17641
17910
18175
18863
18882
18891
19216
19333
19403
19614
19690
19974
20134
20136
20293
20507
20600
20664
20813
20827
20860
21049
21148
21183
21380
21385
21455
21481
21488
21510
21935
22012
22321
22336
22710
22726
22911
23043
23408
23620
23660
23990
24427
24498
24721
24750
24955
25018
25067
25368
25686
26529
26542
26845
26978
27221
27521
27680
27868
27917
27925
28005
28208
28210
28327
28592
28769
28800
28918
29290
30051
30082
30169
30474
30967
31997
32197
32454
32629
32844
33301
33337
33494
33515
33701
34011
34242
34372
34628
34668
34923
35056
35128
35184
35278
35327
35342
35392
35633
35768
36293
36327
36481
36594
36724
36845
36881
37226
37239
37369
37409
37418
37509
37560
37815
38055
38388
38521
38638
38703
38989
39084
39127
39375
39978
40135
40185
40231
40395
40457
40537
40563
40575
40578
40606
40609
40631
40650
40680
