40
507
819
951
996
1027
1060
1076
1197
1202
1217
1397
1412
1480
1513
2003
2066
2348
2493
2553
2572
2769
2861
3055
3382
3623
3816
3937
3999
4185
4268
4269
4428
4602
4772
4979
5024
5074
5148
5466
5503
5760
5873
6026
6188
6477
6517
6606
6654
6982
7040
7362
7435
7835
7963
8079
8360
8480
8535
8833
8976
9023
9072
9120
9154
9240
9593
9654
9738
9795
9809
9998
10171
10344
10593
10725
10728
10867
10927
10942
11063
11225
11553
11609
11658
11665
11829
12071
12245
12474
12493
12512
12571
12609
12690
12955
12985
13060
13104
13121
13190
13210
13397
13469
13518
13709
13726
13744
14306
14363
15349
15534
16254
16463
16470
16860
17067
17097
17201
17340
17522
17732
18472
18506
18794
18814
19008
19151
19312
19422
19423
19734
19799
19903
20104
20225
20876
21004
21123
21157
21167
21268
21287
21312
21411
21612
21767
22014
22094
22297
22470
22492
22528
22547
22763
22821
22862
22935
23080
23190
23867
23890
24033
24289
24340
24347
24375
24598
24761
24831
25324
25470
26072
26347
26455
26537
26561
26715
26901
26951
26958
26960
27065
27163
27352
27548
27593
27690
27719
27725
27748
27814
28072
28473
28783
28875
28982
29101
29152
29304
29588
29601
29606
29653
29925
30107
30347
30449
30481
30598
30660
30697
31004
31019
31073
31087
31097
31271
31392
31592
31601
31637
31890
31893
32005
32152
32296
32319
32485
32908
32931
33448
33749
33831
33833
34017
34039
34235
34367
34708
34963
35024
35098
35151
35255
35364
35379
35424
35589
35770
35860
35909
36051
36082
36329
36347
36506
36599
36719
36757
36802
37302
37800
37840
37907
37931
38036
38103
38222
38255
38628
38677
38887
38999
39082
39205
39310
39417
39459
39474
39572
39577
40025
40276
40309
40428
40773
40800
13
31
42
117
219
302
346
697
762
1508
1632
1739
1798
1873
2302
2318
2443
2452
2580
2601
2737
2747
2834
2936
3093
3113
3123
3336
3350
3572
3818
3990
4456
4520
4529
4857
4975
4995
5025
5096
5144
5163
5168
5250
5661
5745
5856
5979
6201
6329
6705
6754
6933
7074
7187
7318
7710
8010
8105
8123
8217
8238
8304
8533
8691
8923
8951
9161
9173
9242
9550
9566
9612
9697
9935
9946
10741
10984
10994
11041
11087
11095
11190
11247
11562
11689
11748
12310
12345
12368
12746
13099
13109
13785
13875
14039
14041
14193
14416
14745
14835
14890
14920
14942
15203
15304
15348
15423
15424
15515
16114
16228
16320
16380
16492
16570
16574
16958
17332
17354
17500
17563
18891
18977
19300
19333
19353
19403
19614
19690
19934
19974
20038
20134
20136
20293
20337
20344
20507
20618
20963
21078
21112
21184
21380
21385
21510
21549
21729
21935
22012
22274
22321
22336
22544
22888
22894
23494
23620
23990
24122
24216
24721
24835
24955
24980
25018
25334
25600
25674
25946
26137
26232
26529
26542
26845
27198
27353
27521
27680
27801
27839
27925
28005
28210
28327
28511
28592
28769
28918
29290
29401
29410
29722
30051
30082
30337
30474
30764
31089
31103
31194
31202
31394
31765
31933
31997
32098
32177
32197
32844
33033
33087
33278
33301
33494
33515
34192
34369
34372
34610
34628
34923
34931
35056
35128
35371
35546
35633
35957
36021
36175
36724
36845
36881
37016
37226
37311
37369
37409
37418
37509
37696
37815
37923
38055
38081
38219
38225
38226
38388
38521
38638
38703
38812
38889
39084
39127
39147
39455
39468
39574
40151
40231
40537
40575
40606
40650
40680
40784
