11
40
507
996
1163
1397
1479
1492
1513
1535
2003
2348
2493
2769
2784
2858
2892
2917
3055
3160
3382
3451
3532
3575
3623
3908
3937
3999
4185
4269
4387
4422
4554
4602
4613
4639
4812
5016
5022
5024
5074
5148
5355
5465
5760
5812
5873
6026
6188
6313
6441
6477
6982
7040
7158
7435
7835
7969
8060
8079
8253
8291
8424
8510
8594
8644
8781
8976
9023
9047
9072
9524
9738
9979
9998
10131
10344
10725
10777
10927
11063
11154
11225
11277
11413
11553
11609
11642
11665
11686
11711
11829
12198
12245
12346
12474
12512
12571
12631
13060
13121
13126
13175
13203
13299
13397
13469
13726
13742
13790
13833
13884
14091
14144
14516
14538
14599
14666
14844
14886
15480
15534
16411
16603
16697
16860
16968
17097
17155
17265
17291
17340
17444
17522
18115
18201
18256
18472
18506
18751
18814
19225
19291
19312
19321
19422
19423
19525
19734
20024
20104
20225
20466
20491
20506
20770
20778
20876
21004
21092
21134
21157
21268
21411
21612
21747
21821
22010
22014
22094
22246
22297
22338
22470
22492
22528
22763
23080
23190
23694
24289
24340
24347
24375
24554
24571
24689
24761
24982
25011
25192
25470
26277
26561
26580
26960
26971
27104
27195
27569
27690
27719
27748
27806
27814
28122
28759
28776
28931
28982
29101
29152
29601
29625
29644
29653
29760
30107
30441
30481
30598
30660
30697
31004
31019
31097
31271
31392
31882
31893
32005
32485
32931
33244
33749
33815
33831
33833
33965
34017
34039
34235
34246
34300
34708
34794
34884
34963
35017
35080
35114
35325
35403
35407
35589
35651
35769
35860
35873
35909
36051
36082
36347
36506
36726
36757
36802
37302
37390
37678
37777
37800
37907
38013
38036
38103
38605
38950
39067
39082
39474
39572
39577
39587
39694
39939
40055
40229
40428
40432
40773
31
42
85
219
231
346
369
697
1111
1508
1632
1739
1798
1873
2302
2318
2443
2452
2580
2601
2737
2747
2810
2836
2975
3067
3087
3204
3572
3588
3823
3926
3927
3990
4363
4456
4675
4778
4991
4995
5096
5250
5745
5796
5856
6158
6167
6194
6375
6469
7010
7064
7164
7187
7231
7503
8105
8123
8234
8533
8541
8563
8618
8691
8712
8713
8880
8951
9092
9173
9242
9566
9612
9697
9718
9922
9935
9946
10605
10984
11041
11087
11095
11190
11234
11247
11380
11689
12056
12310
12368
12390
13077
13129
13445
13718
13785
14039
14041
14193
14245
14688
14745
14835
14920
15132
15203
15423
15424
15515
16093
16108
16114
16228
16297
16434
16493
16574
16644
16724
16761
16913
16958
17306
17332
17354
17360
17500
17563
17641
17917
18668
18863
18882
18977
19300
19333
19614
20136
20286
20664
20813
21148
21183
21184
21203
21380
21385
21412
21455
21468
21481
21549
21935
22036
22274
22321
22519
22544
23180
23205
23494
23620
23652
23660
23929
23948
23990
24216
24427
24750
24835
24917
24980
25368
25465
25674
26137
26267
26529
26542
26978
27136
27198
27210
27680
27917
27925
28005
28210
28511
28769
28878
29290
29401
29722
29787
30008
30082
30967
31089
31394
31765
31997
32004
32098
32177
32197
32730
32771
33033
33337
33701
34011
34325
34610
34622
34668
34923
34931
35056
35128
35184
35342
35392
35546
35768
35957
35966
36418
36481
36594
36724
36845
37311
37369
37409
37418
37509
37593
37696
37815
37889
37927
38055
38081
38219
38305
38703
38789
38811
38889
39084
39468
39533
40135
40185
40231
40395
40457
40537
40563
40575
40606
40609
40680
40784
