40
507
1027
1060
1076
1094
1163
1197
1202
1412
1479
1480
1671
2104
2336
2348
2459
2493
2553
2572
2769
2784
2858
2861
2892
3160
3451
3575
3623
3908
3937
4268
4282
4554
4639
4772
5022
5024
5465
5466
5760
5811
5812
6026
6190
6477
6606
6654
6982
7085
7147
7362
7963
8079
8253
8291
8360
8424
8480
8535
8594
8626
8781
8833
8976
9023
9047
9072
9120
9154
9593
9654
9738
9998
10687
10725
10728
10777
10927
11063
11204
11277
11515
11658
11665
11686
11829
12071
12407
12493
12571
12631
12690
12718
12955
13029
13104
13126
13135
13175
13361
13624
13790
13833
13986
14190
14228
14308
14363
14538
14844
14859
14886
15059
15480
15710
16463
16603
16844
17155
17201
17291
17340
17522
17732
17934
18115
18121
18201
18472
18580
18794
19008
19321
19423
19734
19799
19903
20024
20334
20466
20537
21123
21134
21157
21268
21287
21411
21612
21747
21767
22136
22338
22418
22492
22528
22823
22862
23080
23240
23890
24033
24289
24340
24347
24375
24554
24652
24684
24689
24761
24807
24831
24982
25801
26561
26901
26951
26958
27065
27104
27352
27548
27569
27690
27725
27806
27833
28072
28122
28759
28783
28875
28931
28982
29101
29304
29403
29599
29601
29625
29653
29836
29925
29936
30107
30172
30441
30449
30598
30660
30697
31087
31519
31592
31637
31873
31890
32005
32217
32280
32290
32319
32869
32931
33180
33244
33831
33965
34020
34039
34235
34300
34367
34584
34708
34907
34996
35024
35078
35151
35255
35364
35403
35589
35651
35770
35860
35873
35946
36051
36329
36347
36726
36802
37281
37390
37800
38036
38103
38222
38255
38273
38274
38628
38677
38950
38983
39082
39205
39310
39449
39474
39487
39520
39572
39587
39694
39843
39939
40055
40342
40432
40773
40800
117
120
219
231
369
762
1088
1111
1181
1547
1632
1873
2302
2318
2443
2601
2662
2747
3087
3113
3123
3396
3572
3627
3818
3926
3927
3990
4023
4245
4288
4529
4675
4819
4857
4919
4975
4991
5044
5096
5144
5250
5324
5443
5473
5615
5661
5796
5856
5979
6158
6167
6194
6201
6329
6375
6469
6579
6705
6754
6933
7187
7586
7717
8010
8234
8238
8304
8372
8533
8563
8618
8951
9005
9092
9256
9456
9550
9566
9624
9697
9718
9922
9935
9946
10077
10534
10626
10677
10905
11190
11234
11247
11598
11732
11945
11973
12122
12390
12457
12723
12746
13077
13445
13875
14039
14041
14688
14835
14901
14920
15203
15304
15348
15423
15922
16093
16108
16228
16320
16380
16434
16440
16492
16493
16644
16761
17192
17306
17327
17354
17360
17424
17500
17568
17577
17910
18863
18977
19216
19300
19333
19353
19690
19913
20038
20136
20286
20337
20344
20507
20813
21049
21112
21148
21183
21380
21385
21455
21488
21549
21712
22012
22274
22519
22710
22911
23180
23408
23652
23660
23873
23929
23948
24216
24498
24721
24867
24980
25018
25067
25297
25334
25465
26529
26845
27221
27353
27386
27925
28005
28210
28592
28769
28800
28918
29245
29290
29401
29508
29722
29787
30337
30406
30474
30967
31089
31103
31165
31659
32004
32177
32454
33033
33087
33213
33278
33337
33515
34109
34610
34668
34896
34923
35056
35128
35342
35360
35371
35541
35633
35768
35912
35957
35966
36175
36296
36319
36418
36724
36845
36881
37016
37311
37418
37714
37889
37913
37923
37927
37935
38055
38081
38225
38388
38508
38638
38703
38789
38889
39084
39375
39455
39533
39574
40151
40185
40231
40575
40578
40609
40631
40680
