756
819
951
1027
1202
1217
1397
1412
1440
1479
1480
1535
1758
2336
2348
2784
2861
2917
3160
3575
3773
3816
3830
3908
3999
4264
4268
4387
4428
4613
4639
4979
5024
5148
5355
5760
5811
5873
6188
6441
6537
6654
7040
7147
7158
7362
7835
8060
8291
8360
8535
8594
8626
8833
9072
9120
9240
9524
9654
9795
9809
9979
10129
10171
10271
10279
10687
10725
10728
11515
11642
11658
11665
11711
11829
11830
11965
12071
12407
12512
12571
12631
12718
12955
12985
13060
13104
13135
13190
13203
13210
13299
13361
13397
13624
13790
14144
14190
14228
14301
14538
14859
14886
15059
15174
15349
16293
16308
16411
16603
16959
16968
17201
17291
17340
17522
17732
17969
18076
18115
18121
18201
18256
18338
18506
18580
18794
19151
19229
19423
19624
19805
20466
20506
20938
21004
21134
21167
21287
21767
21821
22010
22014
22094
22136
22338
22418
22470
22528
22547
22763
22823
22935
23080
23190
23694
23890
24289
24375
24571
24598
24807
25192
25780
26040
26347
26480
26960
26971
26992
27065
27104
27402
27548
27569
27593
27690
27719
27748
27814
28072
28554
28658
28759
28776
28875
29101
29403
29588
29599
29601
29625
29653
29760
29925
29963
30107
30172
30441
30449
30598
30697
31004
31073
31097
31392
31473
31601
31637
31890
31893
32005
32123
32135
32217
32296
32319
32908
32931
33274
33762
33815
33965
34039
34235
34367
34584
34708
34818
34884
34907
34966
34996
35024
35078
35151
35255
35379
35769
35860
35946
36051
36506
36719
36726
36757
36802
37281
37302
37390
37840
37907
38273
38274
38677
39082
39417
39449
39459
39487
39520
39572
39577
40069
40229
40276
40309
40342
40428
40432
13
120
369
762
1088
1181
1507
1547
1632
1798
2302
2318
2452
2601
2662
2747
2975
3067
3069
3093
3123
3204
3336
3350
3572
3588
3627
3818
3823
3927
4023
4245
4288
4363
4409
4484
4520
4529
4675
4778
4857
4919
4975
4991
5025
5079
5250
5443
5451
5661
5796
5856
6158
6167
6194
6307
6375
6864
7064
7126
7231
7318
7345
7586
7710
8010
8105
8234
8238
8239
8481
8563
8618
8691
8712
8713
8880
8923
8951
9005
9066
9161
9456
9624
9697
9935
9946
10077
10492
10677
10741
10905
10984
11000
11041
11087
11186
11190
11380
11732
11748
11973
12122
12302
12723
12746
13037
13099
13109
13129
13445
13718
13785
13875
14039
14193
14688
14890
14901
14920
14942
15066
15132
15203
15304
15384
15423
15515
15697
15922
16108
16297
16440
16492
16570
16574
16724
16958
17306
17344
17360
17424
17500
17568
17577
17626
17910
18052
18175
18668
18882
19216
19300
19333
19690
19913
19934
20015
20134
20136
20293
20337
20344
20664
20813
20860
20963
21049
21112
21184
21203
21380
21385
21455
21481
21712
22012
22336
22519
22726
22888
23043
23205
23494
23652
23660
23967
23990
24427
24721
24835
24867
24917
24980
25334
25674
26137
26232
26529
26542
27198
27210
27521
27801
27925
28038
28208
28210
28327
28592
28769
28800
29290
29327
29410
29722
30169
30337
30406
30474
30764
31194
31394
31765
32177
32197
32730
32844
33087
33213
33278
33515
33623
33701
34011
34106
34109
34325
34372
34628
35056
35278
35360
35371
35391
35392
35546
35633
35768
35912
35957
36021
36296
36327
36418
36481
36845
37226
37239
37311
37369
37409
37418
37560
37593
37714
37815
37889
37927
38219
38225
38388
38508
38789
38889
38989
39084
39147
39375
39468
39574
39866
40135
40151
40231
40457
40575
40631
