382
507
719
996
1027
1060
1094
1197
1202
1217
1479
1492
2037
2066
2104
2336
2348
2493
2572
2769
2861
2892
2917
3383
3391
3451
3532
3575
3623
3773
3816
3830
4264
4268
4269
4282
4602
4613
4870
4979
5466
5812
6026
6188
6477
6517
6606
6711
7040
7835
7969
8060
8079
8253
8291
8360
8424
8510
8566
8578
8594
8644
8976
9120
9240
9593
9654
10171
10271
10777
10867
10927
11063
11277
11413
11515
11553
11665
11764
11830
12375
12512
12571
12690
12893
12955
13029
13104
13121
13126
13175
13397
13469
13518
13624
13742
13986
14091
14190
14301
14306
14363
14516
14666
14915
15059
15534
15710
16254
16308
16411
16603
16697
16860
16959
16968
17155
17265
17732
17780
17934
18076
18115
18359
18580
18872
19151
19291
19312
19321
19624
19734
19805
20024
20104
20770
20778
20876
21004
21123
21157
21167
21248
21411
21747
21770
21821
22010
22094
22246
22297
22338
22418
22823
22862
23080
23190
23694
23971
24173
24340
24347
24375
24554
24571
24598
24652
24689
24761
24807
24866
25324
25801
26347
26455
26960
26992
27065
27195
27548
27690
27719
27725
27748
27814
27833
28122
28473
28554
28759
28776
28990
29588
29599
29606
29625
29653
29925
29936
30040
30172
30331
30449
30598
30660
31004
31019
31097
31271
31473
31519
31592
31601
31637
31873
31893
32005
32123
32135
32290
32319
32908
32927
32931
33244
33274
33448
33749
34017
34039
34246
34300
34708
34818
34884
34907
34963
34996
35053
35098
35114
35151
35255
35364
35379
35447
35589
35860
35946
36082
36347
36506
36599
36719
36726
36802
37281
37302
37678
37840
37907
38013
38036
38103
38255
38273
38950
39067
39205
39449
39577
39587
39939
40069
40074
40276
40309
40342
40432
13
117
120
219
302
1181
1507
1508
1547
1632
1798
2452
2575
2737
2747
2834
2836
2936
3067
3087
3093
3113
3204
3336
3396
3495
3572
3935
3990
4023
4245
4288
4363
4456
4484
4529
4675
4819
4995
5025
5044
5079
5082
5163
5324
5451
5473
5615
5661
5796
5856
5979
6167
6375
6469
6579
6705
6754
6933
7010
7064
7074
7126
7187
7345
7717
8123
8217
8224
8234
8239
8408
8481
8541
8615
8618
8691
8880
8923
9005
9066
9161
9242
9256
9612
9685
9697
9922
9935
10077
10191
10492
10534
10605
10626
10905
11000
11041
11186
11247
11380
11945
12056
12302
12345
12368
12746
13099
13129
13718
13785
13875
14039
14245
14688
14745
14899
14901
14942
15066
15132
15348
15384
15697
15922
16093
16320
16380
16434
16440
16493
16570
16574
16644
16913
17306
17354
17563
17568
17577
17626
17641
17729
17910
18052
18668
18882
18977
19216
19913
20015
20286
20293
20337
20344
20406
20507
20600
20618
20751
20813
20860
21049
21078
21488
21549
22012
22519
22710
22726
22888
22894
23180
23205
23494
23660
23929
23967
23990
24216
24427
24498
24867
24917
24980
25018
25067
25368
25465
25674
26137
26267
26845
27136
27155
27198
27210
27221
27386
27680
27801
27815
27839
28038
29228
29410
29470
29508
30008
30051
30082
30169
30406
30764
30967
31089
31194
31202
31659
31933
31997
32004
32197
33033
33213
33494
33515
33623
33701
34192
34369
34610
34628
34896
34923
35056
35184
35278
35327
35342
35391
35541
35625
35633
35768
35912
36175
36293
36418
36481
36594
36724
36845
37016
37239
37369
37418
37560
37696
37714
37913
37927
38081
38226
38638
38703
38789
38812
38989
39147
39468
39866
39978
40135
40151
40231
40395
40457
40578
