382
719
756
792
819
996
1027
1163
1197
1202
1217
1412
1440
1480
1492
1513
1671
2037
2066
2348
2784
2861
3055
3382
3383
3391
3532
3623
3908
3999
4185
4264
4268
4282
4387
4428
4602
4979
5016
5022
5355
5465
5760
5812
6188
6190
6517
6606
6654
6711
7040
7362
7969
8060
8253
8291
8626
9023
9047
9120
9654
9695
9809
9979
9998
10131
10271
10279
10344
10725
10728
10777
10867
10889
10927
11154
11204
11413
11658
11830
12346
12375
12407
12474
12493
12571
12609
12893
12955
12985
13029
13060
13175
13210
13299
13469
13518
13624
13726
13742
13744
13884
14190
14301
14306
14538
14599
14844
14859
14886
15480
16293
16398
16463
16470
16697
16968
17201
17291
17340
17444
17522
17732
17969
18115
18121
18201
18256
18472
18506
18580
18751
18872
19151
19225
19624
19903
20104
20225
20334
20491
20506
20537
20938
21004
21092
21134
21157
21248
21287
21312
21747
21767
21770
21821
22010
22094
22136
22338
22470
22492
22763
22862
22935
23190
23694
23890
23971
24375
24571
24652
24689
24761
24807
24982
25324
25820
26072
26347
26455
26480
26537
26901
26951
26958
27065
27593
27690
27719
27725
27748
27806
27814
28658
28776
28783
28931
29152
29403
29601
29606
29625
29653
29836
30040
30331
30347
30449
30481
30598
30660
30697
30824
31019
31073
31087
31882
31890
31893
32135
32217
32290
32296
32319
32869
32927
32931
33244
33749
33762
33815
33831
33833
33965
34017
34020
34169
34246
34708
34818
34840
34884
34907
34966
34996
35017
35053
35080
35098
35325
35364
35447
35860
35873
35946
36051
36347
36506
36599
37777
37840
37907
38013
38036
38103
38255
38273
38605
38677
38887
38950
38983
38999
39082
39205
39310
39417
39474
39487
39572
39577
39587
39669
40069
40276
40428
40432
40773
40800
13
31
42
85
117
219
302
342
1111
1181
1508
1547
1739
1798
1873
2302
2575
2737
2747
3069
3113
3123
3336
3396
3818
3823
4023
4245
4456
4520
4778
4857
4919
4975
4991
5025
5082
5096
5168
5324
5451
5856
6121
6158
6167
6194
6201
6307
6329
6469
6705
6864
6886
7064
7074
7231
7318
7710
8010
8105
8123
8234
8238
8239
8304
8481
8533
8615
8618
8691
8713
8880
9456
9550
9624
9685
9718
9922
10492
10605
10875
10905
10984
10994
11000
11186
11190
11234
11247
11689
11748
11945
12122
12302
12368
12457
12723
13109
13129
14039
14193
14245
14416
14835
14890
14899
14901
14942
15066
15384
15423
15515
15922
16093
16114
16492
16570
16574
16644
16761
16913
17136
17306
17332
17354
17424
17577
17641
17729
17917
18052
18668
18891
19300
19333
19403
19614
19913
19974
20015
20136
20286
20507
20600
20618
20827
21184
21203
21380
21412
21455
21468
21481
21488
21549
21729
22012
22036
22274
22321
22544
22710
22894
23180
23494
23620
23652
23929
23967
23990
24122
24169
24427
24498
24750
24955
25368
25674
25686
26232
26542
26845
27136
27155
27198
27353
27386
27680
27868
28005
28038
28210
28327
28511
28592
28769
28878
28918
29290
29410
29470
29508
30008
30051
30082
30406
30474
30967
31089
31103
31394
31659
32098
32454
32629
33033
33213
33337
33494
33515
34106
34109
34242
34325
34628
34668
34923
35056
35278
35342
35371
35392
35541
35546
35633
35912
35957
36175
36296
36319
36724
36845
37226
37239
37418
37593
37696
37714
37815
37923
38055
38081
38388
38508
38789
39375
39455
39866
40135
40151
40231
40395
40457
40537
40563
40575
40609
40650
40680
