507
719
756
792
819
1094
1197
1217
1412
1480
1671
1758
2037
2066
2769
2784
2892
2917
3382
3391
3623
3999
4185
4268
4269
4422
4554
4613
4772
4812
4979
5465
5466
5503
6188
6190
6517
6711
6982
7158
7362
7435
7963
7969
8060
8079
8360
8424
8578
8594
8626
8833
9047
9593
9695
10171
10271
10344
10593
10728
10777
11139
11225
11515
11609
11658
11665
11764
11965
12198
12346
12375
12474
12609
12718
13135
13175
13203
13299
13314
13469
13518
13709
13742
13744
13986
14144
14228
14306
14308
14363
14516
14538
14674
14844
14886
14915
15059
15174
15534
15710
16293
16308
16844
16860
16959
17067
17291
17340
17444
17732
17780
17934
18115
18201
18256
18359
18472
18506
18580
18751
18794
19151
19225
19291
19312
19321
19422
19525
19624
20225
20466
20491
20876
20938
21004
21123
21248
21312
21411
21612
21747
21767
22014
22136
22297
22492
22528
22547
22763
22935
23080
23190
23890
24033
24347
24598
24652
24689
24761
24807
24866
25192
25470
25780
26040
26072
26347
26455
26537
26561
26715
26960
27065
27163
27195
27352
27372
27548
27569
27593
27690
27719
27725
27748
27806
27814
27833
28072
28122
28759
28783
28875
28931
29101
29304
29601
29606
29760
29836
29925
30331
30449
30697
30824
31392
31473
31519
31592
31637
31882
32005
32123
32152
32217
32280
32296
32931
33180
33244
33448
33762
33831
34017
34039
34367
34584
34708
34794
34884
34963
34996
35017
35024
35053
35078
35080
35114
35151
35255
35407
35447
35651
35769
35860
35873
35909
35946
36082
36329
36599
36719
36802
37281
37302
37390
37678
37777
37800
38013
38036
38103
38255
38273
38444
38628
38887
38999
39082
39205
39310
39474
39520
39577
39587
39669
39843
39939
40074
40276
40342
40428
40432
40800
13
117
302
342
346
369
762
1088
1111
1507
1547
1632
1739
2318
2580
2601
2836
2936
3067
3093
3204
3495
3588
3927
3935
4023
4245
4288
4363
4409
4456
4484
4520
4529
4675
4778
4819
4919
4975
4991
5044
5096
5144
5185
5451
5615
5661
5792
5796
5979
6121
6167
6194
6307
6329
6705
6754
6864
7064
7126
7164
7318
7710
8224
8234
8238
8372
8481
8615
8691
8713
9092
9161
9242
9550
9612
9624
9685
9697
9718
10191
10605
10677
10875
10984
10994
11000
11087
11186
11190
11234
11247
11562
11689
11732
11945
12056
12302
12310
12345
12457
12746
13129
13445
13785
13875
14193
14245
14416
14688
14835
14920
15066
15203
15304
15423
15922
16228
16297
16434
16570
16574
16644
16761
16913
17136
17192
17332
17354
17360
17500
17563
17626
17641
17917
18052
18175
18882
18977
19300
19333
19403
19913
19934
20038
20134
20136
20293
20337
20344
20507
20600
20751
20827
20860
20963
21148
21412
21455
21468
21488
21510
21549
21712
21935
22321
22894
23043
23494
23620
23652
23660
23873
23929
23948
23967
24122
24169
24216
24750
24917
24955
24980
25067
25297
25465
25946
26232
26845
26978
27155
27210
27353
27386
27521
27680
27801
27815
27868
28038
28327
28769
28878
28918
29228
29470
30008
30051
30082
30764
31194
31765
31808
31997
32098
32197
32454
32629
32771
32844
33033
33087
33213
33278
33301
33337
33515
33701
34372
34610
34668
34896
34923
35056
35184
35327
35342
35360
35392
35541
35768
35912
35966
36021
36175
36293
36296
36319
36418
36481
36594
36724
36845
36881
37239
37409
37560
37815
37927
38081
38219
38388
38508
38521
38638
38703
39147
39866
40151
40395
40575
40578
40680
40784
