11
382
756
792
819
1027
1163
1197
1217
1412
1440
1492
1535
2066
2104
2336
2459
2892
2917
3055
3160
3575
3773
3908
3937
4185
4264
4269
4282
4422
4428
4812
4870
5148
5355
5465
5760
5873
6026
6517
6654
7040
7158
7362
7963
8060
8291
8424
8510
8566
8578
8594
8626
8781
8833
9120
9524
9593
9654
9795
9809
10129
10131
10171
10271
10279
10344
10687
10725
10728
10942
11154
11711
11764
11829
11830
12071
12245
12375
12407
12512
12631
12985
13060
13104
13175
13190
13299
13624
13709
13726
13790
13833
13884
14091
14190
14301
14308
14538
14666
14844
14859
15059
15174
15349
16308
16411
16463
16470
16697
16844
16959
16968
17067
17097
17265
17291
17340
17444
17522
17732
17780
17934
17969
18076
18121
18201
18338
18506
18751
18794
18872
19151
19229
19321
19624
19799
19805
19903
20024
20466
20491
20506
20770
21123
21157
21167
21248
21268
21287
21312
21411
21612
21767
21821
22136
22246
22338
22418
22492
22528
22547
22821
23694
23971
24033
24173
24347
24571
24598
24652
24689
24761
24807
24831
25011
25324
25470
25780
26277
26347
26455
26561
26580
26901
26951
26958
26971
27163
27806
27833
28072
28473
28658
28776
29101
29152
29588
29599
29606
29644
29836
29963
30040
30107
30331
30449
30481
30598
30824
31019
31087
31097
31271
31519
31601
31637
31890
31893
32152
32217
32280
32290
32296
32869
32927
32931
33180
33244
33448
33749
33815
33831
34020
34235
34300
34367
34621
34708
34794
34818
34884
34963
34966
35017
35024
35098
35379
35403
35407
35447
35769
35909
36329
36347
36719
36757
36802
37281
37907
38103
38222
38255
38273
38274
38605
38887
38950
38983
38999
39067
39205
39310
39417
39459
39474
39520
39577
39587
39669
40055
40229
40309
40342
40773
42
117
120
342
369
697
1111
1181
1508
1873
2253
2601
2662
2737
2747
2810
2936
3069
3204
3350
3495
3588
3823
3926
3990
4245
4288
4363
4409
4520
4529
4975
4991
4995
5025
5044
5052
5144
5185
5250
5302
5443
5473
5792
5796
6121
6167
6307
6399
6579
6886
7126
7164
7231
7318
7503
7586
7710
7717
8010
8105
8123
8217
8239
8408
8481
8533
8563
8615
8691
8951
9066
9242
9256
9566
9697
9946
10077
10492
10541
10605
10677
10741
10977
10994
11041
11087
11234
11380
11562
11689
11732
11748
12302
12310
12345
12390
12723
13037
13077
13099
13875
14193
14245
14745
14890
14901
14942
15066
15348
16093
16114
16297
16380
16434
16440
16493
16570
16644
16761
17192
17306
17327
17344
17354
17360
17563
17577
17641
17729
17910
18863
18977
19216
19300
19353
19614
19690
19913
20015
20038
20134
20136
20344
20406
20507
20600
20827
21078
21112
21380
21455
21468
21729
21935
22012
22274
22336
22519
22544
22888
23180
23205
23494
23620
23652
23660
23929
23948
23967
23990
24169
24216
24498
24721
24750
24917
24955
24980
25018
25334
25368
25600
25686
25946
26137
26232
26267
26542
26845
27198
27221
27386
27801
27917
27925
28005
28210
28327
28592
28769
28800
29290
29327
29410
29722
30051
30337
30474
30764
31089
31659
31765
31933
31997
32004
32629
32730
32771
33213
33278
33301
33494
34011
34369
34610
34622
34896
34923
35056
35184
35342
35360
35371
35392
35768
35957
36175
36293
36319
36594
36724
36881
37226
37239
37369
37409
37418
37560
37815
37889
37913
37935
38219
38225
38226
38305
38388
38521
38638
38989
39084
39127
39455
39468
39978
40135
40395
40537
40563
40606
40609
40650
