382
507
719
756
792
819
1202
1217
1492
1513
1671
1758
2037
2066
2459
2493
2572
2784
2858
2892
2917
3055
3160
3532
3623
3999
4185
4268
4282
4428
4613
4639
4772
5465
5466
5760
5812
6165
6190
6441
6982
7261
7963
8079
8253
8424
8535
8566
8578
8594
8626
8781
8976
9023
9524
9654
9979
10171
10271
10344
10725
10777
10927
10942
11139
11154
11204
11413
11515
11686
11711
11829
11965
12071
12073
12375
12474
12512
12571
12631
12690
12718
12955
13029
13060
13104
13175
13190
13203
13299
13314
13469
13518
13709
13744
13986
14091
14306
14308
14363
14538
14666
14674
14886
14915
15059
15349
16254
16308
16463
16470
16603
16959
17067
17265
17291
17522
17780
18076
18115
18121
18201
18338
18359
18472
18506
18580
18814
18872
19225
19291
19312
19321
19423
19624
19799
19805
20024
20225
20334
20491
20506
20537
20770
20778
20876
20938
21123
21157
21268
21287
21312
21612
21821
22010
22014
22136
22246
22297
22338
22492
22823
22862
23190
23240
23890
24033
24173
24289
24554
24598
24684
24689
24807
24831
24866
25011
25820
26455
26480
26537
26715
26901
26951
26971
26992
27065
27163
27195
27352
27372
27569
27748
27833
28072
28473
28658
28931
29152
29588
29599
29625
29836
30331
30347
30441
30481
30598
30660
30697
30824
31004
31087
31271
31392
31601
31873
31890
32005
32135
32280
32485
32869
32927
32931
33244
33448
33833
34017
34039
34246
34621
34777
34963
35017
35078
35080
35098
35114
35255
35325
35364
35379
35403
35447
35770
35873
35946
36329
36726
37302
37390
37678
37840
38036
38103
38222
38444
38605
38628
38887
38999
39067
39205
39449
39459
39587
39843
40025
40074
40342
40428
31
42
120
231
346
697
1181
1507
1632
1739
1798
2253
2302
2318
2452
2575
2601
2737
2747
2834
2836
2936
2975
3067
3093
3123
3396
3588
3823
3926
3927
4245
4520
4675
4778
4919
4975
4995
5044
5052
5079
5144
5163
5185
5250
5451
5661
5856
5979
6121
6307
6329
6469
6754
7010
7586
8123
8224
8234
8238
8239
8481
8533
8541
8615
8691
8712
8713
8923
9005
9161
9550
9718
9922
9946
10077
10191
10492
10534
10605
10677
10741
10905
10984
11000
11041
11087
11186
11190
11247
11380
11562
11598
11689
11945
11973
12302
12345
12368
12390
12457
12723
13037
13077
13099
13109
13718
14039
14041
14193
14245
14688
14890
15384
15423
15424
15515
15922
16093
16440
16913
16958
17192
17354
17641
17910
17917
18668
18977
19353
19690
19913
19974
20134
20136
20286
20293
20344
20600
20664
20813
20827
20860
20963
21078
21148
21183
21184
21203
21385
21455
21468
21481
21510
21712
22012
22036
22274
22726
22888
22894
23205
23408
23494
23660
23873
23929
23967
24122
24427
24498
24721
24835
24917
24980
25018
25297
25334
25368
25600
25674
25946
26267
26529
26845
27136
27198
27210
27221
27680
27801
27815
27839
27868
27917
27925
28327
28769
28800
29228
29401
29470
29508
29787
30051
30169
30474
30764
31089
31103
31194
31202
31394
31659
31933
31997
32004
32098
32197
32454
32771
32844
33033
33087
33301
33337
33494
34192
34242
34369
34610
34628
34668
34931
35056
35128
35184
35360
35371
35391
35546
35625
35633
35768
35957
35966
36021
36293
36594
36845
36881
37016
37369
37560
37593
37815
37889
37923
37927
38055
38081
38225
38508
38521
38638
38703
38812
39084
39127
39147
39375
39455
39468
39533
39574
39866
39978
40135
40151
40185
40395
40537
40575
40578
40609
40680
