40
756
819
1027
1060
1202
1397
1440
1480
1492
1535
2066
2336
2459
2493
2553
2769
2858
2892
2917
3382
3383
3451
3532
3575
3623
3816
3830
3937
3999
4185
4264
4268
4282
4422
4428
4554
4613
4639
4772
4870
4979
5016
5024
5074
5355
5465
6188
6313
6477
6606
6711
6982
7261
7362
7969
8060
8079
8253
8291
8480
8510
8594
8781
8833
9023
9047
9154
9654
9795
9809
9979
9998
10129
10131
10171
10279
10344
10593
10725
10777
10867
10889
10927
11139
11154
11204
11225
11413
11515
11609
11658
11711
11830
12073
12198
12407
12474
12718
12893
12985
13104
13121
13126
13175
13210
13299
13397
13518
13709
13744
13884
14091
14190
14228
14308
14516
14666
14674
14844
14915
15174
15349
15480
15534
16463
16959
16968
17067
17155
17265
17291
17934
17969
18115
18256
18338
18506
18580
18794
18872
19151
19229
19291
19312
19525
19624
19799
19805
19903
20024
20334
20466
20491
20506
21123
21167
21248
21268
21312
21747
21767
22014
22094
22136
22246
22338
22470
22547
22763
22862
22935
23240
23867
24033
24289
24340
24375
24571
24598
24652
24689
24807
24866
24982
25192
25780
25801
25820
26040
26072
26455
26480
26901
26958
27163
27195
27372
27548
27569
27593
27719
27814
27833
28072
28658
28759
28776
28931
28982
29101
29152
29403
29601
29606
29644
29653
29836
29925
29963
30172
30481
30660
30697
30824
31073
31271
31473
31601
31637
31873
31882
32005
32217
32280
32319
32927
33180
33244
33762
33815
33833
33965
34017
34169
34246
34584
34621
34794
34818
34907
34963
34966
35017
35024
35053
35080
35098
35255
35589
35651
35770
35860
36082
36329
36347
36599
36719
36757
36802
37281
37302
37777
37840
38103
38222
38255
38628
38950
38999
39067
39082
39459
39577
39587
39669
39694
39843
40025
40055
40276
40309
40342
40428
40432
40773
31
42
117
219
231
302
342
369
1111
1181
1632
1739
2253
2810
2836
3067
3093
3123
3495
3926
3935
3990
4023
4363
4484
4675
4857
4975
5025
5052
5096
5185
5250
5615
5792
6046
6194
6201
6399
6705
6886
6933
7010
7187
7231
7318
7586
7717
8010
8123
8217
8224
8238
8239
8408
9161
9242
9550
9566
9612
9922
9935
10077
10492
10541
10605
10626
10875
10977
10984
10994
11087
11247
11380
11562
11732
11748
12122
12302
12310
12345
12368
12457
13077
13099
13445
13785
13875
14193
14835
14890
14899
14901
14920
14942
15203
15304
15348
15384
15697
16093
16114
16297
16320
16440
16493
16570
16574
16644
17136
17192
17354
17360
17568
17577
17641
18175
18668
18882
18891
18977
19333
19614
19913
20015
20038
20286
20293
20406
20600
20751
20813
20860
20963
21184
21203
21380
21412
21468
21481
21510
21729
22012
22036
22274
22336
22519
22710
22888
23205
23620
23873
23929
24169
24216
24427
24498
24750
24835
24917
25018
25297
25334
25368
25465
25674
25686
25946
26232
26542
26845
26978
27136
27155
27198
27801
27815
27868
27925
28038
28210
28327
28592
28800
28878
28918
29228
29290
29401
29470
29722
30051
30169
30764
30967
31103
31194
31394
31875
31933
32004
32177
32197
32730
33033
33087
33213
33301
33515
33701
34106
34242
34325
34369
34610
34622
34628
34668
35056
35184
35278
35371
35391
35541
35633
35912
35957
36175
36293
36296
36418
36481
36845
36881
37016
37311
37409
37509
37560
37696
37714
37815
37889
38081
38388
38508
38638
38703
38811
38989
39084
39147
39468
39533
39866
40185
40395
40457
40537
40563
40631
40650
