11
40
507
756
951
996
1027
1060
1076
1094
1163
1197
1202
1397
1412
1480
1492
1513
1535
1671
2037
2336
2769
2784
2858
3055
3124
3382
3391
3451
3816
3830
3908
4185
4264
4282
4387
4428
4602
4613
4639
5465
5466
5873
6165
6188
6441
6477
6517
7085
7147
7261
7362
7835
8253
8480
8535
8578
8626
8644
8833
9023
9120
9240
9654
9738
9795
9809
9979
10725
10777
11139
11154
11225
11642
11658
11711
12073
12198
12245
12346
12375
12474
12512
12571
12631
12718
12893
12985
13029
13104
13121
13135
13190
13210
13299
13314
13397
13469
13624
13726
13742
13833
13884
14144
14301
14363
14538
14599
14859
15059
15349
16293
16411
16603
16860
17155
17201
17340
17444
17732
18201
18256
18338
18472
18580
18751
18794
18814
18872
19008
19225
19229
19291
19422
19525
19799
19903
20104
20334
20506
20537
20770
20876
21004
21092
21134
21157
21167
21287
21612
21767
22010
22014
22094
22136
22246
22297
22418
22492
22547
22823
23694
23867
23971
24033
24173
24289
24598
24652
24689
24807
24982
25011
25192
25780
25820
26040
26347
26455
26561
26580
26951
26971
26992
27352
27569
27690
27719
27806
27814
27833
28072
28473
28554
28658
28759
28776
28783
28931
28990
29588
29599
29606
29936
29963
30040
30172
30331
30347
30598
30697
31004
31073
31087
31473
31601
31637
31873
31890
32005
32152
32280
32290
32908
33244
33274
33749
33815
33831
34039
34246
34300
34367
34584
34621
34777
34794
34840
34907
34963
34996
35017
35024
35080
35098
35114
35364
35379
35403
35407
35589
35770
35909
35946
36506
36719
36726
37281
37302
37390
37840
37931
38013
38444
38677
38887
39067
39310
39459
39474
39487
39572
39577
39587
39694
39843
40025
40069
40229
40773
40800
13
31
42
85
117
120
231
369
1111
1181
1507
1508
1632
1798
2318
2443
2452
2575
2810
2834
2836
3067
3087
3093
3123
3336
3396
3495
4245
4456
4529
4675
4778
4857
5025
5079
5144
5163
5168
5185
5324
5451
5473
5615
5856
6121
6158
6194
6307
6329
6375
6469
6754
6864
7010
7345
7586
7710
7717
8010
8105
8123
8224
8234
8238
8239
8372
8481
8541
8615
8691
8713
8923
9005
9092
9242
9456
9922
10492
10605
10626
10677
10875
10994
11000
11041
11095
11190
11234
11247
11598
11732
11748
11973
12122
12302
12310
12368
12390
12457
13077
13099
13109
13129
13445
13718
13875
14193
14245
14835
14890
14901
14920
15066
15203
15304
15348
15424
16093
16114
16297
16380
16434
16440
16761
16913
17136
17327
17332
17354
17563
17568
17626
17729
18052
18175
18882
18977
19216
19300
19333
19403
19690
19913
19934
20015
20038
20056
20134
20136
20293
20337
20344
20406
20664
20827
20963
21078
21112
21148
21183
21203
21380
21385
21455
21468
21481
21488
21549
22274
22726
23205
23408
23494
23620
23652
23660
23929
23948
24427
24750
24867
24955
25465
25674
26978
27136
27198
27210
27221
27386
27521
28038
28208
28327
28592
28769
28800
28878
29228
29245
29290
29787
30008
30082
30474
30764
30967
31089
31103
31194
31202
31659
31875
32004
32177
32454
32730
33087
33278
33301
33337
33701
34106
34109
34325
34369
34372
34610
34622
34628
34668
34931
35184
35278
35342
35371
35391
35392
35625
35633
36175
36296
36319
36418
36594
36724
36845
36881
37016
37226
37239
37311
37369
37409
37593
37714
37923
37927
38225
38226
38388
38521
38638
38703
38811
39574
39866
39978
40185
40395
40537
40575
40578
40606
40609
