11
40
507
756
1027
1060
1197
1217
1397
1412
1479
1480
1492
1535
1671
1758
2348
2459
2892
2917
3160
3382
3391
3451
3532
3773
3816
3908
4282
4387
4422
4428
4554
4812
4870
4979
5355
5811
5873
6026
6165
6188
6190
6441
6606
6654
6982
7040
7085
7147
7158
7261
7435
7963
7969
8360
8535
8566
8626
8781
8976
9023
9047
9120
9154
9240
9524
9695
9795
9998
10129
10131
10271
10344
10687
10777
10889
10927
11515
11553
11609
11658
11665
11686
11711
11829
11965
12071
12198
12346
12375
12407
12474
12493
12512
12609
12631
12893
12955
13060
13121
13135
13175
13190
13210
13314
13361
13397
13624
13709
13742
14190
14228
14306
14516
14599
14666
14674
14859
14886
15059
15174
15349
15710
16308
16411
16470
16844
16860
16959
16968
17067
17097
17444
17522
17780
18121
18201
18472
18751
18794
18814
19008
19225
19229
19321
19422
19624
19799
19805
20466
20491
20506
20537
20770
20778
20938
21157
21248
21268
21287
21411
21612
21767
21821
22010
22014
22094
22338
22470
22492
22528
22823
22862
23694
23867
24173
24554
24571
24684
24761
24807
24831
24866
24982
25011
25801
26040
26269
26537
26580
26901
26971
26992
27104
27163
27195
27372
27569
27748
27806
27833
28072
28658
28776
29152
29599
29606
29625
29836
29936
30040
30107
30172
30331
30481
30598
30697
31019
31087
31097
31271
31473
31519
31592
31873
32005
32152
32217
32280
32296
32319
32869
32931
33180
33244
33274
33749
33831
33965
34017
34020
34039
34235
34584
34621
34777
34840
34884
34996
35017
35024
35151
35255
35325
35364
35379
35407
35424
35447
35589
35769
35873
36051
36082
36347
36506
36757
37390
37800
37840
37931
38222
38255
38274
38444
38605
38628
38887
38950
38983
38999
39082
39205
39417
39459
39487
39520
39572
39694
39843
40055
40069
40074
40229
40342
40428
40432
342
369
697
1088
1632
1739
2253
2302
2580
2810
2975
3087
3093
3113
3123
3204
3396
3495
3588
3627
3926
3990
4245
4288
4363
4409
4484
4520
4991
5025
5044
5082
5168
5185
5250
5443
5796
5856
6046
6158
6167
6194
6201
6399
6579
6705
6754
6886
7010
7074
7231
7318
7586
8123
8234
8238
8239
8304
8481
8563
8618
8713
8880
8951
9005
9173
9456
9550
9566
9624
9685
9922
9946
10492
10534
10541
10605
10626
10741
10875
10905
11041
11087
11095
11234
11247
11380
11562
11732
11748
11973
12122
12310
12390
12457
13099
13109
13129
13875
14039
14041
14245
14416
14688
14899
15066
15132
15203
15348
15515
16108
16228
16380
16493
16570
16761
16913
17136
17500
17577
17626
17729
17917
18891
19216
19300
19333
19353
19403
19614
19913
19934
19974
20056
20134
20136
20293
20337
20344
20600
20664
20751
20827
20860
20963
21078
21148
21183
21380
21412
21488
21510
21935
22336
22519
22544
22710
22726
22894
22911
23620
23990
24169
24216
24427
24498
24721
24867
24917
24955
24980
25018
25465
25600
25686
25946
26542
26845
26978
27136
27155
27198
27521
27680
27801
27839
27868
28210
28511
28592
28800
29228
29290
29401
29470
29508
30169
31165
31194
31202
31394
31659
31765
31808
31875
31933
31997
32004
32098
32197
33301
33494
33515
33623
34106
34622
34628
34923
35184
35371
35541
35625
35768
35912
35966
36175
36293
36296
36418
36481
36724
36845
36881
37016
37226
37239
37369
37714
37913
37927
37935
38219
38305
38508
38521
38638
38989
39084
39375
39533
39866
40185
40231
40457
40563
40575
40606
40631
40650
40784
