40
951
1027
1076
1094
1202
1440
1480
1492
1513
1535
1671
1758
2336
2348
2459
2553
2572
2784
2917
3160
3391
3532
3575
3816
3830
3937
3999
4185
4422
4428
4602
4639
4772
4812
4870
5024
5074
5503
5760
5811
6026
6188
6477
6517
6537
6606
6654
6711
7040
7085
7362
7835
7963
7969
8079
8253
8424
8510
8976
9023
9120
9240
9524
9593
9654
9695
9809
9979
9998
10129
10271
10279
10344
10593
10687
10725
10728
10777
10867
10942
11225
11553
11642
11658
11711
11830
12073
12245
12375
12407
12512
12609
12631
12690
12718
12893
13104
13175
13299
13361
13397
13518
13709
13833
14091
14301
14363
14516
14538
14599
14666
14674
14844
14915
15480
15534
16254
16398
16411
16463
16470
16697
17097
17155
17201
17265
17291
17732
17780
18121
18256
18338
18359
18506
18580
18814
18872
19008
19422
19423
19525
19734
19799
19805
19903
20024
20225
20491
20506
20537
20770
20778
21004
21123
21134
21167
21411
21612
21747
21821
22010
22136
22297
22338
22418
22492
22528
22547
22935
23971
24033
24173
24340
24571
24598
24652
24761
24866
24982
25011
25324
25470
25801
25820
26072
26269
26537
26580
26901
26951
26958
26960
26971
26992
27104
27163
27195
27352
27372
27402
27569
27690
27814
28122
28658
28759
28776
28931
28982
29152
29403
29601
29606
29644
29760
29836
29925
30040
30172
30347
30441
30449
30598
30697
31004
31097
31392
31473
31601
31637
31882
31890
32005
32123
32135
32152
32280
32290
32296
32485
32869
32908
32927
33244
33448
33749
33762
33815
33833
34020
34039
34246
34300
34367
34621
34708
34777
34907
34963
34966
34996
35017
35024
35053
35098
35407
35424
35589
35769
35770
35873
35946
36347
36599
36726
36802
37302
37390
37678
37840
37931
38013
38036
38103
38222
38273
38605
38628
38677
38887
38950
39417
39487
39572
39577
39669
39843
40025
40074
40229
40276
40432
40800
13
42
117
219
231
302
342
369
697
1088
1111
1181
1507
1632
2318
2737
2936
3069
3087
3113
3396
3495
3926
3935
4288
4409
4675
4778
4857
4919
4975
5044
5052
5168
5250
5302
5324
5443
5451
5473
5615
5661
5856
6201
6307
6329
6399
6754
6864
6933
7164
7231
7318
7345
7586
7710
7717
8105
8123
8224
8234
8238
8239
8372
8533
8615
8691
8880
8923
9173
9242
9456
9624
9718
10191
10541
10977
11041
11087
11095
11234
11247
11562
11598
11732
12056
12122
12310
12345
13037
13129
13875
14039
14041
14245
14688
14835
14920
14942
15066
15132
15424
15515
15697
16108
16228
16320
16493
16570
16574
16644
16913
17192
17306
17344
17424
17500
17563
17577
17626
17641
17917
18175
18891
18977
19216
19300
19690
19934
19974
20015
20038
20056
20136
20293
20344
20406
20618
20664
20963
21049
21112
21385
21455
21481
21510
22274
22888
23205
23652
23660
23873
23929
23948
24169
24216
24427
24835
24955
24980
25067
25465
25600
25946
26137
26232
26267
27155
27198
27221
27353
27815
27868
28208
28210
28327
28511
28769
28878
28918
29327
29470
29508
29722
30008
30051
30169
30406
30474
30967
31659
31808
31875
31933
32197
32454
32844
33033
33087
33213
33278
33337
33515
33701
34106
34109
34192
34369
34372
34610
34628
34668
34896
34931
35184
35278
35327
35360
35371
35392
35541
35546
35633
35912
36021
36296
36418
37418
37593
37696
37714
37889
37923
37935
38219
38225
38305
38508
38638
38811
38812
38989
39127
39147
39375
39455
39468
39866
39978
40231
40395
40563
40606
40680
