11
40
382
719
756
792
819
996
1027
1060
1163
1197
1202
1217
1397
1479
1480
1513
1535
1758
2003
2037
2336
2459
2553
2572
2784
2861
3055
3124
3383
3532
3623
3937
3999
4185
4422
4613
4639
4772
4812
4870
4979
5016
5355
5465
5466
5760
5811
5812
5873
6165
6190
6477
6517
6537
6606
6711
7085
7147
7158
7362
7435
7835
7969
8079
8253
8360
8480
8510
8535
8566
8626
8781
9240
9524
9593
9654
9695
9979
10271
10279
10687
10725
10889
10927
11063
11154
11204
11225
11277
11642
11686
11829
11965
12346
12375
12474
12512
12571
12631
12718
12955
12985
13060
13104
13135
13190
13203
13210
13299
13397
13469
13726
13790
13884
13986
14144
14190
14306
14363
14844
14886
15059
15480
16463
16844
16860
16959
17097
17291
17969
18121
18338
18506
18580
18751
19321
19525
19624
19734
19799
19805
20024
20225
20334
20466
20491
20770
20778
20876
20938
21092
21123
21157
21167
21248
21268
21612
21767
21770
22094
22246
22418
22492
22763
22823
22862
22935
23080
23190
23240
23694
23867
24173
24289
24340
24347
24375
24571
24598
24652
24689
24866
24982
25011
25324
26040
26072
26580
26715
26960
26971
27163
27195
27352
27372
27548
27569
27593
27690
27806
27833
28759
28783
28875
28931
28990
29101
29152
29304
29588
29599
29601
29606
29653
29836
29963
30040
30172
30331
30449
30598
30697
30824
31073
31271
31592
31601
31890
32005
32135
32217
32296
33180
33274
33815
33833
33965
34017
34020
34169
34235
34246
34300
34777
34794
34840
34907
35017
35098
35114
35151
35364
35379
35424
35769
35770
35860
35946
36082
36329
36506
36726
36757
36802
37281
37302
37390
37678
37777
37840
37907
37931
38013
38255
38274
38628
38677
38887
38950
38983
39067
39205
39449
39459
39474
39577
39587
39669
39694
39843
40055
40276
40428
40432
13
85
117
219
231
369
697
762
1088
1111
1508
1632
1739
2253
2302
2810
2836
3093
3113
3204
3396
3627
3818
3927
3935
4023
4245
4363
4484
4520
4675
4819
5044
5052
5082
5185
5443
5473
5745
5792
5796
5856
6046
6158
6194
6329
6705
6754
7010
7064
7164
7231
7503
7586
7710
8105
8123
8238
8372
8541
8563
8618
8712
9005
9066
9092
9550
9624
9685
9946
10191
10541
10605
10626
10677
10875
10905
10977
11000
11041
11190
11234
11748
11945
11973
12056
12310
12368
12457
12723
12746
13129
13445
14193
14416
14688
14745
14920
15066
15203
15304
15384
15515
15697
16093
16228
16320
16380
16434
16440
16913
16958
17192
17344
17354
17360
17577
17729
18052
18175
18863
18977
19403
19614
20015
20038
20056
20134
20293
20337
20344
20507
20618
20751
20813
20963
21078
21112
21148
21183
21203
21412
21488
21510
21549
21712
21935
22012
22519
22726
22888
22894
22911
23043
23180
23620
23652
23873
23948
23967
23990
24498
24835
24867
25067
25334
25674
25686
26232
26529
26542
26845
27136
27155
27198
27210
27353
27386
27521
27801
27839
27925
28038
28208
28769
29410
29508
29787
30008
30051
30337
30474
30967
31165
31202
31394
31659
31765
31808
32177
32844
33278
33301
33515
33701
34192
34242
34325
34622
34628
34896
34923
34931
35278
35327
35360
35371
35392
35541
35768
35957
36021
36296
36319
36418
36594
36845
36881
37016
37226
37239
37369
37409
37418
37509
37560
37696
37935
38055
38081
38225
38226
38305
38638
38812
38889
39084
39147
39375
39468
39533
39574
39978
40151
40231
40395
40457
40537
40563
40609
40631
40784
