719
756
819
996
1076
1094
1202
1217
1440
1480
1535
1671
2003
2037
2459
2493
2858
2892
2917
3124
3382
3391
3451
3532
3575
3773
3830
3908
3999
4185
4282
4387
4422
4554
4613
4772
4870
4979
5016
5022
5024
5074
5465
5760
5812
6026
6165
6188
6190
6313
6441
6517
6537
6982
7085
7261
7362
7435
7835
7963
8535
8566
8578
8626
9240
9593
9695
9738
9979
9998
10129
10271
10344
10687
10942
11063
11139
11204
11225
11277
11413
11665
11711
11830
12073
12198
12245
12346
12493
12512
12609
12631
12690
12718
12893
13029
13104
13121
13175
13203
13210
13299
13314
13397
13469
13518
13624
13726
13833
13986
14091
14144
14190
14228
14301
14306
14363
14516
14538
14599
14666
14674
14915
15059
15174
15349
16254
16308
16411
16463
16470
16603
16697
16844
16959
17340
17969
18338
18506
18580
18751
18794
18872
19225
19291
19312
19422
19624
19903
20104
20334
20491
20506
20778
21004
21268
21312
21411
21612
21770
22136
22246
22297
22418
22528
22821
22862
22935
23080
23190
23867
23890
23971
24173
24289
24340
24347
24375
24684
24689
24831
24982
25324
25470
25780
25801
25820
26072
26269
26347
26455
26480
26580
26901
26958
27104
27163
27195
27352
27548
27593
27719
27806
27814
28072
28554
28658
28759
28776
28931
28990
29152
29403
29644
29836
29925
30040
30172
30441
30449
30824
31087
31392
31873
32005
32123
32280
32296
32319
32485
32869
32908
33244
33448
33749
33762
33965
34017
34020
34039
34169
34235
34246
34300
34367
34584
34777
34794
34818
34840
34907
34963
34966
35053
35114
35325
35379
35403
35424
35651
35770
35860
36082
36329
36719
36726
36802
37281
37777
38013
38103
38222
38255
38274
38677
39067
39205
39417
39572
39577
39694
39843
40229
40428
40773
31
117
120
219
302
346
1181
1507
1508
1547
1632
2253
2302
2452
2580
2737
2747
2836
2975
3067
3087
3123
3204
3336
3572
3627
3823
4245
4288
4363
4409
4484
4778
4975
5052
5082
5096
5144
5250
5302
5324
5443
5792
5796
5979
6158
6167
6375
6399
6469
6579
6754
6933
7064
7126
7164
7187
7345
7503
7586
7717
8234
8238
8481
8533
8618
8691
8712
8713
8923
8951
9005
9092
9161
9173
9550
9566
9624
9685
9718
9946
10191
10875
10905
10977
10994
11095
11190
11234
11380
11973
12302
12310
12368
12390
12723
12746
13077
13099
13109
13718
13875
14041
14245
14416
14745
14835
14890
14899
14901
14942
15304
15424
15515
15697
15922
16114
16440
16570
16724
16761
16958
17192
17344
17360
17424
17500
17563
17568
17626
17641
17910
17917
18175
18668
18882
18977
19216
19333
19353
19614
19690
19913
20038
20286
20337
20344
20406
20618
21049
21412
21468
21481
21488
21510
21935
22012
22321
22544
22894
22911
23180
23494
23620
23652
23873
23990
24427
24498
24750
24867
24955
25297
25674
25946
26137
26232
26267
26542
27155
27198
27386
27680
27801
27839
27917
28038
28210
28327
28878
28918
29228
29290
29327
29410
29508
30008
30051
30082
30169
30337
30406
31103
31202
31394
31659
31765
31808
31997
32454
32629
32771
33033
33213
33301
33337
33494
34106
34109
34192
34242
34325
34372
34622
34931
35128
35360
35371
35391
35392
35541
35768
35912
35957
35966
36021
36293
36296
36418
36594
36724
36845
37016
37226
37311
37509
37560
37593
37714
37923
37927
37935
38081
38225
38226
38305
38703
38789
38889
39084
39127
39375
39574
39866
40135
40231
40395
40457
40537
40563
40575
40609
40650
