11
40
382
719
792
819
951
996
1027
1060
1076
1094
1163
1202
1397
1479
1480
1492
1535
1758
2003
2066
2336
2348
2493
2553
2769
2858
2861
2917
3383
3451
3532
3623
3816
3908
3937
4282
4422
4428
4554
4979
5022
5024
5148
5812
5873
6026
6165
6190
6313
6477
6654
6711
7040
7085
7147
7362
7963
8480
8626
8833
9023
9120
9654
9695
9738
9795
9979
10129
10131
10271
10279
10344
10687
10927
10942
11063
11139
11154
11225
11277
11413
11515
11553
11642
11658
11686
11764
12071
12073
12346
12407
12609
12690
13060
13104
13135
13203
13361
13469
13624
13726
13742
13790
13884
14144
14190
14228
14301
14538
14599
14844
14859
14886
15059
15174
15349
15534
16293
16398
16463
16470
16844
16959
17265
17340
17444
17522
17780
17969
18076
18115
18256
18338
18359
18472
18751
18794
19008
19225
19229
19291
19312
19423
19525
19624
19805
19903
20024
20491
20537
20770
20778
20876
21123
21157
21167
21767
21770
22014
22094
22246
22297
22338
22418
22492
22763
22821
22862
22935
23190
23240
24033
24347
24571
24689
24761
24831
24866
25324
25780
25801
25820
26040
26072
26269
26277
26347
26537
26561
26580
26715
26901
26951
26992
27104
27195
27548
27569
27593
27690
27806
27814
28658
28776
28875
29101
29403
29601
29644
29653
29836
29936
29963
30040
30107
30172
30449
30697
30824
31004
31392
31473
31519
31873
31882
32135
32280
32296
32485
32869
32908
33244
33749
33762
33831
34020
34039
34300
34367
34621
34794
34884
34963
34966
34996
35024
35053
35098
35114
35255
35407
35447
35651
35769
35770
36506
36599
36719
37390
37800
38013
38036
38103
38273
38274
38605
38628
38999
39474
39520
39577
39843
40069
40428
40432
40773
40800
13
85
117
219
231
302
342
346
369
762
1111
1507
1547
1873
2253
2302
2318
2443
2452
2580
2601
2662
2810
3069
3087
3093
3113
3123
3350
3572
3926
3935
4245
4288
4456
4484
4520
4675
4778
4919
5025
5044
5052
5082
5144
5163
5168
5250
5324
5661
5745
5979
6121
6886
6933
7064
7074
7126
7345
7586
7710
7717
8010
8105
8123
8217
8224
8304
8481
8615
8712
8713
9005
9066
9161
9242
9456
9550
9566
9685
9718
9946
10191
10492
10541
10875
10905
10977
11000
11087
11190
11234
11562
11689
11732
11748
11945
12056
12302
12368
12723
13037
13099
13109
13129
13785
14039
14041
14193
14245
14416
14688
14745
14890
14899
14920
14942
15132
15304
15348
15515
15697
16108
16228
16297
16380
16440
16493
16570
16724
17136
17306
17332
17344
17424
17500
17563
17917
18052
18668
18977
19216
19300
19403
19690
19974
20015
20134
20337
20406
20507
20600
20618
20664
20751
20813
20963
21112
21148
21183
21184
21203
21412
21455
21468
21481
21488
21510
21712
22012
22036
22274
22321
22726
22911
23205
23408
23620
23660
23873
23929
23967
23990
24169
24216
24427
25297
25465
25600
25686
25946
26137
26267
26845
27136
27221
27353
27801
27868
27925
28038
28208
28327
28511
28592
28769
28878
28918
29290
29722
30008
30051
30169
30337
31089
31194
31659
31875
31997
32454
32629
32730
32844
33278
33515
33623
34011
34109
34192
34325
34369
34610
34628
34668
34896
34923
35184
35327
35342
35360
35371
35541
35625
35768
35912
35957
36175
36293
36296
36319
36418
36481
36594
37016
37239
37311
37369
37418
37509
37560
37593
37714
37935
38055
38081
38508
38521
38638
38889
39084
39147
39375
39574
39978
40537
40563
40606
40680
40784
