507
792
819
996
1027
1060
1076
1163
1202
1412
1479
1480
1513
1671
1758
2003
2037
2336
2493
2553
2784
3124
3382
3383
3451
3575
3623
3773
3908
4264
4268
4422
4639
4772
5022
5074
5355
5503
5811
6537
6606
6982
7085
7435
7963
8060
8079
8253
8360
8594
8976
9023
9047
9072
9120
9524
9654
9738
9809
9979
9998
10129
10271
10344
10777
10867
10942
11063
11139
11277
11515
11642
11658
11764
11829
11830
11965
12071
12073
12245
12474
12512
12609
12690
13029
13104
13121
13203
13210
13518
13709
13744
13986
14190
14301
14308
14363
14599
14666
14674
14844
14886
15059
15174
15349
15534
16293
16398
16411
16463
16470
16968
17097
17155
17340
17780
18115
18121
18256
18472
18506
18751
18794
19151
19225
19321
19422
19423
19525
19624
19734
19799
19805
19903
20024
20104
20225
20334
20537
20770
20938
21167
21248
21312
21767
21821
22010
22136
22246
22297
22338
22547
22862
22935
23694
24033
24340
24347
24375
24554
24652
24689
24831
24866
25192
25324
25780
25801
26040
26269
26480
26537
26715
26901
26951
26958
26992
27163
27195
27402
27548
27593
27719
27806
28473
28554
28658
28776
28783
28931
28990
29588
29599
29601
29606
29625
29644
29653
29936
30107
30172
30331
30441
30449
30481
30660
30697
31004
31073
31097
31271
31392
31519
31601
31873
31882
31890
32123
32135
32217
32280
32290
32296
32319
32927
33180
33274
33762
33965
34017
34020
34039
34169
34246
34621
34777
34794
34818
34840
34884
34907
34963
34996
35053
35098
35151
35255
35325
35769
35873
35946
36719
37678
37840
37931
38036
38222
38255
38273
38444
38605
38628
38677
38887
38950
38983
38999
39310
39417
39474
39487
39520
39572
39694
39843
40074
40229
40432
40800
13
31
42
85
117
120
219
231
346
369
697
1547
1632
1873
2253
2443
2452
2575
2737
2834
2936
2975
3069
3113
3123
3336
3396
3495
3572
3818
3823
3927
3935
4023
4245
4363
4520
4529
4778
4819
4857
4919
5025
5044
5052
5082
5163
5168
5185
5250
5324
5451
5792
5796
6158
6194
6201
6307
6329
6375
6399
6705
6754
6864
6886
7074
7164
7187
7318
7503
8217
8234
8239
8304
8372
8541
8563
8691
8713
9005
9066
9550
9685
9697
9718
9935
10534
10541
10626
10677
10994
11000
11041
11186
11234
11598
11748
12302
12310
12345
12390
12457
12746
13077
13109
13129
13445
13785
14245
14688
14745
14901
14920
15066
15132
15203
15304
15384
15515
15922
16108
16114
16228
16320
16380
16434
16493
16570
16644
16724
16913
16958
17136
17306
17344
17563
17568
17577
17626
17641
17729
17917
18052
18175
18668
18863
18882
19300
19333
19353
19403
20015
20134
20136
20293
20337
20406
20664
20827
20963
21148
21203
21380
21385
21481
21488
21549
21712
21729
21935
22012
22274
22336
22726
22894
22911
23043
23494
23620
23652
23873
23990
24122
24169
24216
24427
24721
24750
24955
24980
25067
25465
25674
25686
25946
26232
26845
27221
27353
27801
27925
28038
28210
28878
29228
29245
29327
29410
29722
29787
30008
30051
30082
30337
30406
30474
30764
30967
31089
31659
31808
31997
32197
32454
32629
32730
33213
33278
33301
33337
33515
33623
34011
34109
34242
34325
34369
34610
34622
34931
35056
35327
35342
35392
35541
35625
35957
35966
36293
36296
36327
36418
36481
36594
36724
36845
37409
37593
37696
37923
37927
38226
38388
38508
38521
38638
38889
39455
39468
39533
39574
39866
39978
40135
40537
40578
40609
40650
40784
