40
756
996
1060
1076
1094
1163
1202
1217
1412
1440
1479
1480
1492
1513
2066
2348
2459
2493
2769
2784
2892
2917
3160
3382
3451
3532
3575
4268
4269
4428
4554
4979
5016
5024
5148
5355
5465
5873
6165
6188
6313
6441
6517
6537
6606
6982
7040
7158
7435
7969
8060
8291
8360
8424
8510
8566
8578
8781
8976
9047
9120
9524
9738
9809
10129
10171
10279
10344
10687
10725
10728
10777
10867
10889
10927
11063
11154
11515
11642
11665
11686
11764
11830
11965
12245
12346
12375
12474
12718
12893
13060
13104
13126
13135
13190
13203
13210
13299
13361
13397
13518
13624
13742
14091
14301
14308
14363
14538
14674
14844
14859
14886
14915
15710
16293
16308
16398
16463
16603
17067
17097
17155
17732
17780
17969
18201
18338
18359
18472
18506
18751
18794
18872
19151
19229
19312
19321
19525
19624
19805
19903
20225
20466
20506
20770
20938
21004
21092
21134
21312
21411
21747
21821
22010
22246
22338
22418
22470
22528
22547
22763
22821
22823
22935
23080
23240
23694
23971
24033
24289
24340
24375
24554
24652
24761
24866
25011
25192
25324
25801
26040
26072
26455
26537
26561
26951
26960
26971
27065
27104
27548
27569
27719
27725
27806
27833
28072
28658
28759
28875
28982
29101
29152
29304
29403
29625
29653
29925
30172
30331
30449
30824
31004
31019
31073
31087
31097
31392
31519
31601
31637
31873
31893
32005
32123
32135
32290
32296
32485
32908
32931
33762
33831
33833
34039
34169
34235
34246
34300
34367
34584
34708
34777
34840
34884
34966
35024
35053
35078
35080
35114
35151
35379
35403
35407
35424
35447
35589
35769
35860
35873
36051
36506
36802
37281
37302
37678
37777
37800
37840
38013
38036
38222
38255
38444
38605
38628
38950
38983
39067
39082
39205
39310
39417
39487
39520
39572
39587
39669
39694
40025
40055
40069
40074
40229
40276
40309
85
219
231
302
346
1088
1111
1181
1508
1798
1873
2318
2580
2601
2662
2747
2810
2975
3093
3123
3627
3818
3823
3926
3927
3990
4245
4409
4520
4529
4675
4778
4819
4857
4919
4991
4995
5025
5044
5052
5096
5163
5168
5250
5451
5792
6046
6121
6167
6307
6375
6864
6933
7164
7231
7318
7503
7586
7710
7717
8105
8224
8238
8239
8304
8408
8533
8563
8618
8712
9161
9242
9256
9718
9922
9935
9946
10077
10541
10605
10677
10994
11041
11095
11186
11562
11598
11945
12302
12345
12457
12723
13037
13099
13109
13129
13718
13875
14041
14416
14688
14835
14899
14920
15348
15384
15423
15424
15515
15697
16093
16574
16644
16913
16958
17192
17332
17354
17360
17424
17577
17641
17917
18882
18977
19216
19300
19353
19614
19690
19974
20015
20038
20056
20136
20293
20337
20344
20813
20860
20963
21049
21112
21184
21203
21385
21481
21488
21549
21712
22036
22274
22321
22726
22888
22894
22911
23929
23967
23990
24216
24721
24750
24867
24917
25018
25067
25674
25686
26137
26232
26845
27136
27198
27386
27521
27801
27815
27839
27868
27925
28005
28038
28769
28800
28878
29290
29410
29787
30008
30051
30169
30406
30474
30764
31089
31103
31194
31659
31875
32197
32629
32730
32771
33301
33623
33701
34011
34109
34242
34325
34372
34610
34622
34896
34923
35056
35128
35278
35327
35342
35360
35371
35392
35912
36175
36293
36296
36327
36481
36724
36881
37226
37418
37509
37560
37593
37714
37913
38055
38081
38225
38226
38388
38508
38521
38812
39084
39127
39468
39574
40231
40395
40457
40578
40609
40631
40650
40680
40784
