11
40
507
756
792
819
1027
1060
1202
1217
1412
1479
1492
1758
2003
2037
2104
2459
2493
2553
2572
2784
2858
2892
2917
3055
3124
3382
3383
3391
3451
3532
3575
3773
3816
3937
3999
4185
4268
4428
4602
4639
4812
4870
4979
5016
5074
5760
6165
6190
6517
6537
7158
7261
7362
7435
7835
7969
8079
8291
8480
8510
8535
8644
8781
9120
9240
9524
9695
9738
10131
10279
10344
10687
10889
10927
11139
11225
11413
11609
11665
11711
11764
12071
12073
12198
12245
12375
12512
12571
12718
12955
12985
13135
13190
13210
13518
13742
13744
13790
13833
13884
14190
14308
14363
14516
14666
14674
14886
14915
15059
15174
15710
16697
16844
16860
16968
17097
17155
17201
17522
18115
18121
18201
18359
18472
18580
18751
18794
18814
19229
19291
19312
19321
19422
19423
19525
19805
20024
20104
20225
20876
21004
21092
21123
21157
21167
21287
21411
21612
21747
21767
22014
22094
22297
22338
22470
22763
22821
22935
23240
23867
23890
23971
24340
24347
24554
24598
24761
24807
24866
24982
25324
25780
25801
26277
26480
26561
26580
26715
26901
26951
26960
26971
27065
27372
27402
27593
27806
27833
28122
28473
28658
28776
28783
28931
28990
29152
29588
29601
29644
29653
29760
29836
29963
30660
30824
31087
31097
31592
31601
31637
31873
31890
32123
32135
32152
32485
32908
32931
33244
33448
33749
33762
33833
33965
34017
34020
34235
34300
34584
34708
34818
34840
34884
34963
34966
34996
35024
35080
35114
35255
35364
35407
35447
35589
35769
35770
35873
36051
36347
36599
36719
36757
36802
37777
38103
38255
38444
38605
38628
38677
38887
38983
38999
39082
39205
39417
39449
39487
39572
39587
39669
40025
40074
40229
40276
40309
40342
40432
40800
31
42
117
231
302
342
697
762
1111
1181
1507
1547
1873
2302
2452
2575
2580
2975
3087
3350
3627
3990
4363
4409
4819
4857
4919
4991
5025
5079
5144
5163
6167
6201
6329
6375
6579
6754
6886
6933
7074
7126
7187
7345
7503
7586
7717
8010
8105
8234
8408
8481
8533
8615
8618
8691
8712
8713
8880
9066
9092
9161
9456
9550
9566
9612
9624
9685
9697
9718
10191
10492
10605
10741
10875
10905
11041
11247
11598
11689
11748
12056
12122
12302
12310
12457
12746
13037
13099
13109
13445
14039
14041
14193
14416
14688
14745
14835
14899
14901
14942
15203
15304
15423
15515
15697
16108
16114
16228
16297
16380
16434
16440
16493
16644
16724
16761
16913
16958
17306
17327
17332
17344
17500
17577
17729
17917
18052
18175
18668
18891
18977
19216
19353
19614
19690
19934
19974
20136
20286
20293
20337
20344
20406
20618
20813
20827
20860
20963
21078
21112
21148
21203
21412
21549
21712
21935
22036
22274
22336
22519
22726
22888
23494
23873
23990
24169
24721
24750
24867
24917
25018
25067
25297
25334
25465
25600
25686
25946
26232
26267
26845
26978
27136
27210
27221
27386
27815
27839
27917
27925
28005
28208
28210
28327
28511
28592
28918
29245
29290
29327
29401
29470
29722
29787
30169
30337
30406
30474
31103
31394
31765
32004
32197
32454
32629
32771
32844
33033
33087
33213
33337
33494
33515
34011
34106
34372
34610
34896
34923
34931
35128
35327
35342
35371
35392
35625
35768
35912
35966
36021
36296
36319
36327
36594
36845
37016
37226
37239
37311
37409
37418
37696
37714
37815
37923
37935
38055
38081
38219
38226
38388
38638
38703
38789
38812
39127
39468
39533
39978
40231
40563
40575
40606
40650
40680
40784
