11
382
507
719
756
792
819
1060
1094
1197
1202
1217
1397
1440
1513
1535
2037
2348
2917
3532
3773
3816
3830
3908
3937
4185
4264
4268
4282
4387
4422
4554
4772
4870
5016
5022
5024
5074
5466
5503
6026
6188
6190
6441
6477
6517
6537
6711
6982
7040
7085
7147
7158
7261
7362
7435
7835
8079
8535
8594
8626
8781
9023
9047
9072
9154
9240
9524
9593
9695
9795
9809
9979
10129
10171
10344
10593
10687
10777
10889
10927
11063
11154
11413
11515
11553
11609
11658
11665
11764
11829
11830
12073
12346
12375
12407
12512
12571
12893
12985
13029
13104
13126
13210
13299
13361
13518
13624
13709
13726
13744
13833
13884
14091
14190
14306
14363
14516
14844
14859
14886
14915
15059
15349
15480
16254
16293
16308
16398
16860
16959
17067
17097
17155
17201
17265
17291
17934
18115
18256
18506
18751
18872
19008
19151
19291
19312
19321
19624
19805
19903
21123
21134
21157
21248
21268
21312
21612
21747
21767
21770
22010
22014
22136
22297
22418
22470
22821
23867
24289
24347
24554
24571
24598
24684
24689
24807
24831
25011
25324
25780
25820
26480
26561
26580
26715
26951
27065
27163
27372
27402
27548
27690
27748
27833
28473
28554
28658
28759
28776
28875
28931
29101
29152
29304
29599
29601
29606
29653
29760
29836
30040
30441
30481
30598
31004
31019
31087
31271
31592
31637
31873
31893
32135
32152
32290
32869
32908
32927
32931
33448
33749
33815
33831
34017
34235
34300
34708
34794
34884
34966
34996
35078
35114
35151
35255
35325
35403
35407
35424
35651
35770
35860
36329
36347
36599
36802
37777
37800
37840
37931
38013
38036
38103
38222
38274
38605
38628
38983
39067
39205
39417
39449
39487
39587
39694
39939
40025
40055
40069
40074
40276
40309
40432
40800
13
85
231
302
1088
1111
1181
1632
2302
2318
2580
2601
2662
2810
2834
2975
3067
3087
3123
3336
3396
3572
3627
3926
4023
4245
4363
4409
4484
4520
4529
4919
4975
5025
5079
5082
5163
5250
5302
5451
5473
5661
5745
5792
5796
5979
6158
6307
6329
6375
6399
6469
6886
7010
7064
7074
7164
7187
7318
7503
7710
8123
8217
8234
8239
8304
8481
8533
8541
8563
8615
8712
8880
9005
9161
9173
9242
9256
9456
9566
9612
9624
9922
10077
10741
10875
10977
10984
11000
11041
11095
11190
11247
11380
11689
11748
11973
12056
12122
12302
12345
12368
12457
12723
13037
13077
13099
13785
14039
14193
14901
14920
14942
15066
15132
15203
15384
15423
16114
16380
16434
16440
16492
16493
16570
16574
16644
16724
16761
17136
17327
17344
17354
17360
17568
17626
17729
18052
18175
18863
19300
19353
19614
19934
19974
20015
20056
20134
20337
20344
20600
20618
20664
20751
20813
20860
20963
21078
21203
21455
21468
21712
21729
22336
22519
22544
22726
22888
22894
23043
23180
23408
23494
23652
23967
23990
24122
24427
24750
24917
25018
25297
25334
25465
25686
25946
26267
26529
26542
26845
27155
27198
27221
27521
27801
27839
27868
27925
28208
28511
28592
28769
29327
29401
29410
29470
29722
29787
30474
30764
31103
31194
31394
31659
31765
31875
32098
32844
33087
33278
33337
33515
33701
34011
34192
34242
34325
34369
34372
34610
34622
34668
35056
35184
35391
35541
35625
36021
36175
36319
36327
36418
36481
36724
37560
37593
37889
37913
37923
37927
37935
38055
38081
38225
38226
38305
38521
38638
38789
38889
38989
39127
39147
39468
39533
39866
40537
40563
40578
40606
40631
40650
40784
