11
719
756
819
951
1027
1076
1094
1197
1202
1440
1492
1513
2037
2066
2104
2336
2493
2769
2858
2892
2917
3124
3160
3382
3391
3451
3532
3575
3623
3816
3830
3908
4268
4269
4282
4387
4554
4979
5016
5022
5024
5074
5148
5465
5466
5760
5811
6026
6188
6190
6313
6477
6537
7147
7261
7435
7963
7969
8079
8360
8424
8480
8510
8644
8781
8976
9023
9047
9593
9738
9795
9998
10131
10171
10279
10344
10687
10728
10889
11063
11277
11515
11553
11658
11764
11830
12071
12198
12245
12375
12474
12631
12690
12718
12893
12985
13104
13135
13175
13190
13203
13210
13299
13314
13361
13518
13742
13744
13986
14144
14228
14306
14308
14538
14599
14666
14844
14886
15059
15480
15710
16293
16308
16398
16411
16697
16959
16968
17265
17340
17780
17969
18076
18359
18506
18751
19008
19151
19225
19229
19312
19321
19422
19423
19624
19799
19903
20334
20466
20770
20876
20938
21004
21092
21123
21157
21167
21248
21268
21312
21767
21770
22010
22014
22094
22246
22338
22763
22821
22823
22862
22935
23240
23867
23890
24033
24347
24375
24554
24761
24807
24866
25011
25470
26269
26347
26455
26537
26951
26958
26960
27065
27352
27569
27593
27725
27748
27833
28072
28473
28658
28875
28931
28982
28990
29152
29304
29403
29588
29606
29625
29653
29836
29925
29936
30107
30172
30347
31073
31087
31271
31392
31519
31592
31882
31893
32135
32217
32485
32869
32908
32931
33180
33244
33831
34039
34246
34300
34708
34777
34840
34907
34966
35098
35114
35255
35860
35873
35946
36082
36506
36719
37390
37777
37800
37907
37931
38103
38255
38273
38274
38444
38677
38887
39067
39082
39459
39520
39694
40069
40229
40276
40309
40428
40432
40800
85
117
120
302
697
1111
1508
1547
1739
1873
2318
2452
2662
2737
2810
2836
2936
2975
3069
3113
3123
3204
3336
3350
3396
3495
3818
3823
3935
4023
4245
4484
4675
4778
4819
4991
5044
5079
5082
5096
5168
5250
5302
5324
5451
5615
5796
5979
6121
6194
6201
6307
6375
6399
6579
6864
6886
7064
7074
7126
7187
7231
7318
7345
8010
8105
8217
8234
8238
8239
8304
8408
8541
8615
8923
9092
9256
9456
9550
9697
9718
9935
9946
10191
10534
10626
10677
10984
10994
11000
11041
11087
11186
11190
11247
11380
11689
11732
11945
11973
12056
12122
12302
12310
12368
12390
12457
12746
13037
13077
13099
13109
13445
14039
14041
14193
14245
14416
14745
15203
16093
16108
16114
16380
16434
16440
16492
16574
16644
16958
17332
17360
17563
17729
18052
18668
18882
18891
19216
19333
19403
19614
19690
19974
20056
20337
20344
20406
20600
20618
20751
20813
20963
21049
21078
21148
21203
21385
21412
21455
21510
21712
21729
21935
22012
22274
22321
22336
22519
22544
22894
23180
23494
23620
23652
23873
23948
23967
24427
24498
24721
24750
24835
24980
25067
25297
25334
25368
25465
25600
25674
25686
25946
26137
26845
26978
27198
27221
27386
27521
27801
27815
27917
28005
28208
28511
28592
28769
28800
28878
28918
29290
29508
29722
30051
30169
30337
30474
30967
31194
31394
31808
31875
31997
32004
32098
32197
32629
32844
33278
33301
33337
33623
34011
34372
34896
34923
34931
35056
35327
35360
35392
35546
35625
35633
35912
35957
36481
36594
36845
37311
37369
37418
37509
37560
37593
37815
37889
37923
38081
38219
38305
38508
38812
38889
38989
39147
39455
39468
39533
39574
39866
39978
40151
40185
40395
40537
40563
40606
40609
40784
