756
951
996
1027
1076
1094
1163
1397
1479
1758
2003
2336
2459
2572
2769
2858
2861
3124
3160
3382
3532
3623
3773
3999
4185
4264
4282
4387
4428
4554
4602
4613
4639
4812
5022
5024
5074
5355
5466
5503
5811
5812
6477
6517
6537
6606
6982
7147
7261
7435
7835
7963
8060
8079
8253
8291
8360
8480
8510
8594
8626
8781
9047
9072
9120
9240
9593
9795
9809
9979
10129
10171
10271
10344
10687
10725
11063
11204
11277
11413
11686
11829
11830
11965
12071
12073
12346
12493
12571
12609
12690
12893
12955
12985
13060
13121
13126
13135
13175
13210
13314
13518
13709
13742
13744
13884
13986
14091
14144
14228
14301
14306
14308
14363
14516
14538
14859
14886
15059
15349
15534
15710
16254
16398
16463
16603
16844
16860
17155
17444
17522
17780
18076
18472
18580
18814
18872
19008
19291
19321
19799
19805
19903
20024
20104
20225
20466
20876
21004
21123
21134
21248
21268
21612
21770
21821
22094
22246
22528
22821
23080
23190
23240
23694
23867
23890
24033
24340
24347
24571
24684
24689
24761
24982
25192
25324
25780
25801
25820
26040
26072
26277
26455
26580
26951
26960
26992
27065
27163
27195
27352
27372
27402
27548
27569
27593
27690
27725
27806
27833
28554
28658
28875
29304
29588
29625
29653
30040
30172
30331
30598
30660
31073
31097
31271
31592
31637
31873
31882
31893
32135
32152
32217
32290
32319
32485
32869
32908
32931
33762
33831
34020
34235
34246
34584
34621
34794
34840
34884
34907
34963
35017
35024
35053
35379
35407
35447
35769
35770
35873
35909
35946
36347
36599
37302
37390
37678
37800
37931
38036
38273
38274
38444
38677
38999
39082
39205
39310
39449
39487
39572
39587
40025
40055
40229
40276
40428
40773
31
120
231
302
342
346
762
1088
1632
1798
2575
2580
2601
2662
2810
2834
2936
3067
3113
3123
3204
3350
3396
3588
3818
3823
3926
3935
4245
4288
4409
4456
4520
4675
4778
4819
4857
4919
4991
4995
5052
5082
5168
5250
5302
5443
5451
5473
5615
5792
6194
6329
6375
6579
6754
6933
7010
7187
7231
7345
7503
7586
7717
8123
8217
8224
8234
8238
8239
8304
8372
8408
8541
8615
8618
8880
9161
9173
9242
9550
9612
9624
9935
9946
10534
10541
10741
10905
10977
11087
11234
11247
11562
11732
11945
12122
12310
12457
12723
13077
13099
13445
13718
13785
14041
14899
14901
14942
15066
15304
15348
15424
15515
16093
16297
16320
16724
16913
17136
17354
17360
17500
17641
17729
18052
18175
18668
18882
19216
19300
19353
19403
19614
19690
19934
19974
20015
20134
20344
20507
20618
20813
20827
20860
21078
21112
21183
21468
21488
21729
21935
22036
22519
22544
22710
22894
22911
23180
23205
23408
23494
23620
23652
23873
23929
23948
23967
23990
24122
24216
24427
24498
24721
24835
24867
24980
25018
25297
25465
25674
25686
26137
26267
26529
26845
26978
27136
27155
27198
27210
27353
27680
27801
27839
27925
28005
28038
28208
28210
28327
28511
28769
28918
29228
29290
29327
29401
29410
29470
29722
29787
30051
30169
30337
30406
31202
31659
31875
32098
32454
32730
32771
33033
33087
33213
33301
33494
33515
33623
34106
34109
34325
34369
34622
34923
35184
35327
35360
35392
35541
35546
35633
35768
35912
35957
36175
36327
36481
36845
37016
37239
37409
37509
37593
37696
37714
37889
37927
38055
38081
38219
38225
38305
38388
38508
38638
38703
38889
39084
39375
39455
39866
40231
40395
40457
40563
40606
40609
40631
40650
