11
507
1163
1397
1412
1440
1535
1671
2003
2037
2348
2459
2493
2858
2892
3055
3160
3382
3391
3575
3908
3937
4269
4422
4554
4602
4812
4979
5016
5074
5355
5465
5760
5873
6026
6188
6313
6441
6517
6982
7040
7147
7362
8060
8079
8253
8424
8480
8510
8566
8578
8594
8781
8833
9072
9120
9240
9593
9654
9695
9795
9979
10171
10279
10344
10777
10889
10942
11063
11225
11515
11609
11642
11686
11711
11965
12073
12198
12245
12375
12512
12631
12718
12955
13029
13060
13121
13126
13135
13175
13190
13203
13299
13314
13397
13469
13518
13624
13726
13742
13744
13790
13833
13986
14190
14228
14306
14363
14516
14666
14674
14886
14915
15480
15710
16308
16411
16860
16959
17067
17155
17265
17291
17522
17732
17969
18076
18359
18751
18794
18872
19008
19229
19291
19321
19422
19423
19624
19799
20334
20491
20537
20770
21004
21092
21123
21134
21157
21167
21268
21287
21747
22094
22418
22470
22492
22547
23080
23240
23694
23867
23971
24033
24173
24340
24347
24554
24571
24684
24689
24761
24866
25192
25780
25801
26040
26269
26347
26455
26537
26715
26901
26951
26960
26971
26992
27065
27163
27352
27548
27569
27593
27725
27814
28122
28473
28554
28658
28776
28931
29101
29403
29588
29599
29625
29760
29836
29936
30172
30449
30481
30660
30824
31019
31392
31519
31601
31637
31873
31893
32005
32123
32280
32319
32485
32869
32908
32927
32931
33180
33244
33448
33749
33815
33833
33965
34039
34169
34300
34584
34818
34840
34907
35017
35024
35255
35325
35364
35403
35589
35651
35769
35909
35946
36051
36082
36347
36506
36599
36719
36726
37281
37777
37800
37840
37907
37931
38273
38274
38887
38950
39459
39474
39577
39669
39843
40025
40055
40069
40074
40276
40432
13
85
117
219
342
369
697
1088
1111
2253
2302
2318
2443
2452
2575
2580
2662
2747
2834
3067
3069
3087
3113
3350
3396
3495
3588
3627
3818
3935
4023
4363
4409
4456
4484
4529
4778
4857
4919
4975
4995
5052
5163
5168
5302
5615
5661
5745
5792
5856
6194
6201
6307
6329
6469
6705
6754
6864
7010
7074
7126
7164
7187
7345
7586
7710
7717
8123
8217
8224
8408
8541
8563
8615
8618
8691
8712
8880
8923
8951
9005
9066
9161
9256
9456
9550
9566
9718
9935
9946
10077
10191
10626
10875
11041
11095
11190
11234
11247
11562
11598
11732
11945
12056
12122
12302
12310
12345
12390
12723
13099
13129
13785
13875
14041
14416
14688
14745
14890
14920
14942
15132
15384
15424
15697
16434
16440
16492
16493
16570
16761
16913
17192
17306
17354
17563
17568
17577
17626
17729
18175
18668
18882
19216
19300
19333
19403
19614
19690
19913
19934
19974
20337
20406
20600
20664
20751
20813
20860
20963
21078
21112
21385
21468
21481
21488
21935
22012
22036
22274
22519
22544
22710
23043
23180
23408
23652
23873
23948
24122
24169
24427
24750
24867
24980
25067
25674
25946
26267
26529
26542
27136
27198
27210
27221
27839
27868
28208
28210
28511
28592
28769
28878
28918
29327
29401
29508
29722
29787
30051
30082
30169
30337
30474
30764
31089
31103
31194
31394
31659
31765
31808
31997
32004
32629
32771
33033
33087
33213
33278
33301
33337
33515
33623
33701
34109
34372
35327
35342
35371
35391
35392
35541
35768
35912
36021
36293
36327
36481
36881
37016
37311
37418
37696
37889
37927
38055
38081
38225
38226
38388
38521
38638
38703
38789
38989
39147
39375
39455
39533
39866
39978
40395
40606
40609
40650
