40
756
792
819
951
996
1027
1197
1440
1479
1492
1513
1535
2003
2037
2066
2104
2336
2348
2861
2917
3382
3383
3532
3575
3623
3816
3830
3908
4282
4428
4772
4812
4979
5016
5022
5024
5074
5355
5465
5466
5503
5873
6026
6190
6313
6477
6537
6654
6982
7040
7085
7147
7362
7435
7835
7963
7969
8060
8079
8253
8480
8566
8644
9023
9120
9654
9809
9979
10129
10131
10271
10593
10687
10728
10777
10867
10942
11204
11553
11609
11642
11658
11665
11711
11764
11830
11965
12245
12346
12375
12407
12474
12609
12631
12690
12893
13104
13203
13210
13314
13361
13469
13518
13726
13744
13790
13986
14144
14228
14301
14363
14538
14666
14674
14859
14886
14915
15059
15174
15349
15710
16254
16293
16398
16411
16463
16603
16860
16959
17097
17201
17265
17732
18076
18115
18121
18201
18256
18359
18472
18580
19008
19229
19291
19321
19525
19624
19734
19805
19903
20024
20104
20225
20334
20506
20770
20876
21004
21123
21268
21411
21612
21747
22246
22418
22492
22547
22823
22862
23190
23240
23694
23890
23971
24033
24375
24598
24761
24831
25324
25780
26269
26480
26901
26958
26992
27065
27104
27195
27372
27548
27719
27748
27814
28072
28122
28473
28554
28658
28759
28776
28931
29403
29601
29625
29653
29760
29925
30331
30347
30441
30449
30697
30824
31004
31019
31097
31271
31473
31592
31873
31882
31890
31893
32005
32280
32290
32296
32319
32485
32869
32927
33180
33244
33831
33833
34017
34584
34621
34777
34794
34818
34840
34884
35017
35053
35078
35080
35151
35364
35379
35407
35447
35769
35860
35946
36051
36329
36726
36757
36802
37302
37390
37840
37931
38036
38103
38222
38255
38274
38444
38605
38950
38983
39067
39205
39310
39520
39587
39694
39939
40055
40074
40276
40309
40428
40773
31
85
117
231
369
697
762
1088
1111
1181
1507
1547
1632
2580
2747
2810
2834
2836
2936
2975
3069
3087
3113
3123
3336
3350
3495
3627
3926
3990
4409
4529
4778
4857
4919
4995
5052
5079
5163
5324
5443
5979
6121
6158
6167
6201
6375
6579
6864
7010
7064
7164
7187
7345
7503
7586
7710
8105
8123
8224
8234
8238
8304
8372
8481
8533
8541
8563
8618
8951
9005
9066
9242
9550
9624
9685
9718
10077
10492
10541
10605
10626
10677
10875
10905
10977
10984
11087
11186
11234
11247
11380
11598
11689
11732
11748
11945
11973
12056
12122
12302
12310
12457
12746
13077
13445
13718
13785
14193
14688
14890
14901
14942
15066
15203
15348
15424
16228
16434
16492
16493
16724
16761
16913
16958
17136
17192
17327
17332
17344
17354
17424
17500
17641
17729
18175
18891
18977
19353
19690
19974
20015
20056
20134
20136
20344
20406
20507
20600
20664
20751
20827
20860
20963
21112
21148
21184
21203
21412
21455
21468
21729
21935
22012
22321
22336
22710
22726
22888
22894
23043
23180
23408
23494
23620
23660
23873
23967
24427
24721
24835
24917
24955
24980
25018
25334
25368
25465
25600
25686
26137
26267
26542
26978
27155
27386
27680
27868
27925
28038
28208
28800
29327
29470
30008
30051
30406
30764
30967
31194
31659
31765
31808
31875
32004
32177
32197
32629
32730
32844
33033
33301
33337
33623
33701
34106
34109
34325
34369
34372
34628
35056
35184
35278
35541
35633
35768
35912
35957
35966
36021
36175
36594
36881
37311
37369
37409
37509
37560
37696
37923
38081
38225
38508
38638
38789
38989
39084
39147
39375
39468
39978
40135
40185
40563
40575
40578
40606
40631
40784
