11
507
719
756
792
951
996
1027
1060
1076
1094
1163
1397
1412
1480
1758
2003
2336
2459
2769
2784
2861
2892
3055
3124
3830
3999
4264
4268
4269
4428
4812
5022
5074
5466
5503
5760
5812
6026
6165
6190
6477
6517
6982
7085
7158
7261
7435
7835
7963
7969
8060
8253
8291
8360
8510
8566
8626
8833
8976
9072
9240
9654
9795
9998
10129
10271
10344
10593
10728
10777
10867
11139
11154
11204
11413
11609
11642
11711
11829
12198
12375
12407
12474
12718
12893
12985
13029
13104
13190
13203
13210
13397
13469
13518
13726
13790
13833
14144
14190
14228
14363
14516
14599
14859
15174
15349
15534
16293
16398
16463
16697
16968
17097
17155
17201
17265
17291
17732
18256
18338
18751
18872
19008
19151
19291
19422
19525
19624
19799
20024
20334
20938
21123
21134
21157
21268
21287
21411
21770
22010
22014
22136
22297
22338
22418
22492
22528
22763
22823
22862
23190
23867
23971
24173
24347
24571
24598
24652
24684
24689
24807
24866
25192
25324
25780
26040
26269
26277
26455
26480
26561
26992
27104
27352
27372
27548
27569
27719
27748
27806
27814
27833
28072
28122
28759
28931
28990
29101
29304
29403
29588
29599
29601
29644
29653
29760
29936
29963
30441
30481
31004
31073
31097
31271
31473
31873
31882
32005
32123
32152
32217
32280
32485
32908
32927
32931
33749
33831
34017
34020
34039
34367
34584
34621
34777
34794
34818
34884
34966
34996
35024
35078
35098
35114
35151
35255
35325
35364
35379
35424
35447
35589
35651
35860
35909
36082
36599
36757
36802
37281
37390
37931
38036
38255
38273
38274
38605
38628
38950
39067
39310
39417
39449
39520
39572
39843
40069
40229
40309
40342
40428
40800
31
117
302
346
697
1111
1507
1508
1632
2253
2443
2452
2575
2580
2834
2836
2936
3087
3093
3113
3336
3396
3495
3572
3627
3818
3926
3935
4245
4409
4484
4778
4819
4991
5025
5052
5079
5082
5144
5163
5185
5324
5443
5473
5745
5796
5979
6121
6158
6194
6201
6307
6329
6375
6399
6469
6579
6705
6886
6933
7010
7074
7126
7187
7318
7345
7503
7586
7717
8105
8123
8217
8224
8238
8239
8304
8372
8481
8533
8541
8691
8712
8880
9173
9566
9612
9624
9685
9697
9935
9946
10077
10191
10534
10626
10741
10875
10977
11000
11041
11186
11234
11247
11380
11562
11598
11689
11732
11945
11973
12056
12390
12457
13099
13109
13129
13445
13718
13875
14041
14245
14688
14745
14890
14901
14920
14942
15132
15304
15348
15424
15515
15697
15922
16093
16114
16492
16493
16570
16913
16958
17332
17354
17360
17500
17563
17626
17641
17917
18175
18668
18863
18882
19216
19333
19403
19913
19974
20038
20056
20134
20136
20337
20344
20406
20507
21078
21148
21203
21412
21455
21468
21481
21510
21712
21729
22274
22321
22336
22544
22710
22726
22894
22911
23205
23494
23620
23652
23873
23948
24122
24169
24216
24498
24955
24980
25297
25368
25465
25674
25686
25946
26232
27198
27221
27521
27801
27815
27839
27868
27917
27925
28005
28038
28208
28210
28769
28918
29228
29245
29290
29410
29508
29722
30051
30169
31089
31659
31808
32004
32098
32730
32844
33278
33515
34011
34106
34192
34242
34325
34610
34628
34668
34896
34923
35128
35184
35278
35342
35371
35391
35541
35625
35768
35966
36319
36327
36594
36881
37016
37239
37369
37418
37509
37593
37696
37815
37935
38081
38219
38225
38305
38521
38789
39127
39147
39375
39455
39574
40185
40395
40563
40575
40578
40609
