40
507
719
792
819
951
1076
1094
1202
1397
1479
1480
1492
1513
1671
2003
2066
2104
2336
2459
2493
2553
2572
2784
2861
3055
3382
3383
3391
3575
3623
3773
3830
3908
4269
4428
4639
4870
5016
5074
5466
5503
5760
5873
6026
6165
6188
6313
6537
6606
6711
6982
7085
7261
7362
7963
7969
8079
8253
8291
8510
8594
8781
8833
8976
9023
9047
9072
9120
9154
9240
9524
9593
9654
9695
9738
9809
9979
9998
10129
10279
10728
10777
10867
10927
10942
11139
11154
11413
11515
11609
11665
11686
11711
11764
11829
12071
12245
12375
12474
12571
12690
12893
12955
13104
13175
13190
13210
13314
13397
13469
13624
13709
13726
13742
13744
13833
13986
14190
14228
14538
14666
14859
14915
15174
15480
15534
15710
16254
16293
16308
16463
16697
16844
16959
16968
17067
17265
17291
17444
17732
17780
18256
18359
18472
18751
18794
18814
18872
19008
19151
19624
19799
20024
20104
20334
20466
20491
20506
20770
20938
21092
21134
21157
21268
21312
21411
21612
21767
21821
22014
22094
22246
22297
22418
22470
22763
23080
23240
23867
24033
24173
24289
24554
24571
24684
24689
24761
24807
24831
24866
25011
25192
25470
25801
25820
26269
26480
26537
26715
26951
26992
27104
27372
27402
27548
27569
27593
27690
27719
27725
28473
28554
28658
28776
28875
28931
28990
29152
29599
29601
29653
29836
29925
30040
30172
30347
30598
30660
31073
31087
31271
31473
31601
31637
31882
32123
32217
32869
32908
32931
33274
33762
33815
33833
33965
34017
34039
34169
34246
34300
34584
34840
34907
35017
35053
35080
35098
35114
35151
35255
35379
35447
35651
35769
35873
36051
36347
36599
36719
36726
36757
36802
37390
37678
38013
38222
38887
38950
39459
39487
39520
39577
39587
39939
40069
40074
40229
40342
40773
40800
85
117
120
302
369
762
1088
1181
1508
1798
2302
2452
2575
2737
2836
2936
3067
3069
3087
3204
3495
3588
3823
3926
3927
3990
4023
4363
4409
4456
4520
4675
4778
4819
4991
5025
5052
5079
5096
5168
5250
5324
5451
6046
6121
6201
6307
6329
6375
6705
6864
6933
7010
7074
7126
7164
7318
7345
7503
7710
8105
8123
8217
8224
8238
8239
8372
8533
8541
9005
9161
9566
9685
9718
9922
9935
9946
10077
10492
10541
10626
10977
10994
11087
11095
11190
11247
11598
11732
11973
12302
12310
12345
12368
12390
12457
12746
13037
13077
13445
13718
13785
14039
14245
14688
14745
14890
14899
15132
15348
15423
15922
16108
16114
16228
16320
16380
16492
16644
16761
16958
17136
17306
17327
17332
17360
17626
17641
17729
17910
18052
18863
18891
19300
19353
19403
19614
19913
19974
20134
20286
20337
20600
20618
20664
20963
21049
21148
21183
21184
21380
21412
21468
21549
21729
22012
22036
22336
22544
22710
22726
22888
22911
23205
23620
23652
23660
23967
24169
24216
24721
24917
24955
25067
25297
25334
25465
25600
25674
25686
25946
26137
26232
26845
26978
27210
27353
27801
27868
28005
28208
28592
28769
28800
28878
29290
29327
29401
29410
29470
29722
29787
30082
30169
30406
30474
30764
30967
31089
31165
31394
31765
31808
32098
32454
32844
33087
33278
33301
33337
33623
34109
34369
34372
34622
34668
35056
35184
35342
35625
35633
35768
35912
35957
36021
36293
36327
36481
36594
36881
37016
37239
37418
37509
37593
37913
37927
38226
38305
38388
38508
38521
38789
38812
38889
38989
39375
39468
39866
40151
40185
40231
40395
40606
40609
40631
40680
