719
756
792
951
1060
1076
1094
1163
1197
1202
1412
1479
1535
1758
2003
2037
2066
2104
2348
2769
2858
2917
3124
3160
3391
3532
3575
3773
3908
3937
3999
4269
4387
4428
4602
4613
4639
4772
4812
5016
5022
5024
5074
5466
5503
5760
5811
6188
6313
6477
6537
6606
6654
7040
7261
7835
7963
7969
8079
8253
8291
8424
8480
8510
8566
8594
8644
8833
9047
9072
9154
9524
9593
9654
9738
10271
10725
10728
10867
10942
11063
11413
11609
11642
11665
11829
11965
12073
12198
12245
12346
12474
12493
12571
12690
12718
12893
12985
13029
13121
13135
13175
13190
13314
13742
14091
14144
14301
14308
14538
14599
14666
14844
14859
14886
14915
15174
15349
15710
16254
16293
16398
16463
16603
16844
17201
17291
17340
17444
17522
17732
17780
17969
18256
18338
18359
18872
19151
19229
19291
19312
19422
19624
19805
19903
20104
20466
20491
20537
20778
20876
21004
21123
21134
21157
21248
21287
21612
21821
22014
22094
22418
22492
22821
22823
22862
23080
23240
24033
24289
24340
24347
24598
24652
24684
24761
24831
25192
25780
25801
26040
26072
26537
26715
26901
26951
26960
26971
26992
27104
27195
27352
27402
27548
27569
27593
27719
27725
27748
27806
28122
28658
28759
28776
28783
28990
29101
29304
29403
29588
29599
29601
29644
29925
29936
29963
30040
30347
30481
30598
31004
31019
31087
31097
31392
31519
31592
31601
31637
31893
32005
32123
32135
32152
32280
32290
32296
32319
32908
32927
32931
33180
33274
33749
33831
34020
34235
34246
34300
34584
34621
34840
34907
34996
35098
35151
35325
35403
35447
35651
35769
35873
35946
36051
36347
36506
37678
37840
37907
38222
38255
38273
38274
38444
38605
39082
39417
39587
39669
39843
39939
40055
40069
40276
40309
40800
13
31
42
117
219
302
346
1508
2253
2302
2452
2580
2662
2737
2747
2810
2834
3069
3087
3093
3123
3336
3572
3588
3627
3926
3927
3935
4023
4245
4288
4456
4484
4520
4991
4995
5052
5144
5443
5451
5473
5615
5745
5796
5856
6046
6121
6158
6167
6194
6201
6307
6375
6399
6469
6579
6864
7126
7164
7231
7503
7717
8239
8304
8408
8533
8618
8951
9173
9566
9685
9718
9935
10077
10492
10534
10677
10905
10977
10984
10994
11000
11087
11380
11562
11598
11689
11945
12122
12302
12390
12457
12723
12746
13445
13718
13785
13875
14039
14041
14193
14245
14688
14835
14901
14942
15066
15132
15203
15304
15348
15384
15515
15697
16093
16108
16228
16297
16320
16380
16434
16440
16570
16644
16724
16761
16958
17192
17354
17577
17626
17641
17729
17910
17917
18175
18863
18882
18891
18977
19333
19353
19403
19614
19690
20136
20286
20344
20751
20813
20860
20963
21049
21078
21148
21183
21412
21455
21481
21549
21729
22036
22274
22544
22888
23180
23205
23929
23990
24721
24917
24980
25018
25334
25600
25674
25946
26232
26542
27210
27353
27386
27801
27815
27839
27917
28038
28592
28878
29245
29470
29787
30008
30051
30337
30406
30764
31089
31103
31165
31194
31659
31808
31875
31997
32098
32197
32629
32844
33033
33213
33301
33337
33494
33623
33701
34109
34192
34325
34369
34610
34622
34628
35056
35184
35327
35342
35371
35541
35546
35957
36021
36296
36418
36481
36594
36724
36845
36881
37239
37311
37409
37418
37714
37815
37913
37935
38081
38219
38225
38226
38305
38521
38638
38789
38811
38812
38889
38989
39127
39455
39574
39866
39978
40135
40395
40563
40575
40578
40631
40650
40784
