40
507
719
792
819
996
1027
1094
1163
1202
1412
1440
1480
1513
2003
2037
2066
2104
2348
2459
2493
2553
2784
2858
2861
2892
2917
3383
3391
3451
3575
3773
3830
3908
3999
4268
4269
4282
4422
4554
4602
4613
4639
4772
4870
5465
5503
6477
6537
6654
6982
7040
7147
7261
7835
7969
8060
8291
8360
8424
8510
8566
8578
8626
8781
8976
9120
9240
9524
9654
9738
9795
9979
10131
10279
10593
10687
10725
10927
10942
11063
11154
11204
11277
11515
11686
11830
11965
12071
12245
12407
12474
12690
12718
12893
12955
12985
13104
13135
13190
13210
13361
13397
13469
13518
13726
13742
13833
13884
13986
14144
14666
14859
14915
15174
15480
15534
16293
16308
16398
16470
16968
17067
17097
17155
17265
17340
17732
17780
17969
18338
18359
18472
18580
18794
18814
18872
19225
19291
19422
19805
20024
20334
20778
21092
21123
21157
21167
21248
21287
21312
21770
21821
22094
22246
22338
22418
22492
22763
22823
22862
23240
23694
23867
23890
24033
24173
24340
24347
24571
24652
24689
24761
24831
24866
24982
25192
25470
25780
25801
26040
26347
26561
26580
26715
26901
26951
26992
27104
27195
27352
27402
27548
27569
27690
27719
27748
27806
27814
27833
28072
28554
28658
28776
28783
28990
29152
29403
29588
29599
29601
29625
29644
29653
29760
29836
30172
30347
30598
30697
30824
31004
31019
31271
31392
31592
31637
31893
32005
32123
32152
32280
32290
32296
32319
32485
32869
32931
33180
33244
33274
33815
33831
33833
34020
34039
34169
34584
34621
34794
34884
34963
34996
35024
35053
35078
35098
35114
35151
35364
35379
35403
35589
35769
35860
35946
36082
36329
36506
36599
36719
36757
36802
37390
37777
37800
37931
38222
38273
38274
38677
38887
39067
39205
39310
39417
39459
39487
39577
39694
39843
40069
40276
13
31
42
85
117
219
697
762
1088
1111
1508
1547
1739
1798
2302
2580
2601
2662
2747
2936
3067
3093
3113
3123
3495
3572
3818
3823
3926
3927
3935
3990
4245
4409
4484
4520
4675
4819
4919
4975
4991
5025
5185
5250
5443
5451
5615
5745
5979
6194
6307
6329
6705
6754
7010
7074
7187
7231
7318
7503
7586
8224
8234
8238
8304
8533
8563
8615
8618
8713
8880
8923
8951
9066
9092
9161
9612
9685
9718
9922
9946
10077
10534
10626
10677
10741
10905
11041
11190
11234
11689
11748
11973
12056
12310
12345
12368
12390
12457
12746
13037
13077
13099
13129
13445
13718
13785
14745
14835
14901
14920
15066
15132
15203
15304
15384
15424
15697
16108
16228
16297
16434
16440
16492
16644
16958
17136
17192
17332
17360
17563
17568
17626
17910
18863
18882
18891
19333
19353
19403
19974
20038
20056
20134
20136
20286
20293
20600
20618
20664
20751
20813
20963
21078
21183
21468
21510
21712
22336
22519
22544
22710
22894
23205
23494
23929
23948
24427
24498
24721
25465
25600
25674
26529
26542
26978
27353
27386
27521
27801
27815
27839
27868
27925
28005
28878
29228
29245
29290
29327
29401
29470
29508
29787
30051
30082
30406
30967
31103
31202
31394
31659
31808
31933
31997
32197
32771
32844
33278
33337
33494
34011
34106
34192
34242
34325
34372
34610
34628
35056
35128
35184
35541
35546
35625
35957
36296
36418
36481
36594
36845
36881
37016
37560
37714
37889
37913
37923
37927
37935
38081
38219
38225
38305
38508
38638
38703
38789
38811
38812
39084
39455
39574
39978
40135
40151
40185
40231
40395
40457
40537
40575
40578
40606
40631
