11
382
507
719
756
1027
1060
1076
1217
1440
1535
2003
2066
2336
2892
2917
3055
3383
3391
3451
3773
3830
3908
3999
4185
4268
4387
4422
4554
4602
4639
4870
5016
5465
5466
5812
5873
6190
6606
6711
7040
7085
7362
7835
7963
8060
8079
8510
8578
8594
8781
9047
9072
9154
9240
9524
9695
9795
9979
9998
10129
10131
10171
10593
10728
10889
10942
11063
11139
11225
11277
11515
11553
11658
11686
11829
12071
12073
12375
12474
12493
12631
12690
12718
12955
13029
13126
13135
13190
13203
13210
13624
13709
13726
13742
13744
13884
14301
14306
14363
14516
14538
14666
14674
14844
14915
15059
15349
15480
15534
15710
16293
16398
16959
17067
17097
17155
17265
17340
17444
17732
18121
18338
18506
18580
18794
18814
19008
19225
19229
19291
19734
19799
19805
19903
20024
20104
20334
20506
20537
20876
20938
21092
21123
21134
21268
21747
21821
22010
22418
22470
22492
22528
22862
22935
23694
23890
23971
24173
24347
24375
24554
24652
24689
24761
24807
24831
24866
25780
25801
25820
26072
26347
26455
26480
26580
26715
26901
26951
26992
27065
27104
27352
27402
27548
27569
27719
27748
27806
28072
28554
28658
28776
28875
28931
28982
28990
29304
29601
29625
29760
29836
30107
30172
30331
30441
30449
30598
30660
30697
31087
31097
31271
31392
31519
31592
31601
31890
32005
32123
32280
32290
32296
33244
33749
33762
33833
34017
34020
34039
34235
34300
34584
34621
34777
34794
34907
34966
34996
35017
35078
35080
35098
35151
35325
35364
35379
35403
35407
35589
35860
36051
36329
36802
37281
37302
37800
37840
38013
38605
38628
39067
39082
39205
39310
39459
39520
39577
39587
39843
39939
40229
40276
40309
40342
40800
13
31
42
120
231
302
342
697
1088
1507
1508
1547
1632
1798
2253
2302
2443
2452
2580
2662
2747
2810
2834
2936
3067
3069
3087
3093
3204
3350
3396
3588
3627
3818
3823
3926
3935
4245
4456
4675
4778
4857
4995
5096
5185
5443
5661
6121
6158
6194
6886
7064
7126
7164
7231
7318
7345
7503
7586
7710
8010
8123
8217
8224
8372
8533
8615
8618
8691
8713
8923
9005
9173
9256
9456
9550
9566
9697
9935
10077
10534
10626
10741
11186
11190
11689
11748
11945
12056
12302
12310
12746
13077
13099
13109
13875
14039
14193
14688
14835
14901
14942
15066
15132
15203
15384
15697
16108
16114
16228
16297
16440
16570
16574
16761
17136
17192
17306
17332
17344
17354
17568
17626
17729
17917
18863
18891
18977
19403
19614
19690
19913
20015
20038
20056
20134
20136
20293
20406
20507
20618
20751
20813
20860
20963
21184
21203
21385
21412
21455
21481
21510
21549
21729
21935
22012
22036
22274
22321
22519
22710
22726
22911
23043
23205
23660
23929
23990
24169
24216
24427
24721
24750
24867
24917
24955
25018
25067
25297
25600
25674
26137
26232
26267
26529
26542
26978
27353
27386
27521
27815
27925
28208
28210
28511
28592
29228
29245
29327
29401
29410
29722
29787
30008
30169
30337
30406
30764
31165
31194
31202
31394
31659
31765
31875
32004
32197
32454
32629
33033
33213
33278
33337
33494
33623
33701
34011
34106
34192
34325
34610
34622
34896
34923
35327
35342
35360
35371
35391
35392
35541
35546
35625
35633
36021
36296
36319
36327
36594
36881
37016
37226
37239
37409
37560
37593
37714
37889
37927
37935
38219
38305
38508
38703
38789
38811
38812
38889
39127
39375
39455
39574
39866
40135
40231
40457
40563
40575
40578
40609
40631
40680
