40
382
756
792
819
951
996
1027
1163
1217
1479
1513
1535
1671
1758
2003
2037
2104
2336
2459
2493
2858
3124
3160
3383
3391
3773
3937
3999
4268
4269
4422
4602
4613
4639
5024
5148
5355
5812
5873
6026
6477
7147
7261
7435
7969
8060
8079
8253
8480
8535
8594
8644
8976
9023
9047
9072
9120
9524
9593
9654
9695
9738
9998
10171
10271
10279
10344
10777
10889
10927
10942
11063
11139
11154
11225
11642
11686
11711
11829
11830
12073
12245
12474
12512
12571
12631
12690
12718
12955
13060
13104
13121
13175
13203
13397
13469
13624
13726
13744
13986
14091
14144
14301
14306
14516
14666
14674
15174
16293
16398
16411
16463
16470
16697
16844
16860
17067
17097
17155
17201
17340
17780
17969
18076
18115
18121
18201
18338
18472
18872
19008
19312
19423
19525
19624
19734
19799
19805
20024
20104
20225
20334
20506
20537
20770
20778
20876
21134
21167
21312
21411
21612
22010
22014
22246
22297
22418
22547
22763
22821
22823
23190
23240
23867
24173
24340
24347
24652
24689
24761
24807
24866
25780
26040
26072
26537
26561
26580
26951
26958
26971
27163
27195
27372
27725
27806
27833
28122
28554
28759
28783
28931
28982
29101
29304
29599
29601
29644
29653
29760
30107
30172
30449
30481
30598
30824
31004
31019
31073
31271
31392
31473
31592
31601
31637
32005
32152
32217
32290
32296
32319
32908
33180
33448
33762
33815
34039
34367
34584
34621
34794
34818
34840
35024
35053
35078
35098
35114
35325
35403
35589
35946
36082
36329
36347
36506
36599
37678
37840
37907
38103
38273
38444
38605
38628
38887
38950
38999
39417
39449
39474
39487
39572
39587
39694
39939
40069
40342
40428
40432
40773
42
85
117
231
302
369
762
1088
1181
1508
1547
1739
1873
2253
2318
2452
2601
2662
2737
2810
2834
2836
2936
2975
3087
3093
3336
3396
3572
3588
3818
3823
3927
3935
4245
4409
4484
4520
4529
4778
4819
4991
5052
5096
5163
5168
5185
5250
5443
5451
5473
5661
5792
5796
5856
6158
6194
6201
6307
6329
6375
6579
6705
6754
6886
7010
7164
7187
7318
7586
8010
8105
8123
8234
8408
8481
8533
8618
8691
8713
9005
9173
9242
9550
9566
9624
9685
9697
9718
9922
9946
10077
10191
10626
10741
10875
10984
10994
11000
11186
11247
11380
11598
11732
11748
12122
12302
12368
12457
12723
13037
13109
13129
13445
13875
14041
14193
14245
14745
14890
14899
14920
15132
15203
15304
15384
15423
15424
15697
15922
16093
16114
16228
16297
16434
16440
16492
16493
16644
16761
16913
17136
17192
17306
17327
17424
17563
17641
17729
18052
18863
18882
18891
18977
19216
19300
19333
19353
19403
19614
19913
20134
20136
20293
20406
20618
20664
20751
20963
21049
21203
21380
21385
21468
21481
21510
21712
21935
22012
22036
22274
22336
22519
22544
22726
22888
22894
22911
23180
23652
23873
23929
23948
24216
24427
24498
24721
24750
24835
24867
24917
24980
25018
25067
25297
25465
25674
25946
26529
26978
27136
27198
27801
27815
28005
28511
28592
28800
28878
29228
29245
29290
30474
30764
31103
31765
31808
31875
32098
32197
32771
33033
33278
33301
33337
33494
33515
33701
34106
34242
34372
34622
34628
35184
35278
35360
35371
35392
35541
35546
35633
35768
35912
35957
35966
36175
36293
36327
36481
36724
36881
37239
37311
37509
37560
37593
37714
37815
37913
37927
38055
38081
38219
38388
39084
39127
39147
39468
39533
39866
39978
40457
40537
40563
40650
40680
