382
756
819
996
1197
1202
1217
1397
1440
1479
1535
1758
2003
2348
2459
2553
2572
2769
2784
2858
2861
3055
3124
3382
3383
3391
3451
3623
3816
3830
4264
4268
4269
4422
4428
4812
4870
5016
5022
5024
5074
5355
5465
5466
5503
5760
6026
6188
6313
6441
6537
6606
6654
7040
7362
7835
8079
8253
8424
8480
8535
8566
8833
9154
9240
9524
9593
9654
9795
9998
10687
10777
10927
10942
11225
11413
11515
11642
11658
11665
11686
11711
11764
11965
12346
12407
12493
12571
12631
12690
12718
12955
13029
13060
13104
13121
13126
13135
13203
13210
13314
13397
13624
13709
13742
13833
13884
14091
14144
14228
14306
14363
14516
14674
14915
15059
15534
16254
16411
16463
16470
16603
16697
16860
16968
17067
17201
17340
17444
17969
18076
18121
18201
18256
18338
18359
18472
18580
18794
18872
19229
19312
19321
19422
19624
19903
20024
20334
20491
20778
20938
21004
21134
21411
21770
22094
22136
22338
22470
22492
22547
22823
22862
22935
23190
23971
24347
24375
24554
24598
24684
24807
24831
25011
25192
25470
25780
25801
26277
26455
26480
26561
26580
26715
26951
26960
26971
27163
27195
27690
27814
27833
28554
28658
28759
28783
28982
29152
29403
29588
29599
29606
29644
29760
29963
30449
30598
30660
30824
31004
31019
31073
31087
31271
31473
31519
31601
31637
31882
31893
32005
32152
32280
32296
32485
32869
32927
32931
33180
33244
33274
33815
33831
33833
33965
34017
34169
34367
34584
34777
34794
34840
35017
35151
35255
35325
35407
35769
35860
36329
36347
36599
36757
36802
37281
37302
37390
37840
37907
37931
38013
38274
38628
38950
38983
38999
39417
39459
39474
39520
39587
39669
40025
40074
40276
40309
40342
40773
13
31
42
117
120
231
302
342
346
697
1111
1181
1507
1508
1547
1798
2253
2302
2318
2575
2662
2810
2975
3067
3093
3113
3204
3396
3572
3627
3823
3926
3927
3990
4288
4363
4520
4529
4975
4991
5052
5079
5163
5168
5185
5302
5324
5615
5661
5792
5856
6046
6158
6167
6194
6201
6307
6399
6754
7010
7074
7164
7503
7586
8105
8217
8224
8238
8304
8372
8408
8541
8615
8618
8691
8712
8713
9066
9161
9173
9256
9456
9550
9718
9922
9935
9946
10077
10534
10541
10605
10677
10741
10875
10905
10994
11041
11087
11095
11186
11247
11380
11562
11732
11748
11973
12122
12390
12457
12746
13037
13099
13109
13129
13445
13785
14041
14901
14920
15066
15203
15304
15348
15384
15423
15515
15697
15922
16093
16228
16320
16492
16574
16761
16913
17136
17192
17327
17360
17500
17577
17729
18891
18977
19300
20056
20136
20286
20344
20600
20664
20860
21049
21078
21112
21183
21184
21203
21385
21412
21455
21468
21488
21510
21549
21729
21935
22036
22321
22336
22710
22894
22911
23043
23180
23205
23408
23620
23660
23873
23929
24122
24498
24721
24835
24955
24980
25297
25334
25465
25946
26137
26232
26267
26542
26845
27136
27155
27198
27353
27680
27801
27815
27868
28210
28511
29228
29245
29290
29508
29722
29787
30051
30474
30764
31089
31103
31394
31765
31808
31875
31933
32004
32098
32177
32197
32771
33278
33301
33494
33623
33701
34106
34109
34242
34325
34369
34372
34622
34923
35056
35278
35342
35360
35392
35541
35546
35912
36175
36296
36319
36481
36881
37016
37239
37409
37593
37696
37889
37913
37935
38055
38508
38811
39084
39147
39375
39468
39574
39978
40151
40231
40457
40563
40575
40606
40609
40650
40680
40784
