382
507
756
819
1027
1076
1094
1197
1217
1412
1479
1480
1513
1671
2003
2037
2336
2348
2459
2553
2861
2892
2917
3055
3124
3160
3391
3623
3937
4268
4269
4282
4387
4422
4428
4602
4613
4639
4812
4870
5016
5024
5148
5355
5465
5466
5760
5811
5873
6165
6188
6313
6477
6537
6711
6982
7040
7158
7835
7963
7969
8079
8253
8424
8480
8535
8566
8626
8781
8833
8976
9023
9072
9120
9240
9524
9593
9695
9738
9795
9809
9998
10129
10271
10344
10593
10725
10728
10867
11154
11225
11277
11515
11553
11609
11711
11965
12073
12198
12493
12571
12631
12690
12955
13060
13104
13126
13135
13203
13299
13314
13361
13397
13469
13518
13624
13709
13884
13986
14091
14301
14306
14363
14599
14859
14886
14915
15059
15349
15710
16254
16293
16463
16603
16968
17067
17097
17155
17201
17265
17340
17780
17934
17969
18256
18472
18506
18580
18751
18794
18814
19008
19151
19225
19321
19423
19624
19805
21123
21157
21167
21248
21287
21767
22297
22338
22418
22492
22763
22935
23190
24289
24347
24554
24652
24689
24807
24831
24866
24982
25011
25324
25470
25780
25801
26072
26269
26537
26580
26901
26951
26958
26960
26992
27104
27163
27195
27352
27372
27402
27690
27719
27725
27806
27814
28072
28554
28759
28776
28783
28875
28931
28982
29152
29304
29599
29653
29936
29963
30331
30347
30697
30824
31004
31473
31519
31873
32152
32319
32869
33180
33762
33831
33833
34020
34039
34169
34235
34246
34300
34367
34621
34794
34840
34996
35017
35024
35053
35078
35114
35151
35255
35325
35403
35424
35589
35651
35769
35770
35860
36082
36599
36719
36726
37281
37302
37678
37907
37931
38013
38273
38677
38983
39310
39474
39487
39520
39572
39694
39939
40309
40342
40428
40800
13
42
120
231
302
342
346
762
1111
1181
1507
1547
1632
1798
2443
2575
2601
2662
2747
2810
2834
2836
2975
3093
3113
3204
3336
3350
3495
3588
3627
3818
3823
3926
3935
4288
4456
4484
4778
4819
4919
4975
4991
5025
5079
5096
5144
5163
5185
5250
5443
5473
5796
5856
6046
6194
6375
6399
6469
6705
6754
7010
7064
7126
7164
7318
7345
7710
8010
8224
8408
8923
9066
9173
9242
9256
9550
9566
9612
9624
9718
9935
9946
10077
10492
10534
10541
10677
10741
10994
11041
11186
11247
11598
11945
12056
12310
12368
12390
12457
13037
13875
14039
14193
14835
14890
14901
15515
15697
15922
16093
16108
16228
16297
16320
16492
16574
16644
16761
16913
17192
17332
17344
17354
17424
17500
17577
17910
18175
18882
18891
19216
19300
19403
19690
19934
19974
20015
20134
20286
20293
20344
20507
20600
20618
20751
20813
20827
21078
21183
21184
21380
21385
21412
21455
21481
21729
22012
22036
22710
22726
22888
22911
23205
23408
23652
23873
23967
24122
24169
24427
24498
24721
24750
24835
24867
24917
24980
25018
25067
25368
26542
27136
27155
27221
27353
27815
27839
28210
28511
28592
28878
28918
29228
29290
29327
29401
29410
29470
30051
30169
30337
30406
30474
30764
30967
31089
31165
31202
31394
31659
31765
31875
32004
32454
32629
32844
33278
33494
34011
34109
34192
34242
34325
34369
34610
34622
34628
34668
34931
35128
35184
35278
35327
35342
35391
35633
36175
36293
36319
36594
36724
36845
36881
37016
37226
37239
37311
37369
37418
37509
37927
37935
38055
38081
38219
38226
38305
38388
38508
38638
38889
39127
39375
39455
39533
39574
39866
40395
40457
40537
40563
40609
40631
