719
951
996
1027
1060
1076
1094
1202
1397
1440
1479
1480
1513
1671
2003
2104
2336
2348
2553
2572
2769
2858
2892
3124
3160
3451
3532
3773
3816
4268
4282
4387
4639
4812
4870
4979
5016
5024
5074
5148
5355
5812
5873
6165
6188
6190
6441
6477
6517
6654
6711
6982
7040
7085
7158
7261
7435
7963
8060
8291
8424
8510
8566
8594
8626
8781
8976
9023
9047
9072
9240
9524
9795
9979
10131
10271
10279
10344
10687
10725
10889
10927
11154
11204
11277
11642
11665
11686
11764
11830
12071
12198
12407
12474
12512
12609
12631
12718
12955
13121
13126
13135
13175
13190
13299
13314
13397
13624
13709
13744
13790
14144
14190
14301
14308
14363
14516
14538
14674
14844
14886
14915
15174
15349
15480
15710
16254
16293
16398
16470
16860
16959
16968
17067
17097
17155
17522
17934
17969
18201
18256
18472
18506
18751
19008
19151
19225
19229
19291
19422
19734
19799
19805
19903
20024
20225
20334
20770
20778
20938
21248
21411
21612
21747
22136
22297
22338
22492
22547
22763
22935
23080
23240
23867
23890
23971
24173
24375
24554
24571
24807
24831
25011
25192
25780
26040
26347
26537
26561
26580
26715
26958
26960
27163
27195
27372
27548
27690
27719
27725
27814
28072
28473
28554
28658
28931
28982
29152
29304
29601
29644
29836
29925
29936
30172
30441
30598
30660
31073
31087
31271
31473
31519
31873
31882
31893
32005
32123
32217
32280
32290
32296
32319
32908
32927
33448
33749
33831
33833
33965
34020
34039
34169
34235
34246
34300
34584
34884
34963
35024
35053
35098
35255
35364
35651
35769
35860
35873
35909
36082
36599
36719
36726
37302
37390
37678
37777
37800
37931
38036
38222
38273
38444
38605
38677
38999
39205
39310
39459
39474
39572
39577
39669
39939
40025
40055
40069
40074
40276
40309
40342
40428
40800
31
42
117
120
219
231
302
342
346
369
697
1088
1111
1181
1507
1508
1547
1632
1739
2302
2318
2575
2810
2936
2975
3113
3123
3204
3396
3818
3823
3926
3990
4288
4363
4484
4675
4778
4919
4995
5025
5052
5079
5082
5168
5250
5473
5615
5661
5792
5796
5979
6046
6167
6194
6201
6469
6579
6705
6754
6933
7164
7586
7717
8105
8123
8224
8238
8304
8408
8481
8533
8541
8618
8712
8951
9066
9092
9456
9566
9624
9697
10191
10492
10534
10605
10626
10677
10741
11000
11041
11087
11190
11247
11598
11689
11732
11945
11973
12056
12122
12310
12368
12390
12457
12723
12746
13077
13109
13875
14039
14041
14193
14890
15348
15515
16108
16320
16434
16570
16761
17136
17332
17360
17424
17500
17626
17641
17917
18052
18863
18882
18891
19216
19300
19333
19353
19403
19690
19913
19934
20015
20136
20286
20406
20507
20600
20813
20963
21078
21148
21183
21380
21385
21468
21481
21488
21549
21935
22274
22710
22726
22911
23043
23205
23652
23967
23990
24122
24427
24721
24867
24917
25334
25465
25946
26267
26529
26542
26845
27210
27221
27521
27839
27868
28038
28208
28511
28918
29290
29401
29470
29508
29722
29787
30008
30051
30082
30169
30337
30406
31089
31165
31659
31808
31875
32004
32177
32454
32629
32730
32771
33087
33278
33301
33494
33515
33623
34242
34325
34369
34372
34622
34628
35184
35342
35360
35391
35392
35546
35912
35966
36021
36293
36296
36319
36327
36418
36594
36724
36845
37016
37226
37239
37311
37409
37509
37889
37927
37935
38055
38226
38305
38521
38638
38789
39084
39127
39574
39978
40135
40151
40563
40606
40784
