382
756
792
819
951
1060
1094
1197
1202
1217
1480
1535
2003
2037
2066
2336
2348
2459
2553
2572
2769
2784
3055
3160
3391
3532
3623
3773
3830
3908
3999
4185
4269
4282
4428
4554
4870
5016
5074
5148
5355
5466
5873
6026
6165
6313
6441
6982
7261
7835
7963
8060
8291
8360
8424
8480
8566
8594
8626
8644
8781
8976
9023
9047
9120
9154
9240
9524
9593
9654
9809
10129
10131
10171
10271
10279
10777
10889
10927
11139
11413
11764
12245
12375
12407
12609
12631
12893
12985
13029
13060
13121
13135
13361
13469
13726
13744
13790
13884
14228
14301
14363
14516
14599
14666
14859
15174
15349
15534
16254
16293
16308
16463
16470
16697
16844
16860
16959
16968
17067
17097
17155
17291
17444
17780
18115
18121
18256
18338
18359
18506
18580
18751
18794
19321
19423
19624
19734
19903
20104
20225
20466
20491
20778
20938
21092
21123
21248
21612
21747
21770
21821
22010
22014
22136
22297
22338
22492
22528
23190
23867
24033
24173
24289
24340
24347
24554
24571
24652
24684
24689
24807
24982
25192
25470
25820
26072
26269
26277
26347
26480
26537
26561
26958
26971
26992
27104
27195
27352
27372
27569
27725
27814
28072
28122
28473
28554
28759
28783
28875
28931
28990
29588
29599
29625
29644
29653
29836
30040
30107
30172
30347
30449
30598
30824
31473
31519
31601
31637
31893
32005
32123
32152
32280
32319
33244
33274
33749
33833
34017
34039
34169
34300
34367
34708
34777
34794
34818
34840
34884
34907
34963
34966
34996
35017
35024
35053
35114
35151
35364
35447
35589
35651
35769
35873
35909
36329
36506
36599
36726
37777
37800
37840
37907
37931
38103
38273
38274
38444
38605
38628
38887
38950
38983
39067
39082
39417
39449
39474
39487
39520
39669
39939
40025
40055
40069
40229
40276
40432
40773
40800
13
31
302
342
346
762
1507
1632
1739
1798
1873
2443
2452
2662
2747
2810
2836
2936
3087
3204
3572
3588
3627
3823
3926
3927
3935
3990
4023
4245
4288
4484
4529
4675
4778
4819
4857
4919
4975
4991
5079
5144
5163
5168
5451
5473
5661
5792
5796
6121
6158
6194
6307
6375
6754
6886
7010
7074
7187
7231
7345
7710
8224
8239
8304
8372
8481
8533
8541
8615
8618
8691
8713
8951
9092
9161
9173
9242
9550
9566
9612
9624
9697
9922
9946
10191
10626
10977
11041
11186
11190
11380
11562
11732
12056
12122
12723
12746
13037
13077
13099
13109
13129
13785
14193
14245
14688
14745
14899
14901
14920
14942
15132
15922
16093
16114
16228
16297
16320
16380
16434
16493
16644
16724
16761
17136
17192
17327
17500
17577
17626
17641
17910
17917
18052
18891
18977
19216
19300
19333
19403
19690
19934
19974
20056
20337
20344
20406
20664
20813
20860
20963
21049
21148
21203
21455
21468
21488
21510
21549
21729
21935
22012
22519
22544
22888
23205
23408
23494
23620
23660
23948
23967
24122
24169
24427
25067
25368
25600
26232
26529
26845
27136
27221
27680
27839
27868
27917
27925
28327
28592
28800
28918
29228
29245
29327
29722
30337
30474
31089
31194
31808
31997
32004
32177
32454
32629
32771
32844
33213
33337
33515
33623
34106
34192
34242
34325
34369
34372
34622
34628
34896
34923
35184
35360
35371
35391
35392
35541
35625
35912
35966
36021
36175
36293
36296
36327
36418
36481
36594
37239
37311
37369
37409
37593
37815
37889
37913
37935
38521
38638
38811
38989
39127
39147
39455
39468
39533
39866
39978
40151
40231
40395
40457
40606
40631
40784
