11
40
382
719
756
1027
1060
1094
1163
1197
1202
1217
1397
1412
1492
1513
1535
1671
1758
2348
2493
2572
2861
2892
3382
3383
3391
3451
3623
3830
3999
4268
4269
4422
4428
4554
5016
5022
5148
5465
5760
5873
6026
6165
6188
6190
6517
6537
6654
7040
7085
7147
7835
7969
8060
8079
8253
8291
8510
8535
8578
8594
8644
8976
9023
9154
9240
9524
9593
9654
9695
9738
9979
10129
10171
10271
10279
10593
10687
10725
10728
10777
10867
10942
11139
11154
11204
11225
11515
11609
11658
11764
11829
11965
12071
12245
12407
12474
12493
12609
12690
12893
13029
13104
13126
13175
13314
13709
13742
13790
13833
13884
14190
14228
14301
14363
14516
14599
14666
14844
14859
14886
14915
15059
15174
15349
15534
16254
16293
16308
16398
16463
16844
16860
16959
17067
17097
17201
17265
17522
17934
18201
18359
18580
18814
19151
19225
19291
19321
19423
19525
19624
19805
20334
20537
20770
20876
21123
21134
21157
21248
21287
21747
21770
22136
22418
22528
22763
22935
23190
23240
23867
23971
24173
24340
24347
24375
24571
24652
24684
24689
24761
24807
25011
25780
25801
25820
26455
26480
26901
26951
26971
26992
27065
27806
27814
28072
28122
28658
28759
28776
28783
28931
29101
29304
29403
29601
29606
29644
29653
29836
29925
29936
29963
30040
30172
30824
31004
31073
31087
31097
31271
31392
31592
31601
31873
32152
32217
32869
32927
32931
33749
33762
33831
34017
34039
34169
34235
34300
34584
34621
34794
34818
34840
34884
34907
34966
35017
35024
35078
35080
35325
35364
35379
35403
35447
35589
35860
36082
36347
36599
36719
37281
37302
37777
37800
37931
38222
38255
38273
38444
38605
38628
39082
39310
39520
39572
40055
40069
40074
40229
40309
40432
40800
13
85
219
231
342
346
697
1088
1507
1798
1873
2318
2575
2580
2601
2836
3093
3113
3204
3336
3350
3396
3495
3588
3823
3926
4363
4409
4520
4675
4819
4857
4919
4995
5044
5052
5096
5144
5185
5250
5443
5661
5792
6158
6201
6375
6469
6705
6754
6864
6886
7010
7126
7187
7345
7503
7710
8010
8105
8224
8234
8238
8372
8481
8533
8713
8923
9256
9550
9566
9612
9624
9935
10492
10534
10541
10626
10905
10977
11041
11087
11095
11186
11190
11234
11380
11598
11732
11973
12056
12122
12723
12746
13109
13718
13785
14039
14041
14245
14416
14688
14745
14890
14899
14901
14920
14942
15066
15132
15203
15348
15424
16093
16108
16114
16297
16320
16440
16492
16644
16724
16761
16958
17136
17332
17360
17500
17563
17568
17577
17626
17641
17917
18175
18863
18882
19333
19353
19614
19690
19913
20015
20056
20134
20136
20337
20406
20600
20618
20751
20963
21049
21183
21184
21380
21468
21488
21549
22012
22321
22544
22710
22888
22911
23043
23620
23652
23660
23873
23929
23967
24917
25018
25297
25334
25368
25465
25600
25686
26137
26529
26845
27210
27221
27521
27680
27917
27925
28038
28327
28592
28878
28918
29327
29401
29410
29508
29722
29787
30008
30082
30169
30474
30764
30967
31103
31165
31194
31394
31765
31933
32177
32844
33087
33301
33515
33701
34109
34372
34622
34896
34931
35056
35128
35278
35342
35392
35546
35633
35768
35912
35957
35966
36021
36175
36293
36319
36327
36724
36845
37016
37311
37409
37696
37714
37815
37913
37923
38055
38219
38226
38388
38508
38789
38811
38812
38889
38989
39084
39147
39375
39468
39533
39574
39978
40151
40185
40231
40395
40537
40563
40578
40631
40650
