11
40
507
719
819
1027
1060
1163
1197
1440
1513
1671
1758
2037
2066
2348
2553
2572
2784
2917
3055
3124
3160
3382
3383
3451
3575
3623
3773
3816
3830
4185
4282
4387
4428
4554
4602
4812
4870
5016
5074
5465
5503
6026
6190
6313
6477
6537
6606
6654
6982
7085
7158
7362
7435
7835
8079
8291
8360
8594
8626
9023
9047
9120
9154
9240
9654
9738
9795
9998
10131
10171
10271
10725
10777
10867
10942
11139
11154
11204
11515
11553
11764
11830
11965
12346
12407
12474
12571
12609
12631
12690
12718
12893
12955
12985
13029
13104
13135
13190
13203
13361
13518
13624
13726
13742
13790
13833
14228
14363
14516
14859
14915
15059
15174
15349
15534
15710
16308
16411
16463
16603
16959
17265
17340
17444
17780
18076
18201
18338
18506
18794
18814
19008
19225
19291
19321
19423
19525
19624
20225
20334
20491
20537
20876
21157
21167
21268
21747
21770
22094
22136
22246
22418
22492
22547
22821
22862
22935
23080
23190
23694
23867
23971
24571
24652
24684
24866
24982
25192
25324
25470
25780
26040
26277
26347
26561
26901
26958
26971
27065
27163
27195
27352
27372
27402
27748
27814
27833
28122
28473
28554
28658
28759
28776
28783
28931
29101
29152
29304
29403
29599
29625
29644
29653
29760
29925
29936
30107
30331
30449
30824
31087
31097
31392
31473
31519
31592
31601
31637
31890
32123
32152
32217
32296
32485
32927
32931
33448
33762
33833
34169
34246
34300
34367
34794
34818
34840
34884
34907
34963
34966
35078
35080
35098
35255
35364
35379
35403
35651
35860
36506
36599
36719
36726
36802
37302
37840
37907
38103
38222
38255
38273
38274
38444
38677
38950
38983
38999
39067
39082
39205
39449
39459
39487
39587
39669
40069
40074
40276
40342
40800
13
42
85
120
219
302
342
369
1088
1111
1507
1739
1873
2253
2443
2575
2601
2662
2737
2747
2810
2834
2975
3113
3396
3572
3926
3935
4023
4245
4288
4363
4409
4456
4520
4529
4675
4778
4819
4857
4919
4975
4991
5079
5096
5163
5185
5250
5443
5451
5661
5745
5792
6121
6158
6194
6307
6375
6399
7126
7318
7503
7717
8105
8123
8224
8304
8481
8618
8691
8713
8880
9005
9066
9161
9456
9550
9685
9697
9935
10077
10191
10492
10534
10541
10605
10626
10984
11087
11095
11186
11190
11234
11247
11562
11689
11732
11748
12122
12302
12310
12368
12746
13099
13445
13718
13785
13875
14039
14193
14245
14901
14920
15132
15304
15423
16093
16297
16570
16761
17192
17306
17327
17568
17577
17626
17641
17729
17917
18668
18863
18882
18891
19216
19614
19974
20056
20344
20507
20618
20664
20827
20963
21049
21078
21148
21184
21385
21481
21510
21729
21935
22012
22274
22710
22726
23043
23205
23652
23660
23948
24498
24721
24750
24835
24867
24917
24955
24980
25067
25334
25368
25600
25946
26232
26529
26978
27136
27155
27386
27521
27680
27815
27839
28038
28210
28327
28511
28878
29228
29245
29327
29401
29470
29508
30008
30051
30082
30169
30406
30474
30967
31089
31165
31194
31659
31808
31875
31997
32004
32197
32454
32730
32844
33033
33087
33213
33278
33301
33337
33494
34011
34106
34192
34325
34610
34622
34628
34896
34931
35056
35128
35278
35360
35633
35768
35957
36021
36175
36296
36319
36327
36481
36724
36881
37226
37311
37369
37409
37696
37714
37913
37935
38081
38219
38225
38226
38388
38508
38638
38812
38989
39127
39147
39455
39468
39574
39866
39978
40185
40231
40457
40578
40606
40631
40680
