11
40
382
507
756
819
1027
1060
1076
1163
1217
1412
1440
1479
1492
1671
1758
2104
2336
2348
2493
2553
2572
2769
2784
2861
2892
3055
3124
3383
3391
3451
3575
3816
3830
3937
4422
4554
4613
4772
4812
4870
4979
5016
5022
5024
5148
5355
5503
6165
6313
6477
6537
6606
6982
7040
7085
7147
7261
7435
8060
8079
8253
8291
8360
8424
8510
8535
8578
8976
9072
9120
9154
9654
9695
9979
9998
10171
10271
10279
10593
10687
10777
10942
11063
11154
11225
11413
11515
11553
11609
11642
11658
11665
11764
11830
11965
12073
12245
12346
12474
12493
12512
12609
12631
12690
12718
12893
13029
13060
13104
13121
13126
13135
13190
13624
13709
13742
13790
14190
14228
14301
14363
14886
14915
15534
15710
16293
16308
16411
16463
16470
16959
16968
17155
17201
17265
17291
17780
17969
18076
18121
18256
18338
18359
18506
18751
18794
18814
19008
19229
19321
19422
19423
19525
19624
20024
20491
20506
20770
20876
20938
21092
21123
21134
21157
21248
21287
21411
21612
21747
21821
22014
22094
22136
22246
22297
22338
22492
22547
22821
22823
22862
23080
23971
24173
24289
24340
24554
24598
24689
24807
25011
25324
25801
26040
26072
26455
26537
26958
26960
26992
27065
27195
27548
27690
27719
27806
27833
28554
28658
28776
28982
28990
29152
29588
29601
29644
29760
29963
30040
30107
30172
30331
30347
30441
30449
30481
30697
30824
31087
31097
31271
31601
31637
31873
31890
32123
32152
32280
32290
32485
32908
32927
33244
33274
33762
33831
34017
34246
34300
34708
34777
34818
34840
34907
34963
34966
34996
35024
35080
35325
35379
35403
35407
35424
35770
35909
36347
36506
36726
36802
37281
37390
37678
37907
37931
38013
38036
38103
38255
38274
38444
38628
38950
39082
39205
39310
39520
39572
39577
39694
39843
40025
40069
40074
40276
40309
40342
40428
40432
40773
13
31
85
219
231
346
697
762
1088
1111
1181
1507
1508
1547
1873
2253
2452
2580
2601
2747
2810
2836
3067
3087
3093
3113
3123
3204
3396
3495
3926
3927
4288
4456
4520
4819
4857
4919
4991
4995
5052
5082
5144
5168
5250
5302
5324
5473
5661
5856
5979
6121
6329
6399
6579
6705
6864
6886
6933
7010
7074
7164
7710
8010
8123
8217
8224
8239
8372
8533
8615
8712
8880
8923
8951
9066
9092
9173
9456
9550
9624
9685
9718
9935
9946
10875
10905
10984
10994
11000
11041
11095
11186
11234
11380
11689
12056
12122
12302
12310
12368
12457
13099
13109
13129
13445
13718
13785
13875
14041
14193
14688
14745
14835
14890
14899
15066
15203
15304
15348
15384
15423
15424
15697
15922
16093
16228
16570
16574
16644
16724
16761
16913
17192
17327
17332
17354
17360
17500
17563
17641
17729
18175
18863
18977
19216
19403
19913
19934
20015
20056
20286
20600
20751
20827
20860
21078
21468
21481
21549
21712
21935
22036
22321
22726
22894
23043
23408
23620
23660
23990
24216
24498
24750
24917
24980
25334
25465
25600
25946
26232
26529
26978
27198
27210
27221
27353
27801
27839
27925
28005
28038
28208
28327
28592
28769
28800
29470
30082
30169
30337
30764
30967
31089
31103
31659
31765
31875
32454
33213
33337
33494
33515
34106
34109
34242
34369
34628
34896
35184
35342
35391
35392
35546
35633
35912
35957
36175
36319
36327
36724
37016
37239
37311
37409
37696
37913
37927
37935
38305
38388
38521
38789
38889
38989
39084
39127
39147
39375
39574
40135
40151
40395
40457
40606
40784
