382
756
951
996
1027
1202
1217
1397
1412
1535
1758
2003
2037
2553
2572
2784
2892
3391
3451
3575
3623
3816
3830
3908
4264
4268
4387
4428
4554
4613
4639
4772
4812
4979
5022
5024
5148
5355
5503
5760
5811
6190
6441
6606
6654
7040
7147
7261
7435
7963
7969
8291
8360
8424
8566
8578
8626
8781
8833
9023
9154
9240
9593
9654
9795
9809
9998
10129
10131
10344
10687
10725
10777
10867
10942
11063
11139
11154
11204
11225
11553
11658
11665
11829
12071
12198
12346
12407
12493
12609
12690
12893
12955
13060
13104
13135
13175
13361
13790
14144
14228
14301
14308
14599
14844
14886
14915
15174
15480
15710
16463
16603
16844
16959
17780
18076
18201
18359
18506
18580
18751
18794
18872
19151
19229
19321
19423
19624
19734
19805
19903
20104
20506
20770
20876
21004
21123
21134
21248
21268
21411
21612
21767
22010
22014
22094
22136
22418
22528
22547
22763
22823
22935
23867
24033
24173
24347
24375
24554
24571
24598
24652
24689
24807
24831
24982
25011
25780
25801
26455
26537
26561
26715
26992
27065
27104
27163
27195
27352
27402
27548
27725
27748
27814
27833
28473
28759
28875
28990
29304
29403
29625
29653
29836
29925
29963
30347
30441
30481
30660
30697
31004
31019
31087
31271
31392
31519
31601
31637
31873
31882
31893
32005
32123
32135
32217
32296
32927
33180
33274
33762
33815
33833
34017
34039
34235
34246
34367
34584
34621
34708
34818
34884
34966
35024
35053
35078
35114
35379
35424
35770
35860
36051
36719
36802
37302
37777
37840
37931
38103
38255
38274
38628
38677
38887
38999
39205
39417
39449
39459
39474
39577
39669
39694
40055
40276
40309
40428
40432
40800
85
117
231
302
342
346
369
762
1088
1181
1798
2253
2580
2747
2810
2834
2836
2936
2975
3067
3093
3113
3204
3336
3396
3627
3818
3823
3927
3990
4245
4288
4409
4456
4484
4919
4995
5025
5079
5082
5163
5168
5185
5250
5302
5443
5451
5661
5792
5979
6046
6121
6194
6201
6329
6375
6579
6705
6754
6864
6886
7010
7074
7126
7187
7231
7318
7503
7710
7717
8105
8123
8217
8234
8238
8239
8304
8541
8615
8691
8713
8880
8923
9066
9092
9161
9242
9566
9612
9624
9718
9922
9935
10077
10492
10541
10605
10626
10741
10875
10905
11041
11190
11598
11945
12122
12302
12310
13037
13099
13718
13785
14416
14745
14835
14901
14942
15066
15132
15348
15384
15423
15697
16093
16114
16297
16434
16493
16644
16913
17136
17344
17360
17424
17568
17577
17626
18977
19333
19614
19690
19913
19974
20038
20056
20136
20337
20344
20406
20507
20600
20664
20751
20827
20860
21078
21148
21183
21385
21468
21510
21549
21712
21935
22012
22036
22274
22710
22894
23180
23408
23494
23620
23652
23660
23929
23967
24498
24721
24835
24955
25334
25465
25686
26137
26267
26529
27136
27198
27221
27386
27815
27917
27925
28208
28210
28511
28878
29290
29401
29410
29470
29508
30008
30082
30406
30474
30967
31089
31103
31165
31194
31202
31808
31875
31933
32177
32197
32454
32629
32771
32844
33033
33278
33301
33337
33623
34011
34109
34242
34325
34372
34610
34622
34896
35128
35184
35360
35371
35546
35625
35768
35966
36175
36293
36327
36418
36481
36594
36724
36845
36881
37016
37239
37311
37369
37418
37509
37696
37714
37815
37889
37927
38055
38081
38225
38226
38305
38388
38521
38638
38811
38812
39084
39127
39455
39468
39533
39574
39978
40135
40185
40457
40537
40563
40575
40578
40631
