382
719
792
819
1027
1197
1202
1412
1440
1479
1480
1492
1535
2037
2104
2336
2553
2784
2858
2861
2892
2917
3055
3124
3391
3532
3623
3773
3908
3999
4185
4268
4269
4422
4428
4554
4772
5016
5022
5148
5466
5812
6026
6165
6190
6313
6477
6517
6982
7147
7158
7362
7435
7835
7969
8060
8360
8480
8510
8535
8566
8578
8781
8833
8976
9120
9154
9738
9795
10129
10279
10728
10777
10867
10889
10942
11154
11413
11553
11642
11658
11829
11830
12198
12375
12407
12493
12512
12571
12631
12690
12985
13190
13203
13361
13469
13726
13742
13790
13833
13986
14144
14228
14666
14674
14859
14915
15059
15174
15349
15480
15534
15710
16254
16293
16463
16603
16844
16959
16968
17097
17155
17265
17291
17340
17780
17969
18076
18115
18121
18256
18359
18506
18580
18751
18814
19225
19229
19312
19422
19525
19734
19805
20024
20104
20225
20466
20491
20506
20537
20770
20778
20876
20938
21004
21123
21134
21268
21411
21612
21747
21767
21770
21821
22010
22014
22297
22470
22528
22763
22821
22823
22935
23890
24033
24173
24347
24554
24571
24689
24761
24866
25470
25780
25820
26040
26072
26269
26347
26561
26901
26960
26971
27104
27163
27372
27402
27569
27593
27690
27719
27748
27806
27814
27833
28554
28658
28759
28931
28982
29101
29588
29599
29601
29644
29653
29836
29925
30107
30331
30347
30441
30598
30660
30824
31392
31473
31519
31601
31882
31890
31893
32152
32280
32319
32485
32908
32931
33180
33274
33831
34017
34020
34039
34169
34246
34300
34367
34840
34884
34963
35024
35053
35098
35114
35151
35255
35325
35403
35407
35424
35589
35769
35909
36051
36329
36506
36599
36757
37281
37777
37800
37931
38036
38103
38222
38255
38273
38605
38628
38950
38983
38999
39082
39310
39449
39572
39577
39669
39694
39843
39939
40025
40055
40074
40229
40276
40800
31
85
120
302
342
369
697
1181
1507
1508
1632
2318
2443
2452
2601
2737
2747
2810
2836
3067
3123
3204
3926
4245
4288
4409
4484
4529
4857
4975
4991
4995
5025
5044
5079
5144
5185
5443
5473
5745
5792
5796
6046
6194
6329
6399
6469
6705
6754
7064
7074
7164
7187
7231
7318
7586
7710
8123
8224
8238
8304
8372
8481
8712
8923
9005
9066
9161
9173
9242
9256
9550
9566
9697
10191
10492
10534
10605
10994
11000
11087
11186
11190
11380
11562
11598
11689
11748
11945
11973
12122
12390
12457
12723
12746
13099
13109
13718
13785
14041
14416
14688
14745
14835
14901
14920
14942
15304
15384
15424
15515
15697
15922
16093
16228
16380
16440
16570
16574
16644
16761
16958
17136
17192
17306
17360
17424
17577
17729
17917
18052
18863
18891
18977
19216
19300
19614
19690
19913
19934
20015
20056
20293
20337
20507
20618
20664
20751
20827
20963
21049
21148
21412
21455
21729
22012
22544
22710
22726
22888
22911
23180
23205
23620
23652
23929
23990
24122
24169
24427
24498
24835
24867
24917
25018
25067
25334
25368
25686
26137
26232
27136
27210
27221
27839
27925
28208
28210
28327
29245
29290
29401
29410
29508
29722
30008
30764
31165
31194
31202
31875
31933
31997
32098
32197
32454
32629
32730
32771
33213
33278
33301
33337
33494
33623
34109
34192
34372
34622
34628
34668
35056
35327
35360
35371
35392
35541
35633
35957
35966
36296
36327
36418
36481
36845
37016
37226
37369
37418
37509
37593
37696
37714
37927
38055
38081
38226
38305
38521
38789
38889
38989
39127
39574
39866
40135
40151
40578
40609
40680
