11
40
819
951
996
1027
1076
1094
1163
1202
1480
1513
1535
1671
2003
2104
2336
2459
2493
2553
2858
2861
2892
2917
3124
3160
3382
3383
3451
3773
3816
4185
4422
4428
4554
4812
5016
5024
5148
5355
5466
5760
5811
6026
6165
6190
6313
6517
6537
6606
6711
7040
7085
7158
7261
7435
7963
7969
8253
8360
8578
8594
8626
8781
9047
9154
9240
9524
9738
9809
9998
10131
10171
10593
10687
10725
10867
10927
10942
11139
11154
11225
11515
11553
11658
11686
11764
11829
11830
12073
12198
12346
12474
12512
12631
12690
12718
12955
13029
13060
13104
13126
13135
13175
13190
13203
13299
13314
13397
13469
13518
13726
13742
13744
13790
13833
13884
13986
14091
14144
14228
14301
14516
14538
14599
14666
14844
14886
15059
15349
15480
15534
16293
16308
16398
16463
16697
16844
16959
17097
17155
17265
17291
17340
17732
17780
17934
17969
18121
18201
18472
18580
18872
19008
19151
19229
19312
19423
19624
20225
20506
20537
20770
20778
20876
20938
21004
21092
21134
21167
21312
21612
21747
21767
21821
22010
22136
22246
22418
22470
22492
22821
22823
22862
22935
23190
23694
23867
23890
23971
24554
24598
24684
24807
24831
24982
25324
25470
25801
26072
26277
26347
26455
26480
26537
26715
26901
26992
27548
27806
27814
28072
28122
28473
28783
28875
28931
28990
29101
29152
29403
29601
29606
29653
29760
29925
29936
29963
30040
30107
30441
30481
30824
31019
31073
31087
31271
31392
31473
31592
31873
31882
31893
32123
32152
32485
32869
32908
33244
33815
33831
33833
33965
34039
34169
34235
34246
34300
34367
34708
34818
34840
34966
34996
35017
35024
35078
35098
35379
35407
35424
35589
35873
36347
36599
36726
36802
37281
37302
37777
38103
38444
38628
38950
38983
39067
39310
39417
39449
39572
39577
39587
39939
40025
40055
40069
40432
13
42
117
120
342
346
369
697
1111
1507
1508
1739
1798
2253
2302
2318
2452
2575
2580
2601
2662
2834
2975
3069
3093
3113
3123
3204
3350
3572
3818
3823
3926
3927
3935
3990
4023
4409
4484
4520
4529
4675
4778
4857
4991
5044
5052
5079
5096
5163
5168
5185
5324
5451
5661
5745
5792
5796
5856
6121
6399
6469
6705
6754
6864
7010
7064
7164
7187
7345
7586
7710
7717
8234
8238
8239
8408
8533
8541
8618
8713
8923
9066
9161
9256
9685
9935
10191
10534
10677
10977
11000
11247
11689
11732
11748
11945
11973
12368
12457
12723
13037
13445
13718
13875
14039
14193
14245
14416
14745
14899
14942
15132
15304
15424
15697
16108
16114
16297
16434
16440
16570
16644
16761
16913
16958
17327
17332
17354
17424
17500
17626
17917
18175
19216
19403
19614
19934
20015
20056
20293
20344
20600
20618
20751
20813
20827
20963
21049
21148
21412
21468
21488
22321
22336
22911
23620
23652
23660
23929
23967
24169
24216
24427
24498
24721
24867
25018
25067
25297
25334
25600
25686
26232
26529
26845
26978
27136
27155
27198
27680
27801
27839
27917
28210
28327
28592
28800
28878
29245
29327
29401
29410
29470
30008
30169
30337
30764
31089
31394
31659
32004
32098
32771
33213
33278
33337
33515
33623
34106
34109
34192
34610
34622
34628
34668
34896
35056
35327
35391
35392
36175
36293
36319
36327
36418
36594
36881
37369
37409
37560
37593
37696
37815
37889
37913
37927
38055
38081
38225
38226
38305
38508
38521
38638
38703
38812
38889
38989
39127
39375
39455
39533
39866
39978
40231
40395
40537
40563
40606
40784
