11
719
792
819
951
1060
1197
1202
1217
1397
1480
1492
2003
2037
2104
2348
2493
2769
2784
2858
2861
3160
3382
3391
3451
3532
3623
3773
3816
3999
4185
4264
4268
4282
4387
4422
4554
4602
4613
4772
4870
5016
5022
5355
5465
5503
5760
5812
5873
6517
6537
6606
6654
7261
7435
8060
8079
8253
8424
8480
8535
8566
8644
8781
8976
9023
9154
9593
9795
9809
9979
9998
10131
10279
10344
10687
10725
10777
10927
10942
11063
11204
11277
11515
11553
11609
11642
11686
11829
11830
11965
12073
12198
12245
12375
12512
12571
12609
12631
12690
12893
12955
12985
13121
13126
13135
13299
13361
13518
13709
13726
13744
13986
14144
14190
14308
14516
14538
14599
14666
14859
14886
14915
15059
15349
15534
15710
16254
16411
16463
16470
16603
16697
16860
17067
17097
17265
17291
17522
17934
17969
18076
18115
18201
18256
18338
18359
18472
18506
18751
18872
19225
19291
19312
19321
19422
19734
19799
19903
20024
20104
20225
20334
20770
21004
21134
21157
21248
21268
21767
21770
22014
22136
22246
22297
22935
23190
23240
23694
23890
24033
24173
24347
24689
24807
25470
25801
25820
26040
26072
26269
26277
26455
26580
26715
26901
26958
27104
27163
27195
27548
27593
27725
27833
28473
28554
28759
28875
28931
28982
28990
29101
29152
29599
29606
29625
29760
29836
29925
29963
30040
30107
30441
30824
31097
31271
31392
31473
31519
31592
31637
31882
32152
32217
32280
32319
32908
32927
33833
34017
34169
34246
34300
34367
34584
34708
34794
34818
34884
35053
35098
35325
35403
35447
35651
35770
36506
36599
36757
37281
37302
37390
37678
37777
37800
37907
38013
38036
38222
38274
38444
38628
38887
38983
38999
39067
39205
39310
39449
39474
39487
39520
39577
39843
40025
40069
40342
40432
40773
13
31
231
302
342
346
369
697
1111
1181
1507
1508
1739
1798
1873
2253
2302
2318
2452
2580
2737
2747
2810
2834
2836
3067
3087
3336
3396
3495
3588
3818
3823
3935
4023
4245
4484
4529
4778
5082
5096
5144
5168
5185
5250
5302
5324
5451
5661
5745
5792
5796
6121
6329
6399
6469
6579
6705
6864
7064
7164
7187
7318
7503
7586
7710
8010
8105
8123
8217
8224
8234
8372
8533
8563
8615
8618
8923
9005
9066
9092
9173
9242
9256
9456
9566
9612
9697
9718
9935
10191
10677
10741
10875
10905
10977
10984
11095
11186
11190
11234
11247
11598
11732
11748
11973
12302
12345
12390
13037
13077
13109
13445
13875
14039
14193
14245
14416
14835
14890
14901
15348
15384
15922
16093
16108
16297
16380
16440
16492
16493
16913
17306
17327
17354
17641
17729
17910
18863
18977
19333
19353
19614
19913
19974
20134
20286
20337
20406
20507
20600
20618
20664
20827
21049
21148
21183
21184
21203
21385
21412
21481
21549
21935
22012
22274
22321
23180
23408
23652
23948
23967
24169
24216
24427
24721
24835
25067
25297
25600
26137
26267
26529
26542
27136
27155
27198
27210
27221
27521
27680
27868
28005
28038
28769
28878
28918
29228
29245
29290
29327
29401
29470
29508
29722
30008
30169
30474
31165
31202
31659
31765
31808
31875
31997
32004
32177
32730
32844
33087
33213
33278
33337
33494
33623
34011
34109
34192
34242
34369
34610
34668
35342
35371
35625
35768
36175
36293
36327
36594
36724
36845
36881
37509
37560
37593
37696
37714
37913
37935
38055
38081
38225
38226
38305
38388
38703
38812
38989
39084
39375
39455
39468
39978
40135
40231
40457
40563
40784
