11
40
756
819
1027
1060
1076
1397
1492
2003
2493
2572
2858
2892
3124
3160
3391
3623
3773
3816
3999
4264
4268
4387
4428
4639
5074
5355
5466
5503
5811
5873
6165
6188
6190
6313
6441
6517
6537
6606
6654
6711
7085
7147
7435
7963
8253
8480
8510
8578
8644
8781
8833
8976
9023
9072
9154
9593
9654
9809
9998
10129
10171
10344
10593
10687
10867
11154
11204
11277
11413
11515
11553
11665
11686
11711
11764
12071
12073
12407
12474
12493
12512
12631
12690
12718
12985
13029
13060
13121
13135
13190
13361
13624
13742
14091
14144
14301
14306
14308
14363
14538
14599
14666
14915
15174
15349
15480
15710
16254
16308
16411
16470
16844
16860
16959
16968
17155
17522
17732
17780
17969
18201
18256
18472
18506
18794
19008
19151
19225
19422
19423
19525
19624
19734
19799
19903
20024
20104
20334
20876
21312
21411
21612
21747
21767
21770
22297
22338
22470
22528
22547
22763
23080
23867
23971
24173
24289
24340
24347
24571
24598
24684
24807
24831
24866
24982
25011
25192
25324
25801
26040
26072
26269
26480
26580
26715
26951
26958
26971
27104
27372
27402
27548
27725
27748
27806
27814
28658
28783
28931
28982
29599
29606
29625
29644
29653
29925
29936
30172
30441
30481
30660
30824
31073
31087
31097
31271
31601
31873
31890
32005
32123
32152
32217
32280
32908
32931
33274
33448
33749
33762
33831
33833
34017
34020
34169
34621
34777
34966
34996
35053
35080
35114
35255
35325
35379
35403
35651
35770
35860
35873
35909
36329
36726
37302
37390
37777
37800
37840
37907
38103
38222
38255
38273
38444
38605
38628
38950
38983
38999
39082
39417
39459
39474
39587
39694
40025
40055
40074
40342
40800
13
31
117
120
231
302
342
697
1181
1507
1508
1547
1739
1798
1873
2253
2318
2580
2601
2834
2936
3067
3069
3113
3123
3204
3336
3350
3572
3627
3823
3926
3935
3990
4363
4409
4456
4484
4520
4819
4995
5044
5144
5250
5302
5324
5443
5451
5745
5792
5856
6194
6329
6375
6399
6579
6705
6754
6886
6933
7010
7074
7164
7187
7231
7318
7345
7503
7586
7710
7717
8123
8224
8234
8304
8372
8481
8541
8615
8618
8691
8712
8713
8880
8923
9005
9066
9092
9161
9242
9256
9456
9550
9566
9685
9697
9718
9935
10077
10492
10605
10741
10875
10905
10984
10994
11000
11087
11190
11247
11380
11748
11945
12056
12302
12310
12746
13099
13109
13129
13445
13718
13785
13875
14039
14416
14835
14890
14901
14920
14942
15132
15203
15304
15423
15922
16108
16644
16724
16761
16958
17192
17306
17327
17424
17568
17626
17641
17729
18052
18175
18863
18882
18891
19690
19913
19934
20015
20038
20056
20136
20286
20618
20664
20751
20813
20827
20860
21078
21112
21148
21183
21488
21712
22012
22544
22726
22894
23043
23180
23408
23620
23660
23929
23948
23967
23990
24122
24169
24427
24835
24917
24980
25018
25297
25334
25465
25686
25946
26137
26232
26529
26542
27136
27210
27221
27353
27680
27801
27815
27925
28005
28208
28769
28878
28918
29228
29245
29327
29508
29722
29787
30051
30082
30337
30406
30474
30764
31089
31103
31194
31394
31808
32177
32197
32454
32730
32771
33213
33278
33337
33623
33701
34192
34325
34610
34628
34923
34931
35056
35278
35327
35371
35541
35546
35625
35966
36293
36296
36594
36724
37239
37696
37815
37913
37927
37935
38219
38225
38388
38789
39127
39147
39375
39468
39533
39574
39978
40135
40151
40231
40537
40578
40606
40650
40784
