11
507
792
951
996
1060
1163
1197
1412
1479
1513
1671
1758
2066
2459
2769
2858
2861
2892
3055
3382
3391
3532
3575
3623
3999
4185
4269
4282
4554
4602
4613
4772
4812
4870
5024
5074
5148
5355
5465
5812
5873
6190
6313
6477
6517
6606
7040
7147
7435
7963
8060
8253
8291
8424
8510
8578
8594
8644
8833
9047
9072
9120
9154
9593
9695
9795
9809
9998
10129
10171
10889
10942
11139
11154
11413
11515
11553
11642
11665
12071
12073
12245
12346
12512
12571
12609
12631
12690
12893
12955
12985
13029
13121
13126
13175
13190
13314
13361
13397
13469
13518
13709
13833
13884
13986
14144
14190
14301
14516
14538
14674
14915
15059
15174
15349
15480
16293
16411
16463
16470
16844
16959
17067
17201
17291
17340
17522
17934
17969
18338
18751
18794
18872
19151
19225
19321
19422
19525
19805
20104
20225
20334
20491
20537
20770
20876
20938
21092
21123
21157
21167
21248
21312
21747
21767
21770
21821
22010
22014
22136
22297
22338
22470
22492
22528
22821
23080
23890
24033
24340
24571
24598
24652
24684
24761
24807
24982
25011
25192
25780
25801
25820
26040
26277
26455
26960
26971
27065
27104
27195
27372
27402
27569
27690
27748
27814
28554
28875
29304
29403
29588
29599
29601
29625
29644
29653
29760
29936
29963
30107
30441
30449
30598
31073
31473
31637
31893
32123
32135
32152
32217
32869
32927
32931
33244
33448
33749
33815
33831
33833
34017
34020
34169
34235
34246
34818
34907
34963
35017
35053
35078
35114
35151
35255
35364
35379
35403
35424
35651
35769
35770
35909
36051
36082
36757
36802
37302
37678
37777
37800
37907
37931
38103
38222
38605
38628
38677
38887
39067
39310
39449
39474
39572
39577
39694
39939
40025
40276
40428
40432
40800
13
31
85
117
120
219
302
346
369
697
1181
1507
2302
2452
2601
2737
2747
2810
2836
2936
3069
3093
3113
3204
3336
3350
3495
3588
3926
4023
4245
4288
4409
4456
4484
4520
4529
4675
4778
4995
5052
5096
5144
5250
5302
5792
6046
6121
6194
6329
6399
6469
6579
6705
6754
6864
6886
7064
7074
7126
7164
7187
7231
7318
7717
8010
8224
8234
8408
8533
8541
8618
8691
8880
8923
9005
9066
9161
9624
9685
9718
10077
10605
10977
10984
11087
11095
11234
11562
11689
11732
11748
11973
12056
12122
12302
12345
12457
12723
12746
13037
13109
13718
13785
13875
14039
14041
14245
14416
14688
14745
14835
14920
14942
15066
15132
15304
15384
15424
15515
15922
16114
16228
16297
16440
16492
16493
16761
17136
17327
17354
17360
17500
17568
17577
17729
18175
18668
18863
18891
19216
19403
19614
19690
19934
19974
20136
20286
20293
20344
20406
20507
20664
20751
20827
20963
21112
21183
21184
21380
21468
21510
22012
22321
22519
22544
22726
22911
23043
23180
23408
23620
23660
23990
24169
24750
24835
24917
24955
25334
25368
25686
26137
26232
26529
26845
26978
27136
27210
27353
27386
27521
27839
27917
28005
28038
28208
28210
28511
28769
28800
28918
29228
29290
29401
29722
30082
30169
30406
30474
30967
31089
31103
31659
31875
32629
32771
32844
33087
33213
33278
33301
33337
33494
33701
34106
34242
34369
34372
34622
34628
35327
35342
35360
35371
35391
35541
35625
36021
36175
36481
36845
37016
37369
37418
37509
37560
37889
37923
38055
38081
38219
38388
38521
38638
38811
38812
38889
38989
39084
39127
39375
39455
39468
39978
40135
40185
40537
40563
40578
40606
40609
40631
40650
40680
40784
