40
382
507
756
792
951
1027
1076
1094
1163
1197
1217
1397
1412
1440
1480
1671
1758
2003
2037
2104
2348
2553
2572
2769
2917
3391
3830
3937
4268
4269
4282
4387
4422
4613
4870
4979
5016
5074
5355
5760
5812
5873
6313
6441
6606
6711
6982
7040
7147
7261
7969
8079
8253
8291
8360
8535
8566
8594
8976
9023
9072
9154
9240
9524
9738
9795
9809
9979
9998
10271
10279
10687
10725
10728
10777
10867
11553
11609
11658
11711
11830
11965
12071
12198
12245
12375
12631
12893
13060
13121
13135
13203
13361
13397
13469
13518
13744
13790
13884
14091
14144
14308
14859
14886
14915
15174
15349
15480
16293
16308
16463
16603
17201
17444
18115
18121
18256
18506
18794
18872
19151
19225
19229
19312
19422
19734
19805
20024
20104
20225
20491
20506
20537
20770
20876
21092
21134
21157
21268
21312
21747
22010
22014
22136
22297
22418
22547
22763
22821
23080
23240
23694
23890
24033
24173
24375
24554
24684
24807
24866
25324
25470
25780
26072
26277
26347
26455
26537
26958
26960
26992
27104
27163
27195
27548
27593
27690
27725
28072
28122
28759
28776
28783
28875
28990
29152
29403
29599
29653
29760
29925
29963
30040
30331
30347
30481
30824
31019
31087
31097
31392
31637
31882
32123
32152
32217
32290
32296
32869
32931
33448
33815
33831
34017
34020
34169
34246
34300
34584
34621
34708
34777
34794
34840
34884
34963
34996
35017
35078
35364
35379
35403
35407
35447
35770
35909
35946
36051
36082
37390
37678
37800
37907
38013
38036
38103
38255
38274
38444
38605
38628
38887
38950
39082
39449
39459
39474
39487
39520
39572
39843
39939
40025
40069
40309
40342
40773
40800
13
31
42
85
120
219
231
369
697
762
1181
1508
1547
1632
2318
2601
2662
2747
2834
2936
2975
3113
3123
3495
3627
3823
3926
3935
3990
4023
4288
4409
4675
4857
4975
5052
5079
5082
5096
5168
5250
5615
5661
6121
6158
6167
6307
6329
6375
6399
6469
6579
6886
6933
7126
7164
7187
7231
7318
7586
7717
8010
8105
8123
8234
8239
8533
8618
8691
8712
8923
8951
9066
9092
9256
9456
9550
9566
9624
9685
9946
10077
10534
10605
10626
10677
10741
10905
10977
11000
11041
11095
11186
11190
11380
11732
11748
12302
12723
12746
13099
13109
13445
13785
13875
14039
14041
14245
14688
14745
14920
15203
15304
15384
15424
16108
16297
16434
16493
16570
16574
16913
17192
17306
17327
17332
17344
17354
17424
17500
17568
17577
17626
17641
18052
18668
18882
18891
19216
19403
19614
19690
20015
20038
20136
20293
20344
20406
20618
20813
20827
20860
20963
21078
21148
21183
21380
21385
21412
21455
21468
21549
21935
22274
22321
22336
22710
22888
23043
23205
23620
23652
23660
23873
23929
23967
24122
24721
24750
24835
24867
25018
25368
25465
25674
25686
26137
26542
26845
26978
27136
27155
27198
27210
27353
27521
27680
27815
27839
27868
27917
27925
28038
28208
28769
28878
29228
29245
29290
29327
29410
29722
30082
30169
30474
30967
31089
31103
31202
31997
32004
32177
32197
32454
32629
32730
32771
32844
33033
33087
33213
33278
33301
33494
33701
34011
34192
34668
34923
34931
35056
35128
35278
35327
35371
35392
35541
35625
35633
35957
35966
36175
36293
36319
36481
36594
36845
37016
37226
37239
37311
37369
37509
37696
37815
37889
37913
37927
38081
38305
38388
38789
38812
38989
39084
39127
39375
39468
39533
39574
39866
40135
40185
40395
40537
40575
40606
40631
40680
