11
40
382
719
1076
1163
1197
1217
2003
2037
2104
2769
2892
3055
3160
3383
3532
3623
3816
3830
4268
4269
4282
4387
4422
4602
4613
5016
5022
5466
5503
5811
5812
6188
6441
6477
6654
6711
7147
7435
7835
7963
7969
8291
8360
8424
8480
8535
8566
8578
8781
9023
9072
9154
9524
9654
9695
9738
9809
10131
10271
10593
10725
10777
10867
10889
10927
11154
11204
11413
11665
11686
11711
11829
12073
12198
12346
12375
12474
12493
12512
12609
12631
12985
13029
13060
13135
13175
13190
13210
13314
13397
13469
13518
13624
13744
13884
13986
14091
14144
14190
14228
14306
14538
14674
14844
14915
15059
15174
16293
16308
16411
16470
16603
16697
16959
16968
17291
17732
17780
17934
18115
18121
18201
18338
18506
18580
18872
19225
19229
19525
19624
19734
19805
20024
20104
20334
20537
20778
21004
21092
21123
21157
21167
21268
21287
21411
21612
21747
21821
22014
22338
22418
22528
22547
22763
22862
23080
23694
23867
23971
24033
24289
24340
24347
24375
24554
24684
24807
24831
25011
25780
25820
26072
26455
26480
26561
26715
26951
26960
27104
27352
27402
27569
27593
27719
27806
28072
28122
28473
28554
28759
28931
28982
28990
29599
29601
29606
29644
29653
29836
29936
29963
30040
30331
30347
30660
30824
31004
31073
31087
31097
31271
31392
32135
32280
32296
32319
32908
32931
33180
33244
33274
34017
34020
34169
34246
34584
34621
34708
34794
35017
35024
35053
35080
35098
35114
35151
35379
35651
35860
35873
35946
36051
36082
36329
36599
37281
37302
38036
38103
38222
38255
38444
38605
38999
39205
39310
39417
39449
39459
39474
39487
39520
40025
40074
40229
40276
40432
40773
40800
31
85
117
231
342
369
1111
1181
1508
1632
2443
2975
3067
3069
3087
3093
3113
3204
3350
3495
3588
3823
3926
3927
3990
4023
4245
4288
4409
4456
4529
4778
4857
4991
5044
5163
5168
5185
5250
5302
5451
5661
5792
5856
6158
6167
6194
6307
6329
6399
6579
6705
6754
6933
7010
7064
7074
7164
7231
7586
7710
8105
8217
8224
8372
8408
8563
8618
8691
8713
9092
9161
9256
9456
9566
9612
9624
9697
9922
9946
10191
10534
10605
10677
11041
11087
11095
11190
11562
11598
11732
11748
11945
11973
12056
12122
12302
12310
12345
12368
12457
12746
13077
13099
13129
13718
13785
13875
14245
14416
14688
14890
14899
14901
14942
15066
15304
15384
15515
16093
16108
16228
16320
16380
16434
16492
16493
16570
16644
16724
16913
17354
17568
17626
17641
17729
17917
18052
18668
18882
18891
19216
19333
19403
19614
19934
19974
20056
20136
20286
20337
20406
20751
20827
20963
21078
21112
21184
21380
21481
21488
21549
21712
22012
22036
22274
22321
22726
22911
23180
23494
23620
23652
23660
23948
24216
24427
24498
24721
24980
25018
25368
25465
25600
25686
26137
26232
26529
26978
27136
27221
27680
27815
28005
28038
28208
28210
28327
28592
28769
28800
28878
28918
29245
29508
29787
30051
30337
30406
30764
31165
31194
31202
31808
31875
31933
32004
32098
33033
33213
33337
33494
33515
33623
34192
34242
34369
34372
34610
34622
34668
35056
35184
35327
35371
35392
35541
35546
35625
35768
35912
35966
36175
36293
36594
36845
36881
37016
37226
37239
37369
37409
37509
37560
37696
37714
37889
37927
37935
38081
38219
38225
38305
38508
38638
38703
38812
38989
39084
39127
39375
39455
39468
39574
39978
40135
40151
40231
40395
40457
40537
40563
40575
40578
40606
40680
40784
