11
507
756
951
996
1027
1060
1094
1163
1217
1412
1479
1480
1492
1535
2003
2037
2066
2104
2336
2493
2553
2784
3160
3382
3391
3575
3773
3830
3937
3999
4264
4268
4554
4602
4772
4812
5016
5024
5355
5760
5811
5812
5873
6188
6441
6606
6654
6711
6982
7040
7147
7435
7969
8060
8291
8480
8510
8535
8594
8644
8833
8976
9023
9047
9072
9120
9154
9524
9654
9695
9809
10129
10171
10271
10279
10725
10728
10777
10867
10927
10942
11063
11139
11225
11277
11413
11609
11658
11665
11965
12071
12073
12346
12474
12512
12609
12985
13060
13104
13135
13190
13203
13210
13469
13518
13624
13742
13744
13833
13884
14091
14306
14308
14363
14516
14599
14666
14674
14844
14859
14915
15059
15349
16254
16411
16470
16603
17067
17265
17291
17444
17732
17934
17969
18076
18115
18472
18506
18580
19225
19291
19422
19624
19805
20537
20770
20938
21004
21123
21167
21411
21612
21747
21767
21821
22136
22297
22418
22470
22492
22528
22547
22823
22862
22935
23080
23190
23694
23867
23890
24033
24173
24289
24347
24375
24571
24598
24652
24684
24689
25011
25192
25324
25470
25780
26040
26072
26347
26958
27065
27195
27352
27372
27402
27690
27719
27725
27748
27833
28122
28658
28776
28783
28875
28982
29101
29304
29599
29644
29760
29925
29963
30107
30172
30331
30347
30481
30598
30697
30824
31073
31392
31519
31592
31601
31637
31873
31890
31893
32152
32290
32485
32908
32927
33180
33244
33274
33749
33815
33831
34020
34039
34300
34367
34621
34840
34884
34996
35017
35053
35078
35080
35098
35364
35379
35407
35424
35447
35589
35769
35860
36082
36329
36347
36506
36599
36726
37281
37302
37777
37840
38013
38036
38273
38444
39067
39205
39449
39459
39520
39577
39694
40074
40432
40800
13
31
85
342
346
369
697
1111
1181
1508
1547
1873
2302
2810
2834
2936
2975
3067
3069
3087
3093
3123
3204
3336
3572
3823
3927
4245
4288
4363
4484
4520
4675
4778
4975
4991
4995
5025
5079
5144
5168
5451
5473
5745
5792
5796
5979
6158
6194
6201
6579
6705
6754
6864
6933
7187
7231
7318
7503
7717
8123
8234
8533
8541
8563
8691
8712
9092
9242
9256
9550
9612
9697
9922
10191
10741
10875
10984
11000
11087
11190
11234
11562
11598
12122
12310
12368
13099
13445
13875
14041
14416
14688
14835
14901
14920
15132
15203
15304
15348
15423
15424
15697
15922
16093
16114
16320
16380
16434
16574
16724
16761
16913
17192
17306
17327
17344
17354
17360
17563
17568
17577
17910
17917
18052
18175
18863
18882
19216
19300
19333
19403
19690
19913
20015
20134
20136
20286
20344
20600
20618
20751
20827
20963
21078
21183
21184
21203
21380
21385
21412
21481
21729
22036
22519
22544
22710
23043
23180
23205
23494
23620
23967
24122
24216
24498
24835
24867
25334
25600
25674
25946
26232
27136
27198
27210
27386
27521
27680
27815
27839
27925
28005
28038
28210
28327
28511
28592
28769
29290
29410
29508
29787
30008
30169
30337
30406
30764
31103
31165
31194
31202
31394
31659
31875
31933
31997
32004
32098
32454
32771
32844
33213
33301
33337
33494
33515
33623
34011
34192
34242
34369
34610
34622
34668
34923
35056
35128
35371
35391
35392
35541
35768
35912
35957
35966
36175
36296
36319
36418
36481
36594
36724
37016
37226
37311
37696
37889
37923
37927
38055
38081
38305
38703
38789
38811
38889
39084
39468
39533
39866
39978
40135
40151
40457
40537
40563
40575
40578
40650
40680
40784
