11
40
507
719
756
792
819
951
1060
1076
1094
1202
1217
1397
1412
1440
1513
1671
2037
2104
2336
2348
2459
2769
2784
2861
2892
2917
3160
3391
3451
3532
3773
3999
4185
4772
4812
5022
5074
5355
5465
5466
5503
5760
5811
6188
6313
6441
6477
6654
7147
7158
7969
8060
8253
8566
8644
8781
8976
9154
9240
9654
9809
10131
10725
10728
10777
10867
10889
10927
11063
11139
11413
11553
11609
11642
11658
11686
11830
12073
12375
12407
12493
12571
12609
12955
12985
13060
13104
13126
13299
13314
13361
13518
13624
13709
13726
13742
13744
13986
14091
14228
14308
14363
14538
14599
14666
14674
14859
14886
15174
15534
15710
16308
16398
16844
16968
17067
17097
17265
17291
17444
17522
17732
17780
17934
17969
18076
18121
18201
18472
18751
18794
18872
19225
19229
19291
19312
19423
19624
19799
19805
20491
20770
21004
21092
21123
21134
21167
21248
21268
21612
21747
22010
22014
22418
22492
22528
22547
22763
22821
22823
22935
23240
23867
23890
23971
24033
24173
24289
24554
24571
24598
24807
24866
25324
25470
25820
26040
26072
26277
26347
26455
26715
26901
26951
26958
26960
26971
26992
27065
27690
27719
27725
27806
27814
28072
28122
28554
28759
28776
28931
28982
29304
29403
29588
29836
29925
29936
29963
30107
30172
30331
30347
30441
31073
31271
31519
31592
31882
31893
32217
32280
32296
32319
32485
32869
32927
32931
33180
33244
33274
33762
33833
34246
34300
34708
34818
34966
34996
35024
35078
35080
35098
35114
35325
35379
35424
35447
36329
36506
36757
37281
37390
37907
38013
38222
38273
38444
38628
38950
38983
39082
39205
39310
39520
39572
39577
39587
39669
39939
40025
40055
40229
40276
40309
40342
40428
40773
40800
42
120
302
346
762
1111
1181
1507
1547
1798
1873
2302
2452
2601
2737
2747
2810
2836
3067
3113
3123
3204
3336
3818
3990
4023
4245
4363
4409
4456
4675
4778
4919
5025
5044
5052
5079
5185
5443
5473
5615
5661
5745
5792
5796
6046
6167
6194
6201
6307
6329
6469
6579
6754
6864
6886
6933
7010
7126
7231
7345
7586
8217
8224
8238
8304
8408
8691
8880
8951
9005
9066
9161
9242
9456
9566
9612
9624
9718
9922
9935
10077
10191
10605
10626
10677
10741
10875
10977
11000
11041
11087
11562
11598
11732
11748
11945
12056
12122
12302
12345
12457
12723
13037
13099
13129
13445
13718
13785
13875
14039
14041
14193
14416
14688
14890
14920
15132
15304
15515
15697
16434
16440
16492
16493
16570
16724
16913
16958
17306
17332
17360
17568
17641
17729
17917
18882
18977
19216
19353
19934
19974
20038
20134
20337
20344
20406
20600
20664
20751
20813
20827
20860
21049
21112
21203
21380
21468
21481
21549
22036
22274
22888
22911
23494
23873
23929
23967
24169
24216
24427
24721
24750
24955
24980
25067
25600
25674
25946
26232
26267
26529
26542
26978
27155
27221
27521
27801
27815
27839
27868
28005
28038
28210
28511
28592
28769
28800
29228
29245
29327
29401
29470
29787
30008
30082
30169
30406
30474
30764
30967
31089
31659
31765
31808
32098
32454
32629
32730
33033
33087
33213
33301
33337
33701
34109
34242
34325
34369
34622
34896
34923
35056
35128
35327
35392
35546
35625
35768
35957
36327
36418
36594
36845
36881
37226
37239
37418
37509
37560
37593
37889
37913
37935
38081
38225
38226
38305
38508
38521
38638
38703
38789
38989
39084
39127
39455
39468
39533
39574
39866
40151
40185
40537
40575
40578
40631
40784
