507
756
819
951
1027
1076
1094
1163
1202
1397
1492
1535
2104
2459
2493
2572
2769
2892
2917
3055
3124
3382
3383
3391
3575
3623
3816
3830
3908
4269
4282
4387
4422
4602
4772
4979
5016
5022
5024
5074
5355
5465
5503
5760
5812
6477
6517
6537
6654
6982
7040
7085
7261
7435
7835
7963
7969
8253
8291
8535
8578
8594
8626
8644
8833
8976
9023
9047
9120
9154
9524
9979
9998
10129
10131
10171
10271
10279
10728
10889
10942
11204
11277
11413
11642
11829
11830
12375
12407
12493
12512
12571
12609
12631
12718
12893
12955
13029
13060
13121
13126
13135
13203
13210
13314
13361
13469
13518
13742
13833
13884
14091
14190
14516
14844
14859
14886
14915
15059
15174
15480
15710
16254
16308
16411
16463
16844
16959
17067
17097
17265
17291
17934
18256
18338
18472
18506
18580
18751
18872
19151
19229
19291
19312
19321
19422
19734
19799
19903
20024
20466
20506
20876
20938
21123
21134
21157
21248
21312
21770
21821
22010
22014
22136
22418
22492
22528
22823
22862
23240
23867
23971
24033
24289
24347
24375
24554
24684
24761
24807
24831
25011
25192
25470
25780
25820
26040
26072
26277
26715
26901
26951
26958
26971
26992
27065
27195
27352
27402
27548
27725
27806
28072
28554
28658
28759
28776
28990
29101
29152
29588
29925
29936
30331
30347
30441
30481
30660
30697
31004
31073
31087
31271
31473
31592
31873
31890
32005
32135
32152
32319
32908
33244
33274
33749
33762
33815
33833
34017
34169
34246
34300
34794
34818
34907
34963
34966
35053
35098
35114
35325
35407
35424
35589
35946
36329
36347
36506
36599
36757
37281
37931
38013
38103
38444
38605
38628
38950
38999
39310
39474
39520
39587
40025
40069
40074
40276
40309
40342
40428
40432
40773
40800
85
231
302
342
346
369
697
1181
1507
1632
1739
2443
2601
2662
2737
2747
2810
2936
2975
3067
3069
3087
3123
3336
3495
3588
3627
3927
3935
4288
4409
4484
4520
4778
4857
4919
5079
5082
5163
5168
5324
5451
5661
6046
6158
6167
6194
6307
6329
6375
7010
7064
7126
7318
7345
7586
8234
8239
8481
8533
8691
8880
8923
9066
9550
9612
9718
9935
10492
10677
10875
10977
10984
10994
11041
11087
11095
11234
11380
11562
11689
11732
11748
11945
12056
12122
12302
12310
12368
12390
13129
13445
13718
13785
13875
14041
14193
14245
14416
14745
14835
14890
14899
14942
15348
15922
16114
16228
16380
16492
16493
16958
17136
17306
17344
17354
17360
17424
17563
17577
17626
17729
17917
18052
18175
18863
18882
18891
18977
19216
19300
19974
20038
20056
20286
20293
20406
20618
20751
20813
20860
21049
21078
21112
21148
21203
21385
21468
21481
21510
21549
22012
22036
22274
22544
22710
22894
22911
23180
23205
23408
23660
23873
23929
23948
23990
24169
24427
24721
24750
24835
25297
25368
25465
25600
26232
26267
26845
26978
27198
27353
27386
27680
27801
27839
27917
28208
28511
28769
28878
28918
29245
29327
29410
29508
29722
29787
30008
30337
30406
31103
31165
31202
31875
32004
32177
32197
32454
32730
32771
32844
33033
33278
33301
33494
33515
33623
33701
34011
34192
34242
34325
34372
34610
34622
34628
34896
34923
34931
35327
35360
35371
35541
35625
35768
35912
35957
36293
36327
36594
36724
36845
37016
37239
37369
37409
37560
37593
37696
37815
37889
37935
38055
38081
38388
38811
38889
39084
39127
39147
39375
39455
39574
39866
39978
40135
40151
40185
40395
40578
40609
40631
40650
40680
40784
