40
792
819
951
1060
1094
1163
1440
1492
1513
2037
2104
2459
2553
2769
2784
2858
2892
3055
3382
3383
3391
3532
3575
3623
3830
3937
4264
4269
4282
4422
4639
4772
4812
4979
5022
5024
5074
5148
5760
5811
5873
6026
6477
6654
6711
6982
7040
7085
7158
7435
7835
7969
8060
8360
8535
8566
8594
8626
8644
8976
9023
9047
9593
10129
10131
10171
10271
10687
10725
10728
10867
11139
11225
11413
11515
11553
11609
11658
11665
11686
11764
12071
12198
12474
12690
12893
13104
13135
13203
13299
13469
13518
13624
13709
13726
13744
13833
13986
14091
14144
14190
14538
14666
14844
14859
14886
15174
15480
15710
16254
16293
16308
16470
16603
16844
16860
17067
17155
17444
17522
17969
18115
18121
18256
18338
18506
18751
18814
18872
19008
19151
19291
19321
19624
19799
20104
20466
20938
21092
21134
21248
21767
21821
22010
22014
22094
22136
22297
22338
22470
22492
22528
22547
22862
23080
23190
23240
23694
23890
23971
24289
24340
24375
24554
24571
24684
24807
24831
25192
25780
25820
26040
26072
26277
26347
26455
26561
26580
26901
26958
27065
27163
27593
27690
27719
27806
27814
27833
28072
28875
28931
28982
28990
29101
29152
29403
29599
29625
29644
29936
29963
30040
30107
30172
30331
30481
30598
30697
31004
31087
31097
31271
31392
31519
31592
31601
31637
31873
31882
31890
31893
32005
32135
32152
32280
32296
32319
32485
32869
32908
32931
33244
33274
33448
33815
33831
33965
34020
34039
34235
34246
34367
34584
34996
35017
35024
35255
35325
35403
35424
35447
35770
35860
35909
36051
36329
36347
36719
36802
37281
37302
37678
37931
38013
38103
38255
38274
38605
38677
38999
39067
39082
39205
39449
39459
39520
39587
39694
39939
40025
40309
40342
31
42
231
302
342
346
697
1111
1181
1508
1547
1798
2302
2443
2575
2747
2834
2936
2975
3067
3087
3123
3350
3495
3588
3627
3818
3823
4245
4288
4409
4456
4675
4857
4919
4991
4995
5025
5044
5052
5082
5302
5473
5615
5661
5792
5856
6158
6167
6201
6375
6579
6754
6864
6886
7010
7074
7164
7187
7231
7318
7586
8105
8123
8217
8234
8239
8304
8533
8615
8691
8712
8713
8951
9092
9173
9456
9550
9566
9624
9935
9946
10492
10541
10741
10905
10977
10994
11000
11041
11095
11234
11247
11380
11732
11748
11945
12056
12122
12368
12390
12723
12746
13445
13785
14193
14245
14745
14890
15066
15132
15203
15304
15384
15424
15515
15697
15922
16108
16228
16297
16320
16493
16570
16574
16644
16724
16761
17136
17344
17354
17360
17568
17577
17641
17917
18175
18863
18882
19333
19934
19974
20015
20038
20134
20136
20286
20337
20664
20751
21112
21183
21184
21203
21412
21455
21549
21712
21935
22012
22036
22336
22519
22894
23043
23408
23494
23620
23660
23929
23948
24122
24216
24750
24917
24955
25067
25674
26232
26267
26529
26542
26978
27136
27210
27221
27521
27801
27839
27868
27925
28208
28769
28878
29228
29245
29327
29470
29508
29722
29787
30082
30337
30474
30967
31394
31765
32098
32177
32454
32771
32844
33033
33087
33213
33278
33337
33701
34106
34109
34192
34325
34369
34610
34622
34668
34896
34923
34931
35056
35184
35278
35327
35342
35360
35391
35392
35546
35625
35912
35966
36021
36296
36594
37016
37239
37409
37418
37560
37593
37696
37714
37815
38081
38226
38305
38388
38508
38521
38638
38811
38989
39127
39455
39533
39574
39866
39978
40151
40185
40395
40578
40606
40609
40631
