382
719
1027
1094
1197
1217
1671
1758
2003
2104
2336
2348
2459
2493
2572
2858
3055
3124
3383
3391
3451
3532
3773
3816
3830
3937
3999
4185
4264
4268
4387
4428
4554
4602
4613
4639
4772
4812
4870
4979
5016
5022
5355
5465
5466
6165
6313
6441
6477
6517
6654
6711
7040
7085
7147
7158
7261
7435
7963
8480
8535
8626
8833
8976
9072
9240
9524
9695
9738
9998
10131
10171
10271
10279
10687
10725
10777
11139
11154
11225
11609
11658
11686
11711
11764
11830
11965
12073
12198
12375
12609
12631
12690
12893
12985
13104
13121
13126
13135
13175
13190
13203
13210
13299
13314
13361
13469
13726
13744
13833
14228
14301
14308
14363
14516
14674
14844
15059
15480
15710
16254
16308
16398
16411
16470
16603
16697
16860
16968
17067
17340
17732
17934
18115
18121
18201
18256
18580
18794
18814
18872
19229
19422
19799
20104
20466
20506
20537
20770
20876
20938
21004
21134
21157
21167
21268
21767
21770
22297
22338
22492
22763
22823
22862
23080
23240
23694
23867
24173
24289
24340
24375
24571
24598
24684
24689
24761
24807
25011
25192
25470
25780
26347
26480
26561
26580
26715
26901
26951
26958
26992
27065
27163
27352
27372
27402
27548
27569
27690
27725
27748
27833
28473
28554
28658
28776
28783
28990
29101
29304
29403
29599
29644
29760
29963
30172
30598
30660
30697
31019
31271
31473
31637
31873
31882
32005
32123
32152
32217
32280
32290
32296
32869
32908
32927
33274
33448
33749
33762
33815
33833
33965
34017
34039
34235
34246
34300
34708
34794
34818
34840
34963
34966
34996
35017
35024
35053
35078
35098
35325
35379
35407
35424
35589
35651
35860
35909
36082
36347
36506
36802
37281
37302
37390
37800
38036
38255
38273
38274
38605
38677
38887
38950
38983
39067
39082
39205
39417
39449
39459
39474
39520
39572
39694
40055
40074
40229
40428
40432
40773
40800
13
31
42
85
120
219
231
342
697
762
1111
1181
1508
1873
2318
2452
2575
2662
2810
2936
3067
3093
3113
3336
3495
3588
3627
3818
3926
3990
4245
4675
4778
4819
4975
4991
4995
5025
5044
5079
5082
5096
5168
5324
5443
5451
5661
5979
6046
6121
6194
6375
6399
6469
6864
7126
7231
7318
7717
8105
8123
8234
8238
8239
8304
8408
8615
8618
8712
8880
9066
9161
9173
9242
9685
9946
10191
10534
10605
10626
10875
10977
11000
11186
11748
11945
12122
12302
12310
12457
12723
13129
13445
13718
14688
14745
14835
14890
14901
14942
15203
15304
15348
15515
15697
16093
16108
16114
16380
16493
16644
16761
17136
17332
17424
17500
17563
17568
17626
18052
18863
18882
18891
19216
19333
19353
19974
20015
20056
20134
20286
20293
20344
20406
20813
21049
21183
21203
21385
21455
21481
21488
21510
21712
22012
22274
22710
22888
23180
23205
23408
23494
23660
23948
23967
24169
24427
24917
25067
25297
25368
25600
25674
26137
26267
26542
26845
26978
27136
27155
27198
27210
27221
27353
27386
27801
27839
27925
28005
28210
28327
28769
28800
29401
29470
29787
30008
30051
30082
30406
30474
30764
30967
31103
31202
31659
31765
31997
32454
32730
32844
33213
33278
33301
33494
33515
33623
33701
34372
34610
34622
34628
34668
34923
35184
35278
35360
35371
35546
35912
36021
36293
36327
36481
36845
36881
37239
37311
37369
37409
37560
37593
37714
37913
37923
37927
38055
38508
38521
38638
38811
39084
39127
39147
39468
39574
39866
39978
40135
40151
40185
40231
40395
40606
40631
40650
40784
