382
951
1060
1094
1197
1397
1412
1440
1492
1513
1535
1671
2336
2348
2493
2861
2892
3055
3383
3532
3575
3623
3773
3830
3908
3999
4268
4282
4422
4428
4613
4772
4870
4979
5022
5355
5465
5503
5811
6026
6190
6313
6517
6654
6711
7085
7147
7261
7362
7435
7835
7963
7969
8060
8253
8360
8424
8594
8626
8781
8976
9072
9593
9695
9738
9979
9998
10777
10867
11154
11413
11515
11642
11658
11665
11711
11829
11830
12073
12245
12346
12474
12493
12512
12609
12631
12718
12955
12985
13029
13104
13121
13203
13210
13299
13397
13469
13726
13744
13833
13884
13986
14091
14306
14363
14538
14666
14844
14886
14915
15059
15174
15710
16308
16398
16411
16470
16603
16844
17155
17265
17444
17522
17732
17934
17969
18115
18201
18338
18359
18506
18751
18794
18872
19225
19229
19291
19422
19734
19799
19805
20225
20334
20466
20491
20770
20938
21004
21157
21312
21411
21767
21770
22010
22014
22094
22246
22338
22821
22862
23240
23694
23867
23890
24033
24289
24340
24571
24598
24689
24866
24982
25192
25324
25780
25820
26040
26277
26480
26537
26561
26715
26901
26992
27065
27163
27195
27372
27402
27548
27569
27690
27719
27748
27833
28072
28473
28554
28783
29101
29152
29403
29588
29599
29644
29653
29936
29963
30040
30449
30598
30660
30697
31073
31087
31473
31592
31601
31873
31882
31893
32123
32135
32485
32908
32931
33448
33762
33833
33965
34017
34020
34039
34235
34246
34367
34708
34794
34818
34840
34884
34907
34963
34996
35024
35053
35080
35364
35403
35407
35424
35589
35651
35770
35860
35909
35946
36051
36329
36719
37281
37390
37678
37777
38103
38273
38444
38605
38628
38887
39067
39082
39205
39310
39459
40069
40074
40276
40309
40342
40773
13
31
42
117
120
219
302
369
697
762
1111
1632
2253
2302
2443
2580
2747
2836
2975
3069
3093
3113
3204
3336
3350
3495
3572
3588
3818
3935
4456
4675
4778
4975
4991
5044
5082
5144
5163
5185
5473
5615
5661
5796
6046
6121
6158
6167
6194
6307
6329
6375
6399
6579
6933
7074
7231
7318
7345
7503
7586
7710
8105
8123
8217
8234
8238
8304
8481
8541
8563
8712
8880
8951
9005
9092
9173
9242
9456
9550
9566
9718
9935
10077
10191
10541
10605
10626
10677
10875
11041
11095
11186
11190
11234
11247
11380
11689
11732
11945
12056
12390
12723
12746
13037
13077
13099
13109
13785
13875
14041
14193
14688
14745
14835
14890
14901
14920
14942
15132
16108
16114
16228
16320
16380
16434
16440
16492
16493
16644
16958
17332
17360
17500
17577
17626
17641
18882
19216
19353
19403
19614
19690
19913
19934
19974
20293
20600
20664
20813
20827
20860
21049
21078
21183
21184
21385
21412
21481
21549
21729
22274
22321
22336
22519
22710
22911
23620
23660
23929
23948
24122
24216
24498
24721
24835
24867
24955
24980
25018
25297
25334
25368
26232
26529
27155
27210
27221
27353
27386
27521
27815
27868
27917
28005
28038
28208
28210
28327
28511
28800
29327
29470
29722
29787
30008
30169
30337
30406
30474
31103
31165
31202
31394
31875
31933
31997
32098
32454
32771
33087
33337
33494
33515
33701
34011
34106
34109
34242
34372
34628
34668
34896
34923
34931
35128
35278
35360
35391
35546
35625
35633
35768
35912
36021
36293
36296
36319
36418
36594
36845
36881
37226
37311
37409
37418
37714
37815
37923
37935
38081
38388
38521
38811
38889
38989
39127
39533
40135
40185
40231
40395
40457
40537
40563
40631
40680
