11
382
507
719
819
951
1027
1202
1217
1412
1440
1479
1480
1492
1535
1758
2066
2336
2348
2553
2572
2769
2784
2858
3160
3382
3575
3773
3830
3937
4268
4387
4639
5016
5465
5760
5812
6026
6188
6190
6313
6477
6654
6982
7040
7147
7158
7362
7835
7969
8060
8253
8424
8510
8535
8566
8594
8626
8781
8976
9023
9047
9120
9154
9593
9654
9795
9998
10129
10279
10687
10728
10867
11063
11139
11154
11277
11515
11609
11658
11665
11686
11764
11829
11830
11965
12071
12198
12245
12407
12631
12690
12893
12985
13029
13060
13121
13135
13190
13299
13314
13624
13709
13726
13790
13833
13884
13986
14091
14144
14190
14228
14301
14308
14363
14516
14666
14844
14915
15174
15349
16398
16463
16470
16697
16959
17265
17444
17934
17969
18338
18506
18580
18751
19008
19225
19291
19312
19422
19525
20024
20334
20537
20770
20938
21123
21157
21167
21248
21268
21287
21312
21411
21612
21747
21767
21770
22094
22246
22297
22338
22418
22763
22862
23240
24033
24340
24347
24375
24554
24684
24761
24807
24831
24982
25011
26072
26269
26277
26347
26480
26561
26901
26951
27195
27402
27569
27690
27725
27806
27814
28072
28122
28554
28658
28776
28783
28990
29304
29599
29606
29836
29925
29963
30331
30347
30441
30598
30660
30697
31019
31087
31271
31392
31519
31601
31637
31873
31890
32005
32135
32908
33180
33274
33448
33749
33762
33965
34017
34039
34246
34300
34367
34584
34621
34708
34777
34794
34840
34907
34966
34996
35017
35053
35080
35098
35255
35364
35379
35403
35407
35424
35860
35873
35909
35946
36719
36726
36757
37281
37678
37777
37840
38013
38273
38444
38677
38887
38950
38983
38999
39067
39082
39205
39310
39572
39587
39669
39939
40025
40229
40276
40342
40773
40800
13
31
219
346
697
762
1111
1181
1739
1798
1873
2253
2747
2810
3087
3204
3396
3495
3627
3823
3927
3935
4245
4288
4409
4675
4975
4995
5052
5079
5082
5163
5185
5443
5451
5473
5615
5745
5856
6046
6121
6158
6399
6705
6754
6933
7074
7164
7187
7231
7345
7503
7710
7717
8010
8224
8234
8304
8408
8691
8712
8880
8923
8951
9005
9161
9242
9256
9456
9566
9612
9624
9697
9718
9935
9946
10191
10492
10541
10605
10741
10875
10977
11000
11041
11087
11095
11190
11234
11598
11689
11732
11945
12056
12122
12302
12390
12457
12746
13037
13077
13129
13718
13785
14416
14745
14835
14890
14901
14920
14942
15066
15304
15423
15424
15922
16093
16108
16114
16297
16434
16570
16644
16724
17192
17306
17327
17332
17344
17354
17360
17424
17563
17568
17626
17910
18052
18882
18977
19216
19300
19353
19403
19913
19974
20134
20286
20337
20507
20600
20618
20751
20813
20827
20860
20963
21112
21148
21468
21510
21935
22036
22519
22710
22888
23043
23180
23408
23494
23620
23873
23948
24122
24169
24427
24498
24867
25018
25067
25297
25334
25465
25600
26137
26529
26845
26978
27198
27210
27353
27386
27521
27801
27839
28005
28208
28327
28511
28592
28800
28918
29470
29722
30082
30169
30406
30764
31089
31194
31202
31394
31659
31765
31933
31997
32004
32098
32177
32197
33033
33278
33623
34011
34109
34325
34369
34372
34610
34896
35128
35327
35342
35360
35371
35633
35912
35966
36175
36319
36327
36724
36845
37239
37311
37409
37509
37560
37815
37889
37923
37935
38081
38219
38305
38388
38521
38811
38812
39127
39147
39375
39455
39468
39533
39574
39978
40135
40395
40563
40606
40609
40631
40680
