40
756
792
1027
1060
1163
1202
1397
1440
1535
1758
2003
2037
2066
2104
2553
2769
2858
2861
3124
3160
3382
3391
3623
3773
3816
3908
3999
4185
4264
4268
4282
4387
4554
4772
4812
5024
5074
5148
5466
5503
5760
5811
5812
6188
6190
6313
6441
6477
6517
6537
6654
6982
7040
7085
7147
7158
7362
7435
7835
7963
8360
8424
8480
8535
8578
8594
8644
8781
8833
9023
9072
9154
9240
9524
9593
9738
9809
9998
10131
10171
10271
10777
10942
11063
11277
11553
11609
11658
11665
11830
12073
12198
12407
12474
12571
12631
12718
12893
13029
13060
13104
13121
13135
13175
13190
13518
13624
13709
13726
13790
13884
13986
14091
14190
14306
14538
14666
14886
14915
15349
15480
15534
16293
16308
16603
16697
16844
16968
17097
17265
17291
17340
17522
17969
18256
18338
18580
18751
18814
19008
19225
19229
19321
19422
19423
19525
19624
19734
19799
20024
20491
20506
20537
20876
20938
21123
21134
21248
21268
21287
21612
21747
21770
21821
22010
22094
22136
22246
22297
22418
22470
22528
22547
22821
24033
24173
24289
24375
24554
24689
24761
24807
24866
24982
25011
25324
25780
25820
26040
26277
26537
26951
27065
27690
27814
28072
28554
28759
28783
28931
28982
28990
29152
29304
29403
29606
29644
29836
29936
30107
30172
30441
30697
30824
31019
31087
31271
31473
31601
31637
31873
31882
32123
32217
32290
32869
33180
33244
33274
33448
33762
33831
33965
34017
34020
34235
34246
34708
34818
34840
35017
35024
35053
35078
35080
35114
35255
35403
35769
35770
36051
36329
36347
36506
36599
37302
37390
38013
38273
38274
38444
38628
38887
38983
38999
39082
39310
39417
39449
39487
39939
40025
40069
40074
40229
40309
40428
40773
40800
13
31
117
120
302
342
346
697
762
1088
1111
1181
1508
1739
1873
2253
2302
2318
2737
2936
3067
3069
3087
3113
3396
3495
3818
3990
4023
4245
4288
4456
4520
4529
4778
4819
4857
4995
5044
5079
5144
5168
5302
5451
5473
5745
5796
5856
5979
6158
6194
6375
6399
6579
6754
6864
6886
7074
7164
7503
7586
7710
7717
8010
8105
8123
8224
8408
8713
8951
9005
9173
9256
9566
9685
9922
9935
10077
10492
10605
10677
10905
10984
11000
11186
11234
11689
11732
11973
12122
12302
12345
12368
12457
12723
12746
13037
13077
13129
13445
13875
14039
14193
14416
14688
14835
14899
14901
14920
14942
15132
15203
15304
15423
15424
15922
16108
16114
16297
16380
16440
16493
16574
16724
16761
16958
17192
17327
17332
17344
17500
17563
17568
17577
17626
17917
18052
18175
18668
18863
18891
19216
19614
19934
19974
20015
20038
20293
20344
20600
20860
20963
21049
21112
21183
21184
21385
21412
21455
21468
21481
21488
21510
21549
21712
21729
22036
22519
22544
22726
22894
23408
23494
23652
23873
23929
23948
23967
24169
24216
24427
24721
24867
24980
25018
25465
25686
25946
26137
26232
26529
26542
26978
27155
27198
27221
27386
27521
27680
27815
27839
27868
27925
28210
28769
28800
28878
28918
29290
29401
29410
29508
29722
30008
30051
30082
30337
31089
31394
31659
31808
31933
31997
32004
32197
32454
32730
32844
33033
33213
33301
33337
33515
33701
34242
34369
34372
34628
34668
34923
35128
35327
35360
35371
35391
35546
35625
35768
35912
36319
36327
36418
36594
36881
37311
37369
37593
37923
37927
37935
38055
38305
38521
38703
38811
38812
39084
39468
39574
39978
40135
40151
40185
40231
40457
40606
40609
40784
