11
40
507
756
792
951
996
1076
1217
1397
1440
1513
1535
2003
2037
2348
2459
2553
2769
2858
2892
2917
3055
3382
3532
3575
3623
3830
3908
3937
3999
4185
4269
4282
4422
4428
4554
4613
4639
4772
5022
5466
5503
5811
5873
6026
6190
6313
6477
6606
7085
7158
7362
7435
7835
8079
8253
8291
8578
9047
9240
9524
9593
9738
9795
9809
10129
10131
10279
10344
10593
10687
10725
10728
10777
10889
10927
11063
11225
11515
11553
11764
12198
12375
12512
12690
12893
12955
12985
13029
13121
13126
13135
13175
13299
13469
13624
13709
13726
14144
14228
14301
14306
14308
14516
14538
14859
14886
15174
15480
16293
16308
16398
16844
16968
17155
17340
17780
18121
18201
18359
18472
18751
18814
19151
19229
19291
19312
19624
19734
19799
19805
20537
20770
20778
20876
21123
21157
21167
21248
21268
21287
21312
21747
21767
21821
22014
22246
22418
22528
22823
22935
23080
23240
23694
23867
23890
24340
24652
24761
24807
24831
25192
25324
25470
25780
25801
25820
26072
26277
26455
26480
26537
26951
26971
27065
27104
27163
27690
27725
27814
27833
28122
28554
28658
28759
28982
28990
29403
29606
29625
29644
29653
29836
30040
30172
30598
30697
30824
31004
31087
31097
31392
31473
31519
31592
31601
31637
31873
31890
31893
32217
32280
32869
32908
32927
32931
33180
33244
33749
33762
33815
33831
34017
34039
34246
34300
34367
34621
34794
34884
34966
35017
35024
35053
35078
35098
35114
35151
35364
35860
35946
36051
36329
36726
36802
37281
37302
37678
38013
38036
38103
38255
38274
38444
38677
38887
38983
38999
39067
39082
39205
39449
39459
39577
39587
39669
39694
40055
40074
40276
40428
40800
31
85
231
342
346
697
762
1181
1507
1632
1798
1873
2253
2302
2443
2580
2737
2810
2834
3067
3093
3113
3336
3350
3396
3495
3627
3818
3926
4245
4288
4363
4409
4456
4529
4675
4919
4991
5025
5052
5082
5096
5250
5324
5615
5661
5745
5792
5796
5856
5979
6121
6158
6167
6194
6201
6329
6469
6705
6864
7064
7074
7187
7345
7586
7710
8010
8123
8217
8224
8234
8238
8372
8408
8481
8615
8618
8691
8713
8880
8951
9005
9066
9566
9612
9624
9697
9718
9922
10191
10534
10605
10741
10875
10977
10984
10994
11186
11190
11234
11380
11598
11689
11945
12302
12345
12457
12746
13109
13129
13718
13875
14041
14416
14899
14901
14920
14942
15132
15348
15384
15697
16108
16114
16297
16440
16493
16574
16644
16724
16958
17192
17327
17332
17344
17354
17360
17424
17500
17568
17910
17917
18175
18668
18863
18882
18977
19614
19974
20015
20056
20134
20136
20286
20406
20600
20963
21049
21112
21203
21385
21468
21488
21510
21549
21712
21935
22274
22321
22336
22519
22544
22726
23043
23180
23205
23408
23652
23873
23967
24122
24427
24750
24835
24867
24980
25018
25067
25297
25368
25465
25674
26137
26232
26542
26978
27155
27210
27221
27521
27680
27868
27925
28005
28208
28327
28592
28769
28800
28918
29245
29327
29410
29787
30051
30169
30337
30406
31089
31103
31165
31194
31202
31394
31875
31997
32004
32098
32629
32730
33213
33301
33515
33701
34242
34325
34610
34668
34931
35056
35278
35342
35360
35546
35633
35768
35912
35957
36296
36319
36481
37239
37409
37418
37509
37560
37593
37696
37714
37815
37889
37923
37927
38219
38305
38388
38508
38638
38703
38811
38812
38889
38989
39084
39127
39375
39468
39574
39866
39978
40537
40563
40606
40609
40784
