11
951
1027
1163
1197
1440
1480
1492
1671
2336
2493
2572
2769
2917
3124
3382
3391
3532
3623
3830
3908
3937
3999
4264
4268
4282
4554
4870
4979
5022
5074
5355
5465
5466
5760
6188
6654
7040
7147
7261
7362
7435
8291
8360
8424
8480
8510
8594
8644
8781
8833
9023
9154
9240
9654
9695
10129
10131
10687
10728
10889
11063
11139
11225
11277
11515
11658
11764
11965
12073
12245
12346
12493
12512
12571
12893
12955
13029
13060
13104
13175
13190
13203
13314
13361
13469
13518
13624
13742
13790
13833
13884
14306
14363
14516
14538
14859
15174
15349
15534
15710
16254
16308
16470
16603
16697
16860
17067
17155
17340
17522
17780
18115
18121
18201
18338
18359
18814
18872
19008
19151
19225
19229
19312
19624
19799
20466
20506
20938
21004
21157
21248
21287
21312
21767
21821
22014
22136
22297
22338
22418
22470
22528
22547
22823
22935
23971
24033
24689
25011
25801
25820
26040
26455
26480
26537
26580
26958
26960
27104
27195
27352
27372
27402
27548
27569
27593
27690
27719
27748
28072
28122
28658
28759
28776
28783
28875
28931
28982
28990
29152
29304
29599
29601
29625
29644
29760
29836
29925
30040
30107
30331
30347
30441
30660
30697
30824
31087
31097
31392
31473
31592
32005
32123
32152
32485
32927
32931
33274
33762
33815
33831
33833
34020
34300
34367
34584
34708
34777
34794
34818
34907
34963
34966
34996
35078
35114
35151
35255
35325
35364
35447
35651
35769
35770
35860
35909
35946
36329
36506
36726
36802
37281
37390
37678
37777
37800
37840
38013
38036
38103
38222
38273
38887
38950
38999
39067
39082
39205
39310
39449
39474
39487
39577
39587
39694
40055
40074
40276
40309
40342
31
42
120
231
302
342
697
762
1111
1508
1547
1632
1798
1873
2302
2318
2443
2575
2580
2737
2810
2836
3067
3113
3396
3495
3572
3627
3818
3926
4023
4245
4456
4484
4778
4975
4995
5052
5082
5163
5168
5250
5302
5324
5473
5856
6046
6158
6194
6307
6375
6399
6469
6579
6754
6886
7187
7231
7318
7710
8105
8217
8224
8234
8238
8239
8372
8541
8563
8618
8691
8713
8880
8951
9005
9092
9161
9173
9242
9612
9685
9718
9922
9935
9946
10077
10492
10605
10677
10741
10875
10984
11041
11234
11247
11380
11689
11748
11945
11973
12056
12302
12310
12345
12390
12746
13445
13875
14193
14688
14890
14942
15066
15132
15384
15423
15922
16108
16114
16228
16297
16320
16434
16440
16493
16574
16644
16724
17192
17424
17563
17626
17641
17729
17917
18052
18175
18668
18882
18891
19216
19300
19353
19690
19934
19974
20015
20038
20056
20134
20293
20344
20406
20507
20600
20618
20751
20860
20963
21049
21078
21203
21385
21481
21549
21729
21935
22274
22519
22726
22911
23180
23408
23494
23620
23652
23873
23929
23967
23990
24216
24427
24721
24750
24835
24867
24955
24980
25674
26137
26267
26978
27136
27198
27210
27221
27386
27680
27815
27925
28005
28208
28210
28511
28592
28769
28878
29401
29410
29470
29508
29787
30082
30337
30406
31103
31394
31659
31997
32098
32177
32629
32771
32844
33087
33213
33278
33301
33337
33494
33701
34011
34192
34325
34372
34610
34628
34668
35056
35128
35184
35278
35342
35360
35541
35625
35633
35768
36175
36293
36724
36881
37016
37239
37311
37369
37418
37560
37696
37714
37815
37913
37923
38055
38081
38225
38226
38305
38388
38508
38789
38811
38889
38989
39127
39375
39533
39866
39978
40135
40457
40575
40578
40606
40609
40631
40680
