756
792
819
996
1027
1060
1076
1202
1217
1397
1440
1479
1480
1492
1513
1535
1671
1758
2336
2858
3055
3124
3160
3451
3830
3937
4185
4264
4269
4387
4428
4554
4812
5503
5811
5873
6165
6188
6190
6313
6441
6477
6537
6711
6982
7040
7085
7147
7261
7362
7435
7835
7963
7969
8060
8291
8360
8424
8510
8594
8781
8976
9593
9695
9809
9998
10131
10344
10687
10728
10777
10867
10942
11063
11139
11154
11225
11277
11413
11515
11553
11609
11642
11711
11829
11965
12245
12375
12407
12474
12493
12609
12631
12893
12955
12985
13104
13126
13175
13203
13299
13518
13624
13744
13833
13884
13986
14091
14144
14190
14363
14516
14666
14674
14844
14859
15480
15534
16254
16293
16398
16603
16697
16959
16968
17067
17097
17265
17732
17780
17969
18076
18121
18580
18751
19151
19312
19422
19799
19805
20225
20334
20491
20506
20537
20778
20876
20938
21004
21123
21134
21157
21167
21287
21312
21612
21821
22010
22094
22136
22492
22528
22821
23080
23240
23694
23867
23890
24033
24571
24652
24689
24807
24866
24982
25470
25780
25801
25820
26277
26347
26715
26951
26971
27065
27104
27163
27195
27402
27548
27569
27719
27814
28122
28554
28776
28982
29601
29760
29925
29936
30040
30172
30347
30598
31004
31019
31073
31087
31392
31473
31519
31637
31873
32005
32123
32152
32280
32296
32319
32908
32927
33180
33448
33749
33815
33831
33833
33965
34039
34169
34235
34367
34584
34621
34818
34963
34966
34996
35017
35053
35080
35151
35255
35325
35379
35403
35407
35424
35447
35589
35651
35873
35909
36506
36599
36719
36757
37281
37302
37678
37800
37931
38036
38273
38444
38887
38983
38999
39474
39587
39669
39694
39939
40025
40069
40276
40309
40432
40773
40800
31
85
120
231
302
1111
1181
1507
1508
1547
1632
1873
2302
2318
2443
2452
2601
2662
2737
2834
2936
2975
3067
3087
3123
3336
3350
3627
3818
3823
3927
3935
4363
4409
4675
4778
4819
4919
4975
4991
5044
5052
5096
5250
5302
5324
5451
5473
5661
5745
5856
6158
6167
6194
6201
6329
6375
6399
6469
7010
7074
7164
7345
7586
7710
7717
8105
8123
8234
8239
8304
8408
8541
8615
8618
8691
8712
8713
8951
9005
9092
9242
9935
9946
10191
10492
10534
10541
10605
10677
10984
11087
11095
11186
11190
11234
11380
11562
11689
11732
11973
12122
12302
12368
12723
13037
13077
13129
13785
13875
14039
14416
14901
14920
14942
15066
15304
15348
15384
15423
15424
15515
16114
16228
16380
16434
16440
16574
16724
17306
17332
17344
17354
17360
17424
17568
17577
17626
17641
17729
17910
17917
18668
18863
18891
18977
19216
19333
19353
19403
19614
19690
20038
20056
20134
20136
20813
20860
21049
21078
21112
21148
21183
21203
21412
21481
21712
21935
22036
22274
22321
22544
22726
22911
23205
23620
23652
23660
23873
23948
23967
24216
24427
25018
25067
25368
25600
25946
26137
26978
27155
27198
27210
27221
27386
27521
27680
27868
28005
28038
28208
28327
28511
28769
28878
28918
29228
29245
29327
29722
29787
30169
30337
30406
30967
31089
31165
31194
31394
31659
31765
31933
31997
32730
32771
33033
33337
34011
34109
34372
34622
34628
34668
34896
34923
35056
35184
35278
35342
35360
35371
35541
35546
35768
35912
35966
36175
36293
36319
36418
36481
37016
37311
37509
37560
37696
37714
37815
37927
37935
38055
38081
38226
38508
38703
38811
38889
39084
39375
39455
39866
40457
40563
40575
40578
40631
40784
