719
819
951
1027
1060
1094
1163
1197
1412
1492
1513
1535
1671
1758
2003
2037
2066
2104
2553
2572
2858
2861
2892
2917
3055
3391
3532
3623
3816
3830
3999
4264
4387
4422
4554
4613
4639
4772
4812
5024
5074
5148
5466
5812
6026
6188
6654
6982
7147
7158
7435
8424
8480
8535
8578
8594
8626
8644
8833
9047
9120
9154
9240
9795
9809
9998
10129
10131
10279
10593
10687
10728
10867
10927
11139
11204
11225
11277
11515
11553
11609
11642
11658
11711
11764
11965
12071
12073
12198
12245
12346
12375
12407
12571
12690
13029
13104
13126
13190
13203
13210
13361
13624
13709
13726
13790
13884
13986
14091
14190
14228
14306
14363
14666
14886
14915
15349
15480
15534
16254
16308
16411
16470
16603
16697
16844
16860
16968
17067
17155
17265
17291
17444
17780
17969
18076
18115
18121
18794
18872
19225
19312
19321
19525
19734
19799
19805
19903
20024
20225
20334
20466
20506
20537
20770
21004
21092
21123
21134
21167
21268
21411
22094
22136
22246
22297
22338
22528
22763
22862
23240
23694
23867
23890
24173
24554
24571
24598
24689
24807
24982
25324
25470
26072
26537
26561
26901
26951
27195
27402
27548
27569
27593
27719
27806
27814
27833
28072
28122
28473
28759
28982
29403
29588
29644
29925
30040
30172
30441
30449
30598
30660
30824
31097
31271
31392
31473
31519
31601
31873
31893
32005
32123
32217
32280
32296
32908
32927
33274
33448
33815
33833
33965
34020
34584
34708
34818
34907
34963
34996
35017
35053
35379
35407
35447
35589
35769
35909
36051
36082
36506
36599
37281
37302
37678
37840
38013
38273
38605
38950
38983
38999
39459
39694
39939
40229
40342
40773
13
31
85
117
120
231
342
1088
1111
1181
1632
1873
2302
2452
2575
2580
2601
2662
2936
2975
3093
3123
3204
3336
3350
3396
3588
3818
3926
3927
3990
4245
4409
4456
4520
4529
4819
4857
4919
4975
5052
5096
5144
5163
5168
5302
5324
5451
5473
5615
5661
5792
5796
6046
6121
6158
6167
6194
6329
6375
6399
6469
6705
6754
6886
6933
7010
7064
7164
7187
7231
7318
7345
7586
7710
8105
8217
8304
8372
8481
8533
8541
8713
8951
9005
9161
9173
9256
9456
9566
9612
9624
9685
9697
10534
10677
10741
10905
11087
11095
11234
11247
11380
11598
11689
11732
11748
12122
12310
12345
12457
12723
12746
13037
13099
13718
14041
14193
14416
14688
14899
15132
15203
15423
15424
15922
16093
16108
16228
16297
16380
16434
16644
16724
16958
17136
17192
17327
17344
17354
17360
17424
17563
17577
17626
17910
17917
18175
18863
18882
18977
19333
19690
19913
19934
19974
20015
20038
20134
20286
20344
20406
20507
20664
20813
20860
21049
21148
21385
21455
21468
21481
21549
22036
22274
22336
22519
23180
23205
23494
23660
23929
23948
23967
23990
24427
24750
24835
24867
24917
25018
25674
25686
25946
26137
26529
26542
26845
27155
27210
27386
27521
27839
27868
27925
28038
28210
28592
28918
29245
29290
29327
29470
29722
30082
30337
30474
30764
30967
31089
31194
31765
31875
31933
32098
32454
32629
32730
32771
33337
33515
33701
34011
34106
34242
34369
34622
34923
34931
35056
35128
35278
35360
35371
35391
35392
35541
35546
35625
35912
35957
35966
36021
36175
36293
36296
36319
36327
36481
36594
36845
36881
37239
37311
37369
37418
37560
37696
37714
37889
37913
37923
37927
38219
38225
38305
38521
38789
38812
39375
39455
39533
39574
39978
40135
40395
40537
40575
40609
40631
