11
719
756
819
996
1060
1094
1163
1197
1479
1480
1535
1671
2003
2037
2066
2459
2493
2572
2769
2784
2917
3055
3124
3160
3451
3575
3623
3816
3908
4282
4387
4554
4772
4870
5022
5466
5760
5811
6188
6190
6477
6537
6606
7040
7085
7261
7362
7963
7969
8060
8079
8360
8424
8566
8644
9023
9047
9120
9154
9524
9593
9654
9695
9738
9795
9809
9979
10129
10131
10279
10344
10593
10687
10777
10889
11225
11413
11553
11658
11665
11686
11711
11764
12073
12346
12407
12474
12493
12718
12893
12985
13104
13126
13175
13203
13210
13314
13397
13709
13742
14144
14190
14228
14308
14516
14599
14666
14886
15059
15480
15534
15710
16254
16293
16308
16411
16603
16697
16959
17097
17201
17291
17340
17444
17522
17934
17969
18076
18115
18201
18338
18359
18472
18580
19008
19225
19321
19422
19624
19799
19903
20104
20506
20537
20778
20938
21004
21134
21167
21287
21411
21767
21821
22010
22094
22136
22418
22763
22821
22823
23080
23867
23890
24289
24340
24347
24375
24571
24598
24831
24866
25011
25801
25820
26040
26072
26269
26277
26455
26537
26561
26960
26971
26992
27065
27569
27593
27690
27719
27725
27806
27833
28072
28122
28473
28759
28776
28931
28982
28990
29152
29304
29403
29588
29601
29644
29653
29760
29925
29936
30172
30347
30449
30598
30660
30697
30824
31087
31392
31519
31601
31873
31882
31890
32152
32217
32290
32296
32319
32869
32908
33244
33274
33448
33833
34020
34235
34367
34884
34907
34963
34966
34996
35024
35078
35151
35364
35407
35424
35770
35873
35909
36329
36347
36599
36719
36757
37302
37390
37840
37931
38013
38036
38103
38273
38274
38605
38950
39082
39417
39449
39577
40025
40055
40229
40342
40432
40773
40800
117
231
342
369
1088
1632
1798
2253
2443
2452
2575
2580
2737
2836
2936
3087
3113
3123
3204
3350
3495
3588
3627
3935
3990
4245
4288
4778
4819
4857
4919
4975
4991
5025
5044
5144
5163
5168
5185
5302
5324
5451
5661
5796
6121
6167
6194
6399
6469
6864
6886
6933
7064
7164
7231
7345
7586
8010
8105
8217
8238
8408
8541
8615
8618
8691
8712
8713
8880
8923
8951
9005
9092
9173
9566
9612
9624
9685
9718
9922
9935
10077
10492
10534
10605
10677
10875
11000
11041
11087
11095
11186
11234
11562
11598
11689
11732
11748
11945
11973
12302
12345
12368
12723
13077
13445
13785
14041
14193
14688
14901
15203
15304
15348
15384
15423
15515
15697
15922
16093
16108
16297
16320
16380
16574
16958
17332
17344
17360
17563
17568
17577
17729
18175
18668
18863
19333
19403
19614
19690
19974
20015
20056
20134
20600
20618
20751
20827
20860
20963
21049
21078
21148
21184
21380
21385
21455
21510
21729
22036
22274
22321
22519
22544
22710
22894
23205
23408
23652
23873
23929
23967
23990
24216
24427
24750
24867
24955
24980
25018
25067
25334
25465
25674
26137
26232
26267
26529
27155
27221
27386
27680
27801
27868
27917
27925
28005
28208
28210
28800
28878
29290
29327
29401
29470
29508
29787
30051
30082
30169
30337
30406
30474
31089
31103
31202
31394
31659
31765
31808
31875
31997
32004
32098
32177
32197
32730
32844
33033
33337
33494
33515
33701
34192
34242
34325
34668
34896
34923
35278
35327
35342
35360
35392
35546
35633
35768
36175
36319
36327
36845
36881
37311
37369
37418
37560
37696
37889
37913
37923
37927
38081
38219
38226
38703
38812
38889
39084
39375
39468
39978
40135
40185
40457
40563
40578
40680
40784
