11
507
719
792
1060
1076
1163
1197
1202
1397
1535
1758
2037
2104
2348
2572
2784
2861
2892
3124
3383
3532
3575
3623
3773
3816
3908
3999
4185
4264
4282
4554
4602
4613
4639
4772
4812
5355
5465
5466
5760
5811
5812
6026
6165
6188
6190
6441
6517
6537
6982
7040
7085
7147
7158
8253
8424
8510
8535
8578
8594
8626
8644
8976
9047
9120
9154
9240
9524
9593
9695
9809
9979
10131
10344
10687
10725
10867
10889
11139
11277
11665
11686
11764
11829
11965
12071
12073
12375
12493
12571
12609
12955
13060
13104
13121
13126
13190
13203
13210
13299
13314
13624
13742
13833
13884
14190
14915
15059
15710
16254
16308
16398
16463
16470
16959
16968
17067
17155
17291
17732
17934
18115
18121
18359
18472
18506
18580
18751
18794
18872
19008
19151
19291
19321
19422
19624
19734
19805
20024
20104
20225
20334
20491
20778
20876
21134
21248
21767
21770
22014
22136
22246
22470
22547
22763
22862
23080
23190
23240
23694
23867
23890
24033
24173
24340
24347
24554
24571
24598
24652
24684
24689
24807
24831
24866
25011
25470
25801
26040
26347
26480
26537
26580
26901
26960
27065
27195
27548
27719
27748
27806
28122
28473
28554
28658
28776
28783
28931
29403
29599
29601
29625
29644
29653
29760
29836
29936
29963
30040
30107
30172
30331
30347
30449
30481
30598
30660
30697
30824
31087
31097
31271
31392
31473
31519
31592
31601
31637
31893
32005
32123
32135
32319
32485
32931
33180
33244
33274
33448
33749
33762
33831
33833
33965
34017
34039
34169
34235
34246
34300
34367
34708
34840
34966
35098
35114
35151
35325
35364
35379
35407
35447
35589
35651
35769
35909
35946
36051
36082
36329
36802
37800
37907
38036
38222
38444
38628
38887
38950
38983
38999
39067
39082
39205
39310
39459
39487
39520
39577
39669
39694
40025
40055
40069
40229
40276
40342
40428
40800
13
31
42
85
231
369
697
1508
1739
2253
2302
2443
2452
2662
2737
2810
2936
2975
3067
3087
3093
3204
3396
3926
3935
3990
4288
4409
4456
4529
4675
4778
4819
4975
4991
5025
5044
5052
5096
5144
5163
5185
5302
5443
5451
5615
5792
5856
6158
6201
6329
6375
6399
6579
6886
7010
7064
7126
7164
7318
7717
8304
8372
8408
8615
8880
8951
9066
9092
9242
9550
9566
9624
9685
9718
9946
10492
10534
10541
10741
10905
10977
10984
11000
11041
11095
11186
11247
11598
11689
11748
11945
12302
12345
12746
13109
14245
14416
14745
14890
14899
14920
15066
15132
15203
15304
15423
15424
15922
16114
16228
16297
16434
16493
16570
16574
16724
16761
16913
17136
17192
17327
17332
17344
17360
17424
17500
17563
17641
18175
18863
18882
19934
20134
20136
20600
20618
20664
20751
20813
21049
21112
21184
21203
21385
21412
21455
21468
21481
21488
22036
22274
22336
22726
22888
23043
23180
23494
23620
23948
23967
24169
24498
24750
25067
25334
25465
25674
26137
26529
27221
27353
27386
27815
27925
28038
28208
28210
28327
28592
29228
29508
30008
30051
30082
30337
30406
30967
31165
31194
31659
31765
31875
31997
32004
32197
32454
32844
33033
33087
33213
33278
33301
33337
33515
33623
33701
34109
34192
34325
34622
34668
34896
34923
35128
35327
35342
35360
35546
35625
36175
36293
36327
36418
36481
36594
36845
36881
37311
37369
37409
37418
37593
37815
37913
37935
38055
38081
38226
38388
38521
38989
39084
39127
39147
39375
39455
39468
39533
39574
39866
39978
40151
40185
40231
40457
40609
40650
