40
382
507
719
819
1027
1060
1076
1202
1412
1479
1758
2003
2336
2572
2769
2858
2917
3124
3160
3382
3383
3391
3451
3532
3908
3999
4264
4387
4422
4602
4613
4639
4772
4812
4870
4979
5024
5466
5811
5812
6606
6711
6982
7040
7085
7147
7158
7362
7435
7963
7969
8291
8480
8566
8594
8626
8781
8833
9023
9120
9240
9524
9593
9695
9979
9998
10129
10593
10777
10867
10889
10927
11139
11277
11413
11515
11553
11609
11642
11658
11686
11711
12073
12245
12346
12407
12474
12493
12609
12690
12718
12955
13029
13060
13104
13135
13299
13314
13397
13518
13624
13742
13790
13833
14091
14190
14228
14306
14538
14599
14666
14674
14859
14886
15059
15534
15710
16254
16398
16411
16470
16697
16860
16959
16968
17097
17155
17291
17522
17780
17969
18115
18359
18506
18580
18794
18814
19151
19225
19229
19291
19312
19321
19624
19799
19805
19903
20334
20770
20778
20876
21004
21092
21123
21134
21157
21287
21312
21612
21767
21770
22014
22094
22136
22246
22338
22418
22492
22821
22862
23240
23890
24173
24347
24375
24689
24831
24866
25192
25820
26072
26347
26455
26480
26537
26561
26580
26715
26901
26958
26992
27065
27104
27163
27352
27372
27593
27690
27719
27725
27806
27814
28072
28554
28759
28776
28931
29101
29403
29588
29599
29601
29625
29653
29836
29936
29963
30040
30107
30347
30449
30660
30697
30824
31004
31019
31073
31087
31097
31271
31519
31592
31637
31873
31893
32123
32135
32290
32869
32908
33244
33448
33749
33762
33831
33965
34017
34020
34169
34246
34300
34884
34963
34966
34996
35114
35407
35589
35769
35770
35909
36082
36599
36719
36726
36757
37302
37678
37931
38013
38255
38273
38274
38605
38677
38887
38999
39067
39449
39459
39474
39487
39572
39669
40055
40069
40074
40342
40428
13
42
117
120
231
302
697
1181
1507
1547
1632
1739
2302
2575
2662
2747
2836
2975
3067
3336
3396
3495
3572
3588
3627
3818
3823
3927
3990
4023
4245
4288
4409
4484
4529
4778
4857
4975
4991
5082
5096
5168
5250
5443
5473
5615
5792
6121
6194
6201
6307
6329
6399
6469
6705
6754
6864
6933
7010
7126
7187
7503
7586
7717
8105
8224
8304
8541
8615
8618
8691
8923
9005
9092
9161
9456
9550
9566
9697
9922
9935
9946
10605
10626
10677
10741
10905
10984
11095
11190
11247
11562
11598
11689
11748
11973
12056
12122
12345
12368
12390
12723
12746
13099
13445
13718
13875
14039
14688
14745
14835
14890
14901
14920
14942
15066
15132
15384
15423
15424
15922
16108
16114
16297
16380
16440
16574
16644
16724
16913
16958
17306
17327
17332
17344
17360
17424
17563
17626
18175
18668
18863
18882
19333
19403
19913
19974
20015
20038
20286
20337
20406
20507
20664
20751
20827
20860
21148
21184
21203
21385
21468
22036
22519
22710
22726
22888
22911
23043
23180
23408
23620
23660
23873
23929
24169
24427
24750
24867
24955
25297
25334
25600
25674
25686
26137
26542
26978
27155
27198
27210
27353
27839
27868
27925
28038
28208
28210
28592
28769
28878
29245
29327
29401
29410
29722
29787
30169
30474
31165
31194
31765
32454
32730
32771
33213
33278
33301
33337
33494
33515
33623
34109
34369
34622
34628
34668
34896
35184
35278
35371
35392
35541
35546
35966
36296
36319
36594
36845
36881
37016
37311
37593
37696
37714
37815
37923
37935
38225
38508
38638
38811
38889
38989
39127
39375
39574
39978
40135
40151
40185
40231
40457
40606
40631
40650
40680
40784
