40
382
507
951
996
1027
1197
1202
1217
1412
1479
1480
1671
1758
2003
2066
2104
2336
2348
2459
3160
3532
4264
4387
4554
4602
4772
4812
5016
5022
5024
5074
5355
5465
5503
5760
6165
6188
6190
6477
6537
6606
6654
6711
7040
7085
7435
7963
7969
8060
8360
8480
8535
8594
8644
8976
9023
9047
9240
9593
9654
9695
9795
9809
10171
10271
10344
10777
10889
11063
11139
11154
11553
11642
11658
11830
12071
12245
12346
12375
12474
12493
12512
12571
12609
12631
12690
12718
12955
13029
13060
13104
13121
13135
13203
13314
13469
13624
13709
13726
13744
13790
14091
14144
14190
14228
14301
14306
14308
14666
14844
14915
15059
15480
15534
16254
16308
16398
16411
16470
16603
16697
16844
16959
17067
17155
17201
17291
17340
17522
17934
18115
18201
18580
18751
19008
19225
19229
19291
19624
19805
19903
20225
20334
20506
21004
21092
21123
21287
21312
21411
21770
22014
22094
22246
22297
22338
22470
22528
22763
22823
22862
22935
23694
24033
24173
24340
24375
24652
24807
25011
25192
25324
25470
25780
25820
26277
26347
26480
26561
26580
26960
26992
27065
27104
27402
27548
27593
27719
27725
27748
27806
27814
27833
28072
28759
28875
28931
28982
29152
29403
29588
29599
29601
29625
29653
29836
29925
29963
30107
30172
30331
30449
30697
31004
31073
31087
31097
31392
31519
31592
31637
31890
32005
32123
32135
32152
32217
32290
32296
32485
32869
33180
33244
33274
33762
34017
34020
34169
34235
34246
34367
34621
34818
34840
34884
34963
34966
35024
35080
35114
35151
35255
35364
35379
35403
35447
35651
35770
36082
36599
36726
36757
36802
37302
37678
37777
37931
38103
38255
38444
38950
38983
38999
39205
39417
39459
39520
39577
39939
40025
40055
40276
40342
40428
40773
40800
31
85
231
302
346
369
762
1088
1111
1181
1632
1739
2253
2302
2443
2580
2662
2834
2836
2975
3067
3087
3093
3204
3495
3572
3627
3818
3926
3927
3935
3990
4023
4363
4456
4484
4520
4675
4819
4857
4975
5044
5096
5144
5163
5185
5443
5792
6046
6167
6194
6579
6705
6754
7010
7064
7231
7318
7503
7710
8123
8217
8224
8238
8408
8541
8563
8618
8691
8712
8951
9005
9092
9456
9566
9685
9935
9946
10077
10492
10541
10626
10677
10875
10977
11095
11190
11562
11598
11748
12390
12723
12746
13077
13129
13445
13718
13785
13875
14041
14193
14245
14416
14745
14835
14890
14899
14901
15423
15697
16093
16114
16228
16297
16380
16434
16440
16574
16644
16724
16761
16913
16958
17192
17306
17327
17332
17344
17424
17500
17568
17577
17641
17729
17910
18052
18175
18668
18891
19690
19934
19974
20015
20136
20286
20344
20600
20618
20664
20751
21049
21203
21385
21481
21549
21712
21729
21935
22036
22274
22321
22519
22544
22911
23043
23180
23205
23494
23620
23652
23967
23990
24122
24427
24498
24750
24867
24917
24955
24980
25018
25297
25368
25465
25600
25674
25686
26137
26529
26542
26845
26978
27155
27198
27210
27521
27680
27801
27815
27839
27868
28511
29228
29245
29470
29508
29722
30051
30169
31165
31202
31659
31875
31997
32098
32197
32454
32730
32771
33278
33337
33701
34011
34106
34242
34325
34610
34668
34896
34923
35056
35184
35342
35360
35371
35625
35768
35957
36175
36319
36327
36724
36881
37016
37369
37509
37560
37696
37889
37913
37927
37935
38081
38219
38225
38226
38305
38508
38521
39084
39455
39468
39533
39574
40135
40151
40231
40395
40457
40575
40650
