382
507
756
951
996
1027
1163
1202
1217
1397
1479
1480
1492
1513
1671
1758
2104
2336
2553
2572
2784
2917
3055
3124
3391
3451
3575
3623
3908
4185
4268
4422
4639
4772
4812
4870
5016
5022
5074
5148
5355
5503
5760
6165
6188
6517
6537
6606
6654
6982
7147
7435
8253
8360
8535
8578
8594
8626
8781
8833
8976
9023
9047
9072
9120
9524
9654
9695
9795
9809
10129
10131
10171
10271
10279
10728
10777
10867
10889
11063
11139
11154
11553
11965
12073
12346
12375
12407
12493
12609
12631
12893
12985
13299
13397
13709
13986
14144
14190
14301
14306
14308
14538
14844
14859
14886
15710
16398
16411
16463
16697
16968
17155
17201
17265
17291
17780
17969
18115
18121
18338
18359
18506
18751
18814
18872
19008
19291
19312
19422
19624
19734
19799
19805
19903
20024
20104
20225
20466
20506
20778
20876
21134
21157
21248
21747
21767
21770
22010
22094
22246
22338
22418
22470
22528
23190
23240
23890
23971
24033
24173
24375
24554
24761
24807
24866
24982
25470
25780
25820
26072
26269
26277
26347
26455
26537
26580
26715
26958
27065
27104
27402
27719
27748
27814
28072
28473
28554
28776
28783
28982
28990
29101
29606
29644
29653
29836
29925
29936
30107
30172
30331
30347
30441
30449
30598
30660
30697
30824
31019
31271
31519
31592
31601
31873
31890
32005
32135
32217
32290
32319
32931
33749
33762
33815
34169
34621
34708
34963
34996
35017
35078
35080
35098
35325
35403
35424
35447
35946
36082
36347
36599
36726
37302
37678
37777
37800
37840
37907
37931
38013
38103
38274
38444
38605
38677
38887
38983
39082
39205
39417
39449
39459
39474
39487
39572
39577
39843
40025
40055
40309
40428
40800
85
117
120
219
231
369
1111
1632
1739
1798
2253
2443
2601
2662
2747
2834
2836
2975
3067
3069
3087
3123
3204
3495
3823
3927
4245
4288
4363
4409
4456
4675
4991
4995
5044
5052
5082
5163
5168
5473
5615
5745
5856
5979
6046
6201
6307
6329
6375
6469
6579
6705
6754
6864
6886
7126
7164
7187
7318
7345
7717
8010
8105
8234
8238
8239
8372
8408
8533
8618
8691
8712
8713
9066
9161
9242
9256
9456
9566
9612
9624
9685
9697
9718
9935
9946
10191
10626
10741
10905
10977
10994
11000
11041
11087
11095
11186
11190
11380
11689
11732
12056
12122
12345
12390
13037
13077
13445
13785
14193
14416
14835
14890
14920
15066
15132
15203
15348
15423
15424
15515
16320
16380
16440
16492
16574
16724
16761
16958
17136
17192
17306
17327
17332
17344
17354
17360
17424
17577
17626
17641
17910
17917
18052
18175
18668
18891
19216
19300
19333
19403
19934
20038
20056
20134
20286
20618
20664
20751
20860
21112
21148
21183
21184
21203
21385
21468
21712
22036
22321
22336
22519
22710
22726
22888
22894
23180
23408
23873
23967
23990
24122
24169
24216
24427
24498
24721
24955
25297
25334
25368
25465
25674
25946
26845
26978
27155
27680
27801
27839
27925
28005
28511
28592
28918
29228
29245
29327
29410
29722
29787
30082
30406
30474
30764
30967
31202
31394
31765
31875
31997
32098
32177
32454
32629
32771
32844
33213
33278
33337
33623
34106
34109
34242
34610
34628
34668
34896
34923
35056
35184
35278
35342
35541
35633
35768
35966
36293
36319
36327
36418
36481
36594
36724
36845
37409
37418
37509
37696
37815
37889
37923
37927
37935
38055
38225
38508
38521
38638
38703
38811
39127
39147
39375
39455
39866
40185
40231
40395
40537
40563
40575
40606
40609
40631
