40
756
792
819
1217
1397
1492
1513
1535
1671
1758
2003
2348
2553
2784
2858
2892
2917
3160
3451
3532
3937
3999
4264
4387
4422
4428
4554
4602
4613
4870
5016
5022
5024
5148
5355
5466
5503
5811
5873
6165
6190
6477
6537
8253
8291
8360
8535
8833
8976
9023
9047
9072
9120
9593
9738
9979
10271
10687
10867
10927
10942
11063
11553
11642
11665
11686
11711
11764
11830
12071
12073
12375
12407
12474
12493
12512
12571
12690
12718
13104
13121
13126
13135
13203
13210
13314
13361
13518
13742
13833
13884
14190
14301
14308
14516
14859
14886
14915
15059
15480
16293
16308
16398
16463
16470
16603
16844
16860
16959
17067
17097
17265
17522
17732
17934
18121
18201
18338
18359
18472
18506
18814
18872
19225
19291
19321
19422
19423
19624
19734
19799
20104
20466
20537
20876
21092
21123
21134
21157
21167
21287
21411
21747
22136
22297
22338
22418
22821
22935
23080
23240
24289
24375
24554
24571
24598
24652
25011
25801
26040
26072
26277
26347
26455
26480
26580
26901
26958
26992
27065
27195
27372
27593
27690
27725
27814
28072
28473
28554
28759
28776
28783
28875
28990
29101
29601
29925
29936
29963
30331
30347
30441
30449
30660
31073
31392
31473
31519
31601
31873
31882
32005
32135
32152
32280
32290
32296
32485
32869
32927
32931
33244
33749
33965
34017
34020
34235
34246
34367
34777
34794
34818
34840
34966
34996
35024
35053
35098
35255
35379
35403
35447
35769
35873
35909
36051
36329
36506
36719
37678
37777
37800
37840
37907
37931
38036
38222
38255
38274
38628
38677
38887
38950
38983
39082
39417
39449
39459
39577
39669
39694
40025
40055
40074
40276
40309
40428
40773
85
219
346
762
1088
1111
1181
1739
1798
2253
2302
2318
2443
2452
2580
2737
2836
2975
3093
3113
3336
3350
3495
3818
3926
3927
3935
4520
4675
4778
4975
4991
4995
5025
5044
5079
5082
5324
5451
5473
5661
5792
5796
5856
6307
6375
6399
6579
6754
6864
6933
7010
7074
7126
7231
7318
7503
8105
8123
8224
8238
8239
8372
8408
8481
8533
8615
8618
8880
8923
9005
9092
9173
9242
9550
9566
9685
9697
9718
9946
10492
10534
10605
10626
10677
10741
10875
10905
10994
11041
11087
11095
11186
11190
11234
11247
11380
11562
11689
11732
11748
11945
11973
12302
12368
12390
12457
12746
13037
13077
13099
13445
13875
14193
14245
14835
14890
14901
15066
15132
15203
15384
15922
16093
16108
16114
16228
16297
16434
16492
16644
16724
16913
16958
17327
17332
17344
17424
17500
17563
17729
17917
18052
18175
18891
18977
19216
19353
19403
19614
19934
19974
20038
20134
20286
20406
20618
20664
20751
20963
21049
21078
21112
21148
21184
21380
21468
21481
21510
21712
21729
22336
22519
22544
22726
22894
23043
23180
23494
23652
23660
23873
23929
23990
24169
24980
25018
25067
25297
25674
25946
26232
26267
26542
26845
26978
27136
27198
27210
27221
27353
27386
27801
27815
27839
27868
27917
27925
28005
28038
28210
28327
28769
28800
28918
29327
29401
29410
29508
30008
30169
30337
30406
31103
31194
31394
31875
31933
32004
32844
33087
33301
33515
33701
34011
34106
34109
34192
34372
34610
34622
34628
34896
34923
34931
35056
35128
35360
35541
35546
35625
36021
36293
36319
36327
36418
36481
36594
36724
37016
37226
37239
37311
37369
37418
37509
37815
37889
37927
37935
38055
38219
38305
38521
38638
39147
39455
39468
39533
39574
39866
40151
40185
40231
40457
40578
40609
40631
40784
