382
792
819
951
996
1076
1094
1217
1397
1440
1480
1492
1513
1671
1758
2066
2336
2348
2553
2769
2858
2917
3055
3160
3383
3391
3532
3575
3773
4185
4264
4268
4269
4282
4387
4422
4613
4639
4870
5016
5074
5148
5873
6165
6313
6477
6537
6606
6654
6711
6982
7040
7085
7158
7362
8253
8291
8510
8566
8626
8644
8781
8833
9023
9047
9154
9240
9593
9998
10271
10344
10593
10728
10777
10889
10942
11063
11225
11413
11553
11609
11686
11764
11830
12071
12245
12346
12375
12571
12690
13029
13104
13121
13126
13190
13361
13518
13726
13790
13833
13986
14144
14190
14301
14306
14308
14538
14886
16254
16293
16308
16411
16603
16697
16860
17097
17201
17265
17340
17732
17780
18115
18359
18751
18794
18814
19008
19225
19312
19321
19422
19525
19734
19799
19903
20104
20225
20770
20876
20938
21134
21157
21268
21411
21767
21821
22094
22136
22297
22338
22470
22528
22821
22935
23080
23240
23694
24033
24173
24340
24347
24375
24571
24652
24689
24831
24982
25011
25192
25780
26040
26072
26347
26580
26715
26951
26958
26960
26971
26992
27065
27104
27352
27372
27402
27548
27569
27719
27806
27814
28072
28473
28658
28783
28931
28982
29101
29152
29403
29588
29606
29836
29925
29936
29963
30107
30331
30449
30481
30598
30697
31019
31087
31097
31271
31519
31601
31637
31873
31890
31893
32005
32135
32152
32217
32319
32485
32869
32931
33244
33274
33815
33833
33965
34020
34039
34169
34235
34300
34367
34794
34840
34907
34963
34966
34996
35024
35080
35098
35114
35325
35407
35424
35651
35770
35860
35946
36051
36329
36719
36802
37281
37302
37777
37800
38013
38036
38255
38273
38274
38444
38628
38887
39067
39082
39417
39449
39577
39939
40229
40276
40342
40428
40432
13
85
117
120
342
346
369
762
1088
1181
1508
1547
1632
1798
2253
2443
2452
2575
2601
2737
2747
2810
2834
2975
3067
3113
3123
3204
3336
3350
3926
3927
3990
4023
4245
4288
4456
4520
4778
4919
4991
5025
5052
5082
5144
5168
5250
5302
5661
5745
5792
5796
5856
6167
6201
6307
6399
6754
6886
6933
7010
7164
7187
7231
7710
7717
8105
8217
8238
8239
8304
8481
8541
8713
8923
8951
9005
9092
9161
9173
9242
9456
9550
9697
9935
9946
10541
10605
10677
10905
10984
11000
11186
11247
11562
11598
11748
11945
12056
12302
12345
12368
12390
12723
12746
13037
13077
13099
13718
14193
14245
14416
14745
14890
15066
15203
15304
15348
15424
15697
15922
16114
16320
16440
16492
16570
16574
16644
16913
17306
17327
17344
17354
17424
17568
17577
18052
18175
18668
18863
19216
19300
19333
19934
19974
20015
20286
20618
20827
21049
21078
21203
21412
21455
21468
21712
21729
21935
22321
22519
22544
22710
22888
22894
23043
23408
23652
23660
23929
23948
24169
24427
24721
24750
24917
24955
25334
25674
25686
26267
26542
26845
26978
27136
27155
27198
27210
27221
27801
27925
28005
28208
28511
28769
28800
28918
29401
29410
29722
29787
30008
30169
30406
30474
31103
31165
31194
31394
31659
31765
31875
31933
31997
32004
32197
32730
33033
33213
33278
33515
33701
34011
34106
34109
34369
34668
34896
34923
34931
35056
35327
35360
35392
35633
35768
35966
36021
36293
36418
36481
36724
36845
36881
37016
37311
37369
37409
37509
37593
37714
37889
37913
37935
38081
38225
38226
38305
38521
38703
38789
38889
39147
39455
39468
39866
39978
40135
40185
40457
40537
40578
40606
40631
40650
