11
382
507
756
819
996
1027
1094
1197
1217
1397
1479
1492
1535
1758
2037
2348
2493
2553
2769
2858
2892
3160
3451
3575
3623
3816
3937
4268
4422
4613
4772
4812
4870
4979
5016
5022
5024
5074
5148
5466
5873
6026
6165
6313
6477
6654
6711
6982
7158
7435
8060
8079
8291
8360
8510
8594
8644
8833
8976
9072
9154
9524
9695
9738
9795
9809
9998
10129
10279
10593
10687
10927
10942
11139
11154
11413
11515
11553
11609
11658
11686
11711
12071
12198
12245
12375
12407
12474
12493
12631
12690
12985
13029
13104
13135
13190
13314
13361
13624
13742
13744
13833
13884
13986
14144
14190
14306
14308
14363
14599
14666
14674
14886
15059
15534
16293
16308
16411
16470
16603
16968
17067
17097
17340
17444
17732
17969
18256
18472
18751
18794
18814
18872
19008
19151
19229
19321
19422
19423
19525
19734
19799
19805
19903
20104
20334
20466
20491
20537
20778
20876
21092
21167
21287
21312
21612
21767
21770
22014
22136
22246
22338
22418
22528
22763
22823
22862
23080
23240
23694
23867
23971
24289
24340
24347
24652
24689
24807
25011
25801
26072
26269
26537
26580
26901
26958
26971
26992
27104
27372
27402
27569
27593
27690
27748
27806
27833
28759
28982
29101
29152
29588
29601
29606
29625
29925
29936
29963
30040
30172
30347
30449
30697
30824
31019
31073
31473
31519
31592
31601
31637
31893
32123
32135
32280
32290
32869
32927
32931
33244
33274
33448
33762
33831
33833
33965
34020
34039
34169
34235
34300
34777
34818
34840
34884
34963
35024
35053
35078
35151
35325
35403
35589
35651
35770
36051
36082
36329
36347
37281
37390
37678
37777
37840
38013
38036
38103
38273
38605
38950
38999
39310
39474
39577
39694
39843
39939
40025
40069
40074
40229
40276
40309
40342
40428
40432
42
85
219
231
302
342
346
369
697
762
1088
1547
1632
1798
2302
2318
2443
2580
2601
2662
2737
2834
3069
3336
3350
3396
3495
3572
3823
3926
3935
3990
4363
4456
4675
4819
4857
4991
4995
5044
5144
5163
5168
5250
5302
5661
5745
6194
6201
6375
6399
6705
6754
6886
6933
7064
7074
7164
7187
7231
8010
8217
8224
8238
8304
8372
8408
8541
8563
8615
8618
8712
8880
9005
9092
9161
9256
9456
9612
10191
10492
10605
10875
10977
10984
10994
11000
11041
11087
11095
11186
11190
11380
11562
11598
11689
11732
11945
12056
12302
12390
13099
13718
14039
14193
14416
14688
14835
14899
15384
15423
15424
16228
16297
16320
16440
16492
16493
16574
16644
16724
16761
17136
17192
17332
17354
17424
17500
17563
17568
17917
18052
18882
18891
18977
19216
19333
19614
19913
19934
19974
20015
20286
20293
20337
20344
20406
20507
20600
20813
20827
20860
21148
21184
21385
21412
21455
21468
21549
21729
21935
22012
22036
22544
23043
23408
23494
23620
23873
23948
24122
24169
24216
24867
25018
25067
25368
25946
26232
26267
26529
26845
27136
27155
27198
27221
27386
27680
27801
27815
27917
27925
28005
28210
28918
29245
29290
29327
29401
29410
30008
30082
30406
30764
31165
31202
31394
31808
32098
32177
32629
32730
32771
33033
33087
33278
33301
33623
33701
34109
34192
34372
34610
34896
34931
35056
35128
35184
35327
35371
35391
35392
35541
35546
35633
35912
35966
36021
36296
36418
36594
36724
37226
37239
37311
37815
37913
37923
37927
37935
38219
38225
38305
38508
38703
38812
39084
39147
39375
39455
39468
39533
39866
40151
40395
40457
40537
40575
40578
40631
40650
