40
382
507
756
819
1027
1060
1076
1492
1513
1535
1671
1758
2336
2459
2493
2553
2572
2769
2861
2917
3055
3124
3382
3391
3451
3532
3575
3816
3830
4185
4264
4268
4269
4282
4387
4870
4979
5016
5024
5465
5466
5503
5873
6026
6313
6441
6477
6517
6654
6711
7147
7261
7435
7969
8060
8253
8291
8360
8424
8480
8535
8566
8626
8781
8976
9023
9047
9072
9120
9240
9695
9809
9979
10171
10687
10867
10889
10927
10942
11063
11277
11413
11515
11553
11609
11764
11830
12245
12346
12407
12474
12493
12571
12631
12690
12893
12985
13029
13104
13121
13175
13203
13210
13397
13624
13744
13790
13833
14091
14190
14306
14308
14363
14674
14859
15349
15480
15710
16254
16293
16308
16411
16463
16470
16603
16697
16844
16860
17097
17155
17444
17934
17969
18121
18256
18359
18472
18814
18872
19008
19225
19422
19525
19799
19903
20024
20104
20225
20537
20876
20938
21134
21157
21268
21287
21411
21747
21767
22014
22094
22297
22470
22492
22528
22547
22821
23080
23190
23240
23971
24033
24289
24340
24375
24598
24652
24684
24689
24761
24866
25324
25801
25820
26269
26455
26480
26715
26951
26960
26971
26992
27569
27593
27690
27719
27806
27814
28072
28658
28759
28776
28783
28875
29403
29599
29601
29644
29653
29760
30040
30172
30331
30449
30481
30697
31004
31073
31097
31519
31592
31873
31882
31890
32123
32135
32152
32290
32319
32927
33180
33815
33831
33965
34017
34020
34039
34235
34300
34621
34708
34777
34794
34884
34966
34996
35114
35151
35255
35325
35424
35769
35770
35946
36051
36347
36599
36719
36802
37678
37777
37840
38013
38273
38628
38887
38983
39082
39205
39310
39417
39449
39520
39572
39577
39694
39939
40069
40229
40276
40342
40773
40800
13
31
85
302
342
762
1181
1507
1508
1739
1798
1873
2302
2443
2452
2580
2601
2662
2836
2975
3087
3113
3123
3204
3336
3350
3396
3572
3818
3926
3990
4023
4288
4409
4484
4675
4857
4975
4991
5025
5044
5052
5082
5096
5168
5185
5250
5302
5324
5443
5473
5745
5792
5796
5979
6121
6194
6579
6705
6864
6933
7074
7187
7231
7345
7710
8105
8123
8238
8372
8481
8541
8563
8615
8618
8691
8712
8880
8923
9005
9161
9173
9242
9550
9566
9685
9718
9946
10492
10541
10605
10626
10977
10984
10994
11041
11087
11095
11748
11945
11973
12056
12122
12457
13077
13099
13129
13785
14039
14193
14245
14416
14835
14899
15066
15384
15922
16108
16114
16228
16320
16380
16493
16570
16724
17136
17192
17344
17500
17568
17729
17917
18052
18175
18882
18891
19216
19300
19333
19403
19614
19913
19974
20056
20136
20286
20337
20344
20406
20618
20664
20860
20963
21049
21380
21385
21455
21481
21488
21510
21549
22519
22544
22710
22726
23180
23408
23620
23660
23948
24122
24498
24750
24917
24980
25067
25297
25368
25600
25674
25686
25946
26137
26232
26529
26542
26845
27136
27198
27521
27815
27868
27917
28038
28208
28327
28511
28769
29327
29470
29722
30051
30082
30337
30406
30764
31194
31202
31875
32004
32177
32454
32771
32844
33213
33337
33494
33623
33701
34192
34325
34369
34372
34610
34628
34668
34923
35056
35128
35278
35342
35371
35625
35768
35966
36293
36319
36418
36481
36594
36881
37016
37226
37369
37409
37560
37593
37913
37927
37935
38219
38226
38388
38508
38521
38638
38703
38789
38811
38812
38889
38989
39084
39147
39375
39455
39533
39574
40135
40151
40185
40457
40537
40578
40680
