951
996
1076
1202
1217
1412
1440
1479
1480
1492
1671
2003
2336
2348
2493
2861
3055
3391
3451
3773
3830
4269
4282
4422
4554
4613
4812
5016
5074
5465
5812
5873
6026
6165
6190
6313
6517
6537
6606
6654
6982
7085
7362
7835
7963
7969
8060
8291
8360
8424
8480
8510
8626
8976
9023
9072
9154
9240
9593
9738
9809
10129
10279
10344
10593
10687
10889
10927
10942
11139
11154
11225
11277
11515
11609
11665
11711
11764
11829
12071
12073
12198
12346
12512
12690
12718
13029
13060
13104
13126
13175
13314
13518
13884
14144
14228
14306
14538
14599
14674
14859
14915
15349
15710
16293
16463
16470
16603
16959
17097
17291
17780
17934
17969
18115
18201
18359
18506
18814
18872
19008
19229
19291
19422
19525
19624
19734
19903
20334
20506
20537
20770
20938
21004
21092
21123
21134
21248
21268
21287
21767
21821
22014
22094
22246
22470
22528
22763
22823
22862
23694
23867
24033
24289
24347
24375
24554
24571
24684
24761
24807
24831
24866
24982
25011
25192
25324
25780
26072
26277
26480
26561
26580
26715
26951
26960
27065
27195
27402
27569
27690
27748
27833
28473
28554
28759
28875
28931
29101
29152
29304
29588
29601
29760
29836
30107
30172
30331
30449
30481
30598
30660
30697
31392
31473
31519
31592
31637
31882
32005
32123
32217
32280
32319
32485
32869
32908
33749
33833
33965
34017
34039
34169
34246
34794
34818
34884
34963
35017
35053
35080
35098
35114
35151
35255
35325
35403
35424
35447
35651
35946
36051
36082
36599
36719
36726
37390
37678
37777
37907
38103
38222
38255
38273
38274
38444
38605
38983
39417
39459
39474
39487
39572
39587
39669
39694
39843
40025
40069
40074
40276
40309
40432
40800
31
117
219
231
369
762
1111
1181
1508
1632
1739
1798
1873
2318
2443
2452
2575
2601
2662
2737
2936
2975
3069
3123
3204
3350
3588
3823
3927
3990
4023
4245
4288
4363
4484
4529
4778
4919
4995
5044
5079
5082
5096
5144
5163
5250
5443
5473
5615
5745
5792
5856
5979
6158
6194
6201
6307
6399
6469
6705
6864
7010
7074
7164
7231
7345
7586
7710
8010
8224
8234
8238
8481
8533
8563
8712
8923
8951
9066
9161
9173
9242
9256
9550
9566
9612
9624
9718
9922
9946
10492
10534
10605
10626
10677
10875
10977
10984
10994
11000
11234
11247
11598
11945
12056
12302
12368
12723
13037
13077
13109
13445
13785
14041
14193
14899
14942
15066
15348
15424
15515
16093
16108
16228
16297
16320
16380
16434
16492
16570
16724
16913
17192
17344
17500
17626
17729
17917
18668
19216
19300
19333
19353
19913
20015
20038
20056
20286
20293
20337
20344
20406
20507
20600
20618
20827
20860
21148
21380
21385
21481
21488
21712
22012
22036
22274
22321
22336
22544
22710
22888
22894
23043
23180
23205
23408
23494
23620
23652
23660
23873
23948
23990
24169
24216
24427
24498
24835
24955
24980
25018
25297
25600
25674
25686
26267
26529
26542
27136
27155
27198
27221
27353
27386
27801
27839
27868
27925
28005
28208
28210
28327
28511
28769
28918
29245
29290
29508
29722
30337
30406
30474
30967
31194
31202
31765
31933
31997
32454
32844
33033
33087
33213
33278
33301
33494
33515
33623
34011
34109
34192
34242
34622
34668
34931
35327
35360
35371
35541
35546
35625
35633
35768
35957
36021
36175
36293
36296
36319
36724
37560
37714
37815
38225
38226
38521
38703
38789
38811
38812
38889
38989
39084
39147
39375
39468
39533
39574
40135
40151
40185
40395
40537
40680
