40
382
819
1027
1197
1202
1397
1440
1479
2003
2459
2493
2769
2858
2892
2917
3124
3532
3575
3937
4264
4269
4282
4387
4554
4602
4772
4812
5022
5148
5466
5760
5811
5873
6188
6190
6441
6517
6537
6606
6711
6982
7085
7147
7158
7261
7362
7835
8079
8510
8566
8833
9023
9154
9524
9654
9795
9979
10131
10171
10728
10777
10942
11063
11277
11413
11515
11609
11642
11658
11711
11764
11830
12073
12198
12245
12375
12407
12493
12571
12609
12631
12718
12955
13029
13121
13126
13135
13203
13210
13299
13314
13361
13518
13624
13709
13726
13744
13790
13884
13986
14301
14306
14308
14363
14516
14538
14599
14844
14886
15349
15480
15710
16254
16293
16398
16411
16470
16844
16860
16959
17067
17097
17291
17444
17522
17732
17780
17934
18076
18121
18256
18506
18580
19225
19422
19624
19799
19805
19903
20225
20334
20466
20491
20876
20938
21004
21248
21411
21767
21821
22010
22014
22094
22862
22935
23080
23240
23867
23890
23971
24173
24684
24807
25011
25192
25780
25801
25820
26040
26277
26347
26480
26561
26715
26901
26958
26960
26992
27163
27195
27548
27569
27690
27719
27748
27814
28122
28473
28554
28658
28776
28783
28875
28931
28982
29101
29152
29403
29601
29606
29644
29760
29836
29936
30347
30449
30598
30824
31004
31073
31087
31097
31392
31473
31637
31873
31890
32005
32135
32280
32927
33180
33749
33833
33965
34020
34039
34235
34246
34367
34708
34794
34818
34840
34884
34907
35017
35080
35151
35255
35403
35447
35860
35909
36051
36329
36347
37281
37302
37678
37777
37800
37907
38036
38103
38274
38444
38628
38983
39310
39474
39572
39587
39669
39843
40055
40069
40229
40309
40428
31
117
120
231
302
697
1088
1507
1508
1798
2253
2302
2443
2452
2580
2737
2834
2836
2975
3067
3113
3123
3336
3495
3818
3823
3926
3990
4363
4409
4456
4529
4778
4857
4991
4995
5044
5079
5082
5144
5163
5168
5302
5324
5615
5661
5792
5856
6046
6121
6194
6329
6375
6579
6705
6864
6886
6933
7074
7164
7231
7318
7503
7586
7710
8217
8224
8408
8533
8541
8615
8691
8880
8951
9005
9092
9242
9456
9550
9566
9612
9624
9685
9718
9922
9946
10191
10492
10541
10605
10626
10984
11000
11562
11748
12122
12302
12310
12390
12723
12746
13037
13077
13785
13875
14039
14193
14245
14416
14688
14745
14890
14899
14901
15132
15304
15348
15384
15424
15697
16093
16228
16297
16320
16380
16440
16492
16570
16913
17192
17332
17344
17354
17360
17500
17563
17577
17626
17641
17910
18052
18668
18891
18977
19333
19353
19690
19934
20038
20056
20134
20293
20406
20507
20618
20751
20827
20860
21049
21203
21385
21455
21468
21481
21510
21549
21712
21935
22012
22036
22274
22336
22519
22544
22710
22726
22888
23043
23180
23205
23408
23620
23660
23873
23967
23990
24216
24427
24750
24835
24867
24917
24980
25067
25297
25334
25465
25600
25686
25946
26137
27210
27386
27868
27925
28005
28038
28208
28210
28800
28918
29410
29787
30008
30337
30406
30474
30764
31165
31202
31765
31997
32098
32454
32629
32730
33033
33213
33278
33301
33494
33623
33701
34106
34109
34242
34325
34610
34896
34923
34931
35342
35371
35392
35541
35625
35912
35957
36293
36594
36845
37239
37311
37369
37409
37509
37560
37714
37815
37889
37913
37927
37935
38225
38226
38305
38388
38508
38638
38789
38812
38889
39147
39375
39533
39574
39978
40151
40231
40395
40537
40563
40575
40606
40609
40631
40784
