11
382
507
819
951
996
1060
1076
1094
1202
1412
1440
1479
1480
1492
1513
1535
2066
2336
2459
2769
2784
2892
2917
3055
3124
3160
3451
3830
3937
3999
4185
4269
4387
4554
4602
4639
4870
5016
5148
5355
5465
5873
6026
6190
6477
6537
6606
6982
7040
7362
7435
7963
8079
8253
8360
8424
8480
8510
8535
8566
8594
8626
8781
9023
9047
9120
9154
9240
9524
9795
9809
9979
10129
10131
10271
10344
10687
10777
10867
10889
10927
10942
11063
11225
11609
11686
11711
11764
11829
11965
12071
12198
12375
12407
12493
12571
12690
12985
13029
13060
13104
13190
13210
13624
13709
13726
13742
13790
13833
13884
13986
14144
14190
14228
14308
14363
14666
14674
14844
14886
14915
15174
15534
15710
16398
16411
16463
16470
16603
16860
16959
17097
17155
17201
17291
17522
17732
17969
18076
18359
18472
18506
18580
18751
19008
19151
19225
19312
19422
19734
20024
20466
20491
20506
20537
20938
21092
21134
21157
21268
21312
21767
21770
22014
22094
22136
22246
22297
22418
22492
22528
22547
22763
22862
22935
23080
23240
23694
23890
23971
24173
24554
24598
24684
24807
24831
24866
24982
25011
25324
26040
26072
26277
26455
26561
26958
26960
27065
27104
27548
27593
27690
27806
27833
28122
28554
28658
28776
28783
28875
28982
28990
29304
29403
29588
29606
29625
29653
29760
29836
29925
29936
29963
30107
30172
30347
30449
30660
30824
31019
31271
31519
31601
31873
32152
32280
32290
32296
32319
32485
32908
32927
33180
33448
33762
33831
33833
33965
34039
34235
34584
34794
34840
34884
34907
34966
34996
35017
35024
35053
35078
35080
35114
35151
35325
35364
35424
35447
35589
35651
35770
36051
36329
36506
36719
36757
36802
37390
37678
37777
37800
37907
38013
38036
38222
38255
38273
38274
38950
38999
39082
39205
39417
39459
39474
39520
39577
39694
39843
39939
40055
40069
40229
40276
40342
40432
40773
13
219
302
346
697
762
1088
1111
1507
1798
1873
2302
2318
2443
2575
2747
2810
3067
3069
3087
3123
3336
3823
3927
4245
4288
4456
4484
4857
4975
4995
5079
5082
5163
5250
5473
5615
5661
5745
5792
5796
5979
6046
6158
6201
6375
6399
6469
6705
6754
6864
6886
7074
7126
7164
7187
7231
7586
7710
8010
8123
8217
8304
8481
8541
8563
8615
8618
8713
8923
9066
9092
9242
9456
9685
9697
9718
10077
10534
10677
10741
10875
11087
11234
11247
11380
11562
11732
11945
12056
12368
13077
13445
13785
13875
14041
14193
14245
14688
14835
14899
15132
15203
15922
16114
16228
16297
16380
16440
16492
16493
16570
16644
17136
17192
17344
17354
17360
17424
17500
17641
17729
17910
18052
18175
18668
18863
18882
18891
19216
19333
19934
20134
20293
20337
20664
20751
20813
20860
20963
21148
21203
21385
21412
21468
21481
21488
21510
22036
22336
23043
23180
23408
23620
23652
23660
23873
23929
23967
23990
24216
24498
24750
24835
24980
25018
25067
25465
25674
26529
26978
27136
27198
27221
27386
27815
27839
27917
28038
28327
28511
29228
29787
30008
30051
30082
30406
30764
31089
31103
31194
31765
31808
32629
32730
33087
33213
33494
33515
33623
34011
34106
34192
34325
34372
34610
34628
35056
35128
35278
35371
35391
35541
35625
35768
35957
35966
36021
36175
36327
36724
37016
37311
37369
37418
37696
37927
37935
38305
38388
38521
38638
38811
38889
38989
39127
39147
39375
39455
39468
39574
39866
40135
40185
40231
40395
40563
40606
40631
40650
