11
40
382
507
719
996
1027
1076
1094
1163
1202
1479
1480
1513
2037
2104
2336
2459
2493
2553
2572
2784
2858
2861
2892
3160
3382
3532
3575
3773
3937
3999
4269
4602
4639
4772
4812
4870
5148
5503
5811
6026
6188
6190
6313
6537
6606
6654
7040
7085
7158
7261
7362
7435
7835
7963
8079
8253
8291
8360
8535
8566
8578
8594
8626
8644
8833
9047
9120
9593
9654
9695
9809
10271
10279
10725
10728
10889
10927
11139
11154
11413
11515
11553
11609
11642
11658
11686
11711
11829
11830
11965
12071
12245
12346
12407
12512
12690
12718
13060
13121
13135
13175
13190
13299
13397
13624
13709
13726
13744
13884
14091
14144
14190
14228
14363
14674
15174
15480
15534
16254
16470
16603
16697
16844
16959
17067
17155
17201
17265
17522
17732
17969
18115
18338
18580
18751
18794
18872
19008
19225
19312
19321
19624
19734
19799
19805
20491
20506
20770
21004
21092
21134
21248
21268
21312
21821
22010
22014
22297
22418
22492
22528
22821
22823
22935
23080
23190
23867
23890
24033
24347
24554
24571
24652
24684
24689
24761
24831
24866
25011
25324
25801
25820
26277
26455
26480
26537
26561
26960
26971
26992
27195
27352
27372
27402
27548
27719
27725
27748
27833
28759
28776
28931
28982
28990
29152
29304
29403
29601
29625
29644
29653
29963
30172
30441
30449
30598
30697
31004
31087
31097
31271
31392
31473
31519
31893
32135
32290
32869
32908
33244
33448
33762
33815
33831
33833
33965
34020
34039
34169
34708
34794
34818
34840
34884
34966
35017
35053
35078
35255
35325
35364
35379
35403
35424
35447
35589
35651
35769
35770
35860
35873
35946
36051
36347
37281
37302
37390
37777
37800
37840
37907
38103
38255
38274
38605
38628
38887
38999
39067
39082
39310
39520
39694
39939
40055
40309
40428
40773
31
120
219
302
1088
1111
1508
1547
1798
1873
2302
2575
2662
2747
2836
2975
3067
3093
3113
3336
3572
3588
3627
3818
3927
3935
4409
4456
4484
4529
4819
4857
4975
5082
5096
5168
5250
5443
5473
5615
5792
5796
5979
6046
6121
6158
6399
6579
6754
6886
7064
7164
7187
7318
7345
7503
8010
8123
8224
8234
8239
8372
8408
8481
8533
8541
8563
8615
8923
8951
9005
9173
9456
9550
9612
9624
9685
9697
9718
9946
10191
10534
10626
10677
10741
10875
10905
11041
11095
11186
11190
11234
11973
12056
12345
12368
12390
12723
12746
13037
13099
13129
13718
14193
14416
14745
14835
14901
15203
15348
15423
15515
15697
15922
16093
16228
16320
16493
16574
16644
16724
16761
16913
16958
17136
17192
17327
17354
17424
17500
17563
17568
17626
17729
18175
18668
18882
19300
19333
19403
19690
19934
19974
20015
20038
20056
20134
20344
20406
20507
20618
20664
20751
20963
21148
21184
21203
21380
21481
21712
21729
22036
22274
22321
22519
22710
22894
23408
23494
23660
23967
23990
24427
24498
24721
24917
25018
25297
25334
25686
26232
26529
26542
27136
27198
27221
27353
27680
27815
27839
27917
27925
28210
28592
29228
29245
29290
29401
29470
29722
29787
30008
30337
30406
30474
31394
31659
31765
31875
32004
32454
32629
33033
33301
33337
33494
33623
34106
34109
34369
34622
34668
34896
35128
35184
35327
35342
35371
35391
35392
35546
35912
35957
35966
36175
36293
36327
36481
36594
36845
36881
37239
37560
37593
37815
37889
37913
37923
37927
38225
38305
38508
38521
38703
38811
38812
39084
39533
39978
40135
40151
40185
40231
40395
40563
40606
40631
40784
