11
40
382
819
951
996
1027
1060
1163
1197
1412
1440
1513
1535
1671
2037
2066
2348
2459
2553
2572
2769
2892
2917
3124
3575
3816
3830
3908
4264
4269
4282
4428
4870
5016
5024
5148
5466
5503
5873
6026
6165
6188
6441
6517
6537
6606
6654
7085
7158
7362
7435
7835
7963
7969
8060
8291
8360
8480
8566
8578
8626
8781
9023
9072
9154
9524
9695
9795
9809
9979
10129
10131
10171
10271
10344
10593
10687
10728
10777
10867
11139
11154
11204
11225
11413
11553
11658
11665
11830
12071
12073
12474
12493
12609
12718
12955
12985
13029
13121
13135
13203
13210
13469
13518
13624
13709
13833
13884
13986
14091
14144
14190
14308
14363
14538
14674
14886
14915
15174
15349
15480
15534
15710
16254
16293
16308
16411
16463
16959
17155
17444
17522
17732
17780
17934
18076
18121
18256
18338
18506
18580
18751
18872
19151
19229
19291
19321
19624
19734
19805
20225
20466
20537
20770
20778
20938
21167
21248
21287
21312
21411
21767
21770
21821
22010
22094
22246
22297
22470
22492
22821
23080
23190
23240
23890
23971
24173
24340
24347
24554
24689
24761
24831
24866
25011
25192
25470
26040
26072
26269
26277
26580
26715
26901
26992
27104
27195
27372
27402
27569
27593
27725
27748
27833
28072
28122
28776
28783
29101
29152
29588
29599
29601
29606
29644
29653
29936
29963
30040
30107
30172
30347
30660
30697
31004
31019
31271
31392
31592
31601
31873
31882
32005
32135
32152
32280
32319
32485
32869
32931
33180
33274
33448
33815
33831
33965
34020
34039
34169
34235
34246
34584
34621
34794
34840
34907
34966
34996
35017
35078
35080
35098
35364
35407
35424
35447
35589
35651
35860
36051
36347
36599
36802
37678
37840
37907
38013
38036
38222
38255
38273
38274
38444
38605
38999
39082
39310
39487
39572
39843
39939
40025
40276
40800
31
42
120
346
697
1088
1181
1507
1508
1632
1798
2253
2302
2318
2936
2975
3067
3093
3113
3123
3336
3396
3495
3572
3823
3926
3927
3990
4288
4363
4484
4520
4675
4919
5052
5079
5082
5168
5185
5250
5302
5324
5443
5451
5473
5615
5796
5856
6046
6121
6167
6307
6329
6375
6579
6754
6864
7064
7126
7318
7345
8234
8238
8239
8408
8618
8880
8951
9066
9092
9161
9173
9256
9612
9718
9922
9946
10077
10534
10741
10905
11000
11087
11234
11380
11689
11748
11945
11973
12056
12122
12368
12457
12746
13129
13718
13785
14039
14041
14193
14245
14416
14688
14745
14835
15348
15423
15424
15697
16093
16108
16228
16380
16574
16644
16913
16958
17192
17327
17332
17344
17500
17563
17568
17626
17641
17910
17917
18052
18977
19300
19614
19974
20038
20056
20136
20664
20827
21078
21112
21148
21468
21481
21549
21729
21935
22274
22321
22336
22544
22726
22894
22911
23043
23180
23408
23494
23620
23660
23929
24122
24169
24835
24917
24955
24980
25067
25297
25334
25465
25600
25686
25946
26137
26232
26267
26529
26542
26845
26978
27136
27155
27353
27521
27801
27815
27839
27925
28038
28208
28592
28878
28918
29327
29508
29722
30082
30169
30406
30764
31194
31202
31765
31933
31997
32004
32098
32177
32771
32844
33337
33515
33623
34011
34192
34325
34628
34668
34896
34931
35056
35128
35184
35327
35360
35371
35391
35625
35912
35966
36021
36175
36296
36319
36418
36481
36594
36881
37016
37239
37311
37409
37509
37815
37889
37927
38226
38388
38638
38812
39127
39574
39866
40185
40231
40395
40457
40537
40563
40575
40631
40650
40784
