11
756
792
819
951
1094
1202
1479
1480
1492
1513
1671
1758
2003
2037
2066
2104
2336
2348
2493
2553
2572
2858
2917
3124
3382
3383
3532
3575
3623
3773
3816
3830
3999
4268
4387
4422
4554
4613
4639
4812
4870
4979
5016
5022
5074
5148
5355
5465
5812
6026
6165
6188
6190
6313
6537
6606
6654
6711
6982
7158
7362
7835
7963
8424
8510
8535
8566
8578
8626
8644
8781
8833
8976
9047
9072
9154
9524
9695
9738
9979
10129
10171
10271
10344
10687
10889
11154
11204
11225
11277
11609
11658
11665
11711
12073
12198
12346
12407
12474
12571
12893
12985
13029
13060
13121
13126
13190
13203
13210
13314
13361
13397
13518
13726
13744
13790
13884
14144
14301
14306
14308
14599
14666
14674
14859
14886
15349
15534
16254
16398
16411
16603
16959
16968
17155
17934
18115
18338
18751
18794
19008
19151
19229
19312
19422
19525
19734
19903
20104
20334
20491
20506
20770
21004
21092
21123
21134
21167
21268
21612
21747
21821
22094
22136
22246
22297
22338
22418
22470
22528
22763
22862
22935
23867
23890
23971
24289
24340
24347
24375
24684
24689
24761
24982
25011
25324
25801
25820
26269
26277
26901
26951
26958
26960
26971
27104
27163
27372
27569
27593
27690
27725
27806
27833
28072
28122
28931
28982
28990
29304
29599
29625
29936
29963
30347
30441
30449
30598
30697
31019
31073
31087
31097
31392
31873
31890
32005
32135
32280
32319
33448
33749
33815
33965
34039
34169
34235
34246
34300
34584
34621
34794
34907
34963
34966
35017
35080
35151
35255
35325
35364
35407
35424
35651
35873
35946
36347
36599
36802
37302
37390
37840
38036
38222
38255
38273
38274
38444
38628
38677
38887
38950
38999
39205
39417
39459
39572
39587
39694
39939
40025
40069
40309
40342
40428
40432
40773
31
120
302
342
346
697
762
1088
1111
1508
2302
2575
2580
2601
2747
2834
3067
3093
3123
3204
3350
3572
3627
3818
3823
3926
3927
3935
3990
4245
4288
4363
4456
4484
4520
4529
4675
4857
4919
4975
4991
4995
5044
5079
5096
5144
5168
5185
5302
5451
5473
5615
5792
5796
5856
6046
6158
6329
6375
6469
6705
6754
6886
7064
7126
7164
7187
7231
7318
7345
7503
7710
7717
8010
8105
8217
8234
8239
8304
8541
8615
8618
8712
8880
8923
8951
9066
9161
9242
9256
9456
9550
9612
9685
9718
9922
9946
10492
10541
10905
10984
11041
11087
11186
11234
11380
11562
11689
11732
11748
11973
12056
12122
12302
12457
13077
13109
13718
13875
14245
14416
14688
14835
14890
14899
15066
15132
15348
15384
15423
15697
16297
16320
16440
16492
16570
16724
16761
16913
16958
17332
17354
17424
17910
17917
18175
18863
18891
19216
19353
19934
19974
20015
20038
20056
20134
20406
20664
20813
20860
21078
21112
21183
21184
21380
21385
21481
21488
21549
22274
22321
22336
22519
22888
23205
23408
23494
23652
23660
23873
24122
24427
24750
24955
25067
25297
25368
25686
26137
26267
27136
27680
27801
27917
28038
28208
28592
28918
29245
29327
29470
29508
29787
30008
30051
31089
31103
31394
31659
32730
32771
32844
33087
33278
33301
33337
33494
33623
34109
34242
34369
34610
34622
34628
34931
35056
35184
35278
35360
35541
35768
35957
36175
36319
36481
36594
36724
36845
36881
37226
37369
37509
37593
37815
37913
37923
37927
37935
38055
38225
38226
38305
38388
38508
38521
38638
38703
38789
38812
38989
39084
39147
39375
39455
39574
39866
40185
40231
40606
40631
