11
40
382
507
719
792
819
996
1060
1197
1202
1217
1397
1412
1480
1671
1758
2003
2066
2336
2348
2459
2493
2553
2769
2858
2861
3160
3382
3451
3937
3999
4185
4282
4387
4554
4639
4812
5022
5074
5148
5465
5811
5812
5873
6026
6188
6537
6606
6654
6711
6982
7158
7435
7969
8060
8253
8291
8566
8578
8626
8644
9047
9120
9240
9593
9695
9738
9809
9979
10129
10344
10593
10728
10942
11154
11225
11609
11642
11686
11764
11830
11965
12071
12346
12474
12512
12571
12690
12718
13029
13126
13175
13203
13210
13299
13361
13518
13624
13709
13986
14091
14190
14301
14308
14674
14844
14859
14886
16254
16293
16411
16463
16603
16697
16860
16959
17201
17265
17340
17522
17732
17780
17969
18076
18115
18121
18359
18814
18872
19008
19229
19312
19321
19423
19525
19624
19799
19903
20024
20104
20225
20506
20778
21092
21123
21134
21167
21312
21612
21821
22014
22094
22136
22246
22338
22528
22547
22862
22935
23080
23190
23694
23867
23890
24347
24571
24684
24761
25192
25780
25801
26072
26269
26347
26561
26580
26901
26960
26992
27195
27352
27569
27593
27719
27748
27814
28473
28759
28875
28990
29152
29588
29601
29625
29644
29760
30172
30449
30481
31004
31087
31097
31271
31392
31592
31601
31873
31890
31893
32005
32319
32908
32931
33180
33749
33831
33965
34017
34246
34708
34794
34818
34840
34884
34907
35053
35078
35080
35364
35379
35403
35407
35424
35770
35946
36506
36719
36726
37281
37302
37777
37800
37907
38036
38255
38273
38274
38887
38999
39417
39459
39520
39572
39577
39587
39669
39694
39843
39939
40025
40069
40074
40229
40276
40309
40342
40428
40432
40773
40800
31
85
120
219
231
302
346
369
697
1088
1181
1507
1547
1632
1739
1798
1873
2253
2443
2452
2580
2662
3067
3093
3123
3336
3350
3396
3572
3588
3818
3926
3935
4288
4363
4409
4456
4484
4778
4819
4857
4975
4991
5044
5052
5082
5144
5185
5250
5324
5443
5661
5745
5792
5796
6046
6167
6201
6307
6329
6375
6399
6579
6705
7318
7345
7503
7717
8123
8217
8224
8234
8304
8372
8408
8533
8615
8618
8712
8923
8951
9005
9066
9092
9161
9256
9456
9612
9685
10077
10534
10541
10605
10626
10677
10741
10875
10905
10977
10984
11041
11095
11186
11234
11598
11689
11732
11748
11945
12056
12122
12368
12390
12723
13037
13077
13785
14039
14041
14193
14416
14745
14901
15066
15203
15384
16114
16228
16320
16434
16440
16492
16570
16644
16724
16958
17136
17306
17327
17332
17500
17568
17641
18668
18863
18891
18977
19300
19353
19403
19690
20056
20134
20136
20286
20293
20664
20860
20963
21112
21184
21203
21385
21412
21468
21481
21488
21549
21712
21729
21935
22036
22274
22321
22544
22710
22894
23043
23494
23620
23873
23929
23948
23990
24122
24427
24498
24721
24835
24867
24917
24955
24980
25067
25297
25368
25465
25600
25686
26232
26267
27155
27210
27221
27386
27680
27801
27815
27839
27925
28592
28769
28878
29228
29290
29470
29508
30082
30764
31089
31165
31394
31765
31808
32004
32098
32197
32629
32730
32844
33087
33213
33494
33701
34106
34109
34192
34242
34622
34896
34923
34931
35056
35327
35342
35360
35391
35625
35912
35957
35966
36021
36175
36293
36319
36327
36418
36594
37226
37369
37509
37560
37889
37927
37935
38055
38081
38226
38388
38508
38521
38703
38811
38812
38989
39375
39468
39574
39866
40151
40185
40395
40537
40563
40575
40578
40631
