507
719
792
819
996
1027
1060
1076
1197
1202
1217
1479
1492
1513
1671
2037
2348
2459
2493
2784
2861
3055
3124
3575
3773
3999
4185
4264
4282
4602
4639
4870
5016
5022
5024
5074
5148
5465
5503
5760
6188
6190
6313
6477
6517
6537
6606
6982
7040
7147
7362
7835
7963
8360
8480
8510
8535
8626
8644
8781
8833
8976
9023
9072
9120
9240
9593
9654
9809
10131
10279
10344
10777
10942
11139
11154
11225
11277
11413
11609
11642
11665
11686
11829
11965
12346
12375
12407
12512
12609
13029
13060
13104
13135
13190
13210
13397
13624
13709
13790
13884
13986
14190
14228
14306
14308
14516
14538
14859
16308
16398
16411
16463
16470
16603
16860
16959
17067
17097
17155
17201
17265
17291
17340
17444
17522
17732
18076
18115
18121
18472
18506
18580
18751
18794
19008
19151
19229
19525
20104
20225
20334
20466
20506
20537
21004
21123
21134
21157
21167
21411
21612
21767
21770
22014
22094
22338
22418
22528
22821
22862
23240
23890
23971
24033
24289
24340
24347
24554
24689
24807
24831
24866
24982
25011
26277
26715
26901
26951
26971
26992
27065
27352
27372
27402
27548
27593
27748
27833
28473
28658
28759
28776
28990
29101
29152
29304
29588
29601
29606
29644
29653
29760
29836
29925
29936
29963
30331
30441
30449
30697
30824
31004
31019
31097
31271
31473
31519
31637
31882
31893
32290
32485
32869
32927
33244
33448
33749
33815
33831
33833
33965
34017
34235
34367
34621
34794
34840
34963
34996
35114
35151
35325
35424
35651
35769
36051
36082
36599
36757
37281
37302
37390
37800
37931
38274
38628
38677
38950
38983
39067
39082
39310
39417
39459
39474
39487
39520
39577
39843
40025
40069
40229
40428
40432
40800
13
42
120
219
1088
1111
1507
1508
1547
1798
1873
2253
2443
2575
2580
2737
2747
2836
2936
2975
3067
3069
3087
3093
3123
3204
3336
3396
3495
3572
3588
3627
3818
3927
4023
4245
4288
4484
4520
4778
4819
4919
4975
4991
5044
5079
5096
5443
5451
5473
5615
5979
6046
6121
6158
6194
6201
6329
6375
6469
6754
6933
7010
7187
7318
7717
8010
8105
8217
8224
8238
8304
8408
8533
8541
8563
8615
8618
8712
9005
9092
9161
9242
9256
9566
9624
9685
9697
9922
9935
9946
10077
10191
10541
10605
10626
10984
11087
11186
11190
11598
11689
11748
11973
12368
12390
12457
12723
13037
13129
13445
13718
13785
14688
14835
14920
15066
15203
15304
15423
15922
16093
16108
16228
16320
16434
16440
16493
16570
16644
16913
17327
17332
17360
17424
17563
17568
17626
17641
17729
17910
18175
18668
18882
19300
19353
19614
19690
19913
20015
20134
20136
20293
20337
20344
20507
20600
20860
20963
21049
21112
21148
21203
21380
21412
21468
21488
21549
22274
22544
22888
22894
22911
23043
23660
23873
23948
23967
24169
24216
24427
24498
24721
24835
25297
25600
25686
25946
26137
26232
26978
27210
27221
27353
27521
27839
28038
28208
28592
28800
28878
28918
29290
29327
29401
29470
29508
29722
29787
30008
30051
30082
30169
30337
30406
30474
31089
31165
31202
31659
31808
31933
31997
32177
32197
32454
32629
33278
33337
33494
33515
33701
34011
34106
34192
34325
34372
34610
34628
34896
35278
35360
35391
35541
35546
35625
35768
35912
35957
35966
36021
36175
36293
36418
36594
37016
37418
37509
37560
37593
37696
37913
37923
37935
38081
38219
38225
38388
38521
38789
38811
39147
39375
39574
39866
39978
40151
40231
40395
40457
40606
40650
