11
507
719
792
996
1060
1076
1163
1202
1217
1479
1492
1513
1535
1671
1758
2037
2336
2348
2459
2493
2572
2769
2858
2917
3055
3160
3382
3391
3575
3623
3773
3830
3908
3937
3999
4185
4264
4268
4269
4428
4602
4613
4639
4870
5022
5024
5074
5466
5811
6026
6165
6188
6313
6441
6477
6517
6606
6982
7040
7261
8060
8360
8510
8535
8578
8594
8626
8644
8976
9023
9047
9654
9695
9809
9998
10129
10171
10271
10344
10593
10687
10728
11139
11204
11225
11277
11515
11609
11665
11686
11764
11965
12071
12073
12245
12407
12493
12609
12631
12985
13135
13203
13299
13314
13709
13742
13744
13833
13884
13986
14144
14306
14308
14516
14538
14599
14666
14886
15480
15534
15710
16254
16308
16411
16463
16959
17097
17155
17265
17291
17444
17522
17732
18115
18359
18506
18580
18872
19008
19151
19225
19229
19312
19321
19423
19525
19903
20024
20466
20537
20938
21004
21092
21123
21157
21287
21312
21767
21770
22010
22094
22297
22418
22470
22763
22862
22935
23240
23694
23890
24033
24173
24289
24340
24571
24807
24831
24866
24982
25011
25192
25324
25780
25801
25820
26072
26277
26347
26715
26901
26960
26971
27104
27372
27548
27719
27725
27806
27814
28072
28122
28554
28658
29403
29601
29606
29625
29644
29936
30107
30441
30449
30598
30697
30824
31004
31073
31087
31097
31271
31392
31473
31519
31592
31601
31637
31882
31893
32005
32123
32135
32280
32319
32485
32908
32927
33244
33749
33762
33815
33831
33965
34017
34039
34235
34246
34300
34367
34584
34708
34777
34794
34884
34966
35053
35080
35151
35325
35379
35424
35769
35770
35860
36329
36506
36599
36802
37281
37302
37678
37840
37931
38013
38036
38103
38222
38274
38605
38950
38983
38999
39067
39205
39459
39474
39520
39572
39577
39669
39939
40276
40428
40432
40773
40800
31
42
85
117
120
219
231
302
346
369
1088
1181
1547
1798
1873
2580
2601
2747
2834
2936
3204
3350
3396
3572
3588
3627
3823
3927
3990
4023
4288
4456
4520
4778
4819
4975
4991
5025
5144
5163
5168
5185
5302
5324
5661
5745
5796
6121
6201
6307
6329
6375
6864
6886
6933
7064
7345
7717
8217
8234
8238
8372
8533
8541
8618
8691
8712
8713
8880
9066
9092
9161
9173
9242
9550
9624
9718
10191
10534
10541
10605
10626
10677
10741
10875
11000
11041
11087
11095
11186
11234
11247
11689
11732
11973
12056
12723
12746
13099
13109
13129
13445
13718
14193
14416
14745
14920
15132
15423
15424
15515
15697
16093
16114
16228
16440
16574
16644
16761
17192
17332
17424
17563
17577
17626
17641
17910
18882
18891
19403
19934
20015
20134
20286
20293
20337
20406
20507
20664
20813
20963
21049
21203
21385
21468
21488
21729
21935
22274
22336
22519
22888
22894
22911
23043
23180
23620
23652
23660
23873
23967
24122
24216
24750
24917
24980
25018
25067
25297
25465
25600
25674
25686
25946
26232
26267
26529
26542
27136
27155
27221
27353
27680
27801
27815
28038
28208
28511
28592
28800
28878
28918
29327
29401
29410
30008
30082
30169
30337
30474
30967
31165
31394
31765
31875
32004
32098
32177
32629
33087
33213
33301
33337
33494
33515
33701
34109
34192
34325
34610
34622
34628
34668
34896
35056
35327
35360
35392
35541
35768
35957
36021
36175
36418
36481
36881
37226
37409
37560
37714
37923
37935
38055
38225
38226
38305
38521
38638
38703
38789
38811
38989
39084
39147
39455
39533
39866
40151
40231
40631
40650
40784
