719
756
996
1027
1060
1076
1163
1217
1412
1440
1479
1480
1535
1758
2003
2037
2066
2104
2459
2769
2784
2858
2861
2892
2917
3055
3124
3451
3532
3623
3908
3999
4185
4264
4422
4428
4554
4602
4639
4772
4870
4979
5355
5465
5503
5811
6190
6313
6441
6477
6517
6537
6711
7085
7147
7963
7969
8060
8535
8566
8644
8833
8976
9023
9154
9524
9593
9654
9695
9809
10131
10171
10593
10725
10777
10867
11139
11154
11413
11553
11609
11642
11686
11965
12245
12512
12609
12718
12955
12985
13029
13104
13121
13135
13175
13190
13210
13299
13314
13469
13518
13709
13726
13742
13790
13884
13986
14091
14144
14190
14228
14301
14306
14308
14516
14538
14674
14844
14886
15174
15480
15710
16293
16308
17265
17732
18359
18506
18580
18794
18814
18872
19008
19225
19229
19312
19423
19525
19624
19805
20104
20225
20334
20466
20491
20537
20876
20938
21092
21134
21157
21268
21747
21770
21821
22010
22014
22094
22136
22246
22418
22528
22821
22862
23190
23694
24033
24173
24289
24340
24347
24554
24571
24598
24652
24761
24807
25011
25324
25470
25780
25801
25820
26072
26580
26951
26958
26992
27163
27195
27352
27548
27719
27725
28072
28122
28473
28759
28931
28990
29403
29599
29625
29644
29653
29760
29925
29963
30107
30172
30331
30441
30481
30660
30697
30824
31004
31097
31392
31473
31601
31637
31882
31890
32005
32152
32217
32296
32869
33274
33815
33831
34017
34235
34246
34367
34621
34708
34884
34966
34996
35017
35024
35080
35364
35379
35407
35589
35770
35860
35873
35946
36347
36506
36719
36802
37281
37302
37390
37777
37840
37907
37931
38013
38036
38103
38222
38274
38444
38628
38887
38950
38983
38999
39082
39205
39310
39417
39449
39474
39577
39587
40055
40069
40074
40229
40309
40342
40432
40773
31
42
85
342
1088
1181
1507
1547
1632
1739
1798
2302
2318
2443
2452
2575
2580
2662
2747
2936
3067
3069
3087
3113
3123
3396
3495
3572
3627
3926
4245
4363
4484
4675
4778
4857
5025
5044
5052
5096
5144
5168
5185
5302
5473
5615
5661
5745
5796
6121
6194
6201
6329
6864
6886
6933
7010
7074
7318
7586
7710
7717
8105
8123
8239
8481
8533
8563
8618
8691
8712
8951
9005
9066
9092
9173
9256
9550
9685
9697
9935
9946
10077
10191
10492
10541
10626
10677
10875
10977
10984
10994
11000
11041
11087
11186
11380
11562
11598
11689
11748
12122
12368
12457
13077
13109
13785
13875
14041
14416
14835
14890
14899
14901
15132
15203
15304
15384
15423
15424
15697
15922
16108
16320
16434
16492
16493
16570
16574
16724
16761
16958
17192
17327
17332
17500
17563
17568
17729
17910
17917
18668
18863
19300
19403
20134
20136
20406
20507
20751
20813
20827
20860
20963
21112
21148
21183
21203
21380
21385
21468
21549
21712
21729
22321
22519
22726
23205
23408
23620
23929
24216
24427
24498
24721
24750
24980
25674
25686
26137
26232
26845
26978
27198
27210
27353
27386
27521
27801
27839
27917
28005
28038
28210
28327
28511
28592
28800
28918
29228
29245
29290
29470
29722
30051
30082
30169
30337
30406
31103
31194
31394
31659
31808
31933
32004
32098
33278
33494
34011
34109
34192
34325
34369
34610
34622
34628
34668
34923
35056
35128
35184
35327
35392
35546
35625
35633
35768
35912
35957
36418
36881
37226
37418
37560
37593
37696
37714
37815
38081
38225
38226
38388
38521
38703
38789
38811
39147
39375
39533
39978
40151
40231
40563
40578
40606
40609
40631
