40
719
1060
1076
1202
1217
1412
1440
1479
1480
1535
2003
2459
2553
2858
2917
3055
3575
3623
3816
3830
3999
4185
4268
4387
4422
4428
4602
4613
4772
4812
4979
5022
5024
5074
5355
5466
5503
5760
5812
5873
6188
6190
6441
6477
6537
6711
7040
7085
7147
7158
7261
7435
7835
7963
8253
8360
8480
8535
8626
8833
9023
9120
9154
9524
9593
9654
9695
9738
9795
9979
10687
10725
10927
11139
11413
11515
11553
11609
11658
11665
11711
12071
12198
12245
12346
12375
12474
12512
12571
12609
12690
12893
13121
13135
13210
13299
13314
13518
13726
13742
13744
13790
13833
14144
14228
14306
14363
14516
14599
14674
14915
15174
15349
15480
15710
16308
16463
16470
16603
16697
16844
16968
17155
17201
17522
17732
17934
17969
18076
18115
18121
18201
18256
18580
18794
18872
19312
19422
19799
19805
20024
20104
20466
20506
20537
20778
21167
21248
21287
21411
21612
21747
21770
22014
22246
22297
22528
22547
22821
22823
22862
23080
23240
23867
23890
23971
24173
24340
24375
24554
24761
24866
25192
26072
26480
26537
26715
26901
26958
27065
27352
27372
27402
27569
27719
27725
27806
27814
27833
28473
28875
28982
28990
29304
29599
29606
29760
29836
30331
30598
30824
31004
31019
31087
31473
31519
31601
31637
31873
31893
32152
32217
32280
32296
32319
32908
33180
33749
33762
33815
34017
34039
34235
34246
34584
34621
34794
34996
35017
35024
35098
35114
35151
35255
35325
35364
35651
35770
35860
35873
35946
36051
36082
36599
36726
36757
36802
37281
37302
37390
37777
37840
37907
38013
38103
38222
38255
38274
38444
38628
38677
39067
39082
39205
39310
39474
39694
39939
40055
40276
40309
40342
40428
40432
40773
40800
42
117
219
231
302
342
369
1632
1798
2318
2443
2452
2575
2580
2601
2662
2737
2810
2975
3069
3093
3336
3572
4245
4363
4484
4520
4919
4995
5044
5052
5079
5096
5163
5168
5302
5451
5661
5796
6046
6167
6307
6399
6469
6579
6705
6754
6864
6886
6933
7074
7126
7164
7187
7586
7710
7717
8010
8105
8217
8234
8238
8239
8304
8408
8481
8691
8712
8880
8923
9066
9161
9173
9242
9566
9624
9685
9697
10191
10605
10677
10741
10875
10905
10994
11041
11095
11186
11748
11945
12122
12310
12345
12368
12457
12723
12746
13037
13077
13099
13109
13129
13445
14245
14416
14890
14920
14942
15132
15304
15348
15515
15697
16108
16380
16434
16493
16570
16574
16724
17306
17344
17354
17568
17910
18175
18668
18863
18882
18891
18977
19300
19333
19353
19403
19690
19913
20134
20286
20293
20337
20406
20507
20618
20751
20813
20860
20963
21049
21112
21183
21184
21203
21455
21481
21510
21549
22012
22036
22274
22519
22726
23180
23205
23494
23652
23660
23929
24216
24498
24867
25018
25334
25368
25465
25600
25674
25686
26137
26232
26542
26845
27198
27210
27221
27353
27386
27839
27868
28005
28038
28210
28511
28800
29245
29327
29508
29787
30474
30764
31089
31103
31194
31202
31394
31659
31765
31808
31875
31997
32004
32098
32177
32197
32730
32844
33033
33087
33213
33278
33301
33623
34106
34109
34242
34369
34622
34628
34668
35056
35128
35184
35278
35327
35360
35391
35392
35546
35633
35957
36021
36175
36327
36418
37016
37226
37239
37418
37509
37714
37815
37889
37923
37927
37935
38055
38219
38225
38226
38508
38638
38789
38812
38989
39147
39455
39468
39533
39574
39866
39978
40135
40185
40231
40395
40457
40563
40575
40578
40631
40784
