40
507
719
756
792
1060
1094
1412
1440
1479
1513
2066
2104
2336
2493
2572
2784
2892
3055
3124
3383
3391
3575
3623
3999
4264
4268
4387
4428
4602
4639
5016
5022
5148
5465
5466
5503
5811
5812
5873
6026
6188
6190
6313
6477
6517
6537
6606
6711
6982
7040
7147
7158
7261
7362
7835
7969
8060
8253
8535
8578
8594
8626
8644
8781
8833
9120
9240
9593
9738
9795
9809
9998
10129
10593
10687
10725
10867
10942
11063
11154
11204
11225
11277
11413
11553
11609
11658
11764
11829
11965
12071
12073
12346
12474
12493
12571
12893
12955
13104
13121
13126
13135
13175
13361
13397
13469
13709
13726
13744
13790
13833
13884
14091
14144
14190
14308
14538
14599
14666
14674
14844
14886
15059
15174
16254
16308
16398
16463
16603
16844
16959
17067
17097
17291
17340
17780
17934
17969
18076
18115
18121
18201
18256
18472
18580
18751
18794
18814
19151
19225
19291
19312
19423
19525
19624
19734
19903
20104
20506
20537
20770
20778
20876
20938
21004
21092
21134
21157
21167
21248
21312
21612
21770
21821
22014
22136
22528
23080
23240
23867
24347
24554
24652
24689
24807
24982
25324
25470
26347
26455
26480
26537
26951
26958
26960
26971
27065
27104
27195
27352
27548
27569
27690
27719
27725
27806
27833
28122
28554
28658
28783
28875
29304
29601
29625
29644
29760
29936
29963
30107
30441
30481
30697
30824
31004
31019
31097
31473
31519
31592
31873
32123
32152
32319
32908
32927
33448
33749
33762
33815
33831
33833
33965
34017
34020
34039
34169
34246
34584
34794
34818
34840
34884
34907
34963
34966
34996
35024
35114
35325
35364
35379
35403
35407
35424
35447
35860
35873
36329
36347
37302
37390
37777
37907
38036
38274
38605
38887
38950
38983
38999
39310
39417
39474
39694
39843
39939
40069
40074
40276
40309
40773
13
117
219
231
302
342
346
1088
1181
1508
1547
1798
2253
2580
2662
2747
2810
2836
3093
3113
3204
3336
3927
3935
3990
4023
4363
4456
4857
4919
4975
5025
5044
5052
5079
5082
5096
5144
5661
5745
5979
6046
6121
6158
6194
6307
6329
6375
6399
6469
6754
6864
6933
7010
7064
7164
7318
7717
8123
8224
8238
8372
8533
8541
8691
8712
8880
8923
8951
9066
9566
9612
9624
9935
10077
10534
10541
10626
10741
10984
10994
11000
11041
11186
11247
11598
11732
11945
11973
12056
12302
12368
12390
12457
12723
13037
13099
13129
13718
13785
13875
14039
14193
14245
14416
14899
14901
14920
15066
15203
15423
15515
15697
16108
16440
16958
17327
17344
17354
17563
17626
17641
17917
18175
18882
19300
19614
19690
20056
20134
20337
20600
20664
20827
20963
21049
21183
21203
21380
21412
21468
21481
21510
21729
22036
22274
22321
22336
22710
22894
22911
23180
23205
23660
23929
23948
23967
23990
24122
24169
24427
24498
24750
24867
25067
25334
25465
25600
25686
25946
26529
26542
26978
27136
27210
27221
27801
27839
27925
28038
28208
28210
28327
28511
28769
28800
28878
28918
29245
29290
29410
29470
29787
30008
30169
30764
31089
31103
31202
31394
31659
31808
31875
31933
31997
32004
32098
32177
32771
33213
33278
33515
33623
33701
34011
34192
34242
34610
34622
34668
34896
34931
35184
35278
35342
35391
35541
35546
35625
35768
35957
35966
36175
36319
36327
36418
36481
36724
36881
37016
37409
37696
37815
37889
37913
37923
37927
38225
38305
38703
39147
39455
39866
40151
40185
40231
40395
40457
40537
40575
40606
40609
40650
40680
40784
