382
507
719
792
996
1027
1163
1197
1202
1217
1397
1492
1513
1535
1758
2003
2861
3055
3124
3160
3382
3383
3575
3623
3773
3816
3830
3908
3937
4185
4264
4268
4282
4422
4428
4554
4613
4639
4812
5016
5022
5024
5355
5465
5466
5503
6026
6165
6313
6441
6606
6711
7085
7147
7261
7362
7835
7963
7969
8079
8424
8578
8626
8833
9120
9593
9654
9695
9795
9979
9998
10129
10171
10279
10687
10728
10867
11063
11139
11154
11277
11413
11665
11764
12071
12198
12245
12375
12407
12893
12985
13029
13060
13126
13135
13175
13210
13299
13518
13709
13726
13744
13833
13884
13986
14144
14228
14308
14538
14599
14844
14859
15174
15349
15480
15534
16254
16398
16470
16844
16959
17097
17155
17201
17265
17340
17444
17522
17732
17780
17934
18121
18201
18256
18359
18506
18794
19225
19312
19321
19422
19734
19805
20334
20491
20506
20778
21134
21157
21248
21268
21612
21747
21767
21770
21821
22136
22297
22418
22492
22763
22821
22862
23190
23240
23694
24173
24347
24375
24554
24571
24652
24684
24689
24761
24807
24831
24982
25192
26072
26269
26347
26561
26715
26901
26951
26958
27195
27402
27719
27748
27814
27833
28072
28658
28783
28931
29304
29588
29601
29606
29644
29653
29925
29963
30172
30331
30347
30441
30449
30481
30697
31004
31073
31473
31873
32005
32280
32485
32869
32927
33274
33749
33762
33831
33965
34017
34039
34169
34300
34367
34584
34777
34840
34884
34907
34963
35017
35098
35255
35364
35403
35447
35651
35860
36347
36599
36726
37281
37302
37390
37840
37907
37931
38013
38222
38273
38274
38605
38628
38887
38950
38983
39067
39082
39417
39459
39474
39572
39577
39587
39843
39939
40074
40229
40309
40342
40432
40773
40800
31
42
117
120
302
342
369
697
762
1088
1111
1507
1508
1632
1873
2253
2318
2452
2575
2747
2810
2834
3087
3093
3113
3123
3204
3336
3350
3588
3627
3927
3990
4288
4456
4529
4675
4819
4919
5025
5044
5079
5082
5096
5163
5185
5250
5302
5324
5451
5661
5745
5979
6167
6194
6201
6399
6754
6864
6886
6933
7074
7126
7164
7318
7345
7503
7710
7717
8010
8123
8234
8239
8408
8563
8618
8712
8880
8951
9005
9066
9092
9173
9242
9566
9685
9935
9946
10191
10492
10605
10626
10905
10977
10994
11000
11087
11095
11190
11247
11380
11562
11598
11689
11748
11973
12302
12345
12390
12746
13077
13099
13129
13785
14039
14041
14901
14942
15384
15515
15922
16108
16574
16644
16913
17192
17332
17424
17563
17641
17910
18175
18891
18977
19300
19333
19614
20015
20286
20293
20337
20406
20507
20618
20664
20751
20813
20860
20963
21078
21385
21455
21481
21549
21712
21729
21935
22274
22321
22336
22544
22710
22726
22888
23180
23205
23408
23652
23660
23873
23929
23990
24721
24750
24980
25334
25600
26232
26542
26845
26978
27136
27155
27198
27221
27353
27386
27521
27917
28005
28038
28592
28878
28918
29245
29290
29401
29410
29470
29508
29722
30051
30082
30169
30764
31089
31165
31194
31659
31875
31997
32004
32098
32629
32730
32771
32844
33033
33087
33213
33278
33337
33623
33701
34325
34369
34372
34610
34622
34668
34923
35056
35278
35327
35360
35391
35392
35546
35625
35633
35768
35912
35966
36021
36175
36327
36481
36724
36881
37226
37311
37369
37560
37714
37815
37889
37923
37927
37935
38055
38225
38226
38703
38789
38989
39127
39455
39468
39866
40151
40185
40231
40457
40537
40606
40650
40680
40784
