382
951
996
1027
1060
1197
1397
1480
1492
1671
2003
2104
2336
2348
2459
2493
2769
2861
3055
3124
3532
3816
3830
3999
4268
4282
4422
4428
4554
4602
4812
4870
5016
5355
5503
5760
5811
6026
6165
6188
6190
6313
6537
6606
6654
6711
6982
7085
7147
7158
7963
8060
8253
8360
8424
8510
8535
8578
8594
9023
9047
9072
9240
9593
9654
9738
9795
9809
9979
10129
10279
10687
10728
10777
10867
11139
11225
11609
11642
11658
11686
11829
11830
11965
12071
12073
12346
12474
12571
12631
12690
12718
12893
13029
13060
13121
13126
13135
13190
13203
13210
13726
13742
14144
14228
14301
14306
14363
14666
14844
14859
14915
15059
15174
15480
15534
16293
16398
16411
16463
16470
16603
16860
17097
17155
17201
17291
17522
17934
17969
18076
18115
18121
18506
18580
18751
19225
19229
19291
19321
19422
19525
19624
19799
20024
20334
20466
20491
20506
20770
20876
20938
21004
21092
21123
21134
21157
21248
21287
21411
21612
21767
21821
22014
22094
22246
22297
22418
22492
22528
22547
22823
22862
23240
23867
24173
24289
24340
24347
24598
24652
24684
24689
24761
24807
24866
24982
25324
25470
25780
25801
25820
26040
26269
26277
26480
26537
26561
26580
26715
26901
26951
26958
26992
27104
27163
27352
27548
27569
27690
27719
27725
27814
27833
28072
28982
29152
29304
29588
29601
29625
29644
29653
29836
29925
29963
30040
30107
30172
30347
30449
30598
31073
31087
31271
31882
31893
32005
32135
32280
32319
32908
32927
32931
33244
33448
33815
33831
33833
33965
34017
34039
34246
34300
34708
34818
34840
34884
34966
35080
35151
35403
35407
35424
35589
35651
35770
35860
35946
36051
36082
36347
36599
37281
37302
37390
37678
37777
37840
37907
37931
38036
38222
38255
38444
38628
38677
38887
39067
39205
39449
39474
39520
39572
39577
39694
40055
40074
40229
40432
40773
40800
42
85
117
231
302
342
346
1111
1181
1507
1547
1739
1798
2253
2575
2580
2662
2810
2834
2936
3067
3069
3123
3336
3350
3396
3495
3588
3818
3823
3927
3935
4245
4288
4363
4520
4529
4675
4778
4919
4991
5052
5079
5082
5096
5144
5185
5250
5324
5443
5661
5792
5796
6158
6194
6329
6375
6399
6469
6579
6705
6754
7010
7074
7586
7717
8010
8123
8217
8234
8408
8481
8618
8713
9066
9092
9161
9173
9242
9256
9697
9718
9922
10191
10492
10741
10977
11000
11095
11190
11234
11380
11598
11748
11945
12056
13099
13109
13718
13875
14041
14416
14745
14899
14901
14920
14942
15066
15132
15423
15424
15697
16093
16108
16434
16493
16570
16724
16761
16913
17136
17192
17306
17327
17354
17500
17563
17641
17729
17917
18052
18668
19403
19690
19934
19974
20038
20293
20337
20664
20751
21049
21078
21112
21203
21412
21468
21488
21549
21712
21729
21935
22274
22321
22336
22519
22544
22726
22894
22911
23043
23620
23652
23873
23929
23967
23990
24169
24427
24835
24867
24917
24955
25067
25297
25465
25600
25686
26232
26542
26845
26978
27210
27353
27386
27521
27680
27815
27868
27917
27925
28038
28208
28592
28800
28878
29228
29290
29401
30169
30337
30406
31089
31103
31202
31394
32004
32177
32454
33301
33337
33515
34192
34369
34372
34622
34668
34896
34923
34931
35184
35391
35633
35768
35966
36021
36293
36296
36319
36418
36845
37226
37311
37369
37409
37418
37509
37560
37696
37714
37815
37923
37935
38226
38305
38789
38811
38812
38889
40151
40537
40578
40606
40609
40680
40784
