11
40
756
792
951
1027
1060
1163
1197
1217
1397
1480
1492
1671
1758
2348
2493
2553
2572
2917
3382
3451
3623
4264
4269
4282
4428
4602
5016
5148
5466
5503
5812
6026
6165
6441
6606
6654
7040
7158
7362
7435
7835
7969
8060
8079
8253
8480
8781
8833
8976
9524
9654
9695
9795
9998
10131
10271
10725
10777
10867
10889
10927
10942
11154
11553
11665
11764
12071
12346
12375
12493
12609
12690
12893
12955
13029
13121
13126
13135
13175
13190
13314
13624
13744
13884
14144
14190
14228
14301
14306
14308
14599
14844
14859
14915
15174
15349
15480
15534
16254
16293
16398
16463
16860
16959
17155
17201
17265
17291
17444
17522
17732
17780
17934
18076
18121
18256
18338
18472
18794
18814
18872
19151
19312
19321
19422
19734
20104
20506
20537
20778
21004
21092
21123
21312
21411
21612
21767
22010
22014
22246
22338
22418
22470
22763
22821
22935
23240
23867
23890
24340
24554
24598
24652
24761
24807
24831
24866
24982
25192
25820
26072
26347
26455
26480
26561
26580
26951
26958
26960
26992
27163
27548
27593
27690
27725
27814
27833
28072
28122
28473
28554
28658
28982
29403
29588
29625
29644
29836
30040
30331
30347
30449
30660
30697
30824
31004
31073
31097
31592
31601
32005
32135
32152
32290
32319
32485
32869
32908
32931
33180
33448
33762
33815
33831
33833
33965
34017
34020
34235
34246
34708
34777
34794
34840
34907
35024
35053
35078
35114
35151
35255
35364
35403
35407
35424
35873
35946
36329
36506
36719
36726
36757
37281
37302
37390
37678
37777
37800
37840
37907
38013
38103
38255
38273
38274
38444
38628
38950
38983
39067
39082
39449
39459
39487
39694
39843
40025
40055
40229
40342
40428
40432
40773
40800
31
42
346
762
1088
1632
2253
2302
2452
2601
2737
2834
2836
2936
2975
3087
3123
3336
3350
3572
3823
3926
3935
3990
4023
4245
4363
4484
4529
4675
4819
4991
4995
5025
5044
5082
5096
5144
5168
5185
5473
5745
6046
6158
6167
6201
6375
6399
6469
6579
6705
6754
6864
6886
6933
7064
7074
7187
7231
7586
7710
7717
8010
8105
8123
8224
8238
8304
8408
8533
8563
8615
8618
8691
8712
8880
8923
8951
9092
9256
9456
9685
9697
9718
9946
10492
10677
10741
10875
10905
10977
11041
11095
11186
11380
11598
11732
11748
11945
11973
12056
12122
12302
12310
12345
12390
12457
12746
13037
13109
13129
13445
13718
13785
14039
14416
14688
14745
14835
14901
14920
14942
15203
15304
15348
15384
15423
15515
16320
16434
16493
16574
16761
17327
17344
17500
17563
17568
17729
18052
18863
18882
18977
19300
19333
19403
19974
20337
20406
20618
20751
20963
21049
21112
21183
21203
21380
21385
21412
21455
21468
21481
21488
21549
21712
21729
21935
22012
22274
22321
22336
22710
22894
23205
23494
23620
23652
23873
23967
24122
24169
24216
24427
24750
24867
24980
25018
25067
25465
25600
25686
25946
27221
27521
27680
27801
27815
27868
28005
28038
28208
28511
28592
28769
28800
28878
28918
29228
29245
29290
29327
29410
29722
30051
30082
30764
30967
31103
31165
31394
31659
31808
31997
32098
32771
32844
33033
33213
33494
33623
34011
34106
34192
34325
34369
34372
34668
35056
35184
35278
35342
35371
35391
35392
35541
35633
35957
36021
36293
36319
36418
36594
36881
37226
37311
37369
37509
37696
37815
37889
37923
37927
38081
38219
38388
38521
38703
38812
39127
39147
39375
39455
39978
40151
40231
40395
40457
40563
40575
40578
40609
40784
