40
382
719
756
792
819
1027
1076
1163
1202
1217
1479
1513
1535
1671
2037
2104
2336
2769
2784
2858
2861
3055
3160
3383
3532
3816
3830
3908
4185
4264
4269
4282
4387
4428
4602
4613
4639
4979
5016
5024
5074
5465
5466
5503
5760
5811
5812
5873
6441
6517
6537
6606
6982
7040
7147
8060
8079
8360
8424
8480
8510
8566
8594
8976
9047
9072
9120
9593
9695
9738
9795
9979
10171
10271
10279
10344
10687
10728
10777
10867
10889
10927
11063
11154
11204
11277
11413
11553
11609
11686
11965
12073
12198
12245
12474
12493
12512
12571
12609
12631
12955
13029
13121
13175
13190
13299
13397
13709
13742
13744
13790
13833
13884
14144
14190
14363
14538
14599
14666
14674
14844
14859
15059
15710
16254
16293
16308
16398
16411
16463
16470
16603
16844
17067
17097
17201
17340
17444
17732
17780
17969
18076
18115
18121
18201
18359
18794
18814
18872
19008
19151
19225
19229
19422
19525
19624
19734
19799
19805
19903
20334
20876
20938
21123
21134
21167
21248
21612
21747
21821
22094
22136
22338
22470
22492
22528
22547
22763
22821
22823
22862
22935
23080
23190
23240
23890
24033
24289
24347
24571
24598
25011
25324
26072
26347
26455
26580
26715
26901
26951
26992
27065
27104
27163
27352
27548
27569
27593
27748
27806
28122
28473
28658
28776
28931
28982
28990
29588
29599
29606
29653
29925
30040
30331
30441
31019
31271
31592
31873
31882
31890
31893
32005
32135
32217
32290
32296
32319
32927
32931
33448
33762
33815
34017
34235
34246
34367
34708
34777
34840
34884
34907
34963
34966
35024
35078
35098
35255
35325
35364
35379
35403
35424
35447
35769
35770
35946
36051
36082
36329
36599
36757
37302
37800
37931
38222
38255
38274
38605
38677
38950
38983
39082
39417
39449
39520
39669
39939
40055
40069
40074
40276
40309
40342
40773
117
219
231
346
1088
1181
1507
1508
1547
2580
2810
3069
3113
3336
3572
3588
3627
3818
3823
3926
3935
3990
4409
4484
4675
4819
4919
4975
4991
4995
5082
5163
5250
5661
5745
5856
5979
6046
6121
6158
6194
6201
6375
6579
6754
7010
7074
7187
7231
7503
7586
7710
8217
8224
8234
8238
8372
8481
8533
8541
8563
8615
8618
8691
8712
8713
8923
9066
9161
9173
9242
9550
9624
9697
9922
9946
10191
10492
10534
10626
10741
10875
10984
10994
11000
11041
11087
11190
11247
11689
11748
11973
12122
12368
12390
12457
13037
13099
13109
13129
13445
13718
13785
14039
14041
14901
14920
14942
15066
15132
15203
15304
15384
15515
15697
15922
16108
16228
16297
16320
16434
16493
16570
16644
17424
17568
17626
17729
17917
18175
18863
18882
18977
19353
19913
19934
19974
20056
20134
20136
20286
20293
20507
20664
20827
20963
21049
21078
21112
21148
21184
21380
21385
21412
21488
21510
21549
22036
22274
22321
22336
22519
22726
22888
22894
23043
23408
23652
23660
23929
23948
24169
24216
24721
24867
24955
24980
25018
25334
25368
25465
25600
25946
26232
26267
26845
27136
27155
27198
27210
27680
27801
27815
27868
27917
27925
28038
28208
28327
29228
29245
29401
29722
30051
30169
30337
30474
30967
31089
31165
31765
31808
32004
32098
32177
32197
32454
32629
32730
32771
33213
33278
33623
34372
34931
35327
35546
35633
35912
36021
36296
36418
36594
36724
36881
37016
37239
37311
37369
37418
37815
37913
37927
37935
38388
38521
38703
38789
38812
38989
39127
39375
39468
39533
39866
40151
40185
40457
40537
40578
40609
40680
