792
819
951
996
1027
1076
1197
1479
1480
1513
1535
1758
2003
2104
2336
2348
2572
2784
2892
2917
3124
3160
3532
3575
3623
3816
3937
4185
4264
4268
4282
4639
4772
5022
5024
5074
5503
6188
6190
6313
6441
6477
6606
6711
7040
7085
7147
7261
7362
7435
7963
7969
8060
8253
8291
8360
8535
8566
8594
8626
8781
8833
8976
9047
9154
9240
9524
9593
9654
9695
9738
9809
10129
10271
10777
10942
11154
11204
11413
11515
11553
11642
11658
11665
11764
11830
12073
12198
12245
12375
12493
12571
12609
12631
12690
12718
13104
13126
13190
13203
13210
13361
13397
13469
13518
13624
13742
13833
13986
14190
14228
14306
14538
14666
14844
14859
15174
15480
16254
16308
16398
16411
16463
16470
17067
17097
17155
17265
17291
17732
17780
17934
17969
18472
18751
18794
18872
19008
19151
19225
19229
19312
19422
19423
19525
19799
19805
19903
20225
20334
20491
20506
20537
20770
20876
20938
21248
21287
21411
21612
21767
21770
22010
22297
22338
22492
22528
22763
22821
22823
22862
22935
23240
23694
23867
23890
24173
24289
24598
24652
24761
24831
25011
25192
25324
25780
25801
26040
26072
26347
26480
26537
26561
26580
26901
26960
26971
26992
27065
27104
27163
27195
27352
27402
27569
27593
27719
27806
27833
28072
28122
28473
28776
28931
28982
29152
29599
29601
29606
29644
29653
29836
30441
30598
30660
30697
31019
31073
31097
31392
31473
31519
31592
31873
31890
31893
32005
32135
32152
32280
32296
32485
32908
33274
33749
33762
34017
34246
34300
34708
34794
34907
34963
35017
35053
35078
35098
35114
35151
35364
35379
35407
35424
35651
35770
35873
35909
36082
36506
36719
36726
37281
37390
37678
37777
37800
37840
38273
38274
38677
38950
38999
39205
39310
39417
39449
39474
39520
39572
39577
39694
39843
39939
40025
40055
40069
40074
40229
40276
40309
40342
40428
40773
40800
13
85
117
219
342
762
1088
1111
1181
1508
1547
1739
1798
2443
2452
3093
3572
3627
3823
3926
4023
4245
4363
4409
4456
4484
4529
4675
4778
4819
5025
5052
5079
5096
5163
5302
5745
5856
5979
6046
6158
6194
6375
6469
6705
6933
7126
7187
7231
7345
7586
7710
8234
8304
8372
8408
8533
8541
8563
8691
8713
8951
9005
9066
9092
9173
9256
9456
9550
9612
9624
9685
9697
9922
10741
10875
10905
10984
11087
11234
11598
11689
11732
11945
11973
12056
12122
12302
12390
12723
12746
13099
13129
13445
13718
14041
14193
14416
14835
14890
14899
14901
15066
15132
15203
15304
15424
15697
15922
16108
16114
16228
16320
16380
16434
16440
16724
16913
16958
17192
17354
17424
17500
17563
17641
18863
19403
19614
20056
20286
20337
20344
20406
20600
20618
20664
20751
20827
21078
21148
21183
21468
21481
21712
21729
22321
22519
22710
22726
22888
23043
23180
23205
23408
23494
23620
23948
24122
24169
24216
24427
24721
24750
24867
24955
25067
25368
25465
25600
25674
25946
26529
27210
27221
27386
27521
27680
27925
28038
28210
28511
28592
29228
29245
29290
29401
29508
29722
30051
30169
30337
30406
30474
30967
31659
31808
31997
32004
32098
32197
32730
32771
33213
33301
33515
33701
34109
34192
34242
34325
34369
34668
34923
35056
35184
35327
35342
35392
35546
35625
35633
36175
36319
36418
36481
36724
36881
37239
37409
37418
37509
37560
37593
37696
37714
37815
37935
38055
38219
38388
38638
38789
39127
39147
39455
39533
39574
39866
40135
40231
40395
40578
40606
40650
