11
40
382
507
719
819
951
996
1076
1163
1197
1480
1513
1535
1671
2066
2459
2769
2784
2861
2917
3055
3160
3383
3623
3816
3830
3937
4268
4282
4422
4554
4639
4772
4870
4979
5016
5355
5466
5812
5873
6026
6165
6188
6190
6477
6537
7040
7085
7147
7158
7261
7362
7835
7963
8253
8510
8578
8594
8626
8781
8833
9023
9047
9654
9695
9795
9998
10129
10131
10271
10344
10728
10777
10867
10889
10927
10942
11154
11204
11413
11515
11553
11665
11686
11711
11764
11830
12609
12718
13029
13060
13104
13126
13175
13190
13299
13314
13518
13709
13726
13742
13744
13884
14091
14144
14228
14674
14844
14859
16254
16293
16411
16603
16968
17155
17291
17780
17969
18256
18359
18472
18580
18751
18872
19312
19321
19525
19734
19799
19903
20024
20466
20491
20770
20778
20876
20938
21123
21157
21248
21268
21287
21767
22010
22094
22246
22297
22470
22492
22528
22821
22823
22935
23190
23867
24289
24340
24347
24554
24598
24982
25324
25470
25780
26072
26269
26455
26537
26715
26901
26951
26960
26992
27065
27104
27163
27195
27372
27548
27569
27725
27814
27833
28122
28473
28658
28776
28783
28931
29101
29152
29304
29403
29588
29601
29625
29653
29925
29936
30441
30449
30598
30660
30697
31004
31271
31473
31592
31890
32217
32280
32290
32319
32485
32908
33244
33749
33762
33815
33831
33965
34020
34039
34169
34235
34246
34367
34621
34708
34777
34794
34840
34884
34996
35053
35098
35114
35255
35325
35379
35403
35424
35447
35589
35651
35769
35770
35946
36329
36347
36506
36719
37302
37840
38103
38222
38255
38273
38444
38605
38677
38887
38983
39310
39459
39474
39572
39577
39587
39669
39694
39843
40025
40069
40773
40800
31
42
120
219
231
302
369
697
762
1088
1111
1507
1739
1873
2318
2443
2452
2737
2810
2836
3067
3087
3093
3123
3396
3627
3823
3990
4245
4288
4363
4409
4484
4529
4675
4778
4819
4857
4975
4995
5096
5185
5324
5451
5615
5796
5856
6307
6329
6375
6469
6579
6754
6864
6933
7074
7164
7187
7231
7318
7345
7503
7710
7717
8123
8224
8239
8408
8481
8533
8618
8880
8923
9173
9242
9566
9612
9624
9685
9697
9922
9935
9946
10077
10191
10492
10541
10677
10875
10905
10994
11087
11095
11247
11380
11598
11732
11945
11973
12056
12302
12723
13037
13099
13129
13718
13875
14041
14193
14245
14745
15203
15304
15348
15423
15515
15697
16093
16228
16297
16440
16493
16761
16913
16958
17192
17306
17327
17360
17424
17563
17577
17626
17641
18052
18175
18668
18891
19216
19300
19353
19403
19614
19913
19974
20038
20134
20136
20286
20293
20337
20406
20507
20618
20813
20860
20963
21148
21184
21468
21935
22036
22274
22321
22519
22544
22710
22726
22888
23180
23408
23494
23620
23873
23929
23948
23967
24169
24216
24721
24750
24835
24867
24917
24980
25297
25368
25600
26137
26232
26542
27198
27221
27521
27801
27815
27925
28038
28210
28511
28592
28878
29327
29410
29470
29722
30051
30406
30474
30764
31089
31103
31202
31765
31808
31875
31933
32004
32197
32454
32629
32730
32771
33033
33087
33213
33278
33301
33494
34011
34106
34192
34325
34372
34610
34668
34896
34931
35056
35128
35184
35278
35342
35391
35541
35625
35633
35768
36021
36296
36319
36594
36845
37226
37311
37369
37418
37509
37714
37815
37923
37935
38055
38081
38219
38225
38226
38305
38388
38703
38789
39147
39375
39574
39978
40231
40537
40563
40575
40680
40784
