382
719
756
819
1027
1060
1076
1163
1397
1480
2003
2037
2066
2104
2459
2493
2553
2861
2892
3124
3382
3391
3532
3816
3999
4185
4268
4282
4428
4554
4602
4639
4772
5024
5465
5466
5503
5760
6441
6477
6654
7040
7147
7835
7963
7969
8079
8291
8360
8424
8976
9023
9047
9120
9524
10131
10171
10271
10687
10725
10728
10867
10927
10942
11139
11277
11413
11515
11553
11686
11711
11829
12073
12346
12375
12493
12512
12571
12690
13029
13104
13121
13126
13190
13299
13314
13361
13397
13518
13624
13709
13726
13744
13790
13986
14091
14144
14228
14301
14308
14538
14599
14666
14674
14844
15059
15349
16308
16844
17067
17097
17265
17291
17340
17444
17780
17934
17969
18076
18115
18121
18201
18338
18751
18794
18814
18872
19229
19312
19321
19423
19525
19799
20024
20104
20225
20334
20466
20506
20537
20938
21092
21157
21268
21312
21411
21612
21770
22010
22014
22338
22470
22821
22862
22935
23694
23867
23890
23971
24033
24347
24761
24807
24831
24866
25011
25801
26072
26269
26277
26347
26455
26480
26537
26561
26901
26958
26992
27104
27163
27195
27372
27569
27725
27748
27833
28473
28554
28658
28759
28776
28931
28990
29152
29588
29599
29606
29653
29925
29936
29963
30172
30331
30347
30481
30598
30660
30697
30824
31004
31019
31087
31519
31601
31637
31873
32005
32123
32135
32152
32485
32869
32927
32931
33180
33448
33762
34169
34235
34708
34777
34794
34818
34840
34884
34963
34996
35024
35080
35098
35151
35255
35364
35379
35403
35407
35651
35769
35860
35873
36051
36329
36347
36506
36719
36726
36757
37281
37390
37840
37907
38222
38273
38444
38677
38950
38983
39310
39474
39572
39939
40025
40055
40074
40309
40342
40428
13
31
117
120
219
342
346
697
762
1111
1181
1507
1508
1547
1632
1739
1798
2253
2318
2443
2580
2662
2810
2834
2836
2975
3069
3087
3495
3818
3926
3927
3935
3990
4245
4363
4484
4529
4819
4857
4919
4975
4991
5025
5044
5052
5082
5096
5144
5168
5185
5792
5796
5979
6046
6121
6194
6201
6329
6399
6469
6579
7010
7074
7126
7164
7187
7231
7318
7503
7710
8123
8217
8224
8234
8239
8304
8408
8481
8533
8541
8615
8713
9005
9066
9161
9242
9256
9456
9612
9624
9697
9946
10077
10492
10605
10626
10905
10977
10984
11041
11095
11190
11234
11973
12056
12310
12368
12390
12457
12723
12746
13077
13109
13445
14039
14041
14245
14901
14942
15203
15384
15515
15697
16093
16297
16380
16493
16570
16574
16644
16724
16761
17192
17344
17563
17577
17641
17910
17917
18891
19216
19333
19934
19974
20038
20134
20136
20286
20344
20600
20618
20664
20751
20813
20827
20963
21049
21078
21112
21184
21380
21412
21468
21481
21488
22012
22321
22336
22726
22894
23205
23620
23652
23660
23948
23990
24498
24835
24867
24917
24980
25018
25368
25600
25674
25686
26232
26529
26542
26845
26978
27155
27386
27521
27801
27868
27917
27925
28038
28208
28210
28592
28878
28918
29290
29327
29401
29722
30008
30051
30082
30169
30337
31165
31194
31202
31394
31659
31765
31875
31997
32004
32098
32197
32454
32771
33033
33087
33213
33301
33701
34106
34369
34372
34610
34622
34668
35056
35128
35278
35342
35371
35541
35546
35768
35912
36021
36296
36319
36418
36481
36845
37016
37226
37311
37369
37418
37593
37889
37923
37927
38219
38226
38305
38521
38789
38812
39084
39127
39147
39375
39533
39574
39978
40151
40185
40457
40578
40650
40680
