382
756
792
819
1076
1163
1197
1202
1479
1513
1758
2066
2336
2348
2493
2572
2784
2858
2917
3124
3160
3391
3575
3623
3773
3816
3830
3908
3937
4268
4282
4428
4613
4639
4812
4870
4979
5074
5466
5503
5811
5812
6165
6190
6441
6477
6517
6654
7085
7147
7158
7835
7969
8079
8253
8510
8578
8626
8644
8781
8833
9023
9072
9120
9240
9593
9695
9809
9998
10171
10271
10344
10777
10889
11063
11154
11204
11277
11413
11609
11642
11665
11711
12245
12407
12474
12493
12718
12893
13060
13104
13175
13210
13299
13314
13469
13518
13709
13742
13744
13790
13833
13884
13986
14306
14308
14363
14599
14844
15059
16293
16308
16603
16697
16844
16860
16968
17067
17097
17155
17201
17340
17444
17780
17934
18201
18472
18506
18580
18794
18872
19229
19312
19321
19422
19734
19799
19805
19903
20024
20506
20537
20770
20876
21004
21123
21287
21612
21767
21770
21821
22094
22246
22297
22418
22470
22528
22763
22823
22935
23080
23240
24173
24375
24554
24571
24598
24807
24982
25192
25780
25820
26072
26277
26455
26480
26580
26901
26951
26971
27065
27104
27163
27195
27569
27719
27833
28072
28473
28554
28658
28759
28776
28875
28990
29101
29152
29304
29601
29644
29760
30331
30347
30441
30660
30697
30824
31019
31087
31097
31271
31392
31473
31592
31637
31873
31882
31890
32135
32152
32217
32280
32290
32296
32485
33274
33833
34039
34169
34246
34584
34621
34708
34818
34907
35024
35053
35078
35114
35255
35364
35403
35424
35447
35769
35770
35873
35909
36329
36506
36719
36802
37281
37302
37678
37777
37800
37931
38036
38103
38222
38255
38444
38605
38628
38677
38983
39417
39520
39577
39669
39694
39939
40025
40069
40309
40342
40428
40432
40800
13
31
42
85
117
302
369
697
1111
1547
1739
1873
2452
2580
2662
2737
2836
2936
3087
3093
3123
3204
3336
3350
3396
3495
3627
3818
3823
3935
4023
4245
4363
4456
4529
4778
5025
5079
5185
5250
5324
5443
5473
5745
5796
5979
6046
6121
6158
6375
6705
6754
6864
6933
7010
7126
7164
7345
7503
7586
7710
8217
8239
8304
8563
8615
8691
8712
8713
8880
8923
9005
9092
9173
9456
9550
9624
9697
9718
10077
10191
10534
10541
10677
10741
10905
10977
11000
11041
11095
11186
11190
11945
12056
12302
12310
12457
12723
12746
13037
13129
13445
13718
14041
14193
14245
14416
14745
14899
14920
14942
15066
15203
15348
15423
15697
16108
16228
16297
16320
16492
16574
16724
16761
16913
16958
17306
17344
17354
17424
17500
17577
17729
17910
17917
18175
18668
18863
18891
19300
19934
20136
20337
20600
20618
20664
20827
21078
21183
21184
21380
21385
21455
21468
21481
21510
21729
21935
22036
22274
22336
22519
22710
22726
22894
23043
23205
23652
23873
23929
23948
23990
24122
24169
24427
24498
24721
24835
24867
24917
24955
25297
25334
25600
26232
26267
26529
26542
26978
27136
27155
27221
27353
27386
27521
27801
27839
27868
27917
28005
28038
28327
28511
28800
29245
29290
29327
29508
29722
30051
30082
30169
30337
30406
30967
31394
31659
31808
31875
32098
32629
32730
33033
33087
33278
33301
33515
33623
34109
34242
34372
34628
34668
35056
35184
35327
35360
35371
35391
35392
35546
35625
35912
35957
35966
36319
36481
37226
37311
37409
37593
37696
37815
37913
37923
37927
37935
38055
38219
38226
38508
38789
38812
38889
38989
39147
39375
39455
39468
39866
39978
40185
40231
40575
40578
40631
40650
40680
