40
382
719
756
792
951
1163
1197
1217
1412
1440
1492
2003
2037
2066
2104
2348
2493
2572
2858
2892
3160
3382
3383
3451
3532
3773
3816
3908
3937
4268
4269
4422
4554
4602
4613
4812
4979
5016
5024
5074
5148
5355
5503
5811
6188
6190
6441
6477
6517
6537
6606
6654
6711
7147
7261
7362
7435
7835
8079
8253
8291
8480
8510
8535
8594
8781
8833
9023
9154
9524
9593
9738
9979
9998
10344
10593
10687
10725
10867
10889
11139
11154
11225
11553
11609
11665
11711
12073
12198
12245
12346
12375
12571
12690
12718
12955
13029
13121
13126
13135
13190
13397
13624
13726
13742
13833
13884
14144
14306
14308
14363
14516
14674
14844
14859
14915
15480
15534
15710
16254
16293
16398
16411
16463
16470
16603
16844
16860
16959
16968
17067
17265
17340
17444
17732
17780
17934
18076
18121
18201
18256
18338
18580
18751
18794
18814
19008
19229
19525
19805
19903
20024
20334
20466
20770
20778
20876
21004
21167
21248
21268
21312
21767
22094
22338
22763
22823
22935
23240
23694
24033
24173
24347
24554
24598
24652
24684
24689
24761
24807
24831
25192
25470
25820
26277
26537
26901
26951
26960
26971
26992
27065
27104
27372
27402
27719
27725
27748
27814
28473
28658
28931
29304
29403
29599
29625
29653
29936
29963
30331
30347
30441
30449
30481
30660
30824
31019
31073
31087
31271
31519
31592
31601
31893
32005
32280
32319
32869
32908
32927
33180
33274
33815
33831
33833
34017
34235
34246
34584
34840
35017
35053
35078
35080
35098
35114
35407
35424
35589
35651
35770
35909
35946
36051
36082
36347
36506
36599
36719
37678
37777
37800
37840
37907
37931
38013
38255
38273
38444
38605
38950
38999
39067
39310
39474
39520
39572
39577
39587
39669
39694
39843
40069
40074
40276
40309
40428
40800
13
42
85
231
302
346
369
762
1111
1507
1508
1632
1739
1798
1873
2253
2302
2452
2575
2580
2737
2836
2936
2975
3087
3093
3204
3350
3495
3572
3588
3627
3823
3927
3935
3990
4245
4363
4456
4520
4529
4975
5025
5044
5052
5082
5096
5144
5168
5443
5451
5615
5745
5792
5979
6046
6158
6167
6194
6201
6375
6469
6754
6886
7064
7126
7231
7710
7717
8105
8123
8238
8239
8372
8408
8615
8618
8712
8923
8951
9066
9173
9242
9566
9624
9697
9718
9922
9946
10191
10605
10626
10741
10875
10984
10994
11247
11598
11732
11945
12056
12302
12310
12368
12457
12723
13077
13099
13445
13785
13875
14041
14245
14835
14890
14899
14920
14942
15066
15203
15423
15424
15922
16114
16297
16320
16440
16574
16724
16913
17192
17306
17344
17360
17424
17577
17641
17729
17910
17917
18175
18882
18891
19216
19300
19333
19353
19403
19614
20038
20134
20136
20286
20293
20337
20344
20600
20618
20664
20751
20813
20827
21078
21148
21184
21203
21455
21468
21481
21549
21712
22321
22519
22544
22726
22888
22894
22911
23180
23205
23408
23873
24427
24498
24750
24867
24917
24980
25067
25674
25946
26137
26267
26542
26978
27155
27198
27386
27680
27801
27868
28005
28208
28327
28592
28769
28800
28918
29327
29508
29722
30082
30406
30764
31103
31202
31394
31659
31933
32098
32197
32454
33087
33213
33301
33515
34011
34109
34242
34369
34896
35056
35128
35327
35391
35541
35625
35633
35957
35966
36021
36293
36319
36724
36881
37311
37418
37560
37714
37815
37913
37923
37935
38055
38388
38508
38521
38703
38812
38889
38989
39375
39978
40135
40151
40185
40231
40457
40631
