40
507
951
996
1060
1197
1397
1412
1479
1513
1535
2003
2066
2572
2769
2784
2892
2917
3124
3382
3383
3451
3575
3773
3816
3908
3937
3999
4268
4269
4282
4428
4554
4772
4870
5022
5355
5466
5811
5812
5873
6026
6477
6537
6654
6711
7085
7158
7835
7963
7969
8060
8079
8253
8360
8578
8594
8781
8833
8976
9023
9047
9120
9154
9240
9524
9695
9998
10171
10279
10725
10777
10867
10889
11139
11204
11515
11553
11609
11642
11658
11686
11830
12071
12073
12346
12407
12493
12512
12571
12609
12893
12955
13029
13104
13121
13126
13210
13299
13469
13709
13726
13833
14190
14228
14301
14859
14886
15174
15480
15534
15710
16254
16293
16398
16411
16463
16470
16697
16860
16968
17067
17265
17732
17780
17969
18076
18121
18201
18338
18580
18751
18814
19151
19291
19422
19525
19624
20024
20334
20491
20537
20876
20938
21004
21092
21248
21312
21612
21767
21821
22014
22246
22338
22492
22528
22547
22821
22823
22935
23080
23190
23867
23890
23971
24340
24347
24375
24571
24598
24652
24684
24689
24807
24831
24866
25011
25192
25324
25820
26072
26347
26537
26715
26901
26951
26971
27065
27352
27372
27569
27725
27833
28473
28783
28875
28982
29101
29304
29599
29601
29760
29836
29925
29963
30107
30172
30331
30449
30481
30660
30697
30824
31019
31097
31271
31473
31592
31601
31873
31893
32152
32217
32908
32927
32931
33180
33274
33448
33749
33815
33831
33833
33965
34017
34020
34235
34584
34777
34818
34966
35024
35078
35114
35364
35407
35589
35770
35860
35873
35946
36051
36082
36329
36347
36506
36757
36802
37302
37777
37800
37907
37931
38013
38255
38273
38444
38605
38628
38677
38999
39205
39449
39459
39487
39587
39669
39939
40069
40074
40229
40276
40309
40342
40432
40773
31
219
231
342
697
1088
1181
1508
1547
1632
1739
1798
2253
2452
2575
2737
2747
2810
2975
3067
3396
3823
3927
3990
4363
4520
4675
4819
4857
4975
4991
4995
5025
5079
5144
5163
5168
5185
5302
5451
5661
5792
5796
5856
6121
6167
6201
6329
6469
6579
6864
6933
7064
7074
7187
7231
7318
7710
8105
8217
8224
8238
8372
8408
8541
8615
8618
8880
8951
9092
9161
9173
9242
9456
9550
9612
9685
9718
9922
9946
10077
10191
10492
10534
10541
10605
10905
11087
11186
11190
11247
11380
11562
11598
11748
11945
11973
12056
12122
12302
12310
12368
12390
13037
13077
13785
13875
14039
14041
14245
14416
14688
14745
14920
15066
15132
15203
15304
15423
15697
15922
16093
16114
16320
16434
16570
16574
16724
16958
17306
17500
17563
17568
17577
17641
18052
18175
18668
18882
18977
19300
19333
19353
19913
19974
20015
20038
20134
20136
20286
20293
20337
20813
20963
21049
21184
21385
21412
21455
21468
21481
21510
21712
22012
22274
22544
22710
22726
22888
22911
23205
23494
23620
23929
24216
24427
24498
24835
24867
24955
24980
25018
25334
25368
26232
26529
26845
27155
27210
27221
27353
27521
27815
27868
27917
28005
28208
28210
28327
28511
28592
28800
28878
29228
29290
29410
29470
30008
30082
30406
30474
30764
30967
31089
31394
31765
31808
31875
32004
32098
32197
32454
32730
32771
32844
33033
33278
33301
33623
34192
34242
34369
34610
34622
34668
34896
34931
35184
35392
35768
35957
35966
36175
36293
36327
36724
36845
36881
37016
37311
37369
37560
37593
37889
38055
38811
38889
39084
39147
39455
39533
39866
39978
40135
40151
40231
40395
40457
40563
40606
40650
40784
