11
756
1060
1163
1197
1202
1217
1535
1671
2037
2066
2348
2459
2553
2784
2917
3055
3160
3382
3383
3451
3623
3816
3937
3999
4185
4268
4269
4282
4422
4639
4979
5024
5074
5465
5503
5812
6026
6165
6188
6313
6441
6477
6537
6606
6654
6711
7158
7835
7969
8060
8079
8291
8480
8535
8578
8644
8976
9023
9047
9072
9154
9240
9593
9654
9695
9795
9979
9998
10131
10687
10725
10777
10867
10942
11154
11225
11277
11413
11711
11764
11830
11965
12245
12407
12474
12493
12571
12718
12893
13104
13126
13299
13314
13361
13469
13709
13726
13744
13833
13884
13986
14144
14190
14228
14306
14308
14363
14599
14666
14844
14886
14915
15059
15174
15349
15480
15710
16254
16308
16398
16463
16603
16959
17067
17097
17265
17291
17340
17444
17522
17934
17969
18121
18201
18256
18472
18506
18751
19229
19321
19422
19423
19624
19734
19799
19805
20104
20225
20466
20506
20537
20876
20938
21004
21092
21167
21287
21411
21747
21770
21821
22338
22418
22470
22492
22547
22862
22935
23694
23867
23971
24173
24289
24340
24554
24571
24831
24982
25011
25192
25324
25470
25801
26277
26347
26455
26580
27104
27352
27372
27402
27569
27719
27725
28072
28554
28776
28931
29101
29403
29588
29599
29601
29606
29653
29760
29936
29963
31004
31019
31519
31592
31873
31882
31890
31893
32005
32135
32152
32290
32296
32319
32485
32869
32927
33180
33244
33448
33815
33965
34017
34020
34039
34169
34235
34246
34300
34367
34708
34794
34818
34840
34963
34966
34996
35017
35080
35114
35255
35403
35447
35589
35651
35770
35860
35873
35909
35946
36082
36347
36599
36757
36802
37678
37800
37907
38013
38036
38222
38273
38983
39205
39417
39449
39474
39487
39669
39843
39939
40025
40055
40229
40276
40309
40342
40428
13
31
42
85
117
302
346
369
1111
1181
1507
1508
1739
1798
2443
2452
2580
2662
2737
2834
2975
3069
3336
3396
3572
3588
3823
3927
3935
4245
4288
4363
4484
4520
4778
4857
4919
5025
5079
5082
5163
5168
5302
5443
5661
5979
6121
6194
6201
6307
6375
6579
6705
6886
6933
7064
7126
7164
7187
7231
7318
7586
7710
7717
8105
8123
8217
8234
8238
8408
8615
8618
8691
8712
8951
9066
9092
9161
9456
9685
9718
9922
9946
10191
10492
10534
10605
10677
10741
10875
10905
10977
10984
11247
11562
11689
11748
12056
12302
12310
12390
12457
12723
13037
13077
14041
14193
14835
14890
14899
14920
14942
15203
15304
15515
15922
16093
16108
16114
16228
16297
16380
16493
16644
16724
16761
17136
17192
17327
17354
17424
17500
17577
17626
17910
18052
18668
18891
19216
19300
19333
19690
19913
19934
19974
20056
20134
20136
20337
20406
20507
20751
20813
20827
20860
20963
21049
21078
21112
21184
21203
21385
21412
21488
21549
21729
22036
22336
23180
23620
23652
23660
23929
23967
24216
24721
25067
25674
25686
26137
26529
26845
26978
27136
27155
27353
27680
27815
27839
27868
27917
27925
28005
28038
28208
28769
28918
29401
29410
29722
29787
30008
30169
30474
30967
31103
31194
31394
31659
31765
32004
32197
32730
32844
33033
33213
33278
33301
33515
33701
34011
34109
34242
34325
34610
34628
34668
34923
35327
35342
35360
35371
35391
35625
35957
35966
36175
36319
36594
36724
36845
36881
37016
37311
37409
37418
37696
37815
37889
37923
37927
37935
38305
38388
38508
38811
39147
39533
39574
39866
39978
40151
40185
40395
40457
40537
40575
40578
40631
40680
40784
