40
382
719
792
1027
1060
1076
1094
1163
1397
1412
1479
1480
1758
2003
2037
2336
2348
2769
2858
2861
2892
3055
3382
3391
3532
3623
3773
3830
3908
3937
3999
4185
4264
4268
4269
4282
4422
4428
4554
4602
4639
4812
4870
5016
5074
5148
5355
5465
5760
6188
6441
6477
6606
7147
7261
7362
7435
7835
8060
8424
8510
8535
8566
8626
8833
9047
9072
9120
9654
9809
10129
10131
10271
10279
10593
10687
10725
10777
11063
11225
11642
11658
11665
11686
11711
11829
11965
12071
12073
12375
12474
12493
12512
12631
12893
12955
13060
13126
13135
13175
13203
13299
13361
13397
13518
13833
13884
14091
14144
14190
14363
14516
14538
14674
14844
14859
14886
14915
15710
16254
16293
16398
16411
16463
16603
16697
17155
17265
17291
17522
17732
17934
17969
18121
18338
18506
18751
18794
18872
19008
19225
19312
19321
19422
19423
19525
19624
19903
20104
20225
20466
20506
20876
21092
21134
21167
21268
21287
21411
21612
21747
21821
22010
22246
22492
22763
22823
22862
23080
23190
24033
24173
24289
24340
24375
24554
24571
24598
24761
24831
25011
25192
25780
25820
26269
26277
26347
26537
26715
26958
26960
27195
27548
27569
27593
27719
27748
27806
27814
28122
28473
28759
28776
28931
28982
28990
29101
29152
29403
29588
29606
29625
29653
29760
29836
29936
29963
30172
30347
30441
30481
30598
30660
30697
30824
31097
31271
31392
31473
31519
31637
31890
31893
32123
32217
32290
32319
32485
32869
32931
33180
33244
33274
33448
33815
33831
33965
34017
34039
34235
34367
34621
34794
34840
34884
35053
35080
35098
35151
35255
35325
35447
35589
35651
35769
35860
35909
35946
36329
36347
36506
36599
36802
37302
37390
37678
38013
38036
38103
38222
38255
38274
38628
38983
38999
39082
39417
39459
39474
39487
39694
39939
40025
40069
40229
40276
120
219
231
342
346
762
1111
1181
1739
1873
2253
2302
2443
2580
2601
2662
2810
2834
2836
3067
3069
3087
3123
3627
3818
3823
3935
4023
4363
4456
4778
4919
4991
4995
5025
5044
5079
5096
5324
5443
5451
5473
5615
5661
5796
5856
6046
6158
6194
6201
6329
6375
6399
6579
6933
7010
7164
7231
7318
7345
7710
8224
8239
8713
8880
8951
9242
9256
9718
9935
9946
10077
10541
10741
10994
11000
11041
11087
11190
11598
11732
11945
11973
12056
12302
12368
12390
12457
13077
13099
13445
13785
14193
14245
14745
14899
15132
15203
15348
15384
15697
15922
16093
16114
16228
16297
16434
16492
16493
16570
16724
16761
16913
17327
17332
17354
17500
17563
17626
17641
17910
18052
18668
18882
18891
19216
19300
19333
19403
19690
19913
19934
20038
20056
20293
20344
20406
20507
20618
21078
21148
21203
21380
21385
21412
21488
21510
21712
21729
22036
22274
22336
22710
22888
22911
23043
23408
23620
23652
23929
23948
23967
24122
24169
24427
24721
24750
24955
25018
25297
25465
25674
25686
25946
26529
26542
26845
27210
27221
27386
27521
27680
27815
27839
27868
27925
28038
28208
28210
28327
28592
28800
28918
29245
29410
29787
30169
30337
30406
30474
31089
31165
31194
31202
31659
31997
32004
32197
32629
32771
32844
33033
33087
33301
34011
34106
34242
34923
35056
35278
35342
35371
35541
35768
35912
35957
35966
36293
36296
36319
36418
36845
37016
37226
37509
37593
37714
37889
37913
37935
38055
38081
38305
38508
38638
38811
38812
38989
39084
39147
39375
39533
39866
39978
40457
40575
40578
40606
40631
40680
40784
