11
382
719
756
996
1163
1197
1397
1412
1479
1535
1758
2336
2459
2553
2572
2784
2861
2892
3055
3124
3383
3391
3575
3623
3816
3908
4264
4269
4387
4554
4639
5016
5074
5148
5355
5503
5873
6026
6188
6190
6441
6477
6537
6606
6654
6711
6982
7040
7085
7147
7158
7963
7969
8060
8510
8535
8566
8644
8781
8833
8976
9023
9047
9072
9120
9524
9795
10131
10279
10593
10725
10777
11063
11139
11154
11204
11225
11515
11609
11642
11658
11665
11829
11830
12071
12198
12346
12474
12493
12571
12609
12955
13190
13299
13361
13397
13469
13709
13726
13744
13790
13884
13986
14091
14301
14538
14599
14674
14844
14886
15480
15534
15710
16254
16308
16398
16844
16968
17097
17155
17732
17934
17969
18076
18115
18201
18338
18506
18751
18794
18814
19151
19291
19624
19799
20334
20491
20506
20778
20876
21004
21123
21134
21167
21248
21268
21770
21821
22014
22136
22338
22418
22470
22763
22821
22823
23190
23971
24033
24340
24375
24554
24571
24684
24689
24761
24807
24866
24982
25820
26040
26072
26455
26537
26580
26715
26951
26958
26971
27065
27104
27195
27352
27372
27593
27690
27725
27748
28776
29101
29403
29588
29601
29644
29760
29925
29963
30107
30172
30449
30660
30697
30824
31004
31019
31073
31087
31097
31392
31519
31592
31601
31882
31890
32005
32152
32290
32296
32908
33180
33244
33831
34020
34300
34584
34777
34794
34907
34963
34966
35024
35078
35151
35325
35403
35407
35424
35589
35769
35909
35946
36082
36506
36599
36726
36802
37281
37302
37678
37800
37907
38036
38103
38273
38274
38444
38605
38677
38887
38950
38999
39067
39082
39205
39310
39417
39449
39459
39572
39577
39694
39843
39939
40055
40229
40342
40428
40800
31
42
219
231
342
369
697
1088
1111
1507
1798
2253
2302
2452
2575
2580
2601
2810
2834
3069
3087
3093
3123
3204
3336
3350
3396
3495
3588
3818
3823
3926
3927
4245
4529
4778
4819
4991
4995
5052
5079
5096
5144
5163
5168
5185
5443
5451
5615
5661
5745
5856
6121
6194
6307
6469
6579
6705
6754
6864
6886
6933
7010
7064
7231
7318
7345
8123
8217
8234
8239
8372
8481
8618
8951
9173
9242
9256
9456
9624
9718
9922
9946
10191
10534
10605
10626
10677
10905
10984
11041
11087
11095
11186
11190
11247
11689
11748
11973
12122
12310
12368
12390
12457
12723
12746
13037
13785
14193
14745
14890
15203
15348
15423
15424
15697
16114
16228
16297
16320
16434
16440
16492
16493
16574
16761
16913
16958
17136
17306
17332
17344
17354
17360
17424
17500
17563
17641
17729
17910
17917
18052
18175
18863
18882
18891
18977
19216
19403
19974
20134
20293
20344
20600
20618
20664
20751
20813
21049
21148
21203
21380
21412
21455
21481
21510
22012
22321
22336
22544
22894
22911
23180
23205
23620
23652
23660
23929
23948
24122
24216
24498
24721
24867
24955
25018
25297
25334
25674
25946
26137
26529
26542
26845
27155
27198
27353
27521
27815
27868
27925
28005
28038
28208
28327
28511
28878
28918
29245
29327
29401
29410
29470
29508
30008
30082
30169
30337
30474
30764
31103
31165
31765
31997
32004
32730
33033
33087
33278
33301
33494
34192
34372
34610
34622
34628
34668
34896
34923
35056
35184
35327
35541
35546
35625
35633
35768
35912
35957
35966
36418
36481
36594
36724
37239
37409
37593
37696
37714
37889
37913
37923
38225
38226
38305
38521
38638
38789
39127
39375
39455
39533
39978
40185
40457
40537
40563
40631
40680
