11
382
719
756
819
951
1060
1163
1197
1202
1397
1440
1480
1535
2003
2104
2493
2553
2861
2917
3055
3124
3382
3391
3451
3575
3816
3830
4268
4269
4422
4554
4602
4613
4772
4812
4979
5022
5024
5074
5760
5811
5812
6026
6165
6188
6313
6477
6537
7261
7362
7435
7835
7963
8060
8253
8291
8360
8424
8510
8535
8566
8594
8626
8976
9120
9695
9738
9809
10129
10131
10171
10593
10725
10889
11139
11154
11204
11225
11277
11515
11642
11665
11686
11711
11764
11829
11830
12071
12245
12407
12493
12512
12571
12690
12955
13175
13203
13210
13361
13397
13469
13518
13624
13709
13742
13744
13884
14091
14190
14301
14308
14363
14599
14666
14674
14859
15059
16254
16308
16398
16463
16860
16968
17067
17201
17291
17444
17934
17969
18338
18751
18872
19151
19225
19229
19291
19422
19423
20024
20104
20466
20876
21123
21157
21167
21287
21312
21411
21767
21770
22014
22136
22246
22418
22470
22528
22935
23867
23890
24033
24340
24347
24375
24554
24598
24652
24684
24761
24866
24982
25192
25470
25780
25801
26072
26269
26277
26480
26537
26561
26580
26901
26960
26971
27163
27402
27690
27725
27748
27806
28072
28473
28554
28783
28931
29101
29304
29588
29606
29625
29925
29936
30040
30107
30347
30449
30598
30660
30697
30824
31004
31019
31087
31097
31271
31392
31473
31592
31637
31890
31893
32123
32152
32296
32485
33180
33274
33448
33762
33831
33833
34017
34020
34039
34246
34300
34367
34708
34818
34840
34907
34996
35017
35098
35151
35255
35325
35379
35407
35447
35589
35769
35860
36082
36329
36347
36757
36802
37281
37800
37931
38103
38222
38255
38444
38605
38628
38677
38887
38983
39067
39205
39310
39417
39449
39459
39474
39487
39520
39587
39669
39694
40025
40309
40342
40428
40432
117
120
302
342
762
1111
1547
1798
2302
2443
2452
2575
2601
2836
3067
3069
3113
3123
3350
3572
3818
3927
3990
4023
4288
4409
4529
4675
4819
4857
4919
4991
4995
5044
5052
5079
5163
5168
5302
5443
5451
5473
5661
5792
5856
5979
6121
6158
6307
6399
6469
6864
6933
7010
7164
7187
8010
8105
8123
8224
8238
8239
8304
8533
8541
8615
8618
8880
8951
9005
9066
9092
9161
9256
9456
9550
9685
9697
9718
9922
9946
10077
10191
10492
10541
10605
10741
10977
10984
10994
11000
11087
11095
11186
11190
11247
11380
11598
11945
12056
12302
12368
12390
12723
13037
13109
13445
13718
13785
13875
14039
14041
14193
14745
14890
14899
15203
15423
15424
15697
16093
16108
16114
16228
16320
16434
16492
16570
16574
16644
16724
16913
16958
17332
17354
17360
17500
17568
17577
17641
17729
17917
18052
18175
18891
18977
19216
19353
19934
19974
20015
20038
20056
20134
20286
20337
20344
20406
20600
20664
20963
21078
21203
21380
21488
21510
21549
21935
22036
22321
22336
22894
23205
23408
23873
24122
24498
24721
24917
25018
25334
25368
25465
25686
26529
26542
27136
27210
27353
27386
27521
27680
27815
27917
27925
28005
28327
28592
28878
28918
29228
29245
29327
29470
29508
29722
30008
30082
30169
30406
30967
31202
31659
31765
31933
32098
33033
33301
33337
33623
33701
34011
34109
34369
34610
34628
35184
35278
35342
35360
35371
35391
35392
35546
35633
35768
35966
36175
36319
36327
36418
36594
36724
37226
37239
37418
37509
37593
37714
37927
38081
38219
38388
38703
38811
38989
39084
39127
39147
39455
39533
40185
40231
40395
40537
40563
40575
40606
40609
40650
