40
382
507
719
756
792
951
1060
1076
1197
1217
1440
1479
1535
1758
2003
2572
2769
2784
2861
3055
3124
3160
3382
3383
3391
3908
3937
4264
4269
4282
4422
4428
4554
4602
4613
4979
5022
5024
5074
5465
5503
5760
5812
6026
6165
6188
6477
6654
7040
7362
7835
7963
8291
8480
8510
8578
8644
9023
9047
9072
9120
9524
9593
9695
9979
10129
10171
10271
10279
10344
10593
10725
10728
10889
10927
11063
11139
11154
11413
11515
11665
12073
12198
12346
12375
12493
12512
12609
12631
12690
12718
12893
13126
13135
13190
13299
13361
13397
13469
13518
13744
14091
14190
14228
14363
14599
14844
14886
14915
15349
15534
16398
16470
16697
16860
16959
16968
17067
17097
17265
17522
17969
18076
18121
18256
18359
18506
18751
19291
19321
19422
19423
19525
19805
19903
20104
20466
20506
20537
21092
21134
21248
21268
21287
21312
21411
21612
21747
21770
21821
22014
22094
22297
22338
22418
22470
22492
22528
22547
22763
22821
22823
22935
23971
24033
24173
24340
24554
24571
24689
24807
24982
25324
26040
26072
26269
26347
26455
26537
26561
26901
26958
26960
26971
27065
27402
27690
27748
27806
27814
28072
28122
28473
28875
28931
28982
29101
29152
29304
29601
29760
29836
30107
30441
30449
30598
30660
30697
31004
31019
31271
31392
31473
31592
31873
31882
31893
32123
32152
32280
32485
32927
32931
33749
33815
34020
34039
34235
34246
34300
34367
34584
34621
34708
34777
34907
34966
34996
35053
35080
35151
35403
35407
35424
35447
35589
35873
35909
35946
36051
36082
36347
36506
36726
36802
37281
37302
37390
37777
37840
37931
38013
38103
38255
38273
38999
39082
39310
39417
39449
39459
39572
39843
40025
40055
40069
40276
40342
40432
40773
13
31
219
231
346
697
1088
1507
1547
1873
2253
2318
2443
2580
2810
2836
2936
2975
3069
3087
3123
3336
3350
3396
3588
4409
4484
4529
4675
4778
4819
4857
4991
4995
5025
5044
5079
5082
5144
5163
5185
5302
5324
5451
5473
5745
5792
6158
6194
6201
6329
6375
6705
6864
6886
7010
7074
7126
7187
7318
7345
7503
7586
7710
8010
8105
8123
8224
8238
8239
8372
8481
8541
8563
8691
8713
8880
8923
9005
9066
9092
9173
9242
9550
9566
9624
9685
9718
9922
10077
10905
10994
11041
11087
11095
11247
11380
11562
11598
11973
12056
12122
12310
12345
12457
12723
13037
13077
13129
13445
13718
13785
14039
14041
14245
14745
14835
14899
15066
15132
15203
15304
15348
15515
15697
15922
16108
16228
16320
16380
16434
16492
16493
16570
16574
16724
16913
16958
17136
17192
17306
17354
17360
17568
17917
18052
18175
18668
18891
18977
19216
19353
19614
19913
19934
20136
20286
20293
20344
20507
20664
20751
20813
21078
21184
21385
21455
21481
21510
21712
21729
22012
22274
22710
22726
22911
23043
23205
23494
23620
23660
23929
23948
24122
24169
24427
24721
24917
24955
25334
25368
25600
26137
26267
26542
26978
27155
27198
27221
27353
27386
27680
27868
27925
28208
28327
28592
28800
28918
29245
29327
29470
29508
29787
30051
30082
30406
30764
31165
31202
31659
31765
31875
31933
31997
32098
32177
32197
32730
32844
33087
33278
33301
33337
33515
33701
34011
34106
34242
34369
34628
34668
34896
34931
35128
35371
35541
35546
35768
36175
36293
36327
36481
36594
37016
37418
37509
37560
37923
37927
38081
38219
38226
38305
38508
38638
39147
39455
39574
39978
40135
40185
40395
40457
40537
40606
40609
