11
382
719
792
1027
1060
1094
1163
1202
1217
1535
2003
2066
2336
2459
2553
2572
2769
2892
2917
3160
3451
3532
3623
3773
3830
3908
3999
4264
4268
4282
4387
4428
4554
4602
5016
5024
5148
5466
5503
6026
6165
6188
6190
6441
6517
6606
7040
7085
7158
7963
7969
8060
8079
8291
8535
8578
8626
8781
8833
8976
9023
9047
9072
9154
9738
9795
9809
9979
10129
10171
10271
10593
10687
10728
10777
10927
11204
11515
11553
11642
11658
11686
11711
11764
11965
12071
12198
12245
12346
12375
12474
12512
12690
12893
12955
13029
13104
13135
13190
13210
13314
13518
13624
13709
13742
13744
13790
13884
13986
14091
14306
14308
14516
14538
14674
15174
15349
15480
15710
16254
16293
16308
16411
16463
16470
16603
16860
16959
17067
17097
17201
17265
17780
17934
18076
18121
18338
18472
18506
18751
18794
18872
19008
19229
19291
19525
19624
19734
19799
19805
20334
20491
20506
20537
20770
20778
21004
21092
21123
21134
21167
21287
21312
21747
21767
21821
22010
22136
22338
22547
22862
23240
23694
23867
23890
23971
24033
24375
24554
24761
24807
24866
24982
25011
25192
25820
26040
26277
26347
26455
26561
26580
26958
26960
26992
27163
27372
27402
27569
27593
27725
28072
28122
28759
28783
28875
28931
29152
29588
29599
29601
29606
29625
29644
29836
29925
30040
30347
30441
30449
30598
30660
30697
31097
31473
31519
31592
31637
31873
31890
31893
32005
32135
32152
32217
32290
32296
32319
32869
32908
32931
33180
33244
33448
33762
33815
33831
34017
34169
34235
34300
34367
34621
34708
34794
34818
34840
34907
34963
35017
35053
35151
35325
35364
35379
35403
35424
35589
35651
35769
35946
36082
36347
36599
36719
36726
36757
37390
37777
37800
37907
38255
38605
38677
38887
39067
39417
39449
39459
39487
39572
39694
40055
40069
40229
40342
40432
40773
42
117
231
342
346
762
1181
1508
1547
1632
1798
2575
2662
2834
3067
3113
3350
3495
3572
3627
3927
3935
3990
4245
4520
4675
4991
4995
5052
5079
5185
5443
5661
5792
5796
5856
6121
6158
6194
6329
6375
6469
6579
6705
6864
7064
7074
7126
7164
7187
7318
7503
7710
8234
8372
8481
8541
8563
8615
8618
8691
8712
8951
9005
9066
9456
9550
9935
10191
10492
10541
10605
10626
10905
10977
11041
11190
11562
12056
12122
12457
13445
13875
14245
14688
14899
14920
14942
15066
15132
15203
15384
15423
15697
16108
16114
16320
16434
16492
16493
16570
16574
16724
16761
17327
17332
17344
17354
17360
17424
17500
17568
18882
18977
19333
19353
19403
19690
19934
20134
20136
20337
20600
20664
20751
20813
20827
20860
20963
21049
21380
21488
21712
21729
21935
22012
22321
22336
22544
22710
22726
22894
23043
23180
23205
23408
23494
23620
23929
23967
24498
24721
24750
24867
24917
24955
25018
25067
25368
25674
25946
26137
26232
26267
27136
27198
27210
27353
27386
27801
27868
28005
28208
28511
28592
28918
29228
29245
29290
29410
29508
30082
30169
30337
30406
30474
31089
31103
31194
31394
31659
31765
31808
31875
32004
32197
32454
33033
33087
33213
33278
33337
33494
33515
33623
34106
34622
34896
34923
35056
35128
35184
35327
35342
35360
35391
35392
35546
35633
35768
35912
35966
36021
36175
36319
36327
36594
36845
36881
37311
37509
37560
37593
37696
37815
37913
37923
38055
38081
38219
38305
38508
38703
38812
39127
39455
39533
39574
39866
40135
40151
40231
40395
40563
40575
40609
40631
40650
40784
