40
507
719
756
819
1027
1060
1076
1163
1197
1479
1480
1513
1535
2003
2336
2348
2553
2572
2769
2784
2892
2917
3055
3160
3382
3391
3451
3532
3830
3908
4264
4269
4387
4602
4639
4772
4812
4870
5016
5024
5074
5503
6026
6165
6188
6982
7085
7147
7158
8060
8291
8360
8480
8566
8578
8781
8976
9023
9047
9072
9240
9593
9695
10129
10687
10725
11063
11139
11204
11413
11553
11642
11665
11764
11829
12073
12245
12346
12375
12474
12512
12571
12609
12955
12985
13029
13104
13121
13126
13203
13299
13469
13518
13726
13744
13790
13833
14091
14144
14306
14516
14538
14674
14844
14915
15349
15480
15710
16293
16308
16398
16411
16603
16697
16844
16860
16959
17265
17291
17340
17732
17969
18115
18121
18256
18338
18359
18580
18751
18794
18814
19151
19229
19291
19312
19624
20104
20225
20537
20778
20876
21134
21248
21287
21312
21411
21747
21767
22014
22136
22246
22338
22418
22470
22492
22862
23694
23971
24033
24289
24340
24347
24375
24598
24866
25011
25192
25324
25780
25801
25820
26072
26455
26480
26537
26580
26901
26960
26971
27065
27104
27163
27195
27352
27593
27690
27806
27833
28554
28759
28776
28783
28875
28931
28982
28990
29152
29606
29625
29760
29925
29963
30040
30172
30331
30441
30449
30598
30824
31073
31097
31271
31392
31592
31637
31873
31882
31893
32123
32135
32296
32319
32869
32927
32931
33180
33244
33815
33831
34017
34169
34300
34584
34621
34777
34794
34818
34840
34884
34963
34996
35017
35080
35364
35407
35589
35651
35770
35860
35873
35909
36082
36347
36506
36719
37281
37390
37678
37800
37931
38103
38222
38255
38444
38628
38677
38887
38950
38983
39417
39459
39572
39587
39669
39694
40069
40432
13
117
219
231
342
369
762
1088
1181
1508
1547
1632
1739
1798
1873
2302
2318
2443
2452
2575
2601
2662
2737
2747
2834
2936
2975
3069
3093
3204
3336
3572
3588
3823
3926
3927
3935
4023
4245
4288
4456
4484
4520
4529
4991
5025
5044
5052
5079
5144
5163
5451
5661
5792
5979
6046
6121
6158
6375
6579
6754
6886
7010
7064
7164
7318
7345
7710
8010
8123
8224
8238
8372
8408
8533
8563
8712
8713
8880
9242
9256
9456
9566
9624
9697
9718
9922
9935
9946
10541
10626
10677
10977
10994
11087
11973
12302
12345
12457
12746
13099
13109
13129
13445
13875
14041
14193
14745
14835
14890
14920
14942
15066
15132
15203
15348
15384
15697
15922
16093
16114
16228
16320
16570
16724
16761
17136
17306
17327
17360
17424
17500
17563
17568
17729
17910
18668
18863
19300
19353
19403
19614
19974
20015
20134
20136
20286
20406
20618
20664
20813
20827
20860
20963
21049
21112
21148
21183
21203
21385
21412
21481
21510
21729
22274
22519
22710
22726
23043
23180
23408
23929
23948
23967
23990
24169
24498
24721
24867
24917
24955
24980
25018
25067
25334
25368
25674
26137
26529
26845
27136
27155
27198
27221
27353
27386
27815
27839
27868
27917
28038
28592
28918
29228
29787
30008
30051
30406
30764
30967
31202
31659
31933
31997
32177
32197
32454
32629
32730
32844
33033
33087
33213
33278
33494
33515
33701
34109
34192
34242
34325
34372
34622
34628
35056
35184
35327
35371
35391
35392
35546
35625
35633
35957
36021
36319
36724
37016
37226
37239
37409
37560
37593
37696
37815
37923
37935
38219
38225
38388
38703
38811
38812
39127
39533
39574
39866
39978
40135
40151
40231
40395
40457
40563
40575
40578
40606
40609
40650
40784
