40
382
756
819
951
1027
1076
1197
1202
1217
1397
1412
1440
1480
1513
1535
2003
2348
2493
2769
2917
3055
3124
3382
3383
3391
3532
3575
3623
3830
3999
4185
4269
4602
4613
5024
5074
5355
5466
5503
6026
6165
6188
6477
6606
6711
6982
7158
7362
7435
7963
8291
8360
8594
8626
8976
9047
9072
9120
9524
9593
9695
10131
10171
10271
10279
10344
10728
10777
10927
10942
11139
11204
11413
11515
11553
11609
11642
11658
11665
11686
11830
12071
12346
12375
12407
12474
12512
12690
12893
12955
12985
13135
13175
13190
13203
13518
13709
13742
13790
13833
14091
14308
14363
14666
14844
14915
15174
15349
16254
16293
16398
16463
16603
16697
16959
16968
17155
17444
17969
18076
18115
18338
18506
18794
18814
19008
19321
19423
19624
19799
19903
20225
20334
20537
20770
20778
20938
21092
21123
21157
21248
21268
21312
21612
21767
22094
22136
22246
22297
22338
22418
22470
22763
22821
23694
23867
23971
24033
24289
24340
24598
24652
24684
24689
24761
24831
25011
25192
25324
25820
26269
26347
26480
26537
26960
26971
27065
27104
27195
27352
27372
27690
27719
27725
27806
27814
27833
28072
28658
28776
28783
28982
28990
29304
29403
29625
29644
29963
30040
30441
30449
31073
31392
31873
31882
32217
32280
32290
32485
33180
33244
33448
33762
33815
33831
33833
33965
34017
34169
34235
34300
34367
34708
34818
34840
34907
34966
34996
35024
35080
35098
35114
35325
35364
35379
35403
35407
35651
35873
35909
35946
36082
36719
36726
36757
37281
37302
37678
37777
37907
37931
38013
38222
38274
38887
38983
39067
39205
39417
39459
39520
39669
39694
40055
40069
40309
40342
40432
40773
13
31
42
85
231
762
1111
1507
1508
1547
1632
1873
2253
2302
2443
2452
2580
2662
2747
2836
2975
3067
3069
3123
3396
3823
3927
3990
4245
4363
4409
4456
4484
4520
4675
4857
4919
4995
5044
5052
5082
5144
5168
5185
5302
5324
5451
5473
5745
5796
5856
5979
6046
6121
6158
6167
6201
6329
6375
6399
6579
6705
6754
6864
6933
7010
7064
7126
7164
7187
7318
7345
7586
8123
8224
8239
8304
8408
8481
8880
9005
9242
9456
9566
9612
9685
9718
9946
10191
10492
10534
10605
10626
10677
10741
10977
10994
11087
11095
11380
11562
11732
11748
11945
11973
12056
12368
12390
12457
13037
13099
13109
14039
14041
14245
14942
15132
15203
15304
15384
15697
15922
16093
16114
16228
16320
16440
16493
16570
16574
16644
16724
16761
16958
17192
17306
17327
17344
17354
17360
17563
17626
17641
17917
18863
18882
18891
18977
19333
19913
19934
20038
20056
20134
20286
20293
20337
20507
20618
20664
20827
20860
21078
21112
21184
21385
21412
21481
21549
21935
22012
22274
22336
23408
23494
23620
23873
23929
23948
24122
24169
24498
24721
24750
24867
24955
24980
25018
25067
25297
25686
25946
26232
26529
27210
27221
27353
27386
27521
27680
27801
27868
27925
28005
28038
28208
28769
28800
28878
28918
29228
29290
29327
29401
29410
29787
30008
30082
30169
30406
30764
31089
31394
31875
32177
32197
32454
32730
32771
32844
33278
33301
33337
33623
34011
34106
34109
34192
34242
34372
34610
34628
34896
35056
35128
35184
35327
35342
35360
35391
35541
35625
35957
36021
36296
36327
36594
36845
36881
37016
37226
37239
37311
37369
37509
37696
37815
37889
37913
37927
38225
38388
38521
38638
38703
38811
39084
39147
39455
39468
39533
39574
39978
40395
40537
40575
40606
40609
