40
382
719
792
819
951
1027
1076
1197
1202
1217
1397
1440
1479
1480
1492
2037
2104
2493
2553
2858
2892
2917
3160
3383
3451
3532
3623
3908
4282
4387
4602
4613
4639
4870
5074
5148
5465
5466
5503
5811
5812
5873
6026
6165
6313
6441
6517
6606
6654
7147
7158
7969
8079
8360
8424
8535
8566
8626
8644
8833
9072
9120
9154
9240
9593
9738
9979
9998
10131
10344
10728
10777
10867
10889
10927
11154
11225
11413
11609
11686
11711
11829
12071
12073
12245
12375
12407
12474
12571
12609
12631
12690
12893
12955
12985
13029
13104
13121
13126
13210
13624
13726
13742
13790
13884
14190
14306
14516
14599
14844
14886
15174
15349
15534
15710
16254
16293
16398
16411
16470
16959
17067
17097
17201
17265
17340
17522
17732
18076
18115
18121
18201
18580
18814
19151
19229
19291
19321
19423
19525
19624
19734
19799
19805
19903
20024
20104
20506
20537
21092
21134
21157
21167
21268
21287
21312
21411
21747
21770
21821
22246
22470
22528
22862
22935
23190
23971
24033
24173
24554
24571
24652
24761
24807
24831
25192
26040
26269
26347
26455
26715
26958
26960
27065
27372
27402
27569
27593
27690
27719
27725
27814
27833
28122
28554
28776
28931
28990
29403
29588
29599
29625
29836
29936
29963
30107
30331
30347
30441
30481
30697
30824
31004
31073
31097
31271
31473
31519
31637
31882
31893
32135
32152
32280
32485
32927
33448
33762
34017
34246
34300
34584
34621
34794
34818
34840
34884
34963
34966
34996
35024
35053
35098
35151
35364
35379
35403
35407
35589
35651
35769
35860
35873
35946
36329
36599
36757
36802
37390
37678
37777
37840
38013
38036
38103
38222
38273
38444
38605
38887
39082
39205
39577
40055
40069
40074
40229
40309
40342
40428
40432
40800
31
117
219
302
346
369
697
1088
1111
1181
1508
1632
1798
2318
2575
2737
2936
2975
3069
3093
3336
3350
3588
3818
3926
3927
4023
4245
4288
4456
4520
4529
4919
4991
4995
5025
5044
5052
5144
5163
5168
5250
5324
5451
5745
5856
5979
6046
6167
6194
6329
6469
6886
6933
7010
7126
7164
7231
7318
7503
8010
8105
8123
8217
8238
8304
8372
8408
8481
8541
8615
8618
8691
8713
8880
8923
9005
9066
9256
9456
9566
9612
9685
9697
9718
9922
9935
10191
10492
10534
10626
10677
10875
10977
10984
10994
11000
11041
11087
11095
11190
11247
11562
11732
11973
12056
12302
12457
13099
13109
13129
13445
14039
14041
14193
14688
14745
14899
14920
14942
15203
15515
15697
16093
16108
16297
16320
16434
16493
16570
16574
16761
16913
17136
17306
17332
17360
17500
17626
18175
18863
18882
18977
19216
19333
19353
19403
19614
19690
19913
19934
20015
20293
20406
20507
20618
20664
20813
20963
21078
21148
21203
21380
21481
21510
21549
21712
22012
22036
22519
22726
22888
23043
23205
23494
23620
23660
23873
23967
23990
24122
24169
24721
24750
24835
24867
24980
25067
25334
25465
26137
26232
26267
26529
26845
26978
27210
27221
27680
27801
27815
27839
28038
28327
28769
28800
29228
29290
29401
29410
29508
29722
30169
30764
31089
31103
31202
31394
32004
32629
32771
32844
33301
33337
33494
33701
34106
34192
34242
34369
34372
34923
34931
35056
35184
35278
35327
35342
35371
35391
35546
35768
35957
36021
36327
36481
36594
36724
36845
36881
37016
37239
37509
37560
37696
37714
37889
38055
38219
38226
38305
38388
38508
38521
38812
38889
39084
39455
40135
40457
40537
40563
40578
40606
40631
