11
382
792
819
951
1027
1060
1479
1480
1513
1535
1671
2037
2336
2553
2769
2784
2858
2861
2892
2917
3382
3383
3391
3532
3623
3937
4268
4269
4422
4554
4602
4613
4772
4870
5148
5466
5503
5811
5812
6165
6188
6190
6441
6517
6537
6654
6711
6982
7040
7158
7362
7969
8060
8079
8424
8510
8578
8644
8781
8833
8976
9047
9072
9240
9524
9809
10131
10279
10687
10725
10728
10777
11063
11139
11154
11204
11277
11413
11515
11553
11609
11658
11665
11686
11711
11764
11829
11830
12198
12245
12375
12407
12474
12512
12571
12690
12985
13104
13135
13203
13314
13518
13726
13744
13986
14228
14301
14308
14363
14516
14666
14844
14859
15059
15349
15480
16293
16308
16411
16603
16697
16844
16959
17067
17265
17522
17969
18076
18201
18256
18580
18751
18794
18814
18872
19229
19734
19799
19805
19903
20024
20225
20506
20770
20778
20876
21157
21167
21287
21411
21747
22010
22014
22094
22136
22418
22492
22763
22821
22823
23694
23867
24033
24340
24347
24375
24689
24807
24831
25192
25470
25801
26040
26072
26269
26347
26561
26580
26960
26971
26992
27065
27163
27195
27372
27402
27548
27569
27593
27814
27833
28473
28554
28658
28776
28783
28875
28990
29101
29152
29304
29403
29625
30107
30172
30347
30441
30449
30598
30660
30697
31019
31392
32005
32290
32296
32319
32869
32927
32931
33180
33749
33831
33833
34017
34020
34169
34246
34367
34621
34794
34818
34884
34966
34996
35017
35024
35053
35098
35325
35364
35403
35407
35424
35447
35589
35770
35860
35909
36051
36082
36329
36347
36506
36757
36802
37281
37302
37678
37777
37840
37931
38013
38036
38222
38255
38444
38887
38999
39067
39082
39205
39417
39449
39459
39487
39520
39694
39843
39939
40276
40309
40342
40432
40773
40800
31
42
219
231
302
346
762
1181
1547
1798
2253
2452
2662
2737
2810
2834
2836
2975
3067
3093
3113
3123
3336
3396
3572
3588
3627
3823
3927
4023
4245
4288
4456
4484
4529
4819
4857
4975
4991
4995
5082
5096
5163
5185
5250
5443
5451
5473
5792
5796
5979
6121
6167
6329
6375
6399
6864
6886
6933
7010
7064
7074
7164
7187
7586
7710
7717
8105
8123
8217
8239
8372
8481
8533
8541
8615
8691
8712
8923
8951
9005
9092
9161
9256
9550
9566
10077
10191
10492
10534
10677
10984
10994
11000
11041
11689
11748
11973
12056
12122
12310
12345
12723
13109
13445
13785
14041
14745
14835
14899
14901
14942
15132
15203
15348
15384
15424
15697
16093
16114
16228
16297
16320
16434
16440
16570
16761
16958
17136
17327
17344
17424
17563
17568
17626
17729
18175
18863
18882
19300
19353
19403
19690
19913
20015
20134
20136
20507
20600
20827
20860
21183
21385
21412
21468
21481
21488
21510
21712
22036
22274
22321
22336
22519
22544
22911
23180
23205
23408
23494
23967
24122
24169
24216
24427
24498
24750
24867
24917
24955
25067
25297
25368
25465
25600
26232
26529
26845
27353
27386
27521
27801
28005
28210
28511
28592
28769
28918
29228
29245
29290
29401
29410
29787
30082
30169
30337
30406
30474
30764
31103
31659
31997
32629
32730
32844
33213
33278
34106
34192
34325
34369
34372
34628
34923
35128
35327
35360
35371
35392
35546
35912
35966
36296
36418
36594
36845
36881
37239
37311
37369
37409
37418
37560
37815
37889
37913
37923
37927
37935
38081
38219
38225
38226
38305
38508
38521
38638
38789
39084
39978
40135
40185
40231
40395
40537
40575
40578
40606
40631
40680
