11
507
719
819
951
1027
1060
1163
1217
1479
1480
1492
1535
1671
2066
2553
2861
2892
2917
3055
3124
3160
3382
3383
3391
3451
3532
3623
3773
3816
3937
3999
4268
4387
4422
4554
4812
4979
5022
5024
5355
5466
5503
5760
5811
5873
6165
6188
6477
6537
6606
7040
7085
7147
7158
7963
8079
8360
8424
8480
8566
8594
8644
9072
9120
9154
9524
9593
9738
9809
9979
10171
10279
10593
10687
10725
10728
10927
10942
11063
11139
11204
11277
11515
11642
11711
11764
12071
12198
12245
12346
12407
12474
12493
12571
12609
12893
13029
13060
13121
13175
13190
13203
13210
13361
13518
13709
13742
13790
13833
13884
14091
14144
14306
14363
14516
14538
14599
14674
14915
15174
15349
15710
16254
16308
16398
16463
16470
16603
16844
17067
17201
17265
17934
17969
18201
18256
18472
18506
18580
18794
19151
19312
19422
19423
19624
20024
20466
20770
20778
20876
21134
21157
21287
21312
21411
21770
22010
22014
22136
22246
22297
22418
22470
22492
22528
22547
22862
22935
23080
23190
23240
23971
24033
24173
24347
24375
24571
24598
24652
24684
24689
24831
24866
24982
25011
25324
26040
26072
26269
26347
26951
26958
26960
26992
27372
27402
27690
27725
27748
27806
28072
28122
28473
28554
28658
28875
28931
29601
29625
29836
29925
29936
29963
30107
30172
30449
30481
30598
30660
30697
30824
31004
31019
31271
31392
31519
31601
31637
31873
31890
32005
32123
32135
32290
33244
33448
33749
33762
33833
33965
34039
34235
34246
34300
34367
34794
34840
35024
35053
35078
35080
35098
35151
35325
35364
35379
35403
35589
35651
35769
35860
35909
36051
36082
36329
36506
37777
37931
38013
38036
38103
38222
38274
38605
38628
38999
39067
39417
39449
39487
39520
39577
39587
39669
39939
40276
40428
40800
31
42
117
120
219
302
342
346
369
697
762
1088
1181
1507
1547
1739
1873
2253
2575
2580
2601
2662
2747
3067
3087
3396
3572
3588
3823
3926
3927
4023
4456
4484
4529
4675
4819
4857
4975
4991
4995
5052
5079
5096
5144
5163
5302
5443
5615
5745
5979
6121
6158
6201
6307
6329
6375
6469
6864
7064
7126
7164
7318
7586
8010
8105
8123
8224
8234
8239
8372
8533
8615
8618
8923
8951
9092
9242
9685
9697
9935
10492
10534
10541
10626
10677
10741
10905
10977
10984
10994
11041
11095
11247
11689
11945
12056
12302
12345
12368
12457
12723
13037
13077
13099
14039
14041
14193
14416
14745
14835
14890
14920
15515
15697
15922
16108
16228
16320
16380
16434
16440
16493
16761
16958
17136
17192
17306
17332
17563
17568
17577
17626
17641
17910
18668
18882
18977
19353
19614
19690
19913
19974
20038
20056
20134
20136
20286
20337
20344
20406
20600
20813
21049
21078
21203
21412
21455
21481
21510
21712
22036
22321
22336
22519
22544
22726
22888
23205
23408
23494
23873
23948
24122
24216
24498
24835
24867
25368
25600
25674
25946
26232
26267
27136
27210
27221
27353
27521
27839
28005
28208
28210
28592
28918
29228
29401
29470
29508
29722
30169
30337
30474
30764
31089
31194
31394
31808
32177
32771
32844
33033
33087
33213
33278
33301
33494
33623
34192
34242
34325
34369
34372
34896
35056
35327
35360
35391
35392
35541
35768
35957
36021
36293
36319
36327
36418
36594
36845
37016
37226
37239
37509
37593
37696
37714
37815
37889
37923
37935
38081
38219
38225
38305
38388
38638
38812
38889
38989
39866
39978
40151
40395
40537
40563
40575
40609
40631
40680
