11
382
719
756
792
951
996
1060
1163
1202
1397
1480
1535
2003
2037
2104
2336
2348
2459
2493
2553
2769
2784
2861
2892
3382
3391
3575
3908
4282
4387
4554
5074
5465
5466
5503
5811
5873
6188
6190
6313
6606
6654
7040
7147
7158
7261
7362
7835
7963
8079
8291
8424
8480
8510
8535
8626
8644
8976
9023
9047
9072
9738
10279
10344
10593
10687
10725
10777
10889
11154
11413
11642
11658
11665
11686
11764
11829
11965
12071
12346
12474
12493
12512
12631
12718
12955
12985
13029
13104
13135
13314
13397
13518
13624
13709
13833
13884
13986
14091
14516
14844
14859
14915
15349
15480
15710
16254
16293
16398
16603
16697
16844
16860
16959
17155
17444
17934
17969
18076
18115
18121
18201
18256
18338
18359
18506
18751
18794
18814
19151
19225
19291
19312
19805
19903
20506
20770
20778
20876
20938
21092
21134
21157
21248
21268
21287
21312
21411
21767
21821
22014
22094
22136
22297
22763
22821
22862
22935
23190
23867
23890
24033
24173
24289
24340
24571
24598
24761
24866
24982
25011
25801
26040
26072
26269
26277
26347
26715
26960
27065
27163
27352
27690
28122
28783
28875
28931
28982
28990
29304
29403
29599
29606
29625
29653
29760
29836
30040
30107
30172
30331
30598
30697
30824
31004
31019
31073
31087
31097
31271
31592
31601
31637
31882
31893
32152
32217
32280
32296
32927
32931
33274
33448
33815
33833
33965
34017
34246
34300
34367
34621
34777
34840
34907
34963
34966
35024
35114
35151
35255
35325
35364
35379
35403
35407
35424
35447
35589
35651
35873
36051
36347
36506
36599
37281
37390
37678
37800
37840
38013
38036
38222
38273
38274
38605
38628
38677
38983
39310
39449
39487
39520
39577
39843
40069
40276
40428
40773
40800
13
85
117
219
302
342
346
1111
1507
1508
1547
1632
1739
1798
1873
2443
2737
2810
2836
2936
3067
3069
3113
3123
3204
3495
3572
3818
3823
3927
3935
4288
4363
4409
4456
4529
4675
4857
4919
4991
4995
5025
5044
5144
5163
5168
5250
5443
5473
5615
5661
5856
5979
6046
6121
6158
6329
6469
6579
6754
6886
6933
7010
7064
7164
7187
7586
7710
7717
8010
8105
8217
8234
8304
8408
8481
8541
8563
8615
8618
8712
8880
8923
9066
9092
9161
9173
9242
9456
9550
9566
9612
9685
9697
9718
10534
10541
10605
10626
10741
10977
10984
11186
11190
11234
11247
11380
11973
12056
12122
12302
12310
13109
13129
13718
13875
14193
14245
14890
14899
14920
14942
15066
15203
15304
15348
15424
15922
16320
16440
16570
16644
16761
16913
17136
17192
17344
17424
17577
17626
17641
17729
17910
18175
19300
19333
19353
20015
20038
20134
20136
20337
20344
20406
20507
20600
20618
20664
20751
20813
20827
20860
20963
21078
21183
21385
21412
21455
21468
21935
22012
22036
22274
22321
22519
22710
22888
22911
23043
23620
23652
23929
23990
24122
24427
24835
24867
24955
25297
25334
25600
25674
25946
26267
26529
26978
27210
27353
27521
27801
27839
27925
28005
28038
28210
28878
29228
29245
29508
29722
29787
30008
30406
30474
31089
31165
31394
31659
31808
31933
32197
32454
32629
32730
33213
33337
33494
33515
34011
34192
34325
34610
34622
34628
34668
34896
34931
35278
35327
35360
35391
35392
35541
35912
36175
36293
36296
36327
36724
36845
36881
37226
37239
37311
37369
37409
37418
37696
37815
37913
37923
37927
38081
38219
38225
38388
38703
38789
38889
39127
39455
39866
39978
40151
40537
40563
40575
40784
