11
382
507
719
756
996
1027
1094
1197
1202
1412
1479
1492
1535
1671
1758
2037
2066
2784
2892
2917
3124
3383
3773
3830
3908
3937
3999
4185
4282
4428
4602
4812
4870
4979
5016
5355
5465
5466
5760
5811
5812
6165
6188
6537
6606
6711
7040
7362
7963
7969
8060
8079
8253
8626
8644
8781
8833
8976
9023
9120
9154
9240
9524
9795
9979
10129
10171
10271
10344
10593
10777
11204
11225
11277
11413
11515
11609
11658
11711
11764
11829
12073
12198
12407
12474
12493
12571
12893
12985
13029
13121
13126
13135
13203
13210
13299
13314
13397
13469
13726
13790
13833
13884
13986
14144
14301
14306
14308
14363
14516
14666
14674
14844
14915
15480
15534
15710
16308
16398
16470
16697
16844
16860
17097
17155
17265
17340
17444
17522
17934
17969
18076
18872
19008
19151
19225
19229
19291
19312
19422
19423
19624
20104
20225
20334
20466
20491
20506
20537
20778
20938
21123
21134
21157
21248
21767
21770
22014
22094
22418
22470
22492
22547
22763
22862
23867
24347
24554
24571
24652
24689
24761
24807
24982
25192
25324
25470
25780
25801
25820
26040
26072
26277
26561
26580
26715
26901
26960
26971
26992
27372
27569
27593
27690
27719
27725
27814
27833
28473
28658
28776
28875
28931
28982
28990
29101
29588
29599
29644
29653
29836
29936
29963
30040
30107
30172
30347
30481
30598
30660
30697
31004
31097
31271
31392
31473
31519
31592
31601
32290
32319
32908
32927
33274
33762
33833
33965
34020
34169
34246
34367
34584
34621
34708
34794
34818
34884
34966
35017
35053
35080
35098
35424
35873
35946
36329
36506
36599
36726
36757
36802
37390
37777
37840
37907
37931
38013
38255
38274
38605
38628
38677
39067
39082
39310
39449
39459
39520
39577
39669
40025
40074
40276
40342
40773
40800
13
31
42
120
219
231
302
342
346
369
697
762
1111
1507
1739
2302
2318
2443
2575
2580
2601
2810
2836
3067
3123
3350
3396
3495
3572
3588
3627
3823
3990
4023
4245
4288
4363
4409
4456
4529
4975
4991
4995
5025
5044
5052
5079
5168
5185
5661
5792
5979
6046
6121
6158
6194
6886
6933
7010
7074
7318
7345
7710
7717
8123
8239
8408
8481
8533
8615
8618
8691
8712
8713
8923
9092
9173
9242
9256
9456
9612
9624
9922
9935
10191
10534
10626
10677
10977
11087
11095
11186
11190
11234
11562
12122
12302
12390
12457
13037
13099
13109
13129
13445
13718
14039
14245
14688
14901
14920
14942
15304
15423
15515
15697
15922
16114
16228
16297
16380
16492
16493
16724
16913
16958
17306
17332
17354
17424
17568
17626
17917
18052
18668
18891
19216
19403
19614
19913
20056
20136
20286
20344
20406
20600
20827
20860
21049
21112
21148
21183
21184
21203
21380
21455
21481
21510
21549
21729
21935
22274
22888
22911
23494
23652
23660
23948
23967
24122
24169
24721
24867
24917
24955
24980
25018
25297
25368
25465
25600
25674
25686
26232
26267
26529
27136
27155
27210
27353
27386
27801
27815
27917
28769
28878
28918
29327
29787
30008
30082
30169
30474
30764
31103
31202
31765
32004
32098
32197
32629
32730
32771
32844
33033
33087
33301
33337
33515
33623
33701
34011
34192
34610
34628
34668
34896
34923
35056
35342
35360
35392
35541
35633
35768
35912
35966
36021
36293
36319
36327
36418
36845
36881
37016
37311
37369
37418
37509
37560
37593
37696
37889
37923
37935
38081
38219
38305
38789
38889
39147
39375
39455
39978
40151
40231
40457
40537
40578
40606
40609
40650
