11
382
507
719
819
951
1060
1076
1202
1440
1480
1492
1535
2336
2348
2459
2553
2572
2769
2784
2861
2917
3124
3160
3383
3532
3773
3816
3937
4269
4282
4602
4613
4812
4870
5022
5074
5355
5760
5812
6165
6313
6441
6517
6537
6711
6982
7085
7147
7158
7362
8079
8253
8360
8480
8566
8644
8781
9023
9072
9240
9654
9738
9795
9809
9979
10129
10131
10171
10271
10344
10687
10728
10867
10889
11139
11154
11225
11277
11413
11515
11553
11665
11686
11830
11965
12071
12073
12474
12493
12512
12609
12631
12893
12955
13121
13175
13203
13299
13469
13744
13986
14144
14190
14228
14301
14306
14363
14538
14666
14859
14886
14915
15174
15349
15480
15534
15710
16308
16411
16470
16603
16860
16959
17067
17097
17155
17265
17291
17340
17444
17522
17732
17780
17934
17969
18076
18115
18580
18751
19008
19225
19229
19624
19734
19805
20024
20225
20506
20770
20938
21004
21134
21167
21268
21287
21312
21747
21821
22010
22094
22136
22297
22338
22418
22492
22547
22821
22862
23694
23867
23890
23971
24289
24347
24375
24554
24652
24761
24807
24866
25192
25324
25780
25801
25820
26269
26277
26347
26580
26901
26951
26960
26971
27065
27104
27163
27195
27352
27372
27402
27690
27725
28072
28122
28776
29304
29599
29625
29653
29836
29925
29936
29963
30331
30441
30449
31073
31087
31097
31519
31592
31601
31873
31882
31893
32005
32319
32869
32927
32931
33180
33244
33448
33749
33762
33815
33831
34039
34169
34235
34300
34367
34621
34708
34794
34884
34907
34966
34996
35017
35080
35114
35255
35325
35379
35403
35407
35424
35447
35769
35860
35946
36051
36082
36719
36726
36757
36802
37281
37390
37678
37800
37840
37907
38013
38036
38103
38255
38605
38628
38950
38999
39082
39310
39417
39474
39487
39577
39669
39694
40025
40309
40428
40773
40800
13
85
120
302
697
1181
1547
1632
1798
2253
2318
2737
2836
2936
3087
3123
3204
3396
3495
3823
3926
4023
4409
4456
4529
4675
4778
4819
4975
5025
5044
5052
5082
5096
5144
5163
5302
5451
5473
5661
5792
5856
5979
6194
6469
6754
7010
7064
7074
7164
7187
7231
7345
7503
7586
7710
7717
8010
8105
8123
8238
8239
8304
8408
8533
8541
8563
8615
8691
8880
9005
9092
9242
9256
9550
9566
9612
9624
9697
10541
10605
10677
10905
10984
10994
11000
11087
11095
11186
11562
11973
12310
12368
12457
13129
14039
14901
15066
15203
15348
15423
15515
15697
15922
16093
16114
16228
16297
16440
16493
16570
16574
16913
16958
17192
17306
17327
17344
17354
17360
17563
17568
17641
17729
18175
18668
18882
18977
19353
19614
19934
20136
20286
20600
20664
20751
21078
21112
21183
21203
21412
21455
21468
21481
21488
21510
21549
21712
22336
22519
22894
23043
23180
23408
23652
23660
23873
23948
23990
24122
24867
24955
25067
25600
26137
26267
26529
26542
27155
27210
27221
27353
27386
27521
27680
27801
27917
28038
28208
28210
28327
28511
28592
28769
28800
28878
29327
29410
29508
29787
30051
30082
30169
31089
31103
31165
31194
31202
31659
31933
32098
32844
33033
33278
33515
33623
33701
34011
34106
34192
34242
34325
34369
34610
35056
35128
35360
35392
35541
35546
36319
36327
36418
36594
36724
36845
37016
37226
37239
37369
37509
37593
37696
37714
37923
38055
38081
38219
38225
38305
38388
38703
38811
38889
38989
39084
39127
39375
39468
39533
39574
39866
39978
40135
40151
40395
40563
40606
40609
40631
40650
40784
