382
719
756
792
951
996
1060
1076
1094
1163
1440
1480
1492
1513
1671
1758
2003
2066
2336
2459
2553
2572
2769
2861
2917
3055
3160
3383
3451
3623
3773
3816
3908
3937
4264
4269
4282
4554
4613
4639
4772
4812
4870
5022
5074
5148
5355
5812
5873
6026
6188
6441
6477
6517
7147
7158
7362
7435
7963
8060
8480
8510
8578
8626
8781
9023
9047
9072
9809
9979
9998
10279
10593
10777
10942
11063
11204
11277
11413
11642
11665
11686
11711
11829
12073
12198
12245
12346
12375
12474
12893
12955
12985
13029
13060
13104
13135
13175
13190
13203
13210
13299
13314
13361
13624
13726
13742
13744
13833
14144
14228
14306
14308
14674
15174
15349
15710
16293
16411
16603
16844
17097
17155
17201
17265
17340
17444
17780
18115
18121
18338
18359
18472
18751
18794
18814
19008
19151
19291
19799
19805
19903
20024
20104
20491
20778
20876
21157
21248
21747
21767
22010
22094
22246
22297
22338
22418
22470
22528
22821
23240
23867
23890
24033
24173
24554
24652
24689
24831
24982
25011
25192
25780
26072
26269
26347
26455
26480
26537
26580
26958
27065
27104
27163
27195
27372
27402
27569
27593
27690
27719
27748
27806
28072
28658
28783
28931
28982
28990
29101
29152
29403
29599
29601
29606
29653
29760
29936
29963
30040
30107
30331
30347
30660
30824
31019
31097
31473
31592
31601
31873
31893
32005
32135
32280
32296
32485
32869
33274
33762
33815
33831
33965
34017
34020
34039
34169
34300
34777
34884
34996
35017
35053
35078
35080
35114
35424
35447
35860
35873
36051
36082
36347
37302
37800
37840
37931
38013
38036
38255
38273
38444
38605
38628
38950
39082
39310
39520
39572
39587
39669
39843
39939
40025
40229
40773
40800
13
120
219
231
346
369
762
1507
1739
1798
1873
2253
2318
2443
2575
2580
2601
2810
2936
3067
3069
3087
3123
3350
3396
3495
3588
3823
3926
3927
3935
4023
4288
4363
4484
4520
4675
4778
4819
4919
5025
5052
5079
5144
5168
5250
5302
5615
5745
5792
6046
6121
6194
6307
6375
6579
6754
6864
7064
7126
7187
7231
7503
7586
7710
8010
8105
8123
8224
8234
8238
8304
8481
8533
8563
8615
8618
8691
8713
9005
9161
9256
9456
9550
9624
10191
10492
10541
10677
10741
10977
10994
11041
11087
11095
11190
11247
11380
11562
11598
11689
11732
11973
12056
12122
12302
12368
12457
12746
13037
13077
13099
13109
13129
13445
13718
13785
14193
14245
14688
14745
14835
14901
14942
15066
15132
15203
15304
15423
16093
16114
16228
16297
16380
16434
16574
16761
16913
16958
17332
17344
17354
17563
17577
17729
17917
18052
18863
18882
18891
18977
19216
19300
19333
19353
19403
19614
19913
20056
20136
20286
20293
20337
20344
20406
20507
20618
20751
20813
20827
20860
21148
21184
21203
21380
21385
21412
21455
21468
21510
21712
21935
22012
22036
22336
22519
22888
22894
22911
23652
23929
23948
23967
24216
24427
24721
25018
25067
25297
25334
25674
26529
27136
27198
27221
27353
27386
27801
27839
27925
28208
28592
28800
29228
29290
29410
29470
29722
29787
30051
30169
30406
30474
30967
31394
31765
31997
32098
32177
32197
32629
33033
33213
33494
33515
33623
34192
34242
34325
34369
34628
34668
34931
35278
35391
35625
35768
35957
35966
36175
36481
36594
36724
36845
37016
37226
37311
37369
37418
37560
37696
37913
37935
38219
38226
38388
38811
38812
38989
39127
39375
39455
39468
39866
40135
40231
40395
40575
40631
40680
40784
