382
507
819
996
1060
1076
1163
1197
1202
1397
1412
1479
1492
1535
2003
2066
2104
2459
2493
2553
2769
2892
3055
3160
3391
3575
3908
3937
3999
4282
4387
4554
4602
4613
4639
4772
4812
5024
5074
5466
5503
5811
5873
6165
6190
6517
6606
6711
7040
7147
7158
7963
8253
8291
8360
8480
8510
8535
8578
8626
8644
8833
9120
9154
9654
9695
9738
9795
9809
9979
9998
10279
10593
10777
10867
10889
11277
11553
11642
11830
11965
12071
12073
12346
12375
12407
12474
12609
12631
12893
12985
13029
13104
13126
13190
13203
13314
13397
13518
13624
13709
13742
13744
13884
14190
14301
14306
14308
14363
14538
14886
14915
15059
15174
15349
15480
15534
16398
16463
16470
16603
16697
17067
17291
17340
17444
17522
17780
17969
18076
18115
18201
18256
18338
18359
18472
18751
18794
19008
19291
19423
19525
19903
20104
20225
20334
20491
20506
20537
20770
21157
21167
21248
21268
21411
21767
21770
22010
22094
22136
22297
22528
22547
22763
22935
23971
24033
24289
24340
24375
24652
24689
24807
24982
25780
25820
26072
26277
26480
26561
26715
26901
26951
26992
27104
27548
27569
27719
27725
27748
27806
27814
28072
28122
28875
28931
28982
28990
29101
29152
29304
29403
29599
29625
29644
29760
29836
29925
29936
29963
30040
30331
30347
30441
30598
30660
30697
31097
31519
31601
31637
31882
32005
32152
32296
32319
32485
32908
32927
33762
33815
33831
33833
33965
34017
34169
34246
34300
34367
34777
34818
34963
34966
35078
35151
35255
35403
35769
35873
35946
36051
36082
36329
36726
36802
37302
37678
37840
38013
38036
38103
38255
38605
38677
38887
38983
39067
39487
39577
39669
40025
40055
40069
40074
40342
40432
40800
31
85
120
219
231
346
762
1088
1547
1739
1798
1873
2253
2318
2452
2575
2580
2662
2834
2936
3069
3087
3123
3336
3396
3627
3818
3823
3926
3935
4023
4245
4288
4363
4456
4520
4529
4675
4919
4991
4995
5025
5144
5168
5185
5250
5443
5661
5745
5796
6046
6201
6307
6329
6399
6754
6864
6886
7010
7164
7187
7318
7345
7503
7586
7710
8010
8238
8304
8372
8408
8481
8615
8712
8923
9092
9566
9624
9697
9946
10191
10605
10626
10677
11000
11041
11095
11186
11190
11234
11380
11732
11945
12345
12390
12723
13077
13109
13445
13718
13785
13875
14039
14688
14835
14899
14942
15066
15132
15203
15304
15384
15424
16093
16108
16297
16434
16440
16570
16574
16761
16958
17306
17354
17424
17568
17626
17641
17729
17910
17917
18052
18668
18863
18977
19216
19614
19690
19913
19974
20134
20136
20286
20293
20337
20344
20406
20600
20751
20813
20827
20860
20963
21049
21078
21148
21203
21380
21385
21412
21455
21481
21488
21510
21549
21935
22012
22036
22336
22544
22726
22911
23043
23652
23873
23929
23967
24169
24216
24427
24721
24955
24980
25018
25067
25334
25686
26137
26232
26267
26529
26542
26845
26978
27136
27155
27198
27210
27221
27353
27521
27801
27839
27868
28208
28210
28327
28592
28878
29228
29290
29327
29401
29508
29722
29787
30051
30082
30169
30337
31103
31165
31194
31202
31765
31875
31933
31997
32004
32177
32629
32730
33301
33337
33623
33701
34106
34109
34372
34622
34668
34923
35184
35278
35327
35360
35768
35912
35966
36319
36594
36845
37226
37311
37509
37560
37593
37913
37927
38055
38081
38225
38226
38305
38703
38789
38811
39084
39127
39375
39455
39533
39574
40185
40395
40457
40563
40578
40606
40609
40631
