40
719
1060
1094
1197
1202
1479
2066
2459
2769
2858
2917
3055
3124
3160
3382
3383
3391
3773
3816
3908
4185
4268
4282
4387
4428
4554
4602
4639
4772
5016
5024
5148
5465
5466
5812
6026
6190
6537
6982
7040
7147
7158
7261
7435
7835
8079
8253
8535
8566
8578
8626
8976
9120
9154
9240
9795
9809
9998
10171
10279
10728
10777
10867
11063
11277
11609
11665
11686
11711
12198
12375
12474
12571
12609
12893
12955
12985
13104
13210
13299
13469
13709
13726
13742
13744
13833
14144
14190
14301
14363
14538
14599
14674
14859
14886
15349
16398
16463
16697
16860
16968
17155
17201
17340
17444
17732
17780
17934
17969
18115
18359
18506
18580
18751
18814
19008
19422
19423
19525
19624
19734
19799
19805
19903
20104
20466
20491
20506
20537
20876
20938
21157
21248
21287
21411
21612
21767
21770
21821
22014
22136
22297
22338
22418
22528
22547
22862
23080
23240
23867
23890
24033
24173
24340
24347
24375
24554
24571
24684
24761
24807
24831
24866
24982
25011
25324
25470
26072
26277
26455
26480
26951
26958
26960
26971
27163
27195
27352
27402
27548
27690
27719
27725
27748
27814
27833
28122
28554
28759
28776
28783
28931
28990
29152
29588
29601
29606
29644
29760
29836
29936
30040
30172
30347
30441
30660
30824
31073
31087
31097
31637
31873
31882
31890
31893
32005
32152
32290
32931
33244
33274
33749
33833
33965
34020
34246
34300
34884
35024
35053
35114
35255
35364
35379
35403
35447
35651
35860
36082
36329
36347
36506
36599
37302
37390
37678
37777
37931
38013
38036
38103
38274
38628
38677
38887
38999
39082
39205
39310
39449
39459
39474
39487
39520
39577
39587
39843
40025
40069
40342
40428
40773
40800
31
42
120
219
231
302
369
697
762
1507
1739
1873
2253
2452
2575
2580
2601
2662
2737
2834
3093
3113
3123
3336
3350
3495
3588
3627
3818
3926
3935
4023
4245
4288
4363
4456
4484
4520
4919
5082
5144
5185
5250
5302
5324
5615
5661
5792
5856
6167
6201
6375
6469
6579
6705
6864
6886
6933
7010
7074
7126
7164
7345
7586
8123
8224
8234
8238
8239
8372
8615
8618
8712
8713
8923
8951
9005
9066
9092
9256
9550
9612
9624
9697
9718
9922
9935
9946
10191
10541
10677
10977
10984
11000
11186
11190
11234
11247
11380
11598
11689
11748
11973
12302
12723
12746
13718
13785
13875
14745
14835
14920
15066
15348
15423
15424
15515
16093
16108
16297
16380
16434
16440
16492
16493
16570
16574
16913
16958
17192
17332
17360
17563
17568
17626
17641
17729
17917
18175
18863
18891
18977
19353
19403
19614
19934
20015
20286
20337
20406
20618
20664
20751
20827
21078
21112
21183
21203
21455
21468
21488
21712
21729
22012
22036
22274
22321
22726
22894
22911
23043
23205
23494
23652
23660
23873
23929
23948
23990
24750
24835
24867
24917
25067
25297
25334
25368
25600
25674
25686
26137
26267
26529
27136
27155
27198
27353
27386
27521
27815
27868
27917
28208
28210
28511
28878
29228
29245
29290
29327
29508
29722
29787
30008
30082
30169
30337
30406
30474
30967
31089
31165
31394
31659
31765
31933
31997
32177
32730
32771
33033
33087
33337
33494
33515
34106
34109
34325
34610
34622
34668
34896
34931
35056
35128
35184
35278
35327
35342
35360
35391
35541
35546
35625
35633
35957
35966
36021
36175
36319
36327
36481
36594
36881
37239
37409
37560
37593
37696
37714
37815
37923
37935
38055
38225
38703
38811
39127
40135
40151
40457
40578
40680
40784
