11
40
507
756
792
819
951
996
1060
1094
1163
1197
1397
1513
1671
2003
2037
2066
2572
2784
2861
3160
3382
3383
3451
3623
3908
3937
3999
4387
4422
4428
4613
4639
4812
4870
5016
5022
5148
5355
5465
5811
5812
5873
6165
6188
6190
6313
6441
6606
6654
6982
7040
7085
7147
7435
7835
8253
8360
8480
8510
8626
8644
8976
9072
9593
9654
9979
10344
10593
10687
10725
10728
10942
11063
11154
11413
11515
11553
11609
11642
11665
11686
11829
11830
12073
12245
12375
12474
12571
12690
12718
12893
12955
13029
13121
13126
13175
13190
13210
13299
13361
13518
13624
13742
13744
13790
13986
14190
14306
14538
14599
14674
14844
14915
15059
15480
16308
16398
16470
16697
16844
16860
16968
17097
17265
17340
17522
18115
18201
18256
18472
18751
18794
18814
19291
19312
19321
19422
19423
19734
19799
20104
20225
20466
20491
20770
20876
21092
21167
21612
21747
21767
21770
21821
22010
22014
22136
22297
22338
22418
22492
22528
22547
22763
22823
22935
23080
23190
23694
23867
23890
24340
24375
24554
24571
24598
24689
25011
25801
26040
26072
26277
26347
26455
26480
26561
26901
26951
27065
27163
27195
27352
27372
27548
27569
27690
27725
27748
27806
27814
28122
28658
28759
28776
28783
28875
28982
29304
29588
29760
29836
29925
29963
30331
30347
30481
30660
30824
31004
31087
31271
31473
31519
31873
31882
32005
32123
32217
32296
32319
32869
32908
32927
33180
33244
33274
33448
33762
33965
34020
34169
34246
34367
34777
34884
34907
34996
35017
35080
35098
35151
35325
35364
35379
35403
35407
35447
35589
35651
35860
35873
35946
36506
36599
36719
36757
37390
37777
37800
37907
38013
38036
38103
38274
38444
38605
38887
38950
38999
39067
39310
39417
39474
39572
39587
39694
40025
40229
40276
40342
40773
85
117
342
697
1111
1507
1632
1798
1873
2443
2452
2601
2936
2975
3087
3093
3495
3588
3627
3926
3927
3935
4245
4456
4484
4529
4675
4778
4991
5044
5096
5144
5163
5661
5745
5792
5796
5856
5979
6121
6167
6194
6201
6375
6469
6886
6933
7074
7318
7586
7710
7717
8105
8123
8238
8239
8533
8541
8615
8618
8712
8880
9005
9173
9242
9566
9612
9624
9685
9922
9935
9946
10077
10191
10534
10605
10626
10875
10984
10994
11087
11380
11598
11689
11732
11748
11945
11973
12122
12310
12368
12390
12457
13099
13445
13718
13785
14041
14193
14245
14416
14688
14745
14890
14899
14901
14942
15066
15132
15304
15348
15423
15922
16114
16297
16320
16434
16492
16493
16761
16913
17306
17327
17344
17563
17577
17626
17729
17910
17917
18175
18668
18863
18882
18977
19333
19353
19403
19614
19913
19934
19974
20056
20136
20286
20344
20600
20827
20963
21078
21183
21380
21385
21455
21468
21510
21712
21935
22321
22519
22710
22911
23180
23408
23494
23652
23660
23873
23929
23967
23990
24169
24721
24835
24917
24955
24980
25465
25946
26529
26845
27198
27210
27221
27386
27839
27868
27917
28005
28511
28800
28918
29290
29410
29470
29722
30051
30082
30406
30474
31089
31103
31165
31394
31659
32004
32098
32454
32730
32844
33033
33213
33701
34011
34242
34369
34610
34668
34923
34931
35128
35371
35391
35392
35633
35957
35966
36175
36293
36296
36319
36327
36418
36481
36594
37016
37226
37239
37311
37409
37560
37696
37714
37913
37923
38055
38226
38305
38388
38508
38521
38638
38703
38811
39084
39127
39375
39468
39533
40231
40395
40575
40609
40631
40650
40784
