11
507
719
792
951
996
1397
1440
1480
1513
1535
1671
2003
2037
2104
2336
2348
2459
2769
2858
2861
2892
3160
3575
3773
3816
3830
3908
3937
4185
4268
4602
4772
4979
5465
5466
5760
5811
5812
5873
6165
6190
6441
6477
6517
6606
6654
6711
6982
7085
7362
7969
8060
8291
8424
8510
8578
8781
8833
9023
9072
9120
9154
9593
9738
9795
9998
10593
10725
10777
10927
11063
11139
11154
11204
11515
11553
11965
12245
12346
12375
12407
12493
12512
12571
12631
12718
12893
13029
13060
13104
13175
13190
13299
13518
13624
13726
13744
13986
14091
14228
14301
14308
14363
14516
14599
14886
14915
15534
15710
16398
16470
16603
16697
16844
16860
16968
17067
17097
17155
17265
17291
17444
17732
17780
17934
18076
18115
18121
18338
18359
18580
18751
18794
18814
19151
19225
19229
19291
19321
19525
19624
19734
19805
19903
20104
20225
20334
20491
20537
20778
20876
21004
21092
21123
21248
21312
21612
21747
22010
22014
22136
22246
22297
22823
23080
23190
23240
23694
23867
24173
24289
24340
24347
24554
24571
24761
25324
25780
25820
26040
26277
26455
26561
26580
26951
26958
27065
27104
27195
27352
27569
27748
27806
27814
28072
28473
28658
28759
28875
28931
28982
29152
29403
29588
29606
29625
29653
29925
29963
30040
30172
30347
30697
30824
31019
31087
31271
31392
31473
31519
31592
31601
31637
31873
31882
31893
32005
32152
32296
32485
32869
32908
32927
33274
33749
33762
33815
33831
33965
34017
34020
34169
34246
34584
34794
34818
34840
34963
34966
34996
35024
35078
35098
35114
35151
35325
35379
35403
35407
35589
35651
35769
35770
35860
35873
35909
35946
36082
36329
37302
37777
37840
38013
38036
38103
38273
38274
38444
38628
38950
38983
38999
39067
39310
39449
39572
39694
40055
40069
40229
40276
40309
40342
40773
85
219
231
697
1088
1111
1181
1507
1547
1739
1798
2318
2575
2580
2662
2737
2747
2836
3069
3087
3093
3204
3336
3627
3818
3926
3927
3935
4245
4288
4363
4409
4520
4529
4778
4919
4975
4995
5052
5096
5144
5324
5443
5451
5745
5856
6121
6194
6201
6307
6375
6399
6469
6579
6754
7126
7164
7231
7318
7503
7710
8123
8217
8234
8238
8239
8304
8533
8563
8691
9005
9092
9161
9256
9456
9612
10077
10677
10905
10977
11041
11190
11234
11973
12056
12345
12390
12746
13077
13099
13129
13718
13785
13875
14039
14193
14688
14835
14890
14901
14920
15066
15203
15304
15348
15515
15697
16108
16297
16380
16440
16492
16493
16574
16761
16958
17136
17306
17332
17360
17626
17910
17917
18052
18175
18863
18891
18977
19300
19403
19974
20015
20134
20136
20344
20406
20664
20751
20813
20860
21049
21078
21112
21183
21184
21385
21455
21468
21549
21712
22274
22336
23408
23620
23660
23873
23990
24122
24427
24867
24917
24955
24980
25018
25067
25368
26232
26978
27155
27198
27521
27680
27815
27868
27925
28005
28208
28327
28592
28918
29290
29410
29722
30051
30082
30169
30337
30967
31165
31659
31808
31875
32004
32098
32629
33033
33087
33213
33301
33494
33515
33701
34109
34192
34242
34325
34369
34610
34628
34668
34896
34931
35128
35278
35327
35360
35371
35391
35392
35546
35768
35912
35957
36021
36319
36418
36724
36845
36881
37016
37409
37418
37560
37714
37889
37913
37927
37935
38055
38081
38305
38508
38521
38638
38703
38789
38811
38812
39147
39375
39468
39866
40135
40185
40231
40395
40457
40563
40575
40578
40609
40631
40680
