11
40
382
756
792
819
951
996
1027
1060
1076
1094
1163
1197
1202
1397
1412
1440
1535
1671
1758
2037
2104
2459
2553
2572
2784
3160
3451
3575
3623
3773
3908
4185
4268
4554
4613
4772
4870
4979
5022
5466
5760
6026
6188
6190
6517
6537
6606
6654
7158
7835
7969
8079
8253
8291
8424
8578
8594
8626
8644
8781
8833
8976
9023
9072
9120
9240
9524
9593
9654
9695
9795
9809
9998
10279
10777
10867
10889
11063
11154
11204
11277
11515
11553
11609
11658
11711
11829
11830
11965
12071
12245
12346
12375
12407
12474
12571
12631
12893
12985
13029
13121
13135
13175
13210
13299
13314
13469
13726
13742
13744
13833
13884
14190
14228
14308
14516
14666
14844
14886
15174
15480
15534
15710
16254
16293
16411
16463
16470
16603
16697
16844
17067
17201
17265
17291
17444
17522
18201
18338
18359
18472
18580
18751
18794
18814
18872
19225
19291
19312
19422
19525
19624
19734
19799
19903
20466
20506
20770
20778
21123
21134
21157
21167
21248
21287
21612
21747
21770
22014
22094
22297
22338
22492
22528
22763
22821
22823
22935
23080
23190
23867
23971
24033
24340
24347
24375
24554
24571
24598
24652
24684
24807
24831
24982
25192
25324
25801
25820
26537
26580
26901
26960
26992
27352
27372
27593
27725
27806
27814
27833
28072
28122
28473
28658
28776
28783
28875
28931
28982
28990
29304
29588
29625
29653
29760
29936
30040
30107
30441
30449
30481
30660
30697
31004
31073
31271
31519
31890
32123
32485
32927
33180
33244
33448
33749
33815
33833
33965
34039
34169
34708
34818
34884
35017
35024
35078
35098
35114
35151
35379
35407
35589
35651
35909
35946
36051
36329
36347
37281
37390
37777
37907
38013
38222
38274
38444
38605
38677
38887
39067
39082
39205
39459
39487
39572
39694
39939
40025
40074
40276
31
117
231
697
1088
1181
1547
1798
1873
2253
2443
2452
2575
2662
2810
2834
2936
2975
3067
3123
3204
3336
3572
3588
3927
3935
4023
4288
4363
4456
4675
4778
4857
4919
4975
4991
4995
5025
5044
5079
5096
5144
5185
5250
5302
5324
5615
5661
5796
6158
6201
6307
6329
6375
6469
6579
6886
7164
7187
7231
7586
7710
7717
8010
8105
8123
8217
8224
8239
8304
8481
8563
8615
8618
8712
9005
9161
9256
9456
9624
9697
9718
9935
10077
10541
10626
10677
10875
10984
10994
11000
11041
11087
11095
11190
11247
11598
11689
11945
11973
12056
12122
12302
12345
12368
12746
13077
13129
13875
14193
14416
14688
14745
14899
14942
15132
15203
15384
15423
15424
15515
15697
16108
16114
16228
16297
16320
16380
16434
16492
16493
16570
16574
16913
17136
17192
17306
17360
17577
17641
17729
18668
18891
19216
19353
19614
20015
20134
20136
20406
20664
20860
20963
21049
21078
21148
21183
21203
21385
21468
21510
21549
22036
22274
22321
22336
22726
22888
22894
23205
23620
23873
23948
24427
24498
24721
24867
24955
24980
25297
25334
25465
25600
26137
26232
26267
26529
26542
26845
26978
27198
27221
27353
27521
27815
27868
27917
27925
28038
28210
28800
28878
28918
29228
29327
29410
29470
30051
30764
30967
31103
31165
31202
31808
32629
32730
32771
33033
33213
33278
33301
34369
34668
35056
35278
35342
35360
35541
35546
35633
35768
35912
36021
36175
36293
36296
36319
36418
36481
36724
36845
36881
37509
37593
37714
37815
37923
37927
37935
38055
38225
38521
38789
38812
38989
39147
39468
39574
40151
40185
40395
40563
40575
40578
40609
40680
