40
792
819
951
1027
1060
1094
1163
1197
1217
1397
1412
1535
1671
1758
2066
2336
2348
2459
2493
2553
2861
2892
3773
3908
4264
4268
4269
4282
4422
4428
4554
4602
4639
4772
4870
4979
5022
5074
5148
5465
5760
5811
5873
6026
6441
6537
6606
6654
6711
6982
7085
7147
7158
7261
7835
7969
8291
8360
8480
8578
8594
8626
8644
8976
9120
9695
9738
9795
9979
10131
10279
10593
10687
10777
10867
10889
11139
11154
11225
11515
11609
11642
11686
11965
12073
12245
12346
12571
12609
12631
12690
12955
12985
13203
13299
13314
13361
13469
13624
13726
13790
14091
14301
14308
14516
14538
14599
14674
14859
14886
15059
15480
15534
15710
16254
16293
16398
16411
16697
16860
16959
17067
17097
17155
17201
17340
17780
17934
18076
18115
18121
18201
18338
18472
18872
19229
19291
19312
19321
19422
19525
20024
20334
20537
20770
20778
21004
21123
21167
21248
21268
21411
21747
21821
22010
22014
22246
22297
22338
22418
22492
22763
23694
23867
24033
24289
24347
24375
24554
24571
24652
24684
24689
24831
24866
24982
25011
25192
25780
25820
26040
26072
26269
26347
26580
26951
26960
26971
26992
27065
27195
27372
27402
27548
27569
27719
27725
27806
27814
27833
28122
28554
28776
28875
28931
28982
28990
29152
29304
29588
29599
29606
29644
29836
29925
29936
30107
30441
30449
30598
30660
31019
31073
31271
31392
31592
31873
32005
32123
32135
32152
32217
32296
32908
32927
32931
33448
33749
33762
34017
34039
34169
34235
34367
34584
34708
34840
34884
34963
35024
35053
35255
35407
35424
35447
35589
35651
35769
35860
35873
35909
36051
36082
36599
36719
36757
36802
37281
37302
37777
37800
37907
37931
38013
38036
38103
38222
38255
38444
38628
38677
38887
38999
39082
39449
39487
39520
39577
39587
40074
40276
40309
40428
40800
13
31
117
120
369
1088
1181
1507
1798
2443
2452
2747
2834
2836
3067
3087
3093
3123
3336
3350
3572
3823
3927
3935
4023
4245
4456
4520
4819
5025
5079
5096
5144
5168
5250
5661
5745
5792
5979
6046
6167
6201
6705
6933
7010
7074
7187
7717
8217
8224
8238
8239
8618
8712
9066
9173
9242
9256
9456
9550
9566
9624
9685
9718
9922
10534
10605
10626
10741
10905
10977
11000
11041
11186
11234
11247
11380
11562
11689
11732
11748
11973
12056
12122
12302
12310
12345
12457
12723
12746
13099
13129
13445
13785
14039
14416
14688
14835
14890
14899
14920
14942
15304
15384
15922
16093
16114
16297
16320
16493
16574
16724
17136
17306
17344
17354
17424
17563
17568
17577
17626
17641
18052
18882
19216
19333
19403
19913
19934
20015
20038
20056
20134
20286
20344
20406
20600
20618
20664
20813
20860
21183
21184
21380
21412
21468
21481
21488
21729
21935
22012
22911
23180
23205
23408
23620
23873
23929
23948
23967
24169
24216
24427
24721
24867
24955
24980
25067
25334
25368
25600
25946
26137
26232
26845
27136
27155
27198
27210
27353
27386
27521
27680
27801
27815
27839
27868
27917
27925
28038
28208
28210
28800
28878
29228
29290
29410
29508
29787
30008
30474
30764
31089
31765
31875
32098
32177
32454
32730
32844
33033
33087
33213
33278
33301
33337
34109
34192
34325
34923
34931
35128
35327
35342
35360
35391
35392
35541
35912
35957
36175
36293
36319
36594
36881
37016
37226
37593
37696
37714
37815
37913
37923
38055
38081
38789
38889
38989
39127
39375
39455
39468
39533
39866
39978
40185
40395
40537
40575
40609
40631
40680
40784
