11
382
507
756
951
1027
1060
1076
1197
1440
1479
1480
1492
2336
2459
2769
2784
2892
2917
3382
3383
3532
3830
3908
3937
3999
4268
4387
4870
5016
5022
5024
5074
5355
5465
5503
5760
6026
6165
6313
6477
6517
6537
7040
7085
7362
7435
7835
7963
7969
8079
8253
8360
8480
8510
8535
8566
8833
8976
9023
9047
9072
9120
9240
9524
9593
9654
9738
9795
9809
9998
10129
10171
10271
10344
10725
10728
10867
10889
10927
11139
11413
11553
11609
11665
11711
11830
12071
12198
12245
12346
12375
12493
12893
12985
13029
13060
13121
13175
13203
13299
13518
13624
13726
13790
13884
13986
14091
14190
14306
14308
14363
14666
14674
14886
15059
15174
15349
15710
16254
16308
16398
16463
16603
17201
17265
17444
17969
18076
18121
18338
18472
18580
18751
19008
19151
19312
19321
19423
19525
19734
20104
20225
20334
20506
20778
20938
21004
21092
21134
21167
21268
21287
21312
21767
21770
22010
22014
22094
22136
22338
22470
22492
22547
22763
22823
22935
23080
23867
23971
24347
24375
24554
24652
24807
24866
25011
25192
25324
25470
26040
26072
26277
26347
26480
26537
26561
26715
26901
26960
26971
27195
27352
27548
27719
27748
28122
28554
28776
28875
28931
28982
29101
29152
29304
29403
29599
29601
29606
29936
29963
30449
31073
31097
31271
31473
31519
31601
31637
31882
31893
32005
32123
32135
32217
32280
32296
32869
34020
34039
34300
34367
34621
34884
34907
34963
34966
35017
35078
35114
35255
35325
35424
35447
35589
35873
35909
35946
36051
36347
36506
36599
36726
36757
37281
37302
37777
38036
38222
38274
38444
38677
38950
38983
38999
39067
39205
39417
39449
39459
39487
39520
39572
39669
39694
40074
40276
40800
13
31
42
117
219
231
369
697
1088
1111
1181
1507
1508
1739
2302
2443
2575
2662
2747
2834
2836
3113
3204
3336
3350
3823
3926
3927
3935
4245
4409
4456
4520
4529
4675
4819
4857
4919
4975
4995
5025
5044
5052
5163
5185
5302
5443
5473
5615
6121
6158
6167
6194
6201
6399
6579
6886
7064
7074
7187
7318
7586
7710
7717
8105
8217
8234
8239
8304
8372
8408
8533
8541
8618
8712
9066
9092
9161
9173
9550
9566
9685
9697
9922
10077
10492
10534
10984
10994
11041
11087
11190
11234
11562
11732
11945
12056
12310
12345
12457
12746
13037
13077
13109
13129
13785
13875
14039
14245
14416
14688
14899
14942
15066
15132
15304
15384
15922
16093
16108
16320
16440
16574
16724
16761
16913
16958
17192
17344
17360
17424
17563
17577
17641
17729
18175
18668
18882
18891
18977
19216
19300
19614
19974
20038
20056
20134
20344
20600
20664
20751
21078
21112
21148
21184
21203
21380
21412
21455
21510
21712
21729
22012
22036
22519
22544
22710
22726
22888
23043
23180
23205
23620
23652
23929
23948
23990
24169
24750
24835
24917
24980
25067
25334
25368
25465
25600
26137
26529
26542
26845
27136
27155
27198
27210
27353
27386
27680
27815
27917
27925
28005
28038
28208
28210
28327
28800
28918
29228
29245
29290
29410
30051
30474
31089
31194
31659
31765
31808
31997
32004
32177
32454
32730
32771
33213
33301
33337
33494
33515
33701
34106
34192
34325
34369
34610
34668
34896
34931
35327
35342
35360
35371
35391
35546
35633
35768
35912
35957
36021
36319
36327
36418
36845
36881
37409
37418
37593
37696
38081
38219
38305
38388
38508
38889
38989
39127
39455
39468
39533
39574
39866
39978
40135
40151
40578
40606
40631
40650
40784
