382
719
819
996
1027
1060
1412
1479
1492
1513
1535
2003
2336
2348
2459
2572
2784
2917
3124
3160
3391
3451
3773
4264
4268
4387
4428
4554
4613
4812
4870
5465
5503
5760
5812
5873
6188
6190
6313
6441
6477
6606
6711
7040
7147
7435
7963
7969
8060
8079
8291
8360
8424
8480
8535
8566
8626
8644
8781
8833
9120
9240
9593
9654
9695
9738
9795
9979
9998
10129
10171
10279
10687
10725
10777
10889
10927
11063
11139
11277
11609
11642
11665
11686
11764
11829
12198
12346
12375
12474
12512
12609
12690
12718
12955
13029
13060
13135
13175
13190
13203
13210
13314
13624
13742
13744
13790
13884
14091
14144
14190
14306
14308
14599
14666
14886
14915
15059
15349
15534
16293
16398
16463
16470
16603
16697
16860
16968
17067
17155
17265
17291
17340
17522
17732
17780
18338
18359
18472
18580
18814
19225
19291
19312
19624
19734
19799
19805
20225
20491
20506
20778
20938
21167
21248
21268
21287
21312
21411
21747
21770
22297
22470
22528
22547
22763
22862
23080
23694
24033
24173
24289
24598
24689
24807
24866
25801
26072
26269
26347
26537
26561
26580
26715
26951
26958
26960
27104
27195
27372
27402
27548
27569
27719
27748
27814
28122
28473
28554
28658
28759
28776
28931
28982
28990
29152
29606
29625
29760
29925
29963
30172
30331
30347
30481
30697
30824
31019
31087
31392
31601
31637
31882
32135
32280
32296
32908
32927
32931
33244
33274
33831
34017
34246
34367
34621
34777
34794
34818
34840
34966
35017
35078
35080
35098
35255
35325
35379
35403
35424
35589
35770
35860
35946
36051
36329
36347
36506
36599
36719
36726
36757
37678
37777
37840
37907
37931
38036
38103
38222
38255
38273
38628
38677
38887
39067
39082
39205
39487
39577
40025
40229
40276
40432
42
85
120
219
302
369
697
1181
1508
1547
1873
2443
2452
2575
2662
2810
2936
3123
3572
3588
3627
3818
3823
3926
3935
3990
4245
4288
4456
4484
4675
4778
4857
4919
4991
4995
5079
5163
5185
5250
5324
5451
5661
5796
6121
6158
6167
6194
6307
6375
6864
6933
7010
7126
7164
7231
7345
7503
7586
7717
8105
8217
8238
8239
8372
8533
8615
8618
8691
8712
9066
9161
9173
9242
9256
9566
9612
9685
9935
9946
10077
10191
10541
10605
10741
10905
10977
10984
10994
11000
11087
11190
11234
11247
11562
11598
11973
12056
12368
13037
13077
13099
13109
13445
14039
14041
14245
14890
14899
15132
15304
15348
15384
15515
15697
15922
16380
16434
16440
16570
16574
16724
16761
16913
17192
17327
17332
17344
17354
17641
17729
17917
18175
19216
19300
19333
19353
19403
19614
19690
19934
19974
20015
20056
20134
20286
20293
20337
20344
20664
20813
21112
21183
21203
21380
21385
21412
21468
21481
21712
21935
22012
22336
22519
22710
22888
22894
23205
23408
23494
23620
23652
23873
23948
23967
24169
24498
24721
24750
24867
24980
25018
25297
25368
25465
25600
25674
26267
26542
26978
27136
27155
27210
27221
27521
27815
27839
27868
28005
28208
28210
28327
28511
28592
28769
28800
28878
28918
29290
29787
30008
30169
30337
30406
30764
30967
31089
31165
31808
31933
31997
32098
32844
33278
33337
33494
33515
34109
34192
34242
34622
34668
34931
35278
35371
35391
35392
35546
35768
36175
36296
36594
36881
37226
37239
37369
37509
37560
37593
37696
37913
37923
37927
38055
38081
38219
38305
38388
38703
38789
38811
38989
39084
39147
39375
39468
39533
39866
40231
40395
40537
40575
40606
40784
