40
382
507
719
756
819
951
996
1027
1076
1217
1535
1758
2104
2553
2769
2784
2858
2892
2917
3124
3160
3451
3575
3623
3908
3937
4268
4269
4387
4428
4554
4602
4639
4772
4870
4979
5022
5024
5074
5355
5466
5503
5811
5812
6026
6165
6190
6313
6441
7040
7362
7435
7969
8060
8079
8253
8360
8424
8480
8535
8578
8594
8976
9072
9120
9524
9795
10129
10131
10271
10279
10687
10867
10927
10942
11063
11139
11154
11225
11515
11609
11665
11686
11764
11829
11830
12071
12198
12245
12375
12571
12718
12893
12985
13126
13203
13210
13299
13314
13469
13624
13744
13833
13884
13986
14144
14306
14308
14599
14674
14844
14859
14915
15059
15174
15480
15710
16254
16398
16470
16697
16844
16860
16968
17097
17201
17340
17969
18201
18338
18359
18472
18506
18794
18872
19225
19229
19291
19312
19423
19624
19799
19903
20104
20491
20778
20876
20938
21157
21287
21411
21612
21767
21770
21821
22014
22246
22297
22418
22470
22492
22547
22763
22862
22935
23240
23890
24173
24289
24340
24347
24375
24554
24571
24684
24761
24807
24831
24866
24982
25011
25192
25801
25820
26040
26072
26269
26277
26347
26455
26561
26715
26958
26960
26971
27195
27402
27569
27593
27690
27719
27748
27806
27814
27833
28122
28473
28554
28875
28931
28982
29304
29963
30040
30347
30598
31004
31873
32005
32135
32280
32290
32869
32908
32927
33244
33274
33448
33749
33815
33965
34169
34235
34300
34367
34818
34840
34907
34963
34966
34996
35053
35080
35098
35114
35151
35325
35447
35770
35860
35873
35909
36051
36082
36329
36719
36757
36802
37390
37678
37777
37800
38013
38103
38222
38274
38628
38999
39082
39205
39310
39449
39474
39843
39939
40025
40055
40276
40309
40428
40800
13
31
42
219
231
1111
1739
1798
1873
2253
2443
2580
2601
2737
2747
2810
2834
2975
3067
3087
3113
3350
3495
3572
3588
3818
3926
3935
4245
4288
4409
4456
4520
4529
4675
4819
4995
5025
5044
5082
5185
5250
5473
5796
5979
6046
6121
6158
6194
6201
6375
6399
6469
6754
6886
7010
7064
7187
7318
7503
7586
8010
8217
8224
8408
8541
8615
8618
8691
8712
8923
8951
9456
9550
9566
9612
9697
9718
9922
9946
10077
10191
10741
10875
11041
11087
11190
11234
11380
11562
11598
11732
11945
11973
12302
12310
12723
12746
13077
13109
13445
13718
13785
13875
14193
14745
14835
14890
15203
15423
15424
15922
16297
16434
16493
16570
16644
16761
16913
16958
17136
17192
17327
17332
17354
17500
17563
17568
17577
18863
18891
18977
19300
19403
19614
19913
20038
20056
20134
20286
20344
20406
20507
20751
20813
20827
20860
21049
21078
21112
21203
21380
21412
21455
21468
21481
21712
21729
21935
22012
22274
22336
22519
22710
23180
23494
23620
23873
23929
23967
24122
24216
24427
24498
24721
24980
25067
25334
25368
25465
25600
25686
25946
26137
26267
26529
26542
27136
27155
27198
27210
27221
27353
27386
27801
27839
27868
28005
28038
28208
28592
28800
29290
29327
29410
29508
30008
30764
30967
31089
31165
31202
31394
31933
31997
32004
32098
33087
33213
33278
33515
33623
33701
34011
34106
34109
34192
34325
34369
34372
34622
34628
34668
34923
35184
35342
35392
35546
35633
35768
35912
35957
36175
36293
36296
36319
36881
37016
37509
37593
37696
37714
37913
37927
37935
38055
38219
38226
38508
38521
38703
38811
38889
39084
39127
39455
39468
39978
40151
40231
40395
40575
40578
40609
40631
40680
