40
382
719
792
996
1027
1060
1094
1197
1397
1440
1479
1492
1535
2003
2336
2348
2459
2553
2572
2769
2784
2861
2892
3055
3382
3451
3575
3816
3937
4185
4268
4269
4422
4554
4613
4812
5016
5022
5074
5503
5760
5811
6165
6188
6313
6517
6606
6654
6711
6982
7147
7158
7261
7362
7835
7963
7969
8253
8424
8480
8510
8566
8578
8626
8644
8781
8976
9120
9240
9593
9654
9795
9809
9979
9998
10131
10271
10687
10777
10867
10889
10942
11139
11154
11204
11225
11413
11515
11764
11830
12071
12375
12474
12493
12571
12631
12718
12955
12985
13060
13121
13126
13135
13175
13190
13203
13210
13299
13397
13518
13624
13726
13742
14190
14228
14301
14308
14599
14666
14844
14915
16308
16398
16603
16697
16844
16959
17067
17097
17265
17291
17340
17732
17780
17934
17969
18115
18121
18580
18751
18794
18814
18872
19008
19225
19229
19312
19321
19525
19624
19734
19799
19805
19903
20024
20104
20225
20334
20466
20491
20506
20876
20938
21092
21123
21157
21287
21312
21411
21767
21821
22010
22014
22136
22470
22492
22528
22547
22763
22821
22823
22862
23190
23694
23867
23971
24289
24347
24375
24554
24598
24807
24982
25470
25820
26040
26455
26480
26537
26901
26960
27065
27548
27719
27748
27833
28072
28122
28554
28658
28759
28783
28875
28931
29152
29403
29588
29601
29625
29644
29836
29925
29936
30441
30449
30824
31019
31097
31392
31473
31519
31592
31890
31893
32005
32152
32280
32908
32931
33180
33244
33274
33762
33831
33833
34020
34039
34235
34246
34367
34584
34708
34794
34818
34840
34963
34966
34996
35053
35078
35080
35098
35151
35403
35407
35424
35447
35651
35860
36051
36082
36757
37281
37302
37678
37777
37840
38013
38036
38103
38255
38274
38444
38605
39067
39205
39310
39459
39474
39487
39520
39843
39939
40025
40309
40428
40773
13
31
85
117
120
219
302
342
346
369
1088
1111
1507
1508
1632
1739
1798
2452
2580
2601
2747
2975
3067
3069
3087
3093
3113
3123
3204
3396
3495
3588
3818
3926
4363
4409
4456
4484
4529
4778
4819
4995
5025
5044
5079
5302
5451
5745
5792
5979
6046
6167
6864
6886
7010
7318
7345
7710
8010
8123
8217
8224
8234
8372
8408
8880
8923
8951
9066
9161
9173
9256
9456
9685
9697
9935
9946
10077
10492
10541
10626
10677
10875
11000
11095
11186
11380
11562
11689
11973
12056
12122
12310
12368
12390
12746
13037
13077
13099
13109
13129
14041
14416
14688
14745
14835
14890
14899
14942
15203
15304
15348
15423
15515
15697
16108
16114
16320
16434
16440
16493
16570
16958
17192
17327
17332
17354
17424
17500
17568
17577
17729
17917
18052
18891
19333
19614
19690
19913
19974
20056
20286
20337
20344
20618
20827
20860
20963
21183
21184
21203
21380
21455
21468
21488
21510
21712
21935
22321
22336
22710
22726
23180
23494
23652
23929
24122
24169
24216
24427
24721
24750
24835
24867
24955
25018
25067
25946
26267
26529
27155
27353
27386
27680
27801
27868
27917
28005
28038
28210
28592
28878
29327
29410
29470
30051
30082
30337
30764
30967
31089
31165
31194
31202
31394
31875
31933
32004
32098
32177
32454
32629
32730
33087
33213
33337
34011
34106
34923
35128
35184
35327
35360
35371
35391
35392
35546
35912
35957
36175
36293
36418
36481
36845
36881
37016
37226
37418
37560
37815
37889
37913
37935
38081
38226
38508
38521
38811
39455
39468
39574
39866
40151
40231
40395
40457
40563
40631
40650
40784
