11
382
507
792
996
1094
1163
1202
1412
1440
1479
1480
2003
2037
2459
2553
2769
2784
2858
2861
2892
3382
3383
3391
3532
3575
3623
3773
3816
3830
3937
3999
4185
4268
4282
4387
4422
4602
4613
4639
5016
5022
5074
5760
5812
5873
6026
6190
6313
6441
6606
6654
6711
7040
7147
7158
7261
7362
7835
8253
8424
8480
8535
8566
8626
8833
9072
9240
9593
9654
9998
10129
10271
10344
10593
10687
10725
10728
10777
10889
11063
11225
11413
11553
11609
11642
11665
11711
11965
12198
12346
12474
12493
12609
12690
12718
12893
13121
13126
13175
13190
13210
13397
13469
13518
13709
13726
13986
14144
14308
14363
14516
14538
14844
14859
15349
15534
15710
16254
16308
16398
16411
16470
16697
16844
16860
17097
17155
17340
17444
17732
17780
17934
17969
18076
18115
18121
18472
18751
18794
18872
19008
19225
19291
19312
19423
19525
19624
19734
19799
19903
20024
20104
20491
20506
20537
20876
20938
21092
21134
21312
21747
21770
22094
22470
22763
22823
22862
23240
23694
23867
24033
24173
24289
24340
24347
24375
24554
24652
24866
24982
25011
25192
25801
25820
26072
26277
26347
26480
26561
26715
26901
26958
26960
27065
27569
28122
28473
28554
28759
28783
28931
28982
29101
29152
29588
29599
29606
29625
29644
29760
29925
29963
30107
30331
30347
30441
30481
30598
31004
31271
31392
31473
31637
31873
31893
32005
32123
32135
32217
32280
32296
33180
33274
33749
33762
33831
34169
34584
34621
34794
34884
34907
35053
35080
35098
35114
35407
35424
35589
35769
35860
36051
36329
36347
36506
36599
36719
36726
36757
36802
37281
37390
37777
37800
37840
37931
38036
38103
38255
38444
38605
38628
38677
38950
38983
38999
39082
39310
39449
39577
39587
39694
39939
40025
40055
40074
40309
40428
40432
40773
13
31
42
120
302
346
697
762
1088
1632
1739
1798
1873
2318
2452
2662
2737
2834
2836
2936
3069
3113
3123
3204
3350
3588
3926
4288
4363
4529
4819
4975
5163
5250
5443
5451
5473
5745
5792
5796
6158
6167
6375
6399
6754
7074
7187
7231
7318
7345
7586
7710
8105
8217
8234
8304
8408
8481
8618
8880
8923
8951
9005
9066
9092
9161
9173
9242
9566
9612
9624
9697
9718
9922
9946
10492
10534
10541
10605
10875
10977
11041
11234
11247
11598
11689
11732
12056
12122
12302
12390
12723
12746
13109
13718
13875
14039
14041
14193
14416
14688
14745
14890
14899
15132
15203
15304
15348
15384
15423
15424
15697
15922
16114
16228
16380
16493
16913
17136
17327
17332
17354
17568
17577
17641
17729
17910
17917
18052
18175
18977
19300
19333
20015
20134
20136
20286
20344
20406
20618
20664
20751
20860
21112
21183
21184
21385
21412
21468
21481
21549
22336
22519
22544
22710
22726
22894
23180
23408
23494
23873
23929
23967
23990
24216
24498
24721
24835
24867
25018
25067
25368
26137
26232
26267
26542
27210
27221
27521
27801
27815
27868
27917
27925
28005
28038
28208
28210
28327
28592
28769
28918
29327
29401
29410
29722
29787
30051
30082
30406
30764
31103
31194
31202
31659
31875
31997
32098
32177
32197
32844
33087
33301
33337
33515
33623
33701
34106
34109
34192
34242
34325
34369
34372
34628
34668
34931
35056
35128
35278
35327
35371
35391
35392
35541
35625
35633
36021
36293
36296
36319
36724
37239
37409
37418
37714
37923
37927
37935
38055
38081
38225
38226
38521
38638
38989
39147
39468
39574
39866
40185
40231
40395
40575
40609
40631
40784
