11
40
507
756
819
996
1027
1076
1094
1163
1197
1202
1217
1397
1492
1535
2003
2037
2066
2104
2553
2572
2769
2858
2861
2892
3055
3124
3391
3773
3908
3937
4264
4268
4602
4639
4870
5016
5024
5074
5148
5466
5503
6165
6188
6190
6477
6517
6537
6606
6711
6982
7040
7147
7835
7963
8060
8079
8424
8480
8535
8566
8578
8594
8644
8976
9023
9154
9524
9593
9695
9738
9979
9998
10171
10279
10593
10725
10728
10889
10927
10942
11063
11139
11154
11204
11515
11609
11658
11829
11830
12071
12073
12198
12346
12375
12407
12571
12631
12690
12718
12893
12985
13104
13121
13135
13175
13190
13203
13299
13314
13469
13518
13742
13744
13790
13833
13884
13986
14228
14306
14308
14516
14538
14674
14859
15480
15534
15710
16293
16308
16398
16411
16463
16844
16860
17097
17155
17265
17291
17340
17934
18076
18201
18256
18359
18472
18506
18751
18794
18814
19008
19151
19225
19229
19291
19321
19422
19624
19734
19805
20024
20334
20466
20770
20938
21123
21134
21157
21248
21287
21312
21767
21821
22010
22014
22094
22136
22246
22418
22492
22547
22935
23694
23867
23890
23971
24033
24173
24289
24375
24571
24598
24689
24807
24831
24866
24982
25011
25192
25324
25780
25801
25820
26040
26269
26561
26580
26715
26951
27104
27163
27195
27569
27593
27748
27806
28072
28122
28554
28658
28776
28783
28875
28931
29101
29152
29304
29601
29963
30040
30331
30347
30449
30697
31019
31473
31519
31873
31882
31890
32005
32123
32296
32869
33274
33749
33815
33831
33833
34017
34020
34169
34300
34584
34840
34884
34907
35024
35078
35080
35255
35325
35403
35424
35447
35589
35651
35769
35873
36329
36347
36726
38013
38444
38887
38999
39067
39417
39474
39487
39587
39669
39694
39843
39939
40069
40074
40276
40428
40800
13
31
85
117
120
342
346
762
1508
1632
1739
1873
2443
2452
2575
2580
2601
2662
2836
3067
3113
3204
3336
3350
3396
3495
3572
3588
3627
3818
3926
3927
3935
3990
4023
4409
4484
4675
4857
4919
4995
5044
5144
5185
5250
5324
5473
5615
5661
5792
5796
5856
5979
6046
6121
6158
6194
6307
6329
6705
6754
6864
6886
7074
7187
7586
7710
7717
8217
8234
8372
8408
8481
8615
8691
8712
8713
8880
8923
9173
9550
9612
9685
9697
9922
10077
10191
10541
10677
10994
11186
11234
11380
11598
11689
12056
12302
12345
12457
13129
13785
13875
14039
14193
14688
14745
14835
14901
14942
15304
15423
15424
15922
16380
16434
16492
16493
16724
16761
16958
17327
17360
17424
17568
17577
17626
17641
17729
17910
17917
18052
18668
19216
19300
19353
19690
19913
20038
20056
20134
20293
20344
20406
20600
20618
20827
20963
21049
21078
21183
21203
21385
21412
21455
21510
21549
21935
22321
22544
22726
22911
23180
23652
23929
23990
24122
24498
24835
24980
25018
25067
25297
25686
26267
26529
26542
26978
27155
27210
27221
27353
27386
27868
27917
28005
28210
28327
28769
29245
29327
29470
29508
29722
30008
30406
30474
30764
30967
31089
31103
31165
31194
31659
31808
31933
32004
32098
32197
32454
33213
33278
33301
33337
33623
34106
34109
34325
34610
34896
35056
35541
35546
35625
35633
35768
35957
36021
36293
36327
36481
36594
36724
37016
37239
37311
37369
37418
37560
37593
37714
37815
37889
37923
38055
38081
38219
38226
38305
38638
38789
38889
38989
39375
39455
39533
39574
39866
39978
40135
40151
40231
40395
40457
40563
40575
40606
40609
