40
382
756
996
1076
1163
1197
1397
1479
1480
1492
1535
1671
1758
2066
2104
2336
2769
2784
2858
2917
3055
3124
3382
3383
3391
3575
3773
3830
3908
3937
3999
4264
4422
4428
4554
4613
4812
5016
5148
5465
5466
5503
5811
6190
6313
6441
6477
6517
6654
7158
7261
8253
8360
8424
8480
8510
8566
8578
8644
8833
9023
9072
9154
9240
9593
9654
9738
9795
9809
9998
10131
10271
10279
10687
10725
10867
10927
10942
11063
11225
11515
11553
11609
11658
11686
12071
12073
12245
12346
12609
12631
12690
12955
12985
13104
13121
13126
13175
13203
13210
13361
13624
13744
13790
13833
13884
13986
14190
14228
14301
14306
14308
14516
14538
14599
14674
14844
14915
15174
15349
15480
15710
16293
16308
16398
16463
16470
16603
16844
16860
17097
17155
17291
17522
17780
17934
18076
18115
18256
18338
18506
18751
18814
19151
19229
19312
19423
19624
19734
19799
19805
20225
20334
20491
20506
20770
20876
21004
21092
21123
21134
21157
21312
21411
21612
21767
21770
21821
22014
22094
22136
22246
22297
22418
22492
22763
22823
23080
23694
23867
23890
24033
24289
24652
24684
24689
24761
24807
24866
25192
25324
25780
25820
26269
26951
26960
27104
27163
27372
27593
27719
27806
27814
28473
28759
28776
28783
28982
29101
29304
29588
29601
29625
29653
29760
29836
30172
30331
30441
30449
30481
30660
30697
31004
31019
31087
31392
31592
31873
31893
32005
32152
32296
32908
32927
32931
33244
33448
33749
33762
33815
34017
34039
34246
34584
34708
34777
34794
34818
34884
34963
34966
34996
35024
35098
35114
35151
35379
35407
35860
36051
36726
37302
37907
38013
38036
38103
38274
38444
38628
38677
38950
39082
39310
39417
39474
39520
39572
39577
39587
39669
39694
39843
40025
40069
40074
40428
40432
31
42
117
342
697
1088
1181
1508
1632
1873
2253
2452
2575
2580
2601
2836
2936
3093
3113
3204
3336
3350
3926
3927
4245
4484
4778
4819
4857
4975
4995
5044
5082
5096
5144
5168
5443
5473
5661
5796
5979
6121
6167
6194
6307
6579
6754
6886
6933
7126
7164
7187
7318
7345
7586
7710
8123
8217
8234
8238
8408
8481
8533
8541
8618
8713
8880
8923
9005
9092
9242
9456
9612
9697
9718
9935
9946
10191
10541
10626
10875
10977
11095
11186
11190
11234
11247
11380
11562
11598
11748
11945
11973
12122
12310
12390
12457
12723
13037
13099
13109
13129
13718
14039
14193
14416
14688
14745
14890
14901
14920
15132
15304
15348
15423
15424
15697
15922
16093
16108
16493
16570
16724
16913
17192
17327
17332
17344
17360
17424
17568
17626
17641
17910
18863
18882
18891
19216
19353
19614
19690
20015
20038
20136
20286
20293
20751
20827
20860
21078
21183
21203
21380
21412
21481
21510
21712
21729
22274
22519
22544
22726
22911
23180
23205
23408
23620
23652
23660
23873
23929
23948
23967
24169
24216
24427
24867
24980
25018
25067
25465
25674
26232
26542
26845
27136
27198
27386
27680
27868
27925
28210
28327
28769
28800
28878
29228
29245
29327
29508
29722
29787
30051
30169
30406
30967
31089
31103
31202
31659
31765
32004
32098
32771
33033
33087
33213
33301
33494
33701
34011
34106
34242
34372
34896
35056
35184
35371
35392
35541
35625
35768
35957
35966
36021
36296
36594
36845
36881
37239
37311
37369
37509
37593
37696
37923
37935
38055
38219
38225
38226
38388
38521
38638
38703
38811
38889
39127
39375
39533
39866
39978
40185
40231
40395
40457
40563
40575
40609
