40
719
792
1094
1197
1217
1397
1492
1513
1535
1671
2003
2037
2104
2348
2459
2784
2858
2861
2917
3055
3124
3383
3532
3773
3999
4264
4269
4422
4428
4554
4772
4870
5022
5074
5148
5465
5760
5812
5873
6188
6441
6517
6537
6654
6711
6982
7040
7147
7158
7261
8060
8079
8291
8424
8480
8594
8833
9023
9072
9524
9654
9738
9795
9979
10129
10131
10171
10271
10279
10344
10593
10687
10728
10777
10889
11063
11139
11154
11277
11515
11609
11658
11686
11764
11830
11965
12073
12198
12245
12346
12375
12474
12493
12571
12893
12955
12985
13104
13135
13175
13203
13210
13361
13469
13624
13742
13744
13790
13833
13884
14306
14674
14886
14915
15059
15174
15480
15710
16254
16293
16470
16603
16860
17067
17097
17155
17201
17265
17340
17444
17522
17732
17780
17934
17969
18076
18121
18201
18256
18359
18472
18506
18814
18872
19291
19321
19422
19624
19734
19799
19805
19903
20104
20225
20506
20537
20876
20938
21004
21134
21167
21248
21268
21312
21411
22010
22136
22297
22418
22492
22528
22547
22823
22935
23190
23240
23694
23890
23971
24173
24571
24689
24866
25470
25820
26040
26072
26347
26455
26537
26580
26960
27104
27163
27402
27569
27593
27748
27806
27814
28072
28473
28554
28783
28931
28982
29101
29304
29599
29601
29606
29653
29936
29963
30040
30107
30172
30331
30449
30481
31004
31073
31087
31271
31392
31519
31601
31637
31873
31890
32152
32217
32296
32319
32485
32869
32931
33180
33448
33965
34017
34020
34169
34235
34300
34584
34966
34996
35017
35080
35151
35255
35403
35407
35651
35769
35770
35860
35946
36051
36082
36347
36506
36599
37281
37390
37777
37800
37840
37907
38013
38103
38222
38605
38628
38677
38983
39417
39449
39474
39572
39577
39587
40025
40055
40342
40800
85
231
342
346
697
1111
1507
1508
1632
2302
2452
2575
2580
2662
2737
2747
2810
2936
2975
3067
3069
3087
3093
3204
3495
3588
3627
3823
3935
4245
4288
4363
4409
4529
4778
4819
4975
4995
5044
5096
5144
5163
5168
5302
5324
5473
5615
5792
5796
5856
5979
6046
6201
6307
6399
6579
6705
6754
6864
6933
7010
7074
7231
7318
7503
7710
7717
8123
8217
8224
8238
8239
8304
8372
8481
8533
8563
8713
8880
8923
9005
9173
9256
9566
9685
9697
10191
10492
10534
10605
10626
10984
10994
11000
11041
11186
11234
11598
11732
11748
11945
12122
12368
12390
12457
12723
13099
13129
13785
13875
14041
14688
14745
14899
15066
15423
15424
15515
15697
15922
16108
16114
16228
16320
16493
16570
16574
16644
16724
16761
16958
17332
17344
17360
17424
17500
17641
17910
17917
18175
18882
18891
18977
19333
19934
19974
20038
20056
20136
20286
20293
20337
20406
20507
20618
20664
20751
20813
20860
21049
21112
21183
21203
21488
22012
22036
22274
22321
22519
22710
22726
22888
22894
23180
23494
23620
23660
23873
23967
24498
24835
24917
24980
25368
26137
26267
26542
26978
27155
27210
27221
27353
27386
27680
27801
27917
27925
28038
28210
28592
28800
29228
29245
29290
29327
29410
29508
29787
30082
30337
31165
31194
31202
31394
31659
31765
31808
32629
32730
33278
33337
33494
33623
33701
34011
34106
34192
34923
35184
35327
35360
35391
35392
35546
35625
35633
35768
36175
36293
36296
36319
36327
36724
36845
37016
37239
37369
37409
37418
37509
37560
37714
37913
37923
38226
38305
38638
38789
38811
38812
38889
38989
39468
39866
39978
40151
40395
40457
40563
40784
