11
40
382
819
1060
1094
1197
1412
1440
1480
1492
1513
2104
2336
2348
2459
2493
2553
2784
2858
3160
3383
3623
3773
3816
3830
3908
3937
3999
4185
4264
4282
4428
4772
5016
5024
5074
5465
5503
5811
6441
6477
6606
6711
7147
7158
7261
7435
7963
7969
8291
8480
8510
8535
8566
8626
8781
8976
9047
9154
9593
9738
9795
10129
10725
10728
10867
10942
11063
11154
11225
11277
11413
11553
11665
11711
11764
11830
12071
12474
12493
12512
12609
12690
12718
13029
13060
13104
13121
13135
13175
13299
13361
13397
13469
13742
13744
13833
13986
14091
14301
14306
14363
14666
14844
14859
14886
15059
15349
15534
15710
16254
16293
16308
16463
16470
16968
17155
17201
17340
17732
17780
17934
18076
18115
18121
18201
18472
18794
18814
19008
19151
19225
19312
19321
19422
19624
19734
19799
19903
20024
20104
20334
20491
20770
20778
21134
21157
21167
21312
21612
21770
22010
22014
22492
22821
22823
22862
22935
23080
23240
24033
24173
24340
24347
24375
24571
24598
24652
24689
24761
24831
25011
25324
25801
26277
26580
26715
27195
27402
27548
27569
27593
27690
27748
28473
28554
28783
28931
28982
29152
29601
29606
29625
29644
29836
29936
30040
30107
30347
30441
30449
30598
31004
31019
31097
31392
31519
31592
31601
31882
31890
31893
32005
32123
32135
32280
32869
33448
33762
33815
33831
33833
34017
34169
34246
34367
34621
34708
34777
34818
34840
34963
35024
35078
35080
35098
35151
35364
35379
35403
35407
35447
35651
35860
35873
35946
36051
36082
36329
36599
36719
36726
36802
37302
37390
37678
37777
37800
37840
38036
38103
38222
38444
38605
38887
38950
38983
39067
39205
39310
39417
39474
39487
39520
40025
40069
40229
40276
40773
40800
85
117
120
219
231
369
697
1111
1508
1632
1739
1798
1873
2302
2318
2443
2452
2747
2810
2936
2975
3067
3069
3093
3123
3336
3396
3627
3818
3823
3926
3927
4245
4288
4363
4484
4778
4975
4991
4995
5025
5044
5052
5163
5168
5185
5250
5302
5443
5451
5745
5792
5796
5856
5979
6121
6167
6307
6469
6933
7010
7064
7164
7187
7231
7503
7710
8105
8234
8304
8372
8563
8691
9005
9066
9242
9456
9550
9566
9612
9624
9935
9946
10077
10191
10492
10534
10541
10626
10677
10875
11000
11095
11234
11380
11562
11598
11689
11732
12056
12310
12345
13037
13077
13109
13129
13445
13718
14041
14193
14245
14416
14745
14835
14899
14901
14942
15066
15203
15304
15348
15384
15697
16093
16108
16228
16320
16380
16440
16493
16574
16913
17192
17306
17332
17344
17354
17568
17729
17917
18052
18175
18882
19216
19300
19333
19403
19614
19690
19913
19934
20015
20056
20134
20344
20406
20507
20664
20813
20827
20860
21049
21078
21112
21183
21184
21380
21412
21455
21510
21549
21729
21935
22321
22336
22519
22710
22726
22888
22894
22911
23043
23180
23408
23494
23660
23873
23967
23990
24122
24721
24750
24835
24955
25297
25368
25674
25686
25946
26137
26267
26542
27155
27210
27680
27801
27839
27868
27917
27925
28005
28210
28769
28918
29245
29327
29401
29508
29787
30008
30474
31103
31808
31933
32004
32098
32730
32771
33033
33087
33301
33337
33494
33623
33701
34325
34372
34622
34896
34923
35128
35327
35342
35546
35768
35912
35957
35966
36293
36327
36594
36724
36881
37311
37418
37509
37696
37714
37913
37923
37927
38225
38638
38703
38789
38889
39127
39533
40135
40151
40231
40537
40578
40609
40650
40680
40784
