11
382
507
719
756
792
819
951
996
1060
1076
1197
1412
1440
1479
1480
1758
2003
2066
2336
2348
2459
2493
2553
2784
2858
2861
3055
3124
3382
3575
3816
3830
3908
3937
3999
4269
4282
4428
4602
4639
4812
4870
4979
5016
5148
5466
5760
5811
6190
6313
6441
6537
6606
6711
7040
7362
7435
8060
8079
8253
8424
8480
8510
8644
8781
8976
9047
9072
9524
9593
9654
9738
9795
9809
9979
9998
10131
10171
10271
10279
10687
10777
10867
10889
10927
11063
11553
11609
11642
11658
11665
11686
11830
12073
12198
12245
12375
12474
12512
12631
12690
12718
13060
13121
13126
13135
13175
13190
13203
13210
13299
13469
13709
13726
13742
13744
13790
13833
14144
14190
14301
14306
14308
14599
14666
14674
14859
15059
15174
15349
15534
15710
16254
16293
16308
16398
16411
16463
16844
16860
16968
17097
17291
17340
17444
17522
17780
18121
18201
18256
18580
18794
19225
19422
19525
19624
19734
19805
20024
20506
20778
20876
21092
21134
21167
21248
21287
21312
21747
21821
22014
22094
22136
22246
22297
22338
22470
22492
22528
22763
22821
22862
23080
23190
23867
24033
24289
24347
24554
24571
24598
24652
24684
24689
24761
24807
24831
25011
25192
25324
25470
26072
26269
26537
26901
26960
26992
27163
27195
27593
27725
27748
27814
28072
28122
28658
28776
28783
28931
28990
29101
29588
29760
29925
29936
29963
30040
30107
30347
30449
30481
30598
30660
30697
30824
31004
31473
31519
31601
31637
31873
31890
32005
32319
32869
32927
33244
33274
33448
33762
33965
34017
34246
34300
34367
34794
34818
34966
35017
35053
35098
35403
35447
35651
35769
35770
35860
35909
36329
36347
36719
36757
37678
37777
37840
37907
37931
38036
38103
38222
38274
38444
38628
39067
39082
39205
39459
39487
39520
39572
40025
40055
40276
40342
302
697
1088
1181
1507
1632
1873
2253
2318
2452
2580
2601
2747
2936
2975
3093
3123
3350
3627
3818
3823
3935
3990
4288
4484
4675
4778
4919
4975
4991
5168
5185
5250
5443
5473
5615
5796
5979
6194
6307
6579
7126
7345
7710
7717
8217
8224
8234
8238
8239
8304
8481
8615
8618
8691
8713
8880
8951
9005
9066
9092
9173
9242
9624
9685
9718
9922
9935
9946
10077
10534
10677
10875
10905
10994
11000
11095
11186
11380
11562
11598
11689
11732
11748
12368
12390
12746
13099
13129
13718
13875
14039
14193
14245
14416
14688
14745
14890
14901
14920
15066
15132
15304
15423
15922
16093
16114
16228
16320
16380
16434
16440
16570
16574
16644
16724
16761
16913
16958
17136
17192
17344
17563
17568
17577
17626
17910
18668
18863
18891
19216
19333
19353
19403
19974
20056
20293
20344
20406
20507
20600
20751
20813
21049
21078
21112
21148
21203
21380
21412
21488
21549
21729
22012
22274
22519
22544
22888
22894
22911
23180
23205
23494
23652
23660
24122
24216
24427
24867
24955
24980
25067
25334
25368
25465
26137
26267
26542
27155
27198
27353
27386
27801
27815
27868
27917
27925
28038
28208
28210
28511
28592
28918
29245
29401
29410
30008
30051
30337
30474
31165
31202
31394
31659
31765
31933
31997
32098
32197
32454
32730
32844
33087
33213
34011
34109
34369
34372
34622
34628
34923
34931
35056
35128
35278
35342
35371
35541
35633
35768
35912
35966
36021
36293
36327
36481
36594
36881
37226
37369
37409
37418
37714
37815
37927
38055
38081
38219
38225
38226
38305
38638
38811
38889
39084
39978
40135
40151
40185
40457
40578
40606
40631
