40
719
756
792
951
1027
1060
1094
1163
1197
1202
1217
1412
1479
1492
1513
1535
1671
1758
2003
2037
2348
2459
2553
2572
3382
3451
3773
3816
3830
3937
3999
4185
4264
4282
4422
4428
4602
4613
4772
4812
4870
5022
5074
5466
5503
5760
5812
6026
6165
6188
6190
6441
6477
6537
6606
6982
7085
7261
7835
7963
8291
8360
8424
8535
8566
8578
8594
8626
8781
8833
8976
9023
9072
9524
9593
9654
9738
10171
10271
10593
10687
10725
10728
10777
10867
10889
11139
11154
11277
11413
11515
11658
11665
11686
11830
11965
12071
12073
12346
12375
12407
12493
12512
12571
12609
12631
12718
12893
12955
12985
13029
13060
13104
13135
13203
13210
13361
13518
13742
13790
13833
13884
13986
14091
14301
14599
14666
14674
14886
14915
15059
15174
16293
16308
16603
16697
16844
16959
17340
17732
17969
18201
18338
18472
18506
18580
18751
18794
18872
19008
19291
19321
19525
20225
20334
20466
20506
20770
20778
21092
21123
21134
21268
21287
21411
21747
22010
22014
22136
22246
22338
22418
22492
22547
22821
23080
23190
23240
23867
23890
24347
24375
24554
24571
24689
24866
24982
25011
25192
25470
25780
25801
26040
26277
26480
26561
26715
26901
26958
26971
27065
27195
27352
27372
27402
27569
27690
28122
28473
28759
28776
28931
28982
28990
29101
29152
29304
29606
29760
29836
29925
29963
30040
30172
30331
30449
30660
31004
31271
31392
31882
31893
32135
32152
32290
32296
32319
32908
33180
33749
33762
33831
33965
34235
34621
34794
34840
35053
35080
35098
35114
35151
35255
35325
35407
35424
35589
35769
35946
36082
36347
36506
36726
36757
37302
37800
37840
38036
38103
38444
38887
38983
38999
39067
39310
39417
39459
39487
39577
39587
39694
39939
40025
40055
40069
40276
40309
40773
13
31
85
117
120
302
346
1632
2318
2452
2575
2580
2662
2747
2836
3067
3123
3336
3818
3927
3990
4245
4363
4484
4675
4819
4857
4975
4991
5052
5079
5144
5185
5473
5615
5745
5796
5979
6194
6329
6375
6579
6754
6864
6933
7010
7231
7318
7586
8010
8239
8304
8372
8408
8481
8533
8541
8563
8618
8691
8880
8923
9092
9456
9550
9624
9697
9922
9935
10077
10191
10534
10626
10741
10875
10984
11000
11041
11087
11095
11598
11689
11748
12056
12122
12302
12345
12368
12390
12457
13037
13077
13129
13445
14039
14041
14245
14688
14835
14890
14901
14942
15132
15203
15304
15348
15424
16093
16114
16228
16297
16434
16574
16644
16913
17136
17306
17332
17344
17360
17424
17563
17626
17641
17910
18052
18668
18891
18977
19333
19974
20015
20286
20344
20406
20600
20618
20664
20751
20827
21112
21148
21380
21385
21412
21455
21468
21488
21510
21549
21712
21935
22336
22519
22544
22888
22894
23043
23180
23408
23660
23873
23967
24169
24216
24498
24750
24867
24955
25297
25368
25465
25674
25686
26232
26542
26845
26978
27155
27221
27521
27917
28005
28038
28208
28210
28327
28511
28800
28918
29290
29410
29470
29508
29722
29787
30008
30051
30082
30337
30474
30764
30967
31165
31394
31659
31808
31875
31997
32004
32098
32177
32197
32454
32730
32844
33278
33494
33515
33701
34011
34109
34325
34610
34622
34628
34668
34923
35184
35278
35342
35360
35392
35546
35633
36175
36296
36319
36327
36418
36481
37311
37369
37418
37509
37560
37593
37696
37889
37923
37935
38081
38508
38521
38638
38703
38811
38889
39127
39147
39375
39533
40231
40395
40457
40563
40575
40609
40680
