11
382
951
1060
1094
1202
1397
1440
1479
1492
1535
1671
2066
2104
2348
2459
2493
2784
2858
2861
2892
3124
3382
3391
3451
3532
3623
3773
3830
3908
3999
4264
4268
4282
4387
4422
4602
4613
4639
4772
4812
5024
5074
5466
5811
5873
6165
6190
6313
6517
6606
6711
7040
7158
7435
8079
8253
8291
8360
8480
8510
8535
8594
8626
8644
8976
9047
9072
9120
9240
9524
9593
9809
9998
10131
10271
10279
10687
10777
10867
10889
11063
11154
11204
11413
11665
11686
11711
11829
11830
11965
12375
12407
12474
12571
12609
12718
12893
12955
13029
13060
13121
13126
13135
13175
13190
13210
13299
13314
13361
13833
13986
14228
14363
14674
14886
15174
16254
16398
16411
16697
16844
16860
16968
17097
17155
17291
17340
17522
17732
18121
18201
18256
18359
18794
18872
19151
19225
19312
19321
19422
19624
19805
19903
20024
20225
20334
20466
20491
20537
20778
21123
21157
21248
21287
21411
22010
22136
22338
22470
22492
22547
22821
22862
22935
23190
23867
23971
24289
24347
24375
24554
24571
24652
24831
24866
24982
25011
25192
26072
26269
26277
26480
26580
26901
26958
26960
26971
26992
27104
27195
27569
27593
27690
27748
27806
27814
27833
28554
28658
28759
28990
29152
29304
29403
29588
29601
29625
29644
29653
29760
29836
29963
30040
30107
30347
30441
30697
30824
31004
31073
31087
31097
31271
31392
31519
31601
31873
31893
32290
32296
32319
32485
32927
33180
33274
33749
33815
33833
33965
34017
34020
34169
34235
34708
34777
34794
34840
34884
35053
35080
35151
35255
35364
35379
35403
35589
35769
35770
36051
36329
36347
37281
37777
37931
38103
38222
38255
38274
38444
38628
38677
38983
39067
39205
39449
39474
39572
39577
40055
40069
40309
40342
40432
40800
13
31
42
85
120
302
346
697
762
1088
1507
1508
1547
1739
1873
2302
2318
2575
2601
2662
2747
2810
2975
3093
3336
3350
3495
3572
3588
3818
3823
3927
4023
4288
4456
4675
4819
4995
5052
5144
5250
5443
5615
5661
5792
5979
6121
6167
6307
6399
6469
6705
6754
6864
6886
6933
7126
7318
7345
7503
7586
7710
8105
8123
8217
8224
8234
8304
8481
8533
8541
8615
8618
8691
8880
8923
8951
9066
9092
9242
9256
9456
9550
9566
9685
9718
9935
9946
10077
10191
10492
10677
10741
11087
11095
11190
11247
11732
11945
11973
12302
12310
12368
13077
13099
13109
13445
13785
14039
14041
14245
14416
14835
14899
14901
14920
14942
15132
15203
15304
15348
16114
16228
16297
16434
16492
16493
16570
16761
16913
17136
17192
17327
17332
17360
17568
17577
17626
17641
17729
17910
18175
18863
18882
19216
19403
19913
19934
20015
20038
20056
20134
20664
20751
20963
21049
21078
21203
21380
21385
21712
22012
22036
22336
22894
22911
23205
23408
23494
23660
23873
23948
24169
24498
24721
24750
24835
24917
25018
25368
25600
25674
25946
26232
26542
27155
27210
27353
27521
27801
27815
27839
27868
27917
27925
28038
28208
28210
28327
28511
28878
29410
30082
30337
30474
30967
31089
31165
31394
31659
31765
31875
32098
32177
32197
32454
32730
33087
33213
33278
33623
34369
34372
35184
35278
35342
35391
35541
35633
35768
35912
36021
36296
36319
36327
36418
36724
36881
37016
37239
37311
37409
37509
37560
37593
37714
37815
37889
37913
37935
38055
38081
38219
38225
38388
38508
38638
38811
38889
39084
39455
39468
39533
40135
40151
40185
40231
40457
40563
40578
40631
40680
40784
