382
756
819
951
996
1094
1163
1202
1217
1440
1513
1758
2336
2493
2553
2858
2861
2917
3391
3451
3532
3575
3623
3773
3830
3937
4185
4264
4269
4387
4422
4428
4602
4772
4979
5016
5466
5760
5812
6165
6188
6313
6477
6537
6606
6654
7085
7158
7261
7362
7435
7963
8253
8360
8510
8535
8566
8594
8626
8976
9120
9154
9695
9738
9795
9809
10131
10171
10271
10687
10728
10867
10927
10942
11413
11553
11609
11642
11686
11764
11830
11965
12073
12346
12407
12512
12571
12631
12690
12718
12893
12985
13060
13121
13126
13175
13190
13210
13299
13361
13397
13518
13709
13726
13742
13790
14190
14228
14301
14306
14538
14599
14674
14844
14859
14886
14915
15059
15349
15480
15534
15710
16254
16308
16398
16470
16697
16844
16959
17097
17291
17444
17522
17934
18121
18201
18256
18472
18506
18580
18794
18814
19151
19225
19229
19321
19422
19423
19525
19734
20024
20334
20537
20770
20778
21157
21287
21411
21747
21821
22010
22014
22136
22246
22338
22418
22492
22528
22547
22763
22821
22862
23694
23890
23971
24173
24340
24347
24375
24554
24598
24652
24689
24831
24866
25192
25324
25470
25801
25820
26455
26480
26715
26951
26958
26960
27104
27163
27548
27569
27593
27719
27748
27806
27814
27833
28473
28554
28658
28759
28931
28982
29304
29403
29588
29599
29760
29963
30107
30172
30347
30441
30449
30481
30598
30697
30824
31004
31019
31073
31519
31601
31882
31890
31893
32217
32280
32485
32869
32927
33244
33762
33831
33965
34017
34246
34708
34794
34818
34840
34907
34963
35017
35053
35078
35098
35114
35255
35364
35403
35407
35424
35651
35769
35909
35946
36051
36082
36329
36506
36726
36757
37390
37777
37840
37907
37931
38255
38273
38999
39082
39205
39310
39572
40069
40074
40309
40800
31
85
120
231
302
346
1088
1111
1507
1739
1798
1873
2302
2662
2737
2810
2834
2936
2975
3067
3087
3093
3113
3123
3204
3823
3926
3990
4245
4363
4529
4778
4819
4919
4975
5052
5079
5096
5163
5185
5250
5443
5451
5473
5615
5661
5745
5856
5979
6158
6194
6201
6307
6864
7010
7064
7231
7503
7717
8010
8105
8123
8234
8238
8372
8408
8541
8615
8691
8712
8923
8951
9005
9066
9092
9161
9242
9256
9456
9550
9566
9612
9624
9685
9697
9718
9922
9935
10492
10534
10605
10626
10741
10905
10984
10994
11190
11247
11689
11732
12122
12310
12345
12368
13037
13099
13445
13875
14245
14416
14901
14920
15132
15423
15515
15697
15922
16093
16108
16380
16434
16492
16574
16724
16761
16958
17136
17192
17327
17344
17354
17500
17563
17568
17577
17910
17917
18668
18863
18882
18891
18977
19333
19403
19614
19690
19913
19974
20056
20293
20337
20600
20618
20664
20813
20860
20963
21078
21112
21148
21385
21412
21488
21510
21712
21729
21935
22036
22274
22519
22710
22726
22888
23180
23408
23494
23620
23660
24122
24721
24750
24835
24867
24955
25297
25368
25686
25946
26137
26232
26267
26529
26542
26845
26978
27521
27801
27815
27839
28005
28208
28769
28918
29245
29290
29401
29410
29470
29787
30008
30082
30967
31089
31194
31202
31997
32177
32629
33033
33087
33494
33623
34106
34109
34242
34325
34369
34610
34668
34896
35278
35360
35371
35391
35633
35912
35957
35966
36021
36319
36327
36594
36845
36881
37409
37509
37714
37815
37889
37913
37923
38081
38388
38521
38638
38703
38789
38811
38812
38889
39084
39127
39533
39866
40151
40185
40231
40457
40606
40680
