11
382
507
719
756
951
1027
1076
1094
1163
1197
1202
1217
1397
1412
1440
1479
1513
1535
2336
2459
2493
2553
2858
2861
2892
3055
3124
3160
3623
3816
3937
4185
4264
4268
4269
4387
4602
4639
4772
4812
4870
4979
5016
5022
5074
5148
5355
5466
5873
6026
6165
6313
6441
6477
6606
6654
6711
6982
7040
7158
7963
8079
8424
8535
8566
8626
8644
8833
8976
9023
9047
9072
9240
9593
9795
9979
10171
10271
10687
10777
11063
11139
11154
11204
11225
11515
11642
11658
11829
12071
12073
12198
12690
13029
13060
13104
13210
13314
13361
13469
13518
13709
13742
13744
13790
13884
14091
14144
14301
14306
14363
14516
14538
14599
14844
14886
15059
15710
16254
16293
16411
16463
16959
17067
17265
17291
17340
17444
17522
17780
18121
18201
18338
18751
18794
18872
19008
19321
19422
19423
19525
19624
19734
19799
19805
19903
20024
20104
20225
20876
21004
21092
21157
21167
21248
21747
21770
21821
22014
22136
22338
22470
22528
22862
22935
23080
23867
23890
23971
24033
24173
24289
24347
24554
24684
24761
25192
25324
25780
25820
26040
26269
26277
26347
26561
26901
26951
26971
27065
27104
27163
27195
27352
27372
27402
27548
27569
27719
27814
27833
28122
28473
28554
28658
28759
28931
29101
29304
29625
29644
29760
29936
30040
30331
30347
30441
31097
31271
31392
31519
31592
31601
31873
31890
32005
32123
32135
32152
32296
32485
32927
33180
33244
33274
33815
33831
33965
34017
34039
34246
34300
34367
34621
34708
34794
34907
34963
34966
35017
35024
35080
35114
35151
35379
35424
35589
35769
35860
36082
36599
36726
36757
37302
37390
37678
37777
37907
38273
38274
38605
38887
38950
38983
38999
39082
39449
39459
39474
39487
39520
39577
39669
39843
40025
40276
40428
40773
85
117
219
342
697
1111
1508
1547
1632
1739
1873
2253
2302
2318
2580
2662
2747
3067
3069
3087
3123
3204
3336
3396
3572
3588
3627
3818
3823
4363
4409
4484
4675
4975
4991
5025
5082
5163
5185
5250
5302
5443
5473
5796
5856
6046
6121
6158
6201
6705
6754
7010
7074
7187
7231
7503
7710
8123
8217
8304
8372
8533
8691
8712
8713
8880
8951
9005
9066
9456
9566
9612
9685
9697
9946
10492
10534
10541
10605
10677
10741
10875
10905
10977
10984
11000
11041
11087
11095
11186
11190
11234
11380
11562
11689
11732
12122
12302
12310
12345
12723
12746
14245
14688
14899
14901
14920
15132
15203
15697
15922
16114
16380
16440
16492
16493
16570
16574
16644
16913
16958
17136
17327
17332
17354
17360
17424
17563
17568
17577
17626
17641
17910
17917
18052
18175
18668
18882
18977
19300
19403
19913
19974
20015
20056
20286
20293
20337
20406
20751
21049
21183
21184
21385
21412
21468
21488
21549
21729
22012
22274
22336
22726
23043
23180
23205
23408
23620
23652
23873
23948
23967
24122
24169
24216
24427
24835
24955
24980
25018
25067
25465
25600
25946
26137
26529
26542
26978
27136
27198
27210
27353
27386
27521
27801
27815
28005
28511
28592
28800
28918
29245
29401
29410
29470
29722
30082
30337
30764
31089
31103
31202
31659
31997
32098
32844
33033
33213
33515
33623
34011
34106
34192
34369
34372
34610
35056
35184
35278
35342
35360
35392
35625
35768
35966
36175
36319
36327
36481
37016
37226
37239
37311
37409
37418
37593
37696
37714
37923
37935
38219
38226
38508
38521
38638
38889
39127
39147
39375
39455
39468
39866
40135
40231
40395
40563
40575
40631
40650
40680
