11
382
507
792
819
1027
1094
1197
1202
1217
1440
1480
1492
2003
2037
2066
2104
2348
2493
2553
2572
2784
2892
3124
3160
3383
3532
3623
3816
3830
3937
4185
4268
4269
4282
4554
4602
4613
4639
4812
5016
5022
5074
5503
5760
6026
6165
6188
6190
6537
6654
7040
7147
7158
7963
7969
8360
8566
8833
8976
9524
9654
9738
9795
9809
9979
9998
10131
10171
10279
10344
10687
10728
10942
11063
11154
11413
11553
11609
11686
11965
12071
12073
12474
12493
12512
12609
12631
12718
12893
13121
13314
13361
13518
13726
13744
13790
13833
13884
14301
14306
14308
14363
14599
14666
14674
14844
14859
14886
14915
15349
15480
16293
16398
16603
16697
16968
17097
17155
17201
17732
18121
18201
18359
18472
18506
18751
18814
18872
19229
19312
19422
19734
19799
19903
20024
20466
20506
20537
20770
20778
20876
20938
21092
21123
21134
21157
21167
21248
21268
21287
21767
21770
22136
22297
22470
22528
22821
22823
23867
23890
24033
24347
24598
24652
24684
24761
24807
24831
24866
24982
25011
25192
25470
25780
25801
26072
26455
26537
26715
26951
26960
27065
27104
27352
27548
27569
27748
27806
27814
28072
28122
28473
28759
28783
28982
29152
29601
29625
29644
29653
29836
30331
30441
30598
30660
30697
30824
31004
31019
31087
31097
31271
31392
31519
31592
31601
31637
31873
31890
31893
32135
32152
32217
32485
32869
32908
32931
33244
33762
33831
34020
34039
34235
34300
34708
34777
34884
34907
34963
34996
35080
35151
35403
35424
35447
35651
35769
35860
35909
36051
36082
36329
36599
36719
36726
37777
37840
38013
38036
38103
38274
38444
38605
38628
38983
39067
39310
39449
39459
39474
39487
39577
39843
40229
40276
40309
40342
40432
40800
31
85
117
120
302
369
762
1088
1181
2253
2302
2318
2443
2737
2747
2810
2834
2836
2936
2975
3069
3093
3113
3336
3396
3495
3572
3588
3818
3823
3927
3935
4023
4363
4484
4520
4675
4975
5044
5079
5082
5144
5168
5185
5302
5443
5473
5615
5661
5745
5792
5796
5856
6194
6201
6329
6399
6579
6886
6933
7010
7064
7074
7164
7318
7586
7717
8010
8105
8123
8217
8224
8234
8238
8304
8541
8691
8712
8713
8923
9005
9066
9161
9173
9242
9550
9566
9612
9697
9935
10077
10191
10492
10534
10605
10741
11041
11186
11380
11562
11689
11945
11973
12056
12122
12345
13037
13077
14039
14041
14193
14245
14835
14890
14899
14901
14942
15066
15132
15423
15424
15515
15697
15922
16380
16440
16570
16574
16724
16761
17136
17192
17344
17563
17568
17577
18882
18977
19333
19353
19690
19974
20015
20038
20056
20134
20293
20600
20664
21112
21148
21380
21455
21468
21488
21510
21712
21935
22321
22519
22894
22911
23043
23180
23652
23873
23967
23990
24169
24216
24427
24498
24750
24835
24955
25067
25297
25334
25368
25600
26137
26529
26542
26845
26978
27155
27210
27221
27386
27680
27839
27868
27917
27925
28005
28210
28511
28592
28769
28800
28878
28918
29228
29245
29290
29470
30082
30337
30406
30967
31089
31165
31194
31202
31659
31765
31875
31933
31997
32004
32098
32177
32629
32730
33213
33278
33301
33337
33515
33623
33701
34011
34109
34192
34628
34896
34923
35128
35278
35360
35625
35768
35957
35966
36175
36293
36418
36481
36845
37226
37239
37409
37560
37714
37923
38081
38219
38225
38226
38305
38388
38521
38638
38812
39455
39468
39533
39978
40135
40231
40457
40537
40563
40575
40578
40606
40650
40680
