11
40
719
756
792
819
951
996
1060
1076
1163
1217
1397
1412
1440
1479
1480
2003
2336
2348
2459
2553
2769
2784
3383
3391
3532
3773
3816
3908
4264
4268
4428
4772
4812
4870
4979
5016
5022
5148
5355
5466
5503
5873
6188
6537
6606
7040
7158
7261
7362
7835
7963
7969
8291
8360
8424
8535
8594
8781
8833
9023
9120
9154
9240
9593
9695
9795
9809
9979
9998
10129
10131
10171
10271
10725
10777
10867
10889
11139
11154
11277
11515
11609
11665
11686
11711
11764
11829
11965
12071
12073
12245
12346
12407
12631
12690
12718
12893
12955
13060
13210
13397
13518
13624
13726
13744
13986
14144
14228
14538
14599
14666
14674
14844
14859
14886
15174
15349
15534
15710
16254
16293
16308
16398
16411
16470
16603
16697
17097
17265
17291
17732
17934
18076
18115
18201
18256
18359
18472
18580
18751
18794
19008
19291
19734
19805
19903
20024
20466
20537
20770
20778
21004
21123
21134
21157
21167
21248
21411
21747
21767
22010
22014
22094
22136
22338
22470
22492
22821
22823
22862
23240
23890
23971
24173
24340
24571
24598
24652
24684
24689
24761
24807
24831
24866
25192
25324
25801
25820
26040
26277
26455
26537
26715
26901
26971
27065
27163
27195
27548
27593
27806
27814
27833
28473
28759
28776
28875
29101
29152
29304
29599
29601
29606
29760
29925
30107
30347
30660
30824
31004
31073
31392
31592
31601
31890
31893
32869
32927
32931
33180
33244
33448
33965
34039
34169
34235
34300
34367
34584
34708
34794
34818
34840
34907
34963
34966
34996
35080
35114
35151
35255
35325
35364
35403
35447
35589
35769
35860
35909
35946
36051
36082
36506
36599
36802
37302
37678
37800
37907
37931
38013
38255
38273
38605
38950
38983
38999
39082
39205
39310
39474
39520
39587
39669
39939
40025
40309
31
85
117
219
342
697
1111
1547
1632
1798
1873
2253
2662
2737
2810
2834
2936
3336
3396
3495
3818
3926
3935
3990
4023
4245
4363
4409
4675
4819
4857
4919
4975
4991
5144
5185
5250
5451
5473
5615
5745
5792
5979
6046
6158
6201
6375
6579
6864
6886
6933
7010
7126
7187
7318
7503
7717
8010
8123
8217
8234
8238
8408
8481
8533
8615
8618
8691
8880
9066
9092
9161
9173
9242
9624
9718
10077
10492
10541
10626
10677
10741
10905
10977
10984
10994
11000
11095
11186
11234
11380
11562
11689
11732
11748
11973
12122
12302
12368
12457
12746
13109
14193
14245
14416
14688
14745
14835
14890
14901
15066
15203
15304
15348
15424
15515
15697
16093
16108
16297
16380
16434
16440
16724
16761
17136
17327
17500
17910
18052
18668
18863
18882
18891
18977
19353
19690
19913
19934
19974
20134
20293
20337
20344
20600
20618
20963
21049
21078
21183
21184
21203
21380
21385
21412
21468
21549
22012
22036
22274
22336
22519
22544
22726
23043
23180
23205
23408
23494
23660
23948
23967
24216
24427
24498
24835
24980
25018
25334
25674
25686
25946
26529
27136
27155
27680
27801
27815
28038
28208
28769
28800
28878
28918
29245
29290
29470
29722
29787
30082
30169
30337
30474
30764
30967
31194
31875
32004
32197
32454
32629
33033
33301
33337
33515
33623
34106
34242
34325
34610
34628
34668
34923
34931
35128
35184
35278
35327
35392
35546
35633
35912
36175
36319
36327
36418
36481
36845
36881
37016
37369
37696
37714
37815
37913
38055
38081
38219
38225
38226
38305
38388
38521
38703
38789
38811
38989
39084
39147
39455
39533
40135
40185
40537
40575
40578
40606
40650
40784
