719
756
792
819
1060
1094
1202
1217
1397
1440
1480
1513
1535
1671
1758
2003
2037
2066
2336
2348
2493
2572
2861
2917
3055
3160
3451
3532
3908
3937
3999
4185
4268
4269
4282
4387
4422
4554
4602
4613
4772
4979
5016
5024
5074
5148
5355
5465
5760
6190
6517
6606
7147
7435
7835
7969
8578
8594
8644
8781
8976
9072
9240
9593
9979
10271
10279
10593
10687
10725
10777
10889
10927
10942
11204
11515
11642
11658
11665
11686
11764
11829
12245
12346
12407
12512
12571
12955
12985
13029
13126
13190
13397
13469
13518
13624
13726
13742
13790
13833
13884
14091
14301
14363
14599
14844
14859
14886
15534
15710
16411
16697
16844
16860
16959
17067
17097
17155
17201
17265
17340
18076
18115
18121
18256
18338
18472
18872
19151
19225
19312
19423
19525
19624
19734
19799
20024
20104
20334
20491
20506
20770
20778
20938
21123
21157
21312
21411
21770
21821
22010
22014
22297
22338
22492
22763
22821
23190
23694
23971
24033
24340
24347
24375
24554
24571
24652
24689
24866
24982
25801
26040
26072
26269
26347
26455
26537
26901
26951
26958
26971
26992
27065
27352
27402
27548
27690
27719
27748
27806
28122
28658
28776
28875
28931
28982
28990
29101
29152
29304
29403
29588
29601
29606
29760
29836
30040
30107
30331
30347
30481
30697
31073
31097
31392
31519
31601
31893
32123
32135
32217
32280
32290
32931
33180
33244
33448
33749
33815
33965
34039
34300
34584
34840
34907
34963
35024
35078
35151
35364
35424
35651
35769
35770
35860
35909
35946
36329
36506
36599
36719
36726
36802
37281
37840
37931
38013
38222
38273
38444
38983
38999
39310
39474
39487
39520
39572
39694
39843
40025
40055
40069
40074
40309
40342
40432
40800
42
117
120
302
369
1088
1507
1508
1547
1632
1739
1798
2253
2302
2443
2452
2575
2580
2601
2836
2936
2975
3067
3069
3087
3123
3204
3336
3823
3926
3927
3935
4023
4245
4456
4484
4520
4819
4919
4975
5025
5096
5302
5473
5615
5792
5856
6167
6201
6307
6399
6469
6864
6933
7010
7064
7187
7231
7318
7586
8105
8239
8372
8408
8481
8541
8691
8712
8713
8880
8951
9005
9066
9092
9161
9242
9685
9718
9922
9935
10077
10605
10677
10741
10905
10977
10984
10994
11041
11087
11095
11186
11190
11598
11689
11748
11973
12056
12368
12390
12746
13037
13077
13099
13109
13129
13875
14039
14193
14416
14688
14745
14835
14890
14899
14901
15132
15203
15348
15423
15424
15515
15922
16093
16108
16228
16297
16320
16380
16440
16493
16644
16761
16913
16958
17306
17344
17360
17563
17626
17917
18052
18668
18882
19353
19614
19913
20015
20056
20134
20293
20344
20406
20507
20600
20618
20664
20751
20813
20827
20860
21183
21380
21385
21412
21488
21729
21935
22012
22036
22274
22321
22519
22888
22894
23494
23620
23660
23929
23948
23967
24216
24427
24498
24835
24867
24955
25334
25465
25600
25674
26267
27136
27155
27198
27210
27221
27521
27868
28210
28511
28878
29245
29290
29327
29508
29787
30051
30082
30169
30337
30406
30967
31089
31103
31194
31202
31659
31765
31808
31875
31933
31997
32004
32098
32197
32454
32844
33087
33213
33278
34106
34242
34325
34369
34372
34628
35278
35327
35342
35360
35391
35392
35546
35768
35957
36021
36293
36319
36327
36481
37311
37369
37418
37509
37560
37593
37696
37714
37889
37913
37923
37927
38055
38225
38226
38388
38521
38889
38989
39084
39127
39147
39375
39455
39866
40151
40231
40537
40578
40609
