40
382
507
719
756
792
819
951
996
1027
1202
1217
1397
1412
1440
1492
1535
1758
2003
2037
2066
2459
2553
2572
2858
2861
2917
3383
3575
3816
3830
3908
3937
3999
4268
4282
4387
4639
4772
4979
5016
5022
5503
5760
5811
5812
6165
6190
6313
6982
7040
7158
7362
7835
8060
8079
8360
8535
8566
8578
8594
8644
8781
9047
9072
9240
9524
9795
9809
9998
10129
10131
10344
10725
10777
10867
11063
11139
11154
11225
11277
11413
11515
11642
11665
11764
11829
11830
12071
12245
12407
12609
12631
12690
12893
12955
12985
13104
13175
13190
13203
13210
13469
13518
13624
13709
13726
13742
13744
13833
14190
14363
14666
14915
15059
15349
15480
16463
16603
16697
16959
16968
17067
17097
17444
17732
17780
17934
18115
18201
18359
18472
18506
18814
19008
19291
19312
19422
19525
19734
19805
19903
20104
20466
20491
20938
21004
21092
21123
21134
21248
21268
21287
21612
21747
21821
22094
22297
22418
22470
22547
22763
22823
22862
22935
23080
23240
23694
23890
23971
24033
24289
24554
24571
24831
24982
25011
25470
26455
26480
26537
26580
26960
27195
27372
27402
27548
27593
27690
27719
27725
27833
28072
28473
28554
28658
28759
28776
28875
28982
28990
29152
29760
29836
29925
29963
30172
30481
31004
31271
31392
31473
31519
31601
31637
31882
31893
32280
32296
32485
32869
32908
32931
33244
33749
33762
33815
33833
33965
34017
34020
34039
34235
34300
34708
34777
34818
34963
34966
35024
35053
35078
35080
35114
35407
35589
35770
35873
36329
36757
37281
37390
37678
37840
37931
38444
38605
38677
38887
38950
38983
38999
39067
39310
39417
39577
39587
39694
40069
40074
40229
40276
40309
40773
40800
13
42
85
219
231
302
1111
1181
1508
1547
1632
1739
1798
1873
2302
2318
2443
2452
2575
2601
2747
2834
2836
2936
2975
3069
3093
3113
3123
3204
3396
3572
3818
3823
3926
3927
3990
4023
4245
4288
4409
4456
4484
4778
4819
4919
4995
5044
5052
5079
5082
5096
5163
5168
5324
5451
5473
5615
5856
6121
6158
6194
6201
6375
6469
6579
6705
6754
6864
7126
7710
8010
8224
8234
8238
8372
8533
8541
8563
8615
8712
8880
9005
9092
9161
9256
9566
9624
9697
9922
9935
10077
10191
10605
10677
10984
11041
11095
11186
11247
11380
11562
11598
11748
12122
12310
12390
13109
13445
13785
13875
14039
14041
14688
14745
14899
14942
15066
15203
15304
15348
15423
15424
15515
15697
16093
16228
16297
16434
16492
16493
16574
16644
16724
17192
17327
17332
17360
17563
17568
17910
18052
18175
18668
19216
19403
19614
19690
19913
19934
19974
20015
20038
20056
20286
20293
20600
20618
20751
20827
20963
21049
21148
21184
21203
21380
21385
21455
21468
21481
21488
21510
21935
22012
22321
22336
22888
23043
23180
23205
23620
23660
23873
23929
23948
23990
24122
24427
24498
24721
24955
24980
25018
25334
25600
25674
25686
26232
26267
26542
26978
27680
27801
27839
27925
28005
28208
28210
28511
28592
28800
28878
28918
29245
29327
29470
29787
30008
30082
30337
30474
30764
31765
31808
31933
32098
32197
32629
32730
33087
33494
33701
34242
34369
34622
34628
35056
35128
35184
35342
35392
35541
35546
35625
36175
36296
36319
36327
36418
36594
36724
37016
37369
37409
37418
37509
37593
37696
37714
37889
37923
38055
38081
38225
38305
38388
38789
38811
38889
38989
39127
39147
39468
39574
39866
40151
40395
40537
40606
40609
40650
40680
40784
