11
40
382
507
756
951
1060
1094
1397
1412
1440
1535
1671
1758
2003
2066
2104
2459
2553
2784
2861
2892
2917
3382
3383
3451
3575
3623
3830
3908
3999
4269
4387
4422
4554
4602
4772
4812
5022
5465
5503
5812
5873
6188
6190
6313
6477
6537
6711
7040
7085
7435
7963
8060
8079
8253
8291
8480
8535
8644
9023
9072
9154
9240
9524
9593
9738
9998
10129
10171
10279
10344
10593
10687
10725
10777
10867
10889
10927
11154
11204
11225
11413
11515
11609
11642
11965
12071
12198
12245
12346
12407
12571
12718
12893
12985
13060
13203
13314
13361
13469
13624
13726
13744
13833
13884
13986
14091
14228
14306
14363
14599
14666
14844
14859
14886
15059
15174
15534
16293
16398
16470
16697
16860
16959
16968
17067
17291
17522
17934
18076
18115
18472
18506
18580
18751
18794
19151
19225
19312
19321
19423
19903
20225
20491
20506
20778
20938
21123
21134
21167
21248
21287
21312
21411
21612
22010
22014
22094
22136
22297
22470
22492
22763
22862
22935
23080
23190
23240
24033
24173
24347
24571
24598
24652
24761
24807
24831
24866
24982
25324
25470
25801
25820
26040
26072
26455
26480
26715
26951
26958
26992
27195
27569
27690
27719
27725
27748
27806
27833
28473
28554
28783
28982
28990
29152
29588
29599
29601
29606
29653
29925
29936
29963
30331
30347
30441
30598
30697
30824
31073
31637
31882
32152
32217
32290
32296
32485
32908
32931
33180
33274
33749
33815
33831
33965
34017
34020
34039
34246
34300
34584
34818
34840
34884
34907
35255
35403
35407
35424
35589
35651
35769
35860
35946
36051
36329
36719
36757
37800
37840
37907
38013
38103
38255
38273
38444
38605
38677
38950
38999
39082
39310
39417
39459
39520
39577
39587
40055
40069
40229
40276
40309
40342
40428
40773
31
231
302
342
346
369
697
1088
1181
1739
1798
1873
2318
2443
2452
2575
2601
2737
2747
2834
2836
3067
3087
3093
3123
3495
3627
3823
3935
4023
4245
4409
4456
4484
4529
4675
4778
4975
4991
5025
5044
5082
5163
5250
5302
5443
5661
5745
5792
5796
5979
6046
6167
6194
6307
6705
6754
6886
7010
7074
7126
7187
7503
7586
8105
8123
8224
8234
8372
8541
8563
8615
8691
8712
8713
8880
8923
9005
9092
9242
9456
9566
9922
10077
10492
10534
10541
10626
10677
10875
10905
10994
11000
11190
11234
11380
11598
11689
11732
11945
12122
12310
12345
12368
12390
12723
13037
13785
14039
14041
14193
14245
14416
14688
14901
14920
14942
15066
15348
15697
16093
16108
16114
16228
16440
16570
16644
16913
17306
17332
17344
17360
17500
17563
17568
17577
17729
18668
18863
18882
18891
18977
19333
19353
19913
20015
20038
20056
20134
20337
20507
20600
20618
20664
20751
20827
20963
21078
21148
21412
21468
21488
21510
21712
21729
22036
22544
23494
23620
23929
23948
23967
24122
24169
24216
24498
24721
24835
24917
24955
25018
25297
25674
26267
26529
26542
26845
26978
27155
27198
27221
27353
27386
27521
27801
27839
27917
28038
28208
28511
28878
28918
29245
29290
29327
29401
29410
29508
29722
30337
30406
30474
30967
31165
31194
31808
32098
32730
32844
33033
33213
33337
33494
33701
34106
34109
34192
34325
34610
34668
34931
35056
35342
35371
35391
35392
35541
35912
35957
35966
36175
36327
36418
36594
36724
36845
37016
37311
37509
37560
37714
37889
37927
38055
38225
38305
38388
38638
38703
38812
38889
38989
39866
40185
40231
40457
40575
40578
40609
40650
40680
40784
