507
719
792
819
1076
1197
1202
1217
1412
1479
1492
1671
2104
2336
2348
2459
2493
2572
2917
3391
3451
3575
3623
3816
3830
3908
3937
4185
4269
4282
4387
4613
4639
4870
5016
5074
5148
5465
5466
5760
5812
6165
6188
6190
6982
7040
7147
7435
7835
7963
8424
8480
8510
8535
8578
8626
8781
9072
9154
9593
9654
9795
9809
9979
10131
10171
10593
10687
10725
10728
10777
10867
10889
10927
10942
11154
11225
11609
11642
11665
11764
11965
12071
12198
12245
12493
12512
12631
12718
13126
13203
13210
13299
13361
13397
13624
13726
13744
13790
13884
14091
14228
14308
14516
14538
14674
14915
15059
15174
15480
15534
15710
16398
16463
16697
16844
16959
17291
17732
17780
17969
18076
18201
18359
18506
18580
18751
18814
18872
19008
19312
19321
19423
19624
20225
20334
20466
20491
20506
20778
20876
21004
21092
21123
21134
21167
21268
21287
21312
21612
21770
21821
22014
22094
22136
22297
22418
22470
22528
22547
22763
22821
22862
23080
23240
23694
23867
23971
24289
24375
24554
24571
24598
24684
24689
24761
24831
25011
25324
25470
26040
26269
26455
26480
26561
26715
26901
26951
26958
26971
27065
27163
27195
27690
27719
27725
27748
27806
27814
28072
28759
28875
28982
29101
29152
29403
29588
29599
29625
29644
29760
29836
29936
29963
30040
30481
30598
30660
31004
31019
31087
31097
31271
31519
31601
31882
31890
31893
32005
32135
32152
32280
32290
32908
32927
32931
33180
33274
33448
33749
33815
33831
33833
33965
34017
34039
34169
34621
34708
34777
34884
34966
34996
35017
35078
35080
35114
35255
35325
35364
35379
35424
35447
35769
35770
35860
35873
36051
36082
36329
36599
36726
37777
37907
38036
38103
38274
38628
38887
38983
38999
39310
39449
39459
39487
39577
39587
39694
40025
40055
40229
40276
40428
40432
40773
40800
31
85
117
120
219
342
762
1088
1508
1632
1739
1873
2302
2443
2452
2575
2580
2737
2810
2975
3087
3113
3123
3336
3396
3495
3588
3926
3990
4245
4363
4520
4778
4857
4995
5025
5044
5096
5144
5250
5443
5473
5615
5661
5856
5979
6194
6201
6329
6469
6864
6886
7010
7064
7074
7164
7231
7318
7503
7710
8010
8105
8217
8238
8239
8304
8372
8481
8563
8615
8618
8712
8713
8880
8951
9066
9161
9242
9456
9550
9566
9612
9685
9718
10077
10541
10677
10741
10984
11000
11087
11095
11190
11247
11689
11748
12056
12122
12345
12368
12457
12723
12746
13077
13109
13718
14416
14745
14901
15424
15515
15697
16114
16297
16320
16380
16434
16492
16570
16644
16724
16913
17136
17192
17332
17344
17424
17568
17577
17641
17729
17910
18052
18175
18668
19300
19333
19614
19934
19974
20038
20286
20507
20600
20618
20827
21049
21184
21203
21385
21455
21481
21488
21549
21712
22336
22710
22726
23180
23205
23408
23620
23873
23929
23990
24122
24169
24216
24721
24750
24835
24955
25018
25067
25465
25600
25686
26542
26978
27198
27353
27386
27521
27680
27868
27917
28005
28208
28210
28769
28878
28918
29290
29401
29787
30406
30764
30967
31103
31194
31659
31808
31997
32004
32177
32197
32454
32629
32730
33033
33087
33278
33301
33515
33701
34011
34192
34242
34325
34622
34668
34896
35128
35278
35327
35360
35371
35391
35541
35633
35768
35957
35966
36175
36319
36418
36845
37239
37409
37418
37560
37593
37696
37714
37815
37913
37923
37935
38081
38226
38305
38388
38812
39084
39127
39375
39455
39468
39866
40135
40185
40575
