40
382
756
792
819
1076
1094
1202
1440
1480
1513
1758
2003
2066
2104
2336
2348
2553
2769
2861
2917
3124
3160
3383
3532
3575
3623
4264
4282
4428
4554
4639
4870
5074
5355
5760
6313
6477
6517
6537
6982
7040
7158
7261
7963
7969
8060
8079
8291
8535
8566
8578
8626
8976
9072
9154
9240
9593
9654
9809
9998
10129
10131
10271
10344
10687
10725
10728
10889
11139
11204
11413
11515
11553
11642
11658
11686
11711
11764
12071
12073
12245
12346
12375
12474
12512
12631
12690
12893
12955
13029
13104
13121
13126
13135
13175
13190
13203
13469
13709
13742
13744
13790
13884
13986
14091
14144
14190
14228
14301
14308
14516
14538
14859
14915
15174
15480
15710
16254
16293
16398
16470
16697
16844
16860
16959
17067
17201
17291
17444
17522
17732
17934
18076
18201
19008
19225
19229
19291
19312
19321
19422
19624
19799
19805
19903
20024
20225
20334
20466
20537
20770
20876
21092
21134
21157
21167
21248
21268
21287
21312
21411
21767
22010
22094
22246
22297
22338
22418
22492
22528
22547
22763
22821
22935
23080
23240
23694
23867
23890
23971
24033
24173
24289
24571
24598
24684
24831
24982
25324
25780
25820
26040
26269
26277
26347
26455
26537
26561
26580
26901
26951
26958
26992
27163
27352
27372
27719
27725
27748
28122
28554
28658
28759
28776
28875
28982
29403
29588
29601
30331
30441
30598
30660
31004
31097
31271
31392
31473
31519
31637
31873
31890
32005
32135
32152
32290
32296
32485
32869
32908
32927
32931
33180
33274
33448
33749
33965
34017
34020
34039
34235
34246
34584
34621
34708
34794
34840
34963
35017
35024
35080
35114
35364
35447
35770
35909
36051
36506
36726
36757
36802
37281
37777
37907
37931
38013
38103
38274
38444
38628
38887
38999
39310
39487
39520
39669
39694
39843
39939
40025
40055
40069
40229
40276
40309
40342
40432
40800
13
31
42
117
120
219
231
342
369
1088
1111
1181
1873
2443
2580
2601
2662
2810
2975
3069
3093
3123
3204
3350
3396
3588
3818
3935
4023
4245
4363
4456
4484
4520
4675
4778
4857
4919
4991
5044
5082
5144
5163
5302
5473
5796
5856
5979
6046
6167
6329
6375
6469
6933
7010
7074
7126
7231
7503
7586
7717
8123
8234
8238
8618
8712
8713
8923
8951
9092
9456
9612
9624
9697
9718
9946
10492
10534
10605
10741
10984
11000
11041
11095
11186
11234
11562
11598
11689
11732
11748
12056
12302
12345
12368
12723
12746
13037
13077
13099
13129
13785
14041
14416
14920
15203
15384
15424
15922
16093
16108
16114
16297
16440
16492
16570
16644
17192
17306
17344
17354
17424
17563
17729
17917
18052
18977
19216
19300
19403
19690
19913
19934
19974
20134
20136
20293
20406
20507
20600
20813
20827
20963
21078
21112
21148
21183
21203
21380
21385
21412
21468
21549
22036
22544
22726
22888
23205
23408
23990
24427
24498
24867
24917
25067
25368
25600
25674
25686
26137
26232
26267
26529
26542
26845
27198
27221
27353
27680
27815
27839
27868
27917
27925
28038
28208
28511
28592
28769
28878
29290
29327
29401
29410
29508
30008
30082
30169
30474
30764
30967
31089
31165
31659
31875
31933
32454
32629
32844
33213
33494
33515
33623
33701
34242
34369
34372
34610
34628
34668
35546
35625
35768
35912
35966
36175
36293
36319
36327
36481
36724
37226
37369
37418
37509
37714
37815
37923
38081
38226
38508
38521
38703
38811
38812
38889
39084
39147
39375
39468
39866
39978
40135
40151
40185
40537
40606
40631
40650
