40
382
507
719
819
951
1027
1060
1163
1197
1217
1397
1412
1440
1480
1492
1535
2104
2348
2572
2769
2784
3055
3382
3532
3773
3816
3999
4185
4282
4387
4602
4613
4639
4772
4979
5022
5148
5465
5466
5503
5760
5811
6026
6165
6188
6606
6982
7040
7261
7835
8079
8253
8291
8360
8424
8480
8510
8535
8566
8626
8644
9072
9120
9154
9240
9654
9695
9738
9979
10129
10131
10271
10593
10725
10728
10867
10927
11063
11204
11277
11515
11658
11686
11711
11764
11829
11830
12346
12474
12512
12690
12893
12955
12985
13104
13190
13314
13361
13624
13742
13790
13986
14091
14144
14190
14308
14363
14599
15349
15534
16398
16463
16470
16603
16697
16844
16959
16968
17097
17291
17340
17444
17522
17780
18076
18115
18121
18201
18359
18472
18506
18580
18814
19225
19312
19321
19525
19903
20024
20225
20334
20537
20778
21004
21123
21134
21268
21411
21767
21821
22010
22136
22297
22418
22492
22528
22763
23240
23694
24347
24375
24571
24598
24689
25470
25801
25820
26269
26347
26480
26580
26901
26951
26960
26992
27065
27195
27352
27372
27569
27725
27814
27833
28072
28473
28554
28658
28759
28875
28982
29152
29304
29403
29601
29625
29836
29925
29936
30107
30331
30347
30441
30449
30481
30598
30660
30824
31019
31271
31473
31519
31637
31873
31882
32005
32123
32217
32290
32296
32908
33180
33244
33274
33749
33831
33833
34169
34300
34367
34584
34708
34777
34818
34840
34963
34996
35024
35078
35080
35098
35114
35255
35325
35403
35407
35424
35447
35589
35651
35769
35860
35909
36726
37302
37390
37678
37907
38036
38222
38273
38274
38950
38999
39082
39417
39474
39669
39694
40025
40069
40074
40276
40342
40428
40432
31
120
219
231
346
1088
1111
1181
1507
1873
2302
2580
2747
2810
3087
3093
3113
3204
3336
3572
3588
3627
3818
3823
3926
3927
4363
4409
4529
4675
4778
4819
4919
4975
4995
5025
5044
5052
5079
5096
5144
5185
5250
5324
5443
5451
5745
5792
5856
6046
6201
6307
6329
6375
6469
6579
6754
6886
6933
7074
7187
7231
7345
7503
7710
7717
8010
8105
8123
8217
8224
8304
8533
8615
8618
8691
8923
8951
9092
9550
9612
9624
9685
9922
9935
9946
10077
10534
10541
10626
10741
10875
10905
10977
10984
11000
11041
11095
11234
11562
11598
11689
11732
11973
12122
12302
12368
12390
12457
12746
13875
14039
14041
14193
14416
14745
14835
14901
14920
15132
15384
16108
16228
16297
16320
16380
16434
16570
16644
16724
16761
16913
16958
17136
17192
17306
17332
17344
17500
17563
17626
18052
18882
18891
19300
19403
19690
19974
20056
20136
20337
20507
20600
20618
20664
21148
21183
21380
21385
21412
21510
21712
21729
22012
22036
22336
22519
22544
22710
22911
23043
23205
23620
23660
23873
24122
24169
24867
24917
25018
25067
25465
25674
26267
26529
26845
26978
27136
27353
27521
27801
28208
28210
28327
28592
28800
28878
28918
29228
29245
29290
29327
29401
29410
29470
29722
29787
30008
30051
30082
30169
30337
30474
30764
31089
31103
31165
31194
31394
31659
31808
31875
31933
31997
32098
32177
32197
32629
33033
33087
33278
33301
33337
33515
33623
34106
34109
34192
34325
34372
34610
34622
34923
35128
35184
35278
35327
35342
35391
35392
35541
35546
35912
36327
36481
36845
37016
37239
37696
37714
37889
37913
37935
38081
38219
38225
38638
38703
38811
39147
39533
39574
39866
40135
40185
40231
40395
40457
40537
40563
40575
40578
