11
40
756
792
819
996
1027
1060
1076
1094
1202
1397
1412
1479
1480
1492
1671
2003
2066
2348
2493
2553
2572
2784
3055
3382
3383
3391
3451
3532
3816
3830
4269
4387
4422
4554
4602
4812
4979
5016
5024
5074
5355
5466
5503
5760
6026
6165
6190
6441
6477
6606
6654
6711
6982
7362
7435
7835
8060
8253
8360
8480
8535
8566
8578
8594
8626
8644
8781
8976
9047
9154
9524
9654
9695
9738
10129
10131
10171
10271
10279
10593
10687
10777
10927
10942
11139
11154
11204
11225
11413
11515
11711
11764
11829
11830
12346
12474
12690
12718
12955
12985
13104
13135
13203
13210
13299
13397
13469
13709
13726
13742
13790
13986
14144
14228
14301
14306
14308
14363
14516
14538
14599
14666
14886
15059
15349
16254
16398
16470
16603
16697
16860
16968
17067
17155
17265
17340
17732
17780
17934
17969
18115
18121
18201
18256
18338
18359
18580
18751
18794
19008
19151
19291
19422
19525
19624
19903
20024
20876
21004
21092
21123
21134
21268
21747
21770
21821
22094
22136
22246
22492
22528
22821
22823
22862
22935
23080
23890
24033
24289
24340
24347
24554
24571
24684
24689
24807
24831
25192
25470
25780
25820
26040
26277
26347
26455
26480
26537
26715
26901
26971
27065
27163
27195
27372
27548
27725
27748
27814
28122
28554
28776
28982
29152
29403
29588
29599
29625
29836
29925
29936
30172
30481
30598
30660
30697
31004
31097
31271
31392
31473
31519
31592
31601
31873
32152
32217
32280
32290
32319
32485
32908
32927
32931
33831
33965
34020
34039
34169
34235
34300
34367
34584
34777
34794
34818
34840
34907
34996
35017
35098
35325
35364
35379
35403
35407
35424
35589
35651
35769
35770
35873
36051
36329
36599
36719
36726
36757
37390
37800
37907
38013
38273
38444
38887
38950
38983
38999
39067
39205
39310
39417
39449
39572
39577
39843
40055
40229
40276
40309
40342
40773
40800
219
231
302
342
346
697
762
1181
1632
2253
2302
2318
2443
2575
2580
2737
2810
2834
2936
3087
3113
3204
3396
3572
3627
3818
4023
4363
4456
4484
4529
4919
4975
4991
4995
5025
5044
5082
5163
5168
5185
5302
5473
5661
5792
5796
6046
6121
6307
6579
6705
6754
6933
7010
7074
7126
7164
7231
7710
8010
8238
8533
8615
9066
9161
9173
9550
9566
9922
9946
10077
10492
10626
10875
10905
10977
11041
11190
11247
11562
11732
11748
12368
13037
13099
13718
14039
14193
14901
15348
15384
15424
15515
15697
16114
16228
16320
16434
16574
16644
16724
16761
16958
17136
17306
17344
17354
17563
17568
17626
17641
17910
17917
18052
18175
19216
19300
19403
19974
20056
20136
20293
20507
20600
20751
20963
21078
21148
21183
21380
21385
21468
21488
21729
21935
22012
22036
22274
22519
22726
22894
23205
23408
23494
23620
23873
23948
23967
23990
24169
24427
24721
24835
24867
24917
24955
24980
25067
25297
25674
25946
26232
26529
26845
26978
27155
27221
27353
27386
27521
27815
27839
27868
27917
28208
28511
28592
28878
28918
29245
29290
29327
29410
29508
30008
30051
30082
30169
30764
31089
31165
31194
31202
31659
31765
32177
32197
33033
33087
33494
33515
33623
34192
34372
34622
34628
35056
35128
35184
35278
35371
35541
35625
35633
35768
35912
36021
36319
36327
36418
36481
36594
36724
37016
37226
37409
37418
37509
37560
37696
37815
37927
38055
38081
38225
38388
38521
38703
38789
38811
38889
38989
39084
39468
39574
39866
40135
40151
40395
40537
40563
40575
40578
40606
