507
792
951
996
1027
1060
1076
1197
1202
1397
1412
1440
1479
1671
2037
2066
2336
2459
2553
2572
2858
2892
3055
3532
3623
3816
3937
3999
4268
4269
4282
4387
4554
4613
4639
4812
4979
5022
5148
5355
5466
5812
6026
6190
6313
6606
6711
7040
7158
7362
7963
7969
8060
8079
8253
8291
8535
8566
8578
8626
8781
8833
9120
9654
9738
9979
10131
10171
10271
10687
10725
10728
10889
10942
11063
11154
11277
11413
11515
11609
11658
11665
11830
12071
12407
12474
12493
12512
12571
12690
12893
12985
13029
13104
13121
13126
13135
13203
13299
13361
13790
13833
13884
13986
14091
14301
14516
14599
14666
14844
14859
15059
15174
15480
15534
15710
16293
16308
16398
16411
16844
16860
16959
17067
17097
17201
17340
17522
17732
17780
17969
18076
18121
18201
18359
18506
18751
19008
19151
19229
19291
19312
19799
19805
19903
20770
20876
21004
21092
21157
21167
21248
21312
21411
21747
21770
22010
22094
22136
22246
22338
22418
22470
22528
22547
22763
22823
22862
23240
24033
24173
24289
24375
24554
24598
24684
24807
24866
25011
25192
25820
26269
26455
26480
26537
26992
27195
27352
27719
27748
27806
27833
28072
28473
28554
28658
28776
28875
29304
29588
29599
29760
29925
29963
30107
30172
30347
30441
30481
30660
31087
31271
31473
31592
31601
31637
31882
31890
31893
32005
32123
32217
32280
32296
32319
32485
32869
32931
33244
33274
33448
33749
33815
33965
34020
34039
34235
34300
34367
34708
34777
34794
34818
34884
34963
34996
35017
35078
35080
35098
35114
35151
35447
35589
35769
35770
35860
35873
36051
36082
36329
36599
36726
36757
36802
37302
37390
37678
37777
37800
37840
37931
38036
38255
38274
38444
38605
38983
39205
39474
39487
39577
39587
39694
39939
40025
40055
40074
40229
40342
40773
42
85
117
219
231
302
762
1181
1507
1739
2302
2318
2443
2452
2575
2580
2601
2662
2737
2747
2810
2836
2936
3069
3087
3093
3123
3204
3495
3588
3627
3926
4288
4363
4409
4456
4520
4529
4675
4857
4919
4975
4991
5025
5044
5168
5473
6046
6121
6158
6167
6194
6307
6329
6399
6579
6705
6754
7010
7074
7164
7231
7586
7717
8010
8123
8217
8239
8304
8372
8533
8541
8615
9005
9242
9256
9456
9566
9624
9718
9922
10077
10191
10534
10541
10605
10677
10741
10875
11000
11041
11095
11186
11190
11562
11598
11689
11748
11973
12056
12310
12345
12368
12457
13077
13129
13445
14039
14041
14193
14688
14745
14835
14890
14901
15132
15384
15697
16297
16320
16380
16434
16492
16493
16644
17136
17332
17344
17354
17500
17563
17577
17641
17917
18668
18891
18977
19333
19353
19403
19913
19974
20015
20038
20286
20344
20406
20507
20600
20618
20664
20751
20813
20827
21078
21148
21203
21455
21481
21488
21712
22036
22274
22321
22519
22544
22710
22888
23043
23205
23408
23620
23652
23660
23929
23990
24122
24169
24216
24835
24867
24917
25018
25067
25297
25368
25600
26267
26542
26978
27198
27353
27386
27801
27839
27868
27917
28038
28210
28327
28511
28769
29245
29290
29327
29410
29470
30406
30967
31194
31202
31659
31808
32197
32629
32730
33033
33213
33278
33515
33623
34011
34106
34109
34325
34369
34372
34628
34668
34923
35128
35278
35342
35360
35371
35546
35768
35966
36175
36296
36319
36724
36881
37016
37239
37560
37593
37714
37923
37927
38055
38081
38226
38388
38508
38521
38789
39468
39574
40135
40151
40457
40563
40575
40606
40631
40784
