11
382
507
756
792
1027
1060
1076
1163
1197
1397
1513
1535
1758
2003
2066
2104
2336
2493
2553
2572
2861
3391
3451
3816
3999
4185
4268
4269
4282
4387
4602
4613
4639
4772
4812
4979
5016
5022
5074
6026
6165
6188
6313
6441
6537
6606
6654
6982
7085
7147
7158
7261
7362
7835
8079
8253
8291
8424
8480
8535
8594
8626
8644
8976
9023
9120
9240
9654
9695
9738
9795
9809
9998
10131
10171
10271
10687
10728
10889
10927
11063
11139
11225
11515
11553
11609
11658
11686
11829
11830
11965
12073
12198
12474
12493
12571
12609
12631
12690
12718
12893
12955
13121
13126
13175
13190
13203
13299
13397
13518
13709
13742
13790
13833
13884
13986
14091
14306
14599
15174
15480
15710
16254
16293
16411
16463
16470
16603
16697
16959
16968
17097
17155
17201
17291
17444
17522
17780
17969
18076
18201
18338
18359
18751
18794
18814
19008
19151
19225
19291
19423
19525
19805
20024
20104
20225
20466
20491
20506
20770
20778
21004
21092
21134
21167
21248
21268
21312
21411
21767
21770
21821
22014
22094
22136
22246
22492
22528
22763
22821
22823
23190
23694
23890
24033
24571
24598
24652
24689
24831
24982
25011
25192
25324
25780
25801
25820
26040
26269
26537
26580
26715
26901
26951
26958
26971
27104
27402
27548
27690
27725
27814
28554
28658
28759
28776
28982
29101
29152
29403
29625
29653
29925
29963
30040
30107
30172
30331
30441
30660
30824
31019
31087
31097
31392
31519
31592
31601
31890
32290
32296
32927
33180
33274
33762
33833
33965
34017
34169
34235
34246
34300
34708
34963
34966
34996
35017
35098
35114
35151
35364
35379
35407
35769
35770
35909
35946
36051
36347
36757
36802
37302
37390
37777
37907
37931
38036
38273
38274
38605
38677
38887
38950
38983
38999
39067
39082
39417
39459
39474
39520
39577
39669
39843
39939
40025
40055
40229
40276
40428
40432
42
302
346
369
1088
1181
1508
1798
2318
2443
2575
2834
3069
3087
3123
3495
3823
3926
3990
4245
4363
4409
4484
4520
4675
4857
5044
5079
5082
5096
5168
5185
5250
5302
5324
5443
5661
5796
5979
6046
6121
6158
6167
6399
6579
6864
6886
7074
7164
7345
7710
8105
8217
8224
8234
8239
8372
8408
8481
8541
8563
8615
8691
8713
8880
8923
9005
9161
9256
9456
9566
9612
9922
10191
10492
10534
10541
10605
10677
10984
10994
11041
11087
11247
11732
11973
12122
12310
12368
12457
12746
13037
13129
13785
14039
14041
14193
14416
14688
14920
15132
15203
15348
15515
15697
16108
16228
16434
16440
16493
16724
16958
17306
17332
17344
17360
17500
17563
17577
17910
18052
18882
19333
19403
19614
19690
19934
20038
20136
20286
20337
20344
20406
20618
20860
21184
21380
21481
21712
21729
22274
22519
22544
22710
22911
23043
23205
23873
23948
23990
24122
24721
24835
24917
24955
25018
25067
25297
25368
25674
25686
26529
26542
26978
27198
27210
27386
27521
27680
27801
27815
27839
27925
28210
28327
28511
28800
29228
29327
29401
29410
30008
30051
30082
30169
30406
30474
30967
31089
31202
31394
31659
31765
31933
32004
32098
32197
32454
32844
33278
33337
33494
33515
33623
33701
34011
34192
34325
34369
34372
34622
34628
34896
34923
35056
35184
35327
35342
35360
35391
35541
35546
35625
35912
36021
36293
36481
36594
36724
37016
37226
37311
37418
37509
37714
37815
37889
37927
37935
38055
38081
38226
38305
38989
39084
40135
40151
40185
40231
40563
40575
40578
40606
40609
40680
40784
