11
40
719
756
792
819
1060
1076
1197
1217
1397
1535
1671
2003
2348
2493
2553
2784
2858
2861
2892
2917
3055
3124
3160
3382
3575
3773
3816
3937
4185
4422
4428
4602
4613
4772
4812
5022
5148
5355
5465
5466
5503
5812
5873
6441
6982
7040
7158
7261
7435
7969
8079
8253
8424
8480
8566
8578
8594
8626
8833
9072
9120
9240
9654
9738
9795
10129
10171
10279
10344
10593
10687
10777
10867
11063
11154
11204
11277
11413
11553
11658
11665
11764
12073
12198
12407
12512
12955
12985
13203
13210
13361
13397
13469
13518
13726
13744
14091
14144
14190
14228
14301
14306
14308
14516
14666
14674
14844
14859
15174
15349
15480
15710
16254
16293
16308
16463
16603
16844
16860
16959
17097
17155
17265
17291
17340
17522
17732
17780
17934
18076
18121
18256
18338
18506
18580
19008
19225
19229
19321
19422
19423
19624
19799
20104
20334
20537
20876
21004
21092
21747
21767
21821
22014
22094
22136
22297
22492
22821
22935
23080
23694
23867
23890
24033
24173
24347
24652
24684
24689
24761
24807
24831
24982
25192
25324
25470
25780
25801
26040
26072
26277
26455
26561
26580
26715
26901
26951
26958
26992
27372
27548
27569
27690
27719
27725
28072
28122
28554
28759
28776
28875
28990
29101
29152
29304
29403
29588
29599
29606
29644
29653
29760
29836
29925
29963
30107
30172
30441
30598
30660
31019
31087
31392
31473
32280
32290
32296
32319
32927
33180
33244
33448
33749
33831
33833
34300
34367
34818
34840
34884
34996
35017
35024
35078
35364
35424
35589
35651
35860
35873
35909
36051
36599
36719
36802
37281
37390
37678
37777
37800
37931
38036
38103
38274
38444
38605
38950
38983
39067
39310
39417
39449
39572
39577
39587
39843
40069
40074
40309
40428
13
85
120
302
346
697
1088
1181
1507
1739
2318
2452
2575
2580
2662
2737
2834
3093
3113
3204
3336
3350
3396
3495
3588
3627
3926
4023
4245
4288
4363
4456
4484
4520
4529
4675
4778
4819
4975
5044
5185
5250
5443
5745
5796
5856
6121
6194
6307
6329
6579
6754
6864
6886
6933
7064
7074
7126
7164
7231
7586
8123
8217
8238
8239
8372
8533
8615
8618
8880
8923
8951
9005
9092
9173
9256
9566
9612
9718
9922
9935
10077
10492
10534
10541
10626
10677
10741
10977
10984
10994
11000
11041
11087
11095
11190
11234
11247
11598
11748
11973
12056
12345
12368
13037
13129
14039
14245
14416
14688
14745
14835
14901
15132
15304
15348
15423
15515
15697
15922
16114
16228
16380
16434
16644
16724
16761
16958
17306
17327
17332
17568
17641
17917
18052
18668
18882
18891
18977
19216
19333
19353
19614
19913
19934
20015
20038
20056
20134
20286
20293
20337
20344
20618
20664
20827
20860
20963
21049
21078
21148
21184
21203
21455
21468
21510
21712
21935
22012
22321
22519
22544
22710
22726
23043
23408
23948
23990
24122
24169
24427
24498
24721
24917
24980
25297
25465
25600
25686
26137
26232
26267
26529
26542
26845
27155
27210
27221
27680
27839
27925
28038
28208
28511
28878
28918
29508
30051
30169
30337
31194
31394
31659
31997
32004
32098
32197
32629
33087
33278
33301
33494
33701
34192
34372
34610
34628
34668
34896
34923
35056
35184
35278
35342
35360
35371
35391
35392
35546
35633
35957
35966
36418
36481
36845
37016
37226
37311
37509
37560
37714
37913
37923
37927
37935
38055
38081
38226
38388
38789
38812
38989
39127
39468
39533
39574
40135
40151
40185
40231
40395
40457
40578
40606
40609
40680
