11
382
756
819
951
996
1027
1076
1163
1412
1492
1513
1535
1671
2336
2348
2769
2784
2861
2892
2917
3055
3382
3383
3532
3575
3623
3816
3830
3937
4264
4422
4639
4772
4979
5016
5024
5074
5355
5466
5811
5812
5873
6026
6188
6313
6477
6517
6606
6654
7085
7158
7435
7963
7969
8060
8424
8480
8535
8566
8578
8781
8833
8976
9120
9524
9695
9795
9809
9979
10131
10279
10593
10687
10777
10889
10942
11225
11609
11686
11711
11764
11830
12071
12198
12493
12609
12631
12718
12893
12955
12985
13029
13104
13135
13203
13624
13709
13742
13744
13790
13833
14301
14306
14363
14516
14599
14859
14886
14915
15349
15480
15534
16463
16470
16603
16697
16844
16959
17097
17265
17291
17522
17969
18121
18201
18256
18472
18794
18814
18872
19151
19312
19423
19525
19799
19805
19903
20104
20334
20466
20491
21004
21092
21123
21134
21248
21287
21312
21411
21612
22014
22094
22418
22470
22492
22528
22547
22763
22823
22935
23080
23190
23867
24033
24173
24340
24554
24598
24652
24689
24761
24807
25192
25801
26040
26455
26537
26561
26580
26715
26901
26951
26958
27065
27163
27352
27372
27548
27569
27690
27719
27725
27748
27806
27814
27833
28554
28759
28776
28783
28875
28990
29101
29152
29304
29403
29606
29653
29836
29925
30107
30347
30598
30660
31073
31271
31392
31519
31592
31637
31890
32123
32280
32319
32485
32908
33180
33244
33274
33448
33831
33833
33965
34169
34367
34584
34708
34963
34996
35017
35024
35053
35078
35151
35255
35325
35364
35403
35407
35447
35651
35769
35770
35909
36051
36599
36719
36726
36757
37390
37777
37800
37840
37931
38036
38103
38273
38444
38605
38628
38677
38950
38983
38999
39417
39449
39474
39572
39587
39669
39939
40025
40069
40229
40309
40432
40773
40800
13
31
85
117
231
302
346
1181
1507
1632
1739
1798
1873
2253
2302
2452
2575
2601
2662
2737
2810
3067
3093
3113
3204
3336
3350
3495
3572
3588
3927
4023
4245
4456
4484
4529
4819
4919
4975
4995
5079
5096
5144
5163
5168
5185
5302
5324
5443
5473
5615
5745
5792
5856
6158
6167
6194
6579
6705
6886
6933
7010
7064
7074
7187
7345
7503
7586
7710
8010
8123
8217
8238
8408
8481
9066
9092
9161
9242
9456
9612
9624
9685
9922
9935
10077
10605
10677
10905
11041
11087
11095
11186
11247
11562
11598
11748
11945
11973
12056
12302
12368
12390
12457
12746
13077
13099
13718
14039
14041
14745
14890
14901
15304
15348
15423
15424
15515
15922
16093
16380
16440
16492
16493
16761
17136
17327
17354
17563
17568
17626
17641
17729
17910
17917
18175
18863
18977
19333
19353
19403
19913
19934
19974
20015
20136
20293
20406
20507
20664
20963
21049
21148
21203
21385
21510
21549
21729
21935
22036
23043
23180
23620
23652
23967
23990
24122
24169
24498
24750
24917
24955
24980
25334
25946
26267
26542
26978
27136
27198
27210
27353
27386
27521
27815
27839
27868
27925
28005
28038
28511
28769
28800
29401
30008
30169
30406
30764
31103
31165
31194
31875
31933
31997
32004
32177
32454
32629
32730
32771
32844
33301
33494
33515
34106
34192
34242
34622
34628
34896
34923
35128
35327
35360
35371
35391
35541
35768
35912
35957
35966
36175
36327
36418
36594
37239
37311
37409
37509
37696
37714
37815
37889
37923
37927
37935
38055
38081
38219
38388
38508
38638
38703
38889
38989
39127
39468
39574
39866
40135
40151
40185
40395
40457
40563
40578
40609
40631
40680
