11
40
382
756
792
951
996
1060
1076
1197
1202
1217
1397
1412
1479
1480
1492
1513
1671
1758
2066
2104
2336
2493
2553
2784
2858
2892
2917
3055
3391
3575
3773
3830
3908
3999
4185
4264
4428
4554
4613
5016
5022
5024
5074
5148
5465
5466
5760
6026
6165
6188
6313
6517
6654
6982
7040
7147
7158
7261
7963
8060
8079
8253
8535
8566
8578
8644
9120
9154
9654
9738
9795
9979
9998
10129
10271
10593
10687
10725
10777
10889
10927
11063
11154
11515
11665
11686
11829
11830
11965
12073
12375
12474
12512
12571
12893
13029
13060
13121
13126
13135
13190
13203
13210
13299
13314
13361
13518
13726
13742
13790
14144
14301
14306
14844
14886
15349
15534
16293
16308
16398
16463
16603
16844
16860
16959
17201
17340
17934
17969
18256
18359
18472
18751
18794
18814
19229
19291
19312
19422
19624
19734
19903
20104
20225
20491
20506
20876
21004
21123
21157
21167
21248
21268
21411
21767
22246
22338
22418
22862
23080
23694
23867
23971
24173
24554
24571
24598
24652
24684
24761
24807
24982
25192
25324
25470
25780
26040
26455
26480
26537
26715
26901
26951
26958
26960
26971
27065
27104
27402
27569
27719
28072
28658
28759
28776
28783
28931
28982
28990
29152
29304
29588
29601
29625
29836
29925
29936
29963
30441
30598
30660
30697
30824
31087
31392
31592
31601
31873
31882
31890
32123
32217
32290
32296
32319
33749
33762
33965
34017
34020
34246
34777
34840
34966
34996
35078
35114
35151
35255
35325
35407
35424
35447
35589
35769
35860
35909
35946
36719
36726
36757
37281
37302
37678
37800
37840
37907
37931
38013
38103
38222
38255
38605
38887
38950
38983
39417
39449
39459
39520
39572
39587
39669
39694
39843
40276
40309
40342
40428
40773
42
85
231
342
346
697
762
1088
1111
1181
1507
1632
1739
2302
2443
2452
2601
2662
2737
2747
2834
2836
3067
3093
3123
3336
3350
3396
3495
3588
3627
3818
3927
3935
4023
4484
4520
4529
4675
4778
4857
4991
4995
5044
5096
5163
5324
5615
5661
5745
5792
5796
6046
6167
6307
6329
6375
6399
6469
6864
6933
7074
7187
7318
7345
7503
8010
8105
8123
8224
8234
8238
8239
8408
8481
8533
8712
8713
8880
8923
8951
9005
9066
9092
9173
9456
9624
9697
9718
9922
9935
10534
10541
10677
10741
10905
11041
11186
11190
11247
11380
11598
11689
11945
12122
12302
12457
13109
13129
13718
13875
14039
14193
14245
14416
14688
14745
14890
14899
14901
14942
15066
15304
15384
15424
15515
15697
15922
16114
16320
16380
16440
16493
16570
16574
16724
16913
17192
17327
17332
17354
17360
17626
17641
17917
18175
18863
18882
18977
19300
19333
19353
19913
19934
19974
20015
20337
20344
20406
20618
20664
20751
21049
21148
21183
21184
21385
21510
21729
21935
22012
22036
22544
22726
23180
23494
23652
23660
23873
23967
24169
24216
24427
24498
25067
25297
25368
26267
26529
26542
26845
26978
27136
27198
27210
27353
27386
27680
27801
27815
27839
27925
28005
28038
28210
28327
28511
29228
29245
29401
29410
29722
29787
30051
30337
30764
30967
31202
31659
31808
31933
32098
32197
32454
33033
33087
33213
33494
33515
33623
33701
34106
34109
34369
34896
35327
35342
35371
35391
35392
35546
35957
35966
36021
36296
36418
36481
36594
37311
37369
37815
37889
37923
37927
37935
38081
38225
38226
38508
38521
38638
38789
38811
38812
38989
39084
39127
39147
39455
39978
40151
40185
40537
40575
40609
40631
