382
756
792
819
951
1027
1060
1076
1202
1217
1440
1480
1535
2104
2348
2459
2493
2784
3055
3160
3391
3532
3623
3773
3816
4264
4268
4269
4282
4422
4428
4602
4613
4639
4812
4870
5016
5022
5355
5466
5503
5812
6190
6313
6477
6537
6606
6982
7040
7261
7362
7435
7963
8060
8253
8360
8480
8535
8566
8578
8594
8626
8781
8833
8976
9047
9072
9120
9240
9524
9593
9738
9795
9979
9998
10131
10171
10271
10279
10344
10777
10867
11063
11154
11225
11277
11553
11658
11686
11711
11764
11829
11830
11965
12071
12073
12245
12474
12690
12893
13029
13060
13126
13175
13190
13203
13210
13299
13314
13397
13469
13518
13624
13709
13726
13742
13790
13986
14190
14228
14306
14308
14886
14915
15174
15534
16293
16603
16697
16844
16860
16968
17155
17201
17291
17340
17444
17780
17934
17969
18076
18115
18121
18201
18256
18338
18506
18580
18751
18814
18872
19008
19151
19229
19525
19624
20225
20334
20491
20506
20537
20770
20778
20876
20938
21134
21157
21167
21268
21287
21312
21411
21821
22136
22338
22547
22763
23190
23867
24289
24554
24571
24598
24652
24807
24866
24982
25324
25780
25801
25820
26040
26072
26269
26277
26455
26537
26901
27065
27163
27352
27372
27402
27548
27719
27725
28072
28554
28875
28931
28982
28990
29152
29304
29601
29606
29644
29963
30107
30172
30331
30441
30598
30660
30824
31004
31392
31873
31893
32005
32123
32152
32290
33274
33448
33762
33815
33831
34017
34020
34169
34235
34584
34777
34794
34818
34966
34996
35017
35024
35098
35255
35407
35651
35769
35770
35909
35946
36719
36757
36802
37281
37302
37390
37777
37800
37931
38013
38036
38103
38222
38255
38273
38274
38444
38983
38999
39067
39082
39417
39449
39459
39474
39487
39520
39577
39843
40069
40309
40432
13
42
85
117
120
231
302
342
369
697
1088
1111
1181
1507
1508
1632
1798
2318
2452
2575
2662
2810
2936
3069
3113
3204
3336
3495
3572
3627
3926
3935
3990
4409
4456
4529
4778
4819
4919
4991
4995
5025
5082
5096
5144
5168
5250
5302
5324
5473
5615
5661
5796
6121
6158
6194
6375
6399
6933
7074
7164
7187
7318
7717
8123
8304
8372
8563
8618
8691
8712
8713
9066
9092
9161
9242
9256
9697
9922
9935
9946
10191
10492
10541
10875
10977
10994
11000
11041
11190
11234
11247
11562
11598
11748
11945
11973
12122
12302
12457
12746
13037
13077
13109
13129
13718
14039
14193
14416
14745
14835
14890
15203
15348
15423
15424
16093
16114
16380
16440
16574
16724
16761
16913
17192
17306
17500
17626
17641
17910
18175
18863
18882
18977
19216
19300
19333
19353
19403
19913
20015
20038
20056
20293
20618
20751
20813
21049
21078
21148
21385
21468
21729
21935
22012
22036
22274
22888
22911
23205
23408
23660
23873
23929
23948
23967
23990
24216
24427
24721
24750
24867
24955
24980
25018
25297
25674
26137
26232
26267
26529
26845
27136
27198
27221
27680
27839
28208
28592
28769
28800
28878
29228
29245
29401
29410
29722
29787
30051
30082
30169
30406
30474
31202
31394
31659
31765
31933
31997
32004
32197
32454
32844
33033
33301
33337
33494
33623
34106
34242
34372
34628
34668
34896
34931
35184
35360
35392
35625
35633
35912
36021
36175
36293
36418
36724
36845
37016
37239
37311
37369
37409
37418
37509
37696
37815
37889
37913
37923
37927
38081
38219
38226
38305
38388
38508
38521
38638
38703
38989
39127
39978
40185
40457
40578
40650
40680
40784
