40
382
756
792
951
1027
1060
1076
1163
1397
1412
1480
1492
1513
1535
1671
1758
2003
2066
2336
2348
2459
2493
2553
2572
2769
2858
3124
3160
3383
3391
3532
3773
3830
3937
3999
4268
4387
4554
4602
4870
4979
5074
5466
5812
6165
6188
6313
6441
6477
6517
6654
6711
6982
7085
7261
7835
7969
8079
8253
8424
8510
8535
8781
8976
9120
9154
9524
9593
9695
9738
9979
9998
10129
10171
10279
10344
10777
10867
10889
11063
11154
11225
11277
11515
11553
11609
11665
11711
12346
12375
12493
12955
13029
13104
13121
13135
13175
13190
13203
13314
13361
13624
13790
13986
14190
14306
14363
14516
14538
14599
14666
14844
14915
15349
16254
16470
16603
16844
16860
17067
17097
17155
17265
17732
17780
17934
18076
18115
18201
18338
18472
18506
19008
19151
19229
19423
19525
20024
20334
20466
20506
20876
20938
21123
21134
21167
21268
21612
21821
22094
22297
22492
22547
22862
22935
23190
23867
24554
24652
24684
24689
24807
24831
25192
25470
25780
26040
26072
26277
26455
26480
26537
26561
26580
26715
26951
26958
26960
26992
27065
27163
27195
27352
27372
27593
27725
27814
28072
28554
28658
28875
28931
28990
29152
29304
29606
29644
29836
29925
29936
30040
30107
30172
30331
30441
30449
30481
30598
30660
30697
31004
31097
31271
31392
31473
31519
31592
31882
32005
32123
32135
32152
32217
32280
32319
32869
32927
33274
33762
33815
33831
33965
34039
34169
34246
34367
34621
34708
34794
34840
34907
34963
35053
35078
35080
35151
35379
35403
35407
35909
36347
36506
36802
37302
37907
37931
38103
38222
38255
38274
38444
38887
39067
39082
39205
39310
39449
39459
39474
39487
39572
39669
40025
40229
40309
40428
40800
31
120
231
342
346
697
762
1088
1181
1632
1798
2253
2443
2452
2580
2662
2737
2810
2834
2836
3113
3336
3396
3627
3926
3935
3990
4363
4409
4456
4484
4529
4675
4778
4819
4975
4995
5025
5044
5079
5096
5250
5302
5324
5443
5661
5856
6046
6158
6167
6307
6329
6399
6469
6579
6754
6864
6886
7010
7126
7164
7231
7710
7717
8010
8123
8217
8224
8234
8533
8615
8618
8880
8951
9005
9066
9092
9161
9256
9550
9566
9612
9685
9697
9935
10191
10534
10541
10605
10875
10905
10977
11041
11095
11186
11234
11247
11598
11748
12310
12345
12457
13099
13718
14039
14416
14835
14890
14899
14942
15066
15203
16108
16114
16228
16297
16440
16493
16574
16644
16724
16761
16913
17136
17192
17306
17332
17424
17500
17563
17626
17641
17917
18052
18863
18977
19300
19333
19353
19403
19614
19690
19934
20015
20038
20134
20286
20664
20813
20827
20860
21049
21078
21112
21148
21385
21488
21712
21729
21935
22274
22519
22544
22726
22894
23043
23408
23652
23660
23873
24122
24169
24498
24721
24750
24835
24867
24980
25297
25368
25465
25600
26137
26232
26267
26542
26845
27155
27210
27386
27815
27868
27917
28038
28208
28210
28327
28769
28878
28918
29290
29327
29508
29722
30051
30169
30337
30967
31202
31394
31765
31808
32177
32197
32454
32629
32730
32844
33087
33213
33278
33301
33515
33623
33701
34011
34106
34192
34242
34369
34372
34610
34628
34668
34896
34923
34931
35278
35342
35371
35391
35625
35966
36021
36175
36293
36296
36319
36327
36594
36845
36881
37239
37369
37418
37509
37560
37696
37889
37923
37927
38081
38219
38305
38388
38521
38638
38789
38811
38989
39127
39147
39533
39866
39978
40185
40231
40457
40537
40680
