40
507
719
756
951
996
1027
1197
1202
1217
1397
1479
1492
2003
2037
2066
2336
2348
2493
2553
2858
2861
2892
3055
3124
3382
3383
3391
3532
3575
4264
4269
4602
4613
4812
4870
4979
5016
5022
5024
5148
5355
5465
6165
6188
6313
6477
6517
6982
7040
7085
7147
7261
7435
8060
8079
8253
8535
8566
8833
9240
9524
9593
9654
9695
9738
9979
9998
10129
10131
10687
10725
10867
10927
11063
11154
11225
11277
11413
11515
11609
11711
11764
11830
12198
12346
12474
12493
12571
12631
12690
12718
12893
13029
13060
13121
13190
13361
13397
13742
13790
13833
13884
13986
14091
14144
14363
14516
14844
15059
15534
16254
16844
17067
17097
17155
17201
17340
17444
17780
18076
18201
18359
18580
18794
18872
19008
19151
19225
19291
19312
19422
19525
19624
19805
19903
20225
20334
20466
20506
20537
20770
21004
21092
21157
21167
21268
21287
21411
21612
21767
21821
22338
22418
22470
22528
22763
22821
22862
23080
23190
23867
24033
24173
24289
24340
24554
24571
24598
24652
24684
24761
24866
25011
25192
25780
25801
25820
26040
26269
26347
26480
26537
26715
26971
26992
27163
27195
27372
27402
27569
27690
27719
27814
27833
28473
28554
28776
28875
28931
28982
28990
29101
29304
29599
29601
29836
29925
30040
30107
30331
30347
30824
31004
31087
31473
31601
31882
31890
31893
32152
32217
32280
32296
32319
32485
32908
32931
33180
33244
33448
33749
33815
33831
34017
34235
34300
34621
34777
34794
34884
34907
34963
34966
34996
35017
35078
35080
35098
35379
35407
35424
35447
35589
35769
35860
35873
35909
36599
36802
37281
37302
37840
37931
38036
38274
38444
38628
38983
38999
39067
39205
39310
39417
39449
39474
39487
39520
39669
39939
40025
40055
40074
40276
40309
40342
40428
40432
40800
31
117
120
302
342
346
697
762
1111
1507
1547
1798
2253
2443
2662
2737
3113
3123
3336
3572
3588
3823
3926
3927
3990
4245
4288
4409
4484
4778
4857
4919
4991
4995
5025
5079
5163
5168
5302
5324
5443
5473
5661
5796
5979
6046
6158
6167
6201
6375
6399
6469
6579
6886
7074
7126
7187
7345
7503
7586
8010
8105
8408
8563
8615
8712
9066
9092
9242
9550
9624
9685
9718
9935
10191
10605
10626
10677
10741
10905
10984
10994
11095
11190
11247
11380
11562
11945
11973
12302
12345
12746
13099
13109
13129
13785
14688
14745
14835
14901
14920
15203
15384
15424
15515
15697
16114
16228
16320
16380
16434
16492
16493
16570
16724
16913
17136
17192
17332
17563
17568
17626
17641
17910
17917
18052
18175
18977
19216
19300
19614
19913
20136
20618
20813
20827
21078
21183
21184
21380
21385
21412
21481
21510
21712
21729
21935
22012
22036
22274
22544
22888
23043
23494
23620
23660
23873
23929
23990
24169
24427
24721
24835
24867
24917
24980
25334
25465
25600
26137
26542
27680
27801
27868
27917
28005
28038
28208
28511
28592
29228
29245
29401
29470
29722
29787
30008
30051
30406
30967
31089
31165
31659
31875
32177
32197
32730
32771
32844
33087
33278
33301
33337
33494
33701
34109
34192
34372
34610
34668
34896
34923
34931
35278
35327
35360
35391
35392
35541
35546
35625
35633
35768
35912
35957
35966
36175
36327
36418
36481
36724
36881
37016
37239
37409
37560
37593
37815
37889
37913
38055
38081
38225
38305
38388
38521
38638
38703
38789
38811
38889
39375
39455
39468
39574
39866
39978
40135
40151
40185
40395
40457
40563
40575
40578
40606
40609
40631
40650
