11
507
819
951
996
1060
1076
1197
1202
1479
1480
1758
2037
2066
2104
2336
2553
2572
2784
2861
2917
3055
3124
3391
3532
3623
3773
3937
4269
4282
4387
4554
4602
4613
4639
4812
4979
5465
5760
5811
6190
6313
6517
6606
6982
7147
7158
7261
7435
8060
8291
8424
8566
8594
8626
8644
8781
8833
9047
9072
9154
9738
9809
9979
9998
10344
10889
11063
11154
11225
11515
11609
11665
11686
11711
11830
12071
12073
12198
12375
12407
12493
12512
12571
12690
12893
13029
13135
13175
13203
13210
13299
13314
13469
13742
13744
13833
13986
14091
14144
14190
14228
14306
14538
14599
14844
14859
15710
16254
16293
16308
16463
16470
16697
17155
17291
17444
17732
18121
18359
18580
18751
18872
19008
19151
19225
19229
19291
19312
19321
19422
19423
19525
19734
19799
19805
19903
20104
20225
20334
20537
20770
20778
20938
21004
21092
21123
21134
21248
21312
21411
21770
22010
22014
22094
22136
22338
22418
22470
22492
22528
22763
22862
22935
23080
23240
24173
24289
24375
24554
24571
24684
24831
24982
25011
25192
25801
26040
26455
26480
26580
26715
26901
26971
27065
27195
27372
27548
27593
27690
27719
27725
27748
27806
27833
28072
28122
28473
28658
28759
28875
28982
29304
29601
29606
29625
29644
29653
29760
29836
29925
29936
30107
30172
30449
30481
30598
30660
31004
31019
31087
31097
31271
31519
31592
31601
31873
31882
31893
32217
32280
32296
32319
32485
32869
32927
33244
33749
33815
34246
34300
34584
34621
34777
34818
34884
34963
34966
34996
35017
35024
35114
35255
35379
35403
35424
35447
35873
36051
36082
36506
36719
36726
36757
36802
37390
37800
37840
37907
38013
38222
38273
38605
38677
38887
38999
39205
39310
39417
39487
39694
40025
40055
40074
40276
40428
40800
42
85
120
219
342
369
1181
1507
1508
1739
2302
2318
2443
2575
2580
2662
2810
2834
2936
3123
3204
3495
3572
3818
3823
3927
3935
4023
4409
4520
4675
4819
4857
5025
5082
5250
5451
5661
5745
5856
6121
6158
6194
6329
6375
6579
6705
6864
6886
7010
7064
7231
7318
7345
7710
8217
8234
8239
8408
8481
8691
8712
8713
8880
9005
9066
9161
9173
9242
9612
9624
9685
9718
10534
10626
10677
10741
10875
11000
11041
11087
11095
11190
11234
11247
11380
11689
11748
11973
12122
12345
12390
12457
12723
13037
13077
13875
14245
14416
14835
14890
14920
14942
15132
15304
15348
15384
15697
15922
16093
16108
16114
16297
16380
16434
16492
16493
16570
16574
16644
16724
16761
16913
16958
17192
17332
17354
17568
17729
17910
18175
18668
18863
19216
19300
19353
19690
19974
20134
20136
20293
20344
20406
20827
21049
21078
21112
21183
21380
21385
21455
21481
21488
21935
22012
22036
22336
22519
22710
22726
22888
22894
23408
23620
23652
23873
24122
24427
24835
24980
25018
25067
25368
25465
25946
26137
26232
26267
26529
26542
26845
27136
27210
27521
27680
27801
27925
28327
28592
28878
29228
29290
29327
29401
29410
29470
29508
30008
30082
30474
30764
30967
31165
31394
31659
31875
31997
32629
32771
33213
33337
33494
33515
33623
33701
34011
34192
34242
34325
34369
34372
34622
34628
34668
34896
34923
34931
35056
35184
35327
35371
35391
35912
35966
36418
36481
36594
36724
36881
37369
37418
37593
37714
37923
37927
37935
38081
38225
38226
38305
38388
38638
38789
38811
38812
38889
38989
39084
39127
39455
39468
39574
40135
40185
40231
40395
40575
40578
40631
40680
40784
