11
382
507
756
792
996
1027
1076
1163
1197
1202
1397
1440
1480
1535
2037
2104
2459
2784
2892
3055
3382
3383
3575
3816
3830
3937
3999
4268
4269
4428
4602
4772
4812
4979
5016
5022
5024
5074
5465
5760
5811
5812
6026
6188
6313
6441
6537
6654
6711
7040
7147
7158
7362
7835
7963
8360
8480
8594
8781
9154
9240
9524
9593
9654
9695
9738
9795
10171
10687
10725
10728
10867
10889
11139
11154
11204
11609
11658
11686
12073
12346
12407
12474
12493
12631
12893
12955
12985
13060
13175
13190
13361
13397
13469
13518
13742
13833
13884
14190
14301
14306
14308
14516
14599
14674
14886
14915
15480
15710
16308
16470
16844
16860
16959
16968
17067
17097
17155
17201
17265
17291
17444
17934
17969
18115
18121
18201
18338
18472
18580
18751
18794
18814
19312
19422
19624
19805
20024
20334
20491
20506
20770
20778
21092
21157
21167
21268
21312
21411
21747
21767
21821
22014
22094
22136
22297
22338
22470
22492
22547
22821
22862
22935
23080
23890
23971
24033
24340
24347
24375
24554
24571
24652
24761
24982
25192
26072
26580
26715
26958
27065
27104
27163
27548
27748
27806
27833
28473
28776
28931
28990
29152
29403
29588
29599
29601
29625
29644
29836
29925
29936
30107
30441
30449
30697
30824
31004
31019
31073
31087
31097
31392
31519
31592
31873
31893
32135
32217
32280
32296
32485
32908
32931
33180
33274
33749
33762
34020
34169
34367
34708
34840
35053
35078
35379
35447
35770
35873
35946
36082
36329
36719
36726
36757
37281
37302
37390
37678
37840
37931
38036
38222
38255
38274
38677
38999
39082
39417
39459
39572
39694
39939
40069
40074
40309
40428
40432
40773
31
117
120
302
342
346
1507
1547
1632
1739
1873
2253
2302
2452
2575
2580
2747
2810
2834
2836
2936
2975
3067
3087
3093
3113
3396
3572
3818
3927
4023
4363
4409
4778
4919
4975
4991
4995
5052
5079
5082
5096
5163
5185
5443
5451
5615
5745
5792
5856
6046
6158
6167
6194
6375
6399
6754
6864
6933
7074
7164
7318
7345
7503
7710
8105
8224
8234
8238
8239
8408
8481
8541
8618
8713
9005
9066
9161
9550
9612
9624
9685
9697
9922
9935
9946
10191
10541
10605
10677
10741
10905
10977
10984
10994
11186
11190
11247
11732
11945
11973
12122
12310
12345
12390
12457
12723
13037
13077
13109
14039
14245
14416
14688
14745
14899
14920
15066
15203
15348
15384
15515
15697
16228
16493
16570
16574
16761
16958
17136
17306
17327
17354
17500
17563
17568
17910
17917
18052
18175
18668
18863
18882
18977
19403
19934
19974
20038
20134
20293
20344
20618
20664
20751
20813
20860
20963
21078
21112
21183
21184
21203
21380
21468
21935
22036
22274
22519
22544
22710
22726
22888
22894
23043
23494
23620
23660
23873
23967
24169
24721
24955
24980
25018
25067
25334
25465
25600
25674
25686
26137
26529
26845
27136
27155
27198
27210
27521
27801
27815
27925
28038
28208
28511
28592
28800
28878
28918
29245
29290
29410
29722
29787
30008
30051
30169
30406
30967
31089
31103
31165
31202
31765
31933
32177
32629
32730
32771
32844
33033
33213
33278
33337
33494
34106
34109
34192
34242
34369
34372
34628
34896
35056
35278
35360
35371
35541
35546
35633
36021
36175
36327
36481
36724
36845
36881
37239
37311
37409
37509
37815
37913
37923
37927
37935
38055
38219
38305
38388
38508
38521
38638
38703
38811
39084
39147
39375
39574
39866
40135
40151
40185
40395
40457
40563
40578
40606
40609
40631
