11
507
792
951
1027
1076
1197
1217
1397
1440
1479
1492
1513
1535
1671
2066
2459
2553
2769
2784
2892
2917
3055
3124
3160
3532
3575
3623
3816
3830
4185
4268
4387
4422
4602
4870
5022
5024
5466
5503
5760
5873
6441
6477
6517
6606
6654
6711
7040
7085
7158
7261
7835
8060
8360
8424
8626
9023
9047
9240
9593
9654
9795
9998
10129
10171
10593
10687
10728
10777
10867
11204
11225
11277
11413
11642
11829
11830
11965
12071
12346
12474
12493
12631
12718
12955
13029
13104
13121
13126
13135
13175
13190
13203
13210
13314
13361
13397
13624
13709
13744
13790
13833
13884
14144
14190
14306
14516
14599
14666
14859
15059
15534
15710
16254
16293
16308
16398
16411
16463
16470
16603
17067
17097
17155
17291
17444
17522
17732
17969
18115
18338
18506
18794
18872
19008
19291
19422
19423
19734
19799
20024
20537
20778
21123
21167
21268
21411
21612
21747
21767
21770
21821
22136
22246
22470
22763
22862
22935
23190
23971
24347
24375
24554
24571
24684
24689
24761
24982
25192
26040
26072
26277
26480
26537
26561
26580
26960
27065
27104
27163
27195
27372
27402
27548
27690
27748
28122
28473
28554
28759
28783
28931
28982
29101
29152
29304
29588
29599
29606
29644
29836
30441
30481
30660
30824
31019
31087
31097
31271
31519
31890
32005
32123
32135
32152
32280
32296
32869
32931
33180
33833
34017
34020
34039
34169
34300
34367
34818
34884
34963
35053
35078
35151
35325
35364
35403
35407
35424
35651
35860
35873
36082
36329
36347
36506
36719
36802
37302
37678
37777
37800
37840
37907
38013
38103
38222
38255
38274
38950
38999
39067
39205
39417
39449
39459
39572
39587
39669
39694
39939
40025
40055
40074
40276
40309
40342
40428
40773
40800
13
117
120
219
342
369
697
762
1088
1507
1632
1798
2302
2452
2575
2580
2601
2737
2747
2810
2834
3093
3113
3123
3204
3336
3396
3572
3627
3823
4023
4288
4409
4484
4520
4529
4675
4778
4819
4857
4975
4991
4995
5052
5079
5082
5096
5144
5168
5185
5324
5451
5473
5615
5661
5796
5856
6046
6121
6167
6399
6469
6886
7126
7187
7345
7586
7717
8010
8105
8123
8224
8408
8541
8563
8615
8618
8691
8713
8880
9005
9161
9173
9256
9612
9624
9935
10191
10492
10541
10741
10905
10984
10994
11087
11190
11234
11380
11598
11689
11748
12122
12302
12310
12390
12457
12746
13109
13445
13785
14039
14245
14416
14688
14745
14835
14920
15384
15424
15515
15697
15922
16114
16297
16434
16724
16761
17136
17306
17332
17344
17354
17360
17424
17500
17568
17577
17641
17729
18668
18977
19216
19353
19690
19934
19974
20038
20056
20136
20286
20337
20344
20406
20600
20813
20963
21049
21148
21183
21184
21203
21380
21481
21549
21712
21729
22274
22544
22710
22894
23180
23652
23660
24169
24216
24498
24721
24750
24917
24980
25334
25368
25600
25674
25686
25946
26137
26542
26978
27155
27198
27210
27221
27353
27386
27801
27815
27839
27868
28005
28327
28769
28800
28918
29228
29245
29410
29787
30008
30082
30169
30337
30474
31089
31165
31194
31202
31659
31765
31808
31997
32098
32197
32629
32730
32844
33087
33301
33337
33515
34106
34242
34325
34369
34610
34628
34668
34931
35056
35128
35184
35278
35360
35391
35392
35625
35633
35912
35966
36175
36319
36881
37226
37509
37593
37696
37714
37927
37935
38055
38081
38388
38521
38812
38989
39084
39147
39455
39866
40135
40151
40185
40231
40395
40563
40575
40578
40609
