382
756
819
951
1027
1060
1094
1163
1197
1412
1479
1480
1671
2066
2104
2336
2493
2784
2858
3124
3532
3816
3830
4264
4269
4387
4554
4613
4639
4812
4870
4979
5016
5022
5074
5503
5812
6188
6190
6313
6477
6654
7040
7085
7435
7835
8079
8253
8360
8480
8510
8535
8566
8578
8644
8781
8833
8976
9023
9240
9524
9654
9695
9738
9809
10344
10728
10867
10889
10942
11063
11204
11553
11609
11642
11711
11764
11829
11830
11965
12198
12346
12474
12493
12690
12718
12893
12955
13135
13624
13742
13790
13833
14144
14308
14363
14538
14599
16254
16293
16308
16398
16411
16470
16603
16697
16860
16959
17097
17155
17201
17265
17291
17340
17780
17934
17969
18076
18121
18256
18338
18472
18506
18580
18751
18814
19008
19151
19229
19291
19312
19422
19624
19734
19799
19903
20024
20225
20506
20537
20778
20876
20938
21092
21134
21268
21312
21411
21767
21770
21821
22014
22297
22470
22492
22528
22547
22763
23240
24033
24173
24347
24375
24571
24652
24684
24761
24831
24866
25192
25470
25780
25801
26040
26347
26455
26480
26537
26715
26901
26960
26971
27065
27195
27352
27402
27548
27569
27593
27690
27748
27806
27814
28072
28122
28473
28554
28658
28783
28931
28982
29101
29304
29403
29588
29606
29625
29644
29760
29836
29925
29963
30172
30331
30347
30441
30449
30481
30598
30660
30697
30824
31004
31087
31271
31392
31473
31519
31882
32005
32135
32280
32290
32296
32485
33180
33762
33815
34017
34169
34367
34584
34708
34794
34884
34966
34996
35024
35053
35078
35080
35114
35325
35379
35403
35424
35770
35860
35873
36082
36329
36347
36599
36719
37281
37777
37800
37840
37907
38255
38273
38444
38605
38677
38887
38983
38999
39067
39082
39310
39417
39459
39487
39520
39577
39587
39669
39694
40025
40342
40428
40800
42
85
231
302
342
369
697
762
1508
1547
1632
1739
2253
2302
2318
2443
2662
2737
2747
2810
2936
2975
3204
3495
3572
3588
3627
3935
3990
4245
4363
4919
4995
5025
5044
5079
5082
5144
5163
5168
5185
5324
5443
5473
5661
5745
5796
5856
6158
6167
6201
6375
6705
6754
6864
7064
7074
7126
7164
7503
7710
8105
8224
8372
8481
8533
8541
8691
8712
8880
8923
9005
9173
9456
9550
9566
9612
9624
10191
10492
10541
10605
10677
10741
10905
10977
11000
11190
11247
11562
11689
11748
12056
12122
12345
12368
12457
12723
12746
13099
13129
13875
14041
14745
14835
14890
14899
15132
15304
15348
15384
15424
15922
16108
16114
16320
16434
16440
16492
16493
16644
16724
16913
17136
17192
17327
17344
17354
17360
17424
17500
17626
17641
17729
17910
18052
18175
18668
18863
18882
18977
19300
19333
19403
19690
19934
19974
20286
20344
20507
20600
20664
20813
20827
21078
21385
21412
21455
21468
21488
21510
21549
21712
21935
22036
22336
22519
22544
22894
22911
23180
23205
23494
23620
23929
23967
24216
24498
24835
24980
25334
25368
25686
26232
26267
26542
26978
27136
27155
27198
27210
27353
27521
27680
27801
27815
27839
27868
28769
28878
29228
29245
29401
29722
29787
30051
30169
30406
30764
30967
31103
31194
32098
32177
32629
33033
33213
33278
33515
33701
34011
34106
34325
34372
34610
34931
35128
35184
35327
35392
35541
35546
35625
35633
35957
36175
36319
36418
37311
37369
37409
37509
37696
37913
37923
37935
38055
38226
38703
38789
38811
38812
38989
39084
39127
39147
39375
39468
39533
39866
40135
40185
40563
40606
40609
40680
