40
719
756
819
951
996
1060
1076
1163
1197
1217
1480
1513
1535
1671
2003
2104
2336
2348
2493
2858
2861
2892
2917
3055
3124
3160
3575
3623
3816
3937
3999
4264
4269
4282
4428
4602
4639
4812
5016
5024
5355
5503
5812
5873
6026
6165
6188
6982
7040
7147
7261
7963
8079
8253
8291
8360
8424
8510
8535
8566
8578
8594
8626
8781
9023
9047
9120
9154
9738
9998
10171
10271
10687
10725
10728
10777
10927
10942
11139
11154
11225
11553
11609
11665
11686
11764
11830
12073
12198
12474
12512
12609
12718
12985
13029
13104
13121
13126
13135
13175
13190
13299
13314
13397
13518
13624
13709
13742
13744
13790
13833
13884
14144
14228
14308
14363
14538
14666
14844
14859
15059
15174
15349
15480
15534
16254
16293
16308
16398
16470
16959
17155
17201
17265
17291
17522
17780
17934
18338
18472
18580
18814
18872
19008
19151
19225
19321
19422
19423
19734
19799
19903
20104
20334
20491
20506
20778
21004
21123
21268
21411
21612
22136
22246
22338
22418
22547
22821
23080
23190
23694
23867
23890
24289
24598
24652
24684
24689
24761
24807
25324
25470
25801
26072
26277
26537
26561
26580
26951
26960
26971
26992
27195
27352
27569
27593
27719
27748
27806
27814
28122
28554
28658
28783
28875
28982
28990
29152
29403
29588
29601
29625
29836
29925
29963
30107
30331
30347
30441
30449
30598
31073
31087
31271
31392
31592
31873
31890
31893
32135
32152
32319
32485
33180
33274
33448
33749
33815
33833
33965
34300
34367
34584
34708
34794
34840
34884
34963
34966
35017
35024
35053
35080
35098
35114
35255
35325
35379
35407
35651
35769
35770
35873
35909
35946
36051
36506
36757
37302
37390
37678
37800
38013
38103
38273
38274
38444
38605
38628
38983
39082
39417
39459
39474
39487
39520
40025
40342
40432
40773
40800
31
42
85
120
302
342
697
762
1088
1181
1507
1547
1632
2302
2575
2580
2662
2737
2810
2834
2975
3067
3069
3204
3336
3495
3818
3927
3935
3990
4245
4288
4456
4484
4520
4529
4857
4995
5025
5079
5082
5144
5168
5250
5302
5443
5451
5473
5661
5745
5792
5856
5979
6121
6194
6307
6375
7074
7126
7187
7231
7503
8217
8238
8239
8304
8408
8563
8691
8712
8923
8951
9005
9242
9456
9697
9935
10077
10492
10984
10994
11000
11087
11234
11247
11562
11598
11732
11748
11973
12056
12345
12723
12746
13037
13077
13109
13129
13718
13785
14041
14193
14745
14835
15132
15515
15697
16108
16114
16228
16380
16434
16492
16644
16761
16913
16958
17306
17332
17360
17424
17500
17563
17577
17626
17729
17910
18175
18863
18891
18977
19216
19300
19403
19974
20136
20286
20344
20507
20600
20618
20664
20751
20963
21049
21112
21148
21183
21184
21412
21455
21488
21510
21712
21729
22036
22888
23043
23205
23408
23494
23620
23652
23873
23929
23948
24122
24169
24427
24955
25018
25067
25297
25334
25368
25465
25600
25674
25686
25946
26137
26267
26542
26845
27353
27521
27680
27801
27839
27917
28005
28208
28327
28511
29228
29327
29410
29508
29722
30169
30474
30967
31089
31165
31194
31765
31875
31997
32177
32197
32629
32771
33087
33213
33301
33337
33494
33515
34106
34242
34325
34622
34628
34668
34896
35056
35184
35278
35391
35392
35541
35546
35625
35912
35966
36175
36293
36296
36319
36481
36724
37226
37239
37311
37409
37560
37696
37815
37889
37923
37927
37935
38055
38081
38219
38225
38226
38305
39084
39127
39375
40151
40563
40575
40578
40609
