40
382
819
1060
1217
1397
1412
1440
1479
1492
1513
1535
1671
1758
2003
2037
2066
2104
2336
2459
2553
2572
2784
2858
2861
3055
3160
3532
3830
3937
4185
4282
4387
4428
4602
4613
4870
5024
5074
5355
5466
5503
5760
5811
6165
6188
6190
6477
6537
6654
6711
7158
7261
7435
7969
8291
8360
8424
8480
8510
8535
8578
8626
8833
9023
9072
9120
9240
9593
9695
9809
9998
10171
10271
10593
10687
10867
11063
11139
11154
11225
11277
11413
11515
11553
11609
11658
11665
11764
12198
12245
12346
12375
12407
12474
12493
12571
12631
12690
12893
13029
13121
13126
13135
13190
13203
13299
13314
13361
13469
13624
13709
13726
13833
13884
13986
14144
14228
14301
14308
14666
14674
14844
14859
15059
15710
16293
16308
16398
16463
16697
16959
16968
17097
17155
17340
17444
17780
17934
17969
18076
18115
18121
18338
18359
18506
18580
18814
19008
19225
19229
19734
19805
19903
20024
20104
20770
20876
21092
21157
21167
21248
21268
21770
21821
22010
22338
22470
22528
22763
23080
23190
23240
23694
23890
23971
24173
24340
24375
24571
24652
24761
24831
25011
25470
25780
25820
26040
26347
26561
26715
26951
26960
27352
27372
27690
27719
27748
27806
28072
28554
28658
28759
28931
28982
28990
29403
29606
29760
29836
29925
29936
29963
30040
30172
30331
30347
30449
31004
31097
31271
31392
31519
31592
31601
31637
31882
31893
32005
32123
32135
32296
32319
32908
32927
33274
33448
33749
33815
33833
34169
34300
34367
34708
34794
34884
34963
34996
35017
35024
35080
35098
35114
35151
35364
35589
35770
35860
35909
36082
36329
36506
36757
37302
37390
37800
37931
38103
38255
38887
38950
39067
39310
39417
39449
39459
39474
39487
39520
39572
39587
39843
40025
40055
40229
40428
40432
40773
40800
13
42
117
120
219
231
762
1088
1181
1547
1873
2253
2318
2443
2836
2936
2975
3069
3087
3350
3588
3627
3926
3935
4023
4409
4456
4529
4819
4991
5025
5096
5144
5163
5168
5250
5324
5443
5451
5473
5745
5792
5796
5979
6046
6121
6167
6194
6201
6399
6469
6754
7010
7074
7126
7164
7586
7717
8105
8123
8234
8238
8372
8408
8481
8533
8541
8615
8951
9005
9092
9161
9242
9456
9550
9566
9612
9624
9685
9697
9946
10077
10492
10605
10626
10677
10977
10984
10994
11000
11186
11380
11732
11748
12122
12302
12310
12457
13718
14039
14041
14193
14245
14745
14835
14890
14920
15132
15203
15423
16380
16493
16570
16574
16644
16724
17192
17332
17354
17360
17424
17500
17563
17568
17626
17641
17729
18175
19300
19333
19353
19614
19690
19974
20038
20136
20337
20507
20600
20618
20664
20813
20963
21112
21148
21183
21203
21468
21488
21510
21549
21729
22012
22036
22274
22321
22336
22519
22544
22710
22726
23043
23408
23494
23620
23660
23929
23948
23990
24498
24721
24917
25297
25465
25686
26529
26542
27198
27386
27801
27839
27917
28005
28038
28208
28210
28511
28769
29228
29327
29410
30051
30082
30169
30337
30406
30474
31103
31165
31202
31808
31933
32004
32098
32197
32454
32844
33033
33278
33301
33337
33515
33701
34106
34109
34325
34369
34372
34610
34622
34668
34931
35056
35278
35327
35391
35541
35546
35625
35633
35957
36021
36175
36296
36594
36724
36845
37016
37369
37409
37418
37560
37593
37696
37714
37815
37889
37913
37927
37935
38219
38226
38305
38508
38638
38703
38789
38812
39375
39978
40185
40231
40457
40537
40563
40575
40609
40631
40680
