719
792
819
996
1060
1076
1163
1197
1217
1412
1480
1492
1671
2003
2066
2336
2459
2572
2769
2858
2892
2917
3160
3391
3451
3532
3816
3830
3908
3937
4264
4268
4428
4772
4979
5024
5148
5355
5465
5466
5760
5873
6026
6165
6190
6441
6477
6606
6654
6982
7147
7435
7969
8060
8079
8291
8360
8480
8566
8594
9023
9072
9120
9524
9738
9998
10129
10171
10271
10279
10593
10687
10725
10728
10927
11204
11225
11642
11764
11829
12073
12198
12407
12474
12571
12609
12631
12955
13060
13121
13135
13203
13314
13397
13469
13744
14301
14306
14308
14363
14516
14674
14844
14859
14886
14915
15059
15174
15349
16254
16293
16308
16411
16470
16603
16697
16860
17067
17097
17155
17265
17291
17340
17444
17732
17934
17969
18076
18359
18580
18751
18794
18872
19225
19229
19291
19321
19422
19525
19734
19903
20024
20225
20334
20466
20506
20778
20876
21092
21123
21157
21411
21612
21747
21821
22010
22297
22338
22470
22492
22528
22821
22862
23080
23190
24033
24289
24347
24375
24554
24598
24684
24761
24807
24982
25011
25192
25324
25820
26072
26347
26455
26480
26537
26580
26901
26960
26971
26992
27195
27352
27402
27569
27814
27833
28072
28473
28554
28658
28982
28990
29101
29304
29599
29606
29625
29644
29836
29925
29936
30172
30347
30449
31473
31592
31637
31882
32135
32217
32280
32290
32296
32319
32908
33180
33749
33762
34020
34235
34708
34840
34884
34963
34966
34996
35017
35078
35098
35151
35255
35325
35379
35447
35589
35770
35873
35909
35946
36506
36599
36757
37302
37390
37777
37840
37931
38036
38103
38222
38273
38444
38605
38628
38950
38999
39067
39082
39310
39417
39449
39459
39474
39487
39694
39843
39939
40229
40276
40309
40342
40773
40800
31
117
231
346
369
762
1088
1181
1507
1798
2318
2580
2601
2662
2737
2810
2936
3067
3069
3113
3123
3204
3336
3350
3396
3627
3818
3823
3926
4245
4484
4675
4819
4857
4919
4975
5052
5082
5168
5185
5250
5451
5661
5792
5856
5979
6046
6121
6158
6167
6194
6329
6375
6399
6579
6754
6864
6886
6933
7074
7126
7164
7187
7318
7345
7586
7717
8010
8217
8238
8304
8408
8533
8541
8615
8618
8691
8951
9005
9256
9550
9612
9697
9718
9946
10077
10191
10492
10605
10875
10905
10977
10994
11041
11247
11562
11689
11945
12122
12302
12310
12368
12390
12457
12723
13037
13077
13109
13718
14039
14041
14416
14688
14942
15203
15304
15348
15424
15515
15697
16108
16297
16493
16570
16644
16761
17192
17306
17327
17424
17500
17563
17568
17626
17641
17729
17917
18882
18977
19216
19300
19333
19403
19690
19913
20015
20038
20136
20286
20618
20827
20963
21049
21078
21148
21455
21468
21481
21488
21729
22012
22036
22336
22519
22544
22726
22894
22911
23043
23180
23408
23660
23967
23990
24122
24169
24216
24498
24750
24917
25465
25946
26232
26267
26529
26542
27136
27210
27221
27386
27680
27868
27925
28038
28210
28592
28769
28800
28918
29228
29245
29401
29410
29470
29508
29787
30051
30169
30406
30474
31165
31194
31659
31808
31997
32004
32629
32730
32844
33087
33278
33337
33494
33623
34011
34369
34622
34628
34668
34923
34931
35056
35327
35342
35360
35391
35541
35625
35768
35912
35957
35966
36327
36724
36845
36881
37016
37239
37311
37418
37593
37696
37815
38055
38081
38219
38388
38508
38789
38812
38889
38989
39147
39533
39866
39978
40135
40185
40231
40395
40457
40575
40609
40631
40650
40784
