40
719
792
819
1027
1202
1217
1412
1480
1492
1513
1535
2037
2104
2336
2769
2858
2892
3160
3451
3532
3575
3623
3830
3908
3999
4264
4268
4269
4387
5016
5022
5148
5760
5873
6026
6165
6190
6441
6654
7040
7147
7261
7435
7835
7969
8060
8079
8360
8424
8578
8594
8644
8833
8976
9023
9047
9154
9240
9593
9695
9738
9795
10131
10171
10344
10687
10725
10728
11139
11154
11204
11277
11413
11553
11609
11642
11711
11829
11830
11965
12198
12245
12346
12375
12474
12493
12512
12571
12609
12893
12985
13060
13104
13121
13126
13135
13175
13299
13314
13361
13397
13709
13726
13744
13790
13833
13884
14144
14228
14306
14308
14538
14674
14915
15059
15710
16254
16293
16398
16411
16463
16697
16844
17067
17097
17155
17291
17780
17969
18076
18115
18201
18256
18338
18359
18472
18506
18580
18751
18794
18872
19291
19321
19422
19525
19624
19734
19805
20024
20104
20491
20506
20537
20778
20876
20938
21004
21092
21167
21268
21767
21821
22010
22094
22136
22246
22297
22418
22470
22528
22763
22823
23190
23694
23867
23890
24173
24289
24554
24571
24598
24689
24807
24866
25011
25324
25470
25780
25820
26040
26277
26347
26480
26537
26561
26580
26951
26958
27104
27163
27195
27372
27593
27690
27806
27814
27833
28072
28658
28759
28776
28875
28990
29304
29606
29625
29925
30040
30107
30598
30824
31019
31392
31519
31592
31637
32005
32280
32869
32908
32931
33244
33274
33831
34020
34039
34235
34246
34367
34584
34621
34794
34840
34966
34996
35098
35255
35379
35407
35424
35447
35651
35770
35860
35873
36051
36082
36329
36726
36757
37281
37390
37777
37907
37931
38013
38222
38273
38444
38999
39205
39310
39417
39449
39474
39520
39572
39587
39843
40055
40074
40342
40428
40432
40773
120
219
231
342
369
762
1088
1508
1547
1739
2302
2662
2737
2747
2810
2834
2836
2936
3067
3087
3113
3204
3336
3572
3627
3818
3926
3927
4245
4288
4409
4484
4778
4819
4995
5079
5082
5163
5168
5250
5302
5324
5443
5745
5792
5796
5856
6046
6158
6167
6194
6307
6329
6375
7126
7345
7503
7586
7717
8010
8224
8238
8239
8481
8533
8541
8563
8615
8691
8880
8923
8951
9066
9161
9173
9612
9624
9697
10541
10605
10626
10677
10875
10905
10977
10984
10994
11041
11095
11186
11234
11247
11380
11562
11689
11748
11945
12056
12302
12457
13037
13077
13109
13129
13785
14039
14193
14416
14745
14890
14920
15304
15423
15515
16297
16320
16380
16570
16644
16724
16761
16913
17136
17192
17327
17332
17354
17729
17910
17917
18668
18863
18882
18977
19216
19300
19333
19353
19614
19690
19913
19934
19974
20015
20286
20337
20664
21148
21184
21455
21468
21549
21729
21935
22274
22321
22519
22544
22710
22726
22888
22911
23180
23408
23620
23652
23873
23967
23990
24427
24750
24835
24867
24980
25018
25297
25334
25600
25674
26232
26542
27136
27221
27353
27680
27801
27815
27839
27868
27925
28005
28038
28511
28592
28769
28800
28878
28918
29327
29410
30008
30051
30337
30406
30474
30967
31089
31165
31202
31808
31875
31933
32004
32197
32454
32730
32771
32844
33087
33278
33301
33337
33515
33701
34106
34109
34325
34369
34622
34628
34668
34923
35128
35184
35278
35342
35360
35371
35541
35546
36021
36296
36327
36724
37016
37369
37409
37418
37509
37696
37714
37913
37927
38055
38226
38388
38521
38703
38811
38989
39127
39375
39468
39574
39866
39978
40135
40185
40231
40457
40563
40680
