382
507
719
792
951
996
1027
1076
1163
1217
1440
1479
1492
1758
2003
2066
2784
3055
3160
3383
3451
3575
3623
3830
3908
3937
4387
4602
4613
4772
4870
4979
5022
5074
5148
5503
5760
5811
6026
6165
6188
6441
6477
6517
6606
6654
7040
7147
7261
7435
7969
8424
8480
8510
8535
8578
8594
8626
8644
9120
9695
9979
10271
10344
10593
10777
10889
10942
11063
11154
11413
11609
11658
11665
11829
11830
12198
12245
12407
12474
12512
12690
13029
13060
13121
13126
13190
13203
13299
13397
13518
13624
13709
13790
13833
13884
14144
14190
14228
14301
14306
14363
14516
14538
14674
14844
14859
15174
15534
15710
16398
16470
16603
16697
16860
16959
16968
17265
17780
17969
18201
18338
18472
18506
18580
18751
18794
19008
19151
19321
19422
19423
19525
19624
19799
19805
20225
20334
20466
20506
20537
20770
20938
21092
21134
21248
21287
21612
21821
22014
22297
22418
22528
22763
22821
22935
23080
23190
23867
23890
23971
24033
24173
24347
24375
24652
24684
24866
24982
25192
25470
25780
25820
26277
26561
26715
26951
26960
26971
27163
27195
27372
27402
27569
27725
27833
28554
28658
28759
28783
28931
29152
29304
29588
29601
29644
29653
29760
29836
29963
30172
30331
30441
30481
30660
30697
31004
31019
31097
31392
31473
31592
31637
31882
31890
32005
32123
32217
32319
32869
32931
33244
33749
33831
33833
34777
34818
34840
35024
35080
35098
35151
35325
35379
35403
35407
35424
35651
35769
35770
35860
35873
36051
36082
36329
36347
36757
37281
37302
37777
37800
37840
38013
38103
38255
38273
38444
38605
38677
38950
38983
39067
39082
39205
39310
39449
39459
39474
39487
39520
39572
39577
40074
40309
40428
40800
231
302
342
346
762
1111
1508
2302
2443
2580
2601
2662
2810
2836
2975
3067
3069
3087
3093
3123
3336
3396
3627
3818
3823
3926
3927
3935
3990
4245
4288
4456
4520
4675
4819
4995
5082
5096
5144
5163
5185
5250
5302
5324
5451
5473
5615
5856
5979
6121
6158
6167
6307
6329
6399
6469
6579
6705
6754
6864
6886
7074
7231
7345
7710
8105
8123
8217
8239
8304
8541
8615
8691
8712
8951
9066
9173
9550
9566
9612
9685
9697
9718
9922
9935
10191
10534
10626
10875
10994
11000
11190
11689
12122
12302
12345
12368
12390
12723
12746
13037
13077
13099
13109
13718
14039
14416
14835
14899
14901
15132
15203
15384
15424
15697
16108
16297
16434
16644
16724
16761
16913
16958
17306
17354
17360
17563
17568
17577
18175
18863
18891
19403
19934
19974
20015
20286
20337
20344
20406
20507
20664
20813
20860
20963
21078
21183
21412
21455
21468
21488
21729
21935
22274
22321
22519
22726
22888
22911
23180
23205
23408
23494
23929
24122
24216
24498
24721
24867
24917
24955
25067
25297
25600
25686
25946
26267
26529
26845
27198
27210
27221
27353
27521
27680
27815
27839
27868
27917
27925
28005
28208
28511
28800
28918
29228
29327
29401
29410
29470
30008
30051
30082
30169
30337
30406
30474
31089
31103
31165
31194
31394
31765
31808
31997
32004
32177
32454
32629
32730
32844
33033
33087
33301
33494
33515
34011
34106
34109
34192
34369
34372
34610
34622
34668
34896
34923
34931
35184
35278
35342
35360
35541
35625
35912
35957
36293
36319
36327
36418
36481
36594
36881
37016
37226
37239
37311
37509
37560
37696
37815
37889
37913
37923
37935
38055
38219
38225
38226
38508
38638
38703
38812
38889
38989
39455
40135
40578
40606
40631
40680
40784
