11
719
756
792
819
996
1027
1076
1163
1197
1397
1412
1440
1480
1492
1535
2003
2037
2459
2493
2553
2784
2892
2917
3055
3160
3383
3451
3532
3575
3623
3908
4268
4269
4387
4422
4428
5016
5022
5355
5465
5466
5503
5760
5811
6165
6188
6313
6606
6654
6982
7147
7969
8060
8079
8291
8594
8644
8833
9023
9047
9072
9240
9524
9593
9654
9695
9738
9795
9809
9998
10129
10131
10171
10725
10728
10777
10942
11063
11139
11154
11204
11277
11413
11515
11553
11658
11711
11764
12071
12474
12571
12893
12955
13029
13060
13104
13121
13175
13203
13314
13397
13624
13742
13744
13790
13884
14091
14228
14666
14674
15059
15174
15349
15480
15534
15710
16293
16470
16603
16697
16959
16968
17155
17201
17265
17340
17522
18076
18115
18338
18359
18472
18580
18872
19291
19312
19321
19422
19423
19525
19805
19903
20024
20104
20334
20491
20537
20778
20876
21004
21123
21134
21167
21268
21287
21612
21747
21767
21770
22010
22014
22246
22338
22470
22492
22547
22763
23867
23971
24173
24347
24375
24554
24598
24652
24807
24866
24982
25324
25470
25780
25820
26072
26269
26277
26480
26561
26901
26951
26960
26992
27065
27163
27372
27402
27690
27833
28473
28658
28776
28783
29152
29403
29588
29599
29606
29644
29963
30040
30107
30441
30660
30697
31004
31019
31271
31392
31473
31637
31893
32005
32123
32217
32319
32485
32927
33180
33274
33965
34017
34039
34169
34708
34777
34794
34818
34907
34963
35078
35098
35255
35325
35403
35447
35589
35769
35770
35860
35873
35909
36082
36329
36719
37302
37800
37931
38013
38103
38255
38444
38605
38628
38677
38950
39205
39310
39417
39459
39474
39487
39572
39669
39694
39843
40025
40276
40428
40773
13
85
117
219
231
302
697
762
1507
1632
1739
1873
2318
2443
2662
2747
2810
2834
2836
2936
2975
3067
3069
3087
3093
3113
3123
3204
3336
3350
3588
3627
3926
3990
4363
4409
4456
4520
4529
4675
4778
4857
4975
4991
5025
5044
5079
5096
5144
5163
5168
5302
5451
5473
5615
5856
5979
6046
6167
6307
6375
6469
6754
7064
7074
7318
7503
7717
8105
8217
8234
8238
8239
8304
8533
8563
8615
8618
8713
8880
9066
9456
9550
9718
9935
10191
10492
10534
10605
10626
10741
10905
10994
11186
11190
11234
11247
11380
11732
11973
12310
12390
12457
12746
13037
13077
13099
13109
13129
13445
13718
14041
14193
14745
14835
14920
15203
15348
15423
15697
15922
16093
16108
16228
16297
16320
16380
16434
16440
16570
16574
16644
16724
16761
17306
17327
17344
17424
17563
17626
17729
18052
18175
18882
19300
19353
19403
19934
19974
20038
20286
20337
20406
20507
20618
20664
20751
21049
21078
21112
21184
21203
21481
21488
21510
21549
21935
22036
22274
22321
22336
22519
22710
22726
22911
23180
23408
23652
23929
23948
23967
23990
24169
24216
24498
24867
24917
24955
24980
25368
25465
25600
25686
25946
26137
26232
26529
26542
26978
27155
27521
27815
27839
27868
27925
28005
28038
28592
28800
28878
28918
29290
30008
30337
30764
31103
31394
31659
31808
31875
32004
32098
32177
32454
32629
33033
33213
33278
33301
33515
33701
34109
34192
34325
34369
34372
34610
34622
34628
35184
35278
35342
35360
35371
35391
35546
35625
35633
35768
35966
36418
36481
36594
37226
37311
37418
37509
37593
37815
37889
37913
37923
38055
38305
38388
38789
38989
39574
39866
40135
40231
40395
40457
40537
40575
40578
40606
40631
40784
