11
382
507
719
1060
1163
1202
1412
1440
1479
1513
1671
2066
2104
2336
2459
2493
2572
2769
2784
2858
2861
2917
3055
3124
3382
3383
3532
3575
3623
3816
3830
3908
3937
3999
4264
4268
4269
4422
4554
4602
4613
4639
4772
5016
5022
5466
5811
5812
5873
6026
6165
6477
6606
6654
7085
7147
7158
7261
7362
7435
7963
7969
8079
8253
8291
8424
8480
8510
8566
8594
8626
8644
9023
9047
9240
9695
9738
9809
10129
10131
10279
10344
10725
10728
10777
10867
11139
11154
11204
11277
11642
11711
11764
11829
11830
12245
12346
12375
12474
12512
12631
12690
12718
12893
12955
12985
13029
13104
13175
13624
13726
13790
13833
13884
14091
14190
14301
14308
14666
14674
14859
14915
15059
15480
15534
16308
16411
16697
16844
16860
16959
17265
17291
17444
17522
17934
18338
18472
18506
18751
18794
18814
18872
19008
19291
19423
19525
19624
19734
19799
19805
19903
20024
20104
20225
20466
20491
20506
20537
20778
21092
21157
21167
21411
22010
22014
22094
22136
22246
22470
22547
22763
22823
22862
22935
23080
23240
23694
23867
23890
24173
24289
24340
24554
24571
24652
25011
25324
25470
26269
26277
26480
26580
26958
26960
26971
26992
27065
27104
27372
27548
27593
27690
27806
27814
27833
28072
28122
28473
28658
28759
28776
28982
29101
29304
29403
29599
29601
29644
29760
29963
30040
30107
30172
30331
30347
30598
31004
31073
31087
31473
32123
32135
32280
32290
32296
32319
32908
33244
33274
33448
33762
34039
34235
34246
34300
34621
34708
34818
34996
35017
35024
35053
35151
35325
35407
35424
35651
35769
35770
35860
35873
35946
36051
36082
36329
36347
36506
36599
36757
36802
37281
37302
37931
38013
38273
38605
38677
38887
38950
39082
39474
39487
39520
39843
40055
40069
40432
40773
13
31
42
231
346
369
1111
1508
1547
1632
1739
1873
2318
2575
2662
2737
2810
2936
2975
3093
3113
3204
3572
3627
3823
3935
4023
4245
4288
4520
4778
4995
5025
5082
5144
5250
5443
5451
5615
5796
6046
6158
6194
6307
6329
6399
6933
7074
7126
7187
7231
7318
7345
7503
7717
8010
8105
8123
8217
8224
8234
8238
8304
8408
8618
8712
8713
9005
9092
9161
9173
9624
9935
10534
10541
10605
10977
10984
11000
11041
11095
11247
11562
12056
12302
12345
12368
12390
12457
12723
13099
13129
13785
14041
14193
14245
14416
14688
14745
15203
15304
15348
15384
15424
15515
16093
16114
16434
16492
16570
16574
17306
17332
17360
17563
17577
17626
17641
17910
18668
18891
18977
19300
19913
19934
19974
20038
20056
20134
20136
20286
20293
20337
20600
21049
21078
21112
21148
21183
21380
21455
21468
21481
21488
21510
22012
22274
22336
22544
22888
22894
22911
23043
23180
23620
23873
23929
23967
23990
24122
24427
24498
24750
24835
24867
24917
24980
25297
25465
25674
25686
26232
26845
26978
27136
27386
27680
27839
27868
28038
28208
28327
28511
29245
29327
29470
29787
30008
30051
30082
30169
30337
30406
30474
30764
31103
31194
31875
31933
31997
32004
32098
32197
32629
32730
33033
33278
33337
33494
33515
33623
34106
34109
34192
34242
34610
34622
34896
35056
35128
35184
35327
35360
35392
35541
35625
35768
35957
36021
36175
36418
36481
36594
36845
36881
37239
37311
37409
37509
37560
37593
37714
37815
37889
37913
37923
37927
38081
38219
38225
38226
38521
38638
38789
38812
38889
39375
39468
39866
40135
40151
40231
40395
40537
40563
40575
40578
40609
