40
719
819
1060
1076
1197
1202
1217
1412
1440
1479
1480
1492
1513
1758
2037
2104
2493
2769
2784
2861
3055
3124
3160
3532
3773
3816
3908
3937
3999
4185
4264
4387
4428
4554
4602
4613
4772
4979
5016
5022
5024
5074
5355
5465
5466
5760
5811
6165
6188
6190
6313
6441
6477
6517
6654
7040
7085
7158
7435
7835
7969
8079
8424
8535
8566
8578
8594
8626
8781
8976
9047
9072
9120
9154
9240
9795
10593
10777
10927
10942
11515
11658
11686
11711
11829
11830
12071
12198
12245
12375
12407
12493
12512
12609
12893
12985
13135
13314
13361
13744
13986
14190
14228
14308
14666
14859
14886
14915
15059
15349
15480
15534
15710
16398
16463
16860
16968
17097
17201
17265
17291
17522
17732
17780
18121
18338
18506
19229
19422
19423
19799
20024
20334
20506
20537
20770
20778
20876
21134
21157
21248
21312
21411
21821
22010
22094
22528
22763
22821
22935
23240
23694
23867
23890
24033
24347
24375
24554
24652
24761
24866
24982
25780
25820
26040
26269
26277
26561
26901
26958
26971
26992
27104
27163
27372
27402
27548
27806
28072
28554
28658
28759
28776
28875
28931
28982
28990
29152
29403
29625
29653
29836
29925
29963
30441
30449
30481
30660
30697
30824
31004
31019
31073
31087
31097
31271
31392
31519
31601
31873
32005
32280
32290
32296
32931
33180
33448
33749
33815
33833
33965
34017
34169
34246
34367
34584
34708
34777
34840
34907
34963
34996
35151
35255
35325
35364
35403
35407
35424
35589
35651
35860
35909
36082
36329
36599
36726
36802
37390
37678
37777
37907
37931
38013
38036
38255
38444
38628
38983
38999
39205
39310
39417
39474
39577
39694
39939
40025
40055
40069
40074
40342
40773
40800
13
31
42
120
219
342
346
697
1111
1507
1508
1547
1632
1798
2253
2318
2452
2580
2601
2662
2834
2936
3069
3336
3350
3495
3572
3818
3823
3926
3935
4023
4484
4520
4675
4778
4857
4975
5025
5044
5079
5082
5096
5163
5185
5250
5302
5451
5615
5661
5792
5796
5856
5979
6121
6167
6201
6329
6469
6579
6886
7010
7064
7126
7231
7503
7586
8105
8239
8481
8533
8563
8691
8880
8951
9005
9066
9092
9161
9456
9566
9718
9935
9946
10077
10191
10492
10534
10541
10626
10875
10905
10977
11000
11041
11095
11190
11380
12056
12345
12368
12746
13077
13099
13718
14041
14245
14416
14745
14890
14901
14920
15304
15348
15384
15424
15697
16114
16228
16320
16434
16440
16574
16644
16724
16958
17136
17306
17332
17344
17360
17424
17563
17568
17577
17641
17729
17917
18052
18863
18882
18891
18977
19216
19333
19353
19690
19913
19934
19974
20286
20406
20507
20664
20813
20963
21112
21183
21203
21380
21385
21412
21455
21510
21712
21729
21935
22036
22274
22321
22519
22544
22710
22911
23043
23205
23494
23652
23873
23929
23948
24122
24169
24216
24498
24750
24867
24980
25297
25334
25368
25465
25686
25946
26542
27136
27221
27353
27386
27521
27680
27815
27917
27925
28005
28038
28327
28511
28769
28800
28878
28918
29290
29470
30337
30474
31103
31194
31202
31659
31765
31875
32004
32098
32454
32771
32844
33033
33087
33337
33494
33701
34106
34192
34369
34622
34628
34668
34923
35128
35327
35391
35392
35546
35625
35633
35768
35912
35966
36175
36296
36594
36845
37226
37239
37311
37369
37593
37696
37714
37889
37923
37935
38225
38226
38521
38811
39127
39147
39455
39468
39574
39866
39978
40151
40185
40231
40395
40457
40563
40606
40680
40784
