11
382
507
719
756
819
1027
1076
1197
1202
1440
1480
1535
1671
1758
2003
2037
2336
2858
2861
2892
3124
3383
3391
3451
3623
3773
3908
3937
4268
4282
4387
4428
4554
5022
5024
5148
5355
5760
5812
5873
6165
6313
6477
6517
6537
6606
6654
6711
7040
7158
7261
7362
7435
7963
8079
8253
8424
8535
8578
8594
8626
8644
9047
9072
9154
9524
10271
10279
10593
10725
10728
10889
10942
11154
11204
11225
11277
11413
11515
11658
11829
12071
12346
12375
12474
12493
12512
12571
12609
12631
12690
12718
12893
12985
13060
13190
13210
13397
13469
13726
13742
13833
13884
14190
14301
14363
14516
14599
14666
14859
14886
14915
15059
15480
15710
16254
16398
16411
16463
16470
16603
16844
16860
17097
17201
17291
17340
17780
18256
18580
18751
18814
19225
19229
19312
19422
19423
19525
19624
19734
19805
19903
20104
20225
20491
20537
20876
20938
21004
21092
21123
21312
21411
21612
21767
22246
22338
22470
22528
22823
22862
22935
23190
23240
23694
23867
23890
23971
24173
24340
24347
24375
24684
24689
24761
25192
25324
25780
25801
26040
26072
26269
26347
26455
26480
26537
26561
26580
26901
26958
26960
26971
27065
27195
27402
27548
27806
27814
27833
28072
28122
28473
28554
28776
28875
28982
28990
29599
29601
29625
29644
29936
29963
30040
30347
30441
30449
30481
30660
30697
31073
31087
31392
31473
31519
31890
32005
32135
32152
32217
32485
33180
33274
33762
33815
33831
33965
34017
34169
34235
34246
34300
34367
34708
34777
34794
34840
35017
35098
35151
35364
35769
35770
35860
35946
37281
37678
37777
37931
38013
38036
38103
38222
38444
38605
38628
38677
38887
38983
39067
39082
39449
39459
39843
39939
40025
40276
40309
40342
40773
40800
31
42
117
120
342
346
1088
1181
1547
2443
2452
2575
2580
2737
2747
2810
2834
2836
2975
3067
3069
3093
3113
3588
3627
3818
3823
3926
3935
3990
4245
4409
4484
4529
4778
4819
4857
4919
4991
4995
5044
5079
5082
5144
5163
5168
5185
5250
5302
5443
5451
5615
5661
5792
5979
6046
6194
6201
6307
6399
6469
6705
6754
6886
6933
7010
7064
7187
7231
7586
7710
8010
8105
8217
8224
8238
8239
8304
8372
8408
8481
8615
8618
8691
8712
8713
8951
9066
9092
9242
9256
9566
9624
10191
10541
10605
10626
10875
10977
11000
11087
11234
11562
11598
11689
11732
11748
11945
11973
12122
12390
13077
13718
13785
13875
14193
14745
14835
14890
15066
15515
15697
15922
16114
16228
16297
16380
16434
16440
16493
16570
16574
16761
16913
17327
17332
17424
17568
17626
17910
18175
18668
18891
19216
19300
19353
19403
19690
19913
19934
19974
20015
20038
20056
20286
20344
20507
20600
20618
20664
20751
20827
20860
20963
21049
21078
21112
21148
21184
21488
21510
21549
21712
21935
22036
22274
22321
22336
22544
22888
23043
23205
23652
23660
23929
23967
23990
24427
24721
24980
25018
25297
25334
25465
25686
25946
26232
27136
27198
27221
27521
27801
27815
27925
28005
28208
28327
28800
28878
28918
29290
29470
29508
29787
30008
31165
31194
31394
31765
31808
31933
31997
32004
32197
32629
32730
32844
33087
33337
33515
33701
34106
34325
34610
34668
34896
34923
35278
35342
35371
35625
35912
35957
35966
36021
36175
36293
36296
36319
36418
36881
37239
37418
37509
37593
37714
37815
37923
38081
38219
38225
38226
38305
38388
38521
38789
38812
38889
39147
39455
39866
40135
40185
40578
40631
40784
