11
40
382
719
756
1027
1076
1094
1163
1197
1397
1479
1480
1492
1535
2037
2104
2336
2493
2572
2769
2784
2858
2917
3055
3124
3532
3575
3773
3816
4264
4268
4269
4282
4428
4554
4602
4639
5022
5465
5503
5760
6313
6477
6517
6606
6654
6982
7085
7158
7261
7835
7963
7969
8079
8253
8424
8566
8578
8626
8781
8976
9072
9120
9240
9593
9738
9809
10271
10344
10593
10687
10728
10867
10927
11204
11413
11658
11686
11711
11764
11829
11830
11965
12071
12346
12407
12474
12571
12631
12718
12893
12985
13029
13175
13210
13314
13361
13518
13709
13742
13884
14144
14190
14301
14516
14599
14674
14859
14886
15059
15349
15480
15534
15710
16293
16308
16470
16603
16844
16860
17067
17155
17201
17265
17444
17780
17934
18076
18256
18359
18472
18580
18751
19151
19229
19422
19525
19624
19734
19799
19903
20225
20491
20537
20876
21092
21134
21157
21248
21268
21287
21312
21821
22014
22136
22297
22418
22528
22821
22935
23190
23240
24173
24375
24554
24571
24598
24652
24831
24866
24982
25324
26040
26269
26455
26537
26715
26958
26971
27065
27104
27372
27548
27725
27814
28122
28473
28658
28759
28875
28931
29101
29152
29304
29644
29653
29760
29936
29963
30331
30347
30449
30481
30598
30660
30697
30824
31019
31087
31097
31392
31473
31592
32280
32290
32296
32319
32869
32908
32927
33180
33244
33749
33762
33815
33831
33965
34017
34020
34235
34246
34621
34794
34840
34963
34996
35080
35098
35114
35255
35424
35589
35651
35770
35873
35946
36329
36506
36599
36726
36802
37302
37800
37907
38013
38677
38950
39067
39082
39205
39417
39449
39474
39487
39520
39572
39577
39843
40055
40069
40074
40276
40342
40428
40432
40800
31
42
85
117
219
1088
1181
1507
1739
1798
1873
2302
2318
2443
2580
2601
2834
2836
2975
3093
3113
3204
3336
3350
3495
3572
3627
4023
4288
4363
4456
4484
4520
4529
4991
4995
5144
5163
5168
5185
5443
5451
5615
5792
5796
6046
6121
6158
6194
6307
6399
6579
6705
6754
7064
7074
7187
7318
7710
7717
8010
8217
8304
8372
8541
8691
8923
9005
9092
9256
9456
9612
9624
9718
9946
10077
10191
10492
10541
10677
10741
10905
10977
10984
10994
11000
11041
11190
11234
11380
11562
11689
11748
12122
12310
12368
12390
12457
12746
13037
13077
13109
13129
13445
13718
14041
14245
14745
14835
14920
14942
15132
15304
15348
15423
15424
15922
16114
16228
16297
16380
16434
16492
16493
16570
16724
16761
17136
17306
17344
17354
17360
17424
17563
17568
17626
17641
17729
17917
18863
18882
18891
19300
19353
19403
19614
19913
19974
20056
20134
20136
20293
20406
20600
20618
20664
20751
20813
20860
21078
21112
21148
21183
21184
21203
21380
21385
21455
21549
21729
22321
22519
22710
22894
22911
23180
23408
23620
23660
23873
23990
24122
24498
24750
24835
24955
25067
25297
25465
25686
26232
26267
26529
27136
27155
27198
27210
27221
27386
27815
27868
28038
28208
28592
28769
28918
29245
29401
29410
29470
29508
30008
30051
30082
30169
30406
30967
31089
31194
31394
31659
32177
32629
32844
33033
33213
33337
33494
34242
34372
34622
34628
34896
35128
35184
35278
35342
35360
35391
35392
35541
35625
35633
35768
35957
35966
36021
36293
36418
36881
37016
37226
37560
37593
37696
37714
37815
37889
38081
38219
38225
38226
38305
38388
38508
38521
38638
38811
39084
39455
39468
39533
39574
39866
40185
40231
40537
40575
40606
40609
40784
