507
756
792
819
1076
1094
1202
1397
1480
1492
1513
1535
1671
2348
2572
2769
2858
2861
2892
2917
3055
3124
3160
3382
3383
3451
3773
3816
3908
3937
3999
4264
4268
4269
4428
4812
4870
4979
5016
5022
5074
5466
5503
5760
5811
5873
6026
6190
6313
6441
6477
6537
6606
6654
6982
7040
7085
7362
7435
7835
7963
7969
8060
8291
8360
8566
8644
8781
9023
9047
9072
9154
9524
9695
9738
9809
9979
9998
10131
10171
10271
10728
10777
10889
10927
10942
11139
11515
11553
11609
11642
11665
11764
11830
11965
12071
12073
12198
12245
12474
12512
12690
13029
13060
13121
13126
13135
13175
13190
13210
13299
13314
13361
13469
13624
13726
13742
13833
13884
14091
14190
14228
14301
14308
14516
14538
14859
14915
15174
15534
16398
16411
16844
16860
16959
16968
17340
17444
17732
18076
18121
18256
18472
18506
18751
18872
19229
19423
19624
19734
19799
19903
20024
20334
20506
20537
20778
20876
20938
21123
21157
21287
21612
21770
21821
22010
22014
22094
22246
22492
22935
23080
23190
23867
23890
24033
24173
24289
24340
24375
24571
24982
25011
25324
25470
26040
26347
26537
26561
26580
26715
26958
26960
26971
26992
27372
27569
27806
28122
28473
28554
28776
28783
28875
28931
29101
29152
29403
29588
29601
29836
29936
30107
30172
30331
30697
31019
31073
31087
31097
31271
31392
31473
31592
31873
32123
32135
32152
32290
32319
32485
32927
32931
33749
33831
33833
34020
34169
34246
34621
34777
34794
34818
34907
34963
34966
34996
35053
35078
35098
35114
35151
35325
35403
35407
35424
35860
35946
36082
36329
36347
36599
36726
37678
37840
38036
38222
38273
38274
38444
38605
38887
38950
38983
38999
39082
39449
39474
39487
39577
39587
39669
39843
40055
40074
40309
31
42
117
120
302
342
762
1111
1507
1508
1547
1632
1739
1798
2443
2737
2747
2810
3067
3087
3093
3113
3204
3396
3495
3588
3627
3818
3823
3990
4023
4288
4456
4675
4857
4975
4995
5025
5079
5163
5168
5250
5302
5324
5443
5473
5661
5792
5796
5856
6046
6158
6167
6201
6329
6375
6754
6933
7074
7318
7345
7710
7717
8105
8123
8234
8239
8372
8408
8618
8691
8712
8713
9005
9092
9173
9242
9256
9456
9612
9935
10191
10626
10741
10875
10905
10977
11087
11186
11380
11598
11732
11748
11945
11973
12310
12368
12390
12457
12723
12746
13037
13109
13129
13445
13718
13875
14039
14245
14416
14688
14745
14890
14899
14901
14942
15066
15384
15515
15697
15922
16114
16320
16380
16434
16440
16492
16724
16761
16958
17136
17344
17354
17360
17424
17577
17917
18052
18668
19300
19333
19353
19403
19614
19690
19913
19974
20056
20134
20136
20344
20618
20664
20751
20827
20860
20963
21078
21112
21184
21380
21385
21412
21468
21549
21729
22036
22336
22888
22911
23494
23652
23929
24122
24169
24216
24427
24498
24721
24955
25018
25297
25334
25465
25600
25674
25946
26232
26529
26542
27155
27221
27353
27386
27917
28038
28208
28210
28327
28511
28592
28800
29245
29290
29327
29401
29508
29722
30008
30051
30082
30169
30337
30474
31089
31165
31659
31765
31997
32004
32177
32454
32771
33087
33278
33337
33494
33515
33623
33701
34242
34369
34628
34923
34931
35056
35371
35391
35392
35546
35625
35966
36296
36319
36418
36594
36724
36881
37226
37311
37593
37714
37913
37927
38226
38508
38638
38703
38812
38889
39127
39468
39533
39978
40135
40151
40395
40537
40575
40609
40680
40784
