11
996
1094
1163
1197
1217
1440
1492
1535
1671
2037
2104
2493
2784
2858
3124
3160
3382
3383
3575
3816
3830
3937
4185
4268
4282
4387
4422
4554
4613
5022
5024
5148
5503
5760
5812
5873
6188
6190
6441
6477
6517
6654
6982
7040
7085
7362
7835
7969
8079
8291
8510
8535
8566
8644
8781
8833
8976
9524
9593
9654
9695
9795
9979
9998
10131
10171
10344
10687
10889
11139
11204
11225
11413
11515
11553
11609
11642
11658
11665
11686
12071
12073
12198
12245
12375
12407
12474
12571
12690
12893
12985
13029
13060
13104
13175
13203
13299
13397
13469
13518
13742
13744
13790
13884
14091
14190
14228
14301
14306
14308
14599
14666
14859
14886
15710
16308
16398
16411
16463
16959
17067
17155
17265
17340
17522
17732
17780
17969
18076
18115
18121
18201
18338
18472
18580
18751
18794
18872
19008
19151
19229
19291
19624
19805
20104
20225
20334
20466
20506
20537
20778
20876
20938
21004
21092
21167
21767
21821
22010
22014
22094
22246
22297
22470
22528
22547
22821
23240
23971
24289
24340
24347
24375
24652
24684
24831
24982
25801
26072
26269
26347
26455
26537
26561
26580
26715
26901
26958
27065
27104
27163
27195
27372
27402
27548
27569
27690
27719
27725
27806
27814
28982
29152
29304
29403
29588
29601
29606
29760
29925
29936
30040
30331
30481
30660
30824
31087
31519
31637
31873
31882
31893
32123
32152
32290
32296
32869
32908
32927
33244
33448
33749
33831
34017
34020
34039
34169
34246
34300
34367
34584
34621
34708
34777
34818
34884
34963
35053
35078
35080
35098
35325
35364
35379
35651
35860
35873
36051
36599
37281
37840
37907
37931
38036
38222
38255
38274
38444
38628
38887
38999
39082
39205
39474
39487
39520
39572
39577
39587
39669
39694
39843
39939
40025
40055
40074
40309
40342
40428
40432
40800
13
85
117
120
219
231
342
369
1111
1507
1508
1739
2253
2302
2318
2443
2662
2737
2975
3069
3093
3123
3350
3572
3588
3627
3823
3926
3990
4023
4288
4529
4675
4919
4975
4991
5044
5052
5096
5144
5163
5185
5250
5615
5856
6046
6194
6201
6307
6329
6399
6469
6705
6754
6864
6886
6933
7231
7503
7586
7710
8010
8105
8217
8224
8238
8239
8712
8880
8923
9092
9242
9256
9456
9685
9718
10541
10677
10741
10875
10994
11087
11186
11190
11234
11562
11598
11689
11732
11945
12056
12122
12390
13077
13109
14041
14245
14899
14901
15066
15203
15304
15348
15384
15423
15424
15515
15697
16093
16297
16380
16492
16493
16913
17306
17327
17332
17360
17424
17500
17563
17577
17641
17729
17910
17917
18175
18668
18863
18891
18977
19216
19300
19333
19353
19403
19690
19934
20015
20038
20056
20134
20337
20344
20406
20507
20618
20860
20963
21049
21148
21184
21380
21412
21468
21488
21510
21549
21935
22012
22726
22888
22894
23408
23929
23948
24122
24169
24427
24498
24721
24750
24835
25674
25686
25946
26529
26542
26845
27155
27210
27353
27386
27521
27815
27868
27917
28327
28511
28592
28769
28800
28918
29290
29327
29410
29470
29508
29722
29787
30082
30406
30967
31089
31165
31194
31202
31394
31808
31933
32197
32454
32629
32844
33033
33301
33337
33515
33623
34109
34242
34325
34610
34668
34923
35056
35278
35342
35371
35391
35546
35957
36021
36418
36594
36881
37226
37239
37311
37409
37509
37560
37593
37889
37923
37935
38055
38226
38305
38521
38789
38989
39127
39375
39468
39574
39978
40135
40151
40185
40231
40537
40563
40606
40631
40680
