40
382
507
756
951
996
1076
1094
1163
1197
1202
1217
1412
1440
1479
1671
1758
2037
2336
2493
2784
2858
2892
2917
3451
3575
3816
3908
3937
4264
4268
4422
4554
4772
5016
5022
5148
5465
5466
5503
5760
5812
5873
6165
6313
6654
6711
7147
7435
7963
7969
8424
8480
8510
8535
8566
8594
8644
8833
9023
9154
9240
9524
9654
9738
9809
9979
10129
10131
10171
10344
10593
10728
10777
10889
10927
10942
11139
11413
11515
11553
11609
11686
11711
11764
11830
12198
12346
12375
12407
12493
12512
12571
12609
12718
12955
13029
13121
13126
13175
13203
13299
13361
13469
13742
14306
14363
14516
14844
14859
14915
15174
16398
16470
16603
16697
16844
16959
16968
17097
17155
17201
17265
17340
17444
17780
17934
18121
18201
18338
18359
18751
18814
18872
19008
19525
19734
19903
20104
20876
20938
21123
21134
21287
21312
21767
22014
22246
22338
22528
22862
22935
23240
23694
23867
24033
24375
24866
24982
25780
25820
26040
26072
26347
26480
26580
26715
26901
26951
26958
26960
26971
27065
27352
27372
27402
27548
27725
27748
27806
27814
27833
28072
28473
28658
28875
28990
29152
29601
29760
29925
29936
30040
30107
30172
30441
30449
30598
31271
31392
31473
31519
31637
31873
31882
31890
31893
32135
32217
32296
32319
32869
33274
33749
33762
33815
33831
33965
34017
34169
34235
34300
34367
34584
34621
34708
34996
35053
35080
35151
35651
35769
36082
36506
36719
36726
37281
37302
37390
37840
37907
37931
38036
38103
38222
38255
38273
38274
38444
38677
38887
38950
39417
39449
39487
39520
39572
39577
39587
39694
40025
40055
40074
40229
40276
40309
40773
40800
13
31
42
85
231
302
346
1088
1111
1632
1739
1873
2302
2318
2443
2452
2575
2601
2737
2747
2834
3087
3093
3123
3336
3572
3927
3935
4288
4363
4456
4520
4675
4919
4991
4995
5025
5144
5250
5324
5451
5473
5615
5661
5745
5792
5856
5979
6046
6121
6158
6194
6307
6329
6399
6864
6886
7164
7318
7717
8123
8217
8224
8239
8304
8372
8533
8541
8615
8713
8880
8923
9066
9173
9456
9612
9624
9697
9935
9946
10077
10492
10534
10605
10677
10741
10875
10905
10994
11041
11095
11186
11190
11234
11380
11598
11689
11748
11945
11973
12056
12122
12310
12345
12457
12723
13129
13718
13785
13875
14688
14835
14890
14899
14901
15066
15132
15203
15384
16108
16228
16297
16320
16570
16958
17136
17306
17327
17344
17360
17424
17500
17563
17568
17626
17729
18668
18863
18977
19353
19403
19913
20038
20056
20286
20293
20337
20344
20406
20507
20618
20813
20827
20860
20963
21049
21078
21112
21183
21184
21412
21455
21468
21488
21549
21935
22036
22274
22519
22544
22710
22911
23205
23408
23494
23652
23948
23967
23990
24427
24867
24917
24955
24980
25334
25600
26137
26267
26529
26542
26845
27136
27155
27198
27210
27386
27680
27815
27839
27917
28208
28210
28511
28592
28769
28800
28918
29228
29245
29290
29327
29410
29470
29722
30051
30082
30337
30764
30967
31202
31394
31659
31765
31933
31997
32004
32454
32730
32844
33213
33301
33337
33623
33701
34011
34106
34325
34610
34628
34668
34931
35056
35184
35278
35342
35546
35625
35633
35768
35912
36021
36296
36319
36418
36481
36845
36881
37226
37239
37311
37369
37409
37509
37560
37593
37889
37913
37923
37927
37935
38055
38219
38225
38305
38388
38508
38638
38789
38989
39084
39375
39455
39866
39978
40151
40231
40457
40563
40575
40784
