40
382
819
951
996
1397
1479
1480
1513
1535
2037
2066
2336
2459
2784
2858
2892
2917
3124
3382
3391
3451
3623
3830
3908
4185
4264
4387
4428
4602
4979
5074
5148
5465
5812
5873
6190
6537
7085
7147
7261
7362
7963
7969
8079
8480
8535
8566
8578
8594
8644
9047
9072
9593
9695
9738
9795
9809
10131
10171
10279
10687
10725
10889
10927
11154
11225
11277
11515
11553
11609
11658
11665
11830
12071
12493
12512
12571
12609
12631
12690
12893
12985
13029
13060
13104
13121
13135
13190
13210
13314
13518
13709
13742
13986
14144
14306
14516
14599
14674
14915
15059
15480
15710
16293
16398
16697
16860
16968
17097
17155
17201
17265
17340
17444
17732
17780
17934
18121
18256
18338
18751
18794
19225
19229
19291
19321
19422
19423
19525
19624
19734
19903
20225
20466
20491
20876
20938
21004
21092
21123
21134
21248
21287
21312
21612
21767
22010
22094
22136
22246
22297
22338
22528
22547
22821
22935
23240
23890
23971
24340
24375
24554
24652
24684
24689
24761
24807
24831
25011
25192
25324
25470
25801
26072
26347
26480
26537
26561
26580
26715
26951
26958
26960
26971
27065
27104
27195
27352
27372
27402
27569
27719
27806
27814
28473
28554
29101
29152
29304
29599
29601
29644
29653
29760
29836
29925
30107
30172
30347
30481
30598
30660
31004
31087
31271
31392
31519
31601
31873
32123
32135
32152
32217
32280
32290
32296
32908
32927
33244
33274
33448
33833
34169
34621
34708
34794
34818
34840
34884
34907
34963
34966
35024
35053
35078
35403
35407
35424
35447
35589
35769
35860
35909
36051
36506
36719
36802
37281
37390
37678
37777
37800
37840
37931
38036
38274
38887
38950
38983
38999
39067
39449
39459
39487
39520
39572
39577
39587
39694
40069
40276
40309
40800
13
117
231
302
342
346
369
762
1507
1632
1739
2318
2443
2452
2601
2662
2737
2747
2810
2834
2836
2936
3067
3069
3087
3093
3113
3123
3204
3396
3572
3627
3818
3823
3927
3935
4023
4245
4409
4456
4484
4675
4778
4819
4857
4919
4991
5082
5168
5185
5250
5443
5473
5745
5796
5979
6046
6194
6201
6307
6469
6579
6705
6886
7064
7074
7126
7187
7231
7318
7345
7503
7586
8105
8123
8372
8481
8615
8691
8712
8713
8880
8951
9005
9066
9173
9456
9624
9685
9718
9922
10191
10534
10626
10677
10875
10905
11041
11186
11234
11247
11945
11973
12302
12310
12368
12457
13445
13875
14193
14245
14416
14688
14899
14901
14942
15066
15132
15203
15424
15515
15922
16228
16297
16320
16380
16434
16440
16570
16574
16724
16761
16913
17344
17354
17424
17500
17626
17641
18052
18863
18882
18891
19216
19300
19333
19403
19913
20015
20136
20286
20337
20600
20618
20751
20813
20827
20963
21049
21183
21184
21203
21380
21412
21455
21468
21712
21729
22336
22544
22710
22894
22911
23494
23660
23990
24122
24216
24917
24955
24980
25368
25465
25600
26137
26267
26529
26845
27136
27221
27353
27386
27815
28210
28769
28800
28918
29245
29508
29722
30008
30051
30169
30337
30764
30967
31103
31165
31202
31808
31875
31997
32004
32197
32629
32730
32771
33033
33278
33337
34106
34109
34325
34369
34372
34622
34628
34668
34923
34931
35184
35278
35360
35371
35625
35768
35966
36021
36293
36319
36481
36594
36845
36881
37016
37239
37311
37509
37560
37696
37815
37889
37913
38055
38081
38219
38225
38703
38789
38811
38812
38889
38989
39866
40135
40151
40185
40457
40575
40578
40606
40609
40680
40784
