40
719
819
996
1060
1076
1197
1492
1513
1535
1671
2037
2104
2336
2459
2553
2784
2858
2861
2892
3124
3160
3382
3451
3623
3816
3908
3999
4264
4268
4269
4428
4554
4602
4772
4870
4979
5024
5466
5503
5811
5873
6188
6313
6441
6477
6982
7040
7158
7261
8424
8480
8535
8626
8644
8781
8976
9023
9047
9524
9593
9695
10171
10687
10725
10728
10942
11063
11204
11225
11277
11515
11553
11642
11665
11686
11764
11829
11965
12245
12346
12375
12407
12474
12893
12985
13029
13104
13121
13135
13190
13210
13299
13469
13624
13790
14144
14228
14301
14308
14516
14844
15059
15534
15710
16293
16697
17097
17201
17265
17291
17522
17780
17934
18115
18121
18256
18338
18359
18472
18506
18751
18794
18814
18872
19225
19312
19321
19422
19525
19624
19734
19805
19903
20225
20466
20506
20537
20770
20778
20938
21004
21092
21123
21134
21157
21287
21312
21767
21770
22010
22136
22297
22492
22528
22763
22821
22935
23190
23240
23971
24289
24340
24375
24571
24652
24761
24982
25192
25324
25470
25820
26040
26072
26277
26480
26537
26580
26901
26971
26992
27065
27104
27163
27372
27569
27725
27748
27806
27814
28122
28473
28658
28982
29101
29304
29599
29760
29925
29963
30107
30172
30331
30347
30449
30481
30697
31087
31097
31271
31473
31519
31637
31873
31890
32005
32123
32217
32280
32290
32908
33180
33244
33274
33749
33762
33831
33833
34020
34039
34246
34300
34367
34584
34621
34708
34777
34996
35017
35024
35098
35151
35255
35364
35424
35447
35589
35651
35769
35770
35873
35909
36051
36719
36757
36802
37678
37840
38036
38103
38222
38255
38274
38444
38677
38887
38983
39067
39082
39205
39474
39487
39572
39939
40025
40055
40074
40428
40432
31
85
117
120
697
762
1547
1798
2443
2575
2662
2737
2810
2834
2975
3067
3087
3093
3123
3336
3588
3627
3823
3990
4023
4456
4675
4778
4919
4991
4995
5044
5052
5079
5096
5144
5302
5324
5451
5473
5745
5796
5979
6046
6167
6194
6201
6375
6705
6864
7010
7074
7187
7231
7503
7710
7717
8010
8123
8217
8238
8239
8372
8408
8481
8533
8541
8712
8880
8923
9005
9092
9161
9256
9550
9612
9685
9697
9718
9922
9935
10492
10534
10626
10905
10984
11000
11041
11186
11562
11748
11945
11973
12056
12368
12390
12457
12723
12746
13445
13718
13785
13875
14039
14041
14193
14245
14416
14688
14899
14942
15066
15132
15384
15424
15697
15922
16093
16228
16320
16434
16440
16492
16493
16570
16644
16724
16761
16958
17192
17354
17568
17577
17626
17641
17910
17917
18668
18863
18882
18891
18977
19333
19353
19403
19913
20056
20136
20344
20507
20600
20664
20751
20827
21049
21078
21385
21481
21488
21712
21729
21935
22012
22321
22544
22894
23180
23408
23620
23652
23660
23873
23929
23967
24169
24216
24427
24498
24721
24750
24835
24867
24955
25018
25067
25297
25334
25368
26137
26529
26542
27210
27353
27680
27839
27868
27917
28038
28208
28210
28327
28592
28918
29228
29327
29401
29410
29787
30051
30406
30474
31103
31202
31659
32454
32844
33033
33087
33213
33278
33301
33337
33623
33701
34192
34325
34369
34610
34622
34923
34931
35278
35327
35360
35371
35391
35541
35625
35768
35912
35966
36293
36296
36418
36481
36881
37016
37239
37311
37369
37509
37560
37593
37696
37714
37815
37913
37923
37927
38055
38388
38508
38638
38811
38812
38889
39084
39127
39147
39375
39574
40135
40231
40457
40563
40575
40578
40609
40680
