40
792
951
1060
1076
1094
1163
1197
1397
1440
1479
1480
1492
1535
2003
2066
2104
2348
2493
2553
2572
2769
2892
2917
3055
3383
3391
3451
3532
3575
3623
3937
4268
4269
4282
4422
4554
4613
4772
4812
4979
5016
5024
5465
5760
6165
6188
6190
6517
6537
6654
6711
6982
7158
7362
7435
7969
8291
8424
8480
8510
8566
8578
8594
9047
9072
9154
9240
9738
9795
9998
10271
10593
10777
11154
11204
11225
11553
11609
11665
11764
11829
11965
12071
12073
12346
12375
12474
12512
12571
12690
12893
12985
13060
13126
13135
13175
13210
13361
13397
13709
13726
13742
13744
13790
13833
13986
14091
14306
14538
14859
15174
15349
15710
16293
16308
16398
16411
16463
16860
16959
16968
17201
17340
17444
17969
18115
18201
18256
18359
18472
18506
18580
18794
18872
19225
19291
19423
19799
19805
20024
20466
20491
20537
20770
20778
20938
21004
21092
21167
21411
21612
21767
21770
21821
22297
22338
22418
22492
22528
22547
22763
22823
23080
23694
23890
23971
24375
24554
24598
24652
24761
24807
24866
24982
25192
25324
25470
25801
26040
26347
26537
26561
26580
27163
27402
27548
27569
27593
27690
27725
27748
27806
27814
28072
28554
28658
28759
28875
29101
29152
29599
29606
29644
29836
29925
29936
30172
30331
30347
30481
30660
30824
31004
31019
31073
31087
31097
31519
31601
31637
32152
32280
32485
32869
32931
33244
33274
33448
33762
33815
33831
33833
34017
34169
34300
34708
34777
34794
34818
34840
34884
34907
34996
35017
35024
35053
35098
35255
35325
35447
35589
35769
35860
35873
36051
36329
36506
36719
37281
37302
37907
37931
38255
38273
38274
38444
38605
38950
38999
39082
39205
39310
39417
39487
39520
39577
39669
39694
39939
40055
40069
40229
40276
40309
40432
40773
13
31
85
117
302
342
1739
1873
2443
2452
2580
2601
2662
2936
3067
3123
3588
3823
3926
3935
3990
4288
4484
4778
4819
4919
4975
5044
5079
5082
5144
5163
5168
5185
5250
5443
5615
5661
5792
5796
5856
6307
6329
6375
6399
6469
6705
6754
6864
6933
7064
7074
7126
7187
7231
7318
7710
8105
8217
8224
8234
8304
8408
8533
8541
8563
8615
8691
8712
9066
9092
9242
9550
9566
9697
9922
9935
9946
10191
10492
10626
10741
10875
10905
10984
10994
11000
11186
11190
11234
11380
11598
11732
12122
12310
12345
12457
12746
13099
13129
13718
14039
14041
14745
14942
15384
15424
15697
15922
16108
16114
16228
16297
16440
16574
16644
16724
16913
17192
17306
17327
17424
17500
17563
17641
17729
17910
17917
18052
18668
18977
19333
19614
19690
19913
19934
19974
20015
20038
20136
20286
20337
20507
20600
20618
20860
20963
21148
21183
21203
21380
21385
21412
21455
21468
21481
21935
22012
22336
22544
22888
22911
23494
23652
23948
23967
23990
24216
24427
24721
24750
24917
24980
25334
25368
25465
25600
25686
26232
26267
26542
27136
27155
27198
27210
27221
27353
27386
27680
27801
27815
27839
27917
28038
28327
28769
28800
28918
29228
29327
29722
29787
30082
30169
30337
31089
31165
31659
31875
31933
31997
32004
32454
32629
32771
33087
33213
33494
33515
33701
34011
34106
34192
34242
34325
34369
34372
34610
34628
34668
34896
35128
35327
35371
35392
35546
35625
35768
35912
35966
36327
36594
36724
36845
37239
37369
37409
37418
37509
37560
37889
37927
38055
38219
38225
38388
38521
38811
38812
38989
39375
39533
39574
39866
40135
40151
40185
40395
40537
40606
40784
