11
382
756
792
819
951
996
1060
1076
1197
1217
1397
1440
1535
2003
2066
2104
2348
2769
2784
2858
3055
3160
3382
3451
3532
3623
3816
4185
4264
4268
4282
4387
4428
4554
4602
5016
5024
5148
5355
5466
5503
5760
6026
6188
6313
6441
6477
6517
6654
7158
7362
7435
7969
8060
8291
8360
8424
8510
8535
8578
8594
8626
8976
9023
9047
9072
9240
9524
9593
9738
9795
9979
9998
10279
10593
10889
10927
11139
11204
11277
11413
11515
11642
11711
11829
12071
12073
12198
12407
12512
12631
12718
13029
13121
13126
13135
13190
13299
13314
13397
13469
13518
13709
13726
13744
13790
13833
13884
14228
14301
14308
14363
14516
14538
14666
14674
14844
14859
14886
15059
15174
15349
15480
15710
16293
16398
16411
16603
16697
16860
16959
16968
17067
17522
17732
17780
17934
17969
18506
18580
18814
18872
19291
19423
19799
20104
20506
20876
20938
21092
21123
21248
21287
21612
21747
21821
22010
22136
22547
22821
22935
23190
23971
24340
24554
24684
24689
24761
25324
25470
25780
25820
26269
26455
26715
26951
26971
27104
27163
27372
27402
27548
27593
27719
27725
27833
28072
28473
28658
28759
28776
28875
28931
28982
28990
29403
29588
29601
29606
29625
29644
29653
29836
29936
29963
30040
30172
30331
30449
30481
30660
30697
30824
31097
31392
31592
31601
31637
31882
31890
31893
32005
32123
32217
32290
32908
32931
33180
33244
33815
34020
34235
34367
34584
34794
34840
34884
34907
34966
35024
35078
35080
35255
35325
35407
35424
35909
36082
36329
36599
36719
36802
37302
37678
37907
38036
38103
38222
38274
38628
38887
38950
39067
39205
39310
39449
39474
39694
40074
40229
40276
40773
40800
42
117
120
302
342
346
762
1088
1507
1632
1739
1798
2253
2575
2580
2601
2737
2747
2834
2836
2936
2975
3067
3069
3204
3495
3572
3818
3823
3926
3927
3935
3990
4245
4456
4484
4857
4919
4975
4991
5044
5052
5079
5082
5185
5250
5302
5451
5473
5615
5661
5745
5979
6121
6158
6167
6329
6375
6469
6705
6864
6933
7126
7164
7187
7231
7318
7345
7503
7586
8105
8123
8217
8304
8372
8408
8481
8533
8541
8615
8618
8712
8713
9005
9092
9242
9612
9697
9718
9935
9946
10492
10605
10626
10677
10875
10905
10984
11041
11087
11234
11247
11380
11562
11598
11732
11945
12122
12302
12310
12345
12390
12457
12723
12746
13077
13099
13129
13445
13718
13875
14039
14041
14416
14745
14835
14942
15384
15423
15424
16093
16114
16297
16434
16440
16644
16724
16913
17136
17192
17306
17332
17344
17360
17424
17626
17641
17917
18668
19300
19353
19614
19913
19934
19974
20015
20038
20056
20136
20286
20293
20344
20600
20618
20751
20827
20963
21078
21112
21184
21380
21412
21468
21481
21549
21712
21935
22036
22544
22710
22894
22911
23043
23180
23494
23620
23652
23929
23990
24122
24427
24498
24750
24867
24955
25018
25334
25368
25600
25674
25946
26137
26267
26542
26845
26978
27155
27198
27353
27801
27868
27925
28038
28511
28769
28800
29228
29290
29327
29410
29470
29508
29722
29787
30051
30337
30474
31659
31765
31933
32098
32197
32629
32730
33213
33278
33301
33515
33701
34011
34372
34610
34628
34923
35184
35278
35327
35360
35392
35546
35768
35957
35966
36021
36296
36724
37226
37239
37311
37369
37409
37509
37560
37593
37923
38055
38081
38219
38225
38226
38388
38508
38889
38989
39147
39375
39468
39533
39574
39866
39978
40231
40578
40631
