11
40
382
507
996
1076
1197
1397
1440
1480
1513
1535
2037
2066
2348
2459
2493
2553
2572
2769
2858
2917
3124
3160
3451
3773
3830
4185
4268
4269
4282
4387
4613
4639
4812
4979
5022
5812
5873
6165
6190
6313
6477
6517
6606
6654
7040
7147
7158
7261
7362
7835
7963
8060
8079
8360
8480
8566
8594
8781
8833
9120
9524
9654
9738
9795
9809
9979
10129
10131
10279
10725
10728
10777
10867
11063
11139
11204
11277
11553
11642
11764
12198
12346
12375
12474
12493
12512
12571
12631
12718
12955
12985
13029
13060
13104
13175
13203
13299
13314
13361
13624
13726
13744
13884
14091
14144
14190
14228
14301
14308
14599
14666
14674
15174
15349
15534
15710
16308
16398
16603
16697
16844
16860
17155
17265
17291
17444
17732
17969
18115
18201
18256
18338
18359
18506
18580
18751
18814
19151
19225
19229
19291
19312
19321
19525
19624
19734
19799
20024
20225
20334
20491
20506
20778
20876
20938
21004
21123
21134
21248
21312
21411
21612
21770
21821
22010
22094
22246
22470
22492
22528
22821
22823
22862
23240
23867
24173
24340
24375
24554
24598
24689
24807
24831
25011
25192
25470
25801
26269
26347
26715
26901
26951
26992
27163
27195
27402
27569
27719
28072
28122
28473
28658
28776
28783
28990
29403
29588
29599
29606
29836
29925
30040
30107
30449
30697
31073
31097
31392
31519
31592
31601
31873
31890
32123
32152
32280
32296
32319
32908
32931
33180
33244
33274
33448
33749
33831
33833
33965
34017
34039
34169
34235
34246
34300
34367
34584
34708
34777
34818
34840
34884
34966
34996
35017
35024
35080
35255
35325
35403
35447
35770
35860
35909
35946
36329
36347
36506
36726
36757
37390
37678
37800
38222
38255
38274
38628
38677
38983
39067
39082
39205
39310
39417
39449
39474
39520
39577
39843
40055
40229
40276
40800
13
117
120
342
369
697
1088
1111
1547
2253
2318
2443
2575
2601
2662
2737
2810
2834
2936
3067
3093
3204
3495
3935
4245
4288
4363
4456
4520
4675
4919
4991
5025
5079
5096
5185
5302
5324
5443
5451
5473
5745
5792
5796
5856
5979
6329
6754
6864
6933
7126
7345
7717
8105
8224
8304
8372
8408
8533
8563
8880
8951
9005
9161
9173
9242
9256
9550
9612
9685
9922
9946
10077
10191
10492
10626
10741
10977
10994
11087
11234
11380
11562
11598
11689
11748
11945
11973
12056
12122
12302
12368
13077
13109
13129
13718
13875
14416
14688
14745
14835
14942
15066
15203
15304
15384
15423
15515
15697
15922
16108
16114
16380
16570
16574
16724
16761
17136
17306
17327
17332
17360
17568
17729
17910
18052
18175
18668
18863
18891
19216
19300
19333
19403
19614
19690
19913
19974
20015
20038
20286
20344
20507
20600
20618
20813
20827
20860
21049
21112
21183
21184
21380
21385
21488
21549
21729
21935
22036
22336
22544
22888
22911
23043
23180
23408
23652
23660
23873
23948
23990
24216
24427
24750
25067
25600
25674
25686
26137
27155
27198
27210
27221
27801
27815
27868
27917
28210
28511
28592
28769
28878
28918
29290
29327
29508
30051
30764
31103
31659
31765
31933
32098
33033
33494
33515
33623
34011
34192
34325
34369
34610
34628
34923
34931
35056
35278
35327
35342
35360
35392
35546
35633
35768
35912
35957
35966
36021
36175
36319
36481
36594
37016
37226
37311
37409
37418
37714
37815
37913
37923
37935
38081
38219
38226
38388
38521
38638
38889
38989
39127
39147
39574
40135
40185
40395
40537
40563
40575
40606
40609
40631
40680
40784
