11
40
382
507
1060
1076
1094
1217
1513
1758
2037
2066
2348
2493
2784
2858
2861
2892
3055
3124
3383
3451
3575
3623
3816
3908
4185
4282
4387
4422
4554
4602
4772
4812
5022
5074
5148
5465
5873
6026
6165
6313
6477
6606
6654
6711
7040
7158
7835
7963
7969
8253
8424
8566
8594
8626
8644
8976
9023
9047
9072
9524
9593
9998
10131
10171
10728
10889
11204
11277
11413
11553
11609
11642
11686
11829
11830
11965
12071
12073
12198
12346
12375
12407
12474
12493
12571
12631
12893
12985
13029
13060
13175
13190
13203
13210
13299
13314
13518
13726
13790
14144
14190
14301
14308
14363
14538
14599
14666
14674
14844
14915
15174
15534
15710
16463
16697
16844
16860
16959
17097
17155
17201
17265
17340
17934
18076
18115
18121
18201
18359
18580
18751
18814
19229
19312
19422
19734
19799
19805
20104
20225
20334
20466
20506
21004
21134
21157
21167
21248
21268
21312
21747
21767
22010
22136
22470
22492
22528
22547
22821
22823
22862
22935
23080
23240
23694
23890
24173
24289
24340
24554
24598
24652
24684
24689
24982
25192
25470
25780
25820
26455
26537
26580
26960
26971
27104
27163
27690
27719
27748
27833
28658
28783
28982
29101
29304
29403
29588
29601
29606
29625
29644
29836
29925
29963
30172
30441
30449
30697
31087
31392
31473
31601
31637
32005
32123
32135
32280
32290
32296
32485
32908
33762
33815
34017
34020
34039
34169
34235
34300
34367
34584
34621
34708
34966
35080
35325
35447
35589
35770
35860
35873
36051
36719
36757
37302
37390
37678
37777
37907
38013
38103
38222
38444
38605
38983
38999
39082
39310
39417
39459
39572
39669
40025
40055
40074
40276
40428
40432
13
42
85
231
346
369
697
1111
1547
1632
1739
1798
2452
2601
2662
2737
2836
3067
3069
3336
3495
4023
4245
4288
4363
4409
4778
4857
4975
4991
4995
5025
5052
5079
5096
5144
5168
5250
5302
5451
5473
5661
5979
6167
6194
6201
6307
6329
6375
6469
6864
6933
7010
7126
7164
7318
7586
7710
8010
8123
8217
8224
8304
8481
8563
8691
8712
8713
9005
9066
9173
9242
9550
9624
9685
9697
9718
9935
10077
10191
10492
10534
10541
10626
10677
10905
10977
10984
10994
11000
11247
12056
12122
12302
12390
12457
13037
13718
14039
14416
14688
14745
14942
15132
15203
15304
15348
15384
15423
15697
15922
16108
16114
16228
16320
16434
16440
16493
16574
16644
16761
16913
16958
17192
17306
17344
17500
17563
17626
17641
17729
18052
18668
18882
19216
19333
19614
19913
19974
20015
20038
20056
20134
20286
20344
20507
20664
20813
20860
20963
21049
21148
21183
21385
21412
21455
21468
21510
21549
21729
22012
22036
22519
22911
23043
23180
23205
23408
23494
23929
23948
23967
23990
24122
24216
24498
24955
25018
25368
25600
25946
26137
26542
27136
27155
27221
27386
27815
27868
27917
28005
28208
28327
28511
28592
28769
28800
28918
29228
29245
29327
29410
29470
29508
29722
30051
30337
30967
31103
31165
31194
31202
31808
31875
31933
32004
32098
32177
32197
32454
33213
33278
33301
33494
33623
34011
34106
34109
34192
34242
34369
34372
34610
34896
35056
35128
35278
35327
35392
35541
35633
35966
36175
36293
36296
36319
36327
36594
37016
37226
37239
37311
37418
37593
37714
37815
37889
37923
37927
37935
38055
38081
38219
38225
38305
38521
38638
38703
38789
38811
38812
38889
39084
39127
39455
39468
39533
39866
39978
40135
40185
40395
40563
40575
40578
40609
40631
40680
