11
40
719
819
1027
1163
1217
1397
1412
1440
1479
1492
1671
1758
2066
2104
2553
2572
2784
2858
2917
3055
3383
3623
3773
3816
3830
4264
4268
4282
4387
4554
4602
4613
4639
4812
4870
4979
5074
5148
5355
5465
5466
5503
5811
6026
6188
6313
6477
6537
6606
6982
7085
7147
7362
7835
7969
8291
8360
8566
8626
8781
9023
9072
9154
9240
9593
9654
9998
10131
10171
10271
10279
10725
10777
10867
11063
11139
11204
11277
11413
11515
11642
11665
11686
11764
11829
12346
12375
12474
12493
12512
12571
12609
12690
12985
13029
13126
13135
13175
13210
13299
13397
13469
13518
13709
13726
13742
13744
13790
14363
14666
14674
14844
14859
14886
14915
15059
15174
15480
15534
15710
16254
16293
16308
16411
16470
16603
16844
16860
16968
17067
17155
17291
17444
18115
18338
18359
18580
18794
19225
19229
19291
19423
19624
19734
20024
20466
20506
20876
20938
21004
21123
21134
21167
21248
21268
21287
21612
21770
22010
22246
22418
22528
22547
22821
22823
22862
23190
23971
24033
24173
24289
24375
24554
24571
24652
24761
24807
24831
24866
24982
25192
25324
25470
25780
25820
26040
26269
26347
26480
26561
26901
26951
26958
27195
27372
27402
27548
27690
27725
27748
27806
27814
28658
28982
28990
29152
29599
29601
29606
29936
30441
30481
30824
31004
31019
31087
31392
31873
32123
32135
32217
32280
32296
32485
32869
32908
32927
33762
34020
34169
34235
34246
34367
34584
34621
34708
34777
34794
34818
34907
34966
35017
35024
35053
35098
35114
35151
35255
35364
35403
35769
35860
35946
36329
36599
36802
37800
37840
37931
38036
38103
38222
38274
38444
38628
38677
38887
38999
39067
39082
39310
39459
39577
39694
39843
40055
40074
40229
40428
40773
40800
13
42
117
342
346
697
1111
1507
1508
1632
1798
2253
2318
2443
2452
2575
2580
2834
2936
2975
3069
3087
3093
3123
3204
3396
3495
3823
3990
4023
4363
4484
4529
4675
4778
4857
4919
4991
5025
5052
5079
5096
5144
5163
5302
5324
5451
5473
5615
6046
6121
6158
6201
6307
6399
6469
6933
7010
7164
7187
7318
7503
8010
8105
8224
8238
8239
8372
8408
8541
8563
8615
8618
8691
8880
9092
9161
9242
9550
9685
9697
9922
9935
10534
10677
10875
10905
10994
11095
11190
11234
11562
11689
11732
12056
12302
12310
12457
12746
13037
13129
13445
13718
13875
14193
14416
14688
14835
14890
14899
14901
14920
14942
15132
15203
15304
15423
15515
15697
15922
16093
16108
16114
16320
16434
16574
16644
16724
16913
17136
17192
17327
17354
17360
17500
17563
17729
17910
17917
18863
18882
18977
19216
19913
20015
20038
20056
20134
20337
20507
20618
20664
20813
20827
21049
21112
21183
21412
21455
21510
21712
21935
22012
22274
22321
22519
22544
22726
22894
22911
23180
23205
23652
23873
23929
23948
23967
24122
24835
24867
24917
24980
25297
25334
25465
25686
26232
26267
26529
26542
26845
27136
27198
27221
27353
27680
27801
27868
28038
28208
28592
28769
28878
28918
29228
29245
29327
29401
29470
29508
29722
30008
30051
30169
30406
30967
31089
31165
31808
31875
31997
32004
32454
32629
33087
33278
33337
33701
34106
34109
34372
34668
34896
34931
35056
35278
35327
35342
35391
35541
35546
35633
35966
36175
36319
36327
36481
36594
36881
37239
37311
37409
37418
37560
37714
37889
37923
37935
38305
38638
38703
38789
38812
38889
38989
39084
39127
39375
39533
40151
40231
40395
40578
40609
40784
