11
40
507
719
756
819
1027
1060
1163
1202
1217
1412
1440
1492
1535
1671
2003
2037
2104
2493
2553
2572
2769
2784
2858
3382
3383
3391
3532
3575
3623
3937
4264
4282
4428
4602
4639
4772
4979
5022
5811
5812
6165
6190
6441
6477
6517
6537
6606
6654
6711
7362
7435
7835
7963
8480
8578
8594
8626
8644
8781
8976
9072
9240
9524
9593
9654
9738
9809
10131
10279
10344
10593
10687
10725
10728
10777
10867
10927
11225
11277
11413
11553
11642
11665
11686
11830
12198
12407
12631
12718
12955
12985
13029
13060
13121
13126
13135
13175
13190
13203
13210
13314
13518
13744
13790
13833
14144
14190
14301
14308
14538
14666
14844
14886
14915
15059
15349
15480
15710
16293
16308
16398
16463
16603
16697
16959
17201
17265
17444
17522
17780
17934
18201
18338
18359
18506
18580
18814
18872
19225
19291
19321
19422
19423
19624
19734
19805
19903
20225
20491
20506
21004
21167
21268
21287
21411
21612
21747
21770
22297
22470
22492
22547
22862
22935
23080
23190
23890
23971
24033
24347
24375
24598
24689
25011
25192
25820
26040
26072
26269
26347
26715
26901
26960
26992
27104
27195
27352
27548
27593
27725
27806
27814
28554
28658
28776
29152
29304
29599
29601
29606
29625
29653
29936
29963
30107
30441
30481
30697
30824
31004
31087
31392
31519
31592
31601
31637
31882
31890
31893
32152
32217
32280
32290
32319
32869
32931
33244
33448
33815
34039
34300
34367
34621
34794
34840
34907
34966
35017
35098
35403
35407
35447
35589
35769
35770
35909
36051
36082
36329
36347
36719
36726
36757
36802
37281
37302
37678
37840
37931
38013
38036
38222
38255
38273
38444
38999
39067
39082
39205
39459
39487
39520
39587
39669
39843
39939
40276
40309
40342
40428
40773
40800
13
42
85
120
346
369
762
1088
1507
1547
1632
1739
1873
2253
2302
2318
2601
2662
2737
2836
2936
3067
3069
3123
3204
3336
3350
3396
3572
3588
3926
3990
4245
4288
4456
4520
4778
4857
4991
5052
5079
5082
5144
5168
5185
5451
5615
5661
5745
5856
5979
6046
6158
6167
6307
6329
6375
6399
6469
6579
6705
6754
6864
6886
7010
7074
7126
7318
7345
7586
7710
8105
8238
8304
8372
8408
8481
8533
8541
8563
8618
8880
8923
9005
9173
9456
9624
9685
9697
9922
9935
9946
10191
10492
10534
10541
10677
10875
10905
10977
10984
11000
11041
11087
11234
11247
11598
11732
12056
12122
12345
12390
13077
13109
13445
13875
14745
15066
15132
15304
15384
15423
15424
16093
16228
16320
16440
16493
16570
16724
17354
17424
17500
17577
17626
18052
18175
18863
18891
18977
19216
19353
19403
19690
19913
19934
20015
20038
20056
20136
20286
20293
20337
20344
20664
20813
20827
21049
21112
21148
21184
21385
21468
21488
21510
21549
22012
22036
22321
22336
22519
22544
22894
22911
23205
23408
23652
23873
23929
23948
23967
24122
24169
24216
24721
24835
24867
24955
25368
25674
25946
26267
26845
26978
27136
27155
27198
27353
27680
27815
27868
28005
28769
28878
29228
29245
29290
29470
29508
29787
30051
30474
31194
31394
31765
31808
31875
32004
32454
32730
32771
32844
33087
33213
33494
33515
34192
34242
34372
34610
34622
34668
34896
35056
35128
35184
35327
35541
35633
35768
35966
36175
36293
36296
36327
36481
36594
36724
36845
36881
37016
37239
37418
37509
37815
37889
37913
37935
38638
38703
38889
39084
39127
39147
39375
39468
39574
39978
40135
40151
40231
40395
40537
40784
