40
382
507
951
996
1027
1076
1197
1202
1412
1479
1480
1492
1671
2003
2037
2066
2336
2493
2553
2892
2917
3124
3532
3575
3623
3830
3999
4185
4264
4269
4602
4639
4772
4870
4979
5016
5022
5024
5355
5466
5760
5811
6165
6517
6654
7085
7147
7261
7362
7835
7963
8079
8253
8360
8480
8594
8626
8833
8976
9047
9154
9240
9524
9695
9738
9809
9979
10131
10171
10344
10687
10725
10777
10867
10889
10942
11139
11204
11225
11609
11658
11764
11829
11965
12071
12245
12493
12609
12631
12893
12955
13104
13126
13135
13175
13203
13210
13361
13397
13469
13518
13709
13744
13790
13833
13884
14228
14516
14538
14674
14844
14859
14886
14915
15059
15710
16254
16293
16470
16603
16697
16959
17155
17265
17340
17522
18076
18115
18201
18506
18580
18751
18814
18872
19008
19151
19229
19291
19321
19423
19525
19799
19903
20104
20334
20466
20491
20506
20770
20938
21004
21092
21123
21134
21157
21167
21248
21287
21411
21612
21747
21767
21821
22010
22470
22492
22528
22821
22862
22935
23080
23867
24173
24340
24598
24684
24689
24807
24831
24982
25011
25192
25324
25801
25820
26040
26277
26455
26537
26580
26715
26901
26951
26971
26992
27065
27104
27352
27372
27402
27569
27725
27806
28759
28875
28982
29101
29152
29403
29588
29599
29625
29653
29760
29925
30107
30331
30347
30441
30697
30824
31073
31087
31097
31271
31392
31592
31601
31882
31893
32280
32296
32319
32869
32931
33180
33244
33815
33831
33833
34017
34020
34039
34169
34235
34584
34621
34708
34794
34884
34963
34996
35080
35098
35255
35325
35651
36051
36506
36719
36757
36802
37302
37390
37800
38013
38274
38444
38628
38677
38950
38983
38999
39067
39082
39449
39459
39487
39572
39587
39694
39843
40025
40055
40069
40074
40276
40309
40432
40773
13
31
117
219
342
369
1088
1181
1507
1508
2318
2580
2601
2737
2747
2810
2834
2936
2975
3067
3087
3113
3336
3350
3495
3572
3627
3818
3990
4245
4288
4363
4484
4520
4819
4975
4991
5025
5044
5079
5144
5302
5324
5473
5745
5796
5979
6046
6167
6194
6705
6754
7231
7345
7710
7717
8105
8123
8217
8224
8238
8304
8533
8541
8563
8615
8880
8923
8951
9066
9092
9173
9242
9256
9624
9697
9718
9922
9935
9946
10191
10534
10677
10875
10977
11000
11190
11247
11380
11598
11689
11748
12122
12368
12390
12457
12723
13109
13129
13718
13875
14193
14745
14899
14942
15304
15424
16093
16108
16228
16297
16380
16434
16574
16761
16913
16958
17306
17327
17332
17354
17360
17424
17500
17577
17910
18052
18668
18882
18891
18977
19216
19300
19333
19403
19690
20015
20038
20056
20134
20293
20618
20813
20827
20860
20963
21112
21148
21203
21380
21468
21481
21488
21549
21712
22274
22336
22726
22894
22911
23180
23620
23652
23873
23929
23967
23990
24122
24216
24427
24917
25067
25368
25686
25946
26529
26542
26845
26978
27521
27815
27839
27925
28038
28208
28210
28592
28800
28878
28918
29228
29245
29290
29401
29787
30008
30082
30337
30474
31089
31103
31202
31394
31659
31808
31875
31997
32004
32098
32177
32629
32730
32771
32844
33087
33213
33278
33337
33494
33623
33701
34011
34106
34192
34242
34325
34369
34372
34622
34628
35056
35278
35360
35392
35541
35546
35633
36175
36293
36296
36418
36481
36724
37226
37311
37409
37418
37696
37815
38055
38219
38388
38812
39084
39127
39147
39455
39468
39533
39574
39866
40151
40395
40606
40609
40680
40784
