11
951
1027
1094
1163
1202
1217
1440
1479
1480
1535
1671
1758
2003
2066
2336
2784
2861
2917
3382
3575
3623
3999
4185
4264
4268
4282
4387
4554
4613
4639
4979
5024
5148
5355
5760
6026
6313
6441
6477
6606
6982
7085
7835
7969
8253
8360
8510
8535
8644
8833
9047
9072
9120
9154
9240
9593
9738
9795
9979
9998
10687
10728
10867
10927
11139
11154
11204
11413
11515
11658
11711
11764
11829
11830
12073
12198
12346
12375
12407
12474
12493
12571
12609
12631
12690
12955
12985
13029
13210
13314
13361
13397
13742
13790
13833
13884
13986
14144
14228
14306
14308
14538
14599
14844
14859
14886
14915
15059
15174
15349
15480
16254
16293
16308
16411
16697
16860
16959
17155
17201
17522
17732
17969
18121
18472
18506
18580
18751
19321
19525
19734
19805
19903
20024
20225
20334
20466
20491
20537
21004
21092
21134
21312
21767
21770
22010
22014
22136
22246
22418
22492
22528
22547
22763
22862
23190
23240
23694
24033
24173
24289
24375
24554
24598
24761
24831
25011
25192
25324
25470
25780
25801
26040
26072
26269
26347
26480
26561
26715
26960
26971
27104
27163
27352
27402
27593
27690
27748
27806
27814
27833
28122
28473
28554
28658
28776
28783
28875
29101
29588
29625
29925
29936
30172
30347
30598
31004
31019
31097
31519
31592
31601
31637
31882
31893
32135
32152
32280
32296
32319
32485
32869
32908
33180
33244
33762
33833
34017
34169
34235
34300
34367
34584
34708
34794
34818
34884
34907
34966
34996
35017
35024
35078
35098
35255
35325
35364
35379
35447
35909
35946
36599
36719
37281
37302
37390
37678
37777
37800
37840
37907
38222
38255
38444
38677
38887
38999
39067
39082
39310
39417
39459
39487
39587
39694
39843
39939
40069
40074
40229
40428
40432
40773
40800
42
85
231
369
1088
1507
1739
1798
2302
2452
2747
2975
3067
3069
3093
3123
3204
3495
3588
3627
3927
3990
4409
4456
4484
4520
4529
4778
4857
4975
4991
5082
5144
5168
5250
5302
5443
5615
5745
5792
5979
6046
6121
6167
6194
6329
6399
6469
6579
6705
6754
6864
6886
7231
7345
7503
7717
8010
8123
8224
8234
8239
8304
8372
8408
8481
8563
8618
8713
9005
9161
9242
9550
9624
9685
9697
10077
10492
10741
10905
10977
10984
11000
11041
11087
11186
11234
11247
11380
11562
11689
12122
12302
12310
12345
12368
12390
12723
12746
13037
13077
13099
13109
13129
13445
13718
13785
14039
14041
14899
15203
15304
16093
16108
16114
16228
16297
16380
16440
16492
16574
16644
16958
17136
17192
17327
17344
17360
17500
17563
17577
17626
17729
18052
18863
18882
18891
19216
19300
19353
19614
19934
19974
20015
20056
20134
20293
20344
20406
20751
20827
20860
21078
21184
21203
21380
21412
21455
21488
22036
22274
22336
22726
22894
23180
23652
23660
23873
24169
24427
24498
24750
24835
24955
25067
25334
25686
25946
26137
26232
26267
26529
26845
26978
27155
27198
27210
27221
27680
27801
28005
28038
28208
28327
28511
28592
28800
29245
29401
29410
29508
29787
30008
30051
30337
30406
30474
30967
31103
31765
31875
31933
32098
32177
32454
32629
33033
33278
33301
33494
33515
33623
33701
34011
34106
34109
34242
34369
34372
34622
34931
35056
35128
35360
35392
35546
35625
35768
35912
35966
36021
36293
36296
36319
36327
36418
37016
37226
37239
37311
37369
37409
37815
37889
37913
37923
37927
37935
38081
38388
38508
38638
38812
38889
38989
39533
39574
40135
40151
40578
40606
40609
40650
