11
40
756
792
819
951
996
1027
1060
1094
1163
1197
1397
1412
1440
1480
1492
1671
1758
2003
2037
2066
2104
2336
2459
2493
2769
2784
2892
3124
3383
3451
3532
3575
3623
3830
3908
3999
4264
4268
4282
4979
5024
5074
5148
5812
5873
6026
6190
6441
6537
6654
6711
7147
7158
7362
7963
8060
8291
8360
8480
8510
8535
8566
8594
8781
8833
9047
9120
9154
9240
9593
9738
9795
9979
9998
10129
10131
10171
10271
10344
10687
10725
10777
10889
11139
11154
11225
11553
11609
11658
11711
11764
11830
12198
12493
12512
12609
12631
12690
12893
12955
12985
13029
13126
13190
13299
13314
13397
13518
13726
13742
13790
14091
14190
14228
14301
14306
14666
14844
14859
15174
15349
15710
16293
16697
16959
17067
17097
17155
17201
17265
17340
17522
17732
17780
18121
18256
18359
18472
18580
18872
19312
19321
19423
20024
20104
20491
20506
20770
20778
20938
21004
21092
21123
21134
21157
21248
21268
21287
22010
22094
22136
22246
22297
22470
22528
22821
22823
23080
23190
23240
23971
24033
24347
24761
24866
25192
25324
25470
25801
25820
26040
26072
26269
26561
26580
26715
26992
27065
27163
27402
27569
27719
27814
27833
28072
28554
28759
28776
28875
28982
29101
29152
29403
29606
29625
29653
30172
30347
30481
30598
30660
31019
31087
31097
31519
31592
31637
31873
31882
31893
32005
32123
32280
32290
32296
32319
32485
32927
32931
33180
33448
33749
33815
33831
33965
34039
34235
34246
34300
34367
34621
34818
34840
34884
35080
35098
35151
35255
35325
35364
35379
35407
35447
35769
35770
36051
36082
36506
36719
36757
36802
37302
37678
37800
37840
38013
38274
38444
38677
38887
38950
38983
39067
39417
39474
39587
39694
39843
40025
40276
40432
40773
40800
13
31
42
117
120
219
231
302
369
697
762
1088
1181
1632
1739
1798
1873
2302
2443
2580
2747
2836
3069
3093
3113
3123
3495
3588
3627
3818
3823
3935
3990
4023
4363
4409
4520
4675
4778
4819
4991
4995
5185
5250
5451
5473
5615
5661
5745
5792
5796
5856
5979
6194
6307
6329
6399
6469
6579
6864
7064
7164
7187
7503
7710
7717
8010
8105
8217
8234
8238
8239
8304
8408
8481
8563
8615
8618
8691
8880
8923
8951
9173
9242
9256
9566
9624
9946
10534
10677
10977
10994
11087
11095
11186
11190
11234
11247
11380
11732
11748
11945
12122
12310
12368
12390
12457
12746
13037
13109
13785
14039
14416
14688
14745
15066
15203
15304
15423
15922
16093
16108
16228
16380
16434
16570
16574
16644
16724
16761
16913
16958
17136
17306
17327
17424
17563
17568
17577
17626
17641
17910
17917
18052
18668
18863
18977
19300
19403
19690
20056
20134
20286
20337
20406
20507
20600
20664
20751
20813
21112
21380
21385
21412
21488
21510
21729
21935
22544
22726
22911
23180
23494
23660
23929
23967
24169
24427
24835
24867
24917
24955
25297
25334
25368
26137
26232
26845
26978
27136
27155
27198
27221
27680
27801
27815
27839
27917
28005
28208
28327
28592
28769
28878
28918
29327
29401
29410
29722
29787
30008
30051
30474
30967
31089
31194
31394
31659
31997
32004
32098
33033
33087
33213
33301
34011
34109
34242
34372
34610
34628
34668
34896
35056
35128
35360
35392
35546
35625
35912
35966
36021
36175
36296
36319
36327
36594
36881
37311
37418
37509
37696
37714
37815
37923
37935
38055
38081
38219
38225
38226
38305
38508
39084
39375
39455
40231
40395
40457
40563
40606
40650
40680
