507
719
756
792
951
996
1027
1060
1163
1197
1202
1397
1440
1479
1535
2003
2037
2066
2104
2572
2861
2917
3124
3160
3532
3575
3623
3816
3999
4185
4422
4639
4772
4870
5022
5024
5074
5148
5355
5503
5812
5873
6165
6188
6477
6517
6606
6654
6711
7085
7158
7362
7969
8079
8360
8424
8510
8535
8644
8781
8833
8976
9072
9120
9154
9795
9809
9979
10131
10593
10687
10725
10728
10889
10942
11154
11225
11413
11609
11642
11665
11686
11829
11830
12071
12073
12198
12245
12407
12474
12512
12609
12631
12690
12718
12893
12955
12985
13029
13060
13104
13135
13210
13299
13314
13361
13469
13518
13624
13709
13744
13884
13986
14228
14306
14363
15174
15710
16308
16398
16411
16463
16603
16968
17201
17291
17444
17732
17780
17934
18115
18201
18359
18472
18506
18580
18814
19008
19229
19312
19422
19423
19805
20104
20334
20466
20770
20876
21004
21767
22010
22014
22246
22297
22418
22470
22763
22935
23190
23694
23867
23890
23971
24289
24340
24347
24375
24571
24598
24684
24689
24807
25011
25192
25470
25820
26040
26269
26537
26561
26580
26715
26958
26992
27065
27163
27195
27402
27548
27569
27593
27690
27719
27725
27748
27806
27814
27833
28072
28554
28658
28759
28875
28982
28990
29101
29152
29304
29588
29599
29606
29625
29644
29836
29925
29936
29963
30449
31073
31392
31473
31519
31601
31637
31893
32135
32485
32869
32927
33180
33274
33762
34020
34039
34235
34246
34300
34367
34584
34708
34777
34818
34884
34996
35017
35024
35078
35098
35114
35151
35255
35325
35379
35407
35424
35447
35589
35651
35770
36051
36347
36726
36757
37281
37777
37800
37840
37907
38103
38273
38274
38605
38628
38677
38887
39067
39082
39310
39417
39474
39572
39587
39694
39939
40069
40074
40309
40428
40800
31
42
231
302
369
697
1088
1181
1507
1508
1547
1873
2318
2443
2452
2662
2737
2747
2834
2836
2975
3069
3087
3113
3336
3350
3396
3495
3818
3926
3927
3990
4409
4484
4520
4529
5025
5079
5082
5096
5163
5250
5324
5473
5615
5745
5856
6167
6469
6579
6754
6864
6886
6933
7010
7064
7187
7231
7345
8010
8105
8217
8224
8372
8408
8533
8563
8615
8618
8713
8880
8951
9092
9256
9456
9550
9612
9624
9697
9946
10077
10492
10541
10605
10741
10905
10994
11087
11186
11234
11247
11598
11748
11945
12056
12302
12310
12345
12368
12390
13037
13099
13109
13129
13718
13875
14039
14041
14193
14245
14416
14835
14901
14920
14942
15066
15132
15304
15348
15424
15515
15697
16114
16228
16297
16492
16570
16574
16958
17192
17306
17344
17354
17424
17500
17729
17910
18052
18175
18668
18882
18891
19216
19333
19913
19934
19974
20015
20038
20286
20293
20664
20751
20813
20827
20963
21049
21078
21112
21148
21203
21385
21455
21468
21481
21510
21549
21712
21935
22012
22036
22321
22726
22888
23180
23205
23620
23652
23948
24169
24216
24498
24750
24917
24980
25334
25368
25600
25686
25946
26137
26529
26542
27136
27155
27198
27521
27839
27868
27925
28005
28800
28878
28918
29290
29410
29722
29787
30051
30764
30967
31103
31165
31659
31875
31997
32004
32098
32629
32844
33278
33337
33623
34011
34242
34610
34628
34668
34896
35056
35327
35391
35633
35768
35957
36021
36319
36594
36845
37016
37239
37409
37418
37593
37696
37714
37815
37923
37927
37935
38055
38226
38305
38508
38703
38789
38812
38889
38989
39127
39147
39375
39468
39533
40135
40537
40609
40650
40680
