11
40
382
719
756
792
951
996
1060
1076
1202
1217
1397
1440
1479
1513
2003
2037
2066
2336
2493
2572
2769
2861
2917
3382
3383
3391
3532
3575
3816
3937
4185
4269
4387
4428
4602
4613
5148
5355
5503
5760
5812
5873
6188
6313
6441
6517
6711
7085
7147
7261
7435
7969
8291
8510
8578
8594
9023
9120
9154
9240
9524
9593
9654
9795
9809
10129
10171
10271
10344
10687
10725
10728
10777
10889
10942
11139
11277
11413
11515
11658
11665
11711
12071
12073
12198
12245
12346
12375
12407
12474
12493
12512
12631
12690
12718
12893
12955
13104
13121
13135
13190
13203
13210
13361
13397
13469
13518
13624
13790
13884
13986
14190
14228
14301
14306
14308
14516
14538
14599
14666
14674
14844
14886
14915
15174
15349
15534
16254
16308
16411
16470
16697
16860
16968
17097
17155
17201
17291
17340
17444
17522
17969
18076
18115
18121
18751
18794
18814
19008
19225
19422
19423
19525
19624
19734
19799
19805
19903
20466
20491
20537
20876
20938
21004
21157
21167
21248
21268
21287
21312
21411
21612
21821
22014
22094
22246
22528
22763
22821
23190
23240
23694
24033
24375
24598
24684
24831
24866
24982
25011
25324
25470
25780
25801
25820
26040
26072
26277
26347
26480
26537
26580
26901
26958
26960
26971
27104
27163
27372
27569
27593
27814
27833
28658
28783
28931
28990
29101
29152
29304
29599
29625
29644
29653
29760
29836
29925
29936
30331
30347
30449
30481
30697
30824
31019
31087
31519
31592
31601
31873
31882
32005
32123
32135
32908
32927
32931
33244
33274
33448
33749
33815
33833
34017
34794
34840
34884
35017
35024
35053
35078
35151
35325
35364
35424
35447
35769
35770
36506
36719
36726
36757
36802
37281
37302
37390
37678
37777
37800
37907
37931
38103
38255
38274
38605
38983
39067
39205
39449
39474
39577
39587
39694
39843
40025
40055
40069
40276
40342
40428
40773
85
117
231
342
762
1088
1111
1507
1547
1798
2302
2443
2737
2936
2975
3069
3087
3113
3123
3336
3350
3495
3572
3818
3823
3927
4023
4363
4456
4529
4675
4975
4995
5025
5079
5163
5168
5250
5302
5443
5451
5473
5792
5856
5979
6121
6158
6167
6194
6201
6375
6579
6705
6886
6933
7074
7231
7345
7503
7586
7710
8105
8123
8217
8224
8234
8239
8372
8563
8615
8691
9066
9092
9685
9697
9718
9935
10191
10541
10605
10984
10994
11041
11190
11234
11380
11689
11748
11945
11973
12056
12302
12310
12390
12723
13099
13718
13785
13875
14039
14193
14688
14745
14890
14920
15203
15348
15384
15515
16108
16114
16228
16380
16434
16440
16492
16570
16574
16644
17136
17327
17332
17354
17563
17568
17577
17729
17917
18668
18882
18891
19300
19333
19614
19690
19913
19974
20015
20056
20286
20406
20600
20751
20963
21078
21112
21183
21203
21455
21510
21729
22544
22710
22894
23043
23494
23620
23652
23660
23990
24122
24427
24498
24835
24867
25018
25067
25297
25334
25368
25600
25674
25946
26542
26978
27155
27198
27210
27221
27353
27815
27839
27925
28005
28038
29228
29245
29327
29508
29722
30051
30169
30337
30406
30967
31202
31394
31765
31875
32004
32098
32197
32771
33278
33623
34011
34109
34192
34242
34372
34610
34622
34668
34923
34931
35184
35360
35391
35541
35912
35957
35966
36175
36296
37016
37239
37311
37369
37409
37509
37560
37696
37927
37935
38055
38226
38305
38388
38508
38521
38703
38811
38889
38989
39127
39375
39455
39574
39978
40151
40575
40606
40631
40650
40784
