382
507
819
1027
1094
1202
1513
2003
2066
2459
2553
2769
2858
2861
2892
2917
3124
3160
3383
3391
3451
3532
3816
3937
3999
4185
4268
4269
4387
4602
4639
4772
4870
5016
5148
5355
5503
5760
5873
6026
6165
6313
6441
6606
6654
6711
6982
7040
7147
7362
7435
8079
8291
8360
8424
8480
8510
8535
8566
8578
8594
8626
8644
8781
8833
8976
9023
9072
9120
9524
9654
9738
9795
9809
9998
10131
10171
10279
10593
10728
11063
11139
11154
11204
11225
11277
11515
11553
11609
11658
11764
11830
12071
12198
12245
12346
12512
12571
12631
12690
12985
13060
13175
13190
13203
13210
13361
13469
13742
13744
13884
13986
14301
14306
14308
14666
14859
14886
15174
16254
16398
16411
16463
16470
16860
16968
17155
17201
17340
17444
17934
17969
18115
18201
18256
18472
18751
18794
18814
18872
19291
19312
19321
19423
19734
19799
20024
20104
20466
20506
20537
20770
20778
20876
21004
21123
21157
21268
21612
21747
21767
21770
22010
22246
22418
22528
22547
22763
22821
22823
22862
23190
23694
24340
24347
24375
24684
24807
24831
24866
25011
25192
25324
25470
25780
25820
26040
26072
26269
26277
26347
26480
26537
26580
26901
26951
26958
26960
26971
26992
27163
27402
27569
27593
27690
27748
27806
27814
27833
28072
28473
28554
28783
28931
28982
29152
29304
29599
29601
29606
29760
29836
29925
29936
29963
30107
30172
30449
30824
31019
31519
31601
31637
31882
31890
32152
32280
32296
32319
32485
32869
32931
33180
33244
33274
33448
33749
33831
33833
33965
34020
34300
34367
34584
34777
34794
34818
34840
34884
34963
34996
35017
35053
35098
35151
35325
35379
35589
35651
35769
35873
35909
35946
36082
36329
36599
37390
37678
37800
37840
37907
38036
38222
38255
38444
38605
38677
38983
38999
39067
39459
39572
39669
39694
40025
40055
40276
40342
40432
40773
40800
13
42
85
117
302
369
1088
1508
1547
1739
1798
2253
2302
2318
2443
2575
2580
2601
2737
2747
2975
3069
3113
3123
3336
3350
3396
3926
4778
4819
4857
5044
5052
5168
5185
5473
5661
5745
5792
5856
6046
6194
6329
6579
6705
6754
6864
6933
7064
7074
7126
7164
7231
7318
7586
7710
8123
8234
8238
8408
8712
8880
8923
8951
9005
9066
9092
9161
9256
9550
9566
9624
9922
9946
10077
10492
10626
10677
10875
10977
10994
11095
11190
11247
11562
11732
11973
12056
12368
12457
12723
13077
13099
13445
13785
14041
14193
14245
14416
14745
14920
15203
15304
15348
15384
15423
15515
16093
16297
16434
16493
16570
16644
16761
16958
17192
17332
17360
17568
17577
18052
18668
18882
18977
19333
19353
19614
20038
20056
20134
20136
20286
20337
20406
20600
20664
20751
20813
20963
21049
21112
21184
21455
21468
21510
21549
21729
22321
22336
22519
22544
22894
22911
23180
23408
23620
23652
23660
23967
24169
24498
24721
24750
24867
24917
25368
25686
25946
26232
26267
26529
26845
26978
27155
27386
27839
28005
28038
28210
28327
28511
28878
28918
29228
29245
29290
29410
29470
30008
30337
30406
30764
31103
31202
31394
31765
31875
32098
32177
32771
32844
33033
33301
33623
33701
34011
34192
34242
34325
34369
34372
34610
34628
35327
35360
35371
35391
35633
35768
35957
35966
36175
36293
36319
36327
36594
36845
37016
37239
37409
37418
37560
37696
37714
37913
37923
37927
38081
38219
38388
38508
38789
38811
38812
38889
39084
39147
39455
39533
39574
39866
40135
40185
40231
40575
40578
40631
