507
719
756
792
1060
1094
1492
1513
1535
1758
2003
2336
2459
2769
2784
2861
2917
3055
3382
3451
3532
3908
3937
3999
4269
4282
4387
4422
5016
5022
5074
5355
5466
5811
6313
6477
6711
6982
7040
7158
7362
7963
8253
8480
8535
8566
8644
8781
8833
8976
9047
9072
9120
9154
9240
9593
9654
9738
9979
9998
10129
10131
10271
10687
10777
10867
10889
10927
10942
11063
11154
11225
11277
11413
11553
11609
11665
11686
11711
11829
11965
12071
12198
12245
12346
12375
12609
12690
12893
12955
12985
13029
13121
13135
13203
13210
13361
13744
13790
14190
14228
14308
14844
15174
15349
15480
15534
16293
16398
16411
16463
16603
16697
16844
17155
17291
17340
17444
17522
17732
18115
18201
18338
18359
18506
18580
18814
18872
19151
19321
19423
19525
19624
19799
19903
20225
20334
20466
20491
20506
20770
20778
21004
21092
21123
21134
21167
21287
21411
21612
21770
21821
22010
22014
22136
22297
22492
22547
22823
22862
23080
23190
23694
23867
23890
23971
24033
24289
24340
24375
24684
24689
24761
24866
25011
25470
26269
26347
26480
26561
26580
26715
26901
26958
26992
27065
27104
27719
27725
27806
27833
28658
28759
28776
28783
28982
28990
29152
29304
29606
29644
29760
29836
29925
30040
30107
30172
30331
30441
30598
30824
31004
31073
31087
31097
31271
31392
31473
31519
31592
31601
31637
31873
31893
32005
32123
32135
32152
32280
32290
32319
32485
32869
33180
33749
34235
34246
34300
34621
34708
34777
34818
34840
34963
34966
35017
35024
35098
35114
35364
35407
35447
35589
35769
35770
35860
36329
36347
36599
36719
36757
36802
37302
37678
37777
37840
37907
37931
38036
38255
38273
38444
38605
38628
38999
39205
39487
39939
40025
40276
40309
40342
40773
31
42
117
120
369
762
1088
1111
1507
1632
2443
2601
2747
2810
2834
2975
3069
3087
3123
3204
3336
3396
3572
3588
3927
3935
3990
4520
4529
4675
4819
4975
4995
5025
5052
5079
5082
5144
5163
5168
5250
5302
5324
5451
5473
5615
5745
5792
5796
6046
6121
6158
6167
6201
6307
6375
6399
6579
6864
6886
7010
7064
7126
7710
7717
8010
8105
8217
8304
8372
8563
8618
8880
9066
9092
9161
9242
9256
9566
9612
9624
9685
9922
10534
10741
10905
10977
11087
11186
11190
11247
11380
11973
12056
12310
12345
12457
13099
13129
13718
14039
14193
14245
14835
14920
15304
15348
15424
15697
15922
16093
16108
16114
16228
16297
16380
16434
16493
16724
16761
16913
16958
17136
17306
17327
17332
17344
17360
17500
17563
17568
17641
17729
18052
18882
19216
19300
19333
19403
19934
19974
20056
20134
20286
20406
20618
20664
20860
21049
21078
21380
21455
21468
21549
21935
22012
22036
22274
22336
22519
22710
22888
22894
22911
23043
23180
23408
23652
23660
23967
23990
24169
24216
24498
24835
24917
25067
25297
25465
25600
25674
25686
26137
26232
26529
26542
26978
27155
27210
27680
27801
27868
27917
28005
28327
28511
28769
28800
28878
28918
29228
29290
29327
29401
29410
29470
29508
29722
30008
30169
30337
30406
31165
31194
31659
31875
32004
32098
32177
32730
33033
33213
33278
33494
33515
33701
34011
34109
34192
34242
34369
34622
35056
35278
35360
35371
35541
35546
35625
35633
35768
35912
35957
36175
36296
36319
36418
36594
36724
36845
37239
37369
37418
37560
37696
37714
37815
37913
38055
38081
38219
38521
38703
38889
38989
39127
39375
39455
39533
39574
40135
40151
40578
40609
40680
