11
382
507
756
819
996
1163
1197
1412
1479
1513
1671
1758
2104
2348
2553
2572
2892
2917
3382
3383
3391
3451
3532
3575
3830
3908
3937
4269
4387
4428
4772
4812
4979
5016
5022
5466
5760
6026
6165
6188
6313
6441
6654
6711
6982
7040
7085
7158
7362
7963
8079
8291
8360
8424
8510
8535
8566
8578
8781
8833
8976
9023
9047
9072
9240
9524
9654
9695
9738
9795
9998
10131
10171
10279
10593
10725
10927
10942
11139
11154
11225
11553
11642
11665
11686
11711
11764
11965
12073
12346
12407
12493
12631
12690
12955
13029
13060
13121
13126
13135
13203
13210
13397
13469
13518
13624
13742
13744
13790
13833
13884
14190
14228
14301
14308
14516
14674
14886
14915
15059
16308
16411
16463
16844
16968
17067
17097
17340
17444
17522
17732
17780
17934
18115
18256
18338
18359
18472
18580
18751
18794
18814
18872
19225
19422
19624
19805
19903
20225
20334
20466
20537
20770
20778
20876
21004
21092
21157
21411
21747
21767
21770
22297
22547
22823
22862
23080
23240
23694
23971
24033
24571
24684
24761
25192
25820
26269
26347
26455
26480
26537
26901
26951
26960
27065
27104
27372
27402
27593
27719
27725
27806
27814
28473
28759
28776
28931
29152
29304
29599
29606
29625
29760
29925
30040
30347
30449
30697
30824
31004
31473
31519
31882
31890
32005
32135
32152
32319
32869
33448
33831
34017
34020
34169
34235
34621
34708
34794
34840
34884
34907
34966
35017
35114
35255
35325
35403
35407
35589
35651
35769
35770
35873
36051
36082
36347
36726
36757
37281
37302
37390
37777
37800
37840
37931
38103
38255
38444
38628
38887
38983
39067
39082
39474
39520
39572
39587
39669
39843
40069
40229
40276
40342
40428
40432
42
85
302
342
346
369
1508
1632
1739
1798
2253
2302
2443
2580
2662
2737
2810
3069
3087
3093
3113
3123
3396
3572
3823
3927
3935
4023
4245
4409
4484
4520
4675
4778
4857
4919
4975
5052
5079
5082
5144
5163
5185
5302
5443
5451
5615
6158
6167
6201
6329
6579
6705
6933
7064
7074
7126
7164
7187
7231
7318
7345
7503
7710
7717
8105
8217
8238
8239
8304
8372
8408
8533
8615
8712
8951
9005
9066
9092
9550
9566
9624
9718
9922
9935
10077
10534
10605
10741
10984
11000
11087
11095
11190
11234
11247
11598
11945
12345
12457
12746
13129
13718
13875
14193
14245
14899
14920
14942
15132
15203
15424
16093
16108
16228
16320
16440
16492
16493
16574
16644
17136
17192
17563
17577
17626
17641
17729
18052
18882
18891
19333
19353
19614
19690
19974
20015
20136
20337
20507
20618
20751
20813
20827
20860
21078
21148
21184
21380
21385
21412
21468
21481
21549
21729
21935
22012
22274
22336
22519
22544
22726
22888
22894
23043
23180
23205
23494
23652
23873
23948
23990
24122
24169
24216
24498
24721
24867
25334
25368
25674
26137
26267
26542
26978
27136
27198
27210
27353
27386
27521
27680
27815
27868
27917
27925
28005
28210
28327
28511
28800
28878
28918
29228
29410
29470
29508
30008
30082
30169
30337
30406
30967
31089
31103
31165
31202
31394
31808
31875
31933
31997
32004
32098
32197
32454
32629
32730
33033
33087
33213
33301
33494
33515
33623
33701
34106
34109
34622
34896
35056
35184
35278
35327
35342
35625
35633
36021
36293
36296
36319
36481
36594
36845
36881
37016
37239
37311
37409
37509
37593
37889
37923
37935
38219
38225
38226
38305
38388
38703
38811
38889
39127
39375
39533
39978
40135
40185
40395
40575
40680
40784
