11
40
382
792
951
1060
1397
1479
1480
1492
1535
2348
2493
2553
2769
2784
3160
3382
3383
3391
3575
3623
3773
3908
3999
4268
4269
4387
4428
4554
4639
4772
4812
4870
4979
5148
5465
5760
5811
6026
6190
6441
6517
6537
6606
6654
7040
7158
7261
7362
7435
8253
8360
8424
8480
8510
8535
8644
8976
9120
9524
9593
9654
9795
9979
10131
10279
10344
10725
10728
10867
10927
10942
11139
11154
11204
11225
11413
11515
11553
11658
11665
11686
11764
11830
11965
12071
12198
12245
12493
12512
12571
12631
12690
12955
12985
13029
13060
13135
13175
13203
13314
13361
13397
13469
13518
13726
13790
13833
13884
13986
14091
14190
14228
14301
14306
14308
14363
14538
14599
14844
14886
16254
16308
16398
16411
16463
16470
16603
16844
16968
17067
17097
17155
17265
17340
17522
17969
18076
18115
18256
18359
18472
18751
18794
19008
19229
19312
19321
19423
19734
19799
19805
20104
20225
20491
20876
20938
21134
21167
21248
21612
22010
22014
22297
22763
22821
22862
23190
23240
23694
23890
24173
24289
24375
24554
24598
24761
24807
24831
24866
25011
25192
25780
25820
26040
26277
26480
26580
26715
26901
26951
26958
26971
27065
27104
27195
27548
27593
27690
27748
27814
27833
28072
28122
28776
28783
28875
28982
29588
29625
29644
29836
30107
30172
30331
30449
30481
30598
30660
30697
30824
31019
31087
31097
31473
31592
31882
31893
32217
32290
32931
33180
33274
33448
33762
33815
34020
34169
34235
34621
34708
34777
34840
34884
34907
35017
35024
35053
35080
35114
35255
35325
35770
35860
35873
36329
36347
36599
36719
36726
36757
36802
37281
37302
37800
37840
37907
37931
38036
38222
38273
38444
38677
38887
38999
39082
39310
39417
39449
39474
39487
39572
39577
39587
39694
40055
40069
40342
40428
40800
31
42
85
120
219
231
346
762
1181
1508
1632
1739
1873
2443
2452
2575
2580
2836
2975
3067
3069
3087
3093
3113
3204
3336
3495
3572
3588
3627
3818
3823
3926
3927
3990
4023
4245
4363
4409
4529
4975
4991
4995
5044
5052
5082
5144
5185
5250
5302
5443
5451
5473
5615
5796
5856
6046
6121
6167
6194
6375
6864
7010
7231
7586
7710
8105
8123
8238
8372
8533
8541
8563
8618
8713
8923
9066
9173
9566
9612
9624
9685
9697
9922
9935
9946
10191
10626
10677
10875
10984
10994
11087
11247
11748
12122
12310
12345
12457
12746
13037
13109
14041
14193
14245
14688
14835
14890
15304
15424
15515
15697
16114
16297
16320
16493
16644
16724
16761
16913
17332
17424
17563
17568
17577
17626
18175
18863
18882
19353
19403
19614
19974
20038
20056
20344
20406
20507
20600
20813
20860
21078
21148
21183
21380
21412
21455
21481
21488
22012
22036
22274
22544
22710
22888
22894
22911
23043
23205
23408
23494
23620
23873
23929
23948
23967
23990
24216
24427
24498
24750
24835
25465
25686
26232
26267
26542
26845
26978
27136
27155
27198
27210
27221
27353
27386
27680
27801
27839
28038
28210
28769
28800
29228
29245
29290
29787
30051
30082
30337
30406
30474
31089
31103
31659
31765
31808
31997
32098
32197
32629
32771
33033
33087
33213
33278
33301
33494
33515
33701
34106
34325
34372
34622
34628
34896
35128
35278
35360
35541
35546
35625
35633
35957
36021
36319
36594
36845
36881
37239
37409
37593
37815
37913
37923
38055
38225
38226
38388
38638
38703
38789
38812
38889
38989
39147
39375
39455
39866
40151
40185
40395
40537
40578
40606
40680
40784
