719
792
819
996
1027
1060
1094
1163
1197
1202
1217
1397
1412
1479
1492
1513
1671
2104
2348
2861
3160
3383
3391
3532
3575
3816
3830
3908
4264
4269
4422
4428
4554
4602
5016
5022
5148
5355
5465
5466
5760
5811
6190
6313
6441
6477
6517
6606
6654
6982
7040
7158
7362
7835
7963
8079
8510
8566
8578
8594
8644
8781
8833
8976
9023
9072
9120
9154
9524
9593
9695
9795
9809
9998
10171
10344
10687
10725
10728
10867
10889
11063
11154
11225
11277
11413
11609
11658
11711
11829
12073
12198
12245
12346
12474
12493
12512
12718
12955
12985
13029
13121
13126
13190
13203
13299
13314
13361
13624
13709
13726
13884
13986
14091
14144
14301
14308
14516
14538
14666
14886
15059
15174
15349
15480
15534
15710
16293
16308
16411
16844
16860
16968
17155
17201
17265
17340
17522
17732
18076
18115
18121
18256
18338
18359
18580
18751
18814
18872
19151
19225
19229
19624
19805
19903
20024
20225
20334
20506
20537
20938
21092
21157
21268
21411
21612
21747
21767
21770
21821
22010
22136
22246
22338
22418
22470
22492
22821
22862
23080
23867
23890
24173
24289
24554
24598
24684
24761
24831
24866
24982
25192
25470
25780
25801
26269
26347
26561
26580
26715
26960
27065
27104
27163
27195
27372
27548
27593
27719
27725
27748
27806
28554
28982
29101
29403
29599
29601
29625
29644
29760
29836
29936
30172
30347
30481
30598
30824
31004
31087
31097
31271
31873
31890
31893
32123
32135
32152
32280
32485
32869
32927
32931
33831
33965
34235
34367
34584
34818
34963
35017
35080
35114
35151
35403
35424
35651
35860
36719
36726
36757
36802
37390
37678
37777
37907
38013
38036
38274
38444
38677
39205
39310
39449
39487
39587
39694
39939
40025
40069
40074
40229
40276
40309
40428
40432
302
346
697
762
1088
1181
1507
1508
2253
2318
2575
2810
2836
2975
3067
3087
3113
3123
3336
3350
3495
3823
3927
4288
4409
4484
4520
4675
4857
4919
4975
5025
5079
5096
5144
5168
5185
5250
5443
5451
5661
5745
5792
5979
6046
6158
6194
6329
6375
6399
6469
6579
6705
6754
7064
7187
7345
7503
7710
8010
8105
8224
8238
8239
8304
8372
8541
8563
8712
8713
8923
9161
9173
9242
9256
9456
9566
9624
9697
9935
9946
10191
10541
10677
10905
10977
11186
11190
11247
11380
11689
11732
11748
11945
11973
12122
12310
12723
13109
13129
13445
13875
14416
14688
14835
14890
14942
15066
15132
15203
15304
15348
15384
15423
15424
15922
16114
16228
16297
16492
16724
16913
17192
17327
17500
17917
18175
18863
18891
19333
19403
19614
20056
20293
20337
20618
20860
20963
21049
21078
21148
21183
21184
21203
21380
21385
21468
21712
21935
22012
22036
22321
22544
22726
22911
23180
23408
23620
23652
23660
23873
23967
23990
24169
24427
24867
24917
24955
24980
25018
25297
25334
25368
25465
25600
25946
26137
26267
26529
26542
27198
27386
27801
27868
27917
27925
28210
28327
28800
29228
29245
29508
29722
30008
30051
30337
30474
30764
31103
31194
31202
31765
31808
31933
31997
32098
32177
32454
32730
32771
33278
33301
33337
33623
34106
34242
34325
34369
34372
34610
34622
34923
34931
35056
35128
35327
35360
35391
35392
35625
35633
36021
36175
36293
36296
36319
36481
36845
36881
37016
37226
37409
37418
37509
37560
37815
37923
37935
38081
38219
38226
38305
38388
38508
38789
38811
39084
39147
39468
39533
39574
39978
40135
40185
40231
40457
40537
40563
40578
40609
40680
40784
