11
756
996
1027
1076
1094
1163
1197
1202
1217
1479
1535
2003
2037
2104
2459
2493
2784
2861
2917
3382
3383
3532
3623
3773
3908
3937
3999
4185
4282
4387
4422
4428
5022
5148
5503
5812
6026
6190
6517
6537
6606
6654
6711
7040
7085
7147
7261
7362
7963
8060
8079
8360
8424
8566
8626
8644
8833
8976
9047
9240
9524
9593
9738
9795
9979
9998
10131
10171
10279
10593
10725
10777
10867
10927
11063
11139
11154
11225
11277
11413
11515
11609
11642
11658
11665
11764
11830
12073
12198
12245
12346
12375
12493
12512
12609
12690
12718
12893
13029
13060
13121
13135
13190
13314
13726
13742
13884
14091
14144
14228
14363
14538
14599
14674
14844
14859
14886
14915
15174
15349
15480
15534
15710
16293
16463
16844
16860
17097
17155
17201
17265
17444
17969
18076
18121
18201
18338
18472
18506
18751
18814
19805
20024
20104
20225
20334
20466
20491
20537
20876
21123
21134
21268
21411
21767
21821
22094
22297
22492
22821
22823
22935
23867
23890
23971
24033
24173
24340
24375
24554
24598
24652
24689
24761
24831
24982
25011
25470
25801
25820
26072
26269
26347
26561
26971
27569
27719
27725
27748
27814
28072
28554
28658
28759
28776
29101
29152
29588
29599
29601
29606
29625
29644
29836
29936
29963
30331
30441
30481
30824
31073
31097
31592
31882
32005
32123
32135
32152
32290
32296
32927
32931
33180
33244
33749
33762
33831
33833
34017
34020
34169
34235
34300
34584
34621
34794
34818
34840
34884
34907
34966
35017
35024
35053
35080
35114
35407
35424
35447
35651
35770
36347
36757
37281
37390
37678
37777
37800
37907
38013
38222
38273
38274
38444
38605
38628
38677
38950
38983
39082
39310
39459
39520
39843
39939
40025
40055
40074
40309
40428
40432
40773
40800
13
31
42
117
120
219
231
302
697
762
1508
1632
1798
2575
2662
2737
2834
3069
3087
3093
3113
3123
3495
3588
3818
3926
3927
4288
4484
4520
4675
4819
4995
5079
5096
5163
5168
5250
5302
5443
5451
5473
5615
5745
5792
5979
6158
6167
6194
6579
6705
6754
6933
7064
7074
7164
7187
7345
7503
7586
7717
8105
8217
8234
8239
8304
8533
8541
8618
8691
8880
9005
9092
9242
9612
9624
9718
9922
10077
10492
10541
10605
10677
10994
11186
11234
11380
11562
11732
12122
12302
12310
12345
12457
12723
13099
13129
13445
13718
13785
14039
14416
14688
14745
14835
14899
14920
15066
15132
15384
15423
15515
16108
16114
16440
16570
16724
16761
16913
16958
17192
17306
17327
17360
17424
17500
17563
17568
17577
17626
17729
17910
17917
18052
18175
18863
18882
18977
19216
19614
19913
19934
19974
20015
20038
20056
20136
20286
20293
20337
20618
20664
20827
20860
21049
21078
21148
21184
21203
21412
21455
21468
21481
21549
21712
21935
22012
22036
22321
22336
22519
22726
22888
22894
23043
24169
24750
24835
24867
24917
24980
25018
25297
25334
25465
26137
26232
26267
26845
26978
27353
27386
27839
27925
28005
28038
28208
28327
28878
28918
29228
29470
30082
30337
31165
31659
31997
32004
32098
32177
32197
32454
32629
32730
33087
33213
33278
33301
33515
33623
33701
34106
34325
34369
34372
34610
34622
35128
35184
35327
35360
35371
35391
35392
35541
35546
36021
36175
36296
36594
36845
36881
37016
37409
37418
37509
37560
37593
37696
37714
38081
38219
38225
38226
38305
38388
38521
38638
38811
38812
38989
39084
39455
39468
39533
39574
39978
40185
40231
40395
40575
40606
40609
40784
