719
756
792
819
951
996
1060
1076
1094
1163
1202
1397
1440
1492
1671
1758
2104
2336
2348
2769
2858
2892
3055
3382
3383
3391
3451
3532
3575
3623
3773
3908
3999
4185
4268
4269
4602
4772
4812
4870
5022
5074
5148
5466
5811
5873
6165
6188
6190
6537
6606
6654
6711
7040
7085
7969
8079
8253
8291
8644
8833
8976
9023
9047
9593
9738
9809
9998
10279
10593
10728
10777
10867
11063
11139
11154
11225
11277
11553
11665
11711
11965
12198
12346
12631
12690
12893
13029
13060
13135
13175
13190
13210
13397
13518
13709
13744
13790
13884
14144
14190
14306
14308
14516
15059
15480
16254
16293
16398
16697
16844
16860
16959
17155
17265
17291
17522
17732
18076
18115
18121
18256
18472
18506
18751
18872
19008
19229
19291
19312
19422
19423
19799
19805
19903
20225
20506
20778
21004
21167
21248
21287
21312
21411
21612
21747
22014
22136
22246
22418
22470
22492
22763
22821
22823
23080
23190
24033
24173
24289
24340
24347
24571
24684
24689
24761
24831
25192
25820
26072
26347
26480
26715
26951
26958
26960
27104
27163
27372
27548
27690
27719
27725
27748
27833
28122
28473
28554
28759
28776
28783
28875
28931
28982
29101
29403
29588
29599
29625
29653
29963
30040
30331
30441
30481
30598
30824
31087
31097
31271
31392
31473
31637
31882
31893
32005
32123
32927
32931
33180
33274
33448
33762
33815
33831
34017
34020
34584
34621
34777
34840
34884
34907
34963
34996
35053
35078
35098
35114
35325
35379
35403
35407
35424
35447
35589
35651
35860
35873
35909
36347
36506
36599
36757
37302
37390
37840
37907
38036
38255
38444
38605
39205
39310
39417
39459
39474
39487
39520
39577
39587
39694
39843
39939
40055
40069
40074
40309
40342
120
219
369
697
762
1088
1111
1181
1547
1632
1739
1873
2318
2443
2452
2575
2601
2747
2810
2834
2936
2975
3087
3093
3123
3350
3396
3495
3588
3627
3818
3823
3926
3990
4023
4245
4288
4819
4975
5025
5044
5079
5082
5168
5473
5792
5856
6121
6158
6167
6399
6469
6579
6864
6933
7064
7187
7345
7586
7710
7717
8010
8123
8217
8234
8372
8533
8615
8691
8712
8923
9005
9066
9092
9161
9456
9685
9922
9935
9946
10077
10191
10492
10541
10626
10677
10741
10875
10905
11087
11095
11190
11598
11689
11732
11748
11973
12056
12122
12345
12368
12390
12457
12746
13077
13445
14039
14193
14245
14416
14688
14890
14901
14920
14942
15203
15348
15384
15424
15515
15697
16093
16108
16228
16440
16492
16574
17136
17192
17306
17327
17332
17354
17360
17563
17577
17626
17917
18668
18977
19300
19353
19403
19690
19913
19974
20015
20038
20134
20136
20286
20293
20406
20507
20664
20827
20963
21184
21203
21380
21385
21412
21455
21488
21510
21549
21712
22012
22036
22274
22726
23043
23620
23873
24122
24216
24721
24867
24955
24980
25018
25334
25368
25686
26137
26267
26529
26978
27210
27386
27680
27839
27925
28038
28208
28327
28511
28800
29327
29410
29470
29508
30051
30337
30406
30474
30764
30967
31089
31165
31194
31202
31394
31659
31808
31875
31997
32098
32177
32197
32454
32771
33033
33213
33337
33494
33623
33701
34109
34242
34369
34668
34896
34931
35342
35392
35546
35912
35957
35966
36021
36175
36296
36319
36327
36418
36724
37016
37311
37369
37409
37418
37560
37714
37889
37913
38081
38225
38388
38521
38638
38703
38789
38811
38812
38889
38989
39574
40151
40185
40457
40563
40575
40578
40606
40609
40650
40680
40784
