40
382
507
951
1027
1060
1163
1202
1217
1397
1480
1492
1513
2003
2066
2104
2459
2493
2553
2572
2769
2784
2892
2917
3382
3383
3391
3532
3816
3830
3908
4268
4282
4387
4428
4554
4772
4812
4979
5074
5148
5355
5465
5811
6026
6188
6190
6517
6606
7040
7147
7362
7435
7963
7969
8291
8360
8480
8510
8578
8594
8781
8976
9047
9072
9120
9524
9795
9809
9979
10129
10131
10171
10271
10344
10725
10867
11225
11413
11515
11553
11609
11665
11711
11829
11830
12474
12512
12571
12609
12690
12718
12893
13104
13126
13135
13190
13210
13314
13361
13397
13709
13726
13790
13833
13884
14144
14228
14306
14538
14599
14666
14859
14886
14915
15059
15534
15710
16293
16411
16463
16603
16697
16844
16959
16968
17155
17201
17265
17291
17444
17732
17780
18076
18115
18256
18472
18580
18814
18872
19151
19229
19291
19312
19422
19423
19624
19734
19799
19805
19903
20024
20104
20334
20466
20506
20770
20778
21092
21123
21157
21167
21287
21411
22014
22136
22246
22297
22338
22528
22547
22823
22935
23080
23190
23240
23694
23867
23890
24033
24340
24375
24598
24652
24831
25324
26072
26269
26277
26480
26537
26580
26715
26901
26951
26971
26992
27104
27195
27372
27402
27593
27690
27719
27725
27748
27806
27833
28658
28759
28776
28783
28931
28982
29152
29304
29588
29599
29601
29625
29644
29936
30040
30172
30347
30449
30598
30660
30824
31019
31087
31271
31392
31473
31592
31637
31873
31890
32135
32152
32217
32280
32296
32319
32485
32908
32931
33180
33244
33833
33965
34017
34020
34169
34367
34621
34708
34777
34818
34840
34963
34966
35017
35078
35080
35098
35151
35364
35379
35403
35424
35589
35770
35860
35909
36051
36082
36347
36506
36719
37390
37840
38013
38036
38103
38273
38274
38887
39067
39082
39417
39459
39474
39520
39587
39669
39694
40025
40074
40342
42
219
231
302
369
1111
1181
1507
1508
1547
1798
2318
2601
2737
2836
2975
3069
3093
3113
3123
3204
3336
3572
3588
3627
4245
4288
4456
4484
4529
4975
4995
5025
5044
5079
5096
5168
5250
5473
5615
5661
5792
6158
6167
6375
6469
6933
7064
7187
7231
7586
7717
8105
8123
8217
8234
8239
8481
8533
8541
8563
8618
8713
8923
9066
9161
9242
9456
9566
9612
9624
10077
10534
10677
10875
10905
11000
11041
11087
11095
11186
11190
11380
11562
11689
11732
11748
11973
12302
12368
12390
12746
13077
13109
13445
13718
13785
14039
14041
14416
14890
14901
14920
15066
15203
15304
15384
15423
15424
15515
15922
16114
16228
16297
16320
16380
16434
16493
16574
16644
16724
16913
16958
17192
17327
17332
17344
17424
17500
17563
17729
17917
18052
18175
18891
19300
19353
19403
19614
19913
20038
20056
20136
20286
20293
20618
20827
20963
21049
21078
21112
21148
21183
21184
21203
21380
21385
21412
21468
21510
21712
21729
22012
22036
22336
22519
22544
22888
23494
23873
23948
24216
24427
24498
24721
24980
25018
25297
25465
25600
25686
25946
26137
26232
26267
26529
27353
27386
27801
28918
29228
29290
29327
29401
29410
29508
30337
30474
31194
32004
32197
32771
33087
33278
33301
33494
33515
33701
34106
34109
34369
34622
34668
34896
34923
35056
35327
35342
35371
35546
35625
35633
35768
36319
36327
36594
36724
37226
37239
37418
37509
37560
37593
37696
37815
37923
37927
38219
38225
38226
38508
38811
38812
39084
39127
39147
39375
39468
39574
39866
39978
40231
40395
40563
40609
40650
40680
40784
