40
382
951
996
1060
1163
1397
1412
1440
1479
1492
1671
1758
2003
2037
2104
2348
2572
2858
2892
3055
3124
3382
3383
3391
3623
3773
3816
3937
3999
4185
4269
4282
4387
4428
4554
4613
4772
4812
5022
5074
5503
5760
5811
5873
6026
6313
6441
6517
6537
6711
7085
7147
7158
7261
7362
7835
7963
8291
8535
8566
8833
8976
9023
9072
9154
9593
9654
9738
9979
10129
10279
10344
10593
10687
10725
10728
10889
11277
11609
11642
11658
11686
11829
11830
12198
12245
12375
12474
12512
12609
12690
12718
12893
12955
12985
13121
13135
13190
13203
13314
13361
13518
13624
13709
13742
14144
14190
14228
14301
14306
14308
14363
14516
14538
14666
14844
14859
14915
15059
15174
15349
15480
16293
16398
16411
16463
16697
16959
16968
17067
17155
17265
17780
17969
18121
18256
18359
18472
18580
18872
19008
19151
19225
19229
19291
19422
19734
19799
19903
20104
20334
20466
20778
20938
21004
21123
21157
21167
21268
21612
21821
22094
22136
22297
22470
22547
22821
22935
23080
23190
23694
24340
24375
24571
24598
24652
24684
24689
25011
25192
25470
26040
26277
26537
26561
26715
26901
26951
26958
26992
27104
27195
27372
27548
27569
27593
27719
27806
27833
28072
28122
28658
28776
29101
29152
29304
29601
29625
29836
29936
30040
30172
30331
30347
30441
30481
30598
30697
31019
31087
31473
31519
31592
31637
31873
31882
31890
32123
32152
32280
33244
33815
33965
34017
34020
34169
34300
34367
34621
34708
34794
34818
34840
34907
34963
34966
34996
35017
35024
35114
35151
35379
35407
35424
35589
35860
35946
36329
36506
36599
36757
37281
37390
37777
37800
38103
38222
38273
38628
38950
39067
39082
39205
39449
39520
39577
39694
39843
39939
40025
40069
40074
40276
40432
13
31
85
117
120
231
302
346
762
1088
1181
1508
2253
2318
2443
2575
2580
2662
2936
2975
3069
3087
3204
3350
3396
3495
3926
3935
4023
4409
4484
4520
4529
4778
4819
4857
4919
4991
4995
5052
5163
5302
5443
5745
5792
5796
5856
5979
6121
6158
6194
6329
6705
6754
7010
7126
7318
7345
7586
8224
8234
8481
8533
8541
8563
8615
8618
8713
8880
8923
8951
9005
9092
9161
9173
9256
9456
9550
9946
10077
10492
10534
10626
10875
11000
11041
11186
11247
11380
11562
11689
11732
11945
12056
12310
12746
13077
13099
13129
13785
14039
14416
14688
14920
14942
15384
15424
15515
15697
15922
16093
16108
16320
16434
16570
16724
16913
17136
17354
17360
17424
17626
17729
17910
18882
19216
19300
19333
19614
19690
19913
20134
20136
20286
20293
20337
20344
20507
20827
20860
20963
21078
21148
21184
21203
21385
21455
21488
21510
21712
21935
22274
22519
22544
22710
22888
22911
23043
23180
23620
23652
23660
23948
24122
24427
24750
24835
24867
24917
25018
25297
25600
26232
26529
26542
26845
26978
27198
27210
27521
27801
27839
27917
28005
28038
28208
28210
28511
28592
28769
28800
28878
28918
29228
29290
29401
29410
29470
30008
30082
30169
30337
30764
30967
31089
31765
31875
31933
31997
32098
32197
32730
32844
33033
33213
33337
33494
33515
33623
33701
34109
34325
34369
34372
34622
34923
35056
35278
35327
35360
35391
35625
35633
35912
35966
36021
36319
36594
36845
36881
37226
37239
37311
37409
37418
37560
37714
37815
37889
37913
37923
37935
38219
38226
38388
38508
38521
38703
38789
38811
38812
39084
39127
39375
39468
40135
40185
40231
40395
40575
40578
40606
40631
