382
719
756
792
819
951
996
1027
1076
1397
1412
1440
1535
2003
2066
2336
2348
2493
2769
2784
2858
2892
2917
3055
3124
3160
3383
3391
3532
3575
3773
3830
3908
3937
3999
4264
4269
4387
4422
4554
4613
4812
4870
5148
5503
5760
5812
5873
6165
6188
6190
6477
6537
6606
6711
7040
7158
7261
7435
7835
7963
8060
8079
8360
8424
8510
8535
8578
8594
8644
8781
8833
9047
9120
9593
9654
9738
10129
10279
10344
10687
10725
10728
10867
10889
10942
11063
11413
11515
11686
11764
11830
11965
12071
12073
12198
12245
12375
12493
12512
12571
12631
12690
12718
12893
12955
13029
13299
13709
13726
13742
14190
14228
14301
14306
14308
14363
14516
14599
14674
14844
14886
15059
15174
15349
15480
15534
16254
16308
16398
16603
16697
16844
16860
16959
16968
17067
17097
17155
17201
17265
17340
17522
17732
17780
17934
18076
18121
18359
18506
18751
18814
18872
19008
19312
19321
19422
19525
19799
19903
20104
20225
20466
20506
20537
20938
21004
21092
21134
21157
21248
21411
21612
22010
22136
22297
22418
22528
22823
22862
22935
23694
23890
23971
24347
24375
24571
24689
24982
25324
26269
26277
26455
26561
26958
26971
26992
27065
27195
27548
27569
27719
27725
28072
28122
28658
28759
28783
28931
29304
29588
29599
29625
29644
29653
29760
29836
29925
29963
30040
30107
30172
30441
30449
30481
30824
31019
31073
31392
31473
31637
31893
32123
32135
32152
32217
32296
32319
32869
32908
32931
33180
33244
33274
33448
33815
33833
34017
34020
34300
34367
34621
34777
34884
34907
34996
35024
35053
35078
35080
35255
35325
35403
35589
35651
35769
35860
35946
36329
36347
36599
36757
37281
37390
37777
37800
37907
38036
38222
38255
38605
38628
38677
38887
39205
39449
39459
39487
39520
39577
39587
39939
40055
40069
40074
40276
40309
40773
31
42
85
117
231
302
342
1088
1181
1508
1547
1798
2253
2302
2318
2662
2834
2936
2975
3067
3069
3093
3113
3396
3572
3588
3823
3927
4288
4456
4484
4520
4529
4819
4995
5025
5052
5096
5168
5185
5324
5451
5473
5661
5745
5792
5796
6194
6201
6307
6579
6705
6864
6886
7064
7074
7187
7318
7717
8105
8123
8217
8224
8234
8238
8239
8372
8563
8615
8618
8691
8713
8923
8951
9092
9173
9256
9456
9550
9566
9697
9718
9922
10077
10626
10741
10875
10905
11041
11190
11234
11247
11380
11562
11732
11748
11945
12345
12368
12390
12457
12723
13037
13099
13129
13445
13718
13785
13875
14245
14920
14942
15066
15132
15203
15304
15384
15423
15424
15922
16114
16297
16320
16434
16570
17136
17327
17354
17360
17563
17568
17910
17917
18668
18882
18891
19216
19300
19353
19690
19934
20056
20134
20136
20337
20507
20664
20827
20860
20963
21078
21148
21183
21468
21488
21510
22321
22726
22911
23180
23494
23620
23660
23873
23948
23967
24122
24427
24498
24750
24980
25018
25600
25674
25946
26529
26542
26845
27198
27210
27353
27521
27868
27917
28005
28210
28511
28878
28918
29228
29245
29290
29722
29787
30051
30169
30474
30764
30967
31194
31394
31659
31765
32098
32177
32197
32454
32844
33087
33337
33623
34011
34242
34369
34668
34923
35128
35327
35342
35360
35391
35541
35912
36296
36319
36418
36481
36724
37369
37409
37418
37509
37593
37696
37714
37815
37889
37923
37927
38055
38219
38225
38521
38703
38811
38812
38889
38989
39084
39127
39147
39455
39866
39978
40151
40185
40457
40537
40606
40650
