2033
2676
2709
4172
5078
5259
6501
6661
7870
9105
9623
12342
13891
14443
16141
16699
16766
18276
19692
20839
23155
23323
23838
25346
28212
28642
30209
30619
32834
34462
36302
37731
39195
13
31
42
85
117
120
219
231
269
302
342
346
349
369
697
762
1088
1111
1181
1230
1507
1508
1547
1632
1739
1747
1798
1873
2253
2302
2318
2443
2452
2575
2580
2601
2662
2737
2747
2810
2834
2836
2936
2975
3067
3069
3087
3093
3113
3123
3204
3336
3350
3396
3419
3495
3572
3588
3627
3818
3823
3926
3927
3935
3941
3990
4023
4245
4288
4308
4363
4409
4456
4484
4520
4529
4675
4778
4819
4857
4919
4975
4991
4995
5025
5044
5052
5079
5082
5096
5144
5163
5168
5185
5250
5302
5324
5443
5451
5473
5615
5661
5745
5792
5796
5856
5979
6046
6121
6158
6167
6194
6201
6307
6329
6375
6399
6469
6579
6705
6754
6864
6886
6933
7010
7029
7064
7074
7126
7164
7187
7231
7318
7345
7503
7586
7710
7717
8010
8105
8123
8217
8224
8234
8238
8239
8304
8372
8408
8481
8533
8541
8563
8615
8618
8691
8712
8713
8880
8923
8951
9005
9066
9092
9161
9173
9242
9256
9456
9480
9550
9566
9612
9624
9685
9697
9718
9922
9935
9946
10077
10191
10382
10492
10534
10541
10605
10626
10677
10741
10875
10905
10977
10984
10994
11000
11041
11087
11095
11157
11186
11190
11234
11247
11380
11482
11562
11598
11689
11732
11748
11945
11973
12056
12122
12302
12310
12345
12368
12390
12457
12723
12746
12798
13037
13077
13099
13109
13129
13445
13718
13785
13875
14039
14041
14193
14245
14416
14688
14745
14835
14890
14899
14901
14920
14942
15066
15132
15203
15304
15348
15384
15423
15424
15515
15697
15855
15903
15922
16093
16108
16114
16228
16297
16320
16380
16434
16440
16492
16493
16570
16574
16644
16724
16761
16913
16958
17136
17192
17306
17327
17332
17344
17354
17360
17424
17500
17563
17568
17577
17626
17641
17729
17910
17917
18052
18175
18668
18863
18882
18891
18977
19216
19300
19333
19353
19403
19614
19690
19712
19913
19934
19974
20015
20038
20056
20134
20136
20143
20286
20293
20337
20344
20406
20507
20586
20600
20618
20664
20729
20751
20813
20827
20860
20963
21049
21078
21112
21148
21183
21184
21203
21380
21385
21412
21455
21468
21481
21488
21510
21549
21712
21729
21935
22012
22036
22274
22321
22336
22519
22544
22710
22726
22764
22888
22894
22911
23043
23180
23205
23241
23399
23408
23494
23602
23620
23652
23660
23751
23873
23929
23948
23967
23990
24122
24169
24216
24221
24427
24498
24721
24750
24835
24867
24917
24937
24955
24980
25018
25067
25089
25133
25297
25334
25368
25465
25600
25674
25686
25946
26137
26232
26267
26529
26542
26845
26978
27136
27155
27198
27210
27221
27353
27386
27521
27680
27801
27815
27839
27868
27917
27925
28005
28038
28208
28210
28327
28511
28553
28592
28769
28800
28878
28918
29228
29245
29290
29327
29401
29410
29470
29508
29650
29722
29787
30008
30051
30082
30169
30337
30406
30474
30764
30967
31089
31103
31165
31194
31202
31394
31434
31659
31765
31808
31875
31933
31997
32004
32098
32147
32177
32197
32454
32629
32730
32759
32771
32844
32993
33033
33087
33213
33278
33301
33337
33494
33515
33623
33701
34011
34106
34109
34192
34227
34242
34325
34369
34372
34610
34622
34628
34668
34896
34923
34931
35056
35128
35184
35278
35327
35342
35360
35371
35391
35392
35541
35546
35625
35633
35768
35912
35957
35966
36021
36175
36293
36296
36319
36327
36418
36481
36594
36724
36845
36881
37016
37226
37239
37311
37369
37409
37418
37509
37560
37593
37696
37714
37815
37889
37897
37913
37923
37927
37935
38055
38081
38219
38225
38226
38305
38388
38508
38521
38638
38703
38789
38811
38812
38889
38989
39084
39127
39147
39375
39455
39468
39533
39574
39866
39978
40135
40151
40185
40231
40395
40457
40537
40563
40575
40578
40606
40609
40631
40650
40680
40784
