17937
17864
18749
18512
18795
17788
17950
6721
3401
17644
8592
17933
18324
17575
17951
18603
18565
18104
18287
18139
18621
18652
17785
16381
8786
8337
18088
16374
11542
17677
17851
18171
18206
17908
9703
12835
18665
17872
18647
18867
1999
18234
17847
10960
18386
10959
1936
18631
8156
18161
18588
18669
18421
17790
1934
2002
17881
17896
17753
17643
17814
18496
18202
17841
18156
1942
18872
18624
12787
18610
17958
18637
16375
3418
1960
11541
17885
18233
18191
18013
1997
18223
17813
18018
18762
18260
17728
18339
18105
17714
18862
17762
18745
17578
18377
2344
18490
12811
18046
18609
17568
17570
2061
17894
18385
17723
6908
18097
18066
18158
18868
17690
17844
1996
17919
16401
17754
18351
18373
12805
17801
2014
17109
18014
17931
6
4412
17555
17755
18214
362
17679
17112
17608
7368
18608
17551
17566
18106
16376
18602
2286
18346
18550
18169
17866
12816
2076
17787
18529
18198
12830
17839
18920
1952
18262
18326
18267
12808
18409
18064
18494
18124
12810
18005
17650
17601
18086
18286
17752
18119
17893
18563
16372
18281
2136
18646
17595
17870
18794
18280
18118
18465
18755
1995
18874
11293
18162
1938
18627
17594
17115
18509
18004
17952
18542
2060
6916
18123
16371
18551
17704
12780
2306
18236
18506
17756
17797
17934
18190
17849
18312
1941
18799
18282
18165
18607
9468
18590
18774
17669
17815
18434
10948
12803
17783
18439
18622
17609
18562
18546
18103
11539
17742
18322
18747
18595
18307
18488
18404
17838
17711
18135
18011
18445
17845
17553
12799
17833
17882
17645
17871
18430
18345
18040
12791
17700
17749
17923
7276
18092
18142
12826
18201
17698
18099
18520
18378
18028
18164
17780
18334
18797
18375
18140
17837
17691
11538
12809
18212
17649
18754
17582
18740
17760
17695
17846
14752
17741
18612
18596
18648
18059
17884
17862
17898
17569
16386
18130
12824
18758