11702
63
7368
19152
14748
22840
7912
16398
7299
7373
1937
44
23074
21758
20008
11700
19948
6854
12954
7922
23089
11841
18920
13068
17544
7302
22813
21786
23692
21773
7300
41
1939
14729
7298
8337
11695
22804
20176
7301
14750
7375
6908
20122
2138
19396
2
22839
8408
1940
19534
12963
23718
21834
19160
19322
23094
6940
1938
1935
6720
13320
19330
13890
19176
8420
19186
20010
1936
20004
19070
21772
6856
19308
12964
6920
2126
42
22762
14752
19332
363
1934
8423
21770
14730
8424
6766
20168
6799
364
11699
19392
11842
6
21822
6798
8422
3
8425
12955
22835
16400
23757
8433
748
20022
362
22761
23044
23096
23095
5