17
147
178
371
387
427
436
453
509
675
1007
1023
1233
1237
1245
1356
1377
1431
1627
1678
1719
1726
1763
1807
1923
1995
2025
2155
2171
2250
2298
2372
2375
2382
2447
2479
2670
2713
2795
2916
2923
2997
3084
3139
3140
3163
3166
3236
3243
3316
3329
3353
3425
3453
3473
3484
3504
3515
3541
3596
3638
3641
3663
3770
3814
3842
3888
3982
4093
4101
4105
4116
4159
4183
4350
4379
4390
4614
4743
4909
4942
4969
4974
4996
5031
5040
5100
5127
5220
5224
5277
5476
5540
5622
5659
5682
5691
5710
5740
5744
5778
5809
5827
5863
5899
6068
6091
6094
6154
6200
6239
6245
6253
6342
6430
6439
6497
6510
6596
6674
6681
6761
6823
6858
6957
7083
7166
7170
7181
7183
7274
7285
7316
7367
7387
7405
7427
7451
7509
7511
7532
7560
7638
7669
7723
7833
7861
7869
7895
7911
7938
7939
7967
8070
8094
8283
8329
8440
8549
8711
8806
8838
8874
8895
9217
9254
9431
9471
9506
9564
9567
9609
9707
9715
9777
9872
9915
9971
9997
10036
10078
10084
10104
10162
10251
10276
10324
10384
10468
10504
10520
10543
10632
10683
10710
10712
10812
10814
10904
10915
10966
11056
11077
11108
11155
11310
11341
11396
11649
11691
11695
11765
11794
12019
12028
12042
12185
12210
12223
12233
12293
12306
12311
12314
12347
12399
12434
12448
12501
12518
12536
12556
12740
12767
12813
12866
12889
12968
12970
13057
13102
13144
13157
13296
13315
13322
13339
13400
13450
13556
13695
13716
13750
13755
13773
13791
13885
13967
14049
14203
14259
14332
14429
14486
14683
14715
14718
14725
14744
14747
14837
14849
14876
15112
15127
15298
15302
15477
15610
15702
15906
16022
16193
16344
16432
16436
16446
16533
16556
16845
16875
16894
16975
17022
17106
17253
17322
17324
17370
17381
17438
17512
17541
17557
17591
17714
17824
17835
17881
17920
17974
17995
18095
18137
18263
18278
18283
18302
18322
18366
18414
18481
18676
18724
18746
18844
18913
18960
18965
19040
19054
19062
19113
19168
19186
19200
19204
19220
19366
19395
19502
19515
19517
19925
19948
20050
20120
20155
20265
20363
20408
20508
20510
20651
20676
20978
21152
21241
21259
21349
21378
21430
21489
21542
21568
21630
21681
21691
21732
21755
21762
21765
21797
21819
21905
21917
21959
21974
22067
22076
22143
22306
22343
22489
22524
22640
22651
22668
22740
22749
22904
22969
23124
23127
23146
23184
23327
23330
23445
23516
23689
23699
23718
23720
23771
23813
23857
23969
23981
24036
24087
24100
24152
24161
24175
24247
24251
24334
24420
24456
24617
24632
24694
24732
24772
24774
24848
24854
24869
24890
24905
24916
24932
24992
25003
25007
25061
25104
25122
25273
25285
25423
25631
25672
25774
25818
25941
26014
26128
26217
26251
26361
26447
26454
26466
26543
26562
26563
26565
26572
26590
26597
26661
26684
26752
26967
26982
27174
27192
27193
27214
27243
27262
27306
27376
27411
27436
27524
27551
27584
27638
27796
27878
27952
28188
28279
28308
28466
28517
28614
28667
28771
28842
28876
28947
28966
29049
29140
29192
29232
29260
29355
29391
29451
29505
29700
29748
29755
29766
29792
29843
29849
29864
29922
29971
30128
30200
30208
30219
30287
30329
30330
30422
30426
30478
30496
30519
30541
30560
30756
30787
30966
31017
31018
31219
31256
31258
31376
31513
31580
31599
31648
31739
31766
31855
32012
32117
32121
32173
32187
32201
32204
32254
32300
32553
32560
32608
32757
32792
32828
33002
33120
33129
33168
33185
33190
33265
33344
33387
33391
33411
33457
33578
33591
33621
33663
33664
33667
33688
33700
33712
33733
33773
33774
33846
33928
33932
33948
34032
34124
34151
34202
34283
34331
34445
34578
34659
34696
34763
34846
34888
34912
34914
34937
34951
34976
34984
35003
35011
35043
35213
35280
35320
35389
35404
35428
35499
35572
35704
35705
35724
35816
35845
35944
35972
35982
36141
36143
36204
36315
36467
36543
36544
36550
36587
36601
36614
36771
36773
36815
36856
36869
36888
36980
37017
37082
37139
37140
37145
37263
37271
37380
37460
37495
37498
37647
37680
37808
37809
37828
37910
37953
38028
38106
38154
38172
38229
38246
38313
38497
38515
38569
38577
38612
38618
38650
38668
38680
38752
38757
38779
38888
39072
39120
39183
39190
39225
39404
39536
39568
39584
39686
39769
39806
39823
39925
39990
40024
40035
40082
40120
40173
40207
40214
40299
40349
40354
40404
40611
40653
40715
40729
40835
15
57
96
221
232
292
296
306
398
518
586
616
662
663
718
747
782
807
824
835
894
901
984
1041
1091
1098
1113
1151
1162
1203
1210
1216
1282
1291
1423
1437
1438
1455
1502
1546
1650
1653
1751
1801
1811
1938
1946
1959
1977
1993
1998
2024
2233
2274
2337
2436
2468
2498
2510
2521
2616
2668
3066
3116
3122
3159
3233
3245
3303
3331
3393
3482
3535
3564
3632
3757
3960
4037
4038
4058
4138
4180
4295
4376
4394
4449
4545
4573
4688
4726
4738
4741
4821
4877
5112
5154
5157
5226
5240
5258
5396
5435
5480
5647
5706
5764
5822
5828
5882
5907
5954
6036
6113
6114
6118
6195
6208
6335
6338
6398
6506
6600
6695
6696
6700
6779
6875
7008
7073
7206
7219
7237
7332
7425
7530
7537
7573
7642
7708
7784
7800
7958
7976
8012
8309
8410
8439
8560
8674
8688
8724
8746
8768
8774
9051
9094
9266
9347
9398
9441
9569
9614
9668
9670
9723
9751
9767
9836
9906
9917
9918
10004
10049
10064
10102
10182
10193
10295
10425
10505
10631
10652
10682
10693
10719
10730
10842
10902
10985
11036
11140
11167
11302
11418
11477
11523
11602
11688
11703
11896
11918
11966
11974
12139
12183
12305
12422
12447
12528
12606
12607
12994
13032
13059
13113
13156
13228
13263
13373
13389
13488
13541
13625
13669
13897
13980
13987
14026
14106
14184
14298
14359
14529
14622
14775
14777
14789
14864
15018
15033
15051
15147
15216
15217
15218
15271
15285
15288
15400
15463
15497
15509
15541
15552
15640
15674
15754
15755
15770
15821
15838
15930
15932
15933
15939
16049
16449
16676
16798
16803
16896
16943
17005
17009
17032
17062
17065
17083
17116
17122
17167
17171
17197
17217
17238
17272
17408
17462
17494
17516
17734
17739
17788
17879
17911
17915
18026
18027
18047
18072
18077
18096
18140
18161
18296
18304
18438
18489
18493
18535
18626
18664
18704
18715
18721
18768
18811
19047
19053
19057
19078
19142
19153
19351
19466
19486
19580
19581
19620
19780
19789
19792
19815
19821
19871
20165
20302
20319
20322
20342
20415
20627
20647
20695
20714
20784
20800
20845
20859
20883
20892
20954
20965
21104
21113
21246
21252
21370
21381
21407
21646
21695
21738
21833
21839
22192
22236
22276
22300
22408
22414
22585
22784
22885
22900
22924
23007
23026
23085
23145
23278
23344
23477
23521
23574
23615
23676
23866
23881
23891
24086
24275
24406
24417
24525
24536
24574
24611
24645
24780
24826
24842
24886
24909
24926
24958
25032
25043
25096
25125
25171
25232
25282
25288
25317
25446
25560
25614
25719
25750
25778
25851
25902
26062
26101
26108
26125
26142
26220
26283
26327
26332
26333
26383
26568
26616
26638
26672
26699
26769
26781
26815
26859
27034
27050
27059
27064
27124
27191
27320
27429
27462
27555
27570
27573
27875
27904
27958
27968
27989
28047
28064
28187
28227
28251
28292
28389
28436
28538
28847
28858
28862
28886
28934
28972
28986
29012
29032
29083
29125
29156
29191
29236
29444
29466
29592
29636
29639
29643
29753
29761
29822
30095
30159
30185
30316
30324
30325
30401
30440
30450
30576
30641
30668
30745
30797
31012
31023
31035
31075
31100
31127
31215
31242
31244
31288
31304
31384
31390
31451
31481
31496
31536
31537
31574
31646
31679
31696
31802
31826
31895
32079
32088
32110
32129
32175
32219
32370
32420
32424
32473
32497
32657
32673
32712
32809
32811
32813
32816
32892
32897
33069
33163
33176
33187
33189
33475
33643
33792
33923
34100
34243
34389
34563
34576
34620
34693
34703
34719
34819
34882
34940
34994
35013
35088
35123
35159
35177
35253
35271
35294
35448
35459
35560
35565
35567
35613
35616
35716
35797
35902
35945
35973
36009
36033
36069
36164
36171
36417
36488
36523
36545
36576
36686
36706
36764
36777
36780
36882
36900
37099
37143
37308
37397
37469
37573
37594
37695
37806
38091
38209
38374
38434
38704
38810
38826
38878
38945
39045
39081
39129
39153
39221
39316
39488
39532
39599
39617
39711
39772
39795
39819
39883
40015
40032
40048
40119
40133
40555
40747
40852
