17
147
178
215
371
427
436
453
509
569
675
1007
1023
1233
1237
1245
1356
1377
1405
1431
1639
1678
1719
1726
1763
1807
1923
1995
2025
2122
2155
2250
2298
2372
2375
2382
2392
2447
2479
2670
2713
2795
2916
2923
2997
3084
3140
3163
3166
3236
3243
3316
3327
3353
3425
3453
3473
3515
3596
3638
3641
3663
3814
3888
3982
4093
4101
4105
4122
4146
4159
4263
4350
4379
4390
4614
4743
4909
4974
4996
5031
5040
5100
5127
5145
5220
5224
5397
5432
5476
5540
5622
5691
5710
5740
5776
5778
5809
5827
5863
5899
6068
6094
6154
6239
6245
6342
6430
6439
6497
6510
6596
6681
6761
6808
6823
6905
6957
7128
7166
7170
7183
7225
7285
7316
7367
7405
7427
7451
7509
7511
7520
7532
7560
7587
7638
7669
7723
7833
7861
7869
7895
7911
7938
7967
8070
8094
8283
8440
8513
8549
8711
8806
8838
8861
8895
9208
9217
9254
9357
9431
9464
9471
9506
9551
9564
9567
9609
9636
9707
9715
9777
9872
9915
9971
9997
10036
10078
10084
10104
10162
10251
10276
10411
10504
10520
10543
10630
10632
10683
10710
10712
10812
10814
10904
10915
10966
11056
11077
11108
11155
11310
11317
11341
11396
11691
11695
11765
11794
11986
12019
12028
12042
12173
12185
12210
12223
12233
12293
12311
12347
12382
12399
12434
12448
12533
12536
12556
12667
12736
12740
12753
12765
12813
12866
12889
12896
12968
12970
13035
13057
13102
13144
13157
13296
13322
13339
13400
13450
13556
13621
13643
13695
13736
13750
13773
13791
13873
13885
13967
13982
14128
14203
14259
14332
14429
14486
14683
14715
14718
14725
14744
14837
14876
14968
15112
15127
15298
15302
15477
15610
15632
15702
15782
15906
16022
16193
16283
16344
16436
16446
16533
16556
16679
16774
16894
16965
16975
17022
17106
17119
17253
17322
17324
17370
17381
17438
17512
17541
17557
17591
17714
17824
17881
17920
17974
17995
18003
18095
18263
18278
18283
18302
18322
18366
18481
18637
18676
18724
18746
18844
18913
18925
18960
18965
19040
19054
19062
19113
19168
19186
19204
19220
19366
19395
19515
19517
19751
19874
19925
20120
20155
20265
20277
20363
20408
20490
20508
20510
20651
20676
20793
20879
20978
21052
21152
21211
21241
21259
21386
21489
21542
21544
21568
21587
21630
21681
21691
21732
21755
21762
21797
21819
21858
21905
21959
21974
21988
22076
22143
22306
22343
22364
22442
22489
22524
22640
22651
22668
22740
22904
22922
23124
23146
23184
23186
23327
23330
23445
23490
23689
23718
23720
23771
23813
23857
23981
24036
24087
24100
24230
24233
24247
24251
24420
24456
24617
24632
24694
24732
24772
24774
24848
24854
24869
24890
24905
24916
24932
24992
25001
25003
25061
25104
25122
25233
25273
25285
25423
25508
25631
25702
25774
25818
25941
26217
26447
26454
26466
26543
26563
26572
26590
26597
26661
26684
26752
26967
26982
27192
27193
27243
27306
27411
27436
27584
27631
27638
27730
27878
27952
28188
28308
28310
28466
28517
28614
28667
28876
28966
29049
29140
29192
29232
29355
29451
29505
29534
29708
29718
29748
29766
29843
29849
30071
30128
30200
30208
30219
30312
30329
30330
30422
30426
30478
30496
30519
30560
30715
30724
30787
30879
30966
31018
31219
31256
31258
31376
31513
31648
31739
31855
31938
32012
32121
32187
32201
32204
32238
32254
32300
32560
32757
32792
32828
32909
33002
33117
33120
33129
33168
33185
33190
33265
33387
33391
33457
33578
33591
33621
33663
33664
33667
33700
33733
33773
33774
33846
33928
33932
34032
34124
34151
34202
34283
34445
34578
34609
34659
34696
34763
34846
34888
34914
34937
34951
34976
34984
35003
35011
35043
35280
35389
35404
35499
35588
35704
35705
35724
35845
35944
35972
36015
36057
36068
36130
36141
36143
36204
36279
36315
36467
36543
36544
36587
36601
36614
36666
36771
36773
36856
36869
36870
36888
36980
37017
37139
37140
37145
37244
37252
37263
37271
37380
37495
37498
37602
37628
37647
37669
37680
37809
37828
37937
37953
38022
38028
38043
38106
38145
38154
38229
38236
38246
38313
38569
38577
38612
38618
38650
38668
38680
38778
38779
38888
39072
39120
39183
39190
39238
39404
39536
39568
39584
39769
39806
39823
39925
39990
40024
40035
40082
40113
40120
40173
40207
40209
40214
40349
40354
40404
40414
40510
40611
40695
40715
40729
40835
232
292
306
333
398
573
662
663
718
742
747
782
803
807
824
835
894
901
984
1041
1091
1098
1113
1151
1203
1210
1216
1282
1291
1423
1437
1438
1502
1546
1650
1653
1751
1801
1811
1938
1946
1959
1977
1993
1998
2024
2233
2274
2312
2436
2468
2510
2521
2616
2776
3066
3116
3122
3159
3233
3303
3331
3393
3465
3482
3535
3564
3632
3757
3848
3960
4037
4058
4138
4266
4295
4309
4376
4394
4449
4545
4688
4726
4738
4741
4821
4877
5112
5154
5226
5240
5309
5435
5480
5706
5764
5822
5828
5882
5907
5930
5954
6036
6113
6114
6118
6193
6208
6317
6335
6338
6398
6506
6600
6696
6700
6779
7008
7073
7206
7219
7332
7425
7530
7537
7573
7642
7708
7784
7800
7958
8012
8049
8309
8439
8519
8560
8637
8746
8768
8774
9051
9094
9266
9347
9398
9441
9569
9600
9614
9668
9670
9723
9735
9751
9767
9789
9836
9906
9917
9918
10004
10024
10049
10064
10102
10182
10193
10245
10295
10425
10631
10652
10682
10693
10719
10730
10779
10842
10902
10911
10985
11036
11140
11167
11302
11418
11477
11543
11602
11688
11703
11896
11900
11918
11966
11974
12139
12183
12305
12422
12447
12526
12527
12528
12606
12607
12797
12994
13009
13032
13113
13156
13228
13257
13263
13373
13389
13530
13541
13625
13669
13897
13980
13987
14026
14097
14184
14298
14359
14529
14622
14775
14789
14864
14896
15018
15033
15051
15147
15216
15218
15271
15285
15288
15336
15425
15463
15490
15497
15509
15541
15552
15640
15674
15754
15755
15770
15821
15838
15898
15930
15932
15933
15939
16011
16049
16115
16326
16449
16621
16676
16798
16803
16896
16943
17005
17009
17032
17062
17065
17083
17116
17122
17197
17217
17237
17238
17391
17408
17462
17494
17516
17734
17753
17788
17902
17911
17915
18026
18027
18047
18072
18077
18096
18140
18164
18296
18300
18304
18438
18489
18493
18505
18626
18664
18704
18715
18721
18768
18811
18848
19005
19053
19057
19142
19153
19171
19351
19466
19486
19580
19581
19780
19800
19815
19871
20095
20165
20302
20319
20322
20342
20374
20415
20592
20641
20647
20695
20714
20784
20800
20845
20883
20892
20954
20965
21104
21113
21252
21370
21381
21407
21646
21676
21695
21808
21833
21839
22192
22236
22276
22300
22408
22414
22585
22732
22859
22885
22900
22924
23026
23085
23145
23278
23344
23477
23603
23615
23670
23676
23769
23866
23881
23891
24004
24086
24112
24275
24406
24417
24525
24549
24574
24780
24797
24826
24842
24886
24909
24926
24942
24945
24958
25032
25033
25034
25039
25043
25096
25125
25171
25232
25288
25317
25385
25446
25560
25614
25719
25750
25778
25902
25991
26062
26108
26125
26212
26283
26333
26383
26568
26616
26638
26672
26699
26769
26781
26815
26859
27124
27191
27267
27429
27462
27555
27573
27904
27958
27968
27989
27997
28187
28224
28227
28251
28292
28389
28436
28538
28574
28847
28858
28886
28922
28934
28972
28986
29012
29032
29072
29083
29125
29156
29191
29236
29444
29466
29504
29592
29636
29639
29643
29753
29761
29777
29817
29822
29985
30034
30078
30095
30159
30185
30316
30324
30325
30401
30440
30450
30576
30641
30668
30727
30745
30797
31023
31075
31100
31127
31215
31242
31244
31288
31304
31384
31390
31451
31481
31496
31536
31537
31574
31646
31679
31696
31802
31826
31989
32079
32088
32110
32129
32175
32213
32219
32262
32366
32370
32420
32424
32473
32497
32513
32657
32673
32685
32712
32809
32816
32892
32897
33069
33163
33189
33321
33452
33475
33643
33792
33923
33927
34200
34243
34309
34389
34563
34576
34620
34661
34693
34703
34819
34882
34940
34977
34994
35086
35159
35177
35253
35271
35459
35478
35560
35565
35567
35613
35616
35716
35797
35902
35945
35956
35973
36009
36164
36171
36417
36514
36523
36545
36576
36579
36627
36686
36764
36777
36780
36882
36900
37099
37143
37249
37308
37345
37397
37469
37573
37806
37919
37950
38209
38374
38434
38652
38704
38878
38945
39045
39081
39114
39129
39221
39316
39374
39488
39532
39593
39599
39617
39711
39772
39795
39819
39883
40015
40032
40048
40085
40119
40275
40322
40555
40747
40852
