17
147
178
215
371
387
427
436
509
569
675
1007
1023
1233
1237
1405
1431
1627
1678
1719
1763
1995
2025
2122
2155
2171
2250
2298
2375
2382
2392
2447
2479
2670
2713
2795
2923
2997
3084
3139
3140
3163
3166
3236
3243
3316
3327
3329
3425
3453
3473
3484
3504
3515
3596
3638
3663
3770
3814
3842
3888
3982
4093
4101
4105
4116
4122
4183
4261
4263
4350
4379
4390
4614
4743
4909
4942
4969
4974
4996
5031
5040
5127
5145
5220
5224
5277
5540
5622
5659
5691
5710
5740
5776
5778
5809
5827
5863
5899
6068
6154
6239
6245
6253
6336
6342
6430
6439
6497
6510
6596
6674
6681
6761
6808
6823
6858
6905
6957
7083
7170
7181
7183
7225
7274
7285
7367
7427
7451
7509
7511
7532
7587
7638
7669
7833
7895
7939
8070
8283
8329
8440
8501
8513
8549
8711
8752
8838
8861
8874
8895
9208
9217
9254
9357
9464
9471
9506
9551
9567
9609
9707
9715
9777
9872
9915
9997
10036
10078
10084
10104
10162
10251
10276
10384
10411
10504
10520
10543
10630
10632
10710
10712
10812
10814
10904
10915
10966
11056
11077
11155
11192
11310
11317
11341
11396
11649
11691
11725
11735
11765
11794
12019
12028
12042
12134
12173
12185
12210
12223
12233
12311
12314
12347
12382
12399
12518
12536
12556
12667
12736
12740
12753
12765
12767
12813
12866
12889
12896
12968
12970
13035
13057
13102
13144
13157
13315
13322
13400
13450
13556
13621
13643
13695
13716
13750
13755
13791
13873
13885
13967
13982
14049
14128
14140
14185
14203
14259
14277
14429
14486
14683
14715
14718
14725
14744
14837
14849
14876
14968
15017
15112
15127
15298
15302
15477
15610
15632
15702
15782
15906
16022
16193
16283
16344
16432
16436
16533
16556
16679
16774
16845
16875
16894
16965
16975
17022
17106
17253
17322
17324
17381
17512
17541
17557
17591
17714
17824
17835
17854
17881
17920
17974
18095
18263
18278
18283
18292
18302
18322
18366
18414
18481
18637
18676
18724
18746
18844
18913
18960
19040
19054
19062
19168
19186
19200
19220
19395
19502
19515
19517
19751
19874
19925
19948
20140
20265
20277
20363
20490
20508
20510
20536
20637
20651
20676
20793
20879
20978
21052
21152
21241
21256
21259
21378
21386
21430
21489
21568
21587
21630
21681
21691
21732
21755
21765
21819
21858
21917
21959
21974
22067
22076
22143
22364
22442
22489
22524
22640
22651
22668
22740
22749
22904
22922
22969
23124
23127
23146
23184
23186
23327
23330
23445
23490
23516
23689
23699
23720
23771
23813
23857
23969
23981
24036
24087
24100
24152
24161
24175
24230
24233
24247
24251
24334
24420
24617
24694
24732
24772
24774
24848
24854
24869
24890
24905
24916
24932
24992
25001
25003
25061
25104
25122
25233
25273
25285
25423
25508
25631
25702
25818
26014
26217
26251
26361
26447
26454
26514
26543
26562
26563
26565
26572
26590
26597
26661
26684
26752
26967
26982
27174
27192
27193
27214
27243
27262
27306
27376
27411
27436
27524
27551
27584
27631
27638
27730
27796
27878
27952
28071
28188
28308
28310
28517
28614
28667
28876
28947
28966
29097
29140
29192
29232
29260
29355
29391
29505
29534
29700
29708
29718
29748
29755
29766
29843
29864
29922
29971
30071
30128
30208
30287
30312
30329
30330
30422
30496
30519
30541
30560
30724
30756
30787
30879
30913
31017
31018
31256
31258
31389
31513
31580
31648
31739
31766
31855
32117
32121
32173
32187
32201
32238
32254
32300
32543
32553
32560
32608
32757
32792
32828
32909
33117
33129
33168
33185
33265
33387
33391
33411
33457
33578
33591
33663
33664
33667
33688
33700
33712
33733
33773
33774
33846
33928
33932
33948
34032
34124
34202
34283
34331
34445
34578
34609
34696
34738
34763
34786
34796
34888
34912
34914
34937
34951
34976
35003
35011
35043
35213
35320
35389
35404
35428
35499
35572
35588
35704
35705
35724
35845
35944
35972
35982
36015
36057
36068
36130
36141
36204
36273
36279
36467
36544
36587
36601
36614
36666
36771
36773
36869
36870
36888
36980
37017
37082
37106
37139
37140
37145
37252
37271
37337
37380
37460
37495
37498
37602
37628
37647
37669
37680
37808
37828
37910
37937
37953
38022
38043
38145
38154
38229
38236
38246
38313
38569
38577
38612
38618
38650
38680
38757
38779
38888
39072
39120
39183
39225
39238
39404
39536
39568
39769
39806
39823
39925
39990
40024
40035
40046
40082
40113
40120
40173
40209
40214
40299
40354
40404
40510
40611
40695
40715
40835
15
57
96
232
292
296
306
333
518
573
586
616
662
663
718
742
747
803
807
824
835
894
901
984
1041
1091
1098
1113
1151
1203
1210
1216
1291
1423
1437
1438
1455
1546
1650
1653
1751
1801
1946
1959
1977
2233
2274
2312
2337
2436
2468
2510
2521
2616
2668
2776
3066
3122
3233
3245
3303
3331
3393
3535
3564
3632
3757
3848
3960
4037
4038
4058
4138
4180
4266
4295
4376
4394
4545
4573
4726
4738
4741
4877
5112
5154
5157
5226
5240
5258
5309
5396
5435
5480
5647
5706
5822
5882
5907
5930
5954
6036
6113
6114
6118
6195
6208
6254
6317
6335
6338
6398
6506
6600
6695
6696
6700
6875
7008
7073
7206
7219
7332
7425
7530
7537
7573
7708
7800
7958
7976
8049
8309
8410
8439
8519
8560
8637
8688
8724
8774
9051
9094
9206
9266
9347
9398
9441
9569
9600
9614
9668
9670
9723
9751
9767
9789
9814
9836
9906
9917
9918
10004
10024
10049
10064
10102
10182
10245
10295
10425
10505
10631
10652
10661
10682
10693
10719
10730
10779
10842
10902
10911
11140
11302
11418
11477
11523
11543
11602
11688
11703
11896
11900
11918
11966
11974
12139
12183
12422
12447
12526
12527
12607
12797
12994
13009
13032
13059
13228
13257
13263
13373
13389
13488
13530
13541
13625
13669
13897
13980
13987
14026
14097
14106
14184
14298
14529
14777
14864
14896
15018
15033
15051
15147
15216
15217
15218
15285
15288
15400
15425
15490
15509
15541
15674
15754
15755
15770
15821
15838
15898
15930
15932
15933
15939
16011
16326
16621
16676
16803
16943
17005
17009
17032
17062
17065
17083
17116
17122
17167
17197
17217
17237
17238
17272
17391
17408
17462
17494
17516
17753
17788
17879
17902
17911
17915
18026
18047
18072
18077
18096
18140
18161
18164
18296
18300
18304
18438
18493
18505
18535
18626
18664
18715
18721
18768
18848
19005
19034
19047
19053
19078
19142
19153
19351
19466
19486
19580
19581
19620
19780
19792
19800
19815
19821
19871
20095
20165
20302
20319
20322
20374
20415
20592
20627
20714
20784
20800
20859
20883
20892
20954
20965
21104
21246
21252
21370
21381
21407
21646
21676
21695
21738
21808
21833
21839
22192
22276
22300
22414
22585
22732
22859
22885
22900
22977
23007
23026
23085
23141
23145
23344
23477
23521
23574
23603
23670
23676
23866
23881
23891
24004
24086
24112
24275
24406
24417
24525
24549
24574
24645
24780
24797
24826
24842
24909
24926
24942
24945
24958
25032
25033
25034
25043
25096
25125
25171
25232
25282
25288
25317
25385
25446
25560
25719
25750
25778
25851
25902
25991
26062
26101
26108
26142
26212
26220
26283
26327
26332
26333
26383
26568
26638
26672
26699
26769
26815
26838
26859
27034
27050
27059
27064
27124
27191
27267
27320
27429
27555
27570
27573
27904
27958
27968
27989
27997
28047
28187
28224
28227
28251
28389
28436
28538
28847
28858
28862
28886
28922
28934
28972
28986
29012
29032
29072
29083
29125
29156
29191
29236
29444
29466
29504
29592
29636
29639
29643
29719
29753
29761
29777
29817
29822
29985
30021
30034
30185
30316
30324
30401
30440
30450
30576
30668
30727
30745
30797
31012
31035
31075
31100
31215
31242
31244
31288
31304
31384
31451
31481
31496
31536
31537
31574
31646
31679
31696
31802
31826
31895
31989
32079
32129
32175
32366
32370
32420
32424
32473
32657
32685
32809
32813
32892
32897
32960
33069
33163
33176
33189
33321
33452
33475
33566
33643
33792
33923
34100
34200
34243
34309
34389
34563
34576
34620
34661
34693
34703
34819
34882
34940
34977
34994
35013
35123
35177
35271
35294
35448
35459
35565
35567
35613
35716
35797
35902
35945
35956
35973
36033
36069
36164
36171
36417
36488
36514
36523
36545
36627
36686
36706
36764
36777
36900
37099
37143
37249
37308
37345
37397
37594
37695
37806
37825
37919
38091
38209
38363
38374
38652
38704
38810
38826
38945
39045
39081
39129
39153
39221
39245
39316
39374
39488
39564
39593
39617
39711
39772
39795
39819
40015
40032
40048
40085
40119
40275
40322
40555
40747
40852
