17
147
215
371
387
427
436
453
509
569
675
1023
1233
1237
1377
1405
1431
1639
1678
1719
1763
1923
1995
2025
2155
2171
2250
2298
2375
2382
2392
2447
2479
2670
2713
2795
2916
2923
3139
3140
3163
3166
3236
3327
3329
3353
3425
3453
3473
3484
3504
3541
3596
3638
3641
3663
3770
3814
3842
3888
3982
4093
4101
4105
4116
4122
4159
4183
4261
4263
4350
4379
4390
4610
4614
4743
4840
4909
4942
4969
4974
4996
5031
5040
5100
5127
5145
5220
5277
5432
5476
5540
5622
5659
5682
5691
5740
5778
5809
6068
6094
6200
6239
6245
6253
6336
6342
6430
6439
6497
6510
6681
6761
6808
6858
6905
6957
7128
7166
7170
7181
7225
7274
7285
7316
7387
7405
7427
7451
7511
7520
7532
7587
7638
7669
7723
7833
7861
7869
7895
7938
7939
7967
8070
8094
8329
8440
8501
8513
8549
8711
8806
8838
8861
8895
9208
9217
9254
9464
9471
9506
9551
9564
9567
9636
9707
9715
9777
9872
9915
9971
9997
10078
10084
10104
10251
10276
10324
10384
10411
10468
10504
10520
10543
10632
10683
10710
10712
10812
10814
10904
10915
10966
11056
11077
11108
11155
11310
11341
11649
11695
11725
11735
11765
11986
12019
12028
12134
12173
12185
12210
12223
12293
12306
12311
12314
12347
12399
12434
12448
12501
12518
12533
12536
12556
12736
12740
12753
12765
12813
12866
12889
12896
12970
13035
13057
13102
13144
13315
13322
13339
13450
13556
13643
13695
13716
13736
13750
13755
13773
13791
13873
13885
13982
14128
14140
14203
14259
14332
14429
14486
14683
14715
14725
14744
14747
14849
14876
14968
15017
15112
15127
15298
15477
15610
15632
15702
15782
15906
16022
16193
16283
16344
16432
16446
16533
16556
16679
16774
16845
16965
16975
17022
17106
17119
17253
17322
17324
17370
17381
17438
17541
17557
17591
17714
17824
17835
17854
17881
17974
17995
18095
18137
18263
18278
18283
18292
18302
18322
18366
18414
18481
18676
18724
18844
18913
18925
18965
19040
19113
19168
19186
19200
19204
19220
19259
19366
19395
19502
19515
19517
19874
19925
19948
20050
20120
20155
20265
20277
20408
20490
20510
20536
20637
20651
20676
20793
20978
21052
21152
21211
21241
21259
21378
21386
21430
21489
21544
21568
21587
21630
21691
21732
21755
21765
21858
21905
21959
21974
21988
22067
22076
22143
22306
22343
22442
22489
22524
22640
22651
22668
22740
22749
22904
22969
23124
23127
23146
23184
23186
23327
23330
23445
23490
23689
23699
23718
23720
23771
23813
23857
23969
23981
24036
24087
24152
24161
24175
24230
24233
24247
24334
24420
24632
24694
24732
24772
24774
24854
24869
24890
24905
24916
24932
24992
25001
25003
25007
25061
25104
25122
25273
25285
25423
25508
25631
25672
25702
25774
25818
25941
26014
26128
26217
26447
26454
26466
26543
26562
26563
26565
26572
26590
26661
26684
26752
26967
26982
27174
27192
27214
27262
27306
27376
27411
27524
27551
27584
27631
27638
27796
27878
27952
28071
28188
28279
28310
28466
28614
28667
28771
28842
28876
28947
29049
29140
29192
29232
29260
29355
29391
29451
29505
29534
29700
29708
29718
29748
29755
29766
29792
29843
29849
29864
29922
29971
30071
30200
30208
30219
30287
30312
30329
30330
30478
30496
30519
30541
30560
30715
30756
30787
30879
30966
31018
31219
31256
31258
31376
31389
31513
31580
31599
31648
31739
31766
31855
32012
32117
32173
32187
32238
32254
32300
32543
32553
32560
32608
32757
32792
33002
33117
33120
33168
33190
33344
33387
33411
33457
33591
33621
33663
33664
33667
33712
33773
33774
33846
33928
33932
33948
34124
34151
34202
34331
34445
34578
34659
34696
34763
34786
34796
34846
34888
34912
34914
34937
34951
34976
34984
35003
35043
35213
35280
35320
35389
35404
35428
35572
35588
35816
35845
35944
35972
35982
36015
36057
36068
36130
36141
36204
36273
36279
36315
36467
36544
36550
36587
36601
36614
36666
36771
36773
36815
36856
36869
36888
36980
37017
37082
37106
37139
37244
37252
37263
37271
37337
37380
37460
37495
37498
37602
37647
37680
37808
37809
37828
37937
37953
38022
38043
38106
38145
38154
38172
38229
38236
38246
38313
38515
38612
38618
38650
38668
38752
38757
38778
38779
38888
39072
39120
39183
39190
39225
39238
39404
39568
39584
39686
39769
39806
39823
39925
40024
40207
40209
40299
40349
40354
40404
40510
40611
40653
40695
40715
40729
40835
15
96
221
292
296
306
333
398
518
573
586
616
718
742
747
782
803
807
824
835
894
901
1091
1098
1113
1151
1162
1203
1210
1216
1282
1423
1437
1438
1455
1502
1546
1650
1801
1811
1938
1946
1959
1977
1993
1998
2024
2233
2274
2337
2436
2468
2498
2510
2521
2616
2668
2776
3066
3122
3159
3245
3303
3393
3482
3535
3564
3632
3757
3848
3960
4037
4058
4138
4180
4266
4309
4376
4394
4545
4573
4688
4726
4738
4741
4877
5112
5154
5157
5240
5258
5309
5396
5435
5480
5647
5706
5764
5828
5882
5907
5930
5954
6036
6113
6114
6118
6193
6195
6208
6254
6317
6335
6338
6398
6506
6600
6695
6696
6700
6779
6875
7008
7073
7206
7219
7237
7425
7530
7642
7708
7784
7958
8012
8049
8309
8410
8439
8519
8560
8637
8674
8688
8746
8768
9051
9094
9206
9266
9398
9441
9569
9600
9614
9670
9723
9751
9767
9789
9814
9836
9906
9917
9918
10004
10024
10064
10102
10182
10193
10245
10295
10505
10661
10682
10730
10779
10842
10902
10911
10985
11036
11140
11167
11302
11418
11429
11477
11523
11688
11896
11918
11966
11974
12139
12183
12305
12526
12527
12528
12606
12607
12797
12994
13009
13032
13059
13113
13156
13257
13263
13342
13373
13488
13530
13625
13669
13897
13980
14026
14097
14106
14184
14298
14359
14529
14622
14775
14777
14789
14864
15018
15051
15147
15216
15217
15218
15285
15288
15336
15400
15425
15463
15490
15497
15509
15541
15552
15640
15674
15754
15755
15770
15821
15838
15898
15930
15932
15933
16011
16049
16326
16449
16621
16676
16798
16896
16943
17005
17032
17062
17065
17116
17122
17167
17171
17197
17217
17238
17272
17391
17408
17462
17494
17516
17739
17753
17788
17879
17902
17911
18026
18027
18047
18072
18077
18096
18140
18164
18296
18300
18304
18438
18493
18535
18626
18664
18704
18721
18768
18811
18848
19005
19034
19047
19053
19057
19078
19142
19171
19351
19486
19580
19581
19620
19780
19792
19800
19815
19821
19871
20095
20165
20302
20319
20322
20342
20374
20415
20592
20627
20641
20695
20714
20784
20845
20883
20892
20954
21104
21113
21246
21252
21370
21381
21407
21646
21676
21738
21839
22192
22236
22276
22300
22408
22414
22585
22732
22784
22859
22900
22977
23026
23085
23141
23145
23278
23477
23521
23574
23603
23615
23670
23676
23769
23866
23881
23891
23902
24004
24086
24112
24275
24406
24417
24525
24574
24780
24797
24826
24842
24909
24926
24942
24945
24958
25032
25033
25034
25039
25043
25096
25171
25232
25282
25317
25385
25446
25614
25750
25778
25851
25991
26101
26108
26125
26142
26212
26220
26283
26327
26333
26383
26568
26616
26638
26672
26699
26769
26781
26815
26859
26922
27050
27059
27124
27191
27267
27320
27429
27462
27555
27570
27573
27875
27904
27968
27989
27997
28047
28064
28187
28227
28251
28292
28538
28858
28862
28886
28922
28934
28972
28986
29012
29032
29072
29083
29125
29156
29191
29236
29444
29466
29504
29592
29643
29719
29753
29761
29777
29817
29822
30021
30034
30078
30159
30185
30324
30401
30440
30450
30576
30641
30668
30727
30745
30797
31012
31035
31075
31100
31127
31215
31242
31244
31288
31304
31390
31481
31496
31536
31574
31646
31679
31802
31826
31989
32088
32110
32175
32213
32219
32262
32366
32370
32420
32424
32473
32497
32513
32657
32673
32685
32712
32809
32811
32813
32816
32892
32897
32960
33069
33187
33321
33452
33475
33566
33643
33923
33927
34100
34200
34309
34563
34576
34620
34703
34719
34819
34882
34940
34977
34994
35013
35088
35123
35159
35177
35253
35271
35294
35448
35478
35560
35613
35616
35716
35797
35902
35945
35956
35973
36009
36069
36164
36171
36417
36488
36514
36523
36545
36576
36579
36627
36686
36706
36764
36780
36882
36900
37099
37143
37249
37308
37345
37397
37573
37594
37695
37806
37825
37919
37950
38209
38363
38374
38434
38652
38704
38826
38878
38945
39045
39081
39114
39129
39153
39221
39245
39316
39374
39532
39564
39593
39617
39711
39772
39795
39819
39883
40015
40048
40085
40133
40322
40555
40852
