17
147
178
215
371
427
436
675
1023
1237
1245
1356
1405
1431
1627
1639
1678
1719
1726
1763
1807
1923
1995
2122
2155
2171
2250
2372
2382
2392
2447
2479
2670
2713
2795
2923
2997
3084
3140
3163
3166
3236
3243
3316
3329
3353
3425
3453
3484
3504
3515
3541
3596
3638
3641
3663
3770
3814
3888
3982
4093
4101
4105
4116
4122
4159
4183
4261
4263
4350
4379
4610
4614
4840
4909
4942
4974
5040
5127
5220
5224
5277
5432
5540
5622
5659
5682
5691
5710
5740
5744
5809
5863
5899
6068
6091
6094
6154
6200
6239
6245
6253
6336
6342
6430
6439
6497
6510
6596
6674
6681
6761
6808
6823
6858
6905
6957
7083
7128
7166
7170
7183
7225
7274
7285
7316
7367
7387
7427
7451
7511
7520
7532
7587
7638
7669
7833
7861
7869
7895
7911
7938
7939
7967
8070
8094
8329
8440
8501
8549
8711
8752
8806
8838
8861
8874
9208
9217
9254
9357
9431
9471
9506
9551
9564
9567
9609
9636
9707
9715
9777
9872
9915
9971
9997
10078
10084
10104
10162
10251
10276
10324
10384
10411
10468
10504
10520
10543
10630
10632
10683
10710
10712
10812
10814
10904
10915
10966
11056
11077
11108
11155
11192
11310
11341
11396
11649
11691
11695
11735
11765
11794
11986
12019
12028
12042
12134
12173
12185
12210
12233
12306
12314
12382
12434
12448
12501
12518
12533
12536
12667
12736
12765
12767
12813
12866
12889
12970
13035
13057
13102
13144
13157
13296
13322
13339
13400
13450
13556
13621
13643
13695
13716
13736
13750
13755
13773
13791
13873
13885
13967
13982
14049
14128
14140
14203
14259
14277
14332
14429
14486
14683
14715
14725
14744
14837
14876
14968
15017
15112
15127
15302
15477
15610
15632
15702
15782
15906
16022
16193
16283
16344
16446
16533
16774
16845
16875
16894
16965
16975
17022
17106
17119
17253
17322
17324
17381
17438
17512
17591
17714
17824
17835
17854
17881
17920
17974
18003
18095
18137
18278
18292
18302
18322
18366
18481
18637
18676
18746
18844
18913
18925
18960
18965
19040
19054
19113
19186
19200
19204
19366
19395
19502
19515
19517
19751
19874
19925
19948
20120
20140
20265
20408
20490
20510
20536
20637
20651
20793
20978
21052
21152
21211
21241
21259
21349
21378
21386
21430
21489
21542
21568
21587
21630
21681
21691
21732
21755
21762
21765
21797
21819
21858
21905
21917
21959
21988
22067
22076
22306
22343
22364
22489
22524
22640
22651
22668
22740
22749
22904
22922
22969
23124
23127
23146
23184
23186
23327
23330
23445
23490
23516
23689
23699
23718
23720
23771
23813
23857
23969
23981
24036
24152
24161
24175
24230
24233
24247
24251
24420
24617
24632
24694
24772
24774
24848
24854
24869
24916
24932
24992
25001
25003
25007
25122
25233
25273
25285
25423
25508
25631
25672
25702
25774
25818
25941
26128
26217
26251
26361
26447
26466
26514
26543
26565
26572
26590
26597
26661
26684
26752
26967
26982
27174
27192
27193
27243
27262
27306
27376
27411
27436
27524
27551
27584
27631
27638
27730
27796
27878
27952
28071
28310
28466
28517
28614
28771
28842
28876
28947
28966
29049
29097
29140
29192
29260
29355
29451
29505
29534
29700
29708
29748
29792
29843
29922
30071
30219
30287
30312
30330
30422
30426
30478
30519
30541
30560
30715
30724
30787
30913
31017
31018
31258
31376
31513
31580
31599
31766
31855
31938
32012
32117
32121
32187
32201
32204
32238
32254
32300
32543
32553
32560
32608
32757
32792
32828
32909
33002
33120
33129
33168
33190
33344
33391
33411
33457
33578
33591
33621
33663
33664
33688
33712
33846
33932
33948
34032
34124
34151
34202
34283
34331
34738
34763
34786
34888
34912
34937
34951
34976
34984
35011
35043
35213
35320
35389
35404
35428
35588
35704
35705
35724
35816
35845
35944
35972
35982
36015
36057
36130
36141
36204
36273
36315
36467
36550
36587
36601
36614
36666
36771
36773
36815
36869
36870
36980
37082
37106
37139
37140
37145
37244
37252
37263
37337
37380
37495
37498
37602
37628
37647
37680
37808
37809
37910
37937
37953
38022
38028
38043
38106
38145
38154
38172
38229
38313
38497
38515
38577
38612
38618
38650
38680
38752
38757
38779
38888
39072
39120
39183
39190
39225
39238
39404
39536
39568
39584
39686
39769
39806
39823
39990
40024
40082
40113
40120
40173
40207
40209
40214
40299
40349
40404
40414
40510
40611
40653
40695
40729
96
139
221
232
292
296
306
333
398
518
616
662
718
742
747
782
803
807
894
901
1041
1091
1113
1151
1162
1210
1216
1282
1423
1437
1438
1455
1502
1546
1650
1653
1751
1801
1811
1938
1946
1959
1977
1993
1998
2024
2233
2274
2312
2337
2436
2498
2510
2521
2616
2668
2776
3066
3116
3122
3159
3233
3245
3303
3331
3393
3465
3482
3535
3564
3632
3757
3848
3960
4037
4038
4058
4138
4180
4266
4295
4376
4394
4449
4545
4573
4688
4726
4738
4741
4821
4877
5006
5112
5154
5226
5240
5258
5309
5435
5647
5764
5822
5828
5882
5907
5930
6113
6114
6118
6193
6195
6208
6254
6317
6335
6338
6398
6506
6600
6695
6696
6700
6779
7008
7073
7219
7332
7425
7530
7537
7573
7642
7708
7800
7958
7976
8049
8309
8410
8439
8519
8637
8674
8688
8724
8746
8768
8774
9051
9094
9206
9347
9398
9441
9569
9614
9668
9670
9723
9735
9751
9767
9789
9814
9906
9917
10004
10024
10049
10064
10102
10182
10245
10295
10425
10505
10631
10661
10693
10719
10730
10779
10902
10985
11036
11140
11167
11302
11418
11429
11477
11523
11543
11602
11688
11896
11900
11974
12139
12183
12305
12447
12526
12527
12528
12606
12607
12797
13009
13032
13059
13113
13156
13257
13342
13373
13389
13488
13530
13541
13625
13897
13980
13987
14026
14184
14298
14529
14775
14777
14789
14864
14896
15018
15033
15147
15216
15217
15218
15285
15288
15336
15463
15490
15497
15509
15541
15552
15640
15674
15754
15755
15770
15821
15838
15932
15933
15939
16011
16049
16115
16326
16449
16621
16676
16798
16803
16896
16943
17005
17009
17032
17062
17083
17116
17122
17167
17171
17197
17237
17238
17462
17494
17516
17734
17788
17902
17915
18027
18047
18072
18077
18096
18140
18161
18164
18296
18304
18438
18489
18493
18505
18535
18626
18704
18721
18768
18811
18848
19034
19047
19053
19057
19078
19153
19171
19351
19466
19486
19580
19581
19620
19780
19789
19792
19800
19815
19821
19843
19871
20165
20302
20319
20322
20374
20415
20592
20627
20641
20695
20714
20784
20800
20845
20859
20883
20892
20954
21113
21246
21252
21370
21381
21407
21646
21676
21695
21738
21808
21833
21839
22192
22276
22300
22408
22414
22585
22784
22885
22900
22924
22977
23007
23026
23085
23141
23145
23278
23344
23477
23521
23574
23603
23615
23670
23676
23866
23881
23891
23902
24004
24086
24112
24406
24417
24525
24536
24574
24611
24797
24826
24842
24886
24909
24926
24942
24945
24958
25032
25033
25039
25043
25171
25232
25282
25288
25317
25385
25446
25560
25614
25719
25750
25851
25902
25991
26062
26101
26108
26125
26212
26220
26283
26327
26332
26333
26383
26568
26638
26672
26699
26769
26781
26815
26838
26922
27050
27064
27124
27191
27267
27320
27570
27573
27875
27904
27958
27968
27989
27997
28047
28064
28187
28224
28227
28251
28292
28389
28436
28538
28574
28858
28886
28922
28934
29012
29032
29072
29125
29156
29191
29236
29444
29466
29504
29636
29639
29643
29719
29753
29761
29777
29817
29822
29985
30021
30034
30078
30095
30159
30185
30316
30324
30325
30401
30440
30450
30576
30668
30727
30745
30797
31012
31075
31100
31127
31215
31242
31244
31288
31304
31384
31390
31451
31481
31496
31536
31537
31574
31646
31679
31696
31826
31895
32079
32088
32129
32175
32213
32262
32366
32370
32420
32424
32473
32497
32657
32673
32712
32809
32811
32813
32816
32892
32897
32960
33069
33163
33176
33187
33189
33321
33452
33475
33643
33792
33927
34100
34243
34389
34563
34576
34693
34703
34719
34819
34977
34994
35013
35086
35088
35123
35253
35271
35294
35459
35478
35560
35565
35567
35613
35616
35716
35797
35902
35945
35956
36033
36069
36164
36171
36417
36488
36523
36545
36576
36579
36627
36686
36706
36777
36780
36882
36900
37099
37249
37308
37345
37397
37573
37594
37695
37806
37825
37950
38091
38209
38363
38374
38434
38704
38810
38826
38878
38945
39045
39081
39114
39129
39153
39245
39316
39374
39488
39532
39564
39599
39617
39711
39772
39795
39819
39883
40015
40032
40048
40085
40119
40133
40275
40322
40747
40852
