17
147
178
215
371
387
427
436
453
509
675
1007
1023
1233
1237
1245
1405
1431
1627
1639
1678
1719
1726
1807
1923
2155
2171
2250
2298
2372
2382
2392
2447
2479
2670
2713
2795
2923
2997
3084
3140
3163
3166
3327
3329
3353
3425
3453
3473
3484
3504
3515
3541
3596
3638
3641
3663
3770
3814
3842
3982
4093
4105
4116
4146
4159
4183
4263
4350
4379
4390
4610
4614
4743
4909
4942
4969
4974
5040
5127
5145
5220
5224
5397
5432
5476
5540
5622
5682
5740
5744
5776
5809
5863
5899
6091
6154
6200
6239
6245
6336
6342
6430
6439
6497
6510
6596
6674
6761
6823
6858
6957
7083
7128
7166
7170
7181
7225
7274
7285
7316
7367
7387
7509
7511
7520
7532
7560
7587
7638
7723
7833
7861
7869
7895
7911
7939
8070
8094
8283
8329
8440
8501
8549
8711
8752
8806
8861
8874
8895
9208
9254
9357
9431
9464
9471
9506
9551
9567
9609
9636
9707
9777
9872
9915
9971
9997
10078
10084
10251
10276
10384
10411
10468
10504
10520
10630
10632
10683
10710
10712
10814
10904
10966
11056
11077
11108
11155
11192
11310
11317
11691
11695
11725
11735
11765
11794
11986
12019
12028
12173
12185
12210
12223
12233
12306
12311
12347
12382
12434
12501
12518
12533
12556
12667
12736
12753
12765
12767
12813
12866
12889
12896
12968
13035
13057
13102
13157
13296
13315
13322
13339
13556
13621
13643
13695
13716
13736
13750
13755
13982
14049
14128
14185
14203
14259
14277
14332
14429
14486
14683
14715
14718
14744
14747
14837
14876
14968
15017
15112
15127
15298
15302
15477
15610
15632
15702
15782
15906
16022
16193
16283
16344
16436
16446
16556
16679
16774
16875
16894
16965
16975
17022
17106
17119
17253
17322
17324
17370
17381
17438
17541
17557
17591
17824
17835
17854
17881
17920
17995
18003
18095
18137
18263
18278
18283
18322
18366
18637
18676
18724
18746
18844
18913
18925
18960
18965
19040
19054
19062
19113
19168
19186
19200
19204
19220
19366
19395
19502
19517
19751
19925
19948
20050
20120
20140
20155
20265
20363
20408
20490
20508
20510
20536
20637
20676
20793
20879
20978
21052
21152
21241
21256
21259
21378
21386
21430
21489
21544
21587
21681
21691
21732
21762
21765
21797
21858
21905
21917
21958
21959
21974
21988
22067
22076
22143
22306
22343
22364
22442
22489
22524
22640
22651
22668
22749
22904
22922
22969
23124
23127
23146
23184
23186
23327
23330
23445
23490
23689
23699
23718
23720
23771
23813
23857
23969
23981
24100
24152
24161
24230
24233
24247
24251
24334
24420
24617
24632
24694
24732
24772
24774
24848
24890
24916
24932
24992
25001
25003
25007
25061
25104
25122
25233
25285
25508
25631
25672
25774
25818
25941
26014
26128
26217
26251
26361
26454
26514
26543
26563
26565
26590
26597
26684
26967
26982
27174
27192
27193
27214
27243
27262
27306
27376
27411
27436
27524
27584
27631
27730
27796
27878
28071
28188
28279
28308
28466
28517
28614
28667
28771
28842
28876
28966
29049
29097
29140
29232
29260
29355
29391
29534
29700
29708
29718
29748
29755
29766
29792
29843
29849
29864
29922
29971
30071
30200
30208
30219
30287
30312
30329
30330
30422
30426
30478
30519
30541
30560
30715
30724
30756
30787
30879
30913
30966
31017
31018
31256
31258
31376
31389
31513
31580
31599
31648
31739
31766
31855
31938
32012
32117
32121
32187
32201
32204
32238
32254
32300
32543
32553
32560
32608
32757
32792
32828
32909
33002
33120
33129
33168
33190
33265
33344
33411
33457
33578
33591
33621
33663
33664
33667
33688
33700
33712
33733
33774
33846
33928
33948
34032
34151
34202
34283
34331
34445
34578
34609
34659
34696
34738
34786
34796
34888
34912
34914
34937
34951
34976
34984
35003
35011
35043
35213
35280
35320
35404
35428
35499
35572
35588
35704
35705
35724
35816
35845
35944
35972
35982
36015
36057
36068
36130
36141
36143
36204
36273
36279
36315
36467
36544
36587
36601
36614
36666
36815
36856
36869
36870
36888
36980
37017
37082
37139
37140
37145
37252
37263
37271
37380
37460
37602
37628
37669
37680
37808
37809
37828
37910
37937
37953
38022
38028
38043
38106
38145
38154
38172
38229
38236
38246
38313
38497
38569
38577
38612
38668
38680
38779
38888
39072
39183
39190
39225
39238
39404
39536
39568
39584
39686
39769
39806
39925
40024
40035
40046
40082
40120
40207
40209
40299
40349
40354
40404
40414
40611
40729
40835
15
57
96
139
221
232
292
296
306
333
518
586
616
662
663
718
742
747
782
803
807
824
835
894
901
984
1091
1151
1203
1210
1216
1282
1291
1423
1437
1438
1455
1502
1546
1650
1653
1751
1801
1811
1938
1946
1959
1977
1998
2024
2274
2312
2337
2436
2468
2498
2510
2616
2668
2776
3066
3116
3122
3233
3245
3303
3331
3393
3482
3535
3564
3632
3757
3848
3960
4037
4038
4058
4138
4266
4295
4309
4376
4394
4449
4545
4573
4726
4738
4741
5006
5112
5226
5240
5258
5309
5396
5435
5480
5647
5706
5764
5822
5828
5882
5907
5930
6036
6114
6118
6193
6195
6208
6317
6338
6398
6506
6600
6695
6696
6875
7008
7073
7237
7332
7425
7530
7537
7573
7642
7708
7784
7800
7958
7976
8012
8049
8309
8410
8439
8519
8560
8637
8674
8688
8746
8768
8774
9051
9266
9398
9441
9569
9600
9614
9668
9670
9723
9735
9751
9767
9789
9814
9836
9906
9917
9918
10004
10049
10064
10102
10182
10193
10245
10295
10425
10505
10631
10652
10661
10719
10730
10779
10842
10902
10911
11036
11140
11167
11302
11418
11429
11477
11523
11543
11602
11688
11896
11900
11918
11966
11974
12139
12183
12305
12422
12447
12526
12527
12528
12606
12607
12994
13009
13032
13113
13156
13228
13257
13263
13342
13373
13389
13488
13541
13625
13897
13980
14026
14184
14298
14359
14529
14622
14775
14777
14789
14864
14896
15018
15051
15147
15216
15217
15218
15271
15285
15288
15336
15400
15425
15463
15497
15509
15541
15552
15640
15674
15754
15821
15838
15898
15930
15932
15933
15939
16011
16049
16326
16449
16621
16676
16798
16803
16896
16943
17005
17032
17062
17065
17116
17167
17171
17197
17217
17272
17391
17408
17462
17494
17516
17739
17753
17879
17902
17911
17915
18026
18027
18047
18072
18077
18096
18140
18161
18164
18300
18438
18489
18535
18664
18704
18715
18721
18768
18811
18848
19005
19034
19047
19053
19057
19078
19142
19171
19351
19466
19486
19620
19780
19789
19792
19800
19815
19821
19843
19871
20165
20302
20319
20322
20342
20374
20627
20641
20647
20714
20784
20845
20883
20892
20954
20965
21104
21113
21246
21252
21370
21381
21407
21676
21695
21738
21833
21839
22192
22236
22276
22408
22414
22585
22732
22784
22859
22900
22924
22977
23007
23026
23085
23141
23145
23278
23344
23477
23521
23574
23603
23615
23670
23676
23769
23866
23881
23902
24004
24086
24112
24275
24406
24417
24536
24549
24574
24611
24645
24826
24842
24886
24909
24926
24942
24945
24958
25032
25033
25034
25039
25171
25288
25385
25446
25560
25719
25750
25851
25902
25991
26062
26101
26108
26142
26212
26220
26332
26333
26383
26568
26616
26638
26672
26781
26815
26838
26922
27034
27050
27059
27064
27124
27191
27267
27320
27429
27462
27555
27570
27573
27875
27904
27958
27968
27989
27997
28047
28064
28187
28227
28389
28436
28538
28574
28847
28858
28862
28922
28934
28972
28986
29012
29032
29072
29083
29125
29156
29191
29444
29504
29592
29636
29639
29643
29719
29761
29777
29817
29822
29985
30021
30034
30078
30095
30159
30185
30316
30324
30325
30401
30440
30450
30576
30727
30745
30797
31012
31023
31035
31075
31100
31127
31215
31242
31244
31288
31304
31384
31390
31451
31481
31496
31536
31537
31574
31646
31679
31696
31802
31826
31989
32079
32088
32110
32129
32175
32219
32366
32370
32420
32473
32513
32809
32811
32813
32816
32892
32960
33069
33163
33176
33189
33321
33475
33566
33643
33923
33927
34100
34309
34563
34620
34693
34703
34719
34819
34882
34940
34977
34994
35013
35086
35088
35123
35159
35253
35271
35294
35448
35459
35478
35560
35565
35567
35613
35616
35902
35945
35956
35973
36033
36164
36171
36417
36488
36514
36523
36545
36576
36627
36706
36764
36777
36780
36882
36900
37099
37308
37345
37397
37469
37695
37825
37919
38091
38363
38374
38434
38652
38704
38810
38826
38878
38945
39081
39114
39153
39221
39245
39316
39374
39488
39532
39564
39593
39599
39617
39711
39795
39819
39883
40032
40048
40085
40119
40133
40322
40747
40852
