147
178
215
387
427
509
569
1023
1233
1237
1245
1356
1377
1431
1678
1719
1726
1763
1807
1995
2025
2122
2250
2298
2372
2375
2382
2447
2670
2713
2795
2916
2923
2997
3084
3139
3140
3166
3236
3243
3316
3327
3329
3353
3425
3453
3473
3484
3504
3515
3541
3638
3641
3663
3770
3982
4093
4105
4116
4122
4146
4159
4183
4261
4263
4350
4379
4390
4610
4614
4743
4840
4909
4942
4974
4996
5031
5040
5100
5127
5220
5224
5277
5397
5432
5476
5540
5622
5659
5682
5691
5710
5744
5776
5778
5809
5827
6068
6091
6094
6200
6245
6253
6336
6342
6430
6497
6510
6596
6681
6761
6808
6823
6858
6905
6957
7083
7128
7166
7170
7181
7183
7225
7274
7285
7316
7367
7387
7405
7427
7451
7509
7511
7532
7560
7587
7638
7669
7723
7833
7869
7895
7911
7938
7939
7967
8070
8094
8283
8329
8513
8549
8752
8806
8838
8861
8874
8895
9208
9217
9254
9357
9431
9464
9471
9506
9551
9564
9567
9609
9707
9715
9777
9872
9915
9971
9997
10036
10078
10104
10251
10384
10411
10504
10520
10543
10630
10683
10710
10712
10814
10904
10915
10966
11056
11077
11108
11155
11192
11317
11341
11396
11649
11691
11695
11725
11735
11765
11794
12019
12028
12042
12134
12173
12185
12210
12223
12233
12311
12347
12382
12399
12501
12518
12533
12536
12556
12667
12736
12740
12765
12767
12866
12889
12968
12970
13035
13057
13102
13144
13157
13315
13322
13339
13400
13450
13556
13621
13643
13695
13716
13736
13750
13773
13791
13885
13982
14049
14128
14185
14259
14332
14429
14683
14718
14725
14744
14747
14837
14849
14876
14968
15112
15127
15298
15302
15477
15610
15702
15906
16022
16193
16344
16432
16436
16446
16533
16556
16679
16774
16845
16894
16965
16975
17022
17119
17253
17324
17370
17438
17541
17557
17591
17824
17835
17854
17881
17920
17974
17995
18003
18095
18263
18278
18302
18414
18481
18637
18676
18724
18844
18925
18965
19054
19062
19113
19168
19186
19200
19204
19259
19366
19502
19515
19517
19751
19874
19925
19948
20050
20120
20140
20155
20277
20363
20408
20490
20508
20510
20536
20637
20651
20793
21052
21152
21241
21256
21259
21349
21378
21386
21430
21489
21542
21544
21568
21587
21630
21681
21691
21732
21755
21762
21765
21797
21819
21858
21905
21917
21958
21959
21974
21988
22067
22076
22143
22343
22364
22442
22489
22524
22640
22651
22668
22740
22749
22904
22922
22969
23124
23127
23146
23184
23327
23330
23445
23490
23516
23689
23720
23771
23857
23969
24087
24100
24161
24175
24230
24233
24247
24251
24334
24420
24456
24617
24694
24732
24772
24774
24848
24854
24869
24890
24905
24916
24932
24992
25007
25104
25122
25233
25273
25285
25423
25508
25631
25672
25774
25818
26014
26128
26217
26251
26361
26447
26514
26543
26562
26563
26565
26572
26590
26597
26661
26752
26967
26982
27174
27192
27193
27243
27262
27306
27411
27436
27524
27551
27584
27631
27638
27730
27796
27878
27952
28071
28188
28279
28308
28466
28517
28614
28667
28771
28947
28966
29049
29140
29192
29232
29260
29355
29391
29505
29534
29700
29708
29748
29755
29843
29849
29864
29922
29971
30071
30128
30200
30287
30329
30330
30422
30426
30478
30541
30560
30715
30724
30756
30787
30879
30913
30966
31017
31018
31219
31256
31376
31513
31580
31599
31739
31766
31855
31938
32012
32121
32173
32201
32238
32254
32300
32543
32553
32560
32608
32757
32909
33002
33117
33120
33129
33168
33265
33344
33387
33391
33457
33578
33591
33621
33663
33664
33688
33712
33733
33773
33774
33928
33932
33948
34032
34151
34202
34283
34331
34445
34578
34609
34659
34696
34738
34763
34846
34888
34912
34914
34937
34951
34976
35003
35011
35043
35213
35280
35320
35389
35404
35428
35499
35572
35705
35724
35816
35845
35972
35982
36015
36068
36141
36143
36204
36273
36279
36315
36467
36544
36550
36587
36601
36614
36771
36815
36856
36870
36888
37017
37082
37139
37140
37145
37252
37263
37271
37337
37380
37460
37495
37498
37602
37628
37647
37669
37808
37809
37828
37910
37953
38022
38028
38043
38106
38172
38229
38236
38246
38313
38497
38515
38569
38577
38618
38650
38668
38680
38752
38778
38779
38888
39072
39120
39183
39190
39238
39404
39536
39568
39584
39686
39769
39806
39823
39925
40024
40035
40046
40113
40120
40207
40214
40299
40349
40354
40404
40611
40653
40715
40729
40835
57
139
221
232
292
296
306
333
398
518
573
616
662
663
718
742
747
782
803
807
835
894
901
984
1041
1091
1098
1113
1151
1203
1216
1282
1291
1423
1437
1438
1455
1502
1546
1650
1653
1751
1811
1938
1946
1959
1977
1993
1998
2024
2233
2274
2312
2337
2436
2468
2498
2510
2668
2776
3066
3159
3233
3245
3303
3331
3465
3535
3564
3757
3848
3960
4037
4038
4058
4138
4180
4266
4295
4309
4394
4545
4573
4688
4726
4738
4741
4821
4877
5006
5112
5157
5226
5258
5309
5396
5435
5480
5647
5706
5764
5822
5828
5907
5930
6036
6113
6118
6193
6195
6208
6254
6317
6398
6506
6600
6695
6696
6700
6779
6875
7008
7073
7237
7530
7537
7573
7642
7784
7800
7976
8012
8049
8309
8439
8519
8560
8637
8688
8724
8746
8768
8774
9094
9206
9266
9347
9441
9569
9614
9668
9670
9723
9735
9751
9767
9814
9836
9906
9917
9918
10004
10024
10049
10064
10102
10182
10193
10245
10295
10425
10505
10631
10652
10682
10719
10730
10779
10842
10902
10911
10985
11140
11167
11302
11418
11429
11523
11543
11602
11688
11703
11896
11900
11918
11966
11974
12139
12183
12305
12422
12447
12526
12527
12528
12606
12607
12797
12994
13009
13032
13059
13113
13156
13228
13257
13263
13342
13373
13488
13541
13625
13669
13897
13980
13987
14106
14298
14359
14529
14622
14775
14789
14864
14896
15018
15033
15051
15147
15216
15218
15271
15285
15288
15336
15400
15425
15463
15490
15509
15541
15552
15640
15674
15755
15770
15821
15838
15898
15930
15932
15933
15939
16011
16115
16326
16449
16621
16676
16798
16803
16896
16943
17005
17009
17032
17062
17065
17083
17116
17122
17167
17171
17217
17237
17238
17272
17408
17462
17516
17734
17739
17753
17788
17879
17902
17911
17915
18026
18027
18047
18072
18077
18096
18140
18161
18164
18296
18300
18304
18438
18493
18505
18535
18626
18664
18715
18721
18768
18811
18848
19034
19053
19057
19078
19142
19153
19171
19351
19466
19486
19580
19581
19780
19800
19821
19843
19871
20095
20165
20302
20319
20322
20374
20415
20592
20627
20641
20647
20695
20714
20784
20800
20845
20859
20883
20892
20954
21104
21113
21246
21252
21370
21381
21407
21646
21676
21738
21808
21833
22192
22236
22276
22300
22408
22414
22585
22784
22859
22885
22900
22924
23026
23085
23145
23278
23344
23521
23574
23603
23615
23670
23676
23769
23866
23881
23891
23902
24004
24112
24275
24417
24536
24549
24611
24645
24780
24797
24886
24909
24926
24942
24945
24958
25032
25033
25034
25039
25096
25125
25171
25232
25282
25288
25317
25446
25614
25719
25750
25778
25851
25902
25991
26062
26101
26108
26142
26212
26220
26283
26327
26332
26333
26383
26638
26672
26699
26769
26781
26838
26922
27034
27050
27059
27191
27320
27429
27555
27570
27573
27875
27958
27997
28047
28064
28187
28224
28227
28292
28436
28574
28847
28858
28862
28886
28972
28986
29012
29032
29072
29083
29125
29156
29191
29236
29444
29466
29504
29592
29636
29639
29643
29753
29761
29777
29985
30021
30034
30078
30095
30159
30185
30316
30324
30401
30440
30450
30641
30727
30745
30797
31012
31023
31035
31075
31100
31127
31215
31242
31244
31288
31384
31390
31451
31496
31536
31537
31679
31696
31802
31895
31989
32079
32088
32110
32129
32175
32213
32262
32366
32370
32420
32424
32497
32513
32657
32673
32685
32712
32809
32811
32813
32816
32892
32897
32960
33069
33176
33187
33189
33321
33452
33475
33566
33643
33792
33927
34243
34309
34389
34563
34576
34620
34661
34693
34703
34719
34819
34882
34940
34977
35013
35086
35088
35177
35253
35294
35448
35459
35478
35567
35613
35716
35797
35902
35945
35973
36033
36069
36164
36171
36417
36488
36514
36523
36545
36576
36579
36686
36706
36764
36777
36780
36882
36900
37249
37308
37345
37469
37573
37594
37825
37919
37950
38091
38363
38374
38434
38704
38810
38945
39045
39081
39114
39129
39153
39245
39316
39374
39488
39532
39564
39599
39617
39711
39772
39795
39883
40015
40048
40119
40133
40275
40322
40555
40747
40852
