147
178
371
387
427
436
453
569
675
1007
1023
1233
1237
1245
1356
1377
1405
1431
1627
1639
1678
1719
1726
1763
1923
1995
2025
2122
2155
2250
2372
2375
2382
2392
2479
2670
2713
2795
3084
3139
3243
3316
3329
3353
3453
3473
3484
3541
3596
3638
3641
3663
3770
3814
3842
3888
3982
4093
4105
4116
4146
4159
4261
4263
4350
4379
4610
4614
4743
4840
4942
4969
4974
4996
5031
5040
5100
5127
5145
5220
5224
5277
5432
5476
5540
5622
5659
5682
5691
5710
5740
5776
5778
5809
5827
5863
5899
6094
6154
6200
6239
6245
6253
6336
6430
6510
6596
6674
6681
6761
6808
6823
6858
6905
6957
7083
7166
7183
7274
7316
7367
7387
7405
7427
7451
7509
7511
7520
7532
7560
7587
7638
7669
7723
7833
7861
7869
7895
7911
7938
7939
7967
8070
8094
8283
8329
8440
8501
8513
8549
8711
8752
8861
8895
9208
9217
9254
9357
9464
9471
9506
9551
9564
9567
9636
9707
9715
9777
9915
9971
9997
10078
10084
10104
10162
10276
10324
10384
10411
10468
10504
10520
10543
10632
10683
10710
10712
10812
10814
10904
10915
10966
11056
11108
11155
11192
11310
11317
11341
11396
11649
11691
11695
11725
11735
11765
11986
12019
12042
12173
12185
12210
12233
12306
12314
12347
12382
12399
12434
12448
12501
12518
12533
12536
12556
12667
12736
12753
12813
12866
12889
12896
13035
13102
13144
13157
13296
13315
13400
13450
13556
13621
13643
13695
13716
13736
13750
13773
13873
13967
13982
14049
14128
14185
14203
14259
14277
14332
14486
14683
14715
14718
14725
14744
14837
14849
14876
14968
15017
15127
15298
15302
15610
15632
15702
15782
15906
16193
16283
16344
16432
16446
16533
16556
16679
16774
16845
16894
16965
16975
17106
17119
17253
17324
17370
17381
17438
17512
17541
17591
17824
17835
17854
17881
17920
17974
17995
18095
18263
18283
18292
18322
18366
18414
18481
18637
18676
18724
18746
18913
18960
19054
19062
19113
19168
19186
19200
19204
19220
19259
19366
19515
19751
19874
19925
19948
20050
20140
20155
20265
20277
20363
20490
20508
20510
20536
20637
20651
20676
20793
20879
20978
21152
21211
21241
21256
21259
21349
21378
21386
21430
21489
21542
21544
21568
21587
21630
21681
21691
21765
21797
21819
21905
21917
21958
21959
21974
21988
22067
22076
22143
22343
22364
22442
22489
22524
22651
22668
22740
22904
22922
22969
23127
23146
23184
23186
23327
23490
23516
23689
23699
23718
23720
23771
23813
23857
23969
23981
24036
24087
24100
24152
24161
24175
24230
24251
24334
24420
24456
24617
24632
24694
24772
24774
24848
24854
24869
24890
24932
24992
25001
25003
25007
25061
25104
25122
25233
25273
25285
25423
25508
25631
25672
25702
25774
25818
25941
26128
26217
26447
26454
26466
26514
26562
26563
26590
26597
26661
26684
26752
26967
27174
27192
27193
27214
27243
27262
27306
27376
27411
27436
27524
27551
27584
27631
27730
27796
27878
27952
28071
28188
28279
28308
28466
28517
28614
28771
28842
28876
28947
28966
29097
29140
29192
29260
29355
29391
29451
29505
29534
29700
29708
29718
29748
29755
29766
29792
29843
29849
29922
29971
30071
30128
30200
30219
30287
30312
30329
30330
30422
30426
30478
30496
30519
30756
30787
30879
30966
31017
31219
31256
31258
31376
31389
31513
31580
31599
31648
31739
31766
31855
31938
32012
32117
32121
32173
32187
32201
32204
32238
32254
32553
32560
32828
32909
33002
33120
33129
33168
33185
33190
33265
33387
33391
33411
33457
33578
33591
33621
33663
33664
33688
33712
33774
33846
33928
33932
33948
34032
34151
34202
34283
34331
34445
34578
34659
34696
34763
34786
34796
34888
34912
34914
34937
34951
34976
34984
35003
35011
35043
35213
35280
35320
35389
35404
35428
35499
35572
35704
35705
35816
35845
35944
35972
35982
36015
36141
36204
36273
36279
36315
36467
36544
36550
36587
36601
36614
36666
36815
36856
36869
36870
36888
36980
37017
37082
37106
37139
37140
37145
37244
37252
37263
37271
37337
37495
37498
37602
37647
37669
37680
37808
37809
37828
37910
37953
38043
38106
38145
38154
38172
38229
38236
38246
38497
38515
38569
38612
38618
38650
38668
38680
38752
38757
38778
38779
38888
39072
39183
39190
39225
39404
39568
39584
39769
39806
39823
39925
39990
40024
40035
40046
40082
40113
40173
40207
40209
40299
40349
40354
40414
40510
40611
40653
40695
40715
40729
40835
15
96
221
292
296
306
333
398
573
616
662
663
718
742
747
782
803
807
824
894
901
984
1091
1098
1113
1151
1162
1210
1216
1291
1423
1438
1455
1502
1546
1650
1653
1751
1801
1811
1938
1946
1959
1977
1993
1998
2233
2274
2312
2337
2436
2468
2498
2510
2521
2616
2668
2776
3066
3116
3122
3233
3245
3303
3331
3393
3465
3482
3535
3564
3632
3757
3848
3960
4037
4038
4138
4180
4266
4295
4309
4376
4449
4545
4573
4688
4726
4741
4821
4877
5006
5154
5226
5240
5258
5309
5396
5435
5480
5647
5706
5764
5822
5828
5882
5907
5930
5954
6036
6113
6114
6193
6195
6208
6254
6317
6335
6338
6398
6506
6600
6696
6700
6779
6875
7008
7206
7219
7237
7332
7425
7530
7537
7784
7800
7958
7976
8012
8049
8410
8439
8560
8637
8674
8688
8746
8774
9051
9094
9206
9266
9347
9441
9569
9600
9614
9668
9670
9723
9751
9789
9814
9836
9906
9917
9918
10004
10024
10049
10102
10182
10193
10245
10425
10505
10631
10652
10661
10682
10693
10719
10730
10842
10911
10985
11036
11140
11167
11302
11418
11477
11523
11543
11602
11688
11703
11896
11900
11918
11966
11974
12139
12305
12422
12447
12526
12527
12528
12606
12607
12797
12994
13009
13032
13059
13113
13156
13228
13257
13263
13373
13389
13488
13530
13669
13897
13980
14026
14097
14106
14184
14298
14359
14775
14777
14789
14864
14896
15018
15033
15051
15147
15216
15271
15288
15336
15400
15425
15497
15541
15552
15640
15674
15754
15755
15770
15821
15838
15930
15932
15933
15939
16011
16049
16115
16449
16621
16676
16803
16896
17005
17009
17065
17083
17116
17122
17171
17197
17217
17237
17238
17272
17391
17462
17494
17516
17734
17739
17753
17879
17902
17915
18026
18077
18096
18161
18164
18296
18300
18304
18438
18489
18493
18505
18535
18704
18715
18721
18768
18811
18848
19005
19034
19047
19053
19057
19153
19171
19486
19580
19581
19620
19780
19789
19792
19815
19821
19843
19871
20095
20165
20302
20319
20322
20342
20374
20415
20592
20627
20641
20695
20714
20784
20800
20845
20859
20892
20954
20965
21104
21113
21246
21252
21370
21381
21407
21646
21676
21695
21738
21808
21833
22192
22236
22276
22300
22408
22414
22585
22732
22784
22900
22924
22977
23007
23026
23085
23141
23145
23278
23521
23574
23603
23670
23676
23769
23866
23881
23891
23902
24004
24086
24112
24275
24406
24417
24574
24645
24797
24826
24842
24886
24909
24926
24942
24945
24958
25032
25034
25043
25096
25125
25171
25232
25282
25288
25317
25385
25446
25560
25614
25719
25750
25778
25851
25991
26062
26101
26108
26125
26212
26283
26327
26332
26333
26383
26568
26616
26638
26672
26699
26769
26815
26838
26922
27034
27050
27059
27064
27124
27191
27267
27320
27429
27462
27555
27570
27904
27958
27968
27989
27997
28047
28064
28187
28224
28227
28251
28292
28389
28538
28847
28858
28862
28886
28922
28972
29012
29083
29125
29156
29444
29466
29504
29592
29636
29643
29753
29777
29822
29985
30021
30034
30078
30095
30159
30185
30316
30324
30325
30401
30440
30450
30641
30668
30745
30797
31012
31023
31075
31100
31127
31215
31244
31288
31304
31384
31390
31451
31481
31496
31536
31537
31646
31826
31895
31989
32079
32110
32129
32175
32213
32219
32262
32370
32420
32424
32497
32513
32657
32685
32712
32809
32811
32813
32816
32892
32897
32960
33069
33163
33176
33187
33189
33321
33452
33566
33643
33792
33923
33927
34100
34200
34243
34309
34389
34563
34576
34620
34661
34693
34703
34819
34882
34940
34977
34994
35013
35086
35088
35253
35271
35294
35448
35459
35478
35560
35565
35567
35613
35616
35716
35797
35902
35945
35956
35973
36009
36033
36164
36171
36488
36514
36523
36576
36627
36686
36706
36777
36882
36900
37099
37308
37397
37469
37573
37695
37825
37919
37950
38091
38209
38363
38374
38434
38652
38810
38945
39045
39081
39114
39129
39153
39221
39245
39316
39488
39532
39564
39593
39617
39711
39772
39795
39819
39883
40032
40048
40085
40119
40133
40275
40322
40555
40747
40852
