17
147
215
371
387
436
453
509
569
1007
1023
1233
1237
1245
1356
1405
1431
1627
1639
1678
1719
1763
1807
1923
2025
2155
2171
2250
2298
2372
2375
2382
2392
2447
2479
2670
2713
2916
2923
2997
3084
3139
3163
3166
3236
3243
3316
3327
3353
3425
3453
3473
3484
3504
3515
3541
3596
3641
3663
3770
3814
3842
3888
3982
4093
4101
4105
4116
4122
4146
4159
4261
4263
4350
4379
4610
4614
4743
4840
4909
4942
4996
5031
5040
5127
5145
5220
5224
5476
5540
5622
5691
5710
5740
5776
5778
5827
5863
5899
6091
6094
6154
6200
6239
6245
6253
6336
6342
6430
6439
6497
6510
6596
6674
6681
6761
6808
6823
6858
6905
6957
7083
7128
7166
7170
7181
7225
7274
7316
7367
7387
7405
7427
7451
7509
7511
7520
7560
7587
7638
7669
7723
7833
7869
7895
7911
7938
7939
8070
8094
8283
8329
8440
8501
8513
8549
8711
8752
8806
8861
8874
8895
9208
9217
9254
9357
9431
9464
9471
9506
9551
9564
9636
9707
9715
9777
9872
9971
9997
10036
10078
10084
10162
10251
10276
10324
10384
10411
10468
10504
10520
10543
10630
10632
10683
10710
10712
10814
10904
10915
10966
11056
11077
11108
11155
11192
11310
11317
11341
11396
11691
11695
11725
11735
11765
11794
12019
12042
12173
12185
12210
12223
12311
12314
12347
12382
12399
12434
12501
12518
12533
12536
12556
12667
12736
12740
12753
12765
12767
12813
12866
12889
12896
12968
12970
13035
13057
13102
13144
13296
13315
13322
13339
13450
13556
13621
13643
13695
13716
13750
13755
13773
13791
13873
13885
13982
14049
14128
14140
14185
14203
14277
14332
14429
14486
14683
14715
14725
14744
14747
14837
14849
14876
14968
15017
15112
15127
15298
15302
15477
15610
15632
15702
15782
15906
16022
16344
16436
16446
16533
16556
16679
16774
16965
17106
17119
17253
17370
17381
17541
17557
17591
17714
17824
17854
17881
17920
17974
17995
18003
18095
18137
18263
18278
18283
18302
18322
18366
18414
18481
18637
18676
18724
18746
18844
18913
18925
18960
18965
19040
19054
19062
19113
19186
19200
19204
19220
19259
19366
19502
19515
19517
19874
19925
20050
20120
20140
20155
20265
20277
20363
20408
20490
20508
20510
20536
20637
20651
20793
20879
20978
21052
21241
21256
21259
21349
21386
21430
21542
21544
21568
21587
21630
21681
21762
21765
21797
21819
21858
21905
21917
21974
21988
22067
22076
22143
22306
22343
22364
22442
22489
22524
22640
22668
22740
22749
22904
22922
22969
23124
23127
23146
23184
23186
23327
23330
23445
23490
23689
23718
23720
23771
23813
23857
23969
23981
24036
24087
24100
24161
24175
24230
24233
24247
24334
24420
24456
24617
24632
24694
24732
24774
24848
24854
24869
24890
24905
24916
24932
24992
25001
25003
25007
25061
25104
25122
25233
25423
25508
25631
25672
25702
25818
25941
26014
26128
26217
26251
26447
26454
26466
26514
26543
26562
26563
26572
26590
26597
26661
26684
26752
26982
27174
27192
27193
27214
27243
27376
27411
27436
27524
27551
27631
27638
27730
27796
27952
28188
28279
28466
28517
28614
28667
28771
28842
28876
28966
29049
29097
29140
29192
29355
29391
29451
29505
29534
29700
29708
29718
29766
29792
29843
29849
29864
29922
29971
30128
30200
30208
30219
30287
30329
30330
30422
30426
30519
30541
30560
30715
30724
30756
30787
30879
30913
30966
31017
31018
31219
31256
31376
31389
31513
31599
31648
31739
31766
31855
31938
32012
32117
32121
32173
32201
32204
32238
32254
32543
32553
32560
32608
32757
32792
32909
33002
33117
33120
33129
33185
33190
33265
33344
33391
33411
33578
33621
33663
33664
33667
33733
33773
33774
33846
33928
33932
34032
34151
34202
34283
34331
34445
34578
34659
34786
34846
34888
34912
34914
34937
34951
34976
34984
35003
35011
35043
35213
35280
35320
35389
35428
35499
35572
35588
35704
35705
35724
35816
35845
35944
35982
36015
36057
36068
36130
36141
36143
36204
36273
36279
36315
36467
36543
36544
36550
36587
36601
36614
36666
36771
36773
36856
36870
36888
36980
37017
37082
37106
37140
37145
37244
37252
37271
37337
37380
37460
37495
37498
37602
37628
37647
37669
37808
37809
37828
37910
37953
38022
38028
38043
38106
38145
38154
38229
38236
38246
38313
38515
38569
38612
38618
38650
38668
38680
38778
38779
38888
39072
39120
39183
39190
39225
39238
39536
39568
39584
39686
39769
39806
39823
39925
39990
40024
40035
40046
40082
40113
40120
40173
40207
40209
40214
40349
40414
40510
40653
40695
40715
40729
57
96
139
232
296
306
333
518
586
616
662
663
718
742
747
782
803
807
824
894
901
984
1091
1098
1113
1151
1162
1203
1282
1291
1423
1437
1438
1455
1546
1650
1653
1751
1801
1811
1938
1959
1993
2024
2233
2274
2312
2436
2468
2498
2521
2668
2776
3066
3116
3122
3159
3233
3245
3303
3393
3465
3482
3535
3564
3632
3757
3848
3960
4037
4038
4058
4138
4180
4266
4376
4449
4545
4573
4688
4726
4738
4741
4821
5006
5112
5154
5157
5240
5258
5309
5396
5435
5480
5647
5706
5764
5822
5828
5882
5907
5930
5954
6036
6113
6114
6118
6193
6195
6317
6335
6338
6398
6506
6600
6695
6696
6779
6875
7008
7073
7219
7237
7332
7530
7537
7573
7642
7708
7784
7800
7958
7976
8012
8049
8309
8439
8519
8560
8637
8674
8688
8724
8746
8768
8774
9051
9094
9206
9266
9347
9398
9441
9600
9614
9668
9723
9735
9751
9767
9789
9836
9917
9918
10004
10024
10049
10064
10102
10182
10193
10245
10295
10505
10631
10652
10661
10682
10693
10719
10730
10779
10842
10902
10911
11036
11167
11302
11418
11429
11477
11543
11602
11688
11703
11900
11918
11966
11974
12305
12422
12447
12526
12527
12528
12797
12994
13009
13032
13059
13156
13257
13263
13342
13373
13389
13488
13530
13541
13625
13669
13897
13980
14026
14106
14184
14298
14359
14529
14775
14789
14864
14896
15018
15033
15147
15216
15218
15285
15288
15400
15425
15463
15490
15497
15509
15552
15674
15755
15770
15821
15838
15898
15930
15939
16049
16115
16326
16621
16798
16803
16896
17005
17009
17032
17062
17065
17083
17116
17122
17167
17171
17217
17237
17238
17272
17391
17408
17462
17494
17516
17734
17739
17753
17902
17911
17915
18026
18027
18072
18077
18140
18164
18296
18300
18304
18493
18505
18535
18626
18664
18704
18715
18721
18768
18811
18848
19005
19034
19047
19053
19057
19078
19142
19153
19171
19351
19486
19581
19620
19789
19800
19815
19821
19843
20095
20165
20302
20319
20322
20342
20415
20592
20627
20641
20647
20695
20714
20784
20800
20845
20859
20883
20892
20954
20965
21104
21252
21370
21407
21646
21676
21695
21738
21808
21833
21839
22192
22236
22276
22300
22408
22414
22585
22732
22784
22859
22885
22900
22924
23007
23085
23141
23145
23278
23344
23477
23521
23574
23603
23615
23670
23676
23769
23866
23881
23891
23902
24086
24112
24275
24525
24549
24574
24780
24797
24842
24886
24926
24942
24958
25032
25033
25043
25125
25171
25282
25288
25317
25446
25560
25614
25719
25750
25778
25851
25902
25991
26062
26101
26108
26125
26142
26212
26220
26327
26332
26333
26568
26616
26638
26672
26699
26815
26838
26859
26922
27034
27050
27059
27064
27124
27191
27267
27429
27462
27555
27570
27573
27875
27958
27968
27989
27997
28047
28187
28224
28227
28292
28389
28538
28574
28847
28858
28862
28886
28972
28986
29012
29032
29072
29083
29125
29156
29191
29236
29444
29466
29504
29592
29636
29639
29643
29719
29753
29777
29817
29822
29985
30021
30034
30078
30159
30185
30316
30325
30401
30450
30576
30641
30668
30745
30797
31012
31023
31035
31075
31100
31127
31215
31242
31244
31288
31304
31384
31390
31496
31536
31537
31574
31679
31802
31895
31989
32079
32088
32129
32175
32213
32262
32366
32420
32473
32657
32712
32809
32811
32816
32892
32960
33069
33452
33475
33566
33643
33792
33923
33927
34100
34243
34309
34576
34620
34661
34693
34719
34819
34882
34940
34977
35013
35086
35123
35177
35253
35271
35294
35459
35478
35565
35613
35616
35716
35797
35902
35945
35956
35973
36009
36069
36164
36417
36488
36514
36523
36545
36576
36579
36627
36706
36777
36780
36900
37099
37249
37308
37397
37469
37573
37594
37695
37806
37825
37919
37950
38091
38209
38374
38434
38704
38810
38826
38945
39045
39114
39153
39221
39316
39374
39488
39532
39564
39593
39599
39617
39711
39772
39795
39819
39883
40048
40085
40119
40133
40322
40555
40747
