17
147
178
215
371
387
427
436
453
509
569
675
1007
1023
1233
1356
1377
1405
1431
1627
1639
1678
1719
1726
1763
1807
1923
1995
2025
2122
2155
2250
2298
2372
2375
2382
2392
2447
2479
2670
2713
2795
2916
2997
3084
3139
3140
3166
3236
3243
3316
3327
3329
3353
3425
3453
3473
3484
3541
3638
3641
3663
3842
3888
3982
4093
4116
4122
4159
4183
4261
4263
4379
4614
4743
4840
4909
4942
4969
4974
5031
5040
5127
5145
5220
5224
5277
5397
5432
5476
5540
5622
5682
5691
5710
5740
5744
5776
5809
5827
5863
5899
6068
6091
6094
6154
6200
6239
6245
6253
6342
6430
6439
6497
6510
6674
6681
6761
6808
6823
6858
7128
7181
7183
7225
7274
7285
7316
7367
7387
7405
7427
7451
7509
7511
7520
7532
7560
7669
7723
7833
7861
7895
7911
7938
7939
8070
8094
8329
8440
8513
8549
8752
8806
8838
8861
8874
8895
9217
9254
9357
9431
9464
9551
9567
9609
9636
9707
9715
9777
9872
9915
9971
9997
10036
10078
10084
10104
10162
10251
10276
10324
10384
10411
10468
10504
10520
10543
10630
10632
10683
10710
10712
10812
10814
10904
10915
10966
11056
11077
11108
11155
11192
11310
11317
11341
11649
11691
11695
11725
11735
11765
11794
11986
12019
12028
12042
12185
12210
12223
12233
12293
12306
12314
12347
12382
12399
12434
12448
12518
12533
12556
12667
12736
12753
12765
12767
12813
12866
12889
12896
12968
12970
13035
13057
13144
13157
13296
13315
13322
13400
13450
13556
13621
13643
13695
13716
13736
13773
13873
13885
13967
13982
14049
14128
14185
14259
14277
14332
14429
14486
14683
14715
14725
14744
14837
14849
14876
14968
15017
15112
15127
15298
15302
15477
15610
15632
15702
15782
16022
16283
16344
16436
16446
16533
16556
16679
16774
16845
16875
16894
16975
17022
17106
17253
17322
17324
17370
17381
17438
17512
17541
17557
17591
17714
17854
17920
17974
17995
18095
18263
18278
18283
18292
18302
18366
18414
18481
18637
18676
18724
18746
18844
18913
18925
18965
19040
19113
19168
19186
19200
19204
19220
19259
19502
19515
19751
19874
19925
19948
20050
20155
20265
20277
20363
20408
20490
20508
20536
20651
20676
20793
20879
20978
21052
21152
21211
21241
21256
21259
21349
21489
21542
21568
21587
21630
21681
21732
21755
21762
21765
21797
21819
21858
21905
21917
21959
21988
22067
22076
22143
22306
22343
22364
22489
22524
22640
22651
22668
22740
22749
22922
22969
23124
23184
23186
23327
23330
23445
23490
23689
23699
23718
23813
23857
24087
24100
24152
24161
24175
24230
24233
24247
24251
24334
24420
24456
24617
24694
24732
24772
24774
24848
24854
24869
24890
24905
24916
24992
25007
25061
25122
25233
25273
25285
25508
25631
25672
25702
25818
25941
26014
26217
26251
26447
26454
26466
26514
26543
26562
26563
26565
26572
26597
26661
26684
26752
26967
26982
27174
27214
27243
27262
27306
27376
27411
27436
27524
27551
27584
27638
27730
27796
27878
27952
28071
28188
28279
28308
28310
28466
28614
28667
28771
28842
28876
28947
28966
29049
29097
29140
29192
29232
29260
29355
29391
29451
29505
29534
29700
29708
29718
29748
29755
29792
29843
29849
29922
29971
30128
30200
30208
30219
30287
30312
30329
30422
30426
30478
30496
30560
30715
30724
30756
30787
30879
30913
30966
31018
31219
31256
31258
31376
31389
31580
31648
31739
31766
31855
31938
32012
32117
32121
32173
32187
32201
32238
32254
32300
32553
32560
32608
32757
32828
32909
33117
33120
33129
33190
33265
33344
33387
33411
33457
33578
33591
33621
33664
33667
33700
33712
33733
33773
33846
33928
33932
34032
34124
34151
34202
34283
34331
34578
34609
34659
34696
34738
34763
34786
34846
34888
34912
34914
34976
35003
35011
35043
35213
35320
35389
35404
35428
35499
35572
35588
35704
35724
35816
35845
35944
35972
35982
36057
36068
36130
36141
36143
36204
36279
36467
36544
36550
36587
36601
36614
36771
36815
36856
36869
36888
36980
37082
37106
37139
37140
37145
37244
37252
37337
37380
37495
37498
37602
37628
37647
37669
37680
37808
37809
37828
37910
37937
37953
38028
38043
38106
38145
38154
38172
38229
38236
38246
38313
38497
38569
38577
38612
38618
38650
38680
38757
38779
38888
39072
39120
39183
39190
39225
39238
39404
39568
39584
39686
39806
39823
39990
40024
40035
40046
40082
40113
40120
40173
40207
40214
40299
40349
40354
40404
40414
40510
40611
40653
40695
40715
40729
40835
15
57
96
139
221
232
292
296
333
398
518
573
586
616
662
663
718
742
747
782
803
807
824
835
984
1041
1091
1151
1210
1282
1291
1423
1437
1438
1455
1546
1751
1801
1811
1938
1946
1959
1977
1993
1998
2024
2233
2274
2312
2337
2436
2468
2498
2521
2616
2668
3116
3159
3245
3331
3393
3465
3482
3535
3564
3632
3757
3848
3960
4037
4038
4058
4138
4180
4266
4295
4309
4376
4394
4449
4573
4688
4738
4741
4821
5006
5226
5240
5258
5309
5396
5435
5647
5706
5822
5907
5930
6036
6113
6118
6193
6195
6254
6317
6335
6398
6506
6600
6695
6696
6700
6779
6875
7008
7073
7219
7237
7332
7425
7530
7537
7573
7642
7708
7784
7800
7958
7976
8012
8049
8309
8439
8519
8560
8637
8674
8688
8746
8768
8774
9051
9094
9206
9266
9347
9398
9441
9614
9668
9670
9723
9735
9751
9767
9814
9836
9906
9917
9918
10004
10024
10049
10064
10102
10182
10193
10245
10295
10425
10631
10652
10682
10693
10719
10730
10779
10842
10902
10911
11036
11167
11418
11429
11477
11523
11543
11688
11703
11896
11900
11918
11966
12139
12183
12305
12422
12447
12526
12527
12528
12607
12797
12994
13009
13032
13059
13113
13156
13228
13257
13263
13342
13373
13389
13541
13625
13897
13980
13987
14026
14106
14184
14298
14359
14529
14622
14775
14777
14864
14896
15018
15033
15051
15216
15217
15285
15288
15336
15400
15425
15463
15490
15497
15509
15541
15674
15755
15770
15821
15838
15898
15930
15932
15933
15939
16011
16049
16326
16676
16803
16896
17009
17032
17065
17083
17116
17122
17167
17171
17197
17217
17238
17272
17391
17408
17462
17516
17734
17739
17753
17788
17879
17902
17911
17915
18026
18027
18047
18072
18161
18296
18300
18304
18438
18493
18505
18535
18626
18664
18704
18715
18721
18768
19005
19047
19053
19142
19153
19171
19351
19466
19486
19580
19581
19620
19789
19792
19800
19815
19821
19843
20165
20302
20319
20322
20342
20374
20592
20627
20641
20647
20695
20714
20784
20800
20845
20859
20892
20954
21113
21246
21252
21370
21381
21407
21646
21738
21808
21833
21839
22192
22236
22276
22300
22414
22585
22859
22900
22924
23007
23026
23085
23141
23145
23344
23477
23521
23574
23603
23615
23670
23769
23866
23881
23891
23902
24004
24086
24112
24275
24417
24525
24536
24574
24611
24645
24780
24826
24842
24886
24909
24926
24945
24958
25032
25033
25039
25125
25171
25232
25288
25317
25385
25446
25614
25719
25750
25902
25991
26062
26101
26108
26125
26142
26220
26283
26327
26332
26333
26383
26616
26638
26672
26699
26769
26781
26815
26838
26859
26922
27050
27059
27064
27124
27191
27267
27462
27555
27573
27904
27958
27968
27989
27997
28047
28064
28187
28224
28227
28251
28389
28436
28538
28574
28858
28862
28886
28922
28934
28972
28986
29125
29156
29191
29236
29444
29466
29504
29592
29636
29639
29643
29719
29753
29761
29777
29817
29822
29985
30021
30078
30095
30159
30316
30324
30325
30401
30440
30450
30576
30641
30668
30727
30745
30797
31012
31023
31035
31075
31100
31127
31215
31242
31244
31288
31304
31384
31390
31451
31481
31496
31574
31646
31696
31895
31989
32079
32088
32110
32175
32213
32219
32366
32370
32420
32424
32513
32657
32673
32685
32712
32809
32811
32813
32816
32892
32897
32960
33069
33163
33176
33187
33321
33452
33475
33566
33643
33923
33927
34100
34200
34309
34389
34563
34576
34620
34661
34693
34703
34719
34819
34882
34940
34977
34994
35013
35086
35088
35177
35253
35271
35294
35459
35478
35560
35567
35613
35616
35797
35902
35945
35956
35973
36033
36069
36164
36171
36417
36488
36514
36523
36545
36576
36579
36627
36686
36764
36777
36780
36882
36900
37099
37143
37249
37308
37345
37397
37469
37573
37825
37919
37950
38091
38209
38363
38374
38434
38652
38810
38826
38878
38945
39081
39129
39153
39245
39374
39488
39532
39564
39593
39599
39617
39711
39772
39795
39819
39883
40032
40048
40085
40119
40133
40275
40322
40747
40852
