147
178
215
371
387
427
436
453
675
1007
1023
1233
1237
1245
1356
1377
1431
1639
1678
1719
1763
1807
1923
1995
2025
2155
2171
2250
2298
2382
2392
2447
2479
2713
2795
2916
2923
3139
3140
3163
3166
3236
3243
3316
3327
3329
3353
3425
3453
3473
3484
3515
3541
3596
3641
3663
3770
3814
3842
3888
3982
4093
4101
4116
4146
4159
4183
4261
4350
4379
4390
4610
4614
4743
4909
4969
4974
4996
5031
5040
5100
5127
5145
5220
5224
5277
5432
5476
5540
5659
5682
5691
5710
5740
5744
5776
5778
5809
5827
5863
5899
6068
6091
6094
6154
6200
6239
6245
6253
6336
6342
6430
6439
6497
6510
6674
6681
6761
6823
6905
6957
7083
7128
7166
7170
7181
7183
7225
7285
7316
7367
7387
7405
7427
7451
7509
7520
7587
7638
7669
7723
7833
7861
7869
7895
7911
7938
7939
8070
8094
8283
8440
8501
8513
8711
8752
8806
8838
8861
8874
8895
9208
9217
9254
9357
9471
9506
9567
9609
9636
9707
9777
9872
9915
9971
9997
10036
10078
10084
10104
10251
10276
10384
10411
10504
10543
10632
10683
10710
10814
10904
10915
11056
11077
11108
11155
11192
11310
11317
11396
11649
11691
11695
11735
11765
11794
11986
12019
12134
12173
12185
12210
12223
12233
12293
12311
12314
12347
12382
12399
12434
12448
12501
12533
12536
12556
12736
12753
12765
12889
12896
12968
12970
13035
13057
13102
13144
13157
13296
13315
13339
13400
13450
13621
13643
13695
13716
13755
13791
13885
13967
13982
14128
14140
14185
14203
14259
14277
14332
14429
14486
14683
14718
14725
14744
14747
14837
14876
14968
15112
15127
15298
15302
15477
15610
15632
15782
15906
16193
16283
16344
16432
16436
16533
16556
16679
16774
16845
16875
16894
16965
16975
17022
17106
17119
17253
17322
17324
17370
17438
17541
17557
17591
17824
17835
17854
17881
17920
17974
17995
18003
18095
18137
18263
18278
18283
18292
18302
18322
18366
18637
18676
18724
18913
18960
18965
19040
19054
19062
19113
19168
19186
19204
19220
19259
19366
19395
19502
19515
19517
19751
19925
19948
20050
20120
20155
20265
20277
20363
20508
20510
20536
20651
20676
20793
21152
21211
21241
21256
21259
21349
21378
21386
21430
21542
21568
21630
21681
21691
21732
21755
21762
21765
21819
21858
21905
21917
21958
22067
22076
22143
22306
22343
22364
22442
22489
22524
22640
22651
22668
22740
22749
22904
22922
23124
23127
23184
23186
23327
23330
23445
23490
23689
23699
23718
23720
23771
23813
23857
23981
24087
24100
24152
24230
24233
24247
24251
24420
24456
24617
24694
24732
24772
24774
24854
24869
24916
24932
24992
25001
25003
25007
25061
25104
25233
25273
25285
25508
25702
25774
25818
25941
26014
26128
26251
26361
26447
26454
26466
26514
26562
26563
26565
26572
26590
26597
26661
26684
26752
26967
27174
27192
27193
27243
27262
27411
27436
27584
27638
27730
27796
27878
27952
28071
28188
28279
28308
28310
28466
28517
28614
28842
28876
28947
28966
29140
29192
29232
29260
29355
29391
29505
29700
29708
29718
29748
29755
29766
29843
29849
29864
29922
29971
30071
30128
30200
30208
30287
30312
30329
30330
30422
30426
30478
30496
30519
30541
30560
30715
30724
30756
30787
30879
30913
30966
31017
31018
31219
31256
31258
31376
31389
31513
31580
31648
31739
31766
31855
31938
32012
32117
32121
32173
32204
32254
32300
32543
32553
32560
32608
32757
32792
32828
32909
33002
33117
33120
33168
33190
33344
33391
33411
33457
33578
33591
33621
33663
33664
33667
33712
33733
33773
33774
33846
33948
34032
34124
34151
34202
34283
34331
34445
34609
34659
34696
34738
34763
34786
34796
34888
34912
34937
34951
34976
34984
35003
35011
35213
35280
35320
35389
35404
35428
35499
35572
35588
35704
35705
35724
35816
35845
35944
35972
35982
36015
36057
36130
36141
36143
36204
36273
36279
36315
36467
36543
36550
36587
36601
36614
36773
36815
36856
36869
36870
36980
37082
37106
37139
37140
37145
37244
37252
37263
37271
37337
37380
37460
37495
37498
37602
37628
37647
37669
37680
37808
37809
37828
37910
37937
37953
38022
38043
38106
38145
38172
38229
38236
38246
38313
38497
38515
38569
38577
38612
38618
38650
38680
38778
38779
39072
39120
39183
39190
39225
39238
39404
39536
39568
39584
39686
39769
39806
39823
39925
39990
40035
40082
40113
40120
40207
40299
40349
40354
40404
40414
40611
40653
40715
40729
40835
15
57
96
139
221
232
292
296
333
398
518
573
586
616
662
718
747
803
807
824
835
894
901
984
1041
1091
1098
1113
1151
1162
1203
1210
1216
1291
1438
1502
1546
1650
1653
1751
1801
1811
1946
1959
1993
1998
2024
2312
2436
2468
2498
2510
2776
3116
3122
3159
3233
3245
3303
3331
3393
3482
3535
3632
3757
3960
4037
4138
4180
4266
4309
4376
4394
4449
4545
4573
4688
4726
4741
4821
4877
5006
5154
5157
5258
5309
5396
5480
5647
5706
5764
5822
5882
5907
5930
5954
6036
6113
6114
6118
6193
6195
6208
6254
6317
6335
6338
6398
6506
6695
6700
6779
6875
7008
7073
7206
7219
7332
7425
7530
7537
7573
7642
7708
7784
7958
7976
8012
8049
8309
8410
8439
8519
8637
8674
8688
8724
8746
8774
9051
9094
9206
9266
9347
9398
9441
9569
9600
9614
9668
9670
9723
9735
9751
9767
9789
9814
9836
9906
9917
9918
10004
10024
10049
10064
10102
10182
10193
10295
10425
10505
10631
10661
10682
10693
10719
10779
10842
10902
10911
10985
11036
11140
11167
11302
11418
11429
11477
11523
11543
11602
11703
11896
11900
11918
11966
11974
12139
12183
12305
12422
12447
12526
12528
12606
12607
12797
13009
13032
13059
13113
13156
13228
13257
13263
13342
13373
13389
13488
13530
13541
13625
13897
13980
13987
14026
14097
14106
14184
14298
14359
14529
14622
14775
14789
14896
15018
15033
15051
15216
15217
15218
15271
15285
15288
15336
15425
15490
15497
15509
15541
15552
15640
15674
15770
15821
15838
15932
15933
15939
16326
16449
16621
16676
16798
16803
16896
16943
17005
17009
17032
17083
17116
17122
17167
17197
17217
17237
17238
17272
17391
17462
17494
17516
17734
17739
17753
17788
17879
17902
17915
18026
18027
18047
18072
18077
18096
18161
18164
18296
18300
18304
18438
18489
18493
18505
18535
18626
18664
18704
18715
18721
18768
18848
19005
19034
19047
19053
19057
19142
19153
19171
19351
19466
19486
19581
19620
19780
19789
19792
19800
19815
19821
19871
20095
20165
20302
20319
20322
20342
20374
20415
20592
20627
20641
20647
20695
20784
20800
20845
20859
20883
21104
21246
21252
21370
21381
21407
21646
21676
21695
21738
21833
21839
22192
22236
22276
22300
22408
22414
22732
22885
22900
22924
22977
23007
23085
23141
23145
23344
23521
23574
23603
23615
23670
23769
23866
23902
24004
24086
24112
24406
24417
24525
24549
24574
24645
24780
24797
24826
24842
24886
24909
24926
24942
24945
24958
25032
25033
25034
25039
25096
25125
25282
25288
25317
25385
25446
25560
25614
25719
25750
25778
26062
26101
26108
26142
26212
26220
26283
26327
26333
26383
26568
26616
26638
26672
26781
26815
26859
26922
27034
27050
27059
27064
27124
27267
27320
27429
27462
27555
27570
27904
27958
27989
27997
28064
28224
28227
28251
28292
28389
28538
28858
28862
28922
28934
28972
28986
29012
29032
29083
29191
29444
29466
29504
29592
29636
29639
29719
29753
29761
29777
29817
29822
30021
30034
30078
30159
30185
30316
30324
30325
30401
30440
30450
30576
30727
30745
30797
31012
31023
31035
31075
31100
31127
31304
31384
31390
31451
31536
31537
31574
31646
31679
31696
31802
31895
31989
32079
32088
32110
32129
32175
32213
32262
32366
32370
32420
32424
32473
32497
32513
32657
32685
32712
32809
32811
32813
32816
32892
32897
33069
33163
33176
33187
33189
33452
33475
33792
33923
33927
34200
34243
34309
34389
34563
34661
34693
34703
34719
34819
34882
34940
34977
34994
35013
35086
35088
35123
35159
35271
35294
35448
35459
35478
35560
35565
35567
35613
35616
35716
35797
35902
35945
35956
35973
36009
36033
36069
36171
36417
36488
36523
36545
36576
36579
36627
36686
36706
36764
36777
36882
36900
37099
37143
37249
37308
37345
37397
37469
37573
37594
37695
37806
37825
37919
38091
38209
38363
38374
38434
38652
38704
38810
38826
38878
38945
39045
39081
39114
39129
39153
39221
39245
39316
39374
39488
39532
39593
39617
39711
39772
39795
39819
40015
40048
40085
40119
40133
40275
40322
40747
40852
