17
147
178
215
371
387
453
509
569
675
1007
1023
1237
1245
1377
1431
1639
1678
1719
1763
1923
1995
2025
2122
2155
2171
2250
2298
2375
2382
2392
2447
2479
2670
2713
2795
2916
2997
3084
3139
3140
3163
3166
3236
3243
3316
3329
3453
3473
3504
3515
3541
3638
3663
3770
3814
3888
3982
4093
4116
4122
4146
4159
4183
4261
4263
4350
4379
4390
4610
4614
4743
4840
4909
4942
4969
4974
4996
5031
5040
5100
5127
5145
5220
5224
5277
5432
5540
5659
5682
5691
5710
5740
5744
5776
5778
5809
5827
5863
5899
6068
6091
6094
6154
6200
6239
6245
6253
6336
6342
6430
6497
6674
6681
6761
6808
6823
6905
6957
7083
7128
7166
7181
7183
7225
7274
7285
7316
7367
7387
7405
7427
7509
7511
7532
7560
7587
7638
7669
7723
7833
7861
7869
7895
7911
7938
7939
7967
8070
8094
8283
8329
8440
8501
8513
8549
8711
8752
8806
8838
8861
8874
8895
9208
9217
9254
9357
9431
9464
9471
9551
9564
9567
9609
9707
9715
9777
9872
9915
9997
10036
10078
10084
10104
10162
10251
10276
10324
10384
10411
10468
10504
10520
10543
10630
10632
10683
10710
10712
10812
10814
10904
10915
10966
11056
11077
11108
11155
11192
11317
11341
11396
11649
11691
11695
11725
11765
11794
11986
12019
12028
12173
12210
12223
12233
12293
12306
12311
12314
12382
12399
12434
12448
12501
12518
12533
12536
12556
12667
12736
12740
12753
12765
12767
12813
12889
12896
12968
12970
13035
13057
13102
13144
13157
13296
13315
13322
13339
13450
13556
13643
13695
13736
13750
13773
13791
13873
13885
13967
13982
14049
14128
14140
14185
14203
14259
14277
14429
14486
14683
14718
14725
14747
14837
14849
14876
14968
15017
15112
15127
15298
15477
15610
15632
15906
16022
16193
16283
16432
16436
16533
16556
16679
16774
16845
16875
16894
16965
16975
17022
17119
17253
17322
17324
17370
17381
17512
17541
17557
17714
17824
17835
17854
17881
17920
17974
17995
18003
18137
18263
18278
18283
18292
18302
18322
18366
18414
18637
18724
18746
18844
18913
18925
18960
18965
19054
19062
19113
19168
19200
19204
19259
19366
19395
19502
19515
19517
19874
19925
19948
20050
20120
20140
20155
20265
20277
20363
20408
20490
20508
20510
20536
20676
20793
20879
20978
21052
21152
21241
21349
21378
21386
21430
21489
21542
21544
21568
21587
21630
21681
21691
21732
21755
21765
21797
21819
21858
21905
21917
21958
21988
22067
22143
22306
22343
22364
22442
22489
22524
22651
22668
22740
22749
22904
22969
23124
23127
23146
23184
23186
23327
23330
23445
23490
23516
23689
23699
23718
23720
23813
23969
23981
24036
24087
24100
24152
24175
24230
24233
24247
24251
24456
24617
24632
24694
24772
24774
24848
24854
24869
24890
24905
24916
24992
25001
25003
25061
25122
25233
25273
25285
25423
25508
25631
25672
25702
25774
25818
25941
26014
26128
26217
26251
26361
26447
26454
26543
26562
26563
26565
26572
26590
26597
26661
26684
26752
26982
27174
27192
27193
27214
27243
27262
27306
27436
27524
27551
27631
27638
27730
27796
27878
27952
28071
28188
28279
28308
28466
28517
28614
28667
28771
28876
28947
28966
29097
29192
29355
29451
29505
29534
29700
29708
29718
29748
29755
29766
29792
29843
29849
29864
29922
29971
30071
30200
30208
30219
30287
30312
30329
30422
30426
30478
30496
30519
30541
30560
30724
30756
30787
30879
30913
30966
31017
31018
31219
31258
31513
31599
31648
31766
31855
31938
32012
32117
32121
32201
32204
32238
32300
32553
32560
32608
32757
32792
32828
32909
33002
33117
33120
33129
33168
33185
33190
33265
33344
33387
33391
33457
33578
33621
33663
33664
33667
33700
33712
33733
33773
33774
33846
33948
34032
34151
34202
34331
34445
34578
34609
34659
34696
34738
34763
34786
34846
34888
34912
34914
34937
34951
34976
34984
35003
35043
35213
35280
35320
35404
35428
35499
35572
35588
35704
35705
35724
35816
35972
35982
36015
36057
36068
36130
36141
36143
36204
36273
36279
36467
36544
36550
36587
36614
36666
36771
36773
36815
36856
36869
36870
36980
37017
37082
37106
37139
37140
37244
37252
37337
37460
37495
37498
37602
37628
37647
37669
37680
37808
37809
37910
37937
37953
38028
38106
38154
38172
38229
38236
38246
38313
38497
38515
38569
38577
38612
38618
38650
38668
38680
38752
38778
38779
38888
39072
39120
39183
39190
39238
39404
39536
39584
39686
39806
39823
39925
39990
40024
40035
40046
40082
40113
40120
40173
40207
40209
40299
40404
40414
40510
40611
40653
40715
40835
57
96
221
232
296
306
333
398
518
586
616
662
663
718
742
747
782
803
807
894
901
1041
1091
1098
1113
1162
1282
1291
1423
1437
1438
1455
1502
1546
1650
1653
1751
1811
1938
1959
1977
1993
1998
2024
2233
2312
2337
2436
2498
2521
2616
2668
2776
3066
3116
3122
3159
3233
3245
3303
3331
3393
3482
3535
3564
3632
3757
3960
4037
4038
4058
4138
4180
4295
4376
4449
4545
4573
4688
4726
4738
4741
4821
4877
5006
5112
5154
5157
5240
5258
5396
5706
5822
5828
5882
5907
5954
6036
6113
6114
6118
6193
6208
6254
6317
6335
6338
6398
6600
6695
6696
6700
6779
6875
7073
7206
7237
7332
7530
7537
7642
7708
7800
7958
7976
8012
8309
8410
8439
8519
8560
8637
8674
8688
8724
8746
8768
8774
9094
9206
9266
9347
9398
9441
9569
9600
9614
9668
9670
9723
9735
9789
9814
9836
9906
9918
10049
10064
10102
10182
10193
10425
10631
10661
10693
10719
10730
10779
10842
10902
10985
11036
11140
11302
11418
11477
11523
11602
11688
11896
11918
11966
11974
12183
12305
12447
12526
12607
12797
12994
13009
13032
13059
13113
13156
13228
13257
13263
13389
13530
13541
13625
13897
13980
13987
14026
14097
14184
14298
14359
14529
14622
14777
14789
14864
15018
15051
15147
15216
15217
15271
15285
15336
15400
15425
15463
15490
15509
15541
15552
15754
15755
15770
15821
15838
15898
15930
15932
15933
15939
16011
16049
16326
16449
16621
16676
16798
16803
16896
17032
17062
17065
17083
17116
17122
17167
17171
17217
17237
17238
17272
17391
17408
17462
17494
17516
17734
17739
17753
17788
17879
17915
18026
18027
18047
18072
18077
18096
18140
18164
18296
18300
18304
18489
18493
18505
18535
18626
18664
18704
18721
18768
18811
18848
19005
19034
19047
19053
19057
19142
19153
19171
19486
19581
19620
19780
19789
19792
19815
19821
19843
19871
20095
20319
20322
20342
20374
20415
20592
20627
20641
20695
20714
20784
20845
20859
20883
20892
20954
20965
21113
21246
21252
21370
21381
21407
21646
21676
21695
21738
21808
21833
21839
22192
22236
22276
22408
22414
22732
22784
22859
22900
22924
22977
23007
23026
23085
23141
23145
23278
23344
23477
23521
23574
23603
23615
23676
23769
23866
23881
23891
24086
24275
24406
24417
24525
24536
24549
24574
24611
24645
24780
24797
24826
24842
24909
24926
24945
24958
25032
25034
25039
25043
25096
25125
25232
25317
25385
25446
25614
25750
25851
25902
25991
26062
26101
26108
26125
26142
26220
26283
26327
26332
26333
26383
26568
26616
26672
26699
26769
26781
26815
26838
26859
26922
27050
27059
27064
27124
27191
27320
27429
27462
27570
27573
27904
27958
27968
27989
27997
28064
28187
28224
28227
28251
28292
28389
28436
28538
28847
28858
28886
28922
28972
28986
29012
29032
29072
29083
29125
29156
29191
29236
29444
29466
29504
29592
29636
29639
29643
29753
29761
29777
29817
29822
30034
30078
30095
30159
30185
30324
30401
30450
30576
30641
30668
30727
30745
30797
31012
31075
31100
31127
31215
31244
31288
31304
31384
31390
31451
31481
31496
31537
31574
31646
31679
31696
31802
31895
31989
32079
32088
32110
32129
32175
32219
32262
32366
32370
32420
32424
32473
32497
32513
32657
32673
32685
32712
32809
32813
32816
32892
33069
33163
33176
33187
33189
33321
33452
33566
33643
33792
33927
34100
34200
34243
34309
34389
34563
34576
34661
34693
34703
34719
34819
34882
34977
34994
35013
35086
35088
35123
35177
35271
35294
35448
35459
35478
35560
35565
35567
35613
35945
35956
35973
36033
36069
36164
36171
36488
36514
36523
36545
36576
36579
36627
36686
36706
36764
36777
36780
36900
37099
37308
37345
37469
37573
37594
37695
37806
37825
37919
37950
38091
38209
38374
38434
38704
38810
38826
38945
39045
39081
39316
39374
39488
39532
39564
39593
39599
39617
39711
39795
39819
39883
40015
40032
40085
40119
40133
40322
40555
40747
