17
178
215
371
387
436
453
569
675
1007
1023
1237
1356
1405
1431
1627
1639
1678
1719
1726
1763
1807
1923
1995
2025
2122
2155
2171
2250
2298
2372
2375
2382
2392
2447
2795
2916
2923
2997
3084
3139
3140
3163
3166
3236
3243
3316
3327
3329
3473
3484
3504
3515
3541
3596
3638
3641
3770
3814
3888
3982
4093
4101
4105
4116
4183
4261
4263
4350
4379
4390
4610
4743
4840
4909
4942
4969
4974
4996
5031
5040
5100
5145
5397
5432
5540
5659
5682
5691
5710
5740
5744
5776
5809
5827
5863
6068
6091
6094
6154
6239
6245
6336
6342
6497
6510
6596
6674
6761
6808
6823
6957
7083
7128
7166
7170
7181
7183
7225
7285
7316
7367
7387
7405
7427
7451
7511
7532
7560
7587
7638
7723
7833
7861
7869
7895
7938
7939
7967
8070
8094
8283
8329
8501
8549
8752
8838
8874
8895
9208
9217
9254
9464
9471
9506
9551
9564
9609
9636
9707
9715
9872
9915
9971
10036
10078
10084
10162
10251
10324
10384
10411
10468
10504
10520
10543
10630
10632
10683
10710
10812
10814
10904
10915
10966
11056
11077
11108
11192
11317
11341
11649
11691
11695
11725
11735
11794
11986
12019
12028
12042
12134
12173
12185
12210
12223
12293
12306
12311
12314
12347
12382
12399
12448
12501
12518
12533
12556
12736
12740
12753
12765
12767
12813
12866
12889
12896
12968
12970
13035
13057
13102
13144
13157
13296
13315
13339
13400
13450
13556
13621
13643
13716
13736
13750
13755
13773
13791
13873
13885
13967
13982
14049
14128
14140
14185
14203
14259
14277
14332
14486
14718
14725
14744
14747
14837
14876
14968
15112
15127
15298
15302
15477
15610
15632
15702
15906
16022
16193
16283
16344
16432
16436
16446
16533
16556
16679
16875
16965
16975
17119
17253
17322
17324
17370
17541
17557
17714
17824
17835
17881
17974
18003
18095
18137
18263
18278
18283
18292
18322
18366
18481
18724
18746
18844
18913
18925
18960
19040
19054
19062
19168
19186
19204
19220
19259
19366
19502
19515
19517
19751
19925
19948
20050
20120
20155
20277
20363
20408
20490
20508
20510
20651
20676
20793
20879
21052
21152
21211
21241
21256
21259
21349
21378
21386
21430
21542
21544
21568
21587
21630
21681
21755
21765
21797
21858
21905
21917
21958
21974
22076
22306
22343
22364
22524
22651
22668
22749
22969
23124
23127
23146
23330
23445
23490
23516
23689
23699
23718
23720
23771
23813
23857
23969
23981
24036
24152
24161
24175
24233
24247
24334
24420
24456
24632
24732
24772
24774
24848
24854
24869
24890
24905
24932
24992
25001
25003
25007
25061
25104
25122
25233
25273
25285
25631
25672
25702
25774
25818
26014
26128
26217
26251
26447
26454
26466
26543
26562
26563
26565
26572
26590
26597
26661
26752
26982
27174
27192
27193
27214
27243
27262
27306
27411
27436
27524
27551
27584
27631
27638
27730
27796
27878
27952
28071
28188
28279
28308
28310
28466
28614
28667
28771
28842
28876
28966
29049
29097
29140
29192
29260
29355
29391
29505
29534
29700
29708
29718
29748
29755
29766
29849
29922
29971
30071
30200
30208
30219
30287
30329
30422
30426
30478
30496
30541
30560
30715
30724
30879
30966
31017
31018
31219
31256
31258
31376
31389
31513
31580
31599
31648
31739
31766
31855
32012
32117
32121
32173
32187
32201
32204
32238
32254
32300
32543
32553
32560
32608
32757
32792
32909
33002
33117
33120
33129
33168
33185
33190
33344
33387
33391
33457
33621
33663
33664
33667
33688
33700
33712
33733
33773
33774
33846
33928
33948
34032
34124
34151
34202
34283
34331
34578
34609
34659
34696
34738
34763
34786
34912
34914
34937
34951
34976
34984
35003
35011
35043
35213
35280
35389
35404
35499
35588
35704
35705
35724
35816
35845
35972
35982
36015
36057
36068
36130
36143
36204
36273
36315
36543
36544
36550
36587
36614
36771
36773
36815
36856
36870
36980
37017
37082
37106
37139
37145
37252
37263
37271
37337
37380
37460
37498
37602
37628
37647
37669
37680
37808
37809
37828
37910
37937
37953
38022
38028
38043
38145
38154
38172
38229
38236
38246
38313
38497
38515
38569
38577
38612
38618
38650
38668
38680
38752
38757
38778
38779
38888
39120
39183
39225
39238
39404
39536
39568
39584
39769
39806
39823
39925
39990
40024
40035
40046
40113
40120
40173
40207
40209
40214
40299
40349
40354
40404
40414
40510
40611
40653
40695
40715
40729
15
57
96
139
221
232
292
296
306
333
398
518
573
586
616
662
663
718
742
782
803
807
824
835
894
901
984
1091
1098
1151
1162
1203
1210
1282
1423
1437
1438
1455
1502
1546
1650
1751
1801
1811
1938
1946
1959
1977
1993
1998
2024
2233
2274
2312
2337
2436
2468
2510
2521
2616
2668
2776
3066
3116
3122
3159
3233
3245
3303
3331
3393
3465
3535
3564
3632
3757
3848
3960
4038
4138
4180
4266
4295
4309
4376
4394
4449
4545
4573
4688
4726
4738
4741
4821
4877
5006
5112
5154
5226
5240
5309
5396
5435
5480
5647
5706
5764
5822
5828
5907
5930
5954
6036
6113
6114
6118
6193
6195
6208
6254
6317
6335
6506
6600
6695
6696
6700
6779
6875
7008
7073
7206
7237
7332
7425
7537
7573
7708
7784
7800
7976
8049
8309
8410
8439
8519
8560
8637
8674
8724
8768
8774
9051
9094
9266
9347
9398
9441
9569
9600
9614
9668
9670
9723
9735
9751
9789
9814
9836
9906
9918
10004
10024
10049
10064
10102
10193
10245
10295
10425
10505
10631
10652
10661
10693
10719
10730
10842
10902
10911
10985
11036
11140
11167
11418
11429
11477
11523
11543
11602
11688
11896
11900
11918
11966
11974
12139
12183
12422
12447
12526
12528
12606
12797
13009
13032
13059
13113
13156
13228
13263
13342
13373
13389
13488
13625
13669
13987
14026
14097
14106
14184
14298
14359
14529
14622
14777
14864
14896
15018
15033
15051
15147
15216
15217
15271
15285
15288
15336
15400
15425
15463
15490
15509
15541
15552
15674
15755
15821
15898
15932
15933
15939
16011
16049
16115
16326
16449
16621
16676
16798
16803
16896
16943
17005
17032
17062
17065
17083
17122
17167
17171
17197
17217
17237
17272
17391
17408
17462
17516
17753
17788
17879
17911
18026
18027
18072
18077
18096
18140
18164
18296
18300
18304
18438
18489
18493
18535
18626
18664
18704
18768
18811
18848
19034
19053
19057
19078
19153
19351
19486
19580
19581
19620
19780
19789
19792
19800
19821
19843
19871
20095
20165
20302
20319
20322
20374
20415
20592
20641
20695
20714
20800
20845
20859
20883
20892
20954
20965
21104
21113
21246
21252
21370
21407
21646
21676
21695
21833
21839
22192
22236
22276
22300
22414
22585
22784
22859
22885
22900
22924
22977
23007
23026
23085
23145
23278
23344
23477
23574
23603
23670
23676
23769
23866
23881
23891
23902
24004
24086
24112
24275
24406
24417
24525
24536
24549
24574
24611
24780
24797
24826
24842
24886
24926
24942
24945
24958
25032
25033
25034
25039
25043
25096
25171
25232
25282
25288
25385
25446
25560
25614
25719
25778
25851
25902
25991
26062
26101
26108
26125
26142
26212
26220
26283
26327
26332
26333
26383
26568
26638
26672
26699
26769
26781
26815
26838
26859
26922
27034
27050
27059
27064
27124
27191
27267
27320
27429
27462
27555
27570
27573
27875
27904
27958
27968
27989
28047
28187
28224
28227
28251
28292
28389
28436
28538
28574
28847
28858
28862
28886
28922
28934
28972
28986
29012
29032
29072
29083
29125
29156
29191
29236
29444
29504
29639
29643
29719
29761
29817
29822
29985
30021
30034
30078
30095
30159
30185
30324
30401
30440
30450
30576
30641
30668
30727
30797
31023
31035
31075
31100
31127
31242
31244
31288
31304
31384
31390
31451
31481
31496
31536
31574
31646
31696
31802
31826
31895
31989
32079
32088
32110
32129
32175
32219
32262
32366
32370
32424
32497
32657
32685
32712
32809
32811
32813
32816
32892
32897
32960
33163
33176
33189
33321
33452
33475
33566
33643
33792
33927
34100
34200
34243
34309
34389
34563
34576
34620
34661
34693
34703
34719
34882
34940
34977
35013
35086
35088
35159
35177
35271
35294
35448
35459
35478
35560
35565
35613
35616
35716
35797
35902
35945
35956
36009
36033
36069
36164
36171
36417
36488
36514
36576
36579
36627
36764
36777
36780
36882
36900
37099
37249
37308
37345
37397
37469
37573
37695
37806
37825
37950
38091
38209
38363
38374
38434
38652
38704
38810
38826
38945
39045
39114
39129
39153
39221
39245
39316
39488
39532
39564
39599
39617
39711
39795
39819
39883
40015
40048
40119
40133
40275
40322
40747
40852
