17
147
178
215
371
387
427
436
453
509
569
675
1007
1023
1233
1237
1245
1356
1405
1627
1639
1678
1719
1726
1763
1807
1923
1995
2025
2122
2155
2171
2250
2298
2372
2375
2382
2392
2447
2479
2670
2713
2795
2916
2923
3084
3139
3163
3166
3243
3316
3327
3329
3353
3425
3453
3484
3504
3515
3541
3596
3638
3641
3663
3770
3842
3888
3982
4093
4101
4105
4116
4122
4146
4159
4183
4261
4263
4350
4379
4390
4610
4614
4743
4840
4909
4942
4969
4974
4996
5031
5100
5127
5145
5220
5224
5277
5397
5432
5476
5540
5622
5659
5682
5710
5740
5744
5776
5778
5809
5863
5899
6091
6094
6154
6200
6239
6245
6253
6336
6342
6430
6439
6497
6510
6596
6674
6681
6808
6858
6905
6957
7128
7166
7170
7181
7183
7225
7274
7285
7316
7367
7387
7405
7427
7451
7509
7511
7520
7532
7560
7587
7638
7669
7723
7861
7869
7895
7911
7938
7939
7967
8070
8094
8283
8501
8513
8549
8711
8806
8838
8861
8895
9208
9254
9357
9431
9464
9471
9506
9551
9564
9567
9609
9636
9707
9715
9915
10036
10078
10104
10162
10251
10324
10411
10504
10520
10543
10630
10632
10683
10710
10712
10812
10814
10904
10915
10966
11056
11077
11108
11192
11310
11317
11396
11649
11695
11735
11765
11794
11986
12019
12028
12042
12134
12185
12210
12223
12306
12314
12347
12382
12399
12434
12448
12501
12518
12533
12536
12556
12667
12736
12740
12765
12767
12813
12866
12889
12896
12968
12970
13035
13057
13102
13144
13157
13296
13315
13322
13339
13400
13450
13556
13621
13695
13736
13750
13773
13873
13885
13967
13982
14128
14140
14185
14203
14259
14277
14332
14486
14715
14718
14725
14747
14837
14849
14968
15017
15112
15127
15298
15302
15477
15610
15632
15702
15782
15906
16193
16283
16344
16432
16436
16446
16533
16679
16774
16894
16965
16975
17022
17106
17119
17253
17324
17370
17381
17438
17512
17557
17591
17714
17854
17881
17920
17974
17995
18003
18095
18137
18263
18278
18283
18292
18302
18322
18366
18414
18637
18724
18746
18844
18913
18925
18960
18965
19113
19168
19200
19220
19259
19366
19395
19502
19515
19517
19874
19925
19948
20050
20120
20140
20155
20265
20277
20408
20510
20637
20651
20676
20879
20978
21052
21241
21256
21259
21378
21386
21430
21489
21544
21587
21681
21691
21732
21755
21765
21819
21858
21905
21917
21959
21974
21988
22067
22076
22143
22306
22343
22442
22489
22524
22640
22651
22668
22740
22749
22904
23124
23127
23146
23184
23186
23327
23330
23445
23516
23689
23699
23720
23771
23969
23981
24036
24100
24152
24161
24175
24230
24233
24247
24251
24334
24420
24456
24617
24632
24694
24772
24774
24848
24854
24869
24916
24932
24992
25001
25007
25061
25104
25122
25273
25285
25423
25508
25672
25702
25774
25818
25941
26014
26128
26217
26251
26361
26447
26466
26543
26563
26565
26572
26597
26661
26684
26752
26982
27193
27214
27243
27306
27376
27524
27584
27796
27878
27952
28071
28308
28466
28517
28614
28667
28771
28842
28876
28947
28966
29049
29097
29140
29192
29260
29355
29391
29451
29534
29700
29708
29718
29748
29792
29843
29849
29864
29971
30071
30128
30200
30208
30219
30287
30422
30478
30496
30519
30541
30715
30724
30787
30913
31017
31018
31219
31256
31258
31376
31513
31580
31599
31648
31739
31766
31855
32012
32117
32121
32173
32187
32201
32204
32238
32254
32300
32543
32553
32608
32792
32828
33002
33120
33185
33190
33265
33344
33387
33391
33411
33457
33578
33591
33621
33663
33664
33688
33700
33712
33733
33773
33846
33928
33932
34032
34124
34151
34202
34283
34331
34445
34578
34609
34659
34696
34738
34763
34786
34796
34912
34914
34951
34984
35213
35280
35320
35389
35404
35428
35499
35572
35588
35705
35724
35816
35845
35972
35982
36015
36057
36068
36130
36141
36143
36204
36273
36279
36315
36467
36543
36544
36550
36587
36601
36614
36666
36771
36773
36815
36856
36869
36870
36980
37017
37082
37139
37140
37145
37244
37252
37271
37337
37380
37460
37495
37498
37602
37628
37647
37669
37680
37808
37809
37828
37910
37937
37953
38022
38028
38106
38145
38154
38172
38229
38236
38246
38313
38497
38515
38569
38577
38612
38618
38668
38680
38752
38757
38778
38779
38888
39072
39120
39183
39225
39238
39404
39536
39568
39584
39686
39769
39806
39823
39925
40024
40035
40046
40082
40113
40173
40209
40214
40299
40349
40354
40404
40510
40611
40653
40695
40715
40729
40835
15
57
96
139
221
232
292
296
306
333
398
518
616
663
718
742
747
782
803
807
824
835
894
901
984
1041
1098
1113
1151
1162
1203
1210
1282
1423
1437
1502
1546
1650
1653
1751
1801
1938
1946
1959
1977
1993
1998
2024
2233
2312
2337
2468
2510
2521
2616
2668
2776
3116
3122
3159
3233
3245
3303
3331
3393
3465
3482
3535
3564
3632
3757
3848
3960
4037
4038
4058
4138
4266
4295
4309
4376
4394
4449
4545
4573
4726
4738
4741
4821
4877
5006
5157
5226
5240
5258
5309
5396
5435
5480
5647
5706
5822
5882
5930
5954
6036
6114
6118
6193
6195
6208
6254
6317
6335
6338
6398
6506
6600
6695
6700
6779
7008
7073
7219
7237
7332
7425
7537
7573
7642
7708
7800
7958
7976
8012
8049
8309
8439
8519
8560
8674
8724
8746
8774
9051
9206
9266
9347
9398
9441
9614
9668
9670
9723
9735
9751
9767
9814
9836
9906
9917
9918
10004
10024
10049
10102
10182
10193
10245
10295
10425
10505
10631
10652
10661
10682
10693
10719
10842
10902
10911
10985
11036
11140
11167
11302
11418
11429
11477
11523
11543
11602
11688
11703
11900
11918
11966
11974
12139
12183
12305
12422
12447
12526
12527
12528
12606
12607
12797
13009
13032
13059
13156
13228
13257
13342
13373
13389
13488
13530
13541
13625
13669
13980
13987
14026
14097
14106
14298
14359
14529
14622
14777
14789
14896
15018
15033
15051
15147
15216
15217
15271
15285
15336
15400
15425
15463
15497
15509
15541
15552
15640
15674
15754
15838
15898
15930
15932
15933
15939
16011
16049
16115
16326
16449
16621
16676
16803
16896
16943
17005
17009
17062
17065
17083
17116
17122
17167
17171
17197
17217
17237
17238
17272
17408
17462
17494
17516
17788
17879
17902
17911
17915
18026
18027
18047
18072
18077
18096
18140
18161
18164
18296
18300
18304
18438
18493
18505
18535
18626
18664
18704
18811
18848
19005
19034
19047
19053
19057
19153
19171
19351
19466
19486
19581
19620
19780
19789
19792
19800
19843
19871
20095
20302
20342
20374
20415
20627
20641
20647
20695
20800
20845
20883
20954
20965
21104
21246
21252
21695
21738
21808
21833
21839
22192
22276
22300
22414
22585
22784
22859
22885
22900
22924
22977
23007
23141
23278
23344
23477
23521
23574
23603
23615
23670
23676
23769
23881
23891
23902
24086
24112
24275
24406
24525
24536
24549
24611
24645
24780
24797
24826
24842
24909
24926
24942
24945
24958
25032
25034
25039
25096
25125
25171
25282
25288
25317
25446
25614
25719
25750
25778
25902
25991
26062
26101
26108
26125
26142
26212
26220
26283
26332
26333
26383
26568
26672
26699
26769
26781
26815
26838
26922
27034
27050
27059
27124
27191
27267
27320
27429
27462
27555
27570
27875
27904
27958
27968
27989
28047
28064
28187
28224
28227
28251
28292
28538
28574
28858
28862
28922
28934
28972
29012
29032
29072
29083
29156
29236
29466
29504
29592
29636
29639
29643
29719
29753
29761
29777
29817
29822
29985
30034
30095
30185
30325
30401
30440
30450
30576
30668
30727
30745
30797
31012
31023
31075
31100
31127
31215
31244
31288
31304
31390
31451
31481
31496
31536
31537
31574
31646
31679
31696
31802
31895
32079
32088
32129
32175
32219
32262
32366
32370
32420
32424
32473
32497
32513
32657
32673
32712
32809
32811
32813
32892
32960
33069
33163
33176
33187
33189
33452
33566
33643
33792
33923
33927
34100
34200
34243
34389
34576
34661
34693
34703
34719
34819
34882
34940
34977
34994
35013
35086
35088
35123
35159
35177
35253
35271
35294
35448
35459
35478
35560
35565
35567
35613
35716
35797
35902
35945
35956
35973
36009
36164
36417
36488
36514
36545
36576
36579
36706
36777
36882
36900
37099
37143
37249
37308
37345
37397
37469
37573
37594
37695
37806
37825
37919
37950
38209
38363
38374
38434
38704
38810
38826
38878
38945
39045
39081
39114
39129
39153
39221
39245
39316
39488
39564
39593
39711
39772
39795
39819
39883
40015
40032
40048
40085
40119
40133
40275
40322
40555
40852
