17
147
178
215
371
387
427
436
453
509
675
1007
1023
1233
1237
1245
1377
1405
1431
1627
1639
1678
1726
1763
1807
1923
1995
2025
2122
2155
2171
2298
2392
2447
2670
2713
2795
2916
2923
2997
3084
3139
3140
3163
3166
3236
3243
3316
3327
3329
3353
3425
3453
3473
3484
3504
3515
3541
3596
3638
3641
3663
3770
3814
3888
3982
4093
4101
4105
4116
4146
4159
4261
4263
4379
4610
4614
4743
4840
4942
4969
4974
5031
5100
5127
5145
5220
5224
5397
5432
5476
5540
5622
5659
5682
5691
5740
5776
5778
5809
5827
5863
5899
6091
6094
6200
6239
6245
6253
6336
6342
6430
6439
6497
6510
6596
6674
6681
6808
6858
6957
7083
7128
7166
7170
7183
7225
7274
7285
7316
7367
7405
7427
7451
7509
7511
7520
7532
7560
7587
7638
7669
7723
7833
7869
7911
7938
7939
8070
8094
8283
8329
8440
8501
8513
8549
8711
8752
8806
8838
8861
9208
9217
9254
9431
9471
9506
9551
9564
9567
9609
9707
9715
9777
9872
9915
9971
9997
10036
10084
10104
10162
10276
10324
10384
10411
10504
10520
10543
10630
10632
10683
10710
10812
10814
10904
10915
10966
11056
11077
11108
11155
11192
11317
11341
11396
11649
11691
11695
11735
11765
11794
11986
12019
12028
12042
12134
12173
12185
12210
12223
12233
12293
12306
12311
12314
12347
12399
12434
12448
12501
12518
12533
12536
12556
12667
12736
12740
12753
12765
12767
12813
12889
12896
12968
13035
13102
13144
13157
13296
13315
13322
13339
13400
13450
13556
13643
13695
13716
13736
13750
13755
13773
13791
13873
13885
13967
13982
14049
14128
14140
14185
14277
14332
14429
14486
14683
14715
14718
14744
14747
14837
14849
14876
14968
15112
15127
15298
15302
15477
15610
15632
15702
15782
15906
16022
16193
16283
16344
16432
16436
16446
16533
16556
16679
16774
16845
16875
16894
16965
17106
17119
17253
17322
17324
17370
17381
17438
17512
17541
17591
17714
17824
17835
17854
17881
17974
17995
18003
18095
18137
18278
18283
18292
18322
18481
18676
18724
18746
18844
18913
18925
18965
19040
19054
19062
19113
19168
19186
19200
19204
19220
19366
19395
19502
19515
19517
19751
19874
19925
19948
20050
20120
20140
20155
20277
20408
20508
20510
20536
20637
20651
20676
20879
20978
21052
21152
21241
21259
21349
21378
21386
21430
21489
21542
21587
21630
21691
21762
21765
21797
21819
21858
21917
21958
21959
21974
21988
22067
22076
22364
22442
22489
22524
22640
22651
22740
22749
22904
22922
22969
23146
23184
23186
23327
23330
23445
23490
23516
23689
23699
23718
23720
23771
23813
23857
24036
24100
24152
24161
24175
24230
24247
24251
24334
24420
24456
24617
24632
24694
24772
24774
24848
24854
24869
24905
24916
24932
24992
25001
25007
25061
25104
25233
25285
25508
25631
25672
25818
25941
26014
26128
26217
26251
26447
26454
26466
26514
26543
26563
26565
26590
26597
26661
26684
26752
26967
26982
27174
27192
27193
27214
27243
27262
27306
27411
27524
27551
27631
27638
27730
27796
27878
27952
28071
28188
28279
28308
28310
28466
28517
28614
28667
28771
28842
28876
28947
28966
29049
29097
29140
29192
29232
29260
29391
29451
29505
29534
29708
29718
29755
29792
29843
29849
29864
29922
30128
30200
30208
30312
30330
30422
30426
30496
30519
30560
30715
30756
30787
30879
30966
31017
31018
31219
31256
31258
31376
31389
31513
31580
31599
31648
31739
31766
31855
31938
32012
32173
32187
32201
32204
32238
32254
32300
32543
32553
32560
32608
32757
32792
32828
33117
33129
33168
33185
33190
33265
33344
33387
33391
33578
33591
33621
33663
33664
33667
33688
33700
33712
33733
33773
33846
33928
33932
33948
34032
34124
34151
34202
34283
34445
34578
34609
34659
34696
34738
34786
34846
34888
34912
34914
34951
34976
34984
35003
35011
35043
35213
35280
35389
35404
35572
35588
35704
35724
35816
35845
35944
35982
36015
36057
36068
36141
36143
36204
36273
36279
36467
36543
36544
36550
36587
36601
36614
36666
36773
36815
36856
36888
37017
37106
37140
37145
37244
37252
37263
37337
37380
37460
37602
37628
37647
37669
37680
37809
37828
37910
37937
37953
38022
38028
38043
38106
38145
38154
38172
38229
38236
38246
38313
38515
38569
38577
38612
38618
38650
38680
38752
38757
38778
38888
39072
39120
39183
39190
39225
39238
39404
39536
39568
39584
39686
39769
39823
39925
39990
40024
40035
40046
40082
40113
40120
40173
40207
40209
40299
40354
40404
40414
40611
40653
40695
40715
40729
40835
139
221
232
292
306
333
518
662
663
718
742
747
782
824
835
894
901
984
1041
1091
1098
1113
1151
1162
1203
1210
1216
1282
1291
1423
1437
1438
1455
1502
1546
1650
1751
1801
1811
1946
1959
1977
1993
1998
2024
2233
2274
2312
2468
2498
2510
2521
2616
2668
3066
3116
3122
3159
3233
3303
3331
3482
3535
3564
3632
3757
3848
3960
4037
4038
4138
4180
4266
4295
4309
4376
4394
4449
4545
4688
4738
4741
4821
4877
5006
5112
5226
5240
5258
5309
5396
5435
5480
5647
5706
5822
5828
5882
5907
5930
6036
6113
6114
6118
6195
6208
6254
6317
6335
6338
6398
6506
6695
6696
6700
6779
6875
7008
7073
7206
7219
7237
7425
7530
7537
7573
7642
7708
7784
7800
7958
7976
8012
8049
8309
8410
8560
8637
8688
8746
8768
9051
9094
9206
9266
9347
9398
9441
9569
9668
9670
9735
9751
9767
9814
9836
9906
9917
9918
10004
10024
10049
10064
10102
10182
10193
10245
10295
10425
10505
10631
10652
10661
10682
10719
10730
10779
10902
10911
10985
11036
11167
11302
11429
11477
11523
11543
11602
11688
11703
11896
11900
11918
11966
12183
12305
12422
12447
12526
12527
12528
12606
12607
12797
12994
13009
13059
13113
13156
13228
13257
13263
13342
13373
13389
13488
13541
13625
13669
13897
13980
13987
14026
14097
14106
14184
14298
14359
14529
14622
14775
14777
14864
15018
15033
15051
15147
15216
15217
15271
15285
15288
15336
15425
15463
15497
15509
15552
15674
15754
15755
15770
15821
15838
15898
15930
15932
15933
15939
16049
16115
16676
16798
16896
16943
17005
17009
17065
17083
17116
17167
17171
17197
17217
17237
17238
17391
17408
17516
17739
17753
17788
17879
17902
17911
17915
18026
18027
18047
18072
18077
18140
18161
18164
18300
18438
18489
18493
18505
18535
18626
18664
18704
18721
18768
18848
19005
19034
19047
19053
19057
19078
19142
19153
19171
19351
19466
19580
19581
19620
19780
19789
19792
19800
19821
19871
20095
20165
20302
20342
20374
20415
20592
20627
20641
20647
20714
20784
20800
20845
20883
20892
21104
21113
21252
21370
21381
21407
21646
21676
21695
21738
21808
21833
21839
22276
22300
22408
22414
22585
22732
22784
22859
22885
22900
22924
22977
23007
23026
23085
23141
23145
23477
23521
23574
23603
23615
23670
23676
23769
23866
23881
23891
23902
24112
24275
24406
24417
24525
24536
24574
24611
24645
24780
24797
24826
24842
24886
24926
24942
24945
24958
25039
25043
25125
25171
25232
25288
25317
25385
25446
25719
25750
25778
25902
25991
26062
26101
26108
26125
26212
26220
26327
26332
26333
26383
26616
26638
26672
26699
26769
26815
26838
26859
26922
27034
27059
27064
27124
27191
27267
27320
27429
27570
27573
27875
27904
27958
27968
27997
28047
28064
28224
28227
28292
28389
28436
28538
28574
28847
28858
28886
28922
28934
28986
29012
29032
29072
29083
29125
29156
29191
29236
29504
29592
29636
29643
29753
29761
29777
29817
29822
30021
30034
30185
30316
30401
30450
30576
30641
30668
30727
30797
31012
31023
31035
31075
31100
31215
31242
31244
31288
31304
31384
31390
31451
31481
31536
31537
31574
31646
31679
31696
31802
31826
31895
32079
32110
32175
32213
32219
32262
32366
32370
32420
32424
32473
32513
32685
32712
32809
32811
32813
32816
32892
32960
33069
33163
33176
33187
33189
33475
33643
33923
33927
34100
34200
34243
34309
34389
34563
34576
34620
34661
34693
34719
34819
34882
34940
34977
34994
35013
35086
35088
35123
35159
35177
35253
35271
35294
35459
35560
35565
35567
35613
35616
35716
35797
35902
35945
35956
35973
36009
36033
36069
36164
36171
36417
36514
36545
36576
36579
36627
36764
36777
36780
36882
36900
37099
37308
37345
37397
37469
37573
37594
37695
37825
37919
37950
38091
38363
38434
38652
38810
38826
38945
39045
39081
39114
39153
39245
39316
39374
39488
39599
39617
39711
39772
40015
40032
40048
40085
40119
40133
40275
40322
40555
40747
40852
