17
147
178
215
371
387
453
509
569
675
1007
1023
1233
1237
1245
1356
1377
1431
1627
1639
1678
1719
1726
1763
1807
1923
2122
2155
2171
2250
2298
2372
2375
2382
2392
2447
2479
2795
2916
2923
2997
3084
3139
3140
3163
3236
3243
3316
3327
3353
3425
3473
3484
3504
3515
3541
3596
3641
3663
3842
3888
3982
4101
4105
4122
4146
4159
4261
4263
4350
4379
4390
4610
4743
4840
4909
4942
4969
4974
4996
5031
5040
5100
5127
5145
5220
5224
5277
5397
5476
5540
5659
5682
5691
5744
5778
5809
5827
5863
5899
6068
6091
6094
6200
6239
6253
6336
6342
6430
6439
6497
6674
6681
6761
6808
6823
6905
6957
7083
7181
7183
7225
7274
7316
7367
7387
7451
7509
7511
7520
7532
7587
7638
7669
7723
7895
7911
7938
7939
7967
8070
8094
8283
8329
8440
8501
8513
8549
8711
8752
8874
9208
9217
9431
9464
9471
9506
9551
9564
9609
9636
9707
9715
9777
9872
9915
9971
9997
10036
10104
10162
10324
10384
10411
10468
10504
10520
10543
10630
10632
10710
10712
10812
10814
10904
10915
10966
11056
11077
11155
11192
11310
11317
11341
11396
11649
11691
11695
11735
11765
11986
12028
12042
12134
12173
12185
12223
12233
12293
12306
12311
12314
12347
12382
12399
12434
12448
12501
12518
12533
12536
12667
12736
12740
12753
12765
12767
12813
12866
12968
13035
13057
13144
13157
13296
13315
13339
13400
13450
13556
13621
13643
13695
13750
13755
13773
13873
13885
13967
13982
14049
14140
14185
14203
14259
14332
14429
14486
14683
14715
14718
14837
14849
14968
15112
15127
15298
15302
15610
15632
15702
15782
15906
16022
16193
16283
16344
16432
16446
16533
16556
16679
16774
16845
16875
16894
16965
16975
17022
17106
17119
17253
17322
17324
17370
17381
17438
17512
17541
17557
17591
17714
17824
17835
17854
17881
17920
17974
17995
18095
18137
18263
18278
18292
18302
18322
18366
18414
18481
18637
18676
18724
18746
18844
18913
18925
18960
18965
19040
19054
19113
19168
19186
19200
19204
19259
19366
19395
19502
19515
19517
19751
19874
19925
20050
20120
20140
20265
20277
20363
20490
20508
20510
20536
20637
20651
20793
20879
20978
21052
21152
21211
21241
21256
21259
21349
21378
21386
21430
21489
21542
21544
21568
21587
21630
21681
21691
21732
21755
21765
21797
21819
21858
21917
21958
21959
21974
21988
22067
22143
22343
22364
22442
22489
22651
22668
22749
22904
22922
22969
23124
23127
23146
23184
23186
23445
23490
23516
23689
23699
23718
23720
23771
23813
23857
23969
23981
24036
24087
24175
24230
24247
24251
24334
24420
24456
24617
24632
24694
24732
24772
24774
24854
24869
24905
24916
24932
24992
25001
25003
25007
25061
25104
25122
25233
25285
25423
25508
25672
25702
25818
25941
26014
26217
26361
26447
26454
26466
26514
26543
26563
26590
26597
26684
26967
26982
27174
27192
27193
27214
27306
27376
27411
27436
27524
27584
27631
27638
27730
27796
27878
27952
28071
28188
28279
28308
28310
28466
28614
28771
28842
28876
28947
28966
29049
29097
29140
29192
29232
29355
29391
29451
29505
29700
29708
29718
29748
29755
29792
29843
29849
29922
29971
30071
30128
30208
30219
30287
30312
30426
30478
30496
30519
30541
30715
30724
30756
30787
30879
30913
30966
31017
31018
31219
31256
31258
31376
31389
31513
31580
31599
31648
31739
31766
31855
31938
32012
32117
32173
32187
32201
32204
32238
32254
32300
32543
32553
32560
32608
32757
32828
32909
33002
33120
33129
33168
33185
33190
33265
33344
33387
33391
33411
33578
33591
33621
33663
33664
33688
33700
33712
33733
33773
33774
33846
33932
33948
34032
34151
34202
34283
34331
34445
34578
34609
34659
34696
34738
34786
34796
34888
34912
34914
34937
34951
34976
34984
35011
35043
35280
35320
35428
35499
35572
35588
35724
35816
35845
35944
35982
36015
36057
36068
36130
36141
36143
36273
36279
36315
36467
36543
36544
36550
36587
36601
36666
36771
36773
36815
36856
36869
36870
36888
37017
37082
37106
37139
37140
37145
37244
37252
37263
37337
37460
37495
37498
37602
37647
37669
37680
37809
37828
37910
37937
37953
38022
38028
38043
38145
38154
38229
38236
38313
38497
38515
38569
38577
38612
38618
38650
38668
38680
38757
38778
38888
39072
39120
39183
39190
39238
39536
39584
39686
39769
39823
39925
40024
40035
40046
40120
40173
40207
40214
40299
40349
40354
40404
40414
40510
40611
40695
40715
40729
57
96
139
221
232
306
333
398
518
573
586
663
718
742
747
782
807
824
835
894
901
984
1041
1098
1113
1151
1162
1210
1216
1291
1423
1437
1438
1502
1546
1650
1653
1751
1811
1938
1946
1959
1977
1993
1998
2024
2274
2312
2337
2468
2498
2510
2521
2616
2668
2776
3066
3116
3122
3159
3245
3303
3331
3393
3465
3482
3535
3632
3848
3960
4037
4058
4138
4180
4266
4295
4309
4376
4394
4545
4573
4688
4726
4738
4741
4821
4877
5006
5112
5157
5226
5240
5258
5309
5396
5435
5480
5647
5706
5764
5822
5828
5907
5930
5954
6114
6118
6195
6208
6254
6317
6335
6338
6398
6600
6695
6696
6700
6875
7008
7073
7206
7219
7332
7425
7530
7537
7573
7642
7784
7800
7958
7976
8012
8049
8309
8410
8439
8519
8560
8637
8674
8688
8724
8746
8768
9051
9094
9206
9266
9347
9398
9441
9569
9600
9614
9668
9723
9735
9767
9789
9814
9836
9906
9917
9918
10004
10024
10049
10064
10102
10182
10295
10425
10505
10631
10661
10693
10719
10730
10779
10842
10902
10911
11036
11140
11167
11302
11418
11429
11477
11543
11602
11688
11703
11896
11900
11966
11974
12422
12447
12526
12527
12528
12606
12607
12797
12994
13009
13032
13059
13113
13156
13257
13263
13342
13373
13389
13488
13530
13669
13897
13980
13987
14026
14097
14106
14184
14298
14359
14529
14622
14775
14777
14789
14896
15018
15051
15147
15216
15217
15218
15288
15336
15400
15490
15497
15509
15541
15552
15640
15754
15755
15821
15838
15930
15932
15939
16049
16115
16621
16798
16896
16943
17005
17009
17032
17065
17083
17122
17167
17171
17197
17217
17237
17238
17272
17391
17408
17462
17739
17753
17879
17902
17911
17915
18026
18027
18047
18072
18077
18096
18140
18296
18300
18304
18438
18489
18493
18505
18535
18626
18664
18715
18721
18768
18811
18848
19005
19034
19047
19053
19057
19078
19142
19153
19351
19466
19486
19580
19581
19780
19789
19792
19800
19815
19843
19871
20165
20302
20319
20322
20374
20592
20627
20641
20647
20695
20714
20784
20800
20845
20859
20954
21246
21252
21370
21381
21407
21646
21676
21738
21808
21833
21839
22192
22236
22276
22300
22408
22414
22585
22732
22784
22859
22885
22900
22924
22977
23007
23085
23141
23145
23278
23344
23477
23521
23574
23603
23676
23769
23866
23881
23891
24004
24086
24112
24275
24525
24549
24574
24645
24780
24826
24842
24886
24909
24926
24942
24945
25032
25033
25034
25039
25043
25096
25125
25171
25232
25282
25288
25317
25385
25446
25560
25614
25719
25750
25778
25851
25991
26062
26101
26108
26125
26142
26212
26220
26333
26383
26568
26616
26638
26672
26781
26815
26838
26859
26922
27050
27059
27064
27191
27267
27320
27429
27462
27555
27573
27875
27904
27958
27968
27989
27997
28047
28224
28227
28251
28292
28389
28436
28538
28574
28847
28858
28862
28886
28922
28986
29012
29072
29083
29125
29156
29191
29236
29444
29466
29504
29636
29643
29719
29753
29777
29822
29985
30021
30034
30078
30095
30159
30185
30316
30324
30325
30401
30440
30450
30576
30745
30797
31012
31023
31035
31075
31100
31127
31215
31242
31244
31304
31390
31451
31481
31496
31536
31537
31574
31646
31679
31696
31802
31895
31989
32088
32129
32175
32213
32219
32262
32366
32420
32424
32473
32497
32513
32657
32673
32685
32712
32809
32811
32813
32816
32892
32897
32960
33069
33176
33187
33189
33321
33452
33566
33643
33792
33923
34243
34309
34563
34576
34620
34661
34693
34703
34819
34882
34940
34977
35013
35086
35088
35123
35159
35177
35253
35271
35448
35459
35478
35560
35565
35567
35797
35902
35956
35973
36009
36033
36164
36171
36417
36488
36514
36523
36545
36579
36627
36706
36764
36780
36882
36900
37099
37249
37308
37345
37397
37469
37594
37695
37806
37825
37919
37950
38091
38209
38363
38434
38704
38810
38945
39045
39081
39114
39129
39153
39221
39245
39316
39374
39532
39564
39593
39617
39711
39772
39795
39883
40015
40032
40048
40085
40119
40133
40275
40322
40555
40747
40852
