17
147
215
371
387
436
453
509
569
675
1007
1023
1233
1237
1245
1356
1377
1405
1627
1639
1678
1726
1763
1807
1923
1995
2025
2122
2155
2171
2250
2298
2372
2375
2382
2479
2670
2713
2923
2997
3084
3139
3140
3163
3166
3236
3243
3316
3353
3425
3473
3484
3504
3541
3596
3638
3641
3663
3770
3842
4093
4105
4116
4122
4159
4261
4263
4350
4379
4390
4610
4614
4743
4840
4969
4974
5040
5100
5127
5145
5220
5277
5397
5432
5476
5540
5622
5659
5682
5691
5710
5740
5744
5776
5778
5809
5827
6068
6091
6094
6154
6200
6239
6245
6253
6342
6430
6439
6510
6596
6674
6681
6823
6858
6905
6957
7083
7128
7166
7170
7183
7225
7274
7285
7316
7387
7405
7451
7509
7511
7520
7532
7560
7587
7638
7669
7723
7833
7861
7869
7895
7938
7939
7967
8070
8094
8329
8440
8501
8513
8549
8711
8752
8806
8838
8861
8874
8895
9208
9217
9254
9357
9431
9464
9471
9506
9551
9567
9715
9777
9872
9971
9997
10078
10084
10104
10162
10251
10276
10411
10504
10520
10543
10630
10632
10683
10710
10812
10814
10904
10915
10966
11056
11077
11108
11155
11310
11317
11396
11649
11691
11695
11725
11735
11765
11794
11986
12019
12028
12042
12173
12223
12233
12293
12306
12311
12314
12347
12382
12399
12448
12501
12518
12533
12536
12556
12667
12736
12740
12765
12813
12866
12968
13035
13057
13102
13144
13157
13296
13339
13400
13450
13556
13621
13643
13695
13736
13755
13773
13791
13873
13885
14128
14140
14185
14203
14277
14429
14486
14683
14715
14718
14744
14747
14837
14849
14876
14968
15017
15127
15298
15302
15610
15632
15702
15782
15906
16022
16283
16344
16432
16436
16446
16679
16774
16845
16875
16894
16965
16975
17022
17106
17119
17322
17324
17381
17438
17512
17541
17557
17591
17714
17824
17835
17881
17920
17974
17995
18003
18095
18137
18263
18283
18292
18302
18322
18366
18414
18481
18637
18676
18724
18746
18913
18925
18960
18965
19040
19054
19062
19113
19168
19186
19200
19259
19366
19395
19502
19515
19517
19751
19874
19925
20050
20120
20140
20155
20265
20408
20490
20508
20510
20536
20637
20651
20676
20793
21052
21152
21211
21241
21256
21259
21349
21378
21386
21430
21489
21542
21544
21568
21587
21630
21681
21691
21732
21755
21762
21765
21797
21819
21858
21905
21917
21958
21959
21974
22143
22306
22343
22364
22442
22524
22640
22668
22749
22904
22969
23124
23127
23146
23184
23186
23327
23330
23490
23516
23689
23699
23718
23771
23813
23857
23969
23981
24036
24087
24100
24152
24161
24175
24233
24247
24251
24334
24420
24456
24617
24632
24694
24732
24772
24774
24848
24854
24890
24916
24932
24992
25003
25007
25061
25122
25233
25273
25285
25423
25508
25631
25672
25702
25774
25818
25941
26014
26128
26251
26361
26466
26514
26543
26562
26563
26572
26590
26661
26684
26752
26967
26982
27192
27193
27214
27243
27262
27306
27376
27411
27436
27524
27551
27584
27631
27638
27730
27796
27878
27952
28071
28188
28279
28308
28310
28517
28614
28667
28771
28842
28876
28947
28966
29049
29097
29140
29232
29260
29355
29391
29451
29700
29708
29718
29755
29766
29792
29843
29849
29864
29922
29971
30071
30128
30200
30219
30287
30329
30422
30426
30478
30496
30541
30560
30715
30724
30756
30787
30879
30913
30966
31017
31018
31219
31258
31376
31389
31513
31580
31599
31648
31766
31938
32012
32117
32121
32173
32187
32201
32300
32543
32553
32560
32757
32792
32909
33002
33117
33120
33129
33168
33185
33190
33344
33387
33411
33578
33591
33621
33663
33664
33667
33688
33700
33733
33773
33774
33928
33932
33948
34032
34151
34202
34283
34445
34578
34609
34659
34696
34738
34763
34796
34846
34888
34914
34937
34951
34976
34984
35003
35011
35043
35213
35320
35389
35428
35499
35588
35704
35705
35724
35944
35982
36015
36057
36068
36130
36141
36143
36204
36273
36315
36543
36544
36550
36587
36666
36771
36773
36856
36869
36870
36888
36980
37017
37082
37106
37139
37140
37244
37252
37263
37271
37337
37380
37460
37495
37498
37602
37628
37647
37669
37680
37808
37910
37937
37953
38028
38043
38106
38145
38154
38172
38229
38236
38246
38313
38497
38515
38577
38612
38618
38650
38668
38680
38752
38757
38778
38779
38888
39120
39190
39225
39238
39404
39536
39568
39686
39769
39806
39823
39925
39990
40024
40035
40046
40082
40113
40120
40207
40209
40214
40354
40404
40414
40611
40695
40715
40835
15
57
96
139
221
232
292
296
306
333
518
586
616
662
663
718
742
782
803
807
824
835
894
901
984
1041
1098
1113
1151
1162
1203
1210
1216
1291
1423
1437
1438
1455
1502
1546
1650
1653
1751
1801
1811
1938
1959
1977
1998
2024
2233
2274
2312
2337
2436
2510
2521
2616
2668
2776
3066
3116
3122
3159
3233
3245
3303
3393
3482
3564
3632
3757
3848
3960
4037
4038
4058
4180
4266
4394
4545
4573
4688
4726
4738
4741
4821
4877
5006
5112
5154
5157
5226
5240
5258
5396
5435
5480
5706
5764
5822
5828
5907
5930
5954
6036
6113
6193
6195
6208
6254
6338
6506
6600
6696
6700
6779
6875
7008
7073
7206
7219
7237
7332
7425
7530
7537
7573
7642
7708
7784
7800
7976
8049
8410
8439
8519
8560
8637
8674
8688
8724
8774
9051
9206
9266
9347
9398
9569
9600
9614
9668
9670
9723
9735
9751
9767
9789
9814
9836
9906
9917
9918
10004
10024
10049
10102
10182
10245
10295
10425
10505
10652
10682
10693
10719
10730
10779
10842
10902
10911
10985
11036
11140
11167
11302
11429
11477
11543
11602
11688
11703
11896
11900
11918
12139
12183
12305
12526
12527
12606
12607
12797
12994
13009
13032
13228
13257
13263
13342
13373
13389
13488
13669
13897
13980
13987
14026
14097
14106
14298
14359
14529
14622
14775
14777
14789
14864
14896
15018
15033
15216
15217
15285
15288
15400
15425
15463
15497
15509
15541
15640
15674
15754
15755
15770
15821
15838
15898
15930
15932
16011
16115
16326
16449
16621
16798
16803
16896
16943
17005
17009
17032
17062
17065
17083
17116
17122
17167
17171
17197
17217
17237
17408
17462
17494
17516
17734
17739
17753
17788
17879
17902
17915
18026
18047
18072
18096
18140
18164
18296
18304
18438
18493
18505
18664
18704
18715
18721
18768
18811
19005
19047
19053
19057
19142
19153
19171
19351
19466
19486
19580
19581
19620
19780
19789
19792
19800
19815
19821
19843
19871
20095
20319
20322
20342
20374
20415
20592
20627
20641
20647
20695
20714
20784
20800
20845
20859
20883
20892
20954
20965
21104
21113
21246
21370
21407
21646
21676
21695
21808
21833
21839
22192
22236
22276
22300
22408
22414
22732
22784
22859
22885
22900
22977
23007
23026
23085
23145
23344
23521
23574
23603
23615
23676
23769
23881
23891
23902
24004
24086
24112
24275
24406
24525
24574
24611
24645
24780
24797
24826
24842
24886
24926
24942
24958
25032
25033
25034
25039
25043
25096
25125
25171
25232
25282
25288
25317
25385
25446
25560
25719
25750
25778
25851
25902
25991
26101
26108
26125
26212
26220
26283
26327
26332
26333
26383
26568
26616
26638
26672
26699
26769
26781
26815
26838
26859
26922
27059
27064
27429
27462
27573
27875
27904
27968
27989
27997
28047
28187
28224
28227
28292
28389
28574
28847
28858
28862
28886
28922
28934
28972
28986
29032
29072
29083
29156
29236
29444
29466
29504
29592
29636
29639
29643
29719
29753
29761
29777
29822
29985
30034
30078
30159
30185
30316
30324
30325
30401
30440
30576
30668
30727
30745
30797
31012
31023
31127
31242
31244
31288
31304
31384
31390
31451
31496
31536
31537
31574
31646
31679
31696
31802
31826
31989
32079
32088
32110
32129
32175
32213
32219
32262
32366
32370
32420
32424
32473
32497
32513
32657
32685
32712
32809
32811
32813
32816
32892
32897
32960
33069
33163
33176
33187
33189
33321
33452
33475
33566
33792
33923
33927
34100
34200
34389
34563
34576
34620
34693
34703
34719
34819
34940
34977
34994
35086
35088
35123
35159
35177
35253
35294
35448
35459
35560
35565
35567
35616
35716
35902
35945
35956
35973
36009
36033
36164
36171
36514
36523
36545
36576
36579
36627
36706
36764
36777
36780
36882
36900
37099
37143
37249
37308
37345
37397
37469
37573
37594
37806
37825
37919
37950
38091
38209
38363
38374
38434
38652
38704
38810
38826
38878
38945
39045
39114
39129
39245
39316
39374
39488
39532
39564
39593
39599
39617
39711
39772
39795
39883
40015
40032
40085
40119
40275
40322
40555
40747
