17
147
178
215
371
387
427
436
453
569
675
1007
1023
1233
1237
1245
1356
1377
1405
1431
1627
1719
1726
1763
1807
1923
1995
2025
2122
2155
2171
2250
2298
2372
2375
2382
2447
2479
2670
2713
2795
2916
2923
2997
3084
3139
3140
3166
3236
3243
3316
3327
3353
3425
3453
3473
3504
3515
3541
3596
3638
3641
3663
3770
3814
3888
4093
4101
4105
4116
4122
4146
4159
4183
4261
4350
4379
4390
4743
4840
4909
4942
4969
4996
5040
5100
5127
5220
5224
5277
5397
5432
5476
5622
5659
5691
5710
5744
5776
5778
5809
5827
5863
5899
6094
6200
6239
6342
6430
6439
6497
6510
6596
6674
6681
6761
6823
6905
7083
7128
7166
7170
7181
7225
7274
7285
7316
7367
7387
7427
7451
7511
7520
7532
7560
7587
7669
7833
7861
7869
7911
7938
7939
7967
8070
8094
8283
8329
8440
8513
8711
8806
8838
8895
9208
9217
9254
9357
9431
9464
9471
9506
9551
9564
9567
9636
9707
9715
9777
9872
9915
9997
10036
10078
10104
10162
10251
10324
10384
10411
10468
10504
10520
10683
10710
10712
10812
10814
10904
10915
10966
11056
11108
11155
11192
11310
11317
11691
11695
11725
11735
11765
11794
11986
12019
12028
12042
12134
12173
12185
12210
12223
12233
12293
12311
12314
12347
12382
12399
12434
12448
12501
12518
12533
12536
12556
12667
12736
12740
12753
12767
12813
12896
12968
13035
13057
13102
13144
13157
13315
13322
13339
13556
13621
13643
13695
13736
13750
13755
13773
13791
13873
13885
13967
13982
14049
14140
14185
14203
14259
14277
14332
14429
14486
14683
14715
14718
14725
14849
14876
14968
15017
15112
15127
15298
15302
15477
15632
15702
15782
15906
16022
16193
16283
16344
16432
16436
16533
16679
16774
16845
16875
16965
16975
17022
17106
17119
17253
17322
17324
17370
17381
17438
17512
17541
17557
17591
17714
17824
17835
17854
17920
17995
18003
18095
18137
18263
18278
18283
18292
18322
18414
18481
18637
18676
18724
18913
18925
18960
18965
19040
19054
19062
19168
19200
19204
19220
19259
19366
19395
19517
19751
19874
19925
19948
20120
20140
20155
20277
20363
20408
20490
20508
20510
20536
20637
20651
20676
21052
21152
21211
21241
21256
21259
21349
21378
21430
21542
21544
21568
21587
21681
21691
21732
21755
21762
21765
21797
21819
21917
21958
22067
22076
22143
22306
22364
22442
22489
22640
22651
22668
22749
22904
22922
22969
23124
23127
23146
23184
23186
23327
23330
23490
23516
23689
23699
23718
23771
23813
23857
23969
24087
24100
24152
24175
24230
24233
24247
24251
24334
24420
24456
24617
24632
24694
24772
24774
24848
24869
24890
24916
24992
25001
25007
25061
25104
25122
25233
25273
25285
25423
25508
25631
25702
25774
25818
25941
26128
26217
26251
26361
26447
26454
26466
26514
26543
26562
26590
26597
26661
26684
26752
26967
27174
27192
27193
27214
27243
27262
27306
27411
27436
27524
27551
27584
27631
27638
27796
27878
27952
28071
28188
28279
28308
28310
28466
28614
28771
28842
28876
28947
28966
29049
29097
29140
29232
29355
29391
29451
29505
29534
29700
29708
29718
29748
29755
29792
29843
29849
29864
29922
29971
30071
30128
30200
30208
30219
30287
30312
30329
30330
30422
30426
30478
30496
30519
30541
30560
30715
30724
30756
30787
30879
30966
31017
31018
31256
31376
31389
31513
31580
31766
31855
31938
32117
32121
32187
32201
32204
32238
32300
32543
32560
32608
32757
32792
32828
32909
33002
33129
33168
33185
33190
33265
33344
33411
33457
33591
33621
33664
33700
33712
33733
33773
33774
33846
33928
33932
33948
34124
34151
34202
34283
34331
34445
34578
34609
34659
34738
34763
34786
34796
34846
34888
34912
34914
34937
34976
34984
35003
35011
35043
35213
35280
35320
35389
35404
35428
35499
35572
35588
35704
35724
35816
35845
35944
35972
35982
36057
36068
36130
36141
36143
36204
36273
36315
36467
36543
36544
36550
36587
36601
36614
36666
36771
36773
36815
36856
36869
36870
36888
36980
37017
37106
37140
37244
37252
37263
37271
37337
37380
37460
37498
37602
37628
37647
37669
37680
37809
37910
37937
38022
38028
38043
38106
38145
38172
38229
38236
38246
38313
38497
38569
38577
38612
38618
38650
38668
38752
38757
38779
38888
39072
39120
39183
39190
39225
39238
39404
39536
39568
39584
39686
39806
39925
40024
40035
40046
40120
40173
40349
40354
40404
40414
40510
40611
40653
40695
40729
40835
15
139
232
292
296
306
333
398
518
586
616
662
663
718
742
782
824
835
894
901
984
1091
1098
1113
1151
1162
1203
1210
1216
1282
1291
1423
1437
1438
1502
1546
1650
1653
1751
1801
1811
1938
1959
1977
1993
1998
2233
2274
2312
2337
2436
2498
2521
2668
2776
3066
3122
3159
3233
3245
3303
3331
3482
3535
3564
3757
3960
4037
4038
4058
4138
4180
4295
4309
4376
4394
4449
4688
4738
4741
4821
5112
5157
5226
5240
5258
5396
5435
5647
5706
5822
5828
5907
5930
5954
6036
6113
6114
6193
6195
6254
6317
6335
6338
6398
6506
6600
6695
6696
6700
6779
6875
7008
7073
7237
7332
7425
7530
7537
7573
7642
7708
7800
7958
7976
8012
8049
8410
8439
8519
8560
8637
8724
8746
8768
8774
9094
9206
9347
9398
9441
9569
9600
9614
9668
9670
9735
9751
9767
9789
9814
9906
9917
9918
10004
10024
10049
10102
10182
10193
10245
10295
10425
10505
10631
10652
10661
10682
10719
10730
10779
10842
10902
10911
10985
11036
11140
11167
11302
11418
11429
11477
11523
11543
11688
11703
11900
11966
11974
12139
12183
12305
12422
12447
12526
12527
12528
12606
12994
13009
13032
13059
13156
13228
13263
13342
13389
13488
13530
13625
13669
13897
13980
13987
14026
14097
14298
14359
14529
14777
14789
14864
14896
15018
15033
15051
15147
15216
15217
15218
15271
15285
15288
15336
15400
15425
15490
15497
15509
15541
15552
15640
15674
15755
15770
15821
15838
15898
15930
15932
15939
16049
16115
16326
16621
16676
16798
16803
16896
17009
17032
17062
17065
17116
17122
17167
17171
17237
17238
17391
17408
17462
17494
17516
17734
17739
17753
17902
17911
17915
18026
18027
18047
18072
18096
18140
18164
18296
18304
18438
18489
18505
18535
18626
18664
18704
18715
18721
18768
18811
18848
19005
19047
19053
19057
19078
19142
19153
19171
19466
19486
19580
19581
19620
19780
19789
19792
19800
19815
19821
19843
19871
20095
20165
20302
20322
20374
20415
20627
20647
20695
20714
20800
20859
20883
20892
20954
20965
21104
21113
21246
21252
21370
21381
21407
21646
21676
21695
21738
21808
21833
21839
22192
22236
22276
22300
22414
22585
22732
22784
22859
22885
22900
22924
22977
23007
23026
23085
23141
23145
23278
23521
23574
23603
23615
23670
23676
23866
23902
24004
24086
24112
24275
24406
24417
24525
24549
24574
24611
24645
24780
24797
24842
24886
24926
24942
24945
24958
25039
25043
25096
25125
25171
25232
25288
25317
25446
25560
25614
25719
25750
25778
25851
25902
25991
26062
26101
26108
26125
26142
26212
26220
26327
26332
26333
26383
26638
26672
26699
26769
26781
26815
26838
26859
26922
27050
27059
27064
27124
27191
27267
27320
27429
27570
27573
27875
27904
27958
27968
27989
27997
28047
28064
28224
28251
28292
28389
28574
28847
28858
28862
28886
28922
28934
28972
28986
29012
29032
29072
29083
29125
29156
29191
29236
29444
29466
29504
29592
29639
29643
29719
29753
29761
29817
29822
29985
30021
30034
30078
30095
30159
30185
30316
30324
30325
30401
30450
30576
30641
30668
30745
30797
31012
31023
31035
31075
31100
31127
31215
31242
31244
31288
31304
31384
31451
31481
31536
31537
31574
31646
31696
31802
31826
31989
32079
32129
32213
32219
32366
32370
32420
32497
32513
32657
32673
32685
32712
32809
32811
32813
32892
32897
32960
33163
33176
33187
33189
33321
33452
33475
33923
34100
34200
34243
34309
34389
34563
34576
34620
34693
34703
34719
34819
34940
34977
34994
35013
35086
35088
35123
35159
35177
35253
35271
35294
35448
35459
35478
35560
35613
35616
35716
35797
35902
35945
35973
36009
36033
36069
36164
36171
36417
36488
36514
36523
36579
36627
36686
36706
36764
36777
36780
36882
36900
37099
37143
37249
37345
37397
37469
37573
37594
37806
37825
37950
38091
38209
38363
38374
38434
38652
38704
38810
38826
38878
39045
39081
39114
39153
39221
39245
39316
39374
39488
39532
39564
39593
39599
39617
39711
39772
39795
39819
40015
40032
40048
40085
40119
40133
40275
40322
40555
40747
40852
