17
147
178
371
387
436
453
509
569
675
1007
1023
1233
1237
1245
1356
1377
1405
1627
1639
1678
1719
1726
1763
1807
1923
2122
2155
2250
2298
2372
2375
2382
2392
2447
2479
2670
2713
2795
2916
2923
2997
3084
3139
3140
3163
3166
3236
3243
3327
3329
3353
3425
3453
3484
3504
3515
3541
3596
3638
3641
3663
3770
3814
3842
3982
4093
4101
4105
4116
4122
4146
4159
4183
4263
4350
4379
4390
4610
4614
4743
4840
4909
4942
4969
4974
4996
5031
5040
5100
5127
5145
5220
5224
5397
5432
5540
5622
5659
5682
5691
5740
5744
5776
5778
5809
5827
5863
5899
6068
6094
6154
6245
6336
6342
6497
6510
6596
6674
6681
6808
6823
6858
6957
7083
7128
7166
7170
7181
7225
7274
7285
7316
7367
7387
7427
7451
7509
7511
7520
7532
7560
7587
7638
7669
7723
7833
7895
7938
7939
7967
8094
8329
8440
8501
8513
8549
8711
8752
8806
8861
8874
8895
9208
9217
9357
9431
9464
9471
9506
9551
9564
9567
9609
9636
9707
9715
9872
9971
9997
10036
10078
10104
10162
10251
10276
10324
10384
10411
10468
10504
10520
10543
10632
10683
10710
10712
10812
10814
10904
10915
10966
11056
11108
11155
11192
11310
11341
11649
11691
11695
11735
11794
11986
12019
12028
12042
12134
12173
12185
12210
12293
12306
12311
12314
12347
12399
12434
12501
12518
12533
12536
12740
12765
12767
12813
12866
12889
12896
12968
12970
13035
13057
13102
13157
13296
13315
13322
13339
13400
13450
13556
13621
13643
13695
13716
13736
13755
13773
13791
13873
13885
13967
14049
14128
14140
14185
14259
14277
14332
14486
14715
14725
14747
14837
14849
14876
15017
15112
15127
15298
15302
15477
15610
15702
15782
15906
16193
16283
16344
16432
16436
16446
16533
16556
16774
16845
16875
16894
16965
17022
17106
17119
17253
17322
17324
17370
17438
17512
17541
17557
17591
17824
17835
17881
17920
18003
18137
18278
18292
18302
18322
18366
18414
18637
18676
18724
18746
18844
18913
18925
18960
18965
19040
19054
19062
19113
19186
19200
19220
19259
19366
19502
19515
19517
19751
19874
20050
20120
20140
20265
20363
20408
20490
20508
20510
20637
20651
20793
20879
20978
21052
21211
21241
21256
21259
21349
21386
21430
21489
21542
21544
21568
21630
21681
21691
21762
21765
21819
21858
21917
21958
21959
21974
21988
22076
22306
22343
22364
22489
22524
22640
22651
22668
22749
22904
22969
23124
23127
23146
23186
23445
23490
23689
23699
23718
23771
23813
23857
23969
24036
24087
24152
24161
24175
24230
24233
24247
24251
24334
24420
24456
24617
24732
24772
24854
24869
24890
24905
24916
24932
24992
25001
25003
25007
25061
25104
25122
25233
25273
25285
25508
25631
25672
25702
25774
25818
25941
26014
26128
26454
26466
26514
26543
26562
26563
26565
26572
26597
26684
26752
26967
26982
27174
27192
27193
27214
27243
27262
27306
27376
27411
27436
27524
27551
27584
27631
27796
27878
27952
28071
28188
28279
28308
28310
28466
28517
28614
28667
28947
29049
29097
29140
29232
29260
29355
29391
29534
29700
29708
29718
29748
29755
29766
29792
29843
29849
29864
29922
29971
30071
30200
30208
30219
30287
30329
30330
30422
30426
30478
30519
30541
30715
30724
30756
30787
30879
30913
31017
31219
31256
31258
31376
31389
31599
31648
31739
31766
31855
31938
32117
32121
32187
32204
32300
32543
32553
32560
32608
32757
32792
32828
32909
33002
33117
33129
33185
33344
33387
33391
33411
33457
33578
33591
33621
33664
33688
33700
33733
33773
33774
33928
33932
33948
34032
34124
34202
34331
34445
34578
34609
34659
34696
34738
34763
34786
34846
34888
34912
34914
34937
34984
35003
35011
35043
35213
35280
35320
35389
35404
35428
35499
35588
35704
35705
35724
35816
35845
35944
35972
35982
36015
36057
36068
36130
36141
36143
36204
36273
36279
36315
36467
36543
36544
36587
36601
36614
36666
36771
36773
36815
36856
36870
36888
36980
37017
37082
37106
37139
37140
37145
37244
37252
37263
37271
37337
37380
37495
37498
37602
37647
37669
37680
37808
37828
37937
37953
38028
38106
38145
38154
38172
38229
38236
38246
38313
38497
38515
38569
38612
38618
38650
38680
38752
38778
38779
38888
39072
39120
39183
39190
39225
39404
39536
39568
39584
39686
39769
39806
39823
39990
40046
40082
40120
40173
40207
40209
40214
40299
40349
40354
40404
40414
40510
40611
40653
40695
40715
40729
40835
15
57
96
139
221
232
296
306
333
398
518
573
586
616
662
663
718
742
747
782
803
807
824
835
894
901
984
1041
1091
1098
1151
1162
1203
1210
1282
1291
1423
1437
1438
1455
1502
1546
1650
1653
1751
1811
1938
1946
1993
1998
2233
2312
2337
2436
2468
2521
2616
2668
2776
3066
3116
3122
3233
3245
3303
3482
3535
3564
3632
3757
3848
4037
4038
4058
4138
4180
4266
4295
4376
4394
4449
4545
4688
4726
4738
4741
4821
4877
5112
5154
5226
5240
5309
5396
5435
5480
5647
5706
5764
5822
5828
5882
5907
5930
5954
6036
6113
6114
6118
6208
6254
6317
6335
6398
6506
6695
6696
6700
6779
6875
7073
7206
7219
7237
7425
7530
7537
7573
7642
7708
7784
7800
7958
8049
8410
8439
8519
8637
8674
8688
8724
8746
8768
8774
9094
9266
9347
9398
9441
9569
9600
9723
9735
9751
9767
9789
9906
9917
9918
10004
10024
10049
10064
10102
10182
10193
10295
10425
10631
10652
10661
10682
10693
10719
10730
10779
10911
10985
11036
11140
11167
11302
11429
11477
11523
11602
11703
11896
11900
11966
12139
12183
12305
12422
12447
12526
12527
12528
12606
12607
12797
12994
13009
13032
13059
13113
13156
13228
13257
13263
13342
13373
13389
13488
13530
13541
13669
13897
13987
14026
14097
14106
14184
14298
14359
14529
14775
14777
14789
14864
14896
15033
15051
15147
15216
15217
15218
15271
15285
15288
15336
15400
15425
15490
15497
15509
15541
15552
15640
15674
15754
15755
15770
15821
15838
15898
15930
15932
15933
15939
16011
16115
16621
16676
16798
16896
16943
17005
17032
17062
17065
17083
17116
17122
17167
17171
17217
17237
17238
17272
17408
17462
17516
17734
17739
17753
17788
17911
17915
18026
18027
18047
18072
18077
18096
18140
18161
18164
18300
18304
18438
18489
18493
18505
18535
18626
18664
18715
18721
18768
18811
18848
19005
19034
19047
19053
19057
19078
19142
19153
19171
19351
19466
19486
19580
19581
19620
19780
19792
19800
19815
19843
19871
20165
20302
20319
20322
20342
20374
20415
20592
20627
20695
20714
20845
20859
20883
20892
20954
21104
21246
21252
21370
21407
21695
21738
21808
21833
21839
22192
22236
22276
22408
22414
22585
22732
22784
22859
22885
22900
22924
22977
23007
23026
23085
23141
23145
23278
23344
23477
23521
23574
23603
23615
23670
23676
23769
23866
23881
23891
23902
24086
24275
24406
24525
24536
24549
24574
24611
24645
24780
24797
24826
24842
24886
24909
24942
24958
25032
25033
25034
25043
25096
25125
25171
25282
25288
25317
25385
25446
25560
25614
25719
25750
25778
25851
25902
26062
26101
26108
26142
26220
26283
26327
26332
26333
26616
26638
26672
26769
26781
26815
26838
26859
27050
27059
27064
27124
27191
27267
27429
27462
27555
27570
27573
27875
27904
27958
27968
27989
27997
28047
28187
28227
28251
28389
28436
28574
28858
28862
28886
28922
28934
28972
28986
29012
29032
29125
29156
29236
29444
29466
29504
29592
29636
29643
29753
29761
29817
29822
29985
30021
30078
30095
30159
30316
30324
30325
30401
30440
30576
30641
30668
30745
30797
31012
31023
31035
31075
31100
31127
31215
31242
31244
31288
31304
31384
31390
31481
31496
31536
31537
31679
31696
31802
31826
31895
31989
32079
32088
32129
32175
32213
32219
32366
32370
32420
32424
32497
32513
32657
32673
32685
32712
32809
32811
32813
32816
32892
32897
32960
33069
33163
33176
33189
33321
33452
33475
33643
33792
33923
33927
34100
34200
34243
34309
34563
34576
34703
34719
34819
34940
34977
34994
35086
35088
35123
35159
35177
35253
35271
35459
35478
35560
35565
35567
35613
35616
35716
35797
35945
35973
36009
36033
36069
36164
36417
36488
36523
36545
36579
36627
36686
36706
36764
36777
36882
36900
37099
37249
37345
37397
37469
37594
37695
37806
37825
37919
37950
38091
38209
38363
38434
38652
38704
38810
38826
38878
38945
39045
39081
39114
39129
39153
39221
39245
39374
39488
39532
39564
39599
39617
39772
39795
39883
40032
40048
40119
40133
40275
40322
40555
40747
40852
