17
147
178
215
371
387
427
436
453
509
569
675
1007
1237
1245
1356
1377
1405
1431
1627
1639
1678
1719
1726
1763
1807
1923
1995
2025
2122
2155
2171
2298
2372
2375
2392
2447
2479
2670
2795
2916
2923
2997
3084
3139
3140
3166
3236
3243
3327
3329
3453
3473
3484
3504
3515
3541
3596
3638
3641
3663
3770
3814
3842
3982
4093
4101
4105
4116
4122
4146
4159
4350
4379
4390
4610
4614
4743
4840
4909
4942
4969
4974
4996
5031
5040
5100
5127
5220
5224
5277
5397
5432
5622
5659
5691
5740
5744
5776
5809
5827
5863
5899
6068
6091
6094
6154
6200
6239
6245
6253
6342
6430
6439
6497
6596
6674
6681
6761
6808
6823
6858
6905
6957
7083
7128
7166
7170
7181
7183
7225
7274
7316
7387
7405
7427
7451
7511
7520
7532
7560
7587
7638
7669
7723
7833
7861
7869
7895
7911
7938
7939
7967
8070
8094
8283
8329
8501
8549
8711
8752
8861
8874
8895
9208
9217
9254
9357
9431
9464
9506
9564
9567
9609
9636
9707
9715
9777
9872
9971
10036
10078
10084
10104
10162
10251
10276
10324
10384
10468
10504
10520
10543
10683
10710
10712
10812
10814
10915
11077
11155
11192
11310
11317
11341
11396
11649
11691
11695
11725
11765
11794
11986
12019
12028
12042
12134
12173
12210
12306
12314
12347
12382
12399
12434
12501
12533
12536
12556
12667
12736
12740
12753
12765
12767
12813
12866
12889
12896
12968
13102
13144
13157
13296
13315
13322
13339
13450
13556
13621
13643
13695
13716
13736
13750
13755
13873
13885
13967
14128
14185
14332
14429
14486
14683
14715
14718
14725
14747
14837
14849
14876
14968
15017
15112
15127
15298
15302
15477
15610
15632
15782
15906
16193
16283
16344
16432
16436
16446
16533
16556
16774
16845
16875
16894
16965
16975
17022
17106
17119
17253
17324
17370
17438
17541
17557
17591
17714
17824
17854
17881
17920
17974
17995
18003
18095
18137
18278
18283
18292
18302
18322
18366
18414
18637
18676
18724
18746
18844
18913
18925
18965
19040
19054
19113
19168
19186
19204
19220
19259
19395
19515
19517
19751
19874
19925
19948
20050
20120
20140
20155
20265
20277
20363
20490
20510
20637
20651
20676
20793
20879
20978
21052
21152
21241
21256
21349
21378
21386
21489
21542
21544
21568
21587
21630
21681
21691
21732
21755
21762
21765
21797
21858
21905
21917
21958
21959
21974
21988
22143
22306
22343
22364
22442
22489
22524
22640
22651
22668
22740
22904
22922
23124
23127
23184
23186
23330
23445
23490
23516
23689
23699
23718
23720
23813
23969
23981
24036
24087
24100
24152
24161
24175
24230
24233
24247
24251
24334
24420
24617
24694
24732
24772
24774
24848
24869
24890
24905
24916
24932
24992
25001
25003
25007
25061
25104
25122
25233
25285
25423
25508
25631
25672
25702
25774
25818
25941
26014
26128
26217
26251
26361
26447
26454
26466
26514
26543
26562
26563
26565
26572
26590
26597
26661
26684
26752
26967
27174
27192
27193
27214
27262
27306
27411
27436
27524
27551
27584
27631
27638
27730
27796
27878
27952
28071
28310
28466
28517
28614
28667
28842
28876
28947
28966
29049
29097
29140
29192
29232
29260
29355
29391
29451
29505
29534
29700
29708
29718
29766
29792
29843
29849
29864
29922
30071
30128
30200
30208
30219
30287
30312
30329
30330
30426
30478
30496
30519
30541
30560
30715
30756
30913
30966
31017
31018
31219
31256
31258
31376
31389
31513
31599
31766
31855
31938
32117
32121
32173
32187
32201
32204
32238
32254
32300
32543
32553
32560
32608
32757
32828
32909
33117
33120
33168
33185
33265
33344
33391
33411
33457
33578
33591
33621
33664
33688
33700
33733
33773
33774
33846
33928
33932
33948
34032
34124
34151
34283
34331
34445
34578
34609
34659
34696
34738
34763
34786
34796
34846
34888
34912
34914
34937
34951
34984
35003
35011
35213
35280
35320
35389
35499
35572
35588
35704
35705
35724
35816
35845
35972
35982
36015
36068
36130
36141
36204
36273
36279
36315
36543
36550
36587
36601
36666
36771
36815
36856
36869
36870
36980
37017
37082
37106
37139
37140
37145
37244
37252
37263
37271
37337
37380
37460
37495
37498
37669
37680
37808
37809
37828
37910
37937
38022
38028
38043
38145
38154
38172
38229
38236
38246
38313
38515
38577
38618
38650
38668
38752
38778
38779
38888
39072
39120
39183
39190
39225
39568
39686
39769
39806
39823
39925
39990
40035
40046
40082
40113
40120
40173
40207
40209
40299
40354
40404
40414
40611
40653
40695
40715
40729
40835
15
57
96
139
221
292
296
333
398
518
616
662
663
742
747
782
803
807
894
901
984
1091
1098
1113
1151
1162
1203
1210
1282
1291
1423
1437
1438
1502
1546
1650
1653
1751
1801
1811
1946
1959
1977
1993
1998
2024
2233
2274
2337
2436
2468
2498
2521
2616
2668
2776
3066
3116
3122
3159
3245
3393
3465
3482
3535
3564
3632
3757
3848
4037
4038
4058
4180
4295
4376
4394
4449
4573
4688
4726
4741
4821
4877
5006
5112
5154
5157
5226
5240
5258
5309
5396
5435
5480
5647
5706
5764
5822
5828
5882
5907
5930
5954
6036
6113
6114
6118
6195
6208
6254
6317
6338
6398
6506
6695
6696
6700
6779
6875
7008
7073
7206
7219
7237
7332
7425
7530
7537
7573
7708
7784
7800
7958
8012
8049
8309
8410
8439
8519
8560
8637
8674
8688
8724
8746
8768
8774
9094
9206
9398
9441
9569
9614
9668
9670
9723
9735
9751
9767
9789
9814
9836
9918
10004
10024
10049
10064
10102
10182
10193
10245
10295
10425
10505
10631
10652
10661
10693
10719
10779
10842
10902
10985
11036
11167
11302
11429
11477
11523
11602
11688
11703
11896
11900
11918
12183
12305
12422
12447
12527
12528
12606
12607
12797
12994
13009
13032
13059
13113
13156
13228
13257
13263
13342
13373
13389
13488
13541
13669
13980
13987
14026
14097
14106
14298
14359
14529
14775
14777
14789
14864
14896
15018
15033
15051
15147
15216
15217
15218
15271
15285
15288
15400
15425
15463
15490
15497
15509
15552
15640
15674
15754
15770
15821
15838
15898
15930
15932
15933
15939
16449
16621
16798
16803
17005
17009
17062
17083
17116
17122
17167
17237
17272
17391
17408
17494
17516
17734
17739
17753
17788
17879
17902
17911
17915
18026
18027
18047
18072
18077
18096
18140
18161
18296
18300
18304
18438
18489
18505
18535
18626
18664
18704
18715
18721
18768
18811
18848
19005
19034
19047
19057
19142
19153
19351
19466
19581
19780
19789
19792
19800
19815
19821
19843
19871
20095
20165
20302
20319
20322
20342
20374
20415
20592
20627
20641
20647
20695
20800
20892
20954
20965
21113
21246
21370
21381
21646
21676
21738
21808
21833
21839
22192
22236
22414
22585
22732
22784
22859
22885
22900
22924
23007
23026
23085
23141
23145
23278
23344
23477
23521
23574
23603
23615
23670
23676
23866
23881
23891
24004
24086
24275
24406
24417
24536
24549
24574
24611
24645
24780
24797
24826
24842
24886
24909
24926
24942
24945
24958
25032
25033
25034
25043
25096
25125
25232
25317
25385
25446
25560
25614
25719
25750
25778
25851
25902
25991
26062
26101
26125
26142
26212
26220
26283
26327
26332
26383
26568
26638
26672
26699
26781
26838
26922
27050
27059
27064
27124
27191
27267
27429
27462
27555
27570
27573
27875
27904
27958
27989
27997
28064
28187
28224
28227
28251
28292
28389
28538
28574
28862
28886
28922
28934
28972
28986
29012
29032
29072
29083
29125
29156
29191
29444
29466
29504
29592
29636
29639
29643
29719
29761
29777
29822
29985
30034
30078
30095
30159
30185
30325
30401
30440
30450
30576
30641
30668
30727
30745
30797
31012
31035
31075
31100
31127
31215
31242
31244
31288
31304
31384
31390
31451
31481
31496
31536
31537
31574
31646
31696
31802
31826
31895
31989
32079
32129
32213
32219
32262
32366
32370
32424
32473
32497
32657
32673
32712
32809
32811
32813
32816
32892
32897
32960
33163
33176
33187
33189
33321
33452
33475
33643
33923
34100
34200
34243
34309
34389
34563
34620
34693
34703
34719
34819
34882
34940
34977
34994
35086
35159
35253
35271
35294
35459
35478
35560
35613
35616
35716
35797
35902
35945
35956
35973
36009
36033
36069
36171
36417
36488
36514
36545
36576
36579
36627
36686
36706
36764
36777
36780
36882
36900
37099
37143
37308
37397
37469
37573
37594
37695
37806
37825
37950
38091
38363
38374
38434
38652
38704
38826
38878
38945
39045
39081
39153
39221
39245
39316
39564
39593
39599
39617
39711
39772
39795
39883
40015
40048
40085
40119
40133
40275
40322
40555
40852
