17
147
178
215
371
387
436
453
509
675
1007
1233
1237
1245
1356
1377
1405
1431
1627
1639
1719
1726
1763
1807
1923
1995
2025
2155
2171
2250
2298
2375
2392
2447
2479
2670
2795
2916
3084
3139
3163
3166
3236
3243
3316
3327
3329
3353
3473
3484
3504
3541
3638
3663
3770
3814
3842
3982
4093
4101
4105
4146
4159
4183
4261
4263
4350
4390
4610
4743
4840
4909
4942
4996
5031
5100
5127
5145
5224
5277
5397
5432
5476
5540
5622
5682
5691
5710
5740
5744
5776
5778
5827
5863
5899
6091
6094
6154
6200
6239
6245
6336
6342
6430
6439
6497
6510
6596
6674
6681
6761
6808
6858
6957
7083
7166
7170
7181
7183
7225
7274
7285
7316
7387
7405
7427
7451
7509
7511
7532
7587
7638
7669
7833
7869
7911
7939
8070
8094
8283
8329
8440
8501
8513
8549
8752
8806
8838
8861
8874
8895
9208
9217
9254
9357
9431
9506
9564
9567
9609
9707
9715
9777
9915
9971
9997
10036
10078
10084
10162
10251
10276
10324
10384
10468
10504
10520
10543
10630
10632
10683
10710
10712
10812
10814
10904
10915
10966
11056
11155
11192
11310
11317
11341
11649
11691
11695
11725
11735
11765
11794
11986
12019
12028
12042
12134
12173
12210
12233
12306
12382
12399
12434
12501
12518
12533
12536
12556
12667
12736
12740
12753
12765
12767
12813
12889
12896
12968
12970
13057
13102
13144
13296
13315
13322
13339
13400
13556
13621
13695
13716
13736
13750
13755
13773
13791
13885
13982
14049
14128
14140
14185
14203
14259
14277
14332
14429
14683
14715
14718
14725
14744
14747
14876
14968
15017
15112
15127
15298
15302
15477
15610
15632
15702
15782
15906
16022
16193
16283
16344
16432
16436
16446
16556
16679
16875
16894
16965
16975
17022
17106
17119
17253
17324
17370
17381
17438
17512
17541
17557
17591
17714
17824
17835
17854
17920
17974
17995
18003
18095
18137
18263
18278
18283
18292
18302
18366
18414
18637
18676
18844
18913
18925
18960
19040
19054
19062
19113
19168
19220
19259
19366
19395
19502
19515
19517
19751
19925
19948
20050
20120
20140
20265
20277
20408
20508
20510
20536
20637
20651
20676
20793
20879
21052
21152
21241
21256
21259
21349
21386
21430
21489
21542
21544
21587
21630
21691
21732
21765
21797
21819
21858
21905
21917
21958
21959
21974
21988
22067
22306
22343
22364
22442
22489
22524
22651
22668
22740
22749
22904
22922
22969
23124
23127
23146
23184
23186
23327
23330
23445
23689
23699
23718
23720
23771
23813
23857
23969
23981
24036
24087
24152
24161
24175
24230
24233
24247
24251
24334
24420
24617
24694
24732
24772
24774
24848
24869
24890
24905
24916
24932
24992
25001
25007
25061
25104
25122
25233
25273
25285
25423
25508
25631
25672
25774
25818
25941
26014
26217
26251
26361
26454
26466
26514
26543
26563
26565
26572
26590
26597
26661
26752
26967
26982
27174
27214
27243
27262
27306
27376
27411
27436
27524
27551
27584
27631
27730
27878
27952
28071
28188
28279
28308
28310
28466
28517
28614
28667
28842
28876
28947
28966
29049
29097
29140
29192
29232
29260
29355
29391
29451
29534
29700
29708
29718
29755
29766
29792
29843
29864
29922
29971
30128
30200
30287
30312
30329
30330
30426
30478
30496
30519
30541
30560
30715
30756
30787
30879
30913
30966
31017
31219
31256
31258
31376
31389
31513
31580
31648
31739
31766
31855
31938
32012
32117
32121
32201
32204
32238
32254
32300
32543
32553
32560
32608
32757
32792
32828
32909
33002
33117
33120
33129
33185
33190
33265
33344
33391
33411
33457
33578
33591
33621
33663
33667
33688
33700
33712
33773
33774
33846
33928
33932
33948
34032
34151
34202
34283
34331
34445
34578
34609
34738
34763
34796
34846
34912
34914
34937
34951
34984
35003
35011
35043
35213
35280
35389
35404
35499
35572
35704
35705
35724
35816
35845
35972
35982
36015
36057
36130
36141
36143
36204
36273
36279
36543
36544
36550
36587
36601
36614
36666
36771
36773
36815
36856
36869
36870
36980
37017
37082
37106
37139
37140
37145
37244
37252
37263
37271
37337
37380
37460
37495
37498
37628
37647
37669
37680
37808
37809
37828
37910
37937
37953
38022
38028
38043
38106
38145
38154
38172
38246
38313
38497
38569
38577
38618
38650
38668
38752
38757
38778
38779
38888
39072
39183
39190
39225
39238
39536
39568
39584
39686
39769
39806
39823
39925
39990
40024
40035
40046
40082
40113
40173
40207
40214
40299
40349
40404
40414
40510
40611
40653
40695
40729
40835
15
57
96
139
221
296
306
333
398
573
586
616
663
718
742
747
782
803
835
901
984
1041
1098
1151
1162
1210
1216
1282
1423
1437
1438
1455
1546
1650
1653
1751
1801
1811
1938
1946
1977
1993
1998
2024
2233
2274
2312
2337
2436
2468
2510
2616
2776
3066
3116
3122
3233
3245
3303
3393
3465
3535
3564
3632
3757
3848
3960
4037
4038
4058
4138
4266
4309
4376
4449
4545
4688
4726
4738
4741
4821
5006
5112
5154
5157
5226
5240
5309
5396
5435
5480
5647
5706
5764
5822
5882
5907
5930
5954
6036
6113
6114
6193
6195
6208
6254
6317
6335
6338
6398
6506
6600
6695
6696
6700
6779
7008
7073
7206
7219
7237
7425
7530
7537
7642
7800
7958
8012
8049
8309
8410
8439
8519
8560
8637
8688
8724
8746
8768
8774
9051
9094
9206
9347
9398
9441
9569
9600
9614
9668
9670
9735
9751
9767
9789
9814
9836
9906
9917
9918
10004
10024
10049
10064
10102
10182
10193
10245
10295
10425
10505
10631
10652
10661
10682
10693
10719
10730
10779
10842
10902
10911
10985
11140
11167
11302
11429
11477
11523
11543
11602
11688
11896
11900
11918
11974
12305
12422
12447
12526
12527
12528
12606
12607
12797
12994
13009
13032
13059
13113
13156
13228
13257
13263
13342
13373
13389
13488
13530
13625
13669
13897
13980
13987
14026
14106
14184
14298
14359
14529
14622
14775
14777
14789
14864
14896
15033
15051
15147
15271
15463
15490
15497
15509
15541
15640
15674
15754
15755
15770
15838
15898
15930
15932
16011
16115
16326
16449
16621
16676
16798
16803
16943
17005
17009
17032
17062
17065
17083
17116
17122
17167
17217
17237
17238
17272
17391
17462
17494
17516
17739
17753
17788
17879
17902
17911
17915
18026
18047
18072
18077
18096
18140
18161
18164
18296
18300
18438
18493
18505
18715
18768
18811
18848
19005
19034
19047
19057
19078
19142
19153
19171
19466
19486
19580
19581
19620
19780
19800
19815
19843
19871
20095
20165
20302
20319
20322
20374
20592
20627
20641
20647
20695
20714
20784
20800
20845
20859
20892
20954
20965
21104
21246
21252
21370
21381
21407
21646
21676
21695
21738
21808
21833
21839
22192
22236
22300
22408
22414
22585
22732
22784
22859
22885
22900
22924
22977
23007
23026
23085
23141
23145
23278
23477
23521
23574
23615
23670
23676
23769
23866
23881
23891
23902
24004
24086
24275
24406
24417
24525
24549
24574
24611
24645
24780
24797
24826
24842
24909
24942
24945
24958
25032
25033
25034
25039
25043
25125
25171
25288
25317
25385
25446
25560
25614
25750
25778
25851
25902
25991
26062
26101
26125
26142
26212
26220
26283
26327
26332
26333
26383
26568
26616
26638
26672
26699
26769
26781
26815
26838
26859
26922
27034
27050
27059
27064
27124
27191
27267
27320
27429
27462
27555
27570
27573
27875
27904
27958
27968
27997
28047
28064
28187
28224
28227
28292
28389
28436
28538
28574
28847
28858
28862
28886
28922
28934
28972
28986
29012
29032
29072
29083
29125
29191
29236
29466
29504
29592
29636
29639
29643
29719
29753
29761
29777
29817
29822
29985
30078
30159
30185
30316
30325
30440
30450
30576
30668
30727
30745
30797
31012
31035
31075
31100
31215
31288
31304
31384
31390
31451
31481
31496
31536
31537
31574
31646
31679
31826
31895
31989
32079
32110
32129
32175
32213
32219
32262
32366
32370
32420
32424
32473
32513
32673
32712
32811
32816
32892
32897
32960
33069
33163
33176
33187
33189
33452
33566
33643
33792
33923
33927
34200
34243
34309
34389
34563
34576
34620
34661
34693
34703
34719
34977
35086
35088
35123
35159
35177
35253
35448
35459
35478
35560
35565
35567
35613
35716
35956
35973
36009
36069
36164
36171
36488
36514
36523
36545
36576
36579
36686
36706
36777
36780
36882
37099
37143
37249
37308
37397
37469
37573
37594
37825
37919
37950
38091
38363
38374
38434
38704
38826
38945
39045
39081
39114
39129
39153
39221
39245
39316
39374
39488
39564
39593
39599
39617
39772
39795
39883
40015
40032
40085
40133
40275
40322
40555
40747
40852
