17
215
387
427
436
509
675
1007
1023
1233
1237
1245
1377
1405
1431
1627
1639
1678
1719
1726
1763
1807
1923
1995
2025
2122
2155
2171
2250
2372
2375
2392
2447
2479
2670
2713
2795
2916
2923
2997
3084
3139
3140
3163
3166
3236
3243
3316
3327
3329
3353
3425
3453
3473
3484
3515
3541
3596
3638
3641
3663
3770
3814
3842
3888
4093
4101
4116
4122
4146
4159
4183
4261
4263
4350
4379
4390
4610
4614
4743
4840
4909
4942
4969
4974
4996
5031
5040
5100
5127
5220
5224
5397
5432
5540
5622
5659
5682
5744
5776
5778
5809
5827
5863
5899
6154
6200
6239
6245
6253
6336
6439
6497
6510
6596
6674
6681
6808
6858
6957
7083
7128
7166
7170
7181
7183
7225
7274
7285
7367
7387
7405
7427
7509
7511
7520
7532
7560
7587
7638
7833
7869
7895
7911
7938
7939
7967
8070
8094
8283
8329
8440
8501
8513
8549
8711
8752
8806
8838
8861
8874
8895
9217
9254
9357
9431
9464
9506
9567
9636
9715
9872
9915
9971
9997
10036
10078
10084
10162
10251
10276
10324
10384
10411
10468
10504
10520
10543
10630
10632
10683
10710
10712
10812
10814
10904
10915
10966
11056
11077
11108
11155
11192
11341
11396
11649
11691
11695
11725
11735
11765
11794
11986
12028
12042
12134
12173
12185
12210
12223
12233
12293
12306
12311
12347
12399
12434
12448
12518
12533
12536
12556
12667
12736
12740
12753
12765
12767
12813
12866
12889
12896
12968
12970
13057
13102
13144
13157
13315
13322
13339
13450
13621
13643
13695
13716
13736
13755
13773
13791
13873
13885
13967
13982
14049
14128
14140
14259
14277
14332
14429
14486
14683
14718
14725
14744
14747
14837
14849
14876
14968
15017
15298
15610
15632
15702
15782
15906
16193
16283
16344
16432
16436
16446
16533
16556
16774
16845
16894
16965
17022
17106
17119
17253
17322
17324
17370
17381
17438
17512
17557
17591
17824
17854
17881
17920
17974
18003
18095
18137
18263
18278
18283
18292
18322
18366
18481
18637
18724
18746
18844
18913
18925
18960
18965
19040
19054
19062
19113
19168
19186
19200
19220
19259
19395
19502
19517
19751
19874
19925
19948
20050
20140
20265
20363
20408
20508
20510
20536
20637
20651
20676
20793
20879
20978
21052
21152
21211
21241
21256
21259
21378
21386
21430
21489
21542
21544
21568
21587
21630
21681
21691
21732
21755
21765
21819
21858
21917
21958
21959
21988
22067
22143
22343
22364
22442
22489
22524
22640
22740
22749
22922
22969
23124
23127
23146
23184
23186
23327
23330
23445
23490
23516
23689
23699
23718
23720
23771
23857
23969
24036
24087
24100
24152
24161
24230
24233
24247
24251
24334
24420
24456
24617
24632
24694
24732
24772
24774
24848
24854
24869
24890
24905
24916
24932
24992
25003
25007
25104
25122
25233
25273
25423
25631
25702
25774
25818
25941
26014
26128
26217
26361
26447
26454
26466
26543
26562
26563
26565
26590
26597
26661
26684
26752
26967
26982
27174
27192
27193
27243
27262
27306
27376
27436
27524
27551
27584
27631
27638
27878
27952
28071
28279
28308
28310
28466
28614
28667
28771
28842
28876
28947
28966
29049
29097
29140
29192
29232
29355
29391
29451
29505
29534
29700
29718
29755
29792
29843
29849
29864
29922
29971
30071
30128
30200
30208
30219
30287
30312
30329
30330
30422
30426
30478
30496
30519
30541
30715
30724
30756
30787
30879
30913
30966
31017
31018
31219
31258
31376
31389
31580
31599
31648
31739
31766
31855
31938
32012
32117
32121
32173
32187
32201
32204
32238
32254
32300
32543
32560
32608
32757
32792
32828
32909
33117
33168
33185
33344
33387
33411
33457
33578
33591
33621
33663
33664
33688
33700
33712
33733
33773
33774
33846
33932
33948
34032
34124
34151
34283
34331
34445
34578
34609
34659
34738
34763
34786
34796
34846
34888
34912
34914
34951
34976
34984
35003
35011
35043
35213
35389
35404
35428
35499
35572
35588
35704
35705
35724
35816
35845
35944
35972
35982
36015
36057
36068
36130
36141
36143
36273
36279
36315
36467
36543
36544
36587
36601
36614
36666
36773
36815
36856
36870
36888
37017
37106
37139
37140
37145
37252
37263
37271
37337
37380
37460
37602
37628
37647
37669
37808
37809
37828
37910
37937
38022
38043
38106
38145
38154
38172
38229
38236
38246
38313
38497
38569
38577
38618
38650
38668
38680
38752
38757
38778
38779
38888
39183
39190
39225
39238
39404
39584
39686
39769
39806
39925
40035
40046
40082
40113
40120
40173
40207
40209
40214
40299
40349
40354
40404
40414
40510
40611
40653
40695
40715
40729
40835
15
57
96
139
221
232
292
296
306
333
398
518
586
616
662
663
718
747
803
807
824
894
984
1041
1091
1098
1113
1216
1282
1423
1437
1455
1502
1546
1653
1751
1801
1811
1938
1946
1959
1993
1998
2024
2274
2312
2337
2468
2521
2616
2776
3066
3116
3122
3233
3303
3331
3393
3482
3535
3757
3848
3960
4038
4058
4138
4180
4266
4295
4309
4376
4394
4449
4545
4573
4688
4726
4738
4741
4821
4877
5112
5154
5157
5226
5258
5309
5396
5435
5480
5647
5706
5764
5822
5828
5882
5907
5954
6036
6113
6114
6118
6193
6195
6208
6254
6335
6338
6398
6506
6600
6696
6700
6779
7008
7073
7206
7237
7425
7530
7573
7642
7708
7800
7958
7976
8012
8049
8309
8519
8560
8637
8674
8688
8724
8746
8768
8774
9051
9094
9206
9266
9347
9398
9569
9614
9668
9670
9735
9751
9767
9814
9836
9917
9918
10004
10049
10064
10102
10295
10425
10505
10631
10652
10661
10682
10693
10719
10779
10902
10985
11036
11140
11167
11302
11418
11523
11543
11602
11688
11900
11918
11966
11974
12139
12183
12305
12422
12526
12527
12528
12606
12607
12797
12994
13009
13032
13059
13113
13156
13228
13257
13263
13342
13373
13488
13530
13541
13625
13669
13897
13980
13987
14026
14097
14106
14184
14359
14529
14622
14775
14777
14789
14896
15018
15033
15051
15147
15216
15217
15218
15271
15285
15288
15400
15463
15490
15497
15509
15541
15552
15640
15674
15754
15755
15770
15838
15898
15932
15933
16011
16049
16115
16449
16676
16798
16803
16896
16943
17005
17009
17062
17065
17116
17122
17171
17197
17217
17237
17238
17272
17391
17408
17734
17739
17753
17788
17879
17902
17911
17915
18026
18027
18072
18161
18164
18296
18300
18304
18438
18493
18505
18535
18626
18664
18704
18715
18721
18811
18848
19047
19057
19142
19171
19351
19466
19486
19580
19581
19780
19792
19800
19815
19821
19871
20095
20165
20319
20322
20374
20592
20627
20641
20695
20784
20800
20845
20859
20883
20892
20954
20965
21113
21246
21252
21646
21695
21738
21808
22192
22236
22276
22300
22408
22414
22585
22732
22784
22859
22885
22900
22924
22977
23007
23026
23085
23141
23145
23278
23344
23477
23521
23574
23603
23615
23670
23676
23769
23866
23881
23891
23902
24004
24086
24275
24406
24417
24525
24549
24574
24611
24645
24780
24797
24826
24842
24909
24926
24942
24945
24958
25032
25033
25039
25043
25096
25171
25232
25288
25317
25560
25614
25719
25750
25778
25851
25902
25991
26062
26101
26108
26125
26142
26212
26220
26283
26327
26332
26333
26383
26568
26616
26672
26699
26781
26815
26859
26922
27034
27050
27064
27124
27191
27267
27320
27429
27462
27555
27904
27958
27968
27989
27997
28047
28187
28224
28251
28292
28389
28436
28538
28574
28847
28858
28862
28886
28922
28934
28972
28986
29012
29032
29072
29125
29156
29236
29444
29466
29592
29643
29719
29753
29761
29777
29817
29822
29985
30021
30034
30095
30159
30185
30316
30324
30325
30401
30440
30450
30576
30641
30668
30727
30797
31023
31035
31075
31127
31215
31242
31288
31304
31384
31390
31451
31481
31496
31536
31537
31574
31646
31679
31696
31895
32079
32088
32110
32129
32175
32213
32219
32262
32366
32420
32424
32673
32685
32712
32811
32813
32816
32892
32897
32960
33069
33163
33176
33187
33189
33452
33475
33566
33792
34200
34243
34309
34389
34563
34576
34620
34693
34703
34719
34819
34882
34977
35013
35086
35088
35177
35253
35294
35459
35478
35560
35567
35616
35716
35797
35902
35945
35956
35973
36009
36033
36164
36171
36417
36488
36514
36523
36545
36576
36579
36627
36706
36764
36780
36882
36900
37099
37143
37249
37308
37345
37397
37469
37573
37594
37695
37806
37825
37919
37950
38091
38209
38363
38434
38652
38810
38826
39045
39081
39114
39129
39153
39221
39245
39316
39488
39532
39564
39593
39599
39617
39711
39795
39819
39883
40015
40032
40048
40133
40275
40322
40555
40747
40852
