17
147
178
215
371
387
427
453
509
569
1023
1233
1237
1245
1356
1377
1405
1431
1627
1639
1678
1719
1726
1763
1923
1995
2025
2122
2171
2250
2298
2372
2375
2382
2392
2447
2479
2670
2713
2916
2923
2997
3084
3140
3163
3166
3243
3327
3329
3353
3425
3453
3473
3484
3504
3515
3541
3596
3638
3641
3663
3770
3842
3982
4093
4122
4146
4159
4183
4261
4350
4610
4614
4743
4840
4909
4942
4969
4974
5031
5040
5100
5127
5220
5224
5277
5397
5476
5540
5622
5659
5682
5691
5710
5740
5744
5776
5778
5809
5827
5863
5899
6068
6091
6094
6154
6239
6253
6336
6342
6430
6439
6497
6510
6674
6681
6761
6808
6823
6858
6905
6957
7083
7128
7166
7170
7181
7183
7225
7274
7285
7316
7367
7405
7427
7451
7509
7511
7520
7532
7560
7587
7638
7669
7723
7833
7869
7895
7911
7939
7967
8070
8094
8283
8329
8440
8513
8549
8711
8752
8806
8838
8895
9217
9254
9357
9431
9464
9506
9567
9636
9715
9777
9872
9915
9971
9997
10036
10078
10104
10162
10251
10276
10324
10384
10411
10504
10520
10543
10630
10632
10683
10710
10812
10814
10904
10915
10966
11077
11108
11155
11192
11310
11317
11341
11396
11695
11725
11735
11765
11986
12028
12042
12134
12173
12185
12210
12223
12233
12293
12306
12311
12347
12382
12399
12434
12448
12518
12533
12556
12667
12736
12740
12753
12765
12767
12813
12866
12889
12896
12968
12970
13035
13057
13102
13144
13322
13339
13400
13450
13556
13621
13643
13695
13716
13736
13750
13755
13773
13791
13885
13967
13982
14049
14128
14140
14185
14203
14259
14277
14332
14429
14486
14683
14715
14725
14744
14747
14837
14876
14968
15017
15112
15298
15302
15477
15610
15632
15702
15782
15906
16193
16283
16344
16432
16436
16679
16774
16875
16894
16965
16975
17022
17106
17119
17253
17322
17324
17370
17381
17438
17512
17557
17591
17714
17824
17835
17920
17974
17995
18137
18263
18278
18292
18302
18322
18366
18414
18481
18637
18676
18746
18844
18913
18925
18960
18965
19054
19062
19113
19168
19186
19204
19220
19259
19366
19395
19502
19515
19517
19751
19874
19925
20050
20120
20140
20155
20265
20277
20363
20408
20490
20510
20536
20637
20651
20793
20879
20978
21152
21211
21256
21259
21349
21378
21386
21489
21542
21544
21568
21587
21630
21681
21691
21732
21755
21762
21765
21797
21819
21858
21905
21917
21958
21959
21974
21988
22067
22076
22143
22306
22343
22489
22524
22640
22651
22740
22749
22904
22922
22969
23127
23146
23184
23330
23445
23490
23516
23699
23718
23720
23771
23813
23857
23981
24100
24152
24161
24175
24233
24247
24251
24334
24420
24617
24632
24732
24772
24774
24848
24869
24890
24905
24932
24992
25001
25003
25007
25061
25104
25233
25285
25774
25818
25941
26014
26128
26217
26251
26361
26447
26454
26466
26543
26562
26563
26565
26572
26590
26597
26661
26684
26752
26982
27192
27214
27243
27376
27411
27436
27524
27584
27631
27730
27796
27878
27952
28071
28188
28279
28310
28466
28517
28614
28667
28771
28876
28947
28966
29049
29097
29140
29232
29260
29391
29451
29505
29700
29708
29718
29755
29766
29792
29843
29849
29864
29922
29971
30071
30128
30208
30219
30287
30312
30329
30422
30426
30478
30519
30541
30715
30724
30756
30787
30879
30913
30966
31017
31018
31219
31256
31258
31376
31389
31513
31599
31648
31766
31855
31938
32012
32117
32121
32173
32201
32204
32238
32254
32300
32543
32553
32560
32608
32757
32792
32828
33002
33117
33120
33129
33168
33185
33265
33344
33387
33411
33578
33591
33621
33663
33664
33688
33700
33712
33733
33773
33774
33846
33928
33948
34032
34124
34202
34283
34445
34578
34609
34696
34738
34763
34786
34796
34846
34912
34914
34937
34951
34976
34984
35003
35011
35043
35213
35280
35320
35389
35404
35428
35499
35572
35588
35704
35705
35724
35816
35944
35972
35982
36015
36057
36068
36130
36141
36143
36204
36273
36279
36315
36467
36543
36544
36550
36601
36614
36666
36771
36773
36815
36869
36888
36980
37017
37106
37139
37140
37145
37263
37271
37337
37628
37647
37669
37680
37809
37828
37953
38022
38043
38106
38145
38154
38172
38229
38236
38246
38313
38497
38515
38569
38577
38612
38650
38668
38680
38752
38757
38778
38888
39072
39120
39183
39225
39536
39568
39584
39686
39806
39823
39925
39990
40024
40035
40046
40082
40113
40120
40173
40207
40209
40214
40299
40354
40404
40414
40510
40611
40653
40695
40715
40835
15
57
96
139
221
232
292
296
306
333
398
518
573
586
616
662
663
718
742
747
782
803
824
835
894
901
984
1041
1091
1098
1113
1151
1162
1203
1210
1282
1291
1423
1437
1438
1455
1502
1546
1650
1653
1751
1801
1811
1938
1946
1959
1977
1993
1998
2024
2274
2312
2436
2468
2521
2616
2668
2776
3122
3233
3245
3303
3393
3535
3632
3757
3848
4037
4038
4138
4180
4295
4309
4376
4394
4449
4545
4573
4688
4738
4741
4821
4877
5112
5154
5226
5309
5396
5435
5480
5647
5706
5822
5828
5882
5907
5930
6036
6113
6114
6118
6193
6195
6208
6254
6317
6335
6398
6506
6600
6695
6696
6700
6779
6875
7073
7206
7332
7425
7530
7537
7573
7642
7708
7784
7800
7958
7976
8012
8410
8519
8560
8637
8674
8688
8724
8746
8768
8774
9094
9206
9347
9398
9441
9600
9614
9668
9723
9735
9751
9767
9789
9814
9906
10004
10049
10064
10102
10182
10245
10295
10505
10631
10652
10661
10682
10719
10730
10779
10842
10902
11140
11167
11543
11688
11703
11896
11918
12139
12183
12305
12447
12526
12528
12606
12607
12797
12994
13032
13059
13113
13156
13228
13257
13342
13373
13389
13488
13530
13625
13669
13897
13980
13987
14026
14097
14184
14298
14359
14529
14622
14775
14777
14789
14864
14896
15018
15033
15051
15147
15217
15218
15271
15285
15288
15336
15400
15425
15463
15490
15497
15509
15541
15552
15640
15674
15754
15755
15821
15898
15930
15932
15933
15939
16011
16115
16326
16449
16621
16676
16798
16803
16896
17005
17009
17032
17062
17065
17083
17122
17167
17171
17197
17217
17238
17272
17462
17494
17516
17734
17739
17753
17879
17902
17911
17915
18026
18027
18047
18072
18077
18096
18140
18161
18164
18296
18300
18304
18438
18493
18505
18535
18664
18715
18721
18768
18811
18848
19005
19047
19053
19057
19078
19142
19153
19351
19466
19486
19581
19620
19780
19789
19792
19800
19815
19821
19843
19871
20095
20302
20319
20322
20342
20415
20592
20627
20647
20695
20784
20859
20883
20892
20954
20965
21104
21246
21252
21370
21381
21407
21676
21695
21738
21808
21833
21839
22192
22276
22300
22408
22414
22732
22784
22859
22885
22900
22924
22977
23007
23026
23085
23141
23145
23344
23521
23574
23603
23615
23670
23676
23769
23866
23881
23891
23902
24004
24086
24275
24406
24417
24525
24536
24549
24574
24645
24780
24797
24826
24886
24909
24926
24942
24945
24958
25032
25039
25096
25282
25288
25560
25719
25750
25778
25902
26062
26101
26108
26125
26142
26212
26220
26283
26327
26332
26333
26383
26568
26616
26638
26672
26699
26769
26815
26838
26859
27034
27050
27059
27064
27124
27191
27267
27320
27429
27462
27555
27570
27875
27904
27968
27989
28047
28064
28187
28227
28389
28436
28538
28574
28847
28858
28862
28886
28934
28972
28986
29032
29083
29125
29156
29191
29236
29444
29466
29592
29636
29639
29643
29719
29753
29761
29777
29817
29822
29985
30034
30078
30095
30159
30316
30324
30325
30401
30440
30450
30576
30641
30668
30727
30745
30797
31012
31023
31035
31075
31100
31127
31215
31242
31244
31288
31384
31451
31481
31496
31536
31574
31646
31679
31696
31802
31826
31895
31989
32079
32088
32129
32175
32219
32262
32366
32370
32420
32513
32657
32685
32712
32811
32813
32897
32960
33069
33163
33176
33187
33189
33321
33452
33475
33566
33643
33792
33923
33927
34200
34243
34309
34563
34620
34661
34693
34703
34719
34819
34940
34994
35013
35086
35088
35123
35159
35177
35253
35271
35294
35448
35459
35478
35560
35565
35567
35616
35716
35797
35902
35945
35956
35973
36009
36033
36069
36164
36171
36417
36514
36545
36576
36579
36627
36686
36706
36764
36780
36882
37099
37143
37249
37308
37345
37469
37573
37695
37806
37919
37950
38091
38209
38363
38374
38434
38704
38810
38826
38878
38945
39081
39221
39245
39316
39374
39488
39564
39593
39599
39617
39711
39772
39795
39819
39883
40015
40032
40048
40085
40119
40322
40555
40747
40852
