17
147
215
371
387
427
436
453
509
675
1007
1023
1233
1237
1356
1377
1405
1431
1627
1639
1678
1726
1763
1807
1923
1995
2025
2122
2155
2171
2250
2372
2375
2382
2392
2447
2479
2670
2713
2795
2916
2923
2997
3084
3139
3140
3166
3236
3327
3329
3353
3453
3473
3484
3504
3515
3541
3596
3638
3663
3770
3814
3842
3888
3982
4093
4101
4105
4122
4146
4159
4183
4261
4263
4379
4390
4610
4614
4743
4840
4909
4974
5040
5100
5127
5145
5220
5432
5476
5540
5622
5659
5710
5740
5776
5778
5809
5863
5899
6068
6091
6094
6154
6200
6239
6245
6253
6342
6439
6497
6510
6596
6674
6681
6761
6808
6823
6858
6905
6957
7128
7181
7183
7225
7274
7285
7367
7387
7427
7451
7520
7532
7560
7587
7638
7669
7723
7833
7869
7938
7939
7967
8070
8094
8283
8440
8501
8513
8549
8711
8752
8806
8838
8895
9208
9357
9431
9464
9471
9506
9551
9564
9567
9636
9707
9715
9777
9872
9915
9971
9997
10036
10084
10104
10162
10251
10324
10411
10468
10504
10520
10543
10630
10632
10683
10710
10812
10814
10915
11056
11077
11108
11155
11192
11310
11317
11396
11649
11695
11725
11735
11765
11794
11986
12019
12028
12134
12173
12210
12233
12293
12306
12311
12314
12347
12382
12399
12434
12448
12518
12533
12536
12556
12667
12736
12767
12813
12889
12896
12968
12970
13035
13057
13144
13296
13315
13322
13339
13450
13556
13621
13695
13750
13755
13773
13791
13873
13885
13967
13982
14049
14128
14140
14203
14277
14332
14429
14486
14715
14725
14744
14747
14837
14849
14876
14968
15017
15127
15298
15302
15477
15610
15632
15702
15906
16022
16193
16283
16344
16432
16436
16446
16533
16679
16774
16845
16875
16965
17022
17253
17322
17324
17381
17438
17512
17541
17557
17591
17714
17824
17835
17854
17881
17920
17974
17995
18003
18137
18283
18302
18322
18366
18414
18481
18676
18724
18844
18913
18960
18965
19054
19062
19113
19186
19200
19204
19366
19395
19515
19517
19874
19925
19948
20050
20120
20140
20155
20277
20363
20408
20508
20510
20536
20637
20651
20676
20793
20879
20978
21052
21152
21211
21241
21256
21259
21349
21378
21386
21489
21542
21544
21568
21587
21630
21681
21691
21732
21762
21765
21797
21819
21917
21958
21959
21974
21988
22067
22076
22143
22306
22343
22364
22442
22640
22668
22740
22749
22904
22922
22969
23124
23127
23146
23184
23327
23330
23445
23490
23516
23699
23718
23771
23813
23857
23969
23981
24087
24100
24152
24161
24175
24230
24247
24420
24456
24617
24632
24694
24732
24774
24848
24890
24905
24916
24932
25001
25003
25007
25061
25122
25233
25273
25285
25423
25508
25631
25672
25702
25774
25941
26014
26128
26251
26361
26447
26454
26466
26514
26543
26562
26563
26565
26572
26590
26597
26661
26684
26967
26982
27174
27193
27214
27243
27262
27306
27376
27411
27436
27524
27584
27631
27638
27730
27796
27878
27952
28071
28188
28308
28310
28466
28517
28614
28667
28771
28842
28876
28947
28966
29140
29192
29232
29260
29355
29391
29451
29700
29708
29718
29748
29755
29766
29792
29843
29864
29922
30071
30128
30200
30208
30219
30287
30312
30329
30330
30422
30426
30478
30519
30541
30560
30715
30724
30787
30913
31017
31018
31219
31256
31258
31376
31513
31580
31599
31648
31739
31766
31855
31938
32012
32117
32121
32173
32187
32201
32204
32254
32300
32543
32553
32608
32757
32792
32828
32909
33002
33117
33120
33129
33168
33185
33190
33265
33344
33391
33457
33578
33591
33663
33667
33712
33733
33773
33774
33846
33932
33948
34032
34151
34283
34331
34445
34578
34609
34696
34738
34763
34786
34796
34846
34888
34937
34951
34976
34984
35003
35011
35043
35213
35280
35320
35389
35404
35428
35499
35572
35588
35724
35816
35845
35944
35972
36015
36057
36068
36130
36141
36143
36204
36273
36279
36315
36467
36543
36550
36587
36601
36614
36771
36773
36815
36869
36870
36888
36980
37082
37106
37139
37140
37145
37244
37252
37263
37271
37337
37380
37460
37495
37498
37602
37628
37647
37669
37680
37808
37809
37828
37910
37937
37953
38028
38043
38106
38145
38154
38172
38229
38236
38246
38497
38515
38569
38577
38612
38618
38650
38668
38680
38752
38757
38778
38779
38888
39072
39120
39183
39190
39238
39404
39536
39568
39584
39686
39769
39806
39823
39990
40035
40046
40082
40113
40120
40173
40207
40209
40299
40349
40414
40510
40653
40695
40715
40835
15
57
96
139
221
232
292
333
518
573
586
616
662
663
718
747
803
824
835
984
1041
1098
1113
1162
1203
1282
1291
1423
1437
1438
1455
1546
1650
1751
1801
1938
1959
1977
1998
2024
2233
2274
2312
2436
2468
2498
2510
2521
2616
2668
2776
3066
3116
3122
3159
3233
3245
3303
3393
3465
3482
3535
3564
3632
3757
3848
3960
4037
4058
4138
4180
4295
4376
4394
4449
4545
4688
4726
4738
4821
4877
5006
5112
5154
5157
5226
5240
5396
5435
5480
5647
5706
5764
5822
5828
5882
5907
5930
5954
6113
6114
6193
6195
6208
6254
6317
6335
6338
6398
6506
6600
6695
6696
6700
6779
6875
7008
7073
7206
7219
7237
7332
7425
7530
7537
7642
7958
7976
8012
8049
8309
8410
8439
8519
8560
8637
8674
8688
8724
8746
8768
8774
9094
9266
9347
9441
9569
9600
9614
9668
9670
9723
9735
9751
9767
9789
9814
9836
9906
9917
9918
10004
10024
10049
10102
10182
10193
10245
10295
10425
10631
10652
10661
10682
10693
10719
10730
10779
10842
10911
10985
11036
11140
11302
11418
11429
11523
11543
11602
11688
11703
11900
11918
11966
11974
12305
12447
12526
12527
12528
12606
12607
12797
12994
13009
13059
13156
13228
13257
13263
13342
13373
13389
13488
13541
13625
13669
13897
13980
13987
14026
14097
14106
14184
14359
14529
14622
14775
14777
14789
14896
15033
15147
15217
15218
15285
15288
15336
15425
15463
15490
15497
15509
15541
15552
15640
15674
15754
15755
15770
15821
15939
16011
16049
16115
16326
16449
16621
16676
16798
16803
16896
16943
17005
17009
17032
17062
17065
17083
17116
17167
17171
17197
17217
17237
17238
17391
17408
17462
17494
17516
17734
17739
17753
17788
17879
17902
17911
17915
18026
18027
18047
18072
18077
18096
18161
18164
18296
18300
18304
18438
18489
18493
18505
18535
18626
18664
18704
18715
18768
18848
19005
19034
19047
19053
19057
19078
19142
19153
19171
19351
19466
19486
19580
19581
19620
19780
19789
19792
19800
19815
19821
19843
19871
20095
20302
20319
20342
20374
20415
20592
20627
20641
20647
20695
20714
20800
20845
20859
20883
20892
20954
21104
21246
21252
21370
21381
21407
21646
21695
21738
21808
21833
21839
22192
22236
22276
22300
22408
22585
22732
22784
22859
22924
22977
23007
23026
23141
23278
23344
23477
23521
23574
23603
23615
23670
23769
23902
24004
24086
24112
24406
24417
24525
24549
24574
24611
24645
24780
24797
24826
24842
24886
24909
24926
24942
24945
24958
25032
25033
25039
25043
25232
25282
25288
25317
25385
25446
25560
25719
25750
25851
25902
25991
26062
26101
26108
26125
26142
26220
26283
26327
26332
26383
26568
26616
26638
26672
26699
26769
26838
26859
26922
27034
27050
27059
27064
27124
27191
27267
27320
27429
27462
27570
27573
27875
27904
27958
27989
28064
28187
28224
28251
28389
28436
28538
28574
28847
28858
28862
28886
28922
29012
29072
29083
29125
29156
29236
29444
29592
29636
29639
29643
29719
29753
29761
29777
29817
29822
29985
30021
30034
30078
30159
30316
30324
30325
30440
30450
30576
30668
30745
30797
31023
31035
31075
31100
31127
31215
31242
31244
31288
31304
31384
31390
31451
31496
31536
31537
31574
31646
31679
31696
31802
31826
31895
31989
32079
32088
32110
32129
32175
32213
32219
32262
32370
32420
32424
32473
32497
32657
32673
32685
32712
32809
32811
32813
32892
32897
32960
33069
33163
33176
33187
33321
33452
33475
33792
33923
33927
34200
34243
34309
34389
34576
34661
34693
34719
34819
34882
34940
34977
34994
35013
35088
35123
35159
35177
35271
35294
35560
35565
35567
35613
35616
35716
35797
35945
35956
35973
36009
36033
36069
36164
36171
36417
36488
36514
36523
36576
36764
36780
36882
36900
37099
37143
37249
37308
37345
37397
37469
37573
37695
37806
37825
37919
37950
38209
38363
38374
38434
38652
38704
38826
38878
38945
39045
39114
39129
39153
39221
39316
39374
39488
39532
39564
39593
39711
39772
39819
39883
40015
40032
40048
40085
40119
40133
40275
40322
40555
40852
