147
178
387
427
436
453
509
569
675
1023
1233
1237
1245
1356
1377
1405
1627
1678
1719
1763
1807
1923
1995
2025
2122
2155
2171
2250
2382
2392
2447
2479
2713
2795
2916
2923
3084
3139
3140
3163
3166
3236
3243
3316
3327
3329
3353
3425
3453
3473
3484
3504
3515
3541
3638
3663
3770
3814
3842
3888
3982
4093
4101
4105
4116
4122
4146
4159
4183
4261
4263
4379
4390
4610
4743
4840
4909
4942
4969
4974
4996
5040
5100
5127
5145
5220
5224
5277
5397
5476
5540
5622
5659
5691
5710
5744
5776
5778
5809
5827
5863
6091
6094
6154
6200
6239
6245
6253
6336
6342
6430
6439
6497
6596
6674
6681
6761
6808
6858
6905
6957
7083
7128
7166
7181
7225
7285
7316
7367
7387
7405
7427
7509
7511
7520
7532
7560
7587
7638
7723
7833
7869
7895
7911
7939
7967
8070
8094
8283
8329
8513
8549
8711
8752
8838
8874
8895
9217
9254
9357
9431
9464
9471
9506
9551
9567
9636
9707
9715
9777
9872
9915
9971
10036
10078
10104
10162
10251
10276
10324
10411
10468
10504
10543
10630
10632
10683
10712
10812
10814
10904
10915
10966
11056
11077
11108
11155
11192
11310
11396
11649
11691
11695
11725
11735
11794
11986
12028
12042
12134
12185
12210
12223
12233
12293
12306
12311
12314
12347
12382
12399
12434
12448
12501
12533
12536
12556
12667
12740
12753
12767
12813
12889
12896
12968
12970
13035
13057
13102
13144
13157
13296
13315
13322
13400
13621
13695
13736
13750
13773
13791
13873
13885
13967
13982
14049
14128
14140
14185
14203
14259
14277
14332
14429
14486
14683
14715
14718
14744
14747
14837
14849
14876
14968
15017
15127
15298
15302
15477
15610
15702
15782
16022
16193
16283
16344
16432
16436
16446
16533
16679
16774
16845
16894
16965
16975
17106
17119
17253
17322
17324
17370
17438
17512
17541
17557
17591
17714
17835
17854
17920
17974
17995
18003
18095
18137
18263
18278
18292
18302
18322
18366
18414
18481
18676
18724
18746
18913
18925
18960
18965
19040
19054
19062
19168
19186
19200
19204
19220
19259
19395
19502
19515
19517
19751
19874
19925
19948
20050
20140
20155
20265
20277
20363
20408
20490
20508
20510
20536
20651
20676
20793
20879
20978
21052
21152
21241
21256
21349
21378
21430
21489
21542
21544
21568
21587
21681
21691
21732
21797
21819
21858
21917
21959
21974
21988
22067
22076
22143
22306
22343
22364
22442
22489
22524
22640
22651
22668
22749
22922
23124
23127
23146
23186
23327
23445
23490
23699
23718
23720
23771
23813
23857
23969
24036
24087
24100
24152
24161
24175
24230
24233
24247
24251
24334
24456
24617
24694
24732
24772
24774
24848
24854
24869
24890
24905
24992
25001
25003
25007
25061
25104
25122
25233
25273
25285
25508
25631
25672
25702
25774
25818
25941
26014
26128
26217
26251
26361
26447
26454
26466
26514
26562
26563
26572
26590
26597
26661
26752
26967
26982
27174
27193
27214
27262
27306
27376
27411
27436
27524
27584
27631
27638
27730
27796
27878
27952
28188
28279
28308
28466
28517
28667
28771
28842
28876
28947
28966
29049
29097
29140
29192
29232
29355
29451
29534
29708
29748
29755
29766
29792
29843
29849
29864
30071
30200
30208
30219
30287
30312
30329
30426
30478
30496
30519
30541
30560
30715
30724
30879
30966
31017
31018
31219
31256
31258
31376
31389
31580
31599
31648
31739
31766
31855
32012
32173
32187
32201
32204
32238
32254
32300
32543
32560
32608
32757
32792
32828
32909
33117
33120
33129
33168
33190
33387
33391
33411
33578
33591
33621
33663
33664
33700
33712
33733
33773
33774
33846
33928
33932
33948
34032
34124
34283
34331
34445
34578
34659
34738
34763
34786
34796
34912
34914
34937
34951
34976
34984
35011
35043
35280
35320
35404
35428
35499
35572
35588
35704
35705
35724
35816
35845
35944
35982
36015
36057
36068
36130
36141
36143
36273
36279
36315
36467
36543
36550
36587
36601
36614
36666
36771
36773
36856
36869
36870
36888
36980
37017
37082
37106
37139
37140
37145
37244
37263
37271
37337
37380
37460
37498
37628
37647
37669
37808
37809
37828
37910
37937
38022
38028
38043
38145
38154
38172
38229
38236
38246
38313
38497
38515
38569
38577
38612
38618
38668
38680
38752
38757
38778
38888
39072
39120
39183
39190
39225
39238
39568
39584
39686
39769
39806
39823
39990
40024
40035
40046
40113
40207
40209
40214
40299
40349
40354
40404
40414
40510
40611
40715
40729
40835
15
96
139
221
232
292
306
333
398
518
586
662
718
742
747
782
803
807
835
894
984
1041
1098
1113
1151
1203
1210
1216
1282
1291
1455
1502
1546
1653
1751
1801
1811
1938
1946
1959
1977
1993
2024
2233
2312
2468
2498
2510
2521
2616
2668
3066
3116
3122
3159
3233
3245
3331
3393
3482
3564
3632
3757
3848
3960
4037
4038
4058
4180
4266
4295
4309
4376
4394
4449
4545
4688
4726
4738
4741
4821
5154
5157
5226
5240
5258
5309
5396
5435
5480
5647
5706
5764
5822
5882
5907
5954
6036
6113
6118
6193
6195
6208
6317
6335
6338
6398
6506
6600
6695
6696
6875
7073
7206
7219
7237
7332
7425
7530
7537
7573
7708
7784
7958
7976
8049
8309
8410
8439
8519
8560
8637
8674
8688
8724
8746
8768
8774
9051
9094
9206
9347
9398
9441
9569
9600
9614
9668
9670
9723
9735
9751
9767
9789
9814
9836
9917
9918
10004
10024
10064
10102
10182
10193
10245
10295
10505
10631
10661
10682
10693
10719
10730
10842
10902
10911
10985
11036
11140
11302
11418
11429
11477
11543
11602
11688
11896
11900
11918
11966
11974
12139
12305
12422
12447
12526
12528
12606
12607
12994
13009
13032
13059
13113
13228
13257
13263
13342
13389
13530
13541
13625
13669
13897
13980
13987
14026
14097
14184
14298
14359
14529
14622
14775
14777
14864
14896
15018
15033
15051
15147
15216
15217
15271
15285
15288
15336
15400
15425
15463
15497
15552
15640
15674
15754
15821
15838
15898
15930
15932
15933
15939
16049
16115
16326
16449
16676
16798
16803
16896
16943
17005
17009
17032
17062
17065
17083
17116
17167
17197
17217
17237
17238
17272
17391
17408
17462
17494
17516
17739
17753
17788
17879
17902
17911
17915
18026
18027
18047
18072
18077
18096
18140
18164
18296
18300
18304
18438
18489
18493
18505
18535
18626
18704
18715
18721
18848
19005
19034
19053
19057
19078
19142
19153
19171
19351
19466
19486
19580
19581
19620
19789
19815
19821
19843
19871
20165
20302
20319
20342
20374
20415
20592
20627
20641
20647
20714
20784
20800
20845
20859
20892
21104
21246
21252
21370
21407
21646
21676
21695
21738
21808
21833
21839
22192
22276
22300
22408
22414
22585
22732
22784
22859
22885
22900
22924
23007
23026
23085
23141
23145
23278
23477
23521
23574
23603
23615
23670
23676
23769
23866
23881
23891
23902
24004
24086
24112
24406
24525
24536
24549
24574
24645
24780
24797
24826
24842
24886
24909
24926
24945
24958
25033
25034
25039
25043
25096
25171
25232
25282
25288
25317
25385
25614
25719
25778
25851
25902
25991
26062
26101
26108
26125
26142
26212
26283
26327
26332
26383
26568
26616
26638
26769
26781
26815
26838
26859
26922
27034
27050
27059
27124
27191
27267
27320
27429
27462
27555
27570
27573
27875
27904
27958
27968
27989
27997
28047
28064
28187
28224
28227
28251
28292
28389
28436
28538
28574
28858
28862
28886
28922
28934
28972
29012
29032
29072
29083
29125
29156
29191
29444
29466
29504
29592
29639
29719
29753
29761
29822
30021
30185
30316
30324
30325
30401
30440
30450
30576
30668
30727
30745
30797
31012
31023
31075
31100
31127
31242
31288
31304
31384
31390
31481
31496
31536
31537
31574
31646
31679
31802
31826
31895
32079
32088
32110
32129
32175
32213
32219
32262
32366
32370
32420
32473
32497
32657
32673
32712
32813
32816
32892
32960
33069
33163
33176
33189
33321
33452
33475
33566
33643
33792
33923
33927
34100
34200
34243
34309
34563
34576
34620
34661
34693
34703
34719
34819
34940
34977
34994
35013
35086
35123
35159
35177
35253
35271
35294
35448
35478
35560
35565
35567
35613
35616
35716
35797
35902
35945
35956
35973
36009
36033
36069
36164
36171
36417
36488
36514
36523
36545
36576
36579
36627
36686
36706
36777
36780
36882
37099
37143
37249
37308
37345
37469
37594
37695
37806
37919
37950
38091
38209
38363
38374
38434
38704
38810
38878
39045
39081
39153
39221
39245
39316
39374
39488
39532
39564
39593
39599
39617
39711
39772
39795
39819
39883
40015
40032
40085
40133
40275
40322
40555
40747
40852
