17
147
178
215
387
427
436
509
569
675
1023
1233
1237
1356
1377
1405
1431
1639
1678
1719
1726
1763
1807
1923
1995
2122
2155
2171
2250
2298
2375
2382
2392
2479
2670
2713
2795
2916
2997
3084
3139
3140
3163
3166
3236
3243
3316
3327
3329
3353
3425
3453
3473
3484
3504
3515
3541
3596
3638
3641
3663
3770
3814
3842
3888
3982
4093
4101
4116
4122
4159
4183
4261
4263
4350
4379
4390
4614
4743
4840
4909
4942
4969
4974
4996
5031
5040
5100
5145
5220
5277
5397
5432
5476
5540
5622
5659
5682
5691
5740
5744
5776
5778
5827
5863
5899
6068
6091
6094
6154
6200
6239
6253
6336
6342
6430
6439
6510
6596
6674
6808
6823
6858
6905
7083
7166
7170
7181
7183
7274
7285
7316
7367
7387
7427
7451
7520
7532
7560
7587
7638
7723
7895
7911
7938
7939
7967
8070
8094
8283
8329
8440
8513
8549
8806
8838
8861
9208
9217
9357
9464
9471
9506
9551
9564
9609
9636
9707
9715
9777
9971
9997
10036
10078
10084
10162
10251
10324
10384
10411
10468
10504
10520
10543
10630
10632
10683
10710
10814
10915
10966
11056
11077
11108
11192
11310
11317
11341
11396
11691
11695
11725
11794
11986
12019
12042
12134
12173
12185
12210
12233
12293
12306
12311
12314
12347
12382
12399
12434
12448
12501
12518
12536
12556
12736
12740
12753
12765
12767
12813
12866
12889
12896
12968
13035
13057
13102
13144
13157
13296
13315
13322
13339
13400
13621
13643
13695
13716
13736
13750
13755
13773
13791
13873
13885
13982
14049
14128
14140
14185
14203
14259
14683
14715
14718
14725
14837
14849
14876
14968
15017
15112
15127
15298
15477
15610
15632
15702
15782
15906
16193
16283
16432
16436
16533
16679
16774
16845
16875
16894
17022
17106
17119
17253
17322
17370
17381
17438
17557
17591
17714
17824
17835
17854
17881
17920
17974
17995
18003
18095
18137
18263
18278
18292
18302
18322
18414
18481
18637
18676
18724
18746
18844
18913
18925
18965
19040
19054
19062
19113
19186
19200
19220
19366
19395
19502
19515
19517
19751
19874
19925
19948
20050
20155
20265
20277
20363
20408
20510
20637
20651
20676
20793
20879
21052
21211
21241
21256
21259
21349
21378
21386
21430
21489
21542
21544
21587
21630
21681
21691
21732
21755
21762
21765
21819
21858
21905
21917
21958
21959
21974
21988
22076
22143
22306
22343
22442
22489
22524
22640
22651
22668
22740
22749
22904
22922
22969
23124
23127
23146
23184
23327
23330
23445
23490
23516
23689
23699
23718
23771
23813
23857
23969
23981
24100
24152
24161
24175
24230
24233
24251
24334
24420
24456
24617
24632
24694
24732
24772
24774
24848
24854
24869
24890
24905
24932
24992
25001
25003
25007
25061
25122
25233
25273
25423
25631
25702
25774
25818
25941
26014
26128
26217
26251
26447
26454
26466
26543
26563
26565
26572
26590
26597
26661
26684
26752
26967
26982
27174
27192
27193
27214
27243
27262
27306
27376
27411
27436
27524
27551
27631
27638
27730
27796
27952
28308
28310
28517
28614
28667
28842
28876
28947
28966
29049
29097
29140
29192
29232
29260
29355
29391
29451
29505
29534
29708
29718
29748
29755
29766
29843
29849
29864
29922
30071
30128
30200
30208
30219
30287
30312
30329
30330
30422
30426
30478
30496
30519
30541
30560
30715
30756
30787
30879
30913
30966
31017
31219
31256
31258
31376
31389
31513
31580
31648
31739
31766
31855
31938
32012
32121
32173
32187
32238
32300
32543
32608
32757
32792
32828
32909
33002
33120
33129
33168
33185
33190
33344
33387
33391
33411
33457
33578
33591
33621
33663
33664
33667
33688
33700
33712
33733
33773
33774
33928
33932
33948
34032
34151
34202
34283
34578
34609
34659
34696
34738
34763
34786
34796
34888
34912
34937
34951
34984
35003
35011
35043
35213
35280
35320
35404
35428
35499
35572
35588
35704
35705
35724
35816
35845
35944
35972
35982
36015
36068
36130
36141
36143
36204
36273
36315
36467
36543
36544
36550
36587
36601
36614
36666
36771
36773
36815
36869
36870
36888
36980
37017
37082
37139
37140
37244
37252
37263
37271
37380
37495
37498
37602
37628
37647
37669
37680
37828
37910
37937
38043
38106
38145
38154
38172
38229
38246
38313
38569
38577
38612
38618
38650
38668
38680
38752
38757
38778
38779
38888
39072
39120
39183
39225
39238
39404
39536
39568
39584
39686
39806
39823
39925
39990
40024
40035
40046
40113
40120
40209
40214
40299
40349
40404
40414
40510
40653
40695
40715
40729
15
57
96
139
232
292
296
306
333
398
518
573
586
662
718
742
747
782
803
824
835
894
901
984
1041
1091
1098
1113
1151
1162
1203
1210
1282
1291
1423
1455
1653
1751
1938
1946
1959
1977
1993
1998
2024
2233
2274
2312
2436
2468
2498
2510
2521
2616
2668
2776
3066
3116
3122
3159
3233
3245
3303
3331
3393
3482
3535
3564
3632
3757
3848
3960
4037
4038
4138
4180
4266
4295
4309
4376
4394
4449
4545
4573
4688
4726
4738
4741
4821
4877
5006
5154
5157
5240
5258
5309
5396
5435
5480
5647
5706
5764
5828
5882
5907
5930
5954
6036
6113
6114
6118
6193
6195
6208
6254
6317
6335
6338
6600
6695
6696
6700
6779
6875
7073
7206
7219
7237
7332
7425
7530
7537
7642
7708
7784
7800
7958
7976
8309
8519
8637
8674
8688
8746
8768
8774
9051
9094
9206
9266
9347
9441
9569
9600
9614
9668
9670
9723
9735
9767
9814
9836
9906
9917
9918
10024
10049
10064
10182
10193
10295
10505
10631
10652
10661
10682
10693
10719
10730
10842
10902
10911
10985
11140
11167
11429
11477
11523
11543
11688
11703
11896
11900
11918
11966
11974
12139
12183
12422
12447
12527
12528
12606
12607
12797
12994
13009
13032
13059
13113
13228
13257
13263
13342
13373
13389
13530
13541
13669
13897
13980
13987
14097
14106
14184
14359
14529
14622
14775
14777
14864
14896
15018
15033
15051
15147
15216
15285
15288
15425
15463
15490
15497
15509
15541
15552
15674
15754
15755
15770
15821
15838
15898
15930
15932
15933
15939
16011
16049
16115
16326
16449
16621
16676
16798
16896
16943
17005
17032
17062
17083
17116
17122
17167
17197
17217
17237
17238
17272
17391
17408
17462
17494
17516
17734
17739
17753
17902
17911
17915
18026
18027
18047
18072
18096
18140
18161
18164
18296
18300
18304
18438
18493
18505
18535
18626
18664
18704
18768
18811
18848
19005
19034
19047
19053
19078
19142
19153
19171
19486
19580
19581
19620
19780
19789
19792
19800
19815
19821
19843
19871
20095
20165
20319
20342
20374
20415
20592
20647
20695
20714
20784
20800
20859
20892
20954
20965
21104
21113
21246
21381
21407
21646
21676
21695
21738
21808
21833
21839
22192
22236
22276
22300
22414
22585
22732
22859
22900
22924
22977
23007
23026
23085
23141
23145
23278
23344
23477
23521
23574
23603
23670
23676
23769
23881
23891
23902
24004
24275
24406
24417
24525
24536
24549
24574
24645
24780
24797
24886
24909
24926
24945
24958
25032
25033
25034
25043
25096
25125
25171
25232
25282
25317
25385
25560
25614
25719
25750
25778
25851
25991
26062
26101
26108
26125
26212
26283
26327
26332
26383
26568
26616
26638
26699
26781
26815
26838
26859
26922
27034
27050
27059
27064
27124
27191
27429
27462
27555
27570
27875
27904
27958
27968
27989
28047
28064
28224
28227
28251
28436
28538
28847
28858
28862
28886
28922
28934
28972
28986
29012
29032
29072
29125
29156
29191
29236
29592
29636
29639
29643
29753
29761
29777
29817
29822
29985
30034
30078
30185
30324
30325
30401
30450
30576
30641
30668
30727
30745
31012
31035
31100
31127
31215
31242
31244
31288
31304
31451
31481
31537
31574
31646
31696
31802
31826
31895
31989
32088
32110
32175
32213
32219
32262
32366
32420
32424
32473
32497
32513
32657
32673
32685
32712
32809
32811
32813
32816
32897
32960
33069
33163
33176
33189
33321
33566
33643
33792
33923
34100
34200
34243
34309
34389
34563
34576
34620
34661
34703
34719
34819
34882
34940
34977
34994
35086
35088
35123
35159
35177
35271
35294
35448
35459
35478
35560
35565
35567
35613
35616
35716
35797
35902
35945
35956
35973
36009
36069
36164
36171
36417
36488
36523
36576
36579
36627
36686
36706
36764
36777
36882
37099
37143
37249
37308
37345
37397
37469
37573
37594
37695
37806
37825
37919
37950
38091
38363
38374
38434
38652
38826
38878
38945
39081
39129
39153
39316
39374
39488
39532
39564
39593
39599
39617
39711
39772
39795
39819
39883
40015
40032
40048
40085
40119
40133
40275
40322
40555
40747
40852
