178
215
371
387
436
509
569
675
1007
1023
1233
1237
1245
1356
1405
1627
1639
1678
1719
1726
1807
1923
1995
2025
2122
2171
2250
2298
2375
2382
2392
2447
2479
2670
2713
2795
2923
2997
3139
3140
3163
3166
3316
3327
3329
3353
3473
3484
3504
3515
3541
3596
3638
3641
3663
3814
3842
3888
4093
4122
4146
4159
4183
4261
4263
4350
4379
4390
4610
4743
4840
4909
4942
4969
4974
4996
5031
5040
5127
5145
5220
5277
5432
5476
5540
5622
5659
5682
5691
5744
5776
5827
6068
6094
6154
6200
6239
6245
6253
6342
6430
6439
6497
6510
6596
6674
6681
6761
6808
6823
6858
6905
6957
7128
7170
7183
7225
7274
7285
7316
7387
7427
7451
7509
7520
7532
7560
7587
7723
7833
7861
7869
7895
7938
7939
8070
8094
8283
8329
8440
8501
8513
8549
8711
8752
8806
8838
8861
8874
8895
9208
9217
9254
9357
9431
9464
9471
9506
9551
9567
9609
9707
9715
9872
9915
9997
10078
10084
10104
10162
10251
10276
10324
10384
10468
10504
10520
10543
10630
10712
10814
10904
10915
10966
11077
11108
11155
11192
11310
11317
11341
11396
11649
11691
11695
11725
11735
11765
11794
11986
12019
12028
12042
12134
12173
12185
12210
12223
12293
12311
12314
12347
12382
12434
12448
12501
12518
12533
12536
12556
12736
12740
12753
12765
12767
12813
12866
12896
12968
12970
13035
13057
13102
13144
13157
13315
13322
13339
13400
13556
13643
13695
13716
13736
13750
13773
13791
13885
13967
14049
14128
14140
14185
14203
14277
14332
14429
14486
14683
14725
14744
14747
14837
14876
14968
15017
15112
15127
15298
15302
15477
15610
15632
15702
16193
16283
16344
16432
16436
16446
16533
16556
16679
16774
16875
16975
17022
17106
17119
17253
17322
17381
17438
17512
17541
17557
17591
17714
17824
17835
17854
17881
17974
17995
18003
18095
18137
18263
18278
18283
18302
18322
18366
18414
18481
18637
18676
18746
18913
18925
18960
18965
19054
19062
19113
19168
19186
19200
19220
19259
19366
19395
19502
19515
19751
19874
19925
20050
20120
20140
20155
20265
20277
20363
20408
20490
20508
20510
20637
20651
20793
20879
20978
21052
21152
21211
21241
21256
21259
21349
21378
21386
21430
21489
21542
21544
21568
21587
21630
21681
21691
21732
21755
21762
21765
21797
21819
21858
21905
21917
21958
21959
21974
21988
22076
22306
22364
22442
22524
22640
22651
22668
22740
22749
22922
23124
23127
23186
23327
23330
23445
23490
23516
23689
23718
23720
23771
23857
23969
23981
24036
24087
24152
24161
24175
24233
24247
24251
24334
24456
24694
24732
24772
24848
24854
24869
24890
24905
24916
24932
24992
25001
25007
25061
25122
25233
25285
25423
25508
25631
25672
25702
25774
25818
26128
26217
26251
26361
26447
26454
26466
26543
26562
26563
26590
26597
26661
26684
26752
26967
27174
27192
27193
27214
27243
27306
27376
27411
27436
27524
27551
27584
27631
27878
27952
28071
28188
28279
28308
28310
28466
28614
28667
28771
28842
28876
28947
28966
29097
29140
29192
29232
29355
29451
29505
29700
29708
29718
29748
29755
29766
29792
29843
29849
29864
29971
30071
30208
30219
30312
30329
30330
30422
30426
30478
30519
30541
30560
30715
30724
30787
30879
30913
30966
31018
31219
31256
31258
31376
31389
31513
31580
31599
31648
31739
31766
31855
31938
32012
32117
32121
32173
32187
32204
32300
32543
32553
32560
32608
32757
32828
32909
33002
33117
33120
33129
33185
33190
33265
33344
33387
33391
33411
33457
33578
33591
33621
33663
33664
33667
33688
33712
33733
33773
33774
33846
34124
34151
34202
34283
34609
34659
34696
34738
34763
34786
34796
34846
34888
34912
34914
34937
34951
34976
35003
35011
35043
35213
35280
35389
35404
35428
35499
35572
35588
35704
35705
35724
35816
35845
35944
35972
35982
36057
36068
36130
36141
36143
36204
36273
36315
36467
36543
36544
36550
36601
36614
36666
36771
36815
36856
36869
36870
36888
36980
37082
37139
37140
37145
37244
37252
37271
37337
37380
37460
37495
37498
37602
37628
37647
37669
37809
37937
37953
38022
38028
38043
38145
38154
38172
38229
38497
38515
38569
38577
38612
38650
38668
38680
38752
38757
38778
38779
38888
39072
39120
39183
39225
39404
39536
39568
39584
39769
39806
39925
39990
40035
40046
40082
40120
40173
40207
40209
40214
40299
40349
40354
40404
40414
40611
40653
40715
40729
40835
15
57
96
139
221
232
306
398
518
573
586
662
663
718
742
747
782
803
807
824
835
894
984
1091
1098
1113
1151
1203
1210
1216
1282
1291
1423
1437
1438
1455
1502
1546
1650
1653
1751
1801
1811
1938
1977
2233
2274
2312
2337
2436
2468
2498
2510
2521
2668
2776
3066
3122
3233
3245
3303
3331
3393
3465
3482
3535
3564
3632
3757
3848
3960
4037
4038
4058
4138
4180
4266
4295
4309
4376
4394
4449
4688
4726
4738
4741
4821
4877
5006
5112
5154
5157
5258
5309
5396
5435
5480
5647
5822
5828
5907
5930
5954
6036
6113
6114
6118
6193
6195
6208
6254
6317
6335
6338
6398
6506
6600
6695
6696
6700
6779
6875
7008
7073
7206
7219
7237
7332
7425
7530
7537
7573
7708
7784
7800
7958
8012
8049
8309
8410
8439
8519
8560
8637
8688
8724
8746
8768
8774
9051
9094
9206
9266
9398
9441
9569
9600
9614
9668
9670
9735
9751
9767
9789
9814
9836
9917
10004
10049
10064
10102
10182
10245
10425
10505
10631
10661
10682
10693
10719
10730
10779
10842
10902
10911
10985
11140
11302
11418
11429
11477
11523
11543
11688
11703
11896
11900
11918
11966
11974
12139
12183
12305
12422
12526
12527
12528
12606
12607
12797
12994
13009
13032
13059
13113
13257
13263
13342
13373
13389
13488
13530
13541
13625
13897
13980
14097
14106
14298
14359
14529
14775
14777
14789
14864
15018
15033
15051
15147
15216
15217
15271
15285
15288
15425
15490
15497
15509
15541
15640
15674
15754
15755
15770
15838
15898
15930
15932
15933
15939
16011
16115
16326
16449
16621
16798
16803
16896
16943
17009
17032
17062
17065
17083
17116
17122
17167
17197
17217
17237
17238
17272
17391
17462
17494
17516
17734
17753
17788
17879
17902
17911
17915
18026
18027
18047
18072
18096
18140
18161
18164
18296
18300
18304
18438
18489
18493
18505
18535
18664
18715
18721
18768
18811
18848
19005
19047
19053
19057
19142
19153
19171
19351
19466
19486
19580
19581
19620
19780
19800
19821
20165
20302
20319
20322
20342
20374
20415
20592
20627
20647
20695
20714
20784
20800
20845
20859
20883
20892
20954
20965
21104
21113
21246
21252
21370
21381
21407
21646
21676
21695
21738
21808
21833
22192
22236
22408
22414
22585
22732
22784
22859
22885
22900
22924
22977
23007
23026
23141
23278
23344
23477
23521
23574
23615
23676
23769
23866
23881
23891
23902
24004
24086
24112
24275
24406
24417
24525
24536
24549
24574
24611
24645
24780
24797
24842
24886
24926
24942
24945
24958
25032
25033
25034
25039
25043
25096
25125
25171
25232
25288
25317
25385
25446
25560
25614
25778
25851
25902
26062
26101
26125
26142
26212
26220
26283
26327
26332
26333
26383
26568
26616
26638
26672
26699
26769
26781
26838
26859
26922
27034
27050
27059
27064
27124
27191
27429
27462
27555
27570
27573
27875
27904
27958
27968
27989
27997
28064
28187
28224
28227
28251
28389
28436
28538
28858
28886
28922
28972
28986
29012
29032
29072
29083
29125
29156
29191
29236
29444
29466
29504
29592
29636
29639
29643
29753
29761
29777
29817
29822
29985
30021
30078
30095
30185
30316
30324
30401
30440
30450
30576
30641
30668
30745
30797
31012
31023
31035
31100
31127
31215
31242
31244
31288
31304
31384
31390
31451
31496
31536
31537
31646
31679
31696
31802
31895
31989
32079
32129
32175
32213
32219
32366
32370
32420
32424
32497
32513
32657
32673
32712
32809
32811
32813
32816
32897
33163
33176
33187
33189
33321
33452
33475
33566
33643
33792
33923
34100
34200
34309
34563
34576
34620
34661
34693
34703
34719
34882
34940
34977
34994
35088
35123
35159
35177
35271
35294
35448
35459
35478
35560
35565
35567
35616
35797
35902
35956
36009
36033
36069
36164
36171
36417
36488
36514
36523
36545
36579
36627
36686
36706
36764
36777
36780
36882
37099
37143
37249
37308
37345
37397
37469
37573
37594
37695
37806
38091
38374
38434
38652
38704
38810
38878
38945
39045
39081
39114
39153
39245
39316
39374
39488
39532
39593
39599
39617
39711
39772
39819
40015
40032
40048
40085
40119
40133
40275
40322
40555
40747
40852
