147
178
371
387
427
453
509
569
1007
1023
1233
1237
1356
1377
1431
1639
1678
1719
1763
1807
1995
2025
2122
2155
2250
2298
2372
2375
2382
2447
2479
2670
2713
2795
2916
2997
3140
3163
3166
3236
3243
3316
3327
3329
3353
3425
3453
3473
3484
3504
3515
3541
3596
3641
3663
3770
3814
3842
3888
3982
4116
4122
4146
4159
4183
4261
4263
4350
4379
4390
4610
4614
4743
4840
4969
4974
4996
5031
5040
5100
5224
5432
5476
5540
5659
5682
5710
5740
5744
5776
5778
5809
5827
5863
5899
6068
6091
6094
6200
6239
6245
6253
6336
6430
6439
6510
6596
6681
6761
6808
6823
6858
6905
7083
7128
7166
7170
7183
7225
7274
7285
7316
7367
7387
7405
7427
7451
7511
7520
7532
7560
7587
7638
7669
7723
7833
7861
7895
7911
7938
7939
7967
8283
8329
8440
8501
8513
8711
8752
8806
8838
8861
8874
9208
9217
9254
9431
9464
9471
9506
9564
9567
9609
9636
9707
9777
9872
9915
9971
9997
10036
10078
10084
10251
10276
10384
10411
10468
10504
10520
10543
10630
10632
10683
10712
10904
10915
10966
11056
11077
11108
11155
11192
11310
11341
11396
11649
11691
11735
11765
11794
11986
12019
12028
12042
12134
12185
12233
12293
12306
12311
12314
12347
12382
12399
12434
12448
12501
12518
12533
12536
12556
12667
12736
12740
12765
12767
12813
12866
12889
12896
12968
12970
13035
13057
13102
13144
13296
13315
13322
13400
13450
13556
13621
13643
13716
13736
13750
13755
13773
13791
13873
13885
13967
13982
14049
14128
14185
14203
14259
14429
14486
14683
14715
14718
14725
14744
14747
14837
14849
14876
14968
15017
15112
15127
15298
15302
15610
15632
15702
15782
15906
16432
16436
16446
16533
16556
16774
16965
17022
17106
17119
17253
17370
17438
17512
17541
17557
17714
17824
17835
17854
17881
17920
17974
17995
18003
18095
18137
18263
18283
18292
18302
18366
18414
18481
18637
18676
18724
18746
18913
18960
18965
19040
19054
19062
19168
19186
19200
19204
19220
19366
19395
19502
19515
19517
19751
19874
19925
19948
20050
20120
20140
20155
20265
20277
20363
20408
20490
20508
20510
20637
20676
20793
20879
20978
21052
21152
21211
21241
21349
21378
21386
21489
21542
21544
21568
21587
21681
21691
21755
21762
21765
21797
21858
21905
21917
21958
21959
21974
21988
22067
22076
22143
22306
22343
22364
22442
22489
22524
22640
22651
22740
22749
22922
22969
23124
23127
23186
23327
23330
23445
23516
23689
23699
23718
23720
23771
23813
23857
23969
23981
24036
24087
24100
24152
24161
24175
24230
24247
24251
24334
24420
24456
24617
24632
24694
24772
24774
24854
24869
24905
24916
24932
24992
25001
25003
25007
25061
25104
25273
25285
25423
25631
25672
25702
25774
25818
25941
26014
26128
26217
26251
26447
26454
26466
26514
26543
26562
26563
26590
26597
26661
26684
26752
26967
26982
27174
27192
27214
27243
27376
27411
27436
27524
27551
27631
27638
27730
27878
27952
28071
28188
28308
28466
28614
28667
28771
28876
28947
29049
29097
29192
29232
29260
29355
29391
29451
29505
29534
29718
29755
29766
29792
29843
29849
29864
29922
29971
30071
30128
30219
30287
30312
30329
30330
30422
30426
30478
30496
30519
30560
30715
30724
30756
30787
30879
30913
30966
31017
31018
31258
31376
31389
31513
31580
31599
31648
31739
31855
31938
32012
32121
32173
32187
32201
32204
32238
32254
32300
32543
32553
32560
32608
32792
32828
32909
33002
33117
33168
33185
33190
33344
33391
33411
33457
33578
33591
33621
33663
33664
33667
33700
33712
33733
33846
33928
33932
33948
34032
34124
34151
34202
34283
34331
34445
34578
34659
34696
34738
34763
34786
34796
34846
34888
34914
34951
34976
35003
35011
35043
35213
35320
35389
35499
35572
35588
35704
35705
35816
35845
35944
35972
35982
36015
36057
36068
36130
36141
36143
36204
36273
36279
36315
36543
36544
36550
36587
36601
36614
36666
36771
36773
36856
36869
36870
36888
36980
37017
37082
37106
37139
37140
37145
37244
37263
37271
37337
37380
37460
37498
37602
37628
37647
37669
37680
37808
37809
37910
37937
37953
38022
38028
38043
38106
38145
38154
38172
38229
38236
38246
38497
38515
38569
38577
38612
38618
38650
38668
38680
38752
38757
38778
38779
38888
39072
39120
39183
39190
39225
39238
39404
39536
39568
39686
39769
39806
39823
39925
40024
40035
40046
40082
40113
40120
40173
40207
40209
40214
40299
40349
40354
40404
40414
40611
40653
40695
40715
40729
40835
15
57
96
139
232
292
296
306
333
398
573
586
616
662
663
718
742
747
782
803
807
824
835
894
901
984
1091
1151
1162
1203
1210
1216
1282
1423
1437
1438
1455
1502
1546
1650
1653
1751
1801
1811
1938
1946
1959
1977
1993
1998
2024
2233
2274
2312
2337
2436
2498
2510
2521
2776
3116
3122
3159
3233
3303
3393
3465
3535
3564
3757
4037
4038
4058
4138
4180
4266
4309
4376
4394
4449
4573
4688
4726
4738
4741
4821
5006
5112
5154
5258
5309
5396
5435
5480
5706
5764
5822
5828
5907
5954
6036
6113
6114
6118
6193
6195
6208
6254
6317
6335
6338
6398
6506
6695
6696
6700
7073
7206
7219
7237
7332
7425
7530
7537
7573
7642
7708
7784
7800
7976
8012
8309
8410
8439
8519
8560
8637
8674
8688
8724
8746
8768
9051
9094
9266
9398
9441
9600
9614
9670
9723
9735
9751
9767
9789
9814
9906
9917
9918
10004
10049
10064
10102
10182
10193
10245
10425
10505
10631
10652
10661
10682
10693
10719
10730
10779
10902
10911
10985
11036
11140
11167
11302
11418
11429
11477
11523
11543
11602
11688
11703
11896
11900
11918
11966
11974
12139
12183
12305
12422
12526
12527
12528
12606
12797
12994
13009
13032
13059
13113
13228
13257
13263
13342
13389
13488
13530
13541
13669
13897
13980
14026
14097
14184
14298
14359
14622
14777
14896
15018
15033
15051
15147
15216
15217
15218
15288
15336
15400
15425
15463
15490
15497
15509
15552
15640
15674
15754
15755
15770
15821
15838
15898
15930
15932
15933
15939
16011
16049
16115
16326
16449
16621
16676
16798
16803
16896
17005
17009
17032
17062
17065
17116
17122
17167
17171
17197
17217
17237
17272
17391
17462
17494
17516
17734
17753
17788
17879
17902
17911
17915
18026
18027
18047
18072
18077
18096
18140
18161
18164
18296
18300
18304
18438
18489
18505
18535
18664
18704
18721
18768
18811
18848
19005
19034
19053
19057
19078
19142
19153
19171
19351
19486
19580
19581
19620
19780
19792
19800
19815
19821
19843
19871
20095
20165
20302
20322
20342
20415
20627
20641
20647
20695
20714
20800
20845
20859
20883
20892
20965
21104
21252
21370
21381
21646
21676
21695
21738
21833
21839
22276
22408
22414
22585
22732
22784
22859
22885
22900
22924
23007
23026
23085
23141
23145
23278
23344
23477
23521
23574
23603
23615
23670
23676
23769
23866
23881
23891
23902
24112
24275
24406
24417
24525
24536
24549
24574
24611
24645
24780
24797
24826
24842
24886
24926
24942
24945
24958
25032
25034
25039
25043
25125
25232
25282
25288
25317
25446
25614
25719
25750
25778
25851
25902
25991
26062
26101
26108
26125
26142
26212
26283
26327
26332
26333
26616
26638
26769
26781
26815
26838
26859
26922
27034
27050
27059
27064
27124
27191
27267
27320
27429
27462
27555
27570
27573
27904
27958
27968
27989
28047
28187
28224
28227
28251
28292
28538
28574
28847
28862
28886
28922
28972
29032
29072
29083
29125
29156
29191
29236
29444
29466
29504
29592
29636
29639
29643
29719
29753
29777
29817
29822
30021
30034
30095
30159
30185
30324
30325
30401
30440
30450
30641
30727
30745
31012
31023
31075
31127
31242
31244
31304
31390
31451
31481
31496
31536
31537
31574
31679
31696
31802
31826
31895
31989
32079
32088
32110
32129
32175
32213
32219
32262
32366
32420
32424
32497
32513
32657
32673
32685
32712
32809
32811
32816
32892
32897
33163
33189
33321
33452
33566
33923
34100
34200
34243
34309
34389
34563
34620
34661
34693
34703
34719
34819
34940
34977
34994
35013
35086
35088
35123
35159
35253
35271
35294
35459
35478
35560
35565
35567
35616
35716
35797
35902
35945
35956
35973
36033
36164
36417
36514
36523
36545
36576
36579
36706
36764
36780
36900
37099
37143
37249
37345
37397
37469
37695
37825
37919
37950
38363
38374
38434
38652
38826
38878
38945
39045
39081
39114
39129
39221
39245
39316
39488
39532
39564
39593
39599
39617
39711
39772
39795
39819
40015
40032
40085
40119
40133
40275
40322
40555
40747
40852
