17
147
178
215
371
387
427
436
509
675
1007
1023
1233
1237
1245
1377
1431
1627
1639
1678
1719
1726
1763
1807
1923
1995
2155
2171
2250
2298
2447
2670
2713
2916
2923
2997
3084
3139
3140
3163
3166
3236
3243
3316
3327
3329
3353
3425
3473
3515
3541
3596
3638
3641
3770
3814
3842
3888
3982
4093
4105
4116
4122
4146
4159
4261
4263
4350
4379
4390
4610
4614
4743
4840
4909
4942
4969
4974
4996
5031
5040
5100
5127
5145
5220
5224
5277
5397
5432
5659
5682
5710
5744
5776
5778
5809
5827
5863
5899
6091
6094
6154
6200
6245
6253
6336
6342
6430
6439
6510
6596
6674
6681
6761
6823
6957
7083
7128
7166
7170
7181
7183
7225
7274
7285
7316
7367
7387
7405
7427
7451
7509
7532
7560
7587
7638
7669
7723
7833
7861
7869
7895
7911
7938
7939
8070
8094
8283
8329
8501
8549
8711
8752
8806
8838
8861
8874
8895
9208
9217
9254
9357
9431
9464
9471
9506
9551
9564
9567
9609
9636
9707
9777
9872
9915
9971
9997
10036
10078
10104
10324
10411
10468
10504
10520
10543
10630
10683
10710
10712
10812
10814
10915
10966
11056
11108
11155
11317
11341
11396
11649
11691
11695
11725
11735
11765
11794
11986
12028
12042
12173
12185
12210
12223
12233
12293
12306
12314
12347
12382
12399
12434
12448
12501
12533
12536
12736
12740
12765
12767
12866
12889
12896
12968
13035
13057
13102
13144
13157
13296
13315
13322
13339
13400
13450
13556
13621
13643
13716
13736
13750
13755
13773
13791
13873
13885
13967
13982
14049
14128
14140
14185
14259
14277
14332
14429
14486
14683
14715
14718
14725
14744
14747
14837
14849
14876
15017
15112
15298
15302
15477
15610
15702
15782
16193
16283
16436
16446
16533
16556
16774
16845
16875
16894
16965
16975
17119
17253
17322
17324
17370
17381
17438
17512
17591
17714
17824
17835
17881
17920
17974
17995
18003
18095
18137
18263
18283
18292
18302
18322
18366
18414
18637
18676
18746
18844
18913
18925
18960
18965
19040
19054
19062
19113
19168
19186
19200
19204
19220
19259
19366
19395
19502
19515
19517
19751
19874
19925
19948
20050
20120
20155
20265
20277
20363
20408
20490
20510
20536
20637
20651
20676
20793
20879
20978
21152
21211
21256
21259
21349
21378
21386
21430
21489
21542
21544
21568
21630
21681
21691
21732
21755
21762
21819
21858
21905
21917
21958
21974
21988
22067
22076
22143
22306
22343
22364
22442
22489
22640
22651
22668
22740
22749
22904
22969
23124
23127
23146
23184
23186
23327
23330
23445
23689
23699
23718
23720
23857
23981
24087
24100
24152
24161
24175
24230
24233
24247
24251
24420
24456
24617
24632
24694
24732
24774
24848
24869
24890
24916
24932
24992
25003
25061
25122
25233
25273
25423
25508
25631
25672
25702
25818
25941
26014
26128
26361
26447
26454
26466
26514
26543
26562
26563
26565
26572
26590
26597
26661
26684
26752
26967
26982
27174
27192
27193
27214
27243
27262
27306
27376
27436
27524
27584
27631
27638
27730
27796
27878
28188
28308
28310
28466
28517
28614
28667
28771
28842
28876
28947
28966
29049
29140
29192
29232
29355
29391
29451
29505
29534
29700
29718
29748
29755
29766
29792
29843
29849
29864
30128
30200
30208
30219
30287
30312
30330
30422
30426
30478
30496
30519
30541
30560
30715
30724
30756
30787
30913
30966
31018
31256
31258
31376
31580
31599
31648
31766
31855
32012
32117
32121
32173
32187
32201
32204
32238
32254
32300
32543
32553
32608
32757
32792
32828
32909
33002
33117
33120
33129
33168
33185
33190
33265
33344
33387
33391
33411
33457
33578
33621
33663
33664
33667
33688
33700
33712
33733
33773
33774
33846
33932
33948
34032
34151
34202
34283
34331
34578
34609
34659
34696
34738
34763
34786
34888
34912
34914
34976
34984
35003
35011
35043
35213
35280
35389
35404
35428
35499
35572
35588
35704
35705
35724
35816
35845
35944
35972
36068
36130
36141
36143
36204
36543
36544
36550
36587
36601
36614
36666
36771
36773
36815
36856
36870
36888
36980
37017
37082
37106
37139
37140
37145
37244
37252
37263
37271
37460
37498
37602
37628
37647
37669
37680
37808
37809
37828
37910
37937
37953
38022
38028
38043
38106
38145
38154
38172
38229
38236
38246
38313
38497
38569
38577
38612
38650
38668
38680
38757
38778
38779
38888
39120
39183
39190
39225
39238
39536
39584
39686
39806
39925
39990
40035
40046
40113
40120
40173
40207
40209
40214
40299
40349
40653
40715
40729
57
96
139
221
232
292
296
306
398
518
586
718
782
803
807
824
835
894
901
984
1041
1091
1098
1113
1162
1203
1210
1216
1282
1423
1438
1455
1546
1650
1751
1811
1938
1959
1977
1993
1998
2024
2233
2274
2312
2337
2436
2510
2521
2616
2668
3066
3116
3122
3159
3233
3245
3303
3331
3393
3465
3482
3564
3848
3960
4037
4038
4058
4180
4266
4295
4309
4376
4449
4545
4573
4726
4738
4741
4821
4877
5112
5157
5226
5240
5258
5309
5396
5480
5647
5706
5764
5822
5828
5882
5907
5930
5954
6036
6113
6114
6118
6193
6208
6254
6317
6338
6398
6506
6600
6700
6779
6875
7008
7073
7206
7219
7237
7425
7530
7537
7708
7784
7800
7958
7976
8012
8049
8410
8439
8560
8674
8746
8768
8774
9051
9094
9206
9266
9347
9398
9441
9569
9600
9614
9668
9670
9735
9751
9767
9789
9814
9836
9906
9917
10004
10049
10102
10182
10245
10295
10425
10505
10631
10652
10661
10682
10693
10730
10779
10842
10902
10911
10985
11036
11140
11167
11302
11429
11477
11523
11543
11602
11688
11703
11896
11900
11918
11966
11974
12183
12305
12422
12447
12527
12528
12606
12607
12797
12994
13009
13032
13059
13113
13156
13228
13257
13263
13342
13373
13389
13488
13541
13625
13897
13980
13987
14026
14184
14298
14359
14529
14777
14789
14864
14896
15018
15033
15051
15147
15216
15217
15218
15271
15285
15288
15425
15490
15497
15509
15541
15552
15640
15754
15755
15770
15821
15838
15898
15930
15932
15933
15939
16011
16049
16115
16326
16449
16621
16676
16798
16896
16943
17005
17009
17032
17062
17065
17083
17116
17122
17167
17171
17197
17238
17272
17391
17408
17462
17494
17516
17739
17753
17788
17879
17902
17911
18026
18027
18072
18077
18096
18140
18161
18164
18296
18304
18438
18489
18505
18626
18664
18704
18715
18721
18768
18811
18848
19005
19034
19047
19053
19057
19078
19142
19153
19171
19351
19486
19580
19581
19620
19780
19789
19792
19800
19815
19821
19843
19871
20095
20165
20302
20319
20322
20342
20374
20415
20592
20641
20647
20695
20800
20845
20883
20892
20954
20965
21104
21246
21370
21381
21407
21646
21676
21695
21808
21833
21839
22192
22236
22276
22300
22408
22414
22585
22732
22859
22885
22900
22924
22977
23026
23085
23145
23278
23344
23477
23574
23615
23670
23676
23769
23881
23891
23902
24004
24086
24112
24406
24417
24536
24549
24574
24611
24645
24780
24886
24909
24926
24942
24945
24958
25032
25033
25039
25043
25096
25125
25171
25232
25282
25288
25317
25385
25446
25560
25614
25719
25750
25778
25851
25902
25991
26062
26101
26108
26212
26220
26283
26327
26332
26333
26383
26616
26638
26672
26699
26769
26815
26838
26859
26922
27050
27059
27064
27191
27267
27320
27429
27462
27555
27570
27875
27904
27958
27968
27997
28064
28224
28227
28251
28292
28389
28436
28538
28574
28847
28858
28862
28886
28922
28934
28972
28986
29012
29032
29072
29083
29444
29466
29504
29592
29636
29639
29643
29753
29761
29822
29985
30021
30159
30185
30316
30401
30440
30450
30668
30727
30745
30797
31012
31035
31075
31100
31127
31215
31242
31288
31304
31390
31451
31496
31574
31646
31679
31696
31802
31826
31895
32079
32088
32110
32129
32175
32213
32219
32262
32366
32370
32420
32424
32473
32497
32513
32657
32673
32685
32712
32811
32813
32816
32892
32897
33069
33176
33187
33189
33321
33566
33643
33923
33927
34100
34200
34243
34309
34389
34620
34661
34693
34719
34882
34940
34977
34994
35013
35086
35088
35123
35177
35253
35271
35294
35448
35459
35560
35567
35613
35616
35716
35797
35902
35945
35956
36033
36069
36164
36171
36417
36488
36523
36545
36576
36579
36627
36686
36706
36764
36777
36780
36882
36900
37143
37249
37308
37345
37397
37469
37573
37594
37695
37806
37825
37919
37950
38091
38209
38363
38374
38434
38652
38704
38810
38878
38945
39045
39114
39129
39316
39488
39532
39564
39593
39599
39617
39711
39772
39795
39819
39883
40015
40032
40048
40085
40119
40322
40555
40747
40852
