17
147
178
215
371
387
427
436
453
509
569
675
1023
1233
1237
1245
1356
1405
1431
1627
1678
1719
1726
1763
1807
1923
1995
2025
2122
2155
2250
2372
2375
2382
2392
2447
2670
2713
2795
2923
3084
3139
3163
3166
3236
3243
3316
3327
3329
3353
3425
3453
3473
3484
3504
3541
3638
3641
3663
3770
3814
3842
3888
3982
4093
4101
4105
4116
4122
4146
4159
4183
4261
4263
4350
4390
4610
4743
4840
4942
4969
4974
4996
5040
5100
5127
5220
5224
5397
5432
5476
5540
5622
5659
5691
5740
5744
5776
5778
5827
6068
6091
6154
6200
6245
6253
6336
6342
6439
6497
6510
6596
6674
6681
6761
6808
6858
6905
6957
7083
7128
7166
7183
7225
7274
7316
7367
7387
7405
7427
7451
7509
7520
7532
7560
7587
7638
7669
7723
7833
7861
7869
7911
7939
7967
8094
8283
8329
8440
8501
8711
8752
8806
8861
8874
8895
9208
9217
9357
9464
9506
9551
9564
9567
9609
9715
9777
9915
9971
9997
10036
10078
10084
10162
10276
10324
10384
10411
10468
10520
10543
10630
10632
10683
10710
10712
10814
10904
10915
10966
11056
11077
11108
11155
11192
11310
11317
11341
11396
11649
11691
11695
11725
11735
11765
11794
11986
12019
12028
12134
12173
12185
12210
12223
12233
12306
12311
12314
12347
12382
12399
12448
12501
12518
12533
12556
12667
12736
12740
12753
12765
12767
12813
12889
12896
12970
13035
13057
13102
13144
13157
13315
13339
13400
13450
13556
13621
13643
13736
13750
13755
13873
13885
13967
14049
14128
14140
14185
14203
14332
14486
14683
14715
14725
14747
14849
14876
14968
15017
15112
15127
15298
15702
15782
15906
16022
16193
16283
16344
16432
16436
16446
16533
16556
16679
16774
16894
16965
16975
17022
17106
17119
17253
17322
17324
17370
17381
17438
17512
17541
17557
17824
17835
17854
17881
17920
17974
17995
18003
18095
18137
18263
18278
18292
18302
18366
18414
18481
18637
18676
18724
18746
18844
18913
18925
18960
18965
19040
19054
19168
19186
19200
19204
19220
19259
19366
19395
19502
19515
19517
19751
19925
19948
20120
20140
20155
20277
20408
20490
20508
20536
20637
20651
20676
20793
20879
21052
21241
21256
21259
21349
21386
21489
21542
21544
21587
21630
21681
21691
21732
21755
21762
21765
21797
21819
21858
21905
21917
21958
21959
21974
21988
22067
22076
22306
22343
22364
22442
22489
22524
22640
22651
22668
22749
22904
22922
22969
23124
23127
23184
23186
23327
23330
23445
23490
23699
23718
23720
23771
23813
23969
23981
24036
24100
24152
24161
24230
24233
24247
24251
24334
24420
24456
24617
24632
24694
24772
24848
24854
24869
24905
24916
24992
25001
25003
25007
25061
25122
25233
25273
25285
25423
25631
25672
25702
25774
25818
25941
26128
26217
26251
26454
26466
26514
26563
26565
26572
26590
26597
26661
26684
26752
26982
27174
27192
27214
27243
27262
27306
27376
27411
27436
27524
27584
27631
27638
27796
27952
28071
28279
28308
28310
28466
28517
28614
28667
28771
28876
28966
29049
29097
29140
29192
29260
29355
29391
29505
29534
29700
29708
29748
29755
29792
29843
29849
29864
29922
29971
30071
30128
30219
30287
30312
30329
30330
30422
30426
30496
30519
30541
30560
30715
30724
30756
30787
30879
30966
31017
31219
31256
31258
31376
31513
31580
31648
31739
31855
31938
32012
32117
32121
32187
32201
32204
32238
32300
32543
32560
32608
32792
32828
32909
33002
33117
33120
33129
33168
33185
33190
33265
33344
33387
33391
33411
33457
33578
33591
33621
33663
33664
33688
33700
33712
33733
33773
33774
33846
33928
33948
34032
34124
34151
34202
34283
34331
34445
34578
34609
34659
34763
34786
34796
34846
34912
34914
34937
34951
34976
34984
35003
35043
35213
35280
35320
35389
35404
35499
35572
35588
35704
35705
35724
35972
36015
36057
36068
36130
36141
36143
36204
36279
36315
36543
36544
36550
36601
36614
36666
36771
36773
36815
36856
36869
36870
36888
36980
37017
37082
37106
37140
37145
37252
37263
37271
37337
37380
37460
37495
37498
37602
37628
37647
37669
37680
37808
37828
37910
37937
37953
38028
38043
38106
38145
38154
38172
38229
38236
38313
38515
38569
38577
38612
38618
38668
38757
38779
39072
39183
39190
39225
39238
39536
39568
39584
39769
39925
40024
40035
40046
40082
40113
40173
40209
40214
40299
40354
40611
40653
40695
40715
40729
40835
15
96
139
221
292
296
306
333
398
573
586
616
662
718
742
747
803
807
824
835
901
1041
1098
1113
1151
1162
1203
1210
1216
1282
1291
1423
1437
1438
1502
1546
1650
1653
1751
1938
1946
1959
1977
1998
2024
2233
2312
2337
2436
2468
2498
2510
2616
2668
2776
3066
3116
3122
3159
3233
3245
3303
3331
3465
3482
3535
3564
3632
3757
3848
3960
4037
4038
4058
4138
4180
4266
4295
4376
4394
4449
4545
4573
4688
4726
4738
4741
4821
4877
5006
5112
5157
5226
5240
5258
5309
5396
5480
5706
5764
5828
5882
5907
5930
5954
6113
6114
6193
6208
6335
6398
6506
6600
6695
6700
6779
7008
7073
7206
7219
7237
7332
7537
7573
7642
7708
7784
7800
7958
7976
8049
8309
8410
8439
8560
8637
8674
8688
8724
8746
8768
8774
9266
9347
9398
9441
9569
9600
9614
9668
9670
9723
9735
9751
9789
9814
9836
9906
9917
9918
10004
10024
10064
10102
10182
10193
10245
10295
10505
10631
10652
10661
10682
10693
10719
10730
10779
10842
10902
10911
10985
11302
11418
11477
11523
11543
11602
11688
11703
11900
11966
11974
12139
12183
12305
12422
12447
12526
12527
12528
12606
12607
12797
12994
13009
13032
13059
13156
13228
13257
13263
13342
13373
13488
13530
13541
13625
13669
13897
13980
14097
14106
14184
14529
14622
14775
14777
14789
14864
15033
15051
15147
15216
15217
15218
15271
15285
15288
15336
15400
15425
15463
15490
15497
15509
15541
15552
15640
15674
15754
15770
15821
15898
15930
15932
15933
15939
16011
16049
16115
16326
16449
16621
16798
16803
16943
17009
17062
17083
17122
17167
17171
17197
17217
17238
17272
17391
17408
17462
17494
17516
17734
17739
17753
17788
17879
17902
17911
17915
18026
18027
18072
18096
18161
18164
18296
18300
18438
18489
18493
18505
18704
18715
18721
18848
19005
19034
19053
19057
19078
19142
19153
19171
19466
19486
19581
19620
19780
19789
19792
19800
19815
19821
19843
19871
20095
20165
20319
20322
20342
20374
20415
20627
20641
20647
20695
20714
20784
20800
20845
20859
20883
20892
20954
20965
21104
21113
21246
21252
21381
21407
21646
21676
21738
21808
21839
22192
22236
22276
22300
22408
22414
22585
22732
22784
22859
22885
22900
22924
22977
23007
23026
23085
23141
23278
23344
23477
23521
23574
23615
23676
23769
23866
23881
23891
23902
24004
24086
24112
24275
24406
24417
24549
24574
24645
24780
24797
24886
24909
24926
24942
24958
25033
25034
25043
25096
25125
25232
25282
25288
25317
25385
25446
25560
25614
25719
25750
25778
25851
25902
25991
26062
26101
26125
26142
26212
26220
26283
26327
26332
26333
26383
26568
26616
26638
26672
26781
26838
27034
27050
27059
27064
27124
27191
27267
27320
27462
27555
27573
27875
27904
27958
27989
27997
28047
28064
28187
28224
28227
28251
28292
28436
28538
28574
28847
28858
28862
28886
28922
28934
28972
28986
29012
29032
29072
29083
29125
29156
29236
29444
29466
29504
29592
29636
29639
29643
29719
29753
29777
29817
29822
29985
30021
30034
30078
30095
30159
30185
30324
30325
30401
30440
30450
30576
30641
30727
30797
31012
31023
31035
31075
31100
31127
31215
31242
31244
31288
31304
31384
31390
31481
31536
31537
31574
31646
31696
31895
31989
32079
32088
32110
32175
32213
32219
32366
32370
32420
32424
32497
32657
32673
32685
32712
32811
32813
32816
32892
32897
33069
33163
33176
33187
33189
33321
33452
33475
33792
33923
34100
34200
34243
34309
34389
34563
34576
34620
34661
34693
34703
34719
34819
34882
34977
35013
35086
35088
35123
35159
35177
35253
35271
35294
35448
35459
35478
35560
35565
35567
35613
35616
35797
35902
35945
35956
35973
36033
36069
36164
36171
36417
36488
36514
36523
36545
36576
36627
36686
36706
36764
36777
36780
36882
36900
37099
37143
37308
37345
37397
37469
37573
37594
37695
37806
37825
37919
37950
38091
38363
38434
38652
38704
38810
38826
38878
38945
39045
39081
39114
39129
39153
39221
39245
39316
39374
39488
39532
39593
39599
39617
39711
39795
39819
40015
40032
40048
40085
40119
40133
40322
40555
40747
40852
