17
147
178
215
371
387
427
436
453
509
569
675
1007
1023
1237
1245
1431
1627
1678
1719
1726
1807
1923
1995
2025
2122
2155
2171
2250
2298
2372
2375
2382
2479
2670
2713
2795
2923
3084
3139
3140
3163
3236
3316
3327
3329
3353
3425
3453
3473
3484
3504
3515
3541
3638
3641
3663
3770
3814
3842
3888
4093
4101
4105
4116
4122
4146
4159
4263
4350
4379
4390
4610
4614
4840
4942
4969
4974
4996
5031
5040
5100
5127
5145
5220
5224
5277
5397
5432
5540
5622
5682
5691
5710
5740
5744
5776
5778
5809
5827
5863
5899
6068
6091
6154
6200
6239
6245
6253
6336
6430
6439
6497
6510
6596
6674
6681
6761
6808
6823
6858
6905
6957
7083
7128
7166
7170
7225
7274
7285
7367
7387
7405
7427
7509
7520
7532
7560
7587
7638
7669
7723
7833
7861
7869
7895
7911
7939
7967
8070
8094
8329
8501
8513
8752
8806
8838
8874
8895
9217
9254
9357
9431
9464
9471
9506
9551
9564
9567
9609
9636
9707
9715
9777
9872
9915
9997
10036
10084
10104
10162
10251
10276
10324
10468
10504
10520
10632
10710
10712
10812
10814
10904
10915
10966
11056
11077
11108
11155
11310
11317
11341
11396
11649
11691
11695
11725
11735
11765
11986
12019
12028
12042
12134
12173
12185
12210
12223
12233
12293
12311
12314
12347
12382
12399
12434
12448
12501
12533
12536
12556
12740
12753
12765
12767
12813
12889
12896
12968
12970
13057
13102
13144
13157
13322
13400
13556
13621
13695
13716
13736
13750
13755
13773
13791
13873
13967
14049
14128
14140
14185
14277
14429
14683
14715
14718
14744
14747
14837
14849
14876
14968
15017
15112
15298
15302
15632
15702
15782
15906
16193
16283
16344
16432
16436
16446
16533
16679
16774
16845
16875
16894
16975
17022
17106
17253
17322
17324
17370
17381
17512
17541
17557
17591
17714
17824
17854
17881
17920
17974
17995
18003
18095
18137
18263
18278
18292
18322
18414
18481
18637
18676
18724
18746
18913
18925
19040
19054
19062
19113
19186
19204
19220
19259
19366
19395
19502
19515
19517
19751
19874
19925
19948
20050
20120
20140
20155
20265
20363
20408
20490
20508
20510
20536
20637
20651
20879
20978
21052
21256
21259
21349
21386
21430
21489
21542
21544
21587
21630
21681
21732
21755
21762
21765
21797
21819
21858
21905
21917
21959
21974
21988
22067
22076
22143
22306
22343
22489
22524
22640
22651
22668
22749
22904
22922
22969
23124
23127
23146
23186
23330
23445
23490
23516
23689
23699
23718
23720
23813
23969
23981
24036
24087
24100
24161
24230
24233
24247
24251
24334
24420
24456
24632
24694
24732
24772
24848
24854
24869
24905
24916
24992
25003
25007
25104
25122
25233
25285
25423
25508
25631
25672
25774
25818
25941
26014
26128
26217
26251
26361
26447
26454
26514
26543
26562
26563
26572
26590
26597
26684
26967
26982
27174
27192
27193
27214
27243
27262
27306
27376
27411
27436
27524
27551
27631
27638
27730
27878
27952
28071
28188
28279
28308
28310
28466
28517
28667
28771
28842
28876
28966
29097
29140
29232
29260
29451
29505
29534
29700
29708
29718
29755
29792
29843
29849
29864
29922
29971
30071
30128
30200
30219
30287
30312
30329
30330
30422
30426
30478
30496
30519
30541
30560
30715
30724
30879
30966
31017
31018
31219
31256
31258
31376
31389
31513
31599
31648
31739
31766
31855
31938
32012
32117
32173
32187
32201
32543
32553
32608
32757
32792
32909
33002
33120
33129
33168
33344
33387
33391
33411
33457
33578
33591
33621
33663
33664
33667
33700
33733
33773
33774
33846
33928
34032
34124
34151
34202
34283
34331
34445
34578
34609
34659
34738
34763
34786
34846
34888
34912
34914
34937
34951
34976
34984
35003
35213
35280
35320
35389
35404
35428
35499
35572
35588
35704
35705
35724
35845
35944
35972
35982
36015
36057
36068
36130
36141
36143
36204
36273
36279
36315
36467
36543
36544
36550
36601
36614
36666
36771
36773
36856
36869
36888
37082
37139
37140
37145
37244
37252
37263
37271
37337
37380
37460
37495
37498
37602
37628
37647
37669
37680
37808
37809
37828
37910
37937
37953
38022
38028
38106
38145
38154
38172
38236
38246
38313
38497
38612
38618
38650
38668
38752
38757
38778
38779
38888
39072
39120
39183
39190
39404
39536
39584
39686
39769
39806
39823
39925
39990
40046
40082
40113
40120
40173
40214
40349
40354
40404
40414
40510
40611
40653
40695
40715
40729
40835
15
96
139
221
292
296
333
518
573
586
616
747
803
807
824
835
894
901
1041
1091
1098
1113
1151
1162
1203
1210
1216
1282
1291
1423
1437
1438
1455
1502
1546
1653
1751
1801
1811
1938
1946
1959
1977
1993
1998
2024
2233
2274
2312
2337
2436
2468
2498
2510
2521
2616
2668
3066
3116
3122
3159
3303
3331
3393
3465
3482
3535
3564
3632
3757
3848
4037
4038
4058
4138
4266
4295
4309
4376
4394
4449
4545
4573
4726
4738
4741
4821
4877
5006
5112
5154
5157
5226
5240
5258
5309
5435
5480
5647
5706
5764
5822
5828
5882
5907
5930
5954
6036
6113
6118
6193
6195
6208
6254
6317
6335
6506
6600
6695
6696
6700
6779
7008
7206
7219
7237
7332
7425
7530
7537
7573
7642
7708
7784
7800
7958
7976
8012
8049
8410
8439
8560
8637
8674
8688
8724
8746
8774
9051
9094
9206
9266
9347
9398
9441
9569
9614
9668
9670
9723
9735
9789
9814
9906
9917
9918
10004
10024
10049
10064
10102
10182
10193
10245
10295
10425
10505
10631
10652
10682
10693
10719
10730
10779
10842
10902
10911
10985
11036
11140
11167
11302
11418
11429
11523
11543
11602
11688
11703
11896
11900
11918
11966
11974
12139
12183
12305
12422
12447
12526
12527
12528
12607
12797
13009
13032
13059
13113
13156
13228
13257
13342
13373
13389
13488
13530
13541
13669
13897
13980
14106
14184
14298
14359
14622
14775
14777
14789
14864
15018
15033
15051
15147
15217
15218
15271
15288
15400
15490
15497
15509
15541
15640
15674
15754
15755
15770
15838
15930
15932
15933
16011
16049
16115
16326
16449
16621
16676
16798
16803
16943
17005
17009
17032
17062
17065
17083
17116
17122
17167
17171
17197
17217
17237
17238
17391
17408
17462
17494
17516
17734
17739
17788
18047
18077
18096
18140
18161
18164
18296
18300
18304
18438
18489
18493
18626
18664
18704
18721
18768
18811
18848
19005
19034
19047
19053
19057
19078
19153
19351
19466
19486
19580
19581
19620
19780
19792
19800
19815
19821
19843
19871
20095
20165
20319
20322
20342
20374
20415
20592
20627
20641
20647
20695
20714
20784
20800
20845
20859
20883
20954
21113
21252
21370
21407
21646
21676
21695
21808
21833
21839
22192
22276
22300
22408
22414
22585
22859
22900
22924
22977
23026
23085
23141
23278
23344
23477
23521
23603
23615
23676
23769
23866
23881
23891
24004
24112
24275
24406
24417
24525
24536
24549
24574
24611
24645
24780
24826
24842
24886
24909
24926
24942
24945
24958
25032
25033
25039
25096
25125
25232
25282
25288
25385
25446
25614
25719
25750
25778
25851
25991
26062
26101
26108
26212
26220
26283
26327
26332
26333
26383
26568
26616
26638
26672
26699
26781
26838
26859
26922
27034
27050
27059
27064
27191
27267
27320
27429
27462
27555
27573
27875
27904
27958
27968
27989
27997
28064
28187
28224
28227
28251
28389
28436
28538
28574
28858
28862
28886
28922
28972
28986
29072
29083
29125
29156
29236
29444
29466
29504
29636
29639
29643
29761
29777
29817
29822
29985
30034
30078
30095
30159
30185
30316
30324
30325
30401
30440
30450
30576
30668
30727
30745
30797
31012
31023
31035
31075
31127
31215
31244
31288
31304
31384
31390
31451
31481
31536
31537
31574
31646
31679
31696
31802
31826
31895
31989
32079
32088
32110
32129
32175
32213
32219
32262
32366
32370
32420
32424
32497
32513
32657
32673
32685
32809
32811
32816
32892
32960
33069
33163
33176
33189
33321
33452
33475
33566
33792
33923
33927
34243
34309
34389
34563
34576
34620
34661
34703
34719
34819
34882
34940
34977
34994
35013
35086
35088
35123
35177
35253
35448
35459
35478
35560
35567
35613
35616
35716
35797
35902
35945
35956
35973
36009
36033
36069
36164
36171
36417
36514
36523
36545
36576
36579
36627
36706
36764
36777
36780
36882
36900
37099
37143
37249
37345
37397
37695
37806
37825
37919
37950
38091
38209
38374
38434
38704
38810
38826
38878
38945
39045
39081
39129
39153
39221
39245
39316
39374
39488
39532
39564
39593
39599
39617
39711
39772
39819
39883
40015
40032
40085
40119
40133
40275
40322
40555
40747
40852
