178
215
436
453
509
569
1007
1023
1237
1245
1377
1405
1431
1627
1639
1678
1719
1726
1763
1807
1923
2025
2122
2155
2171
2250
2298
2447
2479
2670
2713
2916
2997
3084
3139
3140
3166
3236
3243
3316
3327
3329
3425
3453
3473
3484
3504
3596
3638
3641
3663
3770
3842
3888
3982
4093
4101
4105
4116
4122
4159
4183
4263
4379
4390
4610
4614
4840
4942
4969
4974
4996
5031
5040
5100
5127
5145
5224
5277
5397
5432
5476
5540
5622
5659
5682
5691
5740
5744
5778
5809
5827
5863
5899
6068
6091
6094
6154
6200
6239
6245
6253
6336
6342
6439
6497
6510
6596
6681
6761
6808
6858
6905
6957
7083
7128
7166
7170
7225
7285
7316
7367
7387
7405
7427
7451
7509
7511
7520
7532
7560
7587
7638
7669
7723
7833
7861
7895
7911
7938
7939
7967
8329
8440
8501
8513
8549
8711
8752
8861
8895
9208
9217
9357
9431
9464
9471
9506
9551
9564
9609
9636
9707
9777
9872
9915
9971
10078
10084
10162
10251
10324
10411
10504
10520
10543
10630
10632
10683
10710
10712
10814
10904
10915
10966
11056
11077
11108
11155
11192
11310
11317
11341
11396
11649
11691
11735
11765
11794
11986
12019
12028
12042
12134
12173
12185
12210
12223
12233
12306
12311
12314
12382
12399
12434
12448
12501
12518
12533
12556
12667
12736
12740
12753
12765
12767
12813
12866
12889
12896
12968
12970
13057
13102
13296
13315
13322
13400
13450
13556
13643
13695
13716
13736
13750
13755
13773
13791
13873
13885
13967
14140
14185
14203
14259
14277
14332
14429
14486
14715
14718
14725
14744
14747
14837
14876
14968
15017
15112
15298
15302
15610
15632
15702
15906
16022
16193
16283
16344
16432
16436
16446
16533
16556
16679
16774
16845
16875
16894
16965
17022
17106
17119
17253
17322
17324
17370
17381
17438
17541
17557
17591
17714
17824
17854
17881
17920
17974
17995
18003
18095
18137
18263
18278
18283
18292
18302
18322
18414
18481
18637
18676
18724
18746
18844
18913
18925
18960
18965
19040
19054
19062
19113
19168
19186
19200
19220
19259
19366
19395
19502
19515
19874
19925
19948
20050
20120
20140
20155
20265
20363
20408
20490
20508
20510
20637
20651
20676
20793
20879
21052
21152
21211
21241
21256
21349
21378
21386
21430
21542
21544
21568
21587
21630
21681
21691
21732
21755
21762
21765
21797
21819
21858
21905
21917
21958
21974
21988
22076
22143
22343
22364
22442
22489
22524
22651
22749
22904
22922
22969
23127
23184
23186
23327
23445
23490
23516
23689
23699
23718
23771
23813
23981
24036
24087
24175
24230
24233
24251
24334
24420
24456
24617
24732
24772
24774
24854
24869
24890
24916
24932
25003
25007
25061
25104
25122
25233
25273
25423
25631
25672
25774
26014
26128
26217
26251
26361
26454
26466
26514
26543
26563
26565
26572
26590
26597
26661
26684
26752
26967
26982
27174
27192
27193
27214
27243
27262
27376
27411
27436
27524
27551
27584
27631
27638
27796
27878
27952
28071
28188
28279
28308
28466
28517
28614
28667
28771
28966
29049
29097
29140
29192
29232
29260
29355
29391
29451
29505
29534
29700
29708
29718
29748
29755
29849
29922
29971
30071
30128
30200
30208
30219
30287
30312
30329
30330
30426
30478
30496
30519
30541
30560
30715
30724
30756
30913
30966
31017
31018
31219
31258
31376
31389
31580
31599
31648
31739
31766
31855
31938
32012
32117
32121
32173
32187
32201
32238
32254
32300
32543
32553
32560
32608
32757
32828
33117
33120
33168
33185
33265
33344
33387
33391
33411
33457
33578
33591
33621
33664
33688
33700
33733
33773
33774
33928
33932
33948
34032
34124
34151
34202
34283
34331
34445
34578
34609
34659
34696
34738
34763
34786
34796
34846
34888
34912
34914
34976
34984
35003
35011
35043
35280
35320
35404
35428
35499
35572
35588
35705
35724
35845
35944
35972
35982
36015
36057
36068
36130
36141
36143
36204
36279
36315
36467
36543
36544
36550
36587
36601
36614
36666
36773
36815
36856
36869
36870
36888
37017
37082
37106
37139
37145
37252
37263
37271
37380
37495
37498
37602
37647
37669
37680
37828
37910
37937
38022
38028
38043
38106
38145
38154
38172
38229
38236
38246
38313
38497
38515
38569
38577
38650
38752
38757
38779
38888
39072
39120
39190
39238
39404
39536
39568
39686
39769
39806
39823
39925
39990
40024
40035
40082
40120
40173
40207
40209
40214
40299
40349
40354
40404
40414
40510
40611
40653
40695
40715
40729
40835
15
96
139
221
232
292
296
306
573
586
662
718
747
782
803
824
835
894
901
984
1041
1113
1151
1162
1203
1210
1216
1282
1291
1423
1437
1455
1502
1546
1650
1653
1751
1801
1811
1938
1946
1959
1977
1993
1998
2024
2274
2312
2337
2436
2468
2498
2510
2521
2616
2668
3066
3116
3122
3159
3233
3245
3303
3331
3393
3482
3535
3564
3632
3757
3848
3960
4038
4058
4138
4180
4266
4295
4309
4376
4394
4449
4545
4573
4688
4738
4741
4821
4877
5006
5112
5154
5157
5226
5240
5258
5309
5396
5435
5480
5647
5828
5907
5930
5954
6036
6114
6118
6193
6195
6317
6335
6398
6506
6600
6695
6696
6779
6875
7008
7073
7206
7219
7237
7332
7425
7530
7573
7708
7784
7800
7958
8012
8049
8309
8410
8560
8637
8674
8688
8746
8768
8774
9051
9206
9266
9347
9441
9569
9600
9614
9668
9723
9735
9751
9767
9789
9814
9836
9906
9918
10024
10049
10064
10102
10182
10193
10245
10295
10631
10652
10661
10682
10693
10719
10730
10779
10842
10902
10911
10985
11140
11418
11429
11477
11523
11602
11688
11703
11896
11900
11966
12183
12305
12422
12447
12528
12606
12607
12797
12994
13009
13113
13228
13257
13263
13373
13389
13530
13541
13625
13669
13897
13980
13987
14026
14097
14106
14184
14298
14529
14622
14775
14777
14789
14864
14896
15018
15051
15147
15216
15218
15285
15288
15336
15400
15425
15463
15490
15509
15541
15552
15640
15674
15754
15770
15821
15898
15930
15932
15933
15939
16011
16049
16449
16676
16798
16803
16896
16943
17005
17009
17032
17062
17065
17083
17116
17122
17167
17171
17197
17217
17237
17238
17272
17391
17408
17462
17516
17734
17739
17753
17879
17902
17915
18026
18027
18047
18072
18077
18096
18140
18161
18164
18296
18300
18304
18438
18489
18493
18505
18535
18626
18704
18715
18721
18768
18811
18848
19005
19047
19078
19142
19153
19171
19466
19486
19580
19581
19620
19780
19792
19800
19815
19821
19843
19871
20095
20165
20302
20319
20322
20342
20374
20415
20592
20641
20695
20714
20784
20800
20845
20859
20883
20892
20954
20965
21104
21113
21246
21252
21370
21381
21407
21646
21676
21695
21738
21839
22192
22236
22276
22300
22408
22414
22585
22732
22784
22885
22924
22977
23007
23085
23141
23145
23278
23477
23521
23574
23615
23670
23676
23769
23866
23881
23902
24004
24086
24112
24275
24406
24525
24549
24574
24611
24645
24780
24826
24842
24886
24909
24926
24942
24958
25032
25033
25034
25039
25043
25096
25125
25171
25232
25288
25317
25750
25778
25851
25902
25991
26125
26212
26220
26283
26327
26332
26383
26568
26616
26638
26672
26699
26769
26838
26922
27034
27050
27059
27064
27124
27191
27267
27320
27429
27570
27573
27875
27958
27968
27989
27997
28047
28064
28187
28224
28227
28251
28292
28389
28436
28538
28574
28847
28858
28862
28886
28922
28934
28986
29012
29032
29072
29083
29125
29156
29236
29444
29466
29504
29592
29636
29639
29643
29719
29761
29777
29817
29822
29985
30034
30095
30159
30185
30324
30440
30450
30641
30745
30797
31012
31023
31035
31100
31127
31215
31242
31244
31288
31304
31384
31390
31451
31481
31496
31536
31574
31646
31679
31696
31826
31895
32088
32110
32129
32175
32213
32219
32262
32366
32370
32420
32424
32473
32497
32513
32657
32673
32685
32712
32809
32811
32813
32816
32892
32897
32960
33069
33176
33187
33189
33321
33452
33475
33566
33643
33792
33923
33927
34100
34200
34243
34309
34563
34576
34620
34661
34693
34703
34719
34819
34882
34940
34977
34994
35013
35086
35088
35123
35159
35177
35253
35271
35294
35459
35478
35560
35565
35613
35616
35716
35797
35902
35956
35973
36033
36069
36171
36417
36488
36523
36576
36579
36627
36686
36764
36777
36780
36900
37099
37143
37249
37308
37345
37397
37469
37594
37695
37806
37825
37919
37950
38091
38209
38363
38374
38434
38652
38704
38810
38826
38945
39045
39081
39114
39129
39153
39245
39316
39374
39488
39532
39564
39599
39617
39711
39772
39795
39819
39883
40015
40032
40048
40085
40322
40555
40747
