17
147
215
387
427
436
453
509
569
675
1007
1023
1233
1237
1245
1356
1377
1405
1431
1639
1678
1719
1726
1763
1807
1923
1995
2025
2122
2171
2250
2298
2372
2375
2382
2392
2447
2479
2670
2713
2923
2997
3084
3139
3166
3236
3243
3316
3327
3329
3353
3425
3453
3473
3504
3541
3596
3638
3641
3663
3814
3842
3982
4093
4105
4116
4122
4146
4159
4183
4261
4263
4350
4379
4390
4610
4614
4840
4909
4942
4974
4996
5031
5040
5100
5127
5145
5220
5224
5277
5432
5476
5540
5622
5659
5682
5691
5744
5776
5778
5809
6094
6154
6200
6245
6253
6336
6342
6439
6497
6596
6674
6681
6761
6808
6823
6858
6905
7083
7128
7166
7181
7274
7285
7316
7367
7427
7451
7509
7511
7560
7638
7669
7723
7861
7869
7895
7911
7938
7939
7967
8070
8094
8283
8329
8440
8501
8513
8549
8711
8752
8806
8861
8874
8895
9217
9357
9431
9464
9506
9551
9564
9567
9609
9636
9707
9715
9777
9872
9915
9971
9997
10036
10078
10084
10104
10162
10276
10324
10384
10411
10468
10504
10543
10630
10632
10683
10712
10812
10814
10904
10915
10966
11056
11077
11155
11192
11310
11317
11649
11691
11695
11725
11735
11765
11794
11986
12019
12028
12134
12173
12210
12223
12233
12306
12311
12314
12347
12382
12399
12518
12533
12536
12667
12736
12740
12753
12765
12767
12813
12866
12889
12968
12970
13035
13057
13102
13144
13157
13315
13322
13339
13450
13556
13643
13716
13736
13750
13755
13773
13791
13873
13885
13967
14128
14185
14203
14259
14277
14332
14429
14486
14683
14715
14718
14725
14744
14747
14837
14849
14876
14968
15112
15127
15302
15477
15702
15782
15906
16022
16193
16283
16344
16432
16446
16556
16679
16845
16875
16975
17106
17253
17324
17381
17438
17512
17541
17557
17591
17714
17824
17835
17854
17881
17920
17974
17995
18003
18095
18137
18263
18278
18283
18292
18302
18322
18366
18414
18481
18637
18676
18724
18746
18844
18913
18925
18960
19040
19054
19062
19186
19259
19366
19395
19502
19517
19925
19948
20050
20120
20140
20155
20277
20363
20490
20508
20510
20536
20637
20651
20676
20793
20879
20978
21052
21152
21211
21241
21256
21259
21349
21378
21430
21542
21544
21568
21587
21630
21691
21732
21755
21762
21765
21797
21819
21858
21917
21958
21959
21974
21988
22067
22076
22306
22343
22364
22442
22524
22640
22651
22668
22740
22749
22904
22922
23124
23127
23184
23186
23327
23330
23445
23490
23516
23689
23699
23718
23720
23813
23969
23981
24087
24100
24152
24161
24175
24230
24233
24247
24251
24334
24420
24456
24617
24632
24694
24732
24772
24774
24848
24854
24890
24905
24916
24932
24992
25007
25061
25104
25122
25233
25273
25423
25508
25631
25672
25702
25818
26014
26128
26217
26361
26447
26454
26466
26514
26543
26562
26563
26565
26572
26590
26597
26661
26684
26752
26967
27174
27192
27193
27243
27262
27306
27376
27411
27436
27524
27551
27631
27796
27878
27952
28071
28188
28279
28308
28310
28466
28517
28614
28667
28842
28876
28947
28966
29049
29097
29140
29232
29260
29355
29391
29534
29700
29708
29718
29748
29755
29766
29792
29843
29849
29971
30071
30128
30200
30219
30312
30329
30422
30426
30478
30496
30519
30541
30560
30715
30724
30756
30787
30913
30966
31017
31018
31219
31258
31513
31648
31766
31855
31938
32012
32117
32121
32173
32187
32201
32204
32238
32254
32300
32553
32560
32608
32757
32828
32909
33002
33117
33120
33129
33168
33185
33190
33265
33344
33387
33411
33457
33591
33621
33663
33688
33700
33712
33733
33773
33774
33928
33932
33948
34032
34124
34151
34202
34283
34331
34445
34578
34609
34659
34696
34763
34786
34796
34846
34888
34912
34914
34937
34951
34976
34984
35011
35280
35320
35389
35404
35428
35499
35588
35704
35705
35724
35816
35944
35972
35982
36015
36057
36068
36130
36143
36204
36273
36315
36543
36544
36587
36601
36614
36666
36771
36815
36856
36870
36888
36980
37017
37082
37106
37139
37140
37145
37244
37252
37271
37337
37380
37460
37495
37498
37628
37647
37669
37680
37808
37809
37828
37910
37937
37953
38022
38043
38106
38145
38236
38246
38313
38497
38515
38569
38612
38618
38650
38668
38680
38752
38778
38888
39072
39120
39183
39190
39225
39238
39536
39568
39584
39686
39806
39925
39990
40024
40035
40046
40082
40113
40120
40173
40209
40349
40354
40404
40414
40510
40611
40653
40695
40729
40835
15
57
96
139
221
232
292
296
306
333
398
518
573
586
663
718
742
782
807
824
835
894
901
984
1091
1113
1162
1203
1210
1216
1282
1291
1423
1437
1438
1502
1546
1650
1653
1751
1801
1946
1977
1993
1998
2024
2233
2274
2312
2337
2436
2468
2498
2510
2521
2616
2668
2776
3066
3116
3122
3159
3303
3331
3393
3465
3564
3632
3960
4037
4038
4058
4138
4180
4266
4295
4309
4394
4449
4545
4738
4741
4821
4877
5006
5112
5154
5226
5258
5309
5396
5435
5480
5647
5706
5764
5822
5828
5882
5907
5954
6036
6113
6114
6118
6193
6195
6208
6254
6317
6338
6506
6695
6700
6875
7008
7073
7206
7219
7237
7332
7530
7573
7642
7708
7784
7958
7976
8012
8309
8410
8439
8519
8560
8637
8674
8688
8724
8746
8768
8774
9094
9206
9347
9398
9441
9569
9600
9614
9668
9670
9723
9735
9751
9767
9789
9814
9906
9918
10024
10049
10102
10193
10245
10295
10425
10505
10631
10652
10661
10693
10779
10842
10902
10911
10985
11036
11140
11167
11302
11418
11477
11523
11543
11602
11703
11896
11918
11966
12139
12183
12305
12422
12447
12526
12527
12528
12606
12607
12797
12994
13009
13059
13113
13156
13257
13263
13342
13373
13488
13530
13541
13625
13669
13897
13980
13987
14026
14097
14106
14184
14298
14359
14529
14622
14775
14777
15018
15033
15051
15147
15216
15217
15218
15271
15285
15288
15336
15425
15463
15490
15497
15509
15541
15552
15640
15754
15755
15770
15821
15898
15932
15933
16011
16049
16115
16326
16449
16621
16676
16798
16803
16943
17005
17009
17032
17062
17065
17083
17116
17167
17171
17217
17238
17272
17391
17408
17462
17494
17516
17734
17739
17753
17879
17911
18026
18027
18072
18077
18096
18140
18161
18164
18296
18304
18438
18493
18505
18626
18664
18704
18715
18721
18811
18848
19005
19034
19047
19057
19078
19142
19153
19171
19351
19466
19486
19580
19581
19620
19780
19789
19800
19815
19843
19871
20095
20165
20319
20322
20342
20374
20592
20627
20641
20784
20845
20859
20883
20892
20954
20965
21104
21113
21246
21252
21370
21381
21646
21676
21695
21738
21808
21833
21839
22192
22236
22276
22408
22414
22585
22732
22784
22859
22900
22924
22977
23007
23026
23085
23141
23145
23278
23477
23521
23574
23603
23670
23676
23769
23866
23881
23902
24004
24086
24112
24406
24417
24525
24536
24549
24574
24611
24645
24780
24797
24842
24886
24926
24942
24945
24958
25032
25034
25043
25125
25171
25232
25282
25288
25317
25385
25446
25560
25614
25719
25750
25778
25851
25902
25991
26062
26101
26108
26125
26142
26212
26283
26327
26332
26383
26616
26638
26672
26699
26769
26815
26838
26922
27034
27059
27064
27124
27191
27320
27429
27462
27555
27570
27573
27875
27904
27968
27989
27997
28047
28064
28187
28224
28227
28251
28389
28436
28538
28574
28847
28862
28886
28922
28934
28972
28986
29012
29032
29072
29156
29191
29236
29444
29504
29592
29636
29639
29643
29719
29753
29761
29817
30034
30078
30095
30159
30185
30316
30324
30325
30401
30440
30450
30576
30727
30797
31012
31023
31035
31075
31100
31127
31242
31244
31288
31304
31384
31390
31451
31496
31574
31646
31679
31696
31802
31826
31895
32079
32088
32110
32175
32213
32219
32370
32420
32424
32497
32513
32657
32673
32685
32712
32809
32811
32813
32816
32892
32897
32960
33069
33163
33187
33189
33321
33475
33566
33643
33792
33927
34100
34200
34243
34309
34389
34563
34576
34661
34693
34719
34819
34882
34940
34977
34994
35013
35086
35088
35123
35159
35177
35253
35271
35294
35459
35478
35560
35565
35567
35613
35716
35902
35956
35973
36009
36033
36164
36488
36514
36523
36545
36576
36579
36627
36686
36706
36764
36777
36780
36900
37099
37143
37308
37345
37397
37469
37573
37695
37806
37825
37919
37950
38091
38209
38363
38374
38434
38652
38704
38810
38826
38878
38945
39045
39081
39114
39129
39153
39221
39245
39374
39488
39532
39564
39593
39711
39772
39795
39819
39883
40032
40048
40085
40119
40133
40275
40322
40747
40852
