17
147
178
371
387
427
436
453
509
569
675
1007
1023
1233
1237
1245
1356
1377
1405
1431
1627
1639
1719
1726
1763
1807
1923
1995
2025
2122
2155
2171
2250
2372
2375
2392
2447
2479
2670
2713
2795
2923
2997
3084
3139
3140
3163
3166
3236
3316
3327
3353
3425
3453
3473
3504
3515
3541
3596
3638
3641
3663
3770
3814
3842
3982
4093
4101
4116
4122
4146
4159
4183
4261
4263
4350
4840
4909
4942
4969
4974
4996
5031
5040
5100
5127
5145
5220
5224
5277
5432
5540
5659
5691
5740
5744
5776
5778
5809
5827
5863
5899
6068
6091
6154
6200
6245
6253
6336
6342
6430
6439
6497
6510
6596
6674
6681
6761
6808
6823
6858
6905
6957
7083
7128
7166
7170
7181
7225
7274
7285
7367
7387
7405
7427
7451
7509
7520
7532
7560
7587
7638
7669
7723
7833
7861
7869
7895
7938
7939
7967
8070
8094
8283
8329
8440
8501
8513
8549
8806
8838
8861
8895
9357
9431
9464
9471
9506
9564
9567
9609
9636
9707
9715
9777
9872
9915
9971
9997
10078
10084
10104
10162
10251
10276
10384
10411
10504
10520
10630
10632
10710
10904
10915
10966
11056
11077
11108
11155
11192
11310
11317
11649
11691
11695
11725
11735
11765
11794
11986
12019
12028
12042
12134
12173
12185
12210
12223
12233
12293
12311
12347
12382
12399
12434
12448
12501
12518
12536
12736
12740
12753
12765
12813
12866
12889
12896
12968
12970
13035
13057
13102
13144
13157
13296
13315
13322
13339
13400
13450
13621
13643
13716
13736
13755
13773
13791
13873
13885
13967
13982
14049
14128
14140
14185
14203
14277
14332
14429
14486
14715
14718
14725
14747
14849
14968
15017
15112
15127
15477
15610
15632
15702
15906
16022
16193
16283
16344
16432
16436
16446
16556
16679
16774
16845
16875
16894
16965
16975
17022
17106
17253
17322
17324
17381
17438
17512
17541
17557
17591
17714
17824
17835
17854
17881
17920
17974
17995
18003
18095
18137
18263
18278
18283
18292
18302
18322
18366
18414
18481
18676
18746
18844
18913
18960
18965
19040
19062
19113
19168
19186
19200
19204
19220
19259
19366
19395
19502
19515
19517
19751
19874
19925
20050
20120
20140
20155
20265
20277
20363
20490
20508
20510
20536
20637
20676
20879
20978
21052
21152
21211
21241
21256
21259
21349
21378
21386
21430
21489
21542
21544
21568
21587
21630
21691
21732
21755
21762
21765
21797
21858
21905
21917
21958
21959
22076
22306
22343
22364
22442
22489
22640
22651
22740
22922
22969
23124
23127
23146
23184
23186
23327
23330
23445
23516
23689
23699
23718
23720
23771
23813
23857
23969
23981
24036
24087
24152
24175
24230
24233
24247
24251
24334
24420
24456
24617
24632
24694
24732
24772
24774
24848
24854
24869
24890
24916
24992
25001
25003
25007
25061
25104
25122
25233
25285
25423
25631
25672
25702
25774
25818
25941
26217
26447
26454
26466
26514
26543
26562
26563
26565
26590
26661
26752
26967
26982
27174
27192
27193
27214
27243
27262
27306
27376
27411
27436
27524
27584
27631
27638
27730
27878
27952
28071
28188
28308
28310
28466
28517
28614
28667
28771
28842
28876
28947
28966
29049
29140
29192
29232
29260
29355
29391
29451
29505
29700
29708
29718
29748
29755
29766
29792
29843
29922
29971
30071
30128
30200
30208
30219
30312
30329
30330
30422
30426
30478
30519
30541
30715
30756
30787
30879
30913
30966
31017
31018
31219
31256
31258
31376
31389
31513
31580
31648
31739
31855
31938
32012
32117
32121
32187
32201
32238
32254
32300
32553
32560
32608
32757
32792
32828
32909
33002
33129
33168
33190
33265
33387
33391
33411
33457
33621
33663
33664
33688
33700
33712
33733
33773
33774
33846
33928
33932
34032
34124
34202
34283
34331
34445
34578
34609
34659
34738
34763
34786
34796
34846
34888
34914
34951
34976
34984
35003
35011
35043
35213
35280
35320
35389
35404
35428
35499
35572
35588
35704
35705
35724
35816
35845
35944
35972
35982
36015
36068
36130
36143
36204
36279
36315
36467
36543
36550
36601
36666
36771
36773
36856
36870
36980
37017
37082
37106
37139
37140
37145
37252
37263
37271
37337
37380
37460
37498
37628
37669
37680
37808
37809
37828
37910
37937
37953
38022
38028
38043
38106
38145
38154
38172
38229
38236
38313
38497
38515
38577
38612
38618
38650
38668
38680
38752
38778
38779
38888
39072
39120
39183
39190
39225
39238
39404
39536
39568
39584
39686
39769
39806
39823
39925
39990
40024
40046
40082
40113
40120
40173
40207
40209
40214
40299
40349
40354
40404
40414
40611
40653
40695
40715
40729
40835
15
57
96
139
221
232
292
296
306
333
398
518
573
586
616
662
663
718
742
747
782
835
894
901
984
1041
1091
1098
1113
1151
1162
1203
1216
1282
1291
1423
1437
1455
1502
1650
1653
1811
1938
1959
1977
1993
1998
2024
2233
2312
2337
2436
2498
2510
2521
2616
2776
3116
3122
3159
3233
3245
3303
3482
3535
3564
3632
3757
3848
3960
4037
4058
4138
4180
4266
4309
4376
4394
4449
4545
4573
4688
4726
4741
4821
4877
5006
5112
5154
5226
5258
5309
5396
5435
5480
5706
5764
5822
5828
5882
5907
6036
6113
6114
6118
6193
6208
6317
6335
6338
6398
6506
6600
6695
6696
6779
6875
7008
7073
7206
7219
7237
7332
7425
7573
7708
7784
7800
7958
8012
8049
8309
8410
8439
8674
8688
8724
8746
8768
8774
9051
9094
9206
9266
9347
9398
9441
9569
9614
9668
9670
9723
9767
9789
9814
9836
9906
9917
9918
10004
10024
10049
10064
10102
10182
10193
10245
10295
10425
10505
10652
10693
10719
10730
10779
10902
10911
10985
11036
11140
11167
11302
11477
11543
11602
11688
11703
11900
11918
11966
11974
12183
12305
12422
12527
12606
12607
12797
12994
13032
13059
13113
13156
13228
13257
13263
13342
13373
13389
13488
13625
13669
13897
13980
13987
14097
14106
14184
14298
14359
14529
14775
14777
14789
14864
14896
15018
15147
15216
15217
15218
15271
15285
15288
15336
15400
15425
15463
15490
15497
15509
15541
15552
15640
15674
15755
15770
15821
15838
15898
15930
15932
15933
15939
16011
16049
16115
16326
16449
16621
16676
16803
16896
16943
17005
17009
17032
17062
17065
17116
17122
17171
17197
17217
17237
17272
17391
17408
17462
17516
17734
17739
17753
17788
17879
17911
18026
18027
18047
18072
18077
18161
18164
18300
18304
18438
18489
18493
18505
18535
18626
18664
18704
18715
18768
18811
18848
19005
19034
19047
19053
19142
19153
19171
19466
19580
19581
19620
19780
19789
19815
19821
19871
20165
20302
20319
20322
20342
20374
20415
20641
20647
20695
20714
20784
20800
20845
20859
20883
20892
20954
20965
21104
21246
21252
21370
21381
21407
21676
21695
21738
21808
21833
21839
22236
22276
22300
22408
22414
22585
22732
22784
22859
22885
22900
22924
22977
23007
23026
23141
23145
23344
23574
23603
23615
23670
23769
23866
23881
23891
23902
24004
24086
24275
24406
24417
24525
24536
24549
24574
24611
24645
24780
24797
24826
24842
24909
24926
24942
24945
24958
25032
25033
25034
25096
25125
25171
25232
25282
25288
25385
25446
25560
25614
25719
25750
25778
25851
25991
26062
26101
26108
26125
26212
26283
26332
26568
26616
26638
26672
26769
26781
26815
26859
27034
27059
27064
27191
27267
27320
27429
27462
27555
27570
27573
27875
27904
27958
27989
28047
28064
28224
28227
28251
28292
28389
28436
28538
28574
28847
28858
28862
28922
28934
28972
28986
29012
29125
29156
29191
29504
29592
29636
29639
29643
29719
29761
29777
29817
29822
30021
30034
30078
30095
30159
30185
30316
30325
30401
30440
30450
30576
30641
30668
30745
30797
31012
31023
31035
31100
31215
31288
31304
31384
31390
31451
31481
31496
31536
31537
31574
31679
31696
31826
31895
31989
32079
32088
32110
32175
32219
32366
32370
32420
32497
32513
32657
32673
32685
32809
32811
32813
32816
32892
32897
33163
33189
33321
33452
33475
33566
33643
33792
33923
33927
34100
34243
34309
34389
34576
34620
34661
34693
34703
34719
34882
34940
34977
34994
35013
35123
35159
35177
35271
35294
35478
35565
35567
35613
35616
35716
35902
35956
35973
36069
36164
36171
36417
36488
36523
36576
36579
36627
36686
36706
36764
36777
36780
36882
37099
37143
37249
37308
37345
37397
37469
37573
37594
37806
37825
37919
37950
38091
38209
38374
38434
38810
38826
38878
38945
39081
39114
39129
39221
39245
39316
39374
39488
39532
39564
39593
39599
39617
39711
39772
39795
39819
39883
40048
40085
40119
40133
40275
40322
40852
