17
147
178
215
371
387
427
436
453
509
569
675
1007
1023
1233
1237
1245
1356
1405
1431
1627
1678
1719
1726
1763
1807
1923
1995
2025
2155
2171
2298
2372
2382
2392
2479
2670
2713
2795
2916
2923
2997
3139
3140
3163
3236
3243
3316
3327
3329
3353
3425
3453
3473
3484
3596
3638
3641
3663
3770
3814
3842
3888
3982
4093
4101
4116
4122
4146
4159
4183
4263
4350
4379
4390
4610
4743
4840
4909
4942
4969
4974
4996
5031
5040
5100
5127
5220
5397
5432
5476
5540
5622
5659
5682
5691
5710
5740
5744
5776
5778
5809
5827
5863
5899
6068
6091
6094
6154
6239
6253
6342
6439
6497
6510
6596
6674
6681
6761
6808
6823
6858
6905
6957
7083
7128
7166
7170
7181
7183
7225
7274
7316
7367
7387
7405
7427
7451
7509
7511
7520
7532
7560
7587
7638
7723
7833
7861
7869
7895
7911
7938
7967
8070
8094
8283
8329
8440
8501
8513
8711
8752
8806
8838
8861
8874
8895
9208
9357
9431
9471
9551
9564
9567
9636
9707
9715
9777
9872
9915
9971
10036
10078
10084
10162
10251
10276
10324
10384
10411
10468
10520
10543
10630
10632
10683
10710
10712
10812
10814
10904
11056
11108
11155
11192
11310
11317
11341
11396
11691
11695
11725
11735
11765
11794
11986
12019
12028
12134
12173
12185
12210
12223
12293
12306
12314
12347
12382
12399
12434
12448
12501
12518
12533
12556
12667
12765
12767
12813
12866
12889
12896
12968
12970
13035
13102
13144
13157
13296
13322
13450
13556
13621
13643
13695
13716
13736
13750
13755
13773
13791
13873
13885
13967
14049
14128
14140
14185
14203
14277
14429
14486
14683
14715
14718
14725
14744
14747
14837
14849
14876
14968
15017
15112
15127
15298
15477
15610
15632
15702
15782
15906
16022
16193
16283
16344
16432
16436
16446
16533
16556
16679
16774
16845
16894
16965
17022
17106
17253
17322
17324
17370
17381
17438
17557
17591
17714
17824
17835
17854
17920
17995
18095
18137
18263
18278
18283
18292
18322
18366
18414
18481
18637
18676
18746
18844
18913
18925
18960
18965
19040
19054
19062
19186
19200
19204
19259
19366
19395
19502
19515
19517
19751
19925
20050
20120
20140
20155
20277
20363
20490
20508
20510
20536
20651
20676
20879
20978
21152
21211
21241
21256
21259
21349
21378
21386
21489
21542
21544
21587
21630
21681
21691
21732
21755
21762
21765
21797
21819
21858
21905
21917
21958
21959
21974
21988
22067
22143
22306
22343
22364
22442
22640
22651
22668
22740
22749
22904
22922
22969
23127
23146
23184
23186
23327
23330
23445
23516
23689
23718
23720
23771
23813
23857
23981
24036
24087
24100
24152
24161
24175
24230
24233
24247
24251
24456
24617
24632
24694
24772
24774
24854
24869
24890
24905
24916
24932
24992
25001
25003
25007
25061
25104
25122
25233
25273
25285
25423
25508
25672
25702
25774
25818
26014
26128
26217
26251
26361
26454
26466
26514
26543
26563
26597
26661
26684
26967
26982
27174
27192
27214
27243
27262
27376
27436
27524
27631
27730
27796
27878
27952
28071
28279
28310
28466
28614
28667
28771
28842
29049
29097
29232
29260
29355
29451
29505
29534
29700
29708
29718
29748
29755
29766
29792
29849
29864
29971
30071
30128
30200
30208
30287
30329
30422
30426
30478
30496
30519
30541
30560
30715
30724
30756
30787
30879
30913
30966
31017
31018
31219
31256
31376
31389
31513
31580
31599
31648
31766
32012
32117
32121
32173
32187
32201
32204
32238
32254
32300
32553
32560
32608
32757
32792
32828
32909
33002
33168
33190
33265
33344
33387
33391
33411
33457
33591
33663
33664
33688
33700
33712
33733
33773
33774
33846
33928
33932
33948
34032
34124
34151
34202
34283
34445
34578
34609
34696
34738
34763
34786
34796
34846
34888
34912
34914
34951
34976
34984
35011
35043
35280
35320
35404
35428
35499
35588
35704
35705
35724
35845
35944
35972
35982
36015
36057
36068
36130
36141
36143
36204
36273
36279
36315
36467
36543
36544
36550
36587
36601
36614
36771
36773
36815
36869
36870
36888
37017
37106
37139
37140
37145
37244
37252
37263
37271
37337
37380
37460
37495
37498
37602
37628
37647
37669
37680
37808
37828
37910
37937
37953
38022
38028
38043
38106
38145
38229
38236
38246
38313
38497
38569
38577
38612
38618
38668
38680
38757
38779
39072
39120
39183
39190
39225
39238
39404
39536
39568
39584
39686
39769
39806
39823
39990
40024
40046
40082
40113
40120
40173
40207
40209
40214
40299
40349
40354
40404
40414
40611
40653
40695
40715
40729
40835
15
57
96
139
221
232
292
296
306
333
518
573
662
663
742
747
782
803
807
824
835
894
901
984
1041
1091
1113
1162
1203
1210
1282
1291
1437
1438
1455
1502
1546
1650
1653
1751
1801
1811
1938
1946
1959
1977
1993
1998
2024
2274
2312
2337
2468
2498
2510
2521
2616
2668
2776
3066
3116
3122
3159
3233
3245
3303
3331
3393
3465
3482
3564
3632
3757
3848
4037
4058
4138
4180
4266
4295
4309
4376
4394
4449
4545
4573
4688
4741
4821
4877
5112
5157
5226
5240
5258
5309
5396
5480
5647
5706
5764
5828
5907
5930
5954
6036
6113
6114
6118
6193
6195
6208
6254
6317
6335
6398
6506
6600
6695
6696
6700
6779
6875
7008
7073
7219
7237
7332
7425
7530
7537
7573
7642
7708
7958
7976
8012
8049
8309
8439
8519
8637
8674
8688
8724
8746
8768
8774
9051
9094
9206
9347
9398
9441
9569
9600
9614
9670
9723
9735
9751
9767
9789
9814
9836
9906
9918
10004
10024
10049
10064
10102
10182
10245
10295
10425
10631
10682
10693
10719
10730
10779
10842
10985
11036
11140
11167
11302
11477
11523
11602
11688
11703
11896
11918
11966
12139
12305
12422
12447
12526
12527
12528
12606
12607
12797
12994
13032
13059
13113
13156
13228
13257
13263
13373
13488
13530
13541
13625
13897
13980
14026
14097
14106
14184
14298
14359
14529
14622
14775
14777
14789
14864
14896
15018
15033
15051
15147
15217
15218
15285
15288
15336
15400
15425
15463
15490
15497
15509
15541
15552
15640
15674
15770
15821
15838
15898
15930
15932
15933
15939
16049
16115
16326
16621
16676
16798
16803
16896
16943
17005
17009
17032
17065
17083
17116
17122
17167
17171
17197
17217
17237
17238
17391
17408
17462
17516
17734
17739
17788
17879
17902
17911
17915
18026
18027
18047
18072
18077
18096
18140
18161
18164
18300
18304
18438
18489
18493
18505
18535
18626
18664
18715
18768
18811
18848
19047
19053
19078
19142
19153
19171
19466
19486
19581
19780
19789
19792
19815
19821
19843
20165
20319
20322
20342
20592
20627
20695
20784
20800
20954
20965
21113
21246
21252
21370
21381
21407
21646
21676
21695
21738
21808
21833
21839
22192
22236
22276
22300
22585
22732
22859
22900
22924
22977
23007
23026
23085
23141
23278
23344
23574
23603
23615
23676
23769
23866
23881
23891
23902
24275
24417
24525
24549
24574
24611
24645
24780
24797
24826
24842
24886
24909
24926
24942
24945
24958
25032
25033
25043
25096
25125
25171
25232
25288
25317
25385
25446
25560
25614
25750
25778
25851
25902
25991
26062
26101
26108
26125
26142
26212
26220
26283
26327
26333
26383
26568
26638
26672
26699
26769
26838
26859
26922
27034
27050
27059
27064
27124
27191
27267
27429
27462
27555
27570
27573
27875
27904
27958
27968
27989
28047
28064
28187
28227
28292
28389
28436
28574
28847
28862
28886
28922
28934
28972
28986
29032
29072
29083
29125
29156
29191
29236
29444
29466
29592
29636
29639
29643
29719
29753
29761
29777
29822
29985
30021
30034
30078
30095
30159
30185
30316
30324
30325
30401
30450
30576
30668
30727
30745
30797
31012
31035
31075
31100
31127
31215
31242
31288
31384
31451
31496
31536
31574
31802
31826
31895
31989
32110
32129
32213
32219
32262
32366
32370
32497
32657
32673
32685
32712
32809
32813
32816
32892
32960
33069
33176
33187
33189
33321
33452
33475
33566
33643
33792
33923
33927
34100
34200
34243
34309
34389
34563
34620
34661
34693
34719
34819
34882
34940
34977
35013
35088
35123
35159
35177
35253
35271
35294
35459
35478
35565
35567
35613
35616
35797
35902
35945
35973
36009
36069
36171
36417
36488
36514
36523
36545
36576
36579
36627
36686
36706
36764
36882
36900
37099
37143
37249
37308
37345
37397
37573
37594
37695
37806
37825
37919
37950
38091
38363
38374
38434
38652
38810
38878
38945
39045
39081
39129
39221
39316
39374
39532
39564
39593
39599
39617
39711
39772
39795
39883
40015
40032
40048
40085
40119
40133
40275
40322
40555
40747
40852
