17
147
178
215
371
387
436
453
509
569
675
1007
1023
1233
1245
1356
1377
1405
1627
1639
1678
1726
1763
1807
1923
1995
2025
2155
2250
2298
2372
2375
2382
2392
2479
2670
2713
2795
2916
2923
2997
3084
3139
3140
3163
3166
3236
3243
3316
3327
3425
3453
3473
3484
3504
3515
3541
3638
3641
3663
3770
3842
3888
3982
4093
4101
4105
4122
4146
4159
4183
4261
4263
4350
4614
4743
4840
4909
4942
4969
4974
4996
5031
5040
5100
5127
5145
5220
5277
5397
5432
5476
5540
5622
5659
5682
5691
5710
5740
5776
5778
5809
5827
5863
5899
6068
6091
6154
6200
6239
6245
6336
6342
6439
6510
6596
6674
6681
6858
6905
6957
7083
7128
7166
7181
7183
7225
7274
7316
7367
7387
7405
7427
7451
7509
7511
7520
7532
7560
7587
7638
7669
7723
7833
7861
7869
7938
7939
8094
8283
8329
8440
8501
8513
8711
8752
8806
8838
8861
8874
8895
9254
9357
9431
9464
9471
9506
9551
9564
9715
9777
9915
9971
9997
10036
10084
10162
10251
10276
10324
10384
10411
10468
10520
10632
10683
10710
10712
10812
10814
10904
10915
11056
11077
11108
11155
11192
11317
11341
11396
11649
11695
11725
11735
11794
11986
12019
12028
12042
12134
12173
12185
12210
12223
12233
12293
12306
12311
12347
12382
12399
12434
12448
12501
12518
12533
12556
12667
12736
12740
12753
12813
12866
12889
12896
12968
12970
13035
13057
13102
13296
13315
13339
13450
13621
13643
13695
13716
13736
13750
13773
13791
13873
13967
13982
14049
14128
14140
14185
14203
14259
14277
14429
14486
14683
14715
14718
14725
14837
14849
14876
14968
15017
15112
15127
15298
15302
15610
15632
15702
15782
15906
16022
16193
16283
16344
16432
16446
16533
16556
16679
16845
16875
16894
16965
16975
17022
17119
17253
17322
17324
17370
17381
17438
17512
17541
17557
17591
17714
17824
17835
17854
17881
17920
17974
17995
18003
18095
18137
18263
18278
18283
18292
18302
18322
18366
18414
18481
18637
18676
18746
18844
18913
18925
18960
18965
19054
19113
19168
19200
19204
19220
19515
19517
19751
19874
19925
19948
20050
20140
20155
20265
20408
20490
20508
20510
20536
20637
20651
20676
20793
20879
21052
21152
21211
21241
21256
21259
21349
21378
21386
21544
21568
21587
21630
21681
21691
21732
21755
21762
21765
21797
21819
21858
21917
21958
21959
21974
21988
22067
22076
22143
22306
22343
22364
22442
22489
22524
22640
22651
22740
22749
22904
22922
22969
23124
23127
23146
23186
23327
23490
23516
23689
23699
23718
23720
23771
23813
23969
23981
24036
24087
24152
24161
24175
24233
24247
24251
24334
24420
24617
24632
24732
24772
24774
24848
24854
24869
24890
24905
24916
24932
24992
25001
25003
25007
25061
25104
25122
25273
25631
25672
25702
25774
25818
26014
26128
26217
26251
26361
26447
26454
26466
26514
26543
26562
26563
26565
26572
26590
26661
26684
26967
26982
27174
27192
27193
27243
27262
27306
27376
27411
27436
27551
27584
27631
27730
27796
27878
28071
28188
28279
28308
28310
28466
28517
28614
28667
28771
28842
28876
28947
28966
29049
29097
29140
29192
29260
29534
29700
29708
29718
29748
29755
29766
29792
29843
29849
29864
30071
30128
30208
30219
30287
30312
30422
30426
30496
30519
30560
30715
30724
30756
30787
30879
30913
30966
31017
31018
31219
31256
31258
31376
31389
31513
31580
31599
31648
31739
31766
31855
31938
32012
32117
32121
32173
32187
32201
32204
32238
32254
32300
32543
32560
32608
32757
32792
32828
33002
33120
33129
33168
33185
33190
33344
33387
33391
33411
33457
33578
33591
33621
33663
33664
33667
33688
33700
33712
33733
33773
33846
33928
33932
33948
34032
34124
34151
34202
34283
34331
34578
34609
34659
34696
34786
34796
34888
34912
34937
34951
34976
34984
35003
35011
35043
35213
35280
35320
35389
35404
35428
35499
35572
35588
35704
35705
35816
35845
35944
35972
35982
36057
36068
36141
36143
36204
36315
36543
36544
36550
36587
36601
36614
36666
36771
36773
36815
36856
36869
36870
36888
36980
37017
37082
37106
37139
37140
37145
37244
37252
37263
37271
37337
37380
37460
37495
37628
37647
37669
37680
37808
37809
37828
37910
37937
37953
38022
38028
38145
38229
38236
38246
38313
38497
38515
38577
38612
38668
38680
38752
38757
38779
38888
39072
39120
39183
39190
39238
39568
39686
39769
39806
39823
39925
40024
40035
40046
40082
40120
40173
40207
40214
40349
40354
40414
40611
40653
40695
40715
40729
40835
15
96
139
221
296
333
398
518
573
586
616
662
663
718
807
824
835
984
1041
1091
1113
1151
1162
1203
1210
1216
1282
1291
1437
1438
1455
1502
1546
1650
1653
1801
1811
1938
1977
1993
1998
2024
2233
2312
2337
2436
2468
2498
2521
2616
2668
2776
3066
3116
3122
3159
3233
3245
3303
3331
3393
3465
3482
3564
3632
3757
3960
4037
4038
4058
4138
4180
4266
4309
4376
4394
4545
4573
4688
4726
4738
4741
4821
4877
5006
5112
5154
5157
5240
5258
5309
5396
5435
5480
5647
5706
5764
5822
5828
5882
5930
5954
6036
6113
6118
6193
6195
6208
6317
6335
6506
6600
6696
6700
6779
6875
7008
7073
7206
7219
7237
7332
7425
7530
7537
7573
7642
7784
7800
7958
8012
8049
8309
8410
8519
8560
8674
8724
8746
8768
8774
9051
9094
9206
9266
9347
9398
9441
9569
9600
9614
9670
9723
9735
9751
9814
9836
9906
9917
9918
10004
10024
10049
10064
10102
10182
10193
10245
10295
10425
10505
10631
10652
10661
10682
10719
10730
10779
10842
10911
10985
11036
11140
11167
11302
11418
11477
11543
11688
11896
11918
12139
12183
12305
12422
12447
12527
12797
12994
13009
13032
13059
13156
13228
13257
13263
13342
13389
13488
13530
13541
13625
13669
13980
13987
14026
14097
14106
14298
14359
14529
14622
14775
14789
14864
14896
15033
15051
15147
15216
15218
15271
15285
15288
15336
15400
15425
15509
15640
15754
15755
15770
15821
15930
15932
15933
15939
16011
16049
16115
16449
16621
16798
16803
16896
16943
17005
17009
17032
17062
17065
17083
17116
17122
17167
17171
17197
17217
17237
17238
17408
17462
17494
17516
17734
17753
17879
17902
18026
18047
18077
18096
18140
18161
18164
18296
18300
18304
18438
18493
18505
18535
18664
18715
18721
18768
18811
19005
19047
19053
19057
19078
19142
19351
19580
19581
19620
19780
19789
19792
19815
19821
19843
19871
20095
20302
20322
20342
20374
20415
20592
20627
20641
20695
20714
20784
20800
20845
20859
20883
20892
20954
20965
21104
21246
21252
21370
21381
21646
21676
21695
21738
21808
21833
22192
22236
22276
22300
22408
22414
22732
22859
22885
22924
23007
23026
23085
23141
23145
23278
23344
23477
23521
23574
23603
23615
23670
23676
23866
23881
23891
23902
24086
24112
24275
24406
24417
24525
24536
24549
24611
24780
24797
24842
24909
24926
24942
24945
24958
25032
25033
25034
25039
25043
25096
25125
25232
25282
25288
25317
25385
25446
25719
25750
25778
25851
25902
26062
26101
26108
26125
26142
26212
26283
26333
26383
26568
26616
26638
26672
26699
26769
26815
26838
26859
26922
27034
27050
27059
27064
27124
27267
27320
27429
27462
27555
27570
27573
27875
27904
27958
27968
27989
27997
28047
28064
28187
28224
28227
28251
28389
28436
28538
28847
28858
28862
28886
28922
28934
28972
28986
29012
29032
29072
29083
29156
29191
29236
29444
29466
29504
29592
29636
29639
29643
29719
29753
29761
29777
29817
29822
30021
30034
30078
30095
30159
30316
30324
30401
30576
30641
30668
30727
30745
30797
31012
31023
31035
31075
31127
31215
31242
31244
31288
31304
31384
31390
31481
31496
31536
31537
31574
31646
31679
31696
31802
31826
31895
31989
32088
32110
32129
32213
32366
32370
32420
32424
32473
32513
32657
32673
32685
32712
32809
32811
32813
32816
32892
32897
32960
33069
33163
33176
33187
33189
33321
33452
33475
33566
33792
33923
33927
34100
34200
34309
34389
34563
34576
34620
34661
34693
34719
34819
34977
34994
35086
35123
35159
35253
35294
35448
35459
35478
35565
35567
35613
35716
35797
35902
35945
35956
35973
36009
36033
36069
36164
36171
36417
36488
36514
36523
36545
36576
36579
36627
36686
36706
36764
36882
36900
37099
37143
37249
37345
37397
37469
37594
37825
37919
37950
38209
38363
38374
38434
38652
38810
38826
39045
39129
39153
39221
39245
39374
39488
39532
39564
39593
39599
39617
39711
39795
39819
39883
40032
40048
40085
40119
40133
40275
40322
40555
40747
40852
