17
147
178
215
371
387
427
436
453
509
1023
1233
1237
1356
1377
1405
1431
1627
1719
1726
1763
1807
1923
1995
2025
2122
2155
2171
2250
2298
2372
2382
2447
2479
2670
2713
2795
2916
2923
2997
3084
3140
3163
3236
3243
3316
3327
3353
3425
3473
3504
3596
3638
3770
3814
3842
3888
4093
4101
4105
4116
4122
4146
4159
4183
4261
4263
4350
4379
4390
4610
4743
4840
4909
4942
4969
4974
4996
5031
5040
5127
5145
5220
5224
5397
5432
5476
5540
5622
5659
5682
5691
5740
5744
5776
5778
5809
5827
5863
5899
6068
6094
6154
6239
6245
6253
6336
6342
6430
6439
6497
6510
6596
6674
6681
6761
6808
6823
6858
6905
6957
7083
7128
7166
7181
7225
7274
7285
7316
7367
7387
7427
7451
7509
7511
7520
7638
7669
7723
7833
7861
7869
7895
7938
7939
8070
8094
8329
8440
8513
8549
8711
8752
8806
8838
8861
8874
9208
9217
9254
9357
9464
9506
9551
9567
9609
9636
9707
9715
9777
9872
9915
9971
9997
10036
10078
10084
10104
10162
10251
10276
10384
10411
10468
10504
10520
10543
10630
10632
10683
10710
10712
10814
10904
10915
10966
11056
11155
11192
11310
11317
11341
11396
11649
11691
11695
11725
11735
11794
11986
12019
12028
12042
12134
12173
12185
12210
12223
12233
12293
12314
12347
12382
12399
12434
12448
12501
12518
12533
12556
12736
12753
12765
12866
12889
12896
12968
12970
13035
13057
13102
13144
13157
13296
13315
13322
13339
13450
13556
13621
13643
13695
13716
13736
13750
13755
13873
13885
13967
13982
14049
14128
14185
14203
14277
14332
14429
14683
14715
14718
14725
14744
14747
14837
14849
14876
14968
15017
15112
15127
15298
15302
15477
15632
15782
15906
16193
16283
16436
16446
16533
16556
16774
16845
16894
16965
16975
17022
17119
17253
17322
17324
17370
17381
17438
17512
17541
17557
17591
17714
17824
17835
17854
17881
17920
17974
17995
18003
18095
18137
18263
18278
18283
18292
18322
18366
18637
18676
18724
18746
18844
18913
18925
19054
19062
19113
19168
19186
19200
19204
19220
19259
19366
19395
19515
19517
19751
19874
19925
19948
20050
20120
20140
20155
20265
20277
20363
20408
20490
20508
20536
20637
20651
20676
20793
20879
20978
21052
21152
21211
21241
21256
21259
21378
21386
21430
21489
21542
21544
21568
21587
21732
21755
21762
21765
21797
21819
21858
21905
21917
21958
21959
21974
21988
22067
22076
22306
22343
22442
22524
22640
22651
22668
22749
22904
22922
22969
23124
23127
23146
23184
23327
23445
23490
23516
23689
23699
23718
23720
23771
23813
23857
23969
23981
24036
24087
24100
24152
24161
24175
24230
24233
24251
24334
24456
24617
24694
24732
24772
24774
24854
24869
24890
24905
24916
24932
24992
25001
25007
25104
25122
25233
25285
25423
25508
25631
25702
25774
25818
25941
26014
26128
26217
26251
26361
26447
26454
26466
26514
26543
26563
26565
26572
26590
26597
26661
26684
26752
26967
26982
27174
27192
27193
27243
27262
27306
27376
27411
27436
27524
27551
27584
27631
27638
27730
27796
27878
27952
28279
28308
28310
28466
28614
28667
28771
28876
28947
28966
29049
29097
29140
29192
29232
29391
29451
29505
29700
29708
29748
29766
29792
29843
29849
29864
29922
29971
30071
30128
30200
30208
30287
30329
30426
30496
30519
30560
30724
30756
30879
30913
30966
31017
31018
31219
31256
31258
31376
31513
31580
31599
31648
31739
31766
31855
31938
32012
32117
32187
32201
32204
32238
32543
32553
32560
32757
32792
32828
32909
33117
33120
33129
33168
33185
33265
33344
33387
33411
33457
33578
33591
33621
33664
33667
33688
33700
33712
33733
33773
33932
33948
34032
34124
34151
34202
34283
34331
34445
34659
34696
34738
34763
34786
34796
34888
34912
34914
34937
34951
34976
34984
35003
35011
35043
35213
35280
35389
35404
35428
35499
35705
35724
35944
35972
35982
36015
36057
36068
36130
36141
36143
36204
36273
36279
36315
36467
36543
36544
36550
36587
36601
36614
36771
36773
36856
36869
36870
36888
37017
37082
37139
37140
37145
37252
37263
37271
37337
37380
37460
37498
37602
37628
37669
37680
37808
37809
37828
37937
37953
38022
38028
38043
38106
38145
38154
38172
38236
38246
38313
38497
38515
38569
38577
38612
38618
38650
38668
38680
38752
38757
38778
38779
38888
39072
39183
39190
39225
39238
39536
39584
39686
39823
39925
39990
40024
40035
40082
40173
40207
40214
40299
40349
40354
40414
40611
40653
40695
40715
40729
15
57
96
221
232
296
333
398
518
573
586
616
662
718
742
747
782
803
807
824
835
894
901
984
1041
1091
1098
1113
1151
1162
1203
1210
1216
1282
1291
1423
1437
1438
1455
1502
1546
1650
1653
1751
1801
1811
1938
1946
1977
1993
1998
2024
2233
2274
2337
2436
2498
2510
2521
2668
2776
3122
3159
3233
3245
3303
3393
3482
3535
3564
3632
3757
3848
4037
4038
4058
4138
4180
4266
4295
4309
4376
4394
4449
4545
4573
4688
4726
4738
4741
4821
4877
5006
5112
5154
5157
5226
5258
5309
5396
5435
5480
5647
5706
5764
5822
5828
5882
5930
5954
6036
6113
6114
6193
6208
6335
6338
6398
6506
6600
6695
6696
6700
6779
6875
7008
7073
7206
7219
7237
7332
7425
7530
7573
7642
7708
7784
7800
7958
7976
8012
8049
8410
8439
8519
8560
8637
8674
8688
8724
8746
8768
8774
9051
9206
9266
9347
9441
9569
9600
9668
9670
9723
9735
9751
9767
9789
9814
9836
9906
9917
9918
10004
10024
10049
10064
10182
10245
10295
10425
10631
10652
10661
10682
10693
10719
10730
10779
10842
10902
10911
11036
11140
11302
11418
11429
11477
11523
11543
11688
11703
11896
11900
11966
11974
12139
12183
12305
12422
12447
12606
12607
12797
13032
13059
13113
13156
13257
13263
13373
13389
13541
13625
13669
13897
13980
13987
14097
14106
14184
14298
14359
14775
14777
14789
14864
15018
15033
15051
15147
15271
15288
15336
15400
15425
15490
15497
15509
15552
15640
15674
15754
15755
15770
15821
15838
15898
15930
15932
15939
16011
16115
16326
16449
16621
16798
16803
16896
17005
17032
17065
17083
17116
17122
17167
17171
17197
17238
17272
17391
17408
17462
17494
17516
17734
17739
17753
17879
17902
17915
18026
18027
18047
18072
18096
18140
18161
18164
18296
18300
18304
18438
18489
18493
18505
18626
18664
18704
18715
18721
18811
18848
19034
19053
19057
19078
19142
19466
19486
19580
19581
19620
19789
19792
19815
19821
19843
19871
20095
20165
20319
20342
20374
20415
20592
20627
20641
20647
20714
20784
20800
20845
20859
20892
20954
21104
21113
21246
21252
21646
21738
22192
22236
22276
22300
22408
22414
22585
22732
22784
22859
22885
22924
22977
23007
23026
23085
23141
23344
23477
23521
23574
23603
23615
23670
23676
23769
23866
23881
23891
24086
24275
24417
24536
24549
24574
24611
24645
24780
24797
24826
24842
24886
24909
24926
24942
24945
24958
25032
25033
25034
25039
25043
25096
25125
25232
25282
25288
25385
25560
25614
25750
25778
25902
25991
26062
26101
26108
26125
26142
26212
26220
26283
26327
26333
26568
26616
26672
26699
26769
26781
26815
26838
26859
27034
27050
27059
27064
27124
27191
27267
27320
27429
27570
27904
27958
27968
27989
27997
28047
28187
28224
28227
28251
28292
28389
28436
28538
28574
28847
28858
28862
28886
28922
28934
28972
28986
29012
29032
29072
29083
29156
29191
29236
29466
29504
29592
29636
29643
29753
29761
29777
29817
29985
30021
30034
30095
30159
30185
30324
30325
30401
30440
30450
30576
30641
30668
30727
30745
30797
31012
31023
31100
31127
31215
31242
31244
31288
31384
31390
31451
31536
31537
31574
31646
31696
31802
31826
31895
31989
32079
32088
32110
32129
32175
32213
32219
32262
32366
32420
32424
32473
32497
32513
32657
32673
32712
32809
32811
32813
32816
32892
32960
33069
33176
33187
33189
33321
33452
33475
33566
33643
33792
33927
34100
34243
34309
34389
34563
34620
34661
34693
34703
34719
34819
34882
34940
34977
35013
35086
35159
35177
35271
35294
35448
35478
35560
35565
35567
35613
35616
35716
35902
35945
35956
36009
36033
36069
36164
36171
36488
36514
36523
36545
36576
36579
36627
36686
36706
36764
36777
36780
36882
36900
37099
37143
37308
37345
37397
37469
37573
37594
37695
37806
37825
37919
37950
38091
38363
38374
38434
38652
38810
38826
38945
39045
39081
39129
39153
39245
39316
39532
39564
39593
39599
39772
39795
39819
39883
40015
40032
40085
40133
40322
40555
40852
