17
147
215
371
427
436
453
509
569
1007
1023
1237
1245
1356
1377
1405
1431
1639
1678
1719
1726
1763
1807
1923
1995
2025
2122
2155
2171
2298
2372
2375
2382
2392
2447
2670
2713
2795
2923
2997
3084
3163
3166
3236
3243
3316
3329
3353
3425
3473
3484
3504
3515
3541
3596
3638
3770
3814
3888
3982
4101
4105
4116
4122
4146
4159
4183
4261
4350
4390
4610
4840
4909
4942
4969
4996
5031
5040
5127
5145
5220
5224
5277
5397
5432
5476
5540
5622
5659
5682
5691
5710
5740
5744
5776
5778
5809
5827
5863
5899
6068
6091
6154
6200
6239
6245
6253
6336
6439
6497
6510
6596
6681
6761
6808
6823
6858
6905
6957
7083
7128
7166
7170
7181
7183
7225
7274
7285
7316
7367
7387
7405
7427
7509
7511
7520
7532
7560
7587
7638
7723
7861
7869
7895
7911
7938
8070
8094
8283
8329
8440
8501
8513
8711
8752
8838
8861
8874
8895
9208
9254
9357
9464
9471
9506
9564
9567
9636
9777
9872
9915
9971
9997
10036
10078
10084
10162
10251
10276
10324
10411
10468
10504
10520
10543
10630
10632
10683
10710
10712
10812
10814
10904
10915
10966
11056
11077
11108
11155
11310
11317
11341
11396
11649
11691
11725
11765
11794
11986
12019
12042
12134
12173
12185
12210
12233
12293
12306
12311
12314
12347
12382
12434
12448
12518
12533
12536
12556
12667
12736
12740
12753
12765
12813
12889
12896
12968
12970
13057
13102
13144
13157
13315
13322
13339
13400
13450
13621
13643
13695
13716
13750
13773
13873
13885
13967
13982
14049
14128
14140
14185
14203
14259
14277
14332
14683
14715
14718
14725
14747
14849
14876
14968
15017
15112
15127
15298
15302
15477
15610
15632
15782
15906
16022
16283
16344
16432
16436
16446
16533
16556
16679
16774
16845
16875
16894
16975
17022
17106
17119
17253
17324
17370
17381
17438
17512
17541
17591
17714
17824
17835
17854
17881
17920
17995
18003
18095
18137
18278
18283
18292
18302
18414
18637
18676
18746
18844
18913
18925
18960
18965
19040
19054
19062
19113
19168
19186
19200
19220
19259
19366
19395
19502
19517
19751
19874
20050
20120
20140
20155
20277
20363
20408
20490
20510
20637
20651
20676
20793
20879
20978
21052
21152
21211
21241
21256
21259
21349
21378
21430
21489
21542
21544
21568
21587
21630
21681
21691
21755
21762
21765
21797
21819
21858
21905
21917
21958
21959
21974
22067
22076
22143
22306
22343
22442
22489
22524
22640
22740
22749
22922
22969
23124
23146
23184
23186
23327
23330
23445
23516
23689
23699
23718
23720
23771
23813
23857
23981
24036
24087
24100
24161
24175
24230
24233
24247
24251
24334
24420
24456
24617
24632
24694
24774
24848
24854
24869
24905
24932
25001
25003
25007
25104
25122
25233
25273
25285
25423
25508
25631
25672
25702
25818
25941
26014
26128
26217
26251
26361
26454
26543
26562
26563
26572
26590
26597
26661
26684
26967
26982
27174
27192
27214
27243
27262
27306
27376
27411
27436
27524
27551
27584
27631
27638
27730
27796
27878
27952
28071
28188
28279
28308
28310
28667
28842
28876
28947
28966
29049
29097
29140
29192
29232
29260
29355
29391
29451
29505
29534
29700
29708
29718
29748
29755
29766
29792
29843
29849
29864
29971
30071
30128
30200
30208
30219
30287
30312
30330
30422
30426
30478
30496
30541
30724
30756
30787
30879
30913
30966
31017
31018
31219
31258
31376
31389
31580
31599
31739
31855
31938
32121
32201
32204
32238
32254
32543
32553
32560
32792
32828
32909
33002
33117
33120
33129
33185
33190
33265
33344
33391
33457
33578
33591
33621
33663
33664
33667
33688
33700
33733
33846
33928
33932
33948
34032
34124
34202
34283
34331
34445
34578
34659
34696
34738
34763
34786
34796
34846
34888
34912
34937
34951
34976
34984
35003
35043
35213
35280
35320
35389
35404
35428
35499
35572
35588
35704
35705
35724
35816
35845
35972
36015
36057
36068
36130
36143
36273
36279
36315
36467
36543
36544
36550
36587
36614
36666
36771
36773
36856
36869
36870
36888
36980
37017
37082
37106
37140
37145
37244
37252
37263
37271
37337
37380
37460
37495
37498
37602
37628
37647
37669
37680
37808
37910
37937
37953
38028
38043
38145
38154
38229
38246
38313
38497
38515
38569
38577
38612
38618
38650
38668
38680
38757
38778
38779
38888
39072
39120
39190
39225
39238
39404
39536
39568
39584
39686
39769
39806
39925
39990
40024
40035
40046
40082
40113
40120
40173
40207
40209
40214
40299
40349
40354
40404
40414
40653
40695
40729
40835
15
57
96
139
221
232
292
296
306
333
398
518
573
662
782
807
824
835
901
984
1041
1091
1098
1113
1151
1162
1203
1210
1216
1282
1291
1423
1438
1455
1502
1650
1653
1751
1801
1811
1946
1977
1993
2024
2233
2274
2337
2436
2468
2498
2510
2521
2616
2776
3066
3116
3122
3159
3233
3245
3303
3331
3393
3465
3482
3535
3564
3632
3757
3960
4037
4038
4058
4138
4180
4266
4295
4376
4394
4449
4545
4573
4688
4726
4738
4741
4877
5006
5154
5240
5309
5396
5435
5480
5647
5706
5764
5822
5828
5882
5907
6113
6114
6118
6193
6195
6208
6335
6338
6398
6506
6600
6696
6700
6779
6875
7008
7206
7219
7530
7573
7958
8012
8309
8410
8439
8560
8637
8674
8688
8724
8746
9051
9094
9266
9347
9398
9441
9569
9600
9614
9670
9723
9735
9751
9767
9789
9906
9917
9918
10004
10024
10049
10064
10245
10295
10505
10631
10652
10661
10682
10693
10719
10730
10779
10842
10902
10911
10985
11036
11167
11418
11429
11477
11523
11543
11602
11688
11703
11896
11900
11918
11966
11974
12183
12305
12422
12447
12607
12797
12994
13009
13032
13059
13156
13228
13263
13342
13373
13389
13488
13530
13541
13625
13669
13897
13980
13987
14026
14097
14106
14184
14359
14529
14775
14777
14789
14864
15018
15033
15051
15147
15216
15217
15218
15271
15288
15400
15425
15463
15490
15497
15509
15541
15552
15640
15674
15754
15770
15821
15838
15898
15930
15932
15933
15939
16326
16449
16621
16676
16798
16803
16896
16943
17005
17009
17032
17065
17083
17116
17167
17171
17197
17217
17237
17238
17272
17391
17408
17462
17494
17516
17739
17788
17879
17915
18026
18027
18047
18072
18096
18140
18161
18164
18296
18300
18304
18438
18489
18493
18535
18704
18715
18721
18768
18811
19034
19047
19053
19057
19078
19142
19153
19171
19351
19466
19486
19580
19581
19780
19789
19792
19815
19843
19871
20095
20165
20302
20319
20322
20342
20374
20415
20592
20641
20647
20695
20714
20784
20800
20845
20883
20892
20954
20965
21104
21246
21381
21407
21646
21676
21738
21808
21833
22192
22236
22276
22300
22408
22414
22585
22732
22784
22859
22885
22900
22924
22977
23007
23085
23141
23145
23278
23344
23521
23615
23676
23769
23866
23891
23902
24004
24086
24112
24275
24417
24525
24536
24611
24780
24826
24842
24886
24926
24942
24945
24958
25033
25034
25039
25043
25096
25125
25171
25232
25288
25317
25385
25446
25719
25778
25851
25902
25991
26101
26108
26125
26142
26212
26220
26283
26327
26332
26333
26383
26568
26616
26638
26672
26781
26815
26838
26859
26922
27034
27050
27064
27124
27320
27429
27462
27555
27570
27573
27875
27904
27989
27997
28047
28064
28187
28224
28227
28251
28292
28389
28436
28538
28574
28847
28862
28922
28934
28986
29012
29032
29072
29083
29191
29236
29444
29466
29504
29592
29636
29643
29719
29753
29761
29777
29822
29985
30034
30078
30095
30159
30185
30324
30325
30401
30440
30450
30576
30668
30727
30745
31012
31023
31035
31075
31100
31127
31215
31244
31288
31304
31384
31451
31496
31537
31574
31646
31679
31696
31802
31826
31895
31989
32079
32088
32110
32129
32175
32213
32219
32366
32370
32420
32424
32473
32497
32657
32685
32712
32809
32811
32813
32816
32897
32960
33069
33163
33176
33187
33189
33321
33452
33566
33643
33792
33927
34200
34243
34309
34389
34563
34576
34620
34693
34703
34719
34819
34882
34940
34977
34994
35013
35086
35088
35123
35159
35177
35253
35271
35294
35448
35459
35478
35560
35565
35567
35613
35616
35716
35902
35956
35973
36009
36069
36164
36171
36488
36514
36523
36545
36576
36579
36627
36686
36706
36764
36777
36780
36882
36900
37099
37143
37249
37308
37397
37469
37573
37594
37825
37919
37950
38091
38209
38363
38374
38434
38652
38704
38810
38826
38945
39045
39081
39114
39129
39153
39221
39245
39316
39488
39532
39564
39593
39599
39617
39711
39772
39795
39819
39883
40015
40032
40048
40085
40119
40133
40275
40322
40555
40852
