17
178
215
371
427
436
453
509
569
675
1007
1023
1233
1237
1245
1356
1405
1431
1627
1639
1678
1719
1726
1763
1807
1995
2025
2122
2171
2375
2382
2392
2479
2670
2713
2795
2916
2923
3084
3140
3166
3236
3243
3316
3327
3329
3353
3425
3473
3484
3504
3515
3596
3638
3641
3663
3770
3814
3842
3888
3982
4093
4101
4105
4116
4159
4183
4261
4263
4350
4379
4610
4614
4743
4840
4909
4942
4969
4974
4996
5031
5040
5100
5127
5145
5277
5397
5432
5476
5540
5622
5659
5682
5691
5710
5776
5778
5809
5827
5863
5899
6068
6091
6094
6154
6200
6239
6245
6253
6439
6497
6510
6596
6674
6681
6761
6808
6823
6858
6957
7083
7128
7170
7183
7225
7274
7285
7316
7367
7387
7427
7451
7509
7511
7520
7532
7560
7638
7669
7723
7869
7895
7938
8070
8094
8283
8329
8513
8549
8711
8752
8806
8838
8861
8874
8895
9208
9254
9464
9471
9551
9564
9567
9609
9636
9707
9715
9777
9872
9997
10036
10078
10084
10104
10276
10324
10384
10411
10468
10504
10520
10630
10632
10710
10712
10814
10915
10966
11056
11077
11108
11155
11192
11310
11396
11649
11695
11725
11794
11986
12028
12042
12134
12173
12185
12210
12223
12233
12293
12306
12311
12314
12382
12399
12434
12501
12518
12533
12536
12556
12667
12736
12740
12765
12767
12813
12866
12889
12896
12968
12970
13057
13102
13144
13157
13315
13322
13339
13450
13556
13621
13643
13695
13750
13755
13773
13791
13873
13885
13967
13982
14049
14140
14185
14203
14259
14277
14332
14429
14683
14718
14725
14744
14747
14849
14876
14968
15017
15112
15298
15477
15610
15632
15702
15906
16022
16193
16283
16344
16432
16436
16446
16533
16556
16679
16774
16845
16875
16894
16965
16975
17022
17119
17253
17322
17324
17370
17381
17438
17512
17541
17557
17714
17824
17835
17854
17881
17974
17995
18003
18095
18137
18263
18278
18283
18292
18302
18414
18481
18637
18676
18746
18844
18913
18925
18960
18965
19040
19054
19062
19113
19168
19186
19200
19204
19220
19259
19502
19517
19874
19925
19948
20050
20120
20140
20155
20363
20408
20490
20508
20510
20637
20651
20676
20793
20978
21152
21211
21241
21256
21259
21349
21378
21386
21430
21542
21568
21587
21630
21681
21691
21732
21755
21765
21797
21819
21858
21905
21917
21958
21959
21974
22067
22076
22143
22306
22364
22442
22489
22524
22640
22651
22668
22740
22904
22922
22969
23124
23127
23146
23184
23186
23327
23330
23445
23490
23689
23699
23718
23720
23771
23857
23969
23981
24087
24100
24152
24161
24175
24230
24233
24247
24334
24420
24456
24632
24694
24732
24772
24774
24848
24854
24890
24905
24916
24932
24992
25001
25007
25061
25104
25122
25233
25273
25285
25423
25508
25631
25672
25702
25941
26014
26217
26251
26361
26447
26454
26466
26514
26543
26562
26563
26565
26572
26590
26597
26661
26967
26982
27174
27192
27214
27243
27262
27376
27411
27436
27524
27551
27584
27631
27638
27730
27796
27878
28071
28279
28308
28466
28614
28667
28771
28842
28947
29049
29097
29140
29192
29232
29355
29451
29534
29700
29708
29718
29748
29755
29766
29792
29849
29864
29922
29971
30071
30219
30287
30330
30422
30426
30496
30519
30541
30560
30724
30756
30787
30879
30913
30966
31017
31018
31219
31376
31389
31513
31580
31739
31766
31938
32012
32117
32121
32173
32187
32201
32204
32238
32254
32300
32543
32553
32560
32608
32757
32828
32909
33002
33117
33120
33168
33185
33190
33265
33391
33411
33457
33578
33591
33621
33663
33664
33667
33688
33700
33712
33733
33773
33774
33928
33948
34032
34124
34151
34202
34283
34331
34445
34578
34609
34696
34738
34763
34786
34796
34846
34888
34912
34914
34937
34951
34976
34984
35003
35011
35043
35389
35404
35428
35499
35704
35705
35724
35816
35845
35972
35982
36057
36130
36141
36143
36204
36273
36279
36315
36467
36543
36544
36550
36587
36601
36666
36771
36815
36856
36869
36870
36888
36980
37082
37106
37139
37140
37244
37252
37271
37380
37495
37498
37602
37628
37647
37669
37680
37808
37809
37828
37910
37937
37953
38022
38043
38106
38145
38154
38172
38236
38246
38313
38497
38515
38569
38577
38612
38650
38668
38680
38752
38757
38778
38779
39120
39183
39190
39225
39238
39404
39536
39584
39686
39806
39823
39990
40024
40035
40046
40082
40120
40207
40209
40214
40299
40349
40404
40510
40611
40653
40695
40715
40729
40835
15
57
96
139
221
232
292
296
306
333
398
518
573
586
616
662
718
742
747
803
807
835
1091
1098
1113
1151
1162
1203
1210
1216
1282
1291
1423
1437
1438
1455
1502
1546
1650
1751
1811
1959
1977
1993
1998
2024
2233
2312
2337
2436
2468
2498
2521
2616
2668
2776
3116
3122
3159
3233
3245
3303
3331
3393
3465
3482
3564
3632
3757
3848
3960
4037
4038
4138
4266
4295
4309
4394
4449
4545
4688
4726
4738
4741
4821
4877
5154
5157
5226
5240
5309
5396
5435
5480
5647
5706
5764
5822
5828
5882
5907
5954
6036
6113
6114
6118
6195
6208
6254
6317
6335
6338
6398
6506
6600
6695
6696
6700
6875
7008
7073
7206
7219
7237
7332
7425
7530
7573
7642
7708
7800
7958
7976
8012
8049
8309
8410
8439
8519
8674
8688
8724
8768
8774
9051
9094
9206
9266
9347
9398
9441
9569
9600
9614
9668
9670
9735
9751
9767
9789
9814
9836
9917
9918
10004
10024
10049
10064
10102
10182
10295
10425
10505
10652
10682
10693
10719
10730
10779
10842
10902
10911
10985
11036
11140
11167
11418
11477
11523
11543
11602
11688
11703
11918
11966
11974
12139
12183
12305
12422
12447
12526
12606
12607
12797
12994
13009
13032
13059
13113
13228
13257
13263
13342
13373
13389
13541
13669
13897
13987
14026
14097
14106
14184
14298
14529
14622
14775
14777
14789
14864
14896
15018
15033
15051
15147
15216
15217
15218
15271
15285
15288
15400
15425
15463
15490
15497
15509
15552
15640
15674
15754
15755
15770
15821
15838
15898
15930
15932
15933
16011
16449
16621
16803
16943
17005
17009
17065
17083
17116
17122
17167
17171
17197
17217
17237
17238
17391
17408
17462
17494
17516
17734
17739
17788
17879
17902
17915
18026
18027
18047
18072
18077
18096
18140
18161
18164
18296
18300
18304
18438
18489
18505
18535
18626
18664
18704
18715
18721
18848
19005
19034
19047
19053
19057
19078
19142
19153
19171
19351
19466
19486
19580
19581
19620
19780
19789
19792
19800
19815
19821
19843
19871
20095
20165
20302
20319
20322
20374
20415
20592
20627
20641
20695
20714
20800
20845
20883
20892
20954
20965
21104
21113
21246
21370
21381
21407
21646
21695
21738
21808
22408
22585
22732
22784
22859
22885
22900
22924
22977
23007
23085
23141
23145
23278
23344
23477
23521
23603
23615
23670
23769
23866
23881
23891
24004
24086
24275
24406
24417
24525
24536
24549
24574
24611
24645
24797
24826
24842
24886
24909
24926
24958
25032
25034
25043
25096
25125
25171
25232
25282
25288
25317
25385
25614
25719
25778
25991
26062
26101
26142
26212
26220
26283
26327
26332
26333
26383
26616
26672
26769
26781
26815
26838
26859
26922
27034
27050
27059
27064
27124
27267
27320
27429
27555
27570
27875
27904
27958
27968
27989
28047
28064
28187
28227
28251
28292
28389
28436
28538
28574
28858
28862
28886
28922
28934
28972
28986
29012
29072
29083
29125
29156
29191
29236
29444
29504
29592
29636
29639
29643
29753
29761
29777
29817
29822
29985
30021
30034
30078
30095
30159
30185
30324
30401
30450
30576
30641
30668
30727
30745
31012
31023
31035
31075
31100
31127
31215
31244
31288
31304
31390
31451
31481
31496
31536
31537
31574
31646
31679
31696
31802
31826
31895
32079
32088
32129
32175
32213
32219
32262
32366
32370
32420
32473
32497
32513
32657
32673
32685
32712
32811
32816
32897
33163
33189
33321
33475
33566
33643
33792
33923
34100
34200
34243
34389
34563
34576
34620
34661
34693
34703
34719
34819
34882
34940
34977
34994
35013
35088
35123
35177
35271
35294
35448
35459
35478
35560
35565
35567
35613
35616
35716
35797
35902
35945
35956
35973
36009
36033
36069
36164
36171
36417
36514
36523
36545
36576
36579
36627
36686
36764
36777
36780
36882
36900
37099
37143
37249
37308
37345
37397
37469
37594
37695
37806
37825
37919
38091
38209
38363
38374
38652
38704
38826
38878
38945
39081
39114
39129
39153
39221
39245
39316
39374
39488
39532
39564
39599
39617
39711
39772
39819
39883
40015
40032
40048
40085
40119
40133
40275
40322
40555
40747
