17
147
178
387
427
436
453
509
675
1007
1023
1233
1237
1245
1377
1405
1431
1639
1719
1726
1763
1807
1923
1995
2025
2122
2155
2171
2250
2372
2375
2382
2392
2447
2479
2670
2713
2795
2916
2923
2997
3084
3163
3166
3236
3243
3327
3353
3425
3453
3473
3484
3515
3541
3638
3663
3770
3842
3888
3982
4093
4101
4105
4146
4159
4183
4261
4263
4350
4379
4390
4610
4614
4743
4840
4909
4942
4969
4974
4996
5031
5040
5100
5127
5145
5220
5224
5277
5432
5540
5622
5659
5682
5691
5710
5776
5778
5809
5827
5863
5899
6068
6091
6094
6154
6200
6239
6245
6253
6336
6342
6430
6439
6497
6510
6596
6674
6681
6823
6858
6905
6957
7083
7128
7166
7181
7225
7274
7285
7316
7387
7405
7427
7451
7520
7532
7560
7587
7638
7669
7833
7861
7869
7895
7911
7938
7939
7967
8094
8329
8440
8501
8711
8752
8806
8838
8861
8874
8895
9208
9217
9254
9357
9431
9506
9551
9564
9567
9609
9715
9777
9872
9971
9997
10036
10078
10084
10104
10162
10276
10324
10384
10411
10468
10504
10520
10543
10632
10683
10710
10712
10904
10966
11056
11077
11108
11155
11192
11310
11317
11341
11396
11649
11691
11725
11735
11765
11794
11986
12019
12042
12134
12210
12223
12233
12306
12314
12382
12399
12434
12448
12501
12518
12533
12667
12736
12753
12767
12866
12889
12896
12968
12970
13035
13057
13102
13144
13157
13322
13339
13400
13450
13556
13621
13643
13695
13750
13773
13791
13885
13967
13982
14049
14128
14140
14185
14203
14259
14277
14332
14429
14486
14715
14718
14725
14744
14747
14837
14849
14876
14968
15017
15112
15127
15298
15302
15477
15632
15702
15782
15906
16022
16193
16283
16344
16432
16436
16446
16774
16845
16875
16894
16965
16975
17022
17106
17119
17253
17322
17324
17370
17438
17512
17541
17591
17714
17824
17835
17854
17881
17920
17995
18003
18095
18137
18263
18278
18283
18292
18302
18322
18366
18414
18481
18637
18676
18746
18965
19040
19054
19062
19113
19168
19186
19200
19204
19220
19259
19366
19395
19502
19515
19517
19751
19874
19925
19948
20050
20120
20140
20155
20265
20277
20363
20408
20490
20508
20510
20536
20637
20651
20676
20793
20879
20978
21052
21211
21241
21256
21259
21349
21378
21386
21430
21489
21542
21544
21587
21630
21681
21691
21732
21755
21762
21819
21858
21905
21958
21959
21974
21988
22067
22076
22306
22364
22442
22489
22524
22640
22651
22668
22749
22904
22969
23124
23127
23146
23184
23186
23330
23490
23516
23689
23699
23718
23720
23771
23813
23857
23969
23981
24036
24087
24100
24152
24161
24175
24230
24247
24420
24456
24617
24632
24772
24774
24854
24869
24890
24905
24916
24932
25001
25007
25061
25104
25122
25273
25285
25423
25508
25702
25774
25818
25941
26217
26251
26361
26447
26466
26514
26563
26565
26572
26590
26597
26661
26684
26752
26967
27174
27192
27193
27214
27262
27306
27376
27436
27524
27551
27631
27638
27730
27796
27952
28071
28188
28279
28308
28310
28466
28517
28614
28667
28771
28842
28876
28947
28966
29049
29097
29140
29192
29232
29355
29391
29451
29700
29708
29718
29748
29755
29766
29849
29864
29922
29971
30071
30200
30208
30219
30287
30312
30329
30330
30422
30426
30478
30519
30541
30560
30715
30724
30756
30787
30913
30966
31017
31219
31256
31258
31376
31389
31513
31599
31648
31739
31766
31855
31938
32012
32117
32173
32187
32201
32204
32238
32254
32300
32543
32553
32560
32608
32757
32792
32828
32909
33002
33117
33168
33185
33190
33265
33344
33387
33391
33411
33457
33578
33621
33663
33688
33700
33712
33733
33773
33774
33932
33948
34124
34151
34283
34445
34609
34659
34696
34738
34763
34786
34846
34888
34912
34914
34937
34951
34976
35003
35043
35213
35280
35320
35389
35404
35428
35499
35588
35705
35724
35816
35845
35972
36015
36057
36068
36143
36204
36279
36315
36467
36543
36544
36550
36587
36614
36666
36771
36815
36856
36870
36888
36980
37082
37139
37140
37145
37244
37252
37271
37337
37380
37460
37602
37628
37647
37669
37680
37808
37809
37828
37953
38022
38028
38043
38106
38145
38154
38172
38229
38236
38246
38497
38515
38569
38577
38618
38650
38668
38680
38778
38779
38888
39072
39225
39238
39404
39536
39568
39584
39686
39769
39806
39823
39925
40024
40035
40046
40082
40113
40120
40173
40207
40209
40214
40299
40349
40354
40404
40414
40510
40611
40695
40715
40729
40835
15
57
96
139
221
232
292
296
306
333
398
573
586
616
662
663
718
747
803
807
894
901
984
1041
1091
1098
1113
1151
1162
1203
1210
1216
1282
1291
1423
1437
1438
1455
1502
1546
1653
1811
1938
1946
1977
1993
1998
2233
2274
2312
2436
2468
2498
2510
2616
2668
2776
3066
3116
3122
3233
3245
3331
3393
3465
3482
3535
3564
3632
3757
3848
3960
4037
4038
4138
4180
4266
4295
4376
4394
4449
4545
4573
4688
4726
4738
4741
4821
4877
5112
5154
5157
5226
5240
5258
5309
5396
5435
5480
5647
5706
5764
5822
5828
5882
5907
5954
6036
6113
6114
6118
6193
6195
6208
6254
6338
6398
6506
6600
6695
6700
6779
6875
7073
7206
7219
7237
7332
7425
7530
7573
7708
7800
7958
7976
8049
8309
8410
8439
8519
8560
8637
8674
8688
8724
8746
8768
8774
9051
9094
9206
9266
9347
9398
9441
9569
9600
9614
9668
9670
9723
9735
9751
9767
9836
9906
9917
9918
10004
10024
10049
10064
10193
10245
10425
10505
10631
10693
10719
10730
10779
10842
10902
10911
11036
11302
11418
11429
11477
11523
11602
11688
11703
11896
11900
11918
11966
11974
12139
12183
12305
12422
12527
12528
12606
12607
12797
12994
13009
13032
13059
13156
13228
13257
13263
13342
13389
13488
13530
13669
13897
13987
14026
14097
14106
14184
14298
14359
14529
14622
14775
14777
14789
15018
15033
15051
15147
15216
15217
15288
15336
15425
15463
15490
15497
15509
15541
15552
15674
15755
15770
15821
15898
15933
15939
16011
16049
16115
16449
16621
16676
16798
16803
16896
16943
17009
17032
17062
17065
17083
17116
17122
17167
17171
17197
17217
17237
17238
17272
17408
17462
17494
17516
17739
17753
17788
17879
17902
17915
18026
18047
18072
18077
18096
18140
18161
18164
18296
18300
18304
18493
18505
18535
18626
18664
18704
18715
18721
18811
18848
19034
19053
19057
19078
19142
19153
19351
19466
19580
19581
19620
19780
19792
19800
19815
19821
19871
20095
20165
20322
20342
20374
20415
20592
20641
20647
20695
20714
20784
20800
20845
20859
20883
20892
20965
21104
21113
21246
21252
21370
21407
21646
21676
21695
21738
21808
22192
22236
22300
22408
22585
22732
22784
22859
22885
22900
22924
22977
23007
23026
23085
23141
23145
23344
23477
23521
23574
23603
23615
23670
23676
23769
23866
23891
24004
24086
24112
24275
24406
24417
24525
24536
24549
24574
24611
24645
24826
24842
24886
24909
24926
24945
24958
25032
25033
25034
25043
25096
25125
25171
25282
25385
25446
25560
25614
25719
25750
25778
25851
25991
26062
26101
26108
26125
26142
26212
26220
26283
26327
26332
26333
26383
26568
26616
26638
26672
26769
26781
26815
26859
26922
27034
27059
27064
27124
27191
27267
27320
27429
27555
27570
27573
27958
27968
27989
28047
28064
28187
28224
28227
28251
28292
28389
28538
28574
28847
28858
28862
28886
28922
28934
28972
28986
29012
29072
29125
29191
29236
29444
29504
29592
29636
29639
29643
29777
29817
29985
30034
30078
30095
30159
30185
30316
30325
30401
30450
30576
30641
30668
30727
30745
30797
31012
31023
31035
31075
31100
31215
31244
31288
31304
31390
31481
31496
31536
31537
31574
31646
31679
31696
31802
31826
31895
31989
32110
32175
32213
32219
32262
32366
32370
32424
32473
32513
32657
32673
32685
32712
32809
32811
32813
32816
32892
32897
32960
33069
33176
33187
33321
33475
33566
33643
33923
33927
34100
34200
34243
34309
34389
34563
34576
34620
34693
34703
34719
34819
34940
34977
35013
35086
35123
35159
35177
35253
35271
35294
35448
35459
35478
35560
35565
35567
35613
35616
35797
35956
36009
36033
36069
36164
36171
36417
36488
36514
36523
36576
36579
36627
36686
36706
36764
36780
36882
37099
37143
37249
37308
37345
37397
37469
37573
37695
37806
37825
37919
37950
38091
38209
38363
38434
38652
38704
38826
38878
38945
39045
39081
39129
39153
39221
39245
39316
39374
39488
39532
39593
39599
39617
39711
39772
39795
40015
40032
40048
40085
40119
40133
40275
40555
40747
40852
