17
147
215
371
387
427
436
453
569
675
1007
1023
1237
1245
1356
1377
1405
1431
1627
1639
1678
1726
1763
1807
1923
1995
2025
2155
2171
2250
2298
2372
2375
2382
2447
2479
2670
2713
2795
2916
2997
3084
3140
3163
3166
3236
3316
3327
3353
3425
3453
3473
3484
3504
3515
3541
3596
3638
3641
3814
3888
3982
4093
4101
4105
4116
4122
4146
4159
4183
4261
4263
4350
4379
4390
4743
4840
4909
4942
4969
4996
5031
5127
5145
5220
5224
5277
5397
5476
5540
5622
5659
5682
5691
5710
5740
5744
5776
5778
5809
5827
5863
5899
6068
6091
6200
6239
6245
6253
6336
6342
6430
6439
6497
6510
6596
6674
6681
6761
6808
6957
7128
7166
7170
7181
7183
7225
7316
7367
7387
7405
7427
7509
7511
7532
7560
7587
7669
7723
7833
7861
7869
7895
7911
7938
7939
7967
8070
8094
8283
8329
8440
8501
8513
8549
8711
8752
8806
8838
8861
8874
8895
9208
9217
9254
9357
9431
9464
9471
9506
9551
9564
9567
9636
9707
9715
9777
9872
9915
9971
9997
10036
10084
10162
10251
10276
10324
10384
10411
10468
10504
10520
10543
10632
10683
10710
10712
10812
10814
10904
10915
10966
11056
11077
11108
11155
11192
11310
11317
11341
11396
11649
11691
11695
11725
11735
11794
11986
12019
12028
12134
12173
12185
12210
12223
12293
12306
12314
12347
12399
12434
12448
12501
12518
12533
12536
12556
12667
12736
12740
12753
12765
12866
12889
12896
12968
13035
13057
13102
13157
13296
13315
13322
13339
13400
13450
13621
13643
13695
13716
13750
13755
13791
13873
13885
14049
14128
14140
14203
14259
14277
14332
14429
14486
14683
14715
14718
14725
14744
14747
14837
14849
14968
15112
15127
15302
15477
15610
15632
15702
15782
15906
16022
16193
16283
16344
16432
16436
16446
16533
16556
16679
16774
16875
16894
16965
16975
17022
17106
17119
17322
17324
17438
17512
17541
17557
17591
17714
17824
17835
17854
17920
17974
17995
18003
18137
18263
18278
18283
18292
18302
18322
18414
18481
18676
18844
18913
18925
18960
18965
19054
19062
19113
19168
19186
19220
19259
19395
19502
19515
19517
19751
19874
19925
19948
20050
20120
20140
20155
20265
20277
20408
20490
20508
20510
20536
20637
20651
20676
20793
20978
21052
21152
21211
21256
21349
21378
21386
21430
21542
21544
21568
21587
21630
21681
21691
21755
21762
21765
21797
21819
21858
21905
21917
21958
21974
21988
22067
22076
22143
22306
22343
22364
22442
22489
22524
22640
22651
22668
22740
22904
22922
22969
23124
23127
23146
23184
23186
23327
23330
23445
23490
23516
23689
23699
23718
23771
23813
23857
23969
24036
24087
24100
24152
24161
24175
24247
24334
24420
24456
24617
24632
24694
24732
24772
24774
24848
24854
24916
24932
24992
25001
25003
25007
25104
25122
25233
25273
25285
25423
25631
25702
25941
26014
26128
26217
26251
26361
26447
26466
26514
26562
26563
26565
26572
26597
26661
26684
26752
26967
27174
27192
27193
27214
27243
27306
27376
27411
27436
27524
27551
27584
27631
27638
27730
27878
27952
28071
28279
28308
28310
28466
28517
28614
28771
28842
28876
28947
28966
29049
29097
29140
29192
29232
29260
29391
29451
29505
29718
29755
29766
29792
29843
29849
29864
29922
29971
30071
30128
30200
30208
30219
30287
30312
30329
30330
30426
30478
30496
30519
30541
30715
30724
30756
30879
30913
31017
31219
31256
31258
31376
31513
31599
31739
31766
31855
32012
32117
32121
32173
32187
32201
32238
32254
32300
32543
32553
32560
32608
32757
32792
32828
32909
33002
33117
33120
33129
33168
33185
33190
33265
33344
33387
33391
33411
33457
33591
33663
33664
33667
33688
33712
33733
33773
33774
33928
33932
33948
34032
34124
34151
34202
34331
34445
34578
34659
34696
34738
34786
34796
34846
34912
34914
34951
34984
35003
35043
35213
35320
35389
35404
35499
35572
35704
35705
35724
35816
35845
35972
35982
36015
36057
36068
36130
36141
36204
36279
36315
36544
36550
36587
36614
36773
36815
36856
36869
36870
36888
36980
37017
37106
37140
37145
37244
37252
37263
37271
37337
37380
37460
37495
37498
37602
37628
37647
37669
37680
37808
37910
37937
38022
38028
38043
38106
38154
38172
38229
38236
38246
38313
38497
38515
38569
38577
38612
38618
38650
38668
38680
38752
38757
38778
38779
38888
39072
39120
39183
39190
39225
39404
39568
39584
39686
39769
39806
39823
39925
39990
40024
40035
40046
40082
40113
40120
40173
40209
40214
40349
40354
40404
40414
40510
40611
40653
40695
40729
40835
15
96
139
221
292
296
306
398
518
573
616
663
718
742
747
803
807
894
901
984
1091
1098
1162
1203
1210
1216
1423
1437
1438
1455
1502
1546
1650
1653
1801
1811
1938
1946
1977
1993
2024
2233
2312
2337
2436
2468
2498
2510
2616
2668
2776
3066
3116
3122
3159
3233
3245
3303
3331
3393
3465
3564
3632
3757
3960
4037
4038
4138
4180
4266
4295
4376
4394
4449
4545
4688
4726
4738
4821
5112
5154
5157
5226
5240
5258
5309
5396
5480
5647
5764
5822
5907
5930
5954
6036
6113
6114
6118
6193
6195
6208
6254
6335
6338
6398
6506
6600
6695
6696
6700
6779
7008
7073
7206
7219
7237
7332
7425
7530
7537
7573
7642
7708
7784
7800
7958
8049
8309
8410
8439
8519
8560
8637
8688
8724
8768
8774
9051
9206
9266
9347
9569
9600
9614
9670
9723
9751
9767
9789
9814
9836
9906
9917
10004
10024
10049
10064
10102
10182
10193
10245
10425
10505
10631
10652
10661
10693
10719
10730
10779
10842
10902
10911
10985
11036
11140
11167
11302
11418
11477
11523
11602
11688
11703
11900
11918
11966
11974
12183
12305
12422
12526
12527
12528
12606
12607
12797
12994
13009
13032
13059
13113
13228
13257
13263
13342
13373
13389
13488
13530
13541
13625
13669
13980
13987
14026
14097
14106
14184
14359
14529
14622
14775
14777
14789
14896
15018
15033
15051
15216
15217
15218
15285
15336
15400
15425
15463
15490
15497
15541
15552
15640
15674
15754
15770
15821
15838
15898
15930
15932
15933
15939
16011
16049
16115
16326
16449
16621
16676
16798
16803
16896
16943
17005
17009
17032
17062
17083
17167
17171
17197
17217
17237
17391
17408
17462
17516
17734
17739
17753
17879
17902
17911
17915
18026
18027
18047
18072
18096
18140
18161
18164
18296
18300
18304
18438
18489
18505
18535
18626
18704
18715
18768
18848
19005
19034
19047
19053
19057
19078
19142
19153
19171
19351
19486
19580
19620
19780
19789
19800
19843
19871
20095
20165
20302
20319
20322
20374
20415
20592
20627
20641
20647
20695
20714
20784
20800
20845
20859
20883
20892
20954
20965
21104
21113
21246
21252
21370
21381
21407
21646
21695
21738
21808
21833
21839
22192
22236
22300
22408
22414
22585
22732
22784
22859
22885
22900
23007
23085
23141
23278
23344
23477
23521
23603
23615
23676
23769
23866
23881
23902
24004
24086
24112
24275
24406
24417
24536
24549
24574
24611
24645
24780
24826
24842
24886
24926
24945
24958
25032
25033
25034
25039
25043
25096
25125
25171
25232
25282
25288
25317
25385
25446
25560
25614
25719
25851
25902
25991
26062
26108
26142
26212
26283
26327
26332
26333
26383
26568
26616
26638
26672
26699
26781
26838
26922
27034
27059
27064
27124
27191
27320
27429
27462
27555
27570
27573
27958
27968
27989
27997
28047
28224
28227
28251
28292
28847
28858
28862
28922
28986
29012
29032
29083
29191
29236
29444
29466
29504
29592
29636
29639
29643
29719
29753
29761
29777
29817
29822
30021
30034
30078
30159
30185
30316
30324
30325
30401
30440
30450
30576
30641
30668
30727
30745
31012
31023
31035
31075
31100
31215
31242
31244
31288
31304
31384
31390
31481
31537
31646
31679
31826
31895
31989
32079
32088
32129
32213
32219
32262
32366
32420
32424
32497
32657
32685
32712
32809
32811
32816
32892
32897
32960
33176
33187
33321
33452
33475
33566
33792
34100
34243
34389
34576
34620
34661
34693
34703
34719
34882
34940
34994
35013
35086
35088
35123
35159
35177
35253
35271
35448
35478
35560
35565
35567
35613
35616
35716
35797
35902
35945
35956
35973
36009
36033
36069
36164
36171
36417
36488
36514
36523
36545
36576
36627
36686
36706
36764
36777
36780
36882
36900
37099
37143
37249
37308
37345
37469
37573
37594
37695
37806
37825
37950
38091
38209
38374
38434
38652
38704
38826
38878
38945
39045
39081
39114
39129
39153
39221
39245
39316
39374
39488
39532
39564
39593
39617
39772
39795
40015
40032
40048
40085
40119
40133
40275
40747
