147
178
371
427
436
453
509
569
675
1007
1023
1233
1245
1356
1377
1405
1431
1627
1639
1678
1719
1726
1763
1807
1923
1995
2025
2122
2250
2298
2372
2375
2382
2392
2447
2670
2713
2795
2916
2923
2997
3139
3163
3166
3236
3243
3316
3327
3329
3353
3425
3453
3473
3484
3515
3541
3596
3641
3663
3770
3814
3888
3982
4093
4101
4105
4116
4122
4146
4159
4183
4263
4350
4379
4390
4614
4743
4840
4909
4942
4969
4974
5040
5100
5127
5145
5432
5476
5540
5622
5659
5691
5710
5740
5778
5809
5827
5863
5899
6068
6091
6094
6154
6200
6239
6245
6342
6430
6439
6497
6510
6674
6681
6761
6808
6823
6858
6905
6957
7083
7128
7166
7170
7225
7285
7316
7387
7405
7427
7451
7511
7520
7532
7560
7587
7638
7669
7723
7833
7861
7869
7895
7939
7967
8070
8283
8329
8440
8501
8549
8752
8838
8861
8874
9208
9217
9254
9431
9464
9471
9506
9564
9609
9636
9707
9715
9777
9872
9915
10036
10078
10084
10104
10162
10251
10276
10384
10411
10468
10504
10520
10543
10630
10632
10683
10712
10812
10814
10904
10966
11056
11077
11155
11192
11310
11317
11341
11396
11725
11735
11765
12019
12028
12042
12134
12173
12185
12210
12293
12306
12311
12347
12382
12434
12448
12501
12518
12536
12556
12736
12740
12765
12767
12813
12866
12896
12970
13035
13057
13102
13144
13157
13296
13315
13322
13339
13450
13556
13643
13695
13716
13736
13750
13755
13791
13885
13967
13982
14128
14140
14185
14203
14259
14277
14332
14429
14486
14683
14715
14718
14725
14744
14747
14837
14849
14876
14968
15017
15112
15127
15298
15477
15610
15632
15702
15782
15906
16283
16344
16432
16436
16446
16533
16556
16679
16774
16845
16894
16965
16975
17022
17119
17322
17324
17370
17381
17512
17541
17557
17591
17714
17835
17854
17920
17974
18003
18095
18137
18263
18278
18302
18322
18366
18414
18481
18637
18676
18724
18746
18844
18960
18965
19040
19054
19113
19168
19186
19200
19204
19220
19259
19395
19502
19515
19517
19751
19874
19948
20050
20120
20140
20155
20265
20277
20363
20408
20490
20508
20510
20536
20637
20651
20676
20879
20978
21152
21211
21241
21256
21259
21349
21378
21386
21430
21489
21542
21544
21568
21630
21691
21732
21755
21762
21765
21797
21819
21858
21905
21917
21958
21974
21988
22067
22076
22143
22306
22343
22364
22442
22524
22640
22651
22740
22749
22904
22922
22969
23124
23127
23146
23184
23186
23327
23445
23490
23516
23689
23720
23813
23969
23981
24087
24100
24152
24161
24175
24230
24251
24334
24420
24456
24617
24632
24694
24732
24774
24848
24854
24869
24890
24905
24916
24932
24992
25001
25003
25007
25061
25104
25122
25233
25273
25285
25508
25631
25672
25702
25818
25941
26014
26217
26447
26454
26514
26543
26562
26563
26572
26590
26597
26661
26684
26752
26967
26982
27174
27193
27214
27243
27262
27306
27376
27436
27524
27551
27584
27631
27638
27730
27796
27952
28071
28188
28279
28308
28517
28614
28667
28771
28842
28876
28947
28966
29140
29192
29232
29260
29355
29391
29451
29505
29534
29700
29708
29718
29748
29766
29843
29849
29864
30128
30200
30208
30219
30422
30478
30496
30519
30541
30560
30756
30787
30879
30913
30966
31017
31018
31256
31258
31376
31513
31648
31739
31766
31855
32012
32117
32121
32173
32187
32204
32238
32254
32300
32543
32553
32560
32608
32828
33002
33117
33120
33129
33168
33185
33265
33344
33387
33391
33411
33457
33578
33621
33663
33664
33667
33700
33712
33733
33774
33846
33928
33932
33948
34032
34124
34151
34202
34283
34331
34445
34578
34659
34696
34738
34763
34786
34796
34846
34888
34937
34951
34984
35003
35011
35043
35213
35280
35320
35389
35428
35499
35572
35588
35704
35705
35724
35845
35944
35982
36015
36057
36068
36141
36204
36273
36279
36315
36467
36543
36550
36601
36666
36771
36773
36856
36870
36888
37017
37106
37139
37140
37244
37252
37263
37337
37460
37495
37498
37602
37628
37669
37680
37808
37809
37828
37910
37937
37953
38022
38028
38043
38106
38145
38154
38229
38236
38313
38515
38569
38577
38612
38618
38650
38668
38680
38752
38757
38778
38779
38888
39072
39183
39190
39225
39238
39404
39536
39584
39686
39769
39806
39823
39925
39990
40024
40035
40046
40082
40113
40120
40173
40207
40209
40214
40299
40349
40354
40414
40510
40653
40695
40715
40729
40835
15
57
96
139
221
232
292
296
306
333
573
616
662
663
718
742
747
782
803
824
835
894
901
984
1041
1098
1113
1162
1203
1210
1216
1282
1291
1423
1437
1438
1502
1546
1653
1801
1811
1938
1946
1959
1993
1998
2024
2233
2312
2337
2436
2468
2510
2521
2616
2668
2776
3066
3116
3122
3159
3233
3245
3303
3331
3393
3465
3482
3564
3632
3757
3848
3960
4038
4266
4309
4394
4449
4545
4726
4738
4741
4821
4877
5112
5154
5157
5226
5240
5258
5309
5396
5435
5647
5706
5764
5822
5828
5882
5907
5930
5954
6036
6113
6118
6193
6195
6317
6335
6338
6506
6600
6695
6696
6700
6779
6875
7008
7073
7206
7237
7332
7425
7530
7537
7573
7642
7708
7784
7800
7958
8012
8049
8309
8410
8439
8519
8560
8637
8674
8688
8724
8746
8768
9051
9094
9206
9266
9347
9398
9441
9600
9614
9668
9723
9735
9751
9767
9789
9814
9836
9906
9917
9918
10004
10024
10049
10182
10245
10295
10425
10631
10652
10661
10682
10719
10730
10779
10842
10902
10985
11036
11140
11167
11302
11429
11477
11523
11543
11602
11688
11896
11900
11966
11974
12139
12183
12422
12447
12526
12527
12528
12606
12797
12994
13009
13032
13113
13156
13228
13373
13488
13530
13541
13625
13669
13897
13980
13987
14097
14106
14184
14298
14359
14529
14622
14777
14864
14896
15018
15033
15051
15216
15217
15218
15271
15285
15288
15336
15425
15463
15490
15497
15509
15541
15552
15640
15754
15821
15838
15898
15930
15932
15933
15939
16011
16115
16326
16449
16621
16676
16798
16803
16896
17005
17009
17032
17062
17065
17116
17122
17167
17197
17217
17237
17238
17272
17391
17462
17494
17516
17734
17739
17879
17902
17911
17915
18026
18027
18072
18140
18161
18164
18296
18300
18304
18438
18489
18493
18535
18626
18664
18704
18715
18721
18768
18811
18848
19034
19047
19053
19057
19078
19153
19171
19466
19486
19580
19581
19620
19789
19792
19800
19815
19843
19871
20095
20165
20302
20319
20322
20342
20374
20592
20627
20641
20647
20695
20714
20800
20845
20883
20892
20954
20965
21113
21246
21252
21370
21381
21407
21646
21676
21695
21808
21833
22192
22236
22276
22300
22408
22414
22585
22732
22784
22859
22885
22900
22924
22977
23007
23085
23278
23344
23477
23574
23603
23615
23676
23769
23866
23881
23902
24004
24086
24112
24275
24406
24417
24525
24549
24574
24645
24797
24826
24842
24886
24909
24942
24945
24958
25032
25034
25039
25043
25096
25125
25171
25232
25288
25317
25385
25446
25560
25614
25719
25750
25851
25902
25991
26062
26101
26108
26125
26142
26212
26220
26283
26327
26332
26333
26383
26616
26638
26672
26699
26769
26781
26815
26838
27034
27050
27059
27064
27124
27191
27267
27320
27462
27555
27570
27573
27875
27958
27968
27989
28047
28064
28187
28224
28227
28292
28436
28538
28574
28847
28858
28862
28886
28922
28934
28972
29012
29032
29072
29083
29125
29156
29191
29444
29466
29504
29592
29636
29639
29643
29719
29817
29985
30021
30034
30078
30095
30159
30185
30316
30324
30325
30401
30440
30450
30576
30641
30745
31012
31023
31035
31075
31127
31215
31244
31288
31384
31390
31451
31481
31496
31537
31574
31646
31679
31696
31802
31826
31895
31989
32079
32088
32110
32175
32213
32219
32262
32370
32420
32424
32473
32497
32513
32657
32673
32712
32809
32811
32813
32816
32892
32960
33069
33163
33176
33187
33189
33452
33475
33566
33643
33792
33923
33927
34100
34200
34243
34309
34389
34563
34576
34620
34661
34693
34703
34719
34819
34882
34940
34977
34994
35013
35086
35088
35123
35177
35253
35294
35448
35459
35478
35560
35565
35613
35716
35797
35902
35945
35973
36009
36033
36069
36171
36417
36514
36545
36576
36579
36627
36686
36706
36764
36777
36780
36882
36900
37099
37143
37308
37345
37469
37594
37695
37806
37825
37919
37950
38091
38209
38363
38374
38434
38652
38704
38810
38826
38945
39045
39081
39114
39129
39153
39245
39316
39374
39488
39564
39593
39599
39617
39711
39772
39795
39819
39883
40032
40048
40119
40133
40275
40555
40747
40852
