147
178
215
371
387
436
675
1007
1023
1233
1237
1245
1356
1377
1405
1627
1678
1719
1726
1763
1807
1923
1995
2025
2122
2155
2171
2298
2372
2382
2392
2447
2479
2670
2713
2795
2916
2923
2997
3139
3140
3163
3166
3236
3316
3329
3353
3425
3453
3473
3484
3504
3541
3596
3638
3641
3770
3814
3842
3888
3982
4093
4105
4122
4146
4159
4261
4263
4350
4379
4390
4610
4743
4909
4969
4996
5031
5100
5127
5145
5220
5277
5432
5476
5540
5622
5659
5682
5691
5710
5740
5744
5776
5778
5809
5827
5863
5899
6068
6091
6094
6245
6253
6336
6342
6430
6439
6497
6510
6596
6674
6681
6761
6808
6823
6957
7083
7128
7166
7170
7181
7183
7225
7274
7285
7316
7367
7405
7427
7451
7509
7511
7520
7532
7560
7587
7638
7669
7723
7833
7861
7869
7895
7938
7939
8070
8094
8283
8329
8440
8501
8513
8711
8752
8806
8838
8861
8874
8895
9208
9254
9357
9431
9464
9471
9506
9551
9564
9567
9609
9636
9707
9715
9777
9872
9915
9971
9997
10078
10084
10104
10162
10251
10276
10324
10384
10411
10468
10543
10630
10632
10683
10710
10712
10812
10814
10904
10915
10966
11056
11108
11155
11192
11317
11341
11396
11649
11691
11725
11765
11794
11986
12019
12042
12134
12173
12210
12293
12306
12311
12314
12347
12382
12399
12434
12448
12533
12536
12556
12667
12736
12740
12753
12765
12866
12896
12970
13035
13057
13102
13157
13296
13315
13322
13339
13400
13450
13556
13621
13643
13695
13716
13736
13750
13755
13773
13791
13885
13967
13982
14049
14128
14140
14185
14203
14259
14277
14332
14429
14486
14683
14715
14718
14725
14744
14747
14837
14849
14876
14968
15017
15112
15127
15298
15477
15610
15632
15702
15906
16022
16193
16283
16344
16432
16436
16446
16533
16556
16679
16774
16845
16875
16965
16975
17022
17106
17322
17324
17370
17381
17512
17541
17557
17591
17714
17835
17854
17881
17920
18003
18137
18263
18278
18283
18292
18302
18322
18366
18414
18481
18637
18676
18724
18746
18925
18960
18965
19040
19054
19062
19113
19186
19200
19204
19259
19366
19395
19515
19517
19751
19874
19925
19948
20050
20140
20155
20363
20408
20490
20508
20510
20536
20637
20651
20676
20793
21052
21211
21256
21259
21349
21378
21386
21430
21489
21542
21544
21568
21630
21732
21755
21762
21765
21797
21819
21858
21917
21958
21959
21974
21988
22067
22076
22143
22306
22364
22442
22489
22524
22651
22668
22740
22749
22904
22922
23127
23146
23184
23186
23327
23330
23445
23516
23689
23699
23718
23720
23771
23813
23857
23969
23981
24036
24087
24152
24175
24230
24233
24247
24251
24334
24456
24632
24694
24732
24772
24774
24848
24854
24869
24905
24916
24932
24992
25003
25007
25104
25122
25233
25273
25285
25423
25508
25631
25672
25702
25774
25818
25941
26128
26251
26361
26447
26454
26466
26514
26543
26562
26563
26565
26572
26590
26597
26661
26967
26982
27174
27193
27214
27262
27306
27376
27411
27436
27524
27551
27584
27631
27638
27730
27796
27878
27952
28071
28279
28308
28310
28466
28517
28842
28876
28947
28966
29049
29097
29140
29192
29232
29260
29355
29391
29451
29505
29534
29700
29708
29755
29792
29843
29849
29864
29922
29971
30071
30128
30200
30208
30312
30329
30330
30422
30426
30496
30541
30560
30715
30756
30787
30879
30913
30966
31219
31258
31376
31389
31599
31648
31739
31766
31855
31938
32012
32117
32121
32187
32201
32204
32254
32300
32543
32553
32560
32608
32757
32792
32828
32909
33002
33117
33129
33168
33185
33190
33344
33387
33391
33411
33578
33591
33621
33663
33664
33667
33688
33712
33733
33773
33774
33846
33928
33932
33948
34032
34124
34283
34331
34445
34578
34609
34659
34696
34738
34786
34796
34846
34912
34914
34951
34976
35011
35043
35213
35280
35320
35389
35404
35428
35499
35572
35588
35704
35705
35724
35845
35944
35972
35982
36015
36057
36068
36130
36141
36143
36204
36273
36279
36315
36467
36543
36544
36550
36587
36601
36614
36771
36773
36815
36869
36980
37017
37082
37106
37139
37140
37244
37252
37263
37271
37337
37460
37495
37498
37602
37628
37647
37669
37680
37808
37809
37828
37910
37937
37953
38022
38028
38043
38106
38145
38154
38172
38229
38236
38246
38313
38497
38515
38569
38577
38618
38650
38668
38680
38752
38757
38778
38779
38888
39072
39120
39183
39190
39225
39238
39404
39536
39568
39584
39686
39769
39806
39823
39925
40024
40046
40082
40113
40214
40299
40354
40404
40414
40510
40653
40695
40715
40729
40835
15
57
96
139
221
232
296
306
333
398
518
573
586
662
663
718
742
747
782
803
807
824
835
901
984
1041
1091
1098
1113
1151
1162
1203
1210
1216
1282
1291
1423
1437
1438
1455
1502
1546
1653
1801
1811
1938
1946
1959
1977
1993
2233
2274
2436
2468
2498
2510
2521
2616
2668
3066
3116
3122
3159
3233
3245
3303
3393
3465
3482
3535
3564
3632
3757
3848
3960
4037
4058
4138
4180
4266
4295
4309
4376
4394
4449
4545
4688
4726
4738
4741
4821
4877
5006
5112
5154
5157
5226
5240
5258
5309
5396
5435
5480
5647
5822
5828
5882
5907
5930
5954
6036
6114
6193
6195
6254
6317
6335
6338
6398
6506
6695
6700
6779
7008
7073
7206
7237
7332
7425
7530
7537
7573
7642
7708
7784
7800
7958
8012
8049
8309
8410
8519
8560
8674
8724
8746
8768
8774
9051
9094
9206
9398
9441
9569
9600
9614
9670
9723
9735
9751
9767
9789
9836
9917
9918
10004
10024
10049
10064
10102
10182
10193
10245
10295
10425
10631
10652
10661
10682
10719
10730
10779
10842
10902
10911
11140
11167
11302
11418
11429
11477
11523
11688
11896
11974
12139
12183
12305
12422
12526
12527
12528
12606
12607
12797
12994
13009
13032
13059
13113
13156
13257
13263
13342
13373
13389
13530
13541
13669
13897
13980
13987
14026
14097
14106
14298
14359
14529
14622
14775
14789
14896
15018
15051
15147
15216
15217
15271
15288
15336
15400
15425
15463
15497
15509
15541
15552
15640
15674
15754
15755
15770
15821
15838
15898
15930
15932
15933
15939
16011
16049
16115
16621
16676
16798
16803
16896
16943
17032
17062
17065
17116
17122
17197
17217
17237
17238
17272
17408
17462
17494
17516
17734
17739
17753
17788
17879
17902
17911
18027
18072
18077
18096
18140
18161
18164
18296
18300
18304
18438
18489
18535
18626
18664
18715
18721
18811
18848
19005
19034
19047
19053
19057
19078
19142
19171
19351
19466
19486
19580
19581
19620
19780
19821
19843
20165
20319
20322
20374
20415
20592
20641
20647
20714
20784
20800
20845
20883
20954
20965
21104
21113
21246
21252
21370
21381
21407
21646
21676
21695
21808
21839
22192
22236
22276
22300
22408
22414
22585
22924
23007
23026
23141
23145
23278
23344
23477
23521
23574
23603
23615
23670
23769
23866
23891
23902
24004
24275
24406
24417
24525
24536
24549
24574
24645
24797
24826
24842
24909
24942
24945
24958
25032
25033
25034
25039
25043
25096
25125
25171
25232
25282
25385
25446
25560
25614
25719
25750
25851
25902
25991
26062
26101
26125
26142
26212
26220
26327
26332
26383
26568
26616
26638
26672
26699
26769
26781
26838
26859
26922
27059
27124
27191
27267
27320
27429
27462
27570
27573
27875
27904
27958
27968
27989
27997
28047
28064
28187
28251
28389
28436
28574
28858
28862
28886
28922
28934
28972
29032
29156
29191
29236
29444
29466
29504
29592
29636
29639
29643
29719
29753
29761
29777
29822
29985
30021
30034
30078
30159
30316
30324
30325
30440
30576
30668
30727
30745
30797
31012
31075
31100
31127
31215
31242
31244
31288
31304
31390
31451
31481
31496
31536
31537
31574
31646
31679
31696
31802
31826
31989
32079
32088
32129
32366
32370
32420
32424
32513
32673
32685
32712
32809
32811
32892
32897
32960
33069
33163
33176
33187
33189
33321
33452
33566
33643
33792
33923
33927
34100
34243
34309
34389
34563
34576
34620
34661
34719
34819
34882
34940
34977
34994
35013
35086
35088
35123
35159
35177
35253
35271
35294
35448
35478
35560
35565
35567
35613
35616
35716
35797
35902
35945
35973
36009
36033
36069
36164
36171
36417
36488
36545
36576
36579
36627
36686
36777
36882
36900
37099
37143
37249
37308
37345
37469
37573
37594
37695
37806
37950
38091
38209
38363
38434
38652
38704
38810
38826
38945
39045
39081
39114
39129
39153
39221
39245
39316
39374
39488
39532
39564
39593
39599
39617
39711
39772
39795
39819
39883
40032
40048
40085
40119
40133
40322
40555
40747
40852
