17
178
215
371
387
427
436
453
509
675
1023
1233
1245
1356
1377
1431
1627
1639
1678
1719
1726
1807
1923
1995
2025
2122
2155
2171
2372
2375
2382
2392
2447
2479
2670
2795
2916
2923
2997
3139
3140
3163
3166
3236
3243
3316
3327
3329
3353
3453
3473
3504
3515
3541
3596
3638
3641
3663
3814
3888
3982
4093
4105
4116
4122
4159
4183
4261
4263
4350
4379
4390
4610
4614
4743
4840
4909
4942
4974
4996
5031
5100
5127
5145
5224
5277
5476
5540
5659
5682
5710
5740
5744
5776
5827
5899
6068
6091
6094
6154
6200
6239
6245
6253
6336
6342
6430
6439
6497
6510
6596
6674
6681
6761
6808
6858
6905
7083
7128
7166
7170
7181
7183
7225
7285
7316
7367
7387
7405
7427
7451
7509
7511
7520
7532
7587
7638
7723
7833
7861
7869
7895
7911
7967
8070
8283
8329
8440
8549
8711
8838
8861
8874
8895
9208
9217
9254
9357
9431
9471
9506
9551
9564
9567
9609
9636
9707
9715
9777
9872
9915
9997
10084
10104
10251
10324
10384
10411
10468
10504
10520
10630
10683
10710
10812
10814
10904
10915
10966
11056
11077
11108
11192
11310
11341
11649
11691
11695
11725
11735
11765
11794
11986
12019
12028
12042
12134
12185
12210
12223
12233
12293
12311
12314
12382
12399
12434
12448
12501
12518
12533
12556
12667
12740
12753
12767
12813
12866
12889
12970
13035
13057
13102
13296
13315
13322
13339
13400
13450
13556
13621
13643
13695
13716
13736
13750
13755
13773
13791
13885
13967
14049
14128
14140
14185
14203
14259
14277
14683
14715
14718
14744
14747
14849
14876
15017
15112
15127
15298
15477
15610
15702
15782
15906
16022
16193
16283
16344
16436
16446
16556
16774
16845
16875
16894
17022
17106
17119
17253
17322
17370
17381
17512
17541
17557
17591
17714
17824
17835
17854
17920
17974
17995
18003
18095
18137
18263
18283
18292
18302
18322
18366
18414
18637
18676
18724
18746
18844
18913
18925
18960
18965
19040
19054
19062
19113
19168
19186
19200
19204
19220
19259
19366
19395
19502
19517
19874
19948
20050
20120
20140
20155
20265
20277
20408
20490
20508
20510
20536
20651
20676
20793
20879
21152
21241
21256
21259
21349
21378
21386
21430
21489
21542
21544
21568
21587
21630
21691
21732
21755
21762
21765
21819
21858
21905
21917
21958
21959
21974
22067
22076
22143
22306
22343
22364
22442
22489
22524
22640
22651
22668
22740
22749
22904
22922
22969
23124
23127
23146
23186
23330
23445
23490
23516
23689
23699
23718
23720
23771
23813
23857
23969
23981
24036
24152
24175
24230
24233
24247
24251
24334
24420
24456
24617
24632
24732
24772
24848
24854
24869
24905
24916
24932
24992
25001
25003
25007
25061
25104
25122
25233
25273
25285
25508
25672
25702
25774
25818
25941
26014
26128
26217
26251
26447
26454
26466
26514
26543
26562
26563
26565
26572
26590
26597
26661
26684
26752
26967
26982
27192
27193
27214
27243
27262
27306
27376
27411
27436
27524
27551
27584
27631
27638
27796
27878
27952
28071
28188
28308
28310
28466
28517
28614
28667
28771
28842
28876
28947
28966
29049
29097
29140
29232
29355
29391
29451
29505
29534
29700
29708
29718
29748
29755
29766
29792
29843
29864
29922
29971
30128
30200
30208
30219
30287
30312
30329
30422
30478
30496
30541
30560
30715
30724
30756
30787
30879
30966
31017
31219
31256
31258
31376
31389
31513
31580
31599
31648
31739
31766
31855
31938
32012
32117
32121
32173
32187
32201
32204
32238
32254
32543
32553
32560
32608
32757
32792
32828
32909
33002
33117
33120
33129
33185
33190
33265
33344
33387
33391
33411
33457
33578
33591
33663
33664
33688
33700
33733
33773
33774
33932
33948
34032
34151
34202
34283
34331
34445
34578
34609
34659
34696
34738
34763
34796
34846
34888
34912
34914
34937
34951
34984
35003
35011
35213
35280
35320
35404
35428
35499
35572
35588
35704
35705
35724
35816
35845
35944
35972
35982
36015
36057
36068
36130
36141
36143
36204
36273
36279
36315
36543
36544
36587
36614
36666
36815
36856
36869
36888
36980
37017
37082
37106
37139
37140
37145
37244
37252
37380
37495
37498
37628
37647
37669
37680
37808
37809
37910
37937
37953
38022
38028
38043
38106
38145
38154
38172
38229
38236
38246
38313
38497
38515
38577
38612
38618
38650
38668
38680
38752
38757
38778
38888
39072
39120
39183
39225
39238
39404
39536
39568
39584
39769
39806
39925
40024
40082
40113
40120
40173
40207
40209
40214
40299
40349
40354
40404
40414
40510
40611
40653
40695
40715
40729
40835
15
57
96
139
232
292
296
306
333
398
518
573
586
616
662
663
718
742
747
782
803
807
824
835
894
901
984
1041
1091
1113
1151
1162
1203
1210
1216
1282
1291
1423
1437
1438
1455
1546
1653
1811
1938
1959
1977
1993
1998
2233
2274
2312
2436
2521
2616
2668
2776
3066
3116
3122
3159
3233
3245
3303
3331
3393
3564
3632
3757
3848
3960
4037
4038
4058
4138
4180
4266
4309
4376
4394
4449
4545
4573
4688
4726
4738
4741
4877
5006
5112
5154
5157
5226
5240
5309
5396
5435
5480
5706
5764
5822
5828
5882
5907
5930
5954
6036
6113
6114
6118
6193
6195
6254
6317
6335
6338
6398
6506
6600
6695
6696
6779
6875
7008
7206
7237
7425
7530
7537
7642
7708
7784
7800
7958
7976
8012
8309
8410
8439
8519
8560
8637
8674
8688
8724
8746
8768
8774
9206
9266
9398
9569
9600
9668
9670
9723
9735
9751
9767
9789
9814
9836
9906
9917
9918
10004
10064
10102
10182
10193
10245
10295
10425
10505
10631
10652
10661
10682
10693
10719
10730
10779
10842
10902
10985
11140
11167
11429
11477
11523
11543
11688
11703
11896
11900
11918
11974
12139
12183
12305
12447
12526
12527
12528
12607
12797
12994
13009
13032
13156
13228
13257
13263
13342
13373
13389
13488
13541
13625
13669
13897
13980
14026
14097
14106
14184
14298
14359
14622
14775
14777
14789
14896
15033
15051
15147
15216
15217
15218
15271
15285
15288
15336
15400
15490
15497
15541
15552
15674
15754
15755
15838
15898
15932
15939
16011
16049
16115
16326
16449
16621
16798
16803
16896
16943
17005
17032
17062
17065
17083
17122
17171
17197
17217
17237
17238
17272
17462
17494
17734
17753
17788
17879
17911
17915
18026
18027
18047
18072
18077
18096
18296
18300
18304
18438
18489
18493
18505
18535
18626
18664
18704
18715
18721
18768
19005
19078
19153
19171
19351
19466
19486
19581
19780
19789
19792
19800
19815
19843
19871
20095
20302
20319
20322
20342
20374
20415
20592
20627
20641
20647
20695
20714
20784
20845
20859
20883
20892
20954
20965
21104
21113
21252
21370
21381
21407
21646
21676
21738
21808
21833
21839
22192
22236
22276
22300
22408
22414
22585
22732
22784
22859
22885
22900
22924
22977
23007
23026
23085
23141
23145
23278
23344
23477
23521
23574
23603
23615
23670
23676
23769
23866
23881
23891
23902
24086
24112
24275
24406
24525
24549
24574
24611
24645
24780
24797
24826
24842
24909
24926
24942
25032
25033
25034
25043
25096
25125
25232
25288
25317
25385
25446
25614
25719
25750
25778
25851
25902
25991
26101
26108
26125
26142
26212
26220
26283
26327
26332
26333
26383
26568
26616
26672
26699
26769
26781
26859
26922
27059
27124
27267
27320
27429
27462
27555
27570
27573
27875
27904
27958
27968
27989
27997
28047
28224
28227
28251
28389
28436
28538
28574
28847
28922
28934
29012
29032
29072
29083
29125
29156
29191
29444
29466
29504
29592
29636
29643
29719
29753
29761
29777
29817
29822
29985
30034
30078
30095
30159
30185
30316
30324
30325
30401
30440
30450
30641
30727
30797
31035
31075
31100
31127
31215
31242
31244
31384
31451
31481
31536
31537
31574
31646
31679
31696
31802
31895
31989
32079
32088
32110
32129
32175
32213
32219
32262
32366
32420
32473
32657
32673
32685
32712
32809
32811
32813
32816
32892
32897
33069
33163
33176
33187
33475
33566
33643
33792
33923
33927
34100
34200
34243
34309
34389
34563
34576
34620
34661
34693
34819
34882
34940
34977
34994
35013
35086
35088
35123
35177
35253
35271
35294
35448
35459
35478
35560
35565
35567
35613
35616
35716
35797
35945
35956
35973
36009
36069
36164
36171
36417
36488
36514
36523
36545
36579
36627
36686
36706
36780
36882
36900
37099
37143
37308
37345
37397
37573
37695
37806
37950
38091
38209
38363
38374
38434
38652
38704
38810
38826
38878
38945
39045
39114
39129
39153
39221
39374
39488
39532
39564
39593
39599
39772
39819
40015
40032
40048
40119
40275
40322
40852
