17
147
178
215
371
387
427
436
453
509
569
675
1007
1023
1233
1237
1356
1377
1405
1431
1627
1719
1726
1807
1923
1995
2025
2122
2155
2171
2298
2372
2392
2447
2479
2670
2713
2795
2916
2923
2997
3084
3140
3163
3166
3243
3316
3327
3329
3353
3453
3473
3504
3515
3541
3596
3638
3641
3663
3770
3814
3842
3888
4093
4101
4105
4116
4122
4146
4159
4261
4263
4350
4379
4390
4614
4743
4840
4909
4942
4969
4974
4996
5031
5040
5100
5127
5145
5220
5277
5397
5432
5476
5622
5659
5682
5691
5710
5740
5744
5776
5778
5827
5899
6091
6094
6154
6239
6245
6253
6336
6342
6430
6439
6510
6596
6674
6681
6761
6808
6823
6858
6905
6957
7083
7128
7166
7181
7183
7225
7274
7316
7367
7387
7405
7427
7509
7511
7520
7532
7560
7587
7638
7669
7723
7833
7861
7869
7895
7911
7938
7967
8070
8094
8283
8329
8440
8501
8513
8549
8752
8806
8861
8874
8895
9217
9254
9431
9464
9471
9506
9551
9564
9567
9636
9707
9715
9777
9872
9915
9971
9997
10036
10078
10084
10162
10276
10324
10384
10411
10468
10504
10520
10543
10630
10683
10710
10712
10812
10814
10904
10915
10966
11056
11077
11108
11155
11192
11310
11317
11396
11649
11691
11695
11725
11735
11765
11794
11986
12019
12028
12042
12134
12210
12223
12233
12293
12306
12311
12314
12347
12382
12399
12434
12448
12501
12518
12533
12536
12556
12667
12740
12753
12765
12767
12813
12889
12896
12968
13035
13057
13102
13144
13157
13296
13322
13400
13450
13556
13621
13643
13695
13716
13750
13755
13773
13791
13885
13967
14049
14140
14185
14259
14277
14332
14429
14486
14683
14715
14718
14744
14747
14837
14849
14876
14968
15017
15112
15127
15298
15302
15477
15610
15632
15782
16022
16283
16344
16432
16446
16533
16556
16845
16875
16894
16965
16975
17022
17106
17119
17253
17324
17370
17381
17512
17541
17557
17591
17714
17824
17835
17854
17881
17920
17974
18095
18137
18263
18278
18283
18302
18322
18366
18414
18637
18676
18724
18844
18913
18960
18965
19040
19054
19062
19113
19168
19186
19220
19259
19366
19395
19502
19515
19517
19874
19925
19948
20050
20120
20140
20277
20363
20408
20490
20508
20510
20536
20637
20651
20676
20793
20879
20978
21052
21152
21211
21241
21256
21259
21349
21378
21386
21430
21489
21542
21544
21568
21630
21681
21732
21762
21765
21797
21819
21858
21905
21917
21959
22067
22076
22306
22343
22489
22524
22651
22749
22904
22969
23146
23184
23186
23327
23330
23445
23490
23516
23689
23699
23718
23720
23771
23813
23857
23969
23981
24087
24100
24152
24161
24175
24233
24247
24251
24334
24420
24456
24632
24694
24732
24772
24774
24848
24869
24890
24905
24916
25003
25007
25104
25122
25233
25273
25423
25508
25631
25672
25774
25941
26128
26251
26447
26466
26514
26543
26562
26590
26597
26661
26684
26752
26967
26982
27174
27192
27193
27243
27306
27376
27411
27524
27551
27584
27638
27730
27796
27878
27952
28071
28188
28279
28308
28310
28614
28667
28771
28842
28876
28947
28966
29049
29097
29192
29232
29355
29391
29451
29505
29534
29700
29708
29718
29748
29755
29792
29843
29849
29864
29922
29971
30071
30128
30200
30208
30219
30287
30312
30329
30330
30422
30426
30496
30519
30541
30560
30715
30724
30879
30913
30966
31018
31219
31256
31376
31389
31513
31580
31599
31648
31739
31855
31938
32012
32117
32121
32173
32187
32201
32238
32254
32300
32543
32560
32608
32757
32828
32909
33002
33185
33190
33265
33344
33391
33411
33457
33578
33591
33621
33663
33664
33667
33688
33700
33712
33733
33773
33846
33928
33948
34032
34151
34202
34283
34331
34445
34578
34609
34696
34763
34786
34846
34888
34912
34914
34951
34976
34984
35003
35011
35043
35213
35280
35389
35428
35499
35572
35588
35704
35705
35724
35816
35845
36015
36057
36130
36141
36143
36204
36273
36279
36467
36543
36544
36550
36601
36666
36771
36815
36856
36869
36870
36888
36980
37082
37106
37139
37140
37145
37252
37263
37271
37337
37380
37460
37495
37498
37602
37628
37647
37669
37680
37808
37809
37828
37910
37953
38022
38028
38043
38145
38154
38172
38229
38236
38246
38313
38515
38569
38577
38612
38618
38650
38668
38680
38778
38779
38888
39072
39120
39183
39190
39225
39238
39404
39536
39568
39769
39806
39823
39925
39990
40024
40035
40046
40082
40120
40173
40207
40209
40214
40299
40414
40611
40695
40715
40835
15
57
96
139
221
232
292
296
333
398
573
586
616
662
663
718
747
782
803
894
901
984
1113
1162
1203
1282
1291
1423
1455
1502
1546
1650
1653
1751
1801
1811
1946
1959
1977
1993
2024
2274
2312
2337
2498
2510
2616
2668
2776
3066
3116
3122
3159
3233
3245
3303
3331
3393
3535
3564
3757
3848
3960
4058
4180
4266
4295
4309
4376
4394
4545
4738
4741
4877
5006
5112
5154
5157
5226
5240
5309
5435
5480
5647
5706
5764
5822
5828
5882
5954
6036
6114
6118
6193
6208
6254
6317
6335
6398
6506
6600
6695
6700
6779
6875
7073
7206
7219
7237
7332
7425
7530
7573
7642
7708
7784
7958
7976
8012
8049
8309
8410
8439
8519
8560
8637
8674
8688
8746
9051
9094
9206
9266
9347
9398
9441
9569
9614
9668
9670
9723
9735
9767
9789
9814
9836
9906
9917
9918
10004
10024
10049
10064
10182
10193
10245
10295
10505
10631
10652
10682
10693
10719
10730
10779
10911
10985
11036
11140
11167
11302
11418
11477
11523
11543
11602
11688
11703
11896
11900
12139
12183
12305
12422
12447
12526
12527
12528
12606
12607
12797
12994
13032
13059
13113
13156
13228
13257
13342
13373
13389
13488
13530
13541
13669
14026
14097
14106
14184
14298
14359
14622
14789
14864
14896
15033
15051
15147
15216
15217
15218
15271
15288
15336
15400
15425
15463
15490
15497
15509
15541
15552
15640
15674
15755
15821
15898
15930
15932
15933
15939
16011
16049
16115
16326
16449
16676
16798
16803
16896
16943
17005
17032
17062
17065
17083
17116
17122
17167
17171
17197
17237
17238
17272
17391
17462
17516
17734
17739
17753
17879
17902
17911
17915
18026
18027
18047
18072
18096
18140
18161
18296
18438
18489
18535
18626
18704
18715
18768
18811
18848
19005
19034
19047
19053
19078
19153
19171
19351
19466
19580
19581
19620
19780
19789
19800
19815
19821
19843
19871
20095
20302
20322
20342
20374
20415
20592
20627
20641
20647
20695
20714
20784
20800
20845
20859
20883
20892
20965
21104
21113
21246
21252
21370
21381
21407
21646
21676
21695
21738
21808
21833
21839
22192
22276
22300
22408
22414
22585
22732
22784
22859
22885
22900
22977
23007
23026
23085
23145
23278
23344
23477
23521
23574
23603
23615
23670
23676
23769
23866
23881
23891
23902
24004
24112
24275
24406
24417
24536
24549
24574
24611
24645
24780
24826
24842
24886
24926
24942
24958
25032
25033
25034
25039
25043
25096
25125
25171
25232
25282
25317
25385
25446
25560
25614
25719
25750
25778
25902
26062
26101
26108
26125
26142
26220
26283
26327
26333
26383
26568
26616
26638
26699
26769
26781
26815
26838
26859
26922
27034
27050
27059
27064
27124
27191
27267
27429
27462
27555
27573
27875
27958
27968
27989
27997
28047
28064
28224
28227
28292
28389
28436
28538
28574
28858
28862
28886
28922
28934
28972
28986
29012
29072
29083
29125
29156
29191
29236
29444
29504
29592
29639
29643
29719
29753
29761
29777
29817
29822
29985
30021
30034
30078
30095
30159
30185
30316
30324
30325
30401
30440
30450
30576
30641
30668
30727
30745
30797
31012
31035
31075
31100
31127
31215
31242
31244
31288
31304
31384
31390
31451
31481
31496
31536
31537
31574
31646
31679
31696
31802
31826
31895
31989
32079
32088
32110
32129
32175
32213
32219
32366
32370
32420
32424
32473
32497
32513
32657
32673
32685
32712
32809
32813
32892
32897
32960
33069
33163
33176
33321
33452
33475
33566
33643
33923
34100
34200
34243
34309
34389
34563
34576
34620
34661
34693
34703
34719
34819
34882
34940
34977
34994
35013
35086
35088
35177
35253
35294
35448
35459
35478
35565
35613
35616
35716
35797
35902
35945
35973
36009
36033
36069
36164
36171
36417
36488
36514
36523
36545
36627
36686
36706
36777
36780
36900
37099
37143
37308
37397
37469
37573
37594
37695
37806
37825
37919
37950
38091
38209
38363
38374
38434
38810
38878
39045
39081
39114
39129
39153
39221
39245
39316
39374
39488
39532
39564
39599
39711
39795
39883
40015
40032
40048
40119
40133
40275
40322
40747
40852
