147
178
215
371
387
427
509
1007
1023
1233
1245
1356
1377
1405
1431
1678
1726
1763
1807
1923
1995
2025
2122
2155
2171
2250
2298
2382
2392
2447
2479
2670
2713
2795
3084
3139
3140
3163
3166
3236
3243
3316
3327
3329
3353
3425
3473
3484
3504
3515
3541
3596
3638
3641
3663
3770
3814
3842
3888
3982
4093
4101
4105
4116
4122
4146
4159
4183
4263
4350
4379
4390
4614
4743
4942
4969
4974
4996
5031
5040
5100
5127
5145
5220
5432
5476
5622
5682
5691
5710
5740
5744
5809
5827
5899
6091
6094
6154
6200
6239
6245
6253
6342
6430
6439
6497
6596
6674
6761
6808
6823
6858
6905
7083
7128
7166
7170
7181
7183
7274
7285
7316
7367
7451
7511
7560
7587
7669
7723
7833
7861
7869
7895
7911
7938
7939
7967
8283
8440
8501
8513
8549
8711
8752
8806
8838
8895
9208
9217
9254
9357
9431
9464
9506
9551
9564
9567
9609
9636
9707
9777
9872
9971
10036
10084
10251
10276
10324
10384
10411
10468
10504
10520
10543
10630
10632
10710
10712
10812
10814
10915
10966
11056
11077
11108
11155
11192
11310
11341
11396
11649
11691
11695
11725
11735
11765
11794
11986
12019
12028
12042
12134
12173
12185
12210
12223
12233
12293
12306
12311
12314
12347
12399
12434
12448
12501
12518
12533
12536
12556
12667
12736
12740
12753
12765
12767
12813
12866
12889
12896
12968
12970
13035
13057
13144
13157
13296
13315
13322
13339
13450
13621
13695
13716
13736
13755
13773
13791
13873
13885
13967
13982
14049
14128
14140
14185
14203
14259
14277
14332
14429
14486
14683
14715
14718
14725
14744
14747
14837
14876
14968
15112
15298
15302
15477
15632
15702
15782
15906
16022
16283
16344
16432
16436
16446
16533
16556
16679
16774
16875
16894
16965
16975
17022
17106
17119
17322
17324
17370
17381
17438
17512
17591
17714
17835
17854
17881
17920
17974
17995
18137
18263
18278
18283
18292
18302
18322
18366
18414
18481
18637
18676
18724
18746
18844
18960
19040
19054
19062
19113
19186
19200
19204
19220
19366
19395
19502
19515
19517
19751
19874
19925
20050
20120
20140
20155
20265
20277
20363
20408
20490
20508
20536
20637
20651
20676
20793
20879
20978
21052
21152
21211
21256
21259
21349
21378
21386
21430
21489
21542
21568
21587
21630
21681
21691
21755
21765
21819
21858
21905
21917
21958
21959
21974
21988
22067
22076
22143
22306
22343
22364
22442
22489
22524
22640
22651
22740
22749
22904
22922
22969
23124
23127
23146
23184
23330
23445
23516
23689
23718
23720
23771
23813
23857
23969
23981
24036
24100
24152
24161
24175
24230
24233
24247
24251
24420
24456
24617
24632
24694
24732
24772
24774
24854
24916
24932
24992
25001
25003
25007
25061
25122
25233
25273
25285
25423
25508
25631
25672
25774
25818
25941
26014
26128
26217
26251
26361
26454
26466
26514
26543
26562
26565
26590
26597
26661
26684
26752
26967
26982
27174
27192
27193
27214
27262
27306
27376
27411
27436
27524
27551
27584
27638
27878
27952
28071
28188
28279
28308
28310
28614
28667
28771
28842
28876
28947
29049
29097
29192
29232
29355
29391
29451
29505
29700
29708
29718
29748
29755
29766
29792
29843
29849
29864
29922
29971
30071
30128
30200
30208
30219
30287
30329
30330
30422
30426
30478
30519
30541
30560
30715
30756
30879
30913
30966
31017
31256
31258
31376
31513
31580
31599
31739
31855
31938
32117
32121
32173
32187
32201
32204
32238
32300
32543
32553
32560
32608
32757
32792
32828
32909
33002
33117
33129
33168
33185
33190
33265
33344
33387
33457
33591
33621
33663
33664
33667
33688
33700
33712
33773
33774
33846
33932
33948
34032
34124
34151
34202
34283
34331
34578
34609
34659
34738
34763
34786
34796
34846
34888
34912
34914
34937
34951
34976
34984
35003
35011
35043
35213
35320
35389
35404
35428
35499
35572
35588
35705
35724
35816
35845
35944
35972
35982
36015
36057
36068
36130
36141
36143
36273
36315
36467
36543
36544
36550
36601
36614
36666
36771
36773
36856
36869
36870
36980
37082
37106
37139
37140
37145
37244
37252
37263
37271
37337
37380
37460
37495
37498
37602
37628
37647
37669
37680
37808
37809
37828
37937
37953
38022
38028
38043
38106
38145
38172
38229
38236
38497
38569
38577
38612
38618
38650
38668
38680
38757
38779
39072
39120
39190
39225
39238
39404
39568
39584
39686
39769
39806
39823
39925
39990
40024
40035
40046
40082
40113
40173
40207
40209
40214
40299
40354
40414
40510
40611
40653
40695
40715
40729
40835
15
57
221
232
292
306
333
518
573
586
718
742
747
782
803
807
824
835
894
901
1041
1091
1098
1113
1151
1162
1203
1210
1216
1282
1291
1438
1455
1502
1546
1650
1653
1751
1811
1938
1946
1977
1993
1998
2024
2233
2312
2337
2468
2498
2510
2521
2616
2668
2776
3066
3116
3122
3159
3233
3245
3303
3331
3393
3465
3482
3535
3564
3632
3757
3848
3960
4037
4038
4138
4180
4295
4376
4394
4449
4545
4573
4688
4726
4741
4821
5006
5112
5154
5157
5226
5240
5258
5309
5396
5480
5647
5706
5764
5822
5828
5882
5954
6036
6113
6114
6118
6193
6208
6254
6317
6335
6338
6398
6506
6600
6695
6696
6700
6875
7008
7073
7206
7219
7237
7332
7425
7530
7537
7573
7642
7958
7976
8012
8309
8410
8439
8519
8560
8637
8674
8688
8746
8774
9051
9094
9266
9398
9441
9569
9600
9614
9668
9670
9723
9735
9751
9789
9814
9836
9906
9918
10004
10024
10049
10064
10102
10182
10245
10295
10425
10505
10631
10661
10682
10693
10719
10730
10779
10842
10911
10985
11036
11140
11167
11302
11418
11523
11602
11703
11896
11900
11918
11966
11974
12139
12183
12305
12422
12447
12526
12528
12606
12607
12797
12994
13009
13032
13059
13228
13257
13263
13342
13373
13389
13488
13530
13625
13669
13897
13980
14026
14097
14184
14298
14359
14529
14622
14789
14896
15147
15216
15217
15218
15271
15285
15288
15336
15400
15425
15463
15490
15509
15541
15552
15640
15674
15754
15755
15770
15838
15898
15930
15932
15933
16011
16049
16115
16326
16449
16676
16798
16803
16896
17005
17009
17062
17065
17083
17122
17167
17217
17237
17238
17272
17391
17494
17516
17734
17739
17753
17879
17915
18047
18072
18077
18140
18161
18296
18300
18304
18438
18489
18505
18535
18626
18664
18704
18715
18721
18768
18811
18848
19005
19034
19047
19053
19078
19142
19171
19351
19486
19580
19581
19780
19800
19821
20095
20302
20319
20322
20374
20415
20592
20641
20647
20695
20714
20784
20800
20845
20859
20883
20892
20954
20965
21104
21113
21246
21252
21370
21381
21407
21695
21738
21808
21833
21839
22192
22236
22276
22300
22408
22414
22585
22732
22784
22885
22924
22977
23007
23026
23085
23141
23145
23278
23477
23521
23603
23615
23670
23676
23769
23866
23881
23891
23902
24004
24275
24417
24525
24536
24574
24611
24645
24780
24797
24826
24842
24886
24909
24926
24942
24945
24958
25032
25033
25034
25039
25096
25125
25171
25232
25282
25288
25385
25446
25560
25614
25719
25750
25778
25851
25902
25991
26101
26108
26125
26142
26212
26283
26327
26332
26333
26383
26568
26616
26638
26672
26699
26815
26838
26922
27034
27050
27059
27124
27191
27320
27429
27462
27555
27570
27573
27875
27904
27958
27968
27989
27997
28047
28064
28187
28224
28227
28251
28292
28389
28436
28538
28574
28847
28858
28862
28886
28934
28986
29012
29072
29083
29125
29156
29191
29444
29466
29504
29592
29636
29643
29719
29753
29761
29817
29822
29985
30034
30078
30095
30159
30185
30325
30401
30440
30450
30576
30727
30745
30797
31012
31023
31035
31075
31100
31127
31215
31244
31288
31384
31390
31451
31496
31536
31574
31679
31696
31802
31826
32079
32088
32110
32129
32213
32262
32366
32370
32424
32473
32497
32513
32657
32673
32685
32809
32811
32816
32892
32897
32960
33069
33176
33187
33189
33452
33475
33566
33643
33792
33923
33927
34100
34200
34309
34389
34563
34576
34661
34693
34719
34819
34882
34977
35086
35088
35123
35159
35177
35253
35294
35448
35459
35478
35560
35565
35613
35716
35902
35945
35956
35973
36009
36033
36164
36171
36488
36514
36523
36545
36576
36579
36627
36686
36706
36764
36780
36882
36900
37099
37143
37249
37308
37345
37397
37469
37573
37594
37695
37806
37825
37919
37950
38091
38209
38652
38810
38826
38878
38945
39045
39081
39114
39129
39153
39221
39245
39316
39374
39488
39564
39593
39599
39617
39711
39772
39819
39883
40015
40032
40048
40085
40119
40275
40322
40555
40747
40852
