17
147
215
371
387
427
436
453
509
569
675
1007
1023
1233
1237
1245
1356
1405
1431
1627
1639
1719
1726
1763
1807
2025
2122
2155
2171
2250
2372
2375
2382
2392
2479
2670
2713
2795
2916
2923
2997
3139
3140
3163
3166
3236
3243
3316
3327
3329
3353
3425
3473
3484
3504
3541
3596
3638
3641
3663
3770
3814
3842
3888
3982
4093
4105
4122
4146
4183
4261
4350
4390
4610
4614
4743
4840
4909
4942
4974
4996
5031
5127
5145
5220
5224
5277
5397
5432
5476
5540
5622
5691
5710
5744
5776
5778
5809
5827
5863
5899
6091
6094
6154
6245
6253
6336
6342
6430
6439
6497
6596
6674
6681
6761
6808
6823
6858
6905
6957
7083
7128
7166
7181
7183
7274
7285
7316
7367
7387
7405
7427
7451
7509
7511
7560
7587
7638
7833
7861
7869
7895
7938
7967
8070
8094
8283
8329
8440
8549
8711
8806
8838
8861
8874
8895
9208
9217
9254
9357
9464
9471
9506
9551
9564
9567
9609
9707
9715
9777
9872
9915
9997
10036
10078
10084
10104
10162
10251
10276
10324
10384
10411
10468
10504
10543
10630
10632
10683
10710
10814
10915
10966
11077
11155
11192
11310
11317
11341
11691
11695
11725
11735
11765
11794
11986
12019
12028
12042
12134
12173
12185
12210
12223
12233
12293
12306
12311
12314
12382
12399
12434
12448
12501
12518
12533
12536
12556
12667
12753
12765
12767
12813
12889
12896
12968
13035
13057
13144
13157
13296
13315
13322
13339
13400
13556
13621
13643
13695
13716
13736
13750
13755
13773
13885
14140
14185
14203
14259
14277
14332
14486
14683
14715
14725
14744
14747
14849
14876
15017
15112
15302
15477
15610
15632
15702
15906
16022
16193
16283
16344
16432
16436
16533
16679
16774
16845
16875
16965
16975
17022
17106
17119
17253
17322
17324
17370
17381
17438
17512
17541
17591
17714
17835
17854
17881
17920
17974
17995
18003
18095
18137
18263
18283
18292
18302
18322
18366
18637
18676
18724
18746
18844
18913
18925
18960
18965
19040
19054
19062
19113
19168
19186
19200
19204
19220
19259
19366
19395
19515
19517
19874
19948
20120
20140
20155
20265
20277
20363
20408
20490
20510
20536
20637
20651
20676
20879
20978
21052
21152
21211
21241
21256
21349
21378
21430
21489
21542
21568
21587
21681
21691
21732
21762
21765
21797
21819
21858
21905
21917
21958
21959
21974
21988
22067
22076
22343
22364
22442
22489
22524
22640
22651
22668
22740
22749
22904
22922
22969
23124
23127
23146
23186
23330
23445
23490
23516
23689
23771
23813
23857
23969
23981
24036
24087
24152
24175
24230
24233
24247
24334
24420
24456
24617
24694
24732
24772
24774
24848
24869
24890
24905
24932
25001
25007
25104
25233
25285
25508
25631
25702
25774
26014
26128
26217
26251
26361
26447
26466
26543
26562
26563
26565
26590
26597
26661
26684
26752
26982
27243
27262
27306
27376
27411
27436
27524
27551
27584
27638
27730
27796
27878
27952
28071
28188
28308
28466
28517
28667
28771
28842
28876
28947
28966
29049
29097
29140
29192
29260
29355
29391
29451
29505
29534
29700
29708
29718
29748
29755
29766
29792
29843
29849
29864
29971
30071
30128
30200
30208
30219
30287
30312
30329
30330
30478
30496
30519
30541
30560
30715
30724
30756
30787
30879
30913
30966
31017
31219
31256
31258
31513
31580
31648
31739
31766
31855
31938
32012
32117
32121
32173
32201
32204
32238
32543
32553
32560
32608
32757
32792
32828
32909
33117
33129
33168
33185
33265
33344
33387
33391
33411
33457
33578
33591
33621
33663
33664
33667
33688
33712
33733
33773
33774
33846
33932
33948
34032
34124
34283
34445
34578
34609
34659
34696
34738
34763
34786
34796
34846
34914
34937
34951
34976
34984
35003
35043
35213
35280
35320
35389
35404
35499
35572
35724
35816
35845
35944
35972
35982
36015
36057
36068
36130
36141
36143
36204
36273
36279
36315
36467
36543
36544
36550
36587
36614
36666
36771
36773
36815
36856
36869
36870
36888
36980
37082
37106
37139
37140
37145
37244
37252
37263
37337
37460
37495
37498
37602
37628
37647
37680
37808
37809
37828
37910
37937
37953
38022
38028
38106
38154
38229
38236
38246
38313
38497
38515
38569
38618
38650
38668
38680
38752
38757
38778
38779
38888
39120
39183
39190
39225
39238
39404
39536
39568
39584
39769
39806
39823
39990
40024
40035
40082
40113
40120
40173
40207
40209
40299
40349
40354
40404
40414
40510
40611
40653
40695
40715
40729
40835
57
96
139
232
296
306
333
518
573
616
662
718
742
747
782
803
807
824
894
901
984
1041
1091
1098
1113
1151
1162
1203
1210
1216
1282
1291
1423
1437
1438
1455
1502
1546
1650
1653
1751
1801
1811
1938
1946
1959
1977
1993
2024
2233
2274
2312
2337
2436
2468
2498
2521
2616
3066
3116
3122
3159
3233
3245
3331
3393
3465
3535
3632
3757
3848
4038
4058
4138
4180
4266
4295
4309
4376
4394
4449
4545
4573
4688
4726
4738
4741
4877
5006
5154
5157
5226
5240
5258
5309
5396
5435
5480
5647
5706
5764
5822
5828
5907
5930
5954
6036
6113
6118
6193
6195
6208
6254
6317
6335
6338
6398
6506
6600
6695
6700
6779
6875
7073
7219
7332
7425
7530
7537
7573
7642
7784
7800
7958
7976
8012
8049
8309
8410
8439
8519
8560
8637
8674
8688
8724
8768
8774
9051
9094
9206
9347
9398
9441
9600
9614
9668
9670
9723
9735
9767
9789
9814
9836
9906
9917
10049
10064
10102
10182
10193
10245
10295
10425
10505
10631
10652
10661
10682
10730
10779
10842
10911
10985
11140
11167
11302
11418
11429
11477
11543
11602
11688
11896
11900
11918
11966
11974
12139
12422
12526
12527
12607
12797
13009
13032
13059
13113
13156
13228
13257
13263
13342
13373
13389
13488
13530
13541
13625
13669
13897
13987
14097
14106
14298
14622
14775
14789
14864
14896
15033
15051
15147
15216
15217
15218
15271
15285
15288
15336
15400
15425
15463
15490
15497
15509
15541
15640
15674
15754
15755
15930
15932
15933
15939
16011
16049
16115
16326
16449
16621
16676
16798
16803
16896
16943
17005
17032
17062
17065
17171
17197
17217
17237
17391
17408
17462
17494
17516
17734
17879
17902
17911
17915
18026
18027
18072
18077
18096
18161
18164
18296
18300
18304
18438
18493
18505
18626
18664
18715
18721
18811
18848
19005
19034
19047
19053
19057
19078
19142
19153
19171
19351
19580
19581
19620
19789
19792
19800
19815
19821
19843
19871
20095
20165
20302
20322
20374
20592
20627
20641
20647
20695
20714
20800
20845
20859
20883
20892
21104
21113
21252
21381
21646
21695
21808
21833
22192
22236
22276
22300
22408
22414
22585
22784
22859
22900
22924
22977
23026
23085
23141
23145
23344
23477
23521
23574
23615
23670
23866
23881
23891
24004
24086
24275
24406
24525
24536
24549
24574
24611
24645
24780
24797
24826
24842
24886
24909
24942
24958
25032
25033
25043
25096
25125
25171
25232
25282
25288
25317
25385
25446
25560
25614
25778
25851
25902
25991
26101
26108
26125
26142
26212
26220
26283
26327
26332
26333
26383
26568
26616
26638
26672
26699
26769
26781
26859
26922
27034
27050
27059
27064
27124
27191
27267
27429
27462
27555
27570
27573
27904
27958
27968
27989
27997
28047
28064
28251
28292
28389
28436
28538
28574
28847
28858
28862
28886
28922
28934
28972
28986
29032
29072
29083
29125
29156
29191
29466
29504
29592
29636
29639
29643
29719
29753
29761
29777
29817
29985
30021
30034
30078
30095
30159
30185
30316
30324
30325
30401
30440
30450
30576
30668
30727
30745
30797
31012
31035
31075
31100
31127
31215
31242
31244
31288
31304
31384
31390
31451
31481
31496
31536
31537
31574
31679
31895
31989
32079
32088
32110
32175
32213
32219
32262
32366
32370
32420
32424
32473
32513
32657
32673
32685
32712
32809
32813
32816
32892
32897
32960
33069
33163
33176
33187
33189
33321
33452
33475
33566
33643
33923
33927
34100
34243
34309
34389
34576
34620
34661
34693
34703
34819
34882
34940
34977
34994
35013
35086
35088
35123
35159
35253
35271
35294
35448
35459
35560
35565
35567
35616
35716
35797
35902
35945
35956
35973
36009
36069
36164
36488
36514
36523
36576
36579
36686
36706
36764
36777
36780
36882
36900
37099
37143
37249
37308
37345
37397
37469
37573
37594
37695
37806
37825
37919
37950
38091
38209
38363
38374
38434
38652
38704
38826
38878
38945
39045
39081
39114
39129
39153
39221
39245
39316
39374
39488
39532
39564
39593
39599
39617
39711
39772
39795
39819
39883
40015
40032
40048
40085
40119
40133
40275
40322
40555
40747
