17
147
178
371
387
427
436
453
509
569
675
1007
1023
1233
1237
1245
1356
1405
1431
1627
1639
1678
1719
1726
1763
1807
1923
2122
2155
2171
2298
2392
2447
2479
2670
2713
2916
2923
2997
3139
3166
3236
3243
3316
3329
3425
3473
3484
3504
3515
3541
3596
3638
3641
3663
3770
3814
3842
3888
3982
4093
4116
4122
4146
4183
4261
4350
4390
4614
4840
4974
4996
5031
5040
5100
5224
5277
5397
5432
5476
5540
5659
5691
5740
5744
5778
5809
5827
5863
5899
6068
6091
6094
6154
6200
6245
6253
6336
6342
6430
6439
6510
6596
6674
6681
6761
6808
6823
6858
6905
6957
7083
7128
7166
7170
7181
7183
7225
7274
7285
7316
7387
7405
7427
7451
7509
7511
7520
7532
7587
7638
7669
7723
7861
7869
7895
7911
7938
7967
8070
8094
8283
8329
8440
8501
8513
8549
8752
8806
8838
8861
8874
8895
9208
9217
9254
9431
9464
9471
9506
9567
9609
9636
9707
9715
9777
9872
9915
9971
9997
10036
10078
10084
10104
10162
10251
10276
10324
10384
10468
10543
10630
10632
10683
10712
10904
10915
10966
11056
11077
11108
11192
11310
11317
11341
11396
11649
11691
11725
11735
11765
11794
11986
12019
12028
12042
12134
12185
12210
12223
12233
12293
12306
12311
12314
12382
12399
12434
12448
12501
12518
12533
12536
12736
12740
12813
12866
12889
12896
12968
13035
13057
13102
13144
13296
13315
13322
13400
13450
13556
13621
13643
13695
13716
13750
13755
13773
13791
13873
13885
13967
13982
14049
14128
14140
14185
14259
14277
14332
14486
14683
14715
14725
14744
14747
14837
14849
14968
15017
15112
15127
15302
15477
15610
15702
15906
16193
16283
16432
16436
16446
16533
16556
16679
16875
16965
17022
17106
17119
17253
17322
17324
17370
17381
17438
17512
17541
17557
17591
17714
17824
17835
17881
17920
17974
18003
18095
18137
18263
18278
18283
18292
18322
18366
18414
18481
18637
18676
18724
18746
18913
18960
18965
19040
19054
19062
19168
19186
19204
19220
19259
19395
19502
19515
19517
19925
19948
20050
20120
20140
20155
20265
20277
20363
20408
20490
20508
20510
20536
20651
20676
20879
20978
21052
21152
21211
21241
21256
21259
21378
21386
21430
21542
21544
21568
21630
21681
21691
21762
21765
21797
21819
21905
21917
21958
21959
21974
21988
22067
22076
22143
22306
22343
22364
22442
22489
22524
22640
22651
22740
22904
22922
22969
23124
23127
23146
23184
23330
23445
23490
23516
23689
23699
23718
23813
23969
23981
24036
24087
24100
24152
24161
24175
24230
24233
24247
24334
24420
24456
24617
24632
24694
24732
24774
24848
24854
24869
24890
24905
24916
24932
24992
25001
25003
25007
25061
25104
25122
25233
25273
25285
25423
25508
25672
25702
25774
25818
25941
26014
26128
26217
26251
26447
26454
26466
26514
26543
26562
26565
26572
26590
26597
26661
26684
26752
26967
26982
27174
27192
27193
27243
27262
27306
27376
27436
27551
27584
27631
27638
27730
27796
27952
28071
28188
28279
28308
28310
28466
28517
28614
28667
28842
28947
28966
29049
29097
29140
29192
29232
29260
29391
29451
29505
29700
29708
29718
29755
29766
29843
29849
29922
29971
30071
30128
30200
30208
30219
30287
30330
30422
30426
30496
30519
30541
30560
30724
30756
30787
30879
30913
30966
31017
31018
31219
31258
31513
31580
31599
31648
31739
31766
31855
31938
32012
32117
32121
32173
32187
32201
32238
32254
32300
32543
32553
32560
32608
32757
32792
32909
33002
33117
33120
33129
33185
33190
33265
33344
33387
33391
33411
33457
33578
33591
33621
33663
33664
33667
33688
33700
33712
33733
33773
33774
33846
33928
33932
33948
34032
34283
34331
34445
34609
34696
34738
34763
34796
34846
34912
34914
34937
34951
34976
34984
35003
35011
35043
35213
35280
35320
35389
35404
35428
35572
35588
35704
35705
35724
35982
36015
36057
36068
36130
36204
36273
36279
36315
36467
36543
36544
36550
36587
36601
36771
36773
36815
36869
36870
36888
37017
37082
37106
37140
37145
37244
37252
37263
37271
37337
37460
37498
37602
37628
37647
37669
37680
37808
37809
37828
37937
37953
38022
38106
38145
38154
38172
38229
38246
38313
38497
38515
38569
38577
38612
38618
38650
38668
38752
38757
38778
38888
39072
39183
39190
39225
39238
39404
39536
39568
39686
39806
39925
39990
40024
40035
40046
40082
40113
40120
40207
40214
40299
40349
40354
40404
40414
40611
40653
40695
40835
15
57
139
221
232
292
306
518
573
586
616
718
742
747
782
807
824
835
894
984
1091
1098
1113
1151
1203
1210
1216
1282
1291
1455
1502
1546
1650
1653
1751
1811
1938
1946
1959
1993
1998
2233
2274
2312
2337
2468
2498
2510
2521
2616
2668
2776
3066
3116
3122
3159
3233
3245
3303
3331
3482
3535
3564
3632
3757
3960
4037
4038
4058
4138
4180
4266
4295
4309
4376
4394
4449
4545
4573
4688
4726
4738
4741
4821
4877
5006
5112
5154
5258
5309
5396
5435
5647
5706
5764
5822
5828
5882
5907
5930
5954
6036
6114
6118
6195
6208
6254
6338
6398
6506
6600
6695
6696
6700
6779
6875
7008
7073
7206
7219
7237
7332
7425
7537
7573
7642
7708
7784
7800
7958
7976
8012
8049
8309
8439
8519
8560
8674
8746
8768
8774
9051
9094
9206
9347
9398
9569
9600
9614
9668
9670
9735
9751
9767
9789
9836
9906
9917
9918
10004
10024
10049
10102
10182
10193
10245
10295
10425
10505
10631
10652
10661
10682
10693
10719
10730
10779
10842
10902
10911
10985
11140
11302
11418
11429
11523
11543
11602
11688
11703
11896
11900
11918
11966
12183
12305
12447
12526
12528
12606
12797
12994
13009
13032
13059
13113
13156
13228
13257
13263
13342
13373
13389
13488
13530
13541
13625
13669
13980
13987
14097
14106
14184
14359
14529
14622
14777
14789
14864
14896
15018
15051
15217
15218
15271
15285
15336
15400
15425
15463
15490
15509
15541
15640
15674
15754
15755
15770
15821
15838
15930
15932
15939
16049
16326
16449
16621
16676
16896
17009
17032
17062
17065
17083
17116
17122
17167
17171
17197
17217
17237
17272
17391
17408
17462
17494
17734
17739
17753
17788
17879
17902
17911
17915
18026
18027
18047
18072
18077
18161
18164
18296
18304
18438
18489
18505
18535
18626
18664
18715
18768
18811
19005
19034
19047
19053
19078
19153
19171
19351
19466
19580
19581
19620
19780
19789
19792
19800
19815
19821
19843
20302
20319
20322
20342
20374
20415
20592
20627
20647
20714
20784
20800
20845
20859
20883
20892
20954
20965
21104
21113
21246
21252
21381
21407
21646
21676
21695
21738
21808
21839
22192
22236
22276
22300
22408
22414
22585
22732
22784
22859
22885
22900
22924
22977
23085
23141
23145
23278
23344
23477
23521
23574
23603
23615
23670
23676
23769
23866
23881
23891
23902
24004
24086
24112
24406
24417
24536
24574
24611
24780
24797
24826
24842
24909
24926
24942
24945
24958
25032
25033
25034
25039
25043
25096
25125
25171
25232
25317
25385
25446
25560
25750
25851
25902
25991
26062
26101
26108
26125
26142
26212
26283
26327
26383
26568
26638
26672
26699
26769
26781
26815
26838
26859
26922
27034
27059
27064
27124
27191
27429
27462
27555
27570
27573
27875
27904
27968
27989
27997
28047
28064
28224
28227
28251
28292
28389
28574
28862
28886
28922
28934
28972
29012
29032
29072
29083
29156
29191
29236
29444
29466
29504
29592
29636
29639
29719
29761
29777
29817
29822
29985
30021
30034
30078
30159
30185
30316
30324
30325
30401
30440
30450
30576
30641
30668
30745
30797
31012
31023
31035
31075
31100
31127
31242
31244
31288
31304
31390
31451
31481
31496
31537
31574
31646
31679
31696
31802
31826
31895
31989
32079
32088
32110
32129
32219
32366
32370
32420
32473
32497
32513
32657
32673
32685
32712
32809
32811
32813
32816
32892
32897
32960
33163
33187
33189
33321
33452
33475
33566
33643
33792
33927
34100
34200
34243
34309
34389
34563
34576
34620
34661
34693
34719
34819
34882
34940
34977
34994
35013
35086
35088
35123
35177
35253
35271
35459
35478
35565
35567
35613
35616
35716
35797
35902
35945
35956
35973
36009
36033
36069
36164
36171
36417
36514
36523
36545
36576
36579
36627
36686
36706
36777
36780
36882
36900
37143
37249
37308
37345
37397
37469
37573
37594
37695
37825
37919
37950
38091
38209
38363
38374
38652
38704
38810
38826
38878
38945
39045
39081
39114
39129
39153
39221
39245
39374
39488
39532
39564
39593
39599
39617
39711
39772
39795
39819
40015
40032
40119
40133
40275
40322
40555
40747
40852
