17
147
178
371
427
436
453
509
569
1007
1023
1233
1245
1377
1431
1627
1678
1719
1763
1807
1995
2025
2171
2298
2372
2375
2382
2392
2447
2479
2713
2795
2916
2923
3084
3139
3140
3163
3243
3316
3327
3353
3425
3453
3473
3484
3504
3541
3596
3663
3770
3814
3842
3888
3982
4093
4101
4116
4122
4183
4261
4350
4379
4390
4743
4840
4909
4942
4969
4974
4996
5031
5040
5100
5145
5220
5224
5397
5432
5476
5540
5622
5659
5682
5710
5744
5776
5778
5827
5899
6068
6091
6094
6154
6200
6239
6245
6253
6336
6342
6510
6596
6674
6681
6761
6808
6823
6905
6957
7083
7128
7166
7181
7183
7225
7274
7285
7316
7367
7387
7427
7509
7511
7520
7560
7587
7638
7669
7833
7861
7869
7895
7911
7938
7939
8070
8094
8283
8329
8440
8501
8513
8549
8806
8861
8874
9208
9217
9254
9431
9471
9506
9551
9564
9567
9609
9636
9707
9715
9777
9872
9915
9971
9997
10036
10078
10084
10104
10162
10251
10276
10411
10504
10543
10630
10632
10710
10712
10812
10814
10904
10915
11056
11077
11108
11155
11192
11310
11341
11396
11649
11691
11695
11725
11735
11765
11794
11986
12019
12028
12042
12134
12173
12185
12223
12233
12293
12306
12311
12347
12382
12399
12434
12448
12501
12518
12533
12556
12667
12736
12740
12753
12765
12767
12813
12866
12889
12896
12970
13035
13102
13144
13157
13315
13322
13339
13400
13450
13556
13643
13716
13736
13750
13873
13885
13967
13982
14049
14128
14140
14203
14259
14277
14429
14486
14683
14715
14718
14725
14744
14747
14849
14876
14968
15112
15127
15298
15302
15477
15702
15782
15906
16022
16193
16283
16344
16432
16436
16446
16533
16556
16774
16845
16875
16965
17022
17106
17119
17253
17370
17381
17438
17512
17541
17557
17591
17714
17824
17835
17854
17881
17974
17995
18003
18095
18137
18263
18278
18292
18322
18414
18481
18637
18724
18746
18844
18913
18925
18965
19054
19062
19113
19168
19186
19200
19204
19220
19259
19395
19502
19517
19751
19874
19925
19948
20050
20120
20140
20155
20265
20277
20408
20508
20536
20637
20651
20676
20793
20879
20978
21052
21152
21256
21259
21349
21378
21386
21430
21489
21542
21544
21587
21630
21681
21732
21755
21765
21797
21819
21858
21917
21959
21974
21988
22067
22143
22306
22343
22364
22442
22489
22524
22640
22651
22668
22740
22749
22904
22922
22969
23127
23146
23184
23186
23327
23330
23445
23490
23689
23718
23813
23969
23981
24036
24087
24152
24175
24230
24233
24247
24251
24456
24617
24632
24694
24732
24774
24848
24854
24869
24890
24905
24932
24992
25001
25003
25007
25061
25104
25233
25285
25423
25672
25702
25774
25818
25941
26014
26128
26217
26251
26361
26447
26454
26514
26543
26562
26563
26565
26572
26590
26597
26661
26967
27174
27192
27193
27214
27262
27306
27376
27411
27436
27524
27551
27584
27631
27638
27730
27796
27878
27952
28071
28188
28279
28308
28310
28466
28517
28614
28771
28876
28947
28966
29049
29097
29140
29192
29260
29355
29391
29451
29505
29534
29700
29708
29748
29755
29766
29792
29843
29849
29864
29971
30071
30128
30200
30208
30219
30287
30312
30329
30422
30426
30478
30496
30519
30541
30560
30715
30724
30756
30787
30913
30966
31017
31018
31219
31256
31258
31376
31389
31513
31580
31599
31648
31739
31766
31855
31938
32012
32117
32121
32173
32187
32201
32254
32543
32553
32560
32608
32757
33002
33117
33120
33129
33168
33190
33265
33344
33391
33411
33457
33578
33591
33621
33663
33664
33667
33688
33700
33712
33846
33928
33932
33948
34032
34151
34202
34283
34331
34445
34578
34609
34659
34696
34738
34763
34786
34796
34846
34888
34912
34914
34937
34951
34976
34984
35003
35011
35043
35213
35320
35404
35428
35499
35588
35704
35705
35816
35845
35944
35972
35982
36057
36068
36130
36141
36143
36204
36279
36315
36467
36543
36544
36550
36587
36601
36614
36773
36815
36869
36870
36888
36980
37017
37082
37106
37139
37140
37145
37244
37263
37271
37337
37380
37460
37495
37498
37602
37628
37647
37669
37680
37808
37809
37828
37910
38022
38028
38043
38106
38145
38154
38172
38236
38246
38313
38497
38515
38569
38577
38612
38618
38650
38668
38680
38752
38757
38778
38779
38888
39120
39183
39190
39238
39404
39536
39568
39584
39686
39769
39823
39925
39990
40024
40035
40046
40082
40120
40173
40207
40209
40214
40299
40349
40354
40404
40414
40510
40611
40653
40695
40715
40729
40835
15
57
96
139
221
232
292
296
306
333
398
518
573
616
662
663
718
742
747
782
803
824
835
894
901
984
1041
1091
1113
1151
1210
1216
1282
1291
1423
1437
1455
1502
1546
1650
1653
1751
1811
1938
1946
1959
1977
1998
2024
2274
2312
2337
2436
2498
2510
2521
2616
2776
3066
3116
3159
3233
3245
3303
3331
3465
3482
3564
3632
3757
3960
4037
4038
4058
4138
4180
4266
4295
4309
4376
4394
4449
4545
4688
4726
4738
4741
4821
4877
5006
5112
5154
5157
5226
5258
5309
5396
5435
5480
5706
5764
5828
5882
5907
5930
6036
6113
6114
6118
6193
6208
6254
6317
6335
6338
6398
6506
6600
6695
6696
6700
6779
6875
7073
7219
7237
7332
7530
7537
7573
7642
7708
7784
7800
7958
7976
8012
8049
8309
8410
8439
8519
8560
8637
8674
8688
8724
8746
8768
8774
9051
9094
9347
9398
9569
9600
9668
9670
9723
9735
9751
9767
9789
9906
9918
10004
10024
10064
10182
10193
10505
10631
10652
10682
10693
10719
10730
10779
10842
10902
10911
11140
11167
11302
11418
11429
11477
11543
11688
11703
11896
11900
11918
11966
11974
12183
12305
12422
12526
12527
12528
12606
12607
12797
12994
13009
13032
13113
13156
13228
13257
13263
13342
13373
13389
13488
13625
13897
13980
14106
14184
14298
14359
14529
14622
14775
14777
14789
14864
14896
15018
15033
15051
15147
15216
15217
15218
15285
15288
15336
15400
15463
15497
15509
15541
15552
15640
15674
15754
15755
15770
15821
15898
15930
15932
15933
15939
16011
16049
16326
16621
16676
16798
16803
16896
17005
17009
17032
17062
17065
17083
17116
17167
17171
17197
17237
17238
17272
17391
17462
17494
17516
17734
17753
17788
17879
17911
17915
18026
18027
18047
18072
18096
18140
18164
18296
18300
18304
18438
18489
18493
18505
18626
18664
18704
18715
18721
18768
18811
18848
19005
19034
19047
19053
19078
19142
19153
19171
19351
19466
19581
19780
19789
19792
19800
19815
19871
20095
20165
20302
20322
20342
20627
20641
20647
20695
20714
20800
20845
20859
20883
20892
20954
20965
21104
21113
21246
21252
21370
21407
21646
21676
21738
21833
21839
22192
22236
22300
22408
22414
22585
22732
22784
22859
22885
22900
22924
23007
23026
23085
23141
23145
23278
23344
23477
23521
23574
23615
23670
23676
23769
23866
23881
23891
23902
24086
24112
24275
24406
24417
24525
24536
24549
24574
24645
24780
24797
24842
24886
24909
24926
24942
24958
25032
25033
25034
25039
25043
25096
25232
25282
25288
25317
25385
25446
25560
25614
25719
25750
25778
25851
25991
26062
26101
26108
26125
26142
26220
26283
26327
26333
26383
26568
26616
26638
26699
26769
26781
26815
26838
26859
26922
27034
27050
27059
27191
27267
27320
27429
27555
27573
27958
27968
28047
28187
28224
28251
28292
28389
28538
28574
28858
28886
28934
28986
29012
29072
29083
29125
29156
29191
29236
29444
29466
29504
29592
29636
29639
29643
29719
29753
29761
29777
29817
29822
29985
30021
30034
30078
30159
30316
30324
30325
30401
30450
30576
30668
30727
30745
30797
31012
31023
31035
31075
31215
31242
31244
31288
31304
31384
31390
31481
31496
31537
31574
31802
31826
31895
31989
32079
32110
32175
32213
32219
32420
32424
32473
32497
32513
32657
32673
32685
32712
32809
32811
32813
32816
32892
32897
32960
33069
33176
33189
33321
33452
33475
33566
33792
33923
33927
34100
34200
34243
34309
34389
34563
34576
34620
34693
34719
34819
34882
34940
34977
34994
35013
35086
35088
35123
35159
35177
35253
35271
35294
35448
35478
35560
35565
35567
35613
35616
35716
35945
35956
36033
36069
36164
36171
36417
36488
36514
36545
36576
36579
36686
36706
36764
36777
36780
36882
36900
37143
37308
37345
37469
37573
37594
37695
37825
37919
37950
38091
38209
38363
38374
38434
38652
38810
38826
38878
38945
39045
39081
39114
39221
39245
39316
39374
39532
39564
39593
39599
39617
39772
39795
39819
39883
40015
40032
40048
40085
40119
40133
40275
40322
40555
40747
40852
