17
147
178
371
387
427
436
453
509
675
1007
1023
1233
1245
1377
1405
1627
1639
1678
1719
1726
1763
1807
1995
2025
2122
2155
2171
2250
2298
2375
2382
2447
2479
2670
2795
2916
2923
3084
3139
3140
3163
3166
3236
3243
3316
3327
3329
3353
3425
3453
3473
3484
3504
3541
3638
3641
3663
3814
3842
3888
3982
4093
4101
4116
4122
4146
4159
4183
4261
4263
4350
4610
4614
4840
4909
4942
4969
4974
4996
5031
5040
5100
5127
5145
5220
5277
5397
5432
5476
5540
5622
5659
5682
5710
5740
5778
5809
5827
5863
5899
6068
6091
6094
6154
6200
6239
6245
6253
6336
6342
6430
6439
6497
6510
6596
6674
6761
6808
6823
6858
6905
6957
7083
7166
7181
7183
7225
7274
7285
7316
7367
7387
7405
7427
7451
7509
7511
7532
7560
7638
7669
7723
7869
7895
7911
7938
7939
7967
8070
8094
8283
8329
8440
8501
8513
8549
8711
8752
8806
8838
8861
8874
8895
9208
9217
9254
9431
9464
9471
9506
9564
9567
9609
9636
9707
9715
9777
9971
9997
10036
10078
10084
10104
10276
10324
10411
10468
10504
10520
10630
10632
10812
10814
10904
10915
10966
11077
11108
11155
11192
11317
11341
11396
11649
11691
11695
11725
11765
11986
12019
12028
12134
12173
12185
12210
12223
12233
12311
12314
12347
12399
12434
12448
12518
12533
12536
12556
12667
12736
12740
12753
12813
12866
12889
12896
12968
12970
13057
13102
13315
13322
13339
13400
13450
13556
13621
13695
13716
13736
13750
13755
13773
13791
13873
13967
14128
14140
14185
14203
14259
14277
14429
14683
14715
14718
14744
14747
14837
14849
14876
14968
15017
15112
15127
15298
15302
15610
15632
15702
15782
15906
16193
16283
16344
16432
16436
16446
16533
16679
16845
16875
16894
16965
16975
17022
17119
17253
17322
17324
17381
17438
17512
17557
17591
17714
17824
17835
17854
17995
18003
18095
18137
18263
18302
18322
18366
18414
18481
18637
18676
18724
18925
18960
18965
19040
19054
19113
19168
19200
19204
19220
19259
19366
19395
19502
19517
19751
19874
19948
20050
20120
20140
20265
20363
20408
20490
20508
20536
20637
20651
20676
20793
20879
21052
21152
21211
21241
21256
21259
21349
21378
21489
21542
21544
21587
21630
21681
21691
21732
21755
21762
21797
21819
21858
21905
21917
21958
21959
21988
22067
22076
22143
22343
22364
22489
22524
22640
22651
22668
22740
22922
22969
23124
23127
23146
23184
23186
23330
23445
23490
23516
23689
23699
23718
23771
23857
23969
23981
24036
24087
24100
24152
24161
24175
24230
24233
24247
24334
24420
24456
24617
24632
24694
24732
24848
24854
24869
24905
24916
24932
24992
25001
25003
25007
25061
25104
25122
25233
25273
25285
25423
25508
25631
25672
25702
25774
25818
25941
26014
26128
26217
26361
26447
26454
26466
26514
26543
26562
26563
26565
26590
26661
26684
26752
26982
27174
27193
27243
27262
27306
27376
27411
27436
27524
27551
27584
27631
27638
27730
27796
27878
27952
28071
28188
28279
28308
28310
28466
28517
28614
28667
28771
28842
28876
28947
28966
29049
29097
29192
29232
29355
29391
29451
29505
29534
29700
29718
29748
29766
29792
29843
29849
29864
29922
29971
30128
30200
30208
30219
30287
30312
30329
30330
30426
30496
30519
30541
30560
30724
30756
30787
30879
30913
30966
31017
31018
31219
31256
31258
31376
31648
31739
31766
31855
32012
32117
32187
32204
32238
32254
32300
32553
32560
32608
32757
32792
32828
32909
33002
33117
33129
33168
33185
33190
33265
33344
33391
33457
33578
33591
33663
33664
33667
33688
33700
33712
33733
33773
33774
33846
33928
33932
33948
34032
34124
34283
34445
34578
34609
34659
34696
34738
34846
34888
34912
34914
34937
34976
34984
35043
35213
35280
35320
35389
35404
35428
35499
35572
35588
35724
35816
35845
35944
35982
36015
36057
36068
36130
36141
36204
36273
36279
36315
36467
36543
36544
36550
36587
36601
36614
36773
36815
36856
36869
36888
36980
37017
37082
37106
37140
37145
37252
37263
37271
37337
37380
37460
37495
37602
37647
37669
37808
37809
37828
37910
37953
38022
38106
38145
38154
38172
38229
38313
38497
38515
38569
38577
38612
38618
38650
38668
38680
38757
38778
38779
38888
39072
39120
39183
39238
39404
39568
39584
39686
39769
39806
39925
39990
40024
40035
40046
40113
40207
40214
40299
40349
40404
40414
40510
40653
40695
40715
40729
40835
15
57
96
139
221
232
292
306
333
398
518
573
586
616
662
663
718
742
747
782
803
807
824
835
894
901
984
1041
1091
1113
1151
1162
1203
1210
1291
1437
1438
1455
1502
1546
1653
1751
1811
1938
1959
1977
1993
1998
2024
2233
2274
2312
2337
2436
2468
2521
2616
2668
2776
3066
3116
3122
3159
3233
3303
3331
3393
3465
3482
3535
3564
3632
3848
3960
4037
4038
4058
4180
4266
4295
4309
4376
4394
4449
4545
4573
4688
4738
4741
4821
4877
5006
5112
5154
5226
5240
5258
5309
5396
5435
5480
5706
5764
5822
5828
5882
5907
6036
6113
6114
6118
6193
6195
6208
6254
6317
6335
6338
6398
6600
6696
6700
6779
6875
7008
7073
7206
7219
7332
7425
7530
7573
7642
7708
7784
7800
7958
7976
8012
8049
8309
8439
8519
8560
8674
8724
8768
8774
9051
9206
9266
9347
9398
9441
9569
9600
9670
9751
9767
9836
9906
9917
9918
10004
10024
10049
10102
10193
10295
10425
10505
10631
10652
10661
10682
10693
10719
10730
10842
10902
10911
10985
11140
11167
11302
11418
11429
11477
11523
11543
11602
11688
11703
11896
11900
11918
12139
12183
12305
12422
12447
12527
12606
12607
12797
12994
13009
13032
13113
13257
13263
13389
13488
13530
13541
13625
13669
13897
13980
13987
14026
14097
14106
14184
14298
14359
14529
14622
14775
14777
14789
14896
15018
15051
15147
15216
15217
15218
15271
15288
15336
15400
15425
15463
15490
15497
15541
15552
15640
15674
15754
15755
15821
15838
15898
15930
15932
15933
15939
16011
16049
16115
16326
16449
16621
16676
16798
16803
16943
17005
17009
17032
17062
17065
17083
17116
17122
17171
17197
17217
17237
17391
17462
17494
17516
17734
17739
17753
17788
17879
17902
17911
17915
18026
18027
18047
18072
18077
18096
18140
18161
18164
18296
18300
18304
18438
18489
18493
18505
18535
18626
18664
18704
18715
18721
18768
18811
18848
19005
19034
19047
19053
19057
19142
19153
19171
19351
19486
19581
19780
19792
19800
19815
19821
19843
19871
20095
20165
20302
20319
20342
20592
20627
20641
20647
20695
20714
20784
20800
20859
20883
20892
20954
20965
21113
21246
21252
21381
21646
21676
21738
21833
21839
22192
22236
22300
22414
22732
22784
22859
22900
22924
22977
23007
23026
23141
23145
23278
23477
23574
23603
23615
23670
23676
23769
23866
23891
23902
24004
24086
24112
24275
24417
24525
24536
24549
24611
24645
24780
24797
24842
24886
24909
24926
24942
24958
25032
25033
25034
25043
25125
25171
25232
25282
25288
25317
25385
25560
25614
25719
25750
25778
25851
25902
25991
26101
26108
26125
26142
26212
26220
26327
26332
26333
26383
26616
26638
26699
26769
26781
26815
26838
26922
27034
27050
27064
27124
27320
27429
27462
27555
27570
27573
27875
27904
27968
27989
27997
28064
28187
28224
28227
28292
28436
28538
28574
28847
28858
28862
28886
28922
28934
28972
28986
29012
29032
29072
29083
29125
29156
29191
29236
29466
29504
29592
29636
29639
29719
29753
29761
29817
29822
29985
30021
30034
30078
30095
30159
30185
30316
30401
30440
30450
30576
30641
30727
30745
30797
31012
31023
31035
31075
31100
31127
31215
31242
31244
31288
31304
31384
31451
31481
31496
31536
31537
31679
31802
31826
31895
31989
32079
32088
32110
32129
32175
32213
32219
32262
32366
32420
32424
32473
32497
32513
32657
32673
32712
32809
32811
32813
32816
32892
32960
33069
33163
33176
33189
33321
33452
33475
33566
33792
33927
34100
34243
34309
34389
34563
34576
34620
34693
34703
34719
34819
34882
34977
34994
35013
35086
35088
35159
35177
35253
35271
35294
35448
35459
35478
35560
35565
35613
35716
35797
35956
35973
36009
36033
36069
36164
36171
36417
36488
36576
36579
36627
36686
36706
36764
36780
36882
36900
37099
37143
37249
37308
37345
37397
37469
37573
37594
37695
37825
37919
38091
38209
38363
38374
38434
38652
38704
38810
38826
38878
38945
39045
39081
39114
39129
39153
39221
39245
39316
39488
39564
39593
39599
39617
39711
39772
39795
39819
39883
40032
40048
40085
40119
40133
40322
40747
