17
147
178
215
371
387
427
436
453
509
1007
1023
1233
1237
1245
1356
1377
1405
1431
1627
1639
1678
1763
1807
1995
2025
2122
2155
2171
2250
2298
2372
2375
2382
2392
2447
2670
2713
2795
2916
2923
2997
3084
3139
3140
3163
3166
3243
3316
3327
3329
3425
3453
3473
3484
3504
3515
3541
3596
3641
3663
3842
3888
3982
4093
4105
4116
4122
4146
4159
4183
4261
4350
4379
4390
4610
4614
4743
4840
4909
4942
4969
4974
4996
5031
5100
5127
5145
5220
5224
5277
5397
5432
5476
5540
5622
5682
5691
5710
5744
5776
5778
5809
5827
5863
6068
6091
6094
6239
6253
6336
6342
6430
6439
6497
6510
6674
6681
6823
6858
6905
6957
7128
7166
7181
7183
7225
7274
7285
7316
7367
7405
7427
7451
7509
7511
7520
7532
7560
7587
7638
7669
7723
7833
7869
7895
7911
7938
7939
7967
8070
8283
8440
8501
8513
8549
8752
8806
8838
8861
8874
8895
9208
9217
9254
9357
9431
9464
9471
9506
9551
9564
9567
9609
9636
9707
9777
9872
9915
9997
10036
10078
10084
10162
10276
10324
10384
10468
10504
10520
10543
10630
10632
10710
10712
10812
10814
10904
10915
10966
11056
11077
11108
11155
11317
11341
11396
11649
11691
11725
11735
11765
11794
11986
12019
12028
12042
12134
12173
12185
12210
12223
12233
12293
12306
12311
12347
12399
12448
12501
12536
12556
12667
12736
12740
12767
12813
12866
12889
12896
12968
13035
13057
13102
13296
13315
13322
13339
13450
13556
13621
13643
13695
13716
13736
13750
13755
13773
13791
13873
13982
14128
14140
14203
14259
14277
14332
14429
14683
14715
14718
14725
14744
14747
14837
14849
14876
14968
15017
15112
15302
15477
15610
15632
15702
15782
15906
16022
16283
16344
16436
16446
16556
16679
16774
16845
16875
16894
16965
16975
17022
17106
17119
17253
17322
17324
17370
17438
17512
17541
17557
17714
17824
17835
17854
17881
17995
18095
18137
18278
18283
18292
18302
18322
18366
18414
18481
18637
18676
18746
18844
18913
18925
18960
18965
19040
19054
19062
19113
19168
19186
19200
19204
19220
19395
19502
19515
19517
19751
19925
19948
20050
20120
20140
20155
20265
20277
20363
20508
20510
20637
20651
20793
20879
21052
21152
21211
21241
21256
21259
21378
21386
21430
21568
21587
21681
21732
21755
21762
21765
21797
21819
21858
21974
22067
22076
22343
22442
22524
22640
22668
22740
22749
22904
22969
23124
23127
23184
23186
23327
23330
23445
23490
23516
23689
23718
23720
23771
23857
23969
24036
24087
24100
24152
24233
24251
24334
24420
24456
24617
24632
24694
24732
24772
24774
24848
24854
24869
24890
24916
24932
25001
25003
25007
25061
25104
25122
25233
25273
25285
25423
25508
25672
25702
25818
25941
26128
26217
26251
26361
26447
26454
26466
26514
26543
26562
26563
26565
26572
26590
26597
26661
26684
26752
26967
26982
27174
27192
27193
27214
27243
27262
27376
27411
27551
27584
27631
27730
27796
27952
28071
28279
28308
28310
28466
28517
28667
28876
28947
28966
29049
29097
29140
29391
29451
29505
29700
29708
29718
29755
29766
29792
29843
29849
30071
30128
30200
30208
30219
30287
30312
30329
30330
30422
30426
30496
30519
30560
30715
30724
30756
30787
30879
30913
30966
31017
31018
31258
31389
31513
31580
31599
31648
31739
31766
31855
31938
32012
32121
32173
32201
32204
32238
32254
32300
32543
32553
32560
32608
32757
32792
32828
32909
33002
33117
33120
33129
33168
33185
33190
33265
33344
33387
33391
33411
33457
33664
33667
33688
33700
33712
33733
33773
33774
33846
33928
33932
33948
34124
34202
34331
34578
34609
34738
34763
34786
34796
34846
34888
34912
34914
34937
34951
34976
34984
35003
35011
35043
35213
35320
35389
35428
35499
35572
35588
35705
35724
35816
35845
35944
35972
35982
36015
36068
36130
36141
36273
36279
36543
36550
36587
36601
36614
36666
36773
36815
36856
36869
36870
36888
36980
37017
37106
37139
37140
37145
37244
37263
37271
37337
37380
37495
37498
37602
37628
37647
37669
37680
37809
37828
37910
37937
37953
38022
38028
38043
38106
38145
38154
38172
38229
38246
38313
38497
38515
38577
38618
38650
38752
38757
38778
38779
39072
39120
39183
39190
39238
39404
39536
39568
39584
39769
39806
39823
39990
40024
40046
40120
40207
40209
40214
40299
40349
40354
40404
40414
40510
40611
40695
40715
40729
40835
15
57
139
221
232
292
296
306
333
398
518
586
616
662
663
718
742
747
782
803
835
894
984
1041
1091
1098
1113
1151
1162
1203
1210
1216
1282
1291
1423
1437
1438
1455
1502
1546
1650
1653
1751
1801
1811
1938
1946
1977
1998
2024
2233
2274
2312
2337
2436
2468
2510
2616
2668
2776
3066
3116
3122
3233
3303
3331
3393
3465
3482
3564
3632
3757
3848
3960
4037
4038
4138
4180
4266
4309
4376
4394
4449
4545
4573
4688
4738
4741
4821
4877
5006
5112
5154
5157
5226
5240
5258
5396
5435
5480
5647
5706
5764
5828
5907
6114
6193
6195
6208
6317
6338
6398
6506
6600
6695
6696
6779
6875
7008
7073
7206
7219
7237
7332
7425
7537
7573
7708
7784
7800
7976
8012
8049
8309
8410
8439
8519
8560
8637
8674
8688
8724
8746
8768
8774
9051
9094
9206
9266
9347
9398
9441
9569
9614
9668
9670
9723
9751
9767
9789
9814
9836
9906
9917
10004
10024
10049
10064
10102
10182
10193
10245
10295
10425
10505
10631
10652
10661
10682
10693
10730
10779
10902
10911
10985
11140
11167
11302
11418
11429
11477
11543
11602
11688
11896
11900
11918
11966
11974
12139
12183
12305
12422
12447
12526
12527
12528
12606
12607
12797
12994
13032
13059
13113
13228
13257
13263
13342
13373
13389
13530
13625
13897
13987
14097
14106
14184
14298
14359
14529
14622
14775
14789
14864
14896
15147
15216
15217
15218
15271
15285
15288
15336
15400
15425
15463
15490
15497
15541
15640
15674
15754
15755
15770
15821
15838
15898
15930
15932
15939
16011
16049
16326
16449
16621
16676
16798
16803
16896
16943
17005
17009
17032
17062
17065
17116
17122
17167
17171
17197
17238
17272
17391
17408
17494
17516
17734
17739
17788
17879
17902
17911
18026
18027
18047
18096
18164
18296
18438
18489
18493
18505
18535
18626
18664
18715
18721
18768
18848
19005
19034
19047
19053
19057
19078
19142
19153
19171
19351
19466
19486
19580
19581
19620
19789
19792
19800
19815
19821
19843
19871
20165
20302
20319
20322
20342
20374
20415
20592
20627
20641
20647
20695
20714
20800
20845
20859
20954
20965
21104
21113
21246
21252
21370
21407
21646
21676
21695
21738
21808
21833
21839
22192
22276
22300
22408
22732
22784
22859
22885
22924
22977
23007
23026
23085
23141
23145
23278
23344
23477
23521
23574
23670
23676
23769
23881
23891
23902
24275
24406
24417
24536
24549
24574
24611
24645
24780
24797
24826
24842
24909
24926
24942
24945
24958
25032
25033
25034
25039
25043
25096
25125
25171
25232
25288
25317
25385
25446
25560
25614
25719
25750
25778
25851
25902
25991
26062
26101
26125
26142
26220
26283
26327
26332
26333
26568
26616
26638
26672
26699
26769
26815
26859
27034
27050
27059
27064
27124
27191
27429
27462
27555
27570
27573
27875
27958
27968
27989
28064
28187
28224
28251
28292
28538
28574
28847
28858
28862
28886
28922
28934
28972
28986
29012
29032
29072
29156
29191
29236
29444
29466
29504
29643
29719
29761
29777
29817
29822
29985
30021
30034
30078
30095
30159
30185
30316
30324
30325
30401
30440
30450
30641
30668
30727
30745
30797
31035
31075
31100
31127
31242
31288
31304
31384
31390
31481
31496
31536
31537
31574
31646
31679
31696
31826
31895
31989
32079
32088
32110
32175
32213
32219
32262
32366
32420
32424
32473
32497
32513
32673
32685
32712
32809
32811
32813
32816
32892
32897
32960
33069
33163
33176
33187
33189
33321
33452
33475
33566
33643
33792
33923
33927
34100
34200
34243
34309
34389
34563
34576
34620
34661
34693
34703
34719
34819
34882
34940
34977
34994
35013
35086
35088
35123
35177
35271
35294
35448
35459
35478
35560
35565
35613
35616
35716
35797
35902
35945
35956
36009
36164
36171
36417
36488
36514
36523
36545
36576
36579
36627
36686
36706
36777
36780
36882
37099
37143
37249
37308
37397
37469
37573
37594
37806
37919
37950
38363
38374
38434
38652
38810
38826
38878
38945
39045
39081
39114
39129
39153
39221
39245
39316
39374
39532
39564
39593
39599
39617
39711
39772
39795
39819
39883
40032
40048
40085
40119
40133
40275
40322
40555
40747
40852
