17
178
215
371
387
427
436
509
569
675
1007
1023
1233
1237
1245
1356
1377
1405
1627
1639
1678
1719
1726
1763
1807
1995
2025
2122
2155
2171
2250
2372
2382
2392
2447
2479
2670
2713
2795
2916
2923
2997
3084
3139
3140
3163
3166
3236
3316
3327
3329
3353
3453
3473
3484
3504
3515
3541
3596
3638
3641
3663
3770
3982
4101
4105
4122
4146
4159
4183
4261
4263
4350
4379
4610
4614
4840
4909
4942
4969
5031
5040
5100
5127
5145
5220
5224
5277
5397
5432
5476
5540
5622
5682
5691
5740
5744
5776
5778
5809
5863
5899
6091
6094
6200
6239
6245
6336
6342
6430
6439
6510
6596
6681
6761
6808
6823
6858
6905
6957
7083
7166
7170
7181
7225
7274
7285
7316
7367
7387
7405
7427
7451
7511
7520
7532
7560
7587
7638
7669
7723
7861
7869
7895
7911
7938
7967
8070
8094
8329
8440
8501
8513
8549
8711
8752
8806
8861
8874
8895
9208
9217
9254
9357
9431
9464
9471
9506
9551
9564
9567
9609
9636
9707
9915
9971
9997
10036
10078
10084
10104
10162
10251
10276
10324
10384
10411
10468
10504
10520
10543
10630
10632
10710
10712
10812
10915
10966
11056
11077
11108
11155
11192
11317
11341
11396
11649
11695
11725
11735
11765
11794
12019
12042
12134
12173
12185
12210
12223
12233
12293
12306
12311
12314
12347
12382
12399
12434
12448
12501
12518
12533
12556
12667
12736
12740
12753
12765
12813
12866
12889
12896
12968
12970
13035
13057
13102
13144
13157
13296
13315
13322
13339
13400
13450
13556
13643
13695
13716
13736
13750
13755
13773
13791
13873
13885
13982
14049
14128
14140
14185
14203
14332
14429
14486
14715
14725
14744
14747
14849
15017
15127
15298
15302
15477
15610
15632
15702
15906
16344
16432
16436
16446
16533
16556
16679
16774
16845
16875
16894
16965
17022
17106
17119
17253
17322
17324
17370
17381
17438
17512
17541
17557
17591
17714
17824
17835
17881
17920
17974
18095
18283
18302
18322
18366
18414
18481
18637
18676
18724
18844
18913
18965
19040
19054
19113
19168
19186
19200
19220
19259
19366
19395
19515
19517
19751
19874
19925
19948
20050
20120
20140
20155
20277
20408
20490
20508
20536
20637
20651
20676
20793
20879
20978
21052
21152
21211
21241
21256
21259
21349
21378
21386
21489
21542
21544
21568
21587
21630
21681
21691
21732
21755
21762
21765
21797
21819
21905
21917
21959
21974
21988
22067
22076
22306
22343
22442
22489
22640
22651
22668
22740
22749
22904
22922
22969
23127
23146
23184
23327
23445
23490
23689
23699
23718
23720
23771
23813
23969
24036
24087
24152
24161
24175
24230
24233
24247
24251
24334
24420
24456
24617
24632
24694
24732
24772
24774
24854
24869
24890
24932
24992
25003
25007
25061
25122
25233
25285
25423
25508
25631
25672
25702
25774
25818
25941
26014
26128
26217
26251
26361
26447
26454
26466
26514
26543
26562
26563
26572
26590
26597
26661
26684
26752
26967
26982
27174
27192
27193
27214
27243
27262
27376
27411
27436
27551
27584
27631
27638
27730
27878
27952
28188
28279
28308
28310
28517
28667
28771
28842
28876
28947
28966
29049
29097
29140
29192
29232
29260
29355
29391
29451
29505
29534
29700
29708
29748
29766
29792
29843
29849
29864
29922
29971
30071
30128
30200
30208
30219
30312
30329
30330
30422
30426
30478
30496
30519
30541
30560
30724
30756
30787
30879
30913
30966
31017
31018
31219
31258
31376
31389
31513
31580
31599
31648
31739
31766
31855
31938
32117
32121
32173
32187
32201
32204
32238
32254
32300
32543
32553
32757
32792
32828
32909
33002
33117
33120
33168
33190
33265
33344
33387
33391
33411
33578
33621
33663
33664
33700
33712
33733
33773
33774
33846
33928
33932
33948
34124
34151
34202
34283
34331
34445
34578
34609
34696
34738
34763
34786
34796
34846
34888
34914
34937
34951
34976
35003
35011
35043
35213
35280
35320
35389
35404
35428
35499
35572
35588
35704
35705
35724
35816
35944
35972
36015
36057
36068
36141
36143
36204
36273
36279
36467
36543
36587
36601
36614
36771
36773
36815
36856
36870
36888
36980
37139
37145
37244
37263
37271
37337
37460
37495
37498
37602
37628
37647
37669
37808
37809
37828
37910
37953
38028
38043
38106
38145
38154
38229
38236
38313
38497
38515
38569
38612
38650
38668
38752
38757
38779
38888
39072
39120
39183
39190
39225
39404
39536
39584
39686
39769
39806
39823
39925
39990
40024
40035
40046
40082
40113
40120
40173
40209
40214
40354
40414
40510
40611
40653
40695
40729
40835
57
96
139
221
232
292
296
306
333
398
573
616
662
663
718
742
747
803
807
824
835
894
901
984
1041
1091
1151
1203
1210
1282
1291
1423
1546
1650
1653
1751
1801
1811
1946
1959
1977
1993
2024
2233
2274
2312
2337
2436
2468
2510
2521
2668
2776
3066
3122
3233
3245
3303
3331
3393
3465
3482
3564
3632
3757
3848
3960
4037
4038
4058
4266
4295
4309
4376
4394
4449
4545
4573
4688
4738
4741
4821
4877
5006
5112
5154
5157
5226
5258
5309
5435
5480
5706
5764
5822
5828
5882
5907
5930
5954
6036
6113
6114
6118
6193
6195
6254
6317
6398
6506
6600
6695
6696
6700
6779
6875
7073
7206
7219
7237
7332
7425
7530
7537
7573
7642
7784
7800
7958
7976
8012
8049
8309
8410
8439
8519
8560
8637
8674
8688
8724
8746
8768
8774
9051
9094
9206
9266
9347
9398
9441
9600
9614
9668
9670
9723
9735
9751
9789
9836
9906
10004
10024
10049
10064
10102
10182
10193
10245
10295
10425
10505
10631
10652
10682
10693
10719
10730
10779
10902
10911
10985
11036
11167
11418
11477
11523
11543
11602
11688
11703
11896
11918
11966
11974
12447
12526
12527
12528
12606
12607
12797
12994
13059
13156
13228
13257
13263
13342
13389
13488
13541
13625
13669
13897
13980
13987
14026
14106
14184
14359
14529
14622
14775
14777
14896
15018
15033
15051
15147
15216
15217
15218
15271
15285
15336
15400
15425
15463
15490
15497
15509
15552
15640
15755
15838
15898
15930
15932
15933
15939
16011
16049
16326
16449
16621
16676
16803
16896
16943
17005
17009
17032
17062
17065
17083
17116
17167
17197
17217
17237
17238
17272
17391
17408
17462
17494
17516
17734
17739
17753
17879
17902
17911
18026
18027
18072
18077
18096
18140
18161
18164
18296
18300
18304
18489
18493
18505
18704
18715
18721
18768
18811
18848
19005
19034
19047
19053
19078
19142
19153
19171
19351
19466
19581
19780
19789
19792
19815
19843
19871
20095
20165
20302
20319
20322
20342
20415
20592
20627
20641
20695
20714
20784
20800
20859
20883
20954
20965
21104
21113
21252
21370
21381
21646
21676
21695
21738
21808
21833
21839
22192
22236
22276
22300
22408
22585
22784
22885
22900
22924
22977
23007
23141
23278
23344
23521
23574
23603
23615
23670
23676
23769
23866
23891
23902
24004
24086
24112
24406
24417
24536
24549
24574
24611
24645
24780
24797
24826
24842
24909
24926
24942
24945
24958
25032
25033
25034
25039
25043
25096
25171
25232
25282
25317
25446
25614
25719
25750
25778
25851
25902
25991
26062
26101
26108
26125
26142
26212
26220
26283
26327
26332
26333
26383
26568
26638
26672
26699
26769
26815
26838
26859
26922
27034
27050
27064
27124
27267
27320
27429
27462
27555
27570
27573
27875
27904
27958
27968
27989
27997
28047
28064
28187
28224
28227
28251
28292
28389
28436
28538
28858
28862
28886
28934
29012
29032
29072
29156
29191
29444
29466
29504
29592
29636
29639
29643
29719
29753
29761
29822
29985
30021
30034
30078
30095
30159
30185
30316
30324
30401
30440
30576
30641
30727
30797
31012
31035
31075
31100
31127
31242
31244
31288
31384
31451
31481
31496
31536
31537
31574
31646
31802
31826
31895
31989
32079
32088
32110
32213
32219
32262
32366
32370
32420
32424
32473
32497
32513
32657
32673
32685
32712
32811
32813
32816
32892
32960
33069
33163
33176
33187
33189
33321
33452
33475
33643
33792
33927
34100
34200
34243
34389
34563
34576
34620
34693
34703
34819
34882
34940
34977
35013
35086
35088
35123
35159
35177
35253
35271
35294
35459
35560
35567
35616
35716
35797
35945
35956
35973
36009
36069
36164
36171
36417
36488
36514
36523
36576
36579
36627
36686
36706
36764
36777
36780
36882
36900
37099
37308
37345
37397
37469
37594
37695
37806
37919
37950
38091
38209
38363
38374
38434
38652
38704
38826
38878
38945
39045
39081
39114
39153
39221
39245
39374
39488
39532
39564
39593
39599
39617
39711
39772
39795
39819
39883
40032
40048
40085
40119
40275
40555
40852
