17
147
178
215
371
387
427
436
453
509
569
675
1007
1023
1233
1237
1245
1377
1405
1431
1627
1639
1678
1719
1726
1763
1807
1995
2025
2122
2155
2171
2250
2298
2372
2375
2382
2392
2447
2479
2670
2713
2795
3139
3140
3166
3236
3327
3329
3353
3453
3484
3504
3515
3541
3596
3638
3641
3663
3814
3888
3982
4093
4101
4105
4116
4122
4146
4159
4261
4263
4350
4379
4390
4610
4614
4743
4969
4974
4996
5031
5040
5100
5127
5220
5224
5277
5397
5432
5540
5622
5659
5691
5710
5744
5776
5778
5809
5827
5863
6068
6091
6094
6154
6200
6239
6245
6336
6342
6430
6439
6510
6596
6674
6681
6761
6808
6823
6858
6905
7083
7128
7166
7170
7183
7225
7274
7285
7316
7367
7387
7405
7427
7451
7509
7511
7520
7532
7560
7587
7638
7669
7723
7833
7861
7869
7938
7939
7967
8070
8283
8329
8501
8513
8549
8711
8752
8806
8838
8861
8895
9208
9217
9254
9357
9431
9464
9471
9506
9551
9564
9567
9609
9636
9707
9715
9915
9971
9997
10036
10078
10104
10251
10276
10324
10384
10411
10468
10504
10520
10543
10632
10683
10710
10812
10814
10904
10966
11056
11077
11108
11155
11192
11317
11341
11396
11649
11695
11735
11765
11794
11986
12019
12134
12173
12185
12210
12223
12233
12293
12306
12311
12314
12347
12382
12434
12448
12501
12518
12533
12556
12667
12736
12765
12767
12813
12866
12889
12896
12968
12970
13035
13057
13102
13144
13157
13315
13322
13339
13400
13450
13556
13621
13643
13716
13736
13750
13755
13773
13873
13885
13967
13982
14049
14128
14140
14185
14203
14259
14277
14332
14429
14486
14683
14715
14718
14725
14744
14747
14837
14876
14968
15017
15127
15302
15477
15610
15632
15782
15906
16022
16193
16283
16344
16432
16436
16446
16533
16556
16679
16894
16965
17022
17119
17253
17381
17438
17512
17541
17557
17591
17824
17835
17854
17881
17920
17974
17995
18095
18137
18263
18278
18283
18292
18302
18322
18414
18481
18637
18676
18746
18844
18913
18925
18960
18965
19040
19054
19113
19186
19200
19220
19259
19366
19395
19502
19515
19751
19925
19948
20050
20120
20140
20265
20363
20408
20508
20536
20637
20651
20676
20793
20879
20978
21052
21152
21211
21241
21349
21378
21430
21489
21542
21544
21568
21587
21630
21681
21691
21732
21755
21765
21797
21905
21917
21974
21988
22067
22076
22143
22306
22343
22442
22489
22524
22640
22668
22749
22904
22922
22969
23124
23127
23146
23186
23327
23445
23490
23516
23689
23699
23718
23720
23771
23813
23969
23981
24036
24087
24230
24233
24247
24334
24420
24617
24632
24694
24732
24774
24869
24916
24992
25001
25003
25061
25104
25122
25233
25285
25508
25672
25774
25818
25941
26014
26217
26251
26361
26447
26454
26514
26543
26562
26563
26565
26572
26590
26597
26661
26967
26982
27174
27192
27193
27306
27376
27411
27524
27584
27638
27730
27796
27952
28188
28279
28308
28310
28466
28517
28614
28667
28771
28842
28947
28966
29049
29097
29140
29192
29232
29355
29391
29451
29505
29534
29700
29708
29718
29755
29766
29792
29843
29849
29864
29922
30128
30200
30219
30287
30312
30329
30422
30478
30496
30519
30541
30560
30715
30724
30756
30787
30879
30966
31017
31018
31219
31256
31389
31580
31599
31739
31855
31938
32012
32117
32121
32173
32187
32201
32204
32238
32254
32553
32560
32757
33002
33117
33120
33129
33185
33190
33265
33387
33391
33411
33457
33578
33591
33621
33663
33664
33667
33688
33700
33712
33733
33773
33846
33932
33948
34032
34124
34283
34331
34578
34609
34659
34696
34738
34763
34786
34796
34846
34888
34912
34914
34951
34976
35003
35011
35043
35213
35280
35389
35404
35428
35572
35588
35705
35724
35816
35944
35972
36015
36057
36068
36141
36143
36204
36273
36279
36315
36467
36543
36544
36550
36587
36771
36773
36815
36856
36869
36870
36888
36980
37017
37082
37106
37139
37145
37244
37252
37263
37271
37337
37380
37495
37498
37602
37628
37647
37669
37680
37808
37809
37828
37937
37953
38028
38043
38106
38145
38154
38172
38229
38236
38246
38313
38497
38577
38612
38618
38650
38668
38680
38752
38757
38779
38888
39072
39190
39225
39238
39536
39568
39686
39769
39806
39823
39925
39990
40024
40046
40082
40113
40120
40173
40207
40209
40214
40299
40349
40354
40414
40510
40611
40653
40695
40715
40729
40835
57
139
221
232
296
306
333
398
518
586
616
742
747
782
803
807
824
835
894
901
1041
1091
1098
1113
1151
1162
1203
1216
1282
1291
1423
1438
1455
1502
1546
1650
1653
1751
1801
1811
1938
1959
1977
1993
1998
2024
2274
2312
2337
2436
2468
2498
2510
2521
2668
2776
3066
3122
3159
3233
3245
3303
3331
3393
3465
3482
3535
3564
3632
3757
4037
4038
4058
4138
4180
4266
4295
4309
4376
4394
4449
4545
4573
4688
4726
4821
5006
5112
5154
5157
5226
5258
5309
5396
5435
5480
5647
5706
5764
5822
5882
5907
5930
5954
6036
6113
6114
6118
6193
6195
6208
6254
6317
6338
6398
6600
6695
6700
6779
7008
7073
7206
7219
7332
7425
7530
7573
7642
7784
7800
7958
7976
8012
8049
8309
8410
8519
8560
8637
8674
8688
8724
8746
8768
9051
9094
9206
9266
9398
9441
9569
9600
9614
9668
9670
9723
9735
9767
9814
9836
9917
9918
10004
10024
10049
10064
10102
10193
10295
10425
10505
10631
10652
10661
10693
10719
10730
10779
10842
10902
10911
10985
11036
11140
11167
11302
11477
11523
11602
11703
11896
11900
11918
11974
12139
12183
12422
12447
12526
12527
12528
12607
12797
12994
13009
13032
13059
13113
13156
13228
13257
13263
13342
13373
13389
13488
13530
13541
13625
13669
13897
13980
13987
14026
14097
14106
14184
14359
14529
14622
14775
14864
14896
15018
15033
15147
15216
15217
15218
15271
15285
15336
15400
15425
15463
15490
15497
15509
15552
15640
15674
15754
15755
15838
15898
15930
15933
15939
16011
16049
16115
16326
16449
16621
16676
16798
16803
16943
17005
17009
17032
17062
17065
17083
17116
17122
17237
17238
17272
17391
17408
17462
17516
17739
17879
17902
17915
18026
18047
18072
18077
18140
18161
18164
18296
18304
18438
18489
18505
18535
18626
18664
18704
18715
18721
18768
18848
19005
19034
19047
19053
19078
19142
19153
19171
19351
19466
19486
19580
19581
19620
19789
19792
19800
19815
19843
19871
20095
20165
20302
20322
20342
20374
20415
20592
20627
20641
20647
20695
20714
20800
20859
20883
20892
20954
20965
21104
21246
21252
21370
21381
21407
21646
21676
21738
21808
21833
22192
22236
22276
22300
22408
22414
22585
22732
22784
22859
22885
22924
22977
23007
23085
23145
23278
23344
23477
23521
23574
23603
23615
23670
23676
23866
23891
23902
24004
24086
24112
24275
24406
24417
24525
24536
24549
24574
24611
24780
24826
24842
24886
24909
24926
24942
24958
25032
25033
25034
25096
25125
25171
25232
25282
25288
25317
25446
25560
25614
25778
25851
25902
25991
26062
26101
26108
26125
26142
26212
26220
26283
26327
26332
26383
26568
26616
26638
26672
26699
26781
26815
26838
26922
27034
27050
27059
27064
27124
27191
27267
27320
27429
27555
27570
27573
27904
27958
27968
27989
27997
28047
28064
28224
28227
28251
28292
28389
28436
28538
28574
28847
28858
28886
28922
28934
28972
28986
29012
29072
29083
29125
29156
29191
29236
29444
29504
29592
29636
29639
29643
29719
29753
29777
29817
29822
29985
30021
30078
30095
30159
30185
30316
30324
30325
30401
30450
30641
30668
30727
30745
30797
31012
31023
31035
31075
31100
31127
31215
31242
31288
31304
31384
31481
31496
31536
31537
31574
31679
31696
31802
31826
31895
31989
32079
32088
32110
32129
32175
32213
32219
32262
32366
32370
32420
32473
32497
32513
32673
32685
32712
32813
32892
32897
32960
33069
33163
33176
33187
33189
33321
33475
33566
33643
33792
33923
33927
34100
34200
34243
34309
34389
34563
34576
34661
34693
34703
34719
34819
34882
34977
34994
35013
35086
35088
35123
35159
35177
35253
35271
35294
35448
35459
35478
35565
35567
35613
35616
35797
35902
35945
35973
36033
36069
36171
36417
36488
36514
36523
36545
36576
36579
36627
36686
36706
36780
36882
36900
37099
37143
37249
37308
37345
37397
37469
37573
37594
37695
37806
37825
37919
38091
38209
38363
38374
38434
38652
38704
38810
38826
38878
39045
39081
39114
39129
39153
39245
39374
39488
39564
39593
39599
39617
39772
39795
39819
39883
40015
40032
40048
40085
40119
40133
40275
40322
40555
