17
178
215
371
387
427
453
509
569
675
1007
1023
1233
1237
1245
1356
1377
1405
1431
1627
1639
1678
1719
1726
1763
1807
1923
1995
2025
2171
2372
2382
2392
2447
2479
2670
2713
2795
2916
2997
3084
3139
3140
3163
3166
3236
3243
3316
3327
3329
3353
3453
3473
3484
3504
3515
3596
3641
3663
3814
3842
3888
3982
4093
4101
4105
4116
4122
4146
4159
4261
4263
4350
4379
4610
4840
4909
4969
4974
5031
5040
5100
5127
5220
5277
5397
5432
5476
5540
5622
5682
5691
5710
5740
5744
5776
5778
5809
5827
5863
5899
6068
6091
6094
6154
6200
6239
6245
6336
6342
6430
6439
6510
6596
6674
6681
6761
6808
6823
6858
6905
6957
7128
7166
7183
7225
7274
7285
7316
7387
7405
7427
7451
7511
7520
7560
7587
7638
7669
7723
7833
7861
7895
7911
7938
7967
8070
8094
8283
8329
8501
8549
8711
8752
8806
8861
8874
8895
9208
9217
9254
9357
9431
9464
9471
9506
9551
9564
9567
9609
9636
9707
9872
9915
9971
9997
10036
10078
10084
10104
10162
10251
10276
10324
10384
10411
10468
10504
10520
10630
10632
10683
10710
10712
10814
10904
10915
10966
11108
11310
11317
11341
11396
11649
11691
11735
11765
11986
12019
12028
12134
12185
12210
12223
12293
12306
12311
12314
12399
12434
12448
12518
12533
12536
12556
12667
12736
12740
12753
12765
12767
12813
12866
12889
12896
12970
13035
13057
13102
13144
13296
13315
13322
13339
13400
13450
13556
13695
13716
13736
13750
13773
13791
13873
13885
13967
13982
14049
14128
14140
14203
14259
14277
14332
14429
14486
14683
14715
14718
14725
14744
14747
14849
14876
14968
15017
15112
15127
15298
15302
15477
15610
15632
15906
16022
16193
16283
16344
16436
16446
16533
16556
16679
16774
16845
16875
16894
16965
16975
17022
17106
17119
17322
17324
17370
17438
17512
17541
17557
17591
17714
17824
17835
17854
17881
17920
17974
17995
18003
18095
18137
18263
18292
18302
18322
18366
18414
18481
18637
18676
18724
18746
18925
19040
19062
19113
19168
19204
19220
19366
19395
19502
19515
19517
19751
19925
19948
20120
20140
20265
20277
20363
20408
20490
20508
20510
20536
20637
20651
20676
20879
20978
21152
21211
21256
21349
21378
21386
21430
21489
21542
21544
21568
21630
21681
21691
21732
21755
21762
21765
21819
21858
21905
21958
21959
22067
22076
22143
22343
22364
22442
22489
22524
22640
22651
22668
22740
22749
22904
22969
23127
23146
23184
23186
23327
23490
23516
23689
23699
23771
23813
23857
23969
23981
24036
24087
24100
24152
24161
24175
24230
24233
24247
24334
24420
24456
24617
24632
24694
24732
24772
24774
24848
24854
24869
24890
24905
24916
24932
24992
25001
25003
25007
25061
25104
25122
25233
25273
25285
25423
25508
25631
25702
25774
25818
25941
26014
26217
26251
26361
26447
26454
26466
26514
26543
26562
26565
26572
26590
26597
26661
26684
26967
27174
27192
27193
27214
27262
27306
27376
27411
27436
27524
27551
27584
27631
27638
27878
27952
28188
28279
28308
28310
28466
28517
28667
28771
28876
28947
28966
29049
29097
29140
29232
29260
29355
29505
29534
29700
29708
29718
29748
29755
29766
29792
29864
29922
29971
30071
30128
30200
30208
30219
30312
30329
30330
30422
30426
30478
30496
30560
30715
30724
30756
30787
30879
30913
30966
31018
31219
31256
31258
31376
31389
31513
31580
31599
31648
31739
31766
31938
32121
32173
32187
32201
32204
32254
32300
32553
32560
32608
32757
32792
32909
33002
33117
33120
33185
33190
33265
33344
33387
33457
33591
33621
33663
33664
33667
33688
33712
33733
33773
33774
33846
33928
33932
34032
34124
34151
34202
34283
34331
34445
34578
34609
34696
34738
34763
34786
34796
34888
34912
34914
34937
34951
34976
34984
35003
35011
35043
35213
35280
35320
35389
35404
35428
35499
35572
35704
35705
35724
35816
35845
35944
35972
35982
36015
36130
36143
36204
36273
36279
36315
36467
36543
36544
36550
36587
36601
36614
36666
36771
36773
36815
36856
36869
36870
36888
36980
37017
37106
37139
37140
37145
37244
37252
37337
37380
37460
37495
37498
37602
37628
37647
37669
37680
37808
37910
37937
37953
38022
38028
38106
38145
38172
38229
38236
38246
38313
38497
38612
38618
38650
38668
38680
38752
38778
38779
38888
39072
39120
39183
39190
39225
39238
39568
39584
39769
39806
39823
39925
39990
40024
40035
40046
40082
40113
40120
40173
40207
40209
40349
40354
40404
40414
40510
40611
40653
40695
40715
40835
15
96
139
221
232
292
306
333
518
573
586
616
663
718
742
747
782
824
835
894
901
984
1041
1091
1098
1113
1151
1162
1203
1216
1282
1423
1437
1438
1455
1502
1546
1751
1801
1811
1938
1946
1959
1977
1993
1998
2024
2233
2274
2337
2436
2468
2498
2521
2616
2668
2776
3116
3122
3159
3233
3245
3303
3482
3535
3632
3757
3848
3960
4037
4038
4058
4138
4180
4266
4295
4376
4394
4449
4573
4688
4726
4738
4741
4821
4877
5006
5112
5154
5226
5396
5435
5480
5647
5706
5764
5822
5828
5907
5930
5954
6036
6113
6114
6118
6193
6195
6208
6254
6317
6338
6398
6506
6600
6695
6696
6779
6875
7008
7073
7206
7219
7237
7332
7530
7537
7642
7784
7976
8012
8049
8309
8439
8519
8560
8637
8674
8688
8724
8746
8768
8774
9051
9094
9206
9266
9347
9441
9569
9614
9668
9723
9735
9751
9767
9789
9814
9836
9906
9918
10004
10024
10049
10064
10102
10182
10193
10295
10425
10505
10631
10652
10682
10693
10719
10842
11036
11140
11167
11302
11418
11429
11477
11523
11543
11602
11688
11918
11974
12139
12183
12305
12422
12447
12526
12527
12528
12606
12607
12797
12994
13032
13059
13113
13156
13228
13257
13263
13373
13389
13488
13530
13541
13625
13669
13897
13980
13987
14097
14106
14184
14298
14529
14622
14775
14777
14789
14864
14896
15018
15033
15051
15147
15216
15217
15218
15271
15288
15336
15400
15425
15463
15490
15509
15541
15552
15640
15674
15754
15770
15898
15930
15939
16011
16049
16115
16326
16449
16676
16798
16803
16896
16943
17005
17009
17062
17065
17083
17116
17122
17167
17238
17272
17391
17408
17462
17494
17516
17734
17739
17753
17788
17902
17911
18027
18047
18072
18096
18140
18161
18164
18300
18304
18438
18489
18493
18505
18535
18626
18664
18704
18715
18768
18811
19005
19034
19047
19053
19057
19078
19142
19153
19351
19486
19580
19620
19780
19789
19800
19815
19821
19843
19871
20165
20302
20319
20322
20342
20415
20592
20627
20641
20647
20695
20714
20784
20800
20845
20859
20883
20892
20954
20965
21104
21113
21246
21252
21370
21381
21407
21676
21695
21738
21808
21833
21839
22192
22236
22300
22408
22414
22585
22732
22784
22859
22977
23007
23026
23141
23145
23344
23521
23615
23670
23676
23769
23866
23881
23891
24004
24086
24112
24275
24406
24417
24525
24536
24549
24574
24611
24645
24826
24886
24926
24942
24945
25033
25034
25043
25096
25125
25171
25232
25288
25317
25385
25560
25614
25719
25778
25851
25902
25991
26101
26108
26212
26220
26327
26332
26333
26383
26568
26616
26638
26769
26815
26838
26859
26922
27034
27050
27059
27064
27191
27267
27320
27429
27462
27555
27570
27573
27875
27904
27958
27968
27989
27997
28047
28064
28187
28224
28251
28389
28436
28538
28574
28858
28886
28922
28934
28972
28986
29012
29032
29072
29125
29191
29236
29444
29466
29504
29592
29636
29639
29643
29719
29761
29777
29817
29822
30021
30078
30095
30159
30185
30316
30324
30401
30450
30576
30668
30727
30745
30797
31012
31023
31035
31075
31100
31127
31215
31242
31244
31288
31304
31384
31390
31451
31481
31496
31536
31537
31574
31679
31802
31826
31895
31989
32110
32129
32175
32213
32219
32262
32366
32370
32420
32424
32473
32657
32673
32685
32712
32809
32811
32813
32892
32960
33069
33163
33176
33187
33189
33321
33452
33475
33566
33643
33792
33923
33927
34243
34309
34576
34620
34661
34693
34719
34994
35013
35086
35088
35123
35177
35253
35271
35294
35448
35459
35560
35565
35567
35613
35616
35716
35797
35902
35945
35956
36009
36033
36069
36164
36171
36417
36488
36514
36523
36576
36579
36627
36686
36706
36764
36777
36780
36882
36900
37143
37249
37308
37345
37397
37469
37573
37594
37695
37806
37919
38091
38209
38374
38652
38704
38810
38826
38878
38945
39045
39081
39114
39129
39153
39221
39316
39374
39488
39532
39564
39593
39599
39617
39711
39772
39795
40015
40032
40119
40133
40275
40322
40555
40852
