16170
15798
16133
16141
10165
4872
10708
2812
4869
8524
16191
2928
15794
16172
6753
15813
1235
4617
4932
7207
16167
5180
14654
4931
2926
16127
16166
4730
16165
16163
16189
10097
16171
4757
4868
16343
13800
4720
6787
10706
15717
5178
7017
10133
4926
5529
16344
15810
5525
10908
2932
15695
15792
12015
8502
8525
10099
2
11963
4726
7200
15694
16164
4925
15791
14368
11964
6414
6728
5541
2814
16188
16137
16117
4728
5185
2930
15793
16168
2925
16169
16129
10072
15639
10738
15795
16128
16193
15638
15640
15811
7206
2813
16135
2945
16321
4750
16116
14374
15826
15797
4
4725
11962
4867
16192
5