378
555
1221
1399
1436
1753
1774
2520
2738
2879
2880
3177
3342
3492
3727
4092
4250
4278
4555
4567
4930
5184
5489
5533
5689
5735
5820
5938
6048
6101
6475
6727
6863
7006
7054
7246
7479
7860
8050
8115
8138
8275
8842
8962
9271
9289
9365
9553
9647
9840
9857
10257
10347
10407
10691
10864
11137
11218
11414
11422
11471
11536
11589
11698
11720
11778
11819
11850
11921
11983
12052
12449
12894
12983
13116
13612
14142
14698
14752
14986
15014
15055
15079
15085
15257
15566
15845
16189
16214
16560
16689
16691
16709
16842
16957
17440
17684
17748
17925
18039
18194
18230
18315
18608
18802
18823
18942
19198
19410
19521
19797
20074
20366
20944
20955
21040
21397
21537
21846
22002
22031
22195
22596
23170
23264
23281
23294
23404
23485
23540
23555
23738
23785
24172
24462
24639
24936
25028
25208
25216
25381
25442
25664
25985
26115
26171
26210
26424
26528
26584
26761
26905
27062
27149
27289
27636
27772
27836
27864
27953
28076
28104
28325
28465
28700
28751
29272
29773
29866
30310
30419
30486
30612
30733
30772
31187
31222
31279
31336
31504
31577
31717
32094
32240
32273
32295
32666
32761
32875
32898
33595
33612
33631
33757
33931
33998
34408
35132
35373
35406
35452
35575
35663
35698
36240
36496
36938
37014
37075
37093
37187
37260
37596
37735
37833
37962
38067
38077
38176
38276
38410
38561
38576
38594
38781
38866
38886
39008
39311
39350
39427
39689
39759
40130
40204
40421
40574
40819
1
33
293
298
554
556
641
882
991
1004
1594
1599
1664
1841
1867
2130
2222
2256
2400
3281
3286
3661
3819
3899
4055
4500
4506
4581
4710
4823
5069
5152
5377
5488
5528
5577
5590
5727
5839
6480
6544
7069
7082
7188
7298
7383
7424
7673
7814
8431
9125
9144
9409
9608
9805
9961
10371
10658
10740
10755
10846
10930
11129
11291
11578
11917
12039
12219
12349
12534
13169
13538
14439
14617
14900
15186
15248
15275
15363
15747
15952
16099
16219
16337
16814
16912
16930
17080
17348
18244
18272
18524
18740
18758
18793
18818
19318
19400
19705
19856
20369
20941
21220
21319
22124
22368
22395
22916
23380
23611
23772
23914
24001
24141
24147
24212
24369
24389
24918
25081
25129
25419
25487
25668
25777
25810
26124
26470
27167
27461
27685
27687
27818
28304
28411
28432
28634
29184
29378
29562
29635
29764
29867
30032
30515
30528
30632
30702
30835
30891
30937
30964
31172
31275
31289
31308
32105
32411
32571
32941
33191
33263
33454
33540
33807
33832
33934
34149
34213
34245
34277
34376
34508
34758
34837
34949
36019
36173
36198
36446
37232
37481
37494
37718
38192
38686
38928
38998
39622
39634
40187
40260
40486
40540
40749
40855
