20
35
38
68
76
78
106
129
147
177
240
242
271
288
317
336
351
356
362
374
378
387
395
417
463
474
490
493
504
549
566
582
608
618
666
732
743
758
789
801
811
816
827
856
879
889
891
893
948
990
1019
1025
1056
1085
1115
1121
1140
1158
1183
1190
1192
1211
1214
1221
1228
1274
1277
1313
1345
1346
1357
1372
1376
1415
1452
1454
1485
1501
1515
1542
1615
1621
1623
1629
1631
1634
1656
1662
1683
1689
1715
1721
1726
1735
1783
1787
1792
1797
1799
1838
1857
1870
1879
1887
1899
1911
1922
1934
1939
1999
2015
2019
2025
2040
2052
2070
2071
2084
2087
2100
2106
2121
2139
2140
2154
2174
2175
2186
2190
2201
2214
2240
2248
2254
2264
2265
2275
2322
2346
2367
2402
2420
2453
2470
2480
2495
2500
2504
2520
2522
2550
2551
2569
2623
2638
2692
2703
2711
2717
2732
2742
2758
2786
2801
2816
2848
2851
2860
2872
2881
2888
2890
2901
2902
2906
2910
2914
2919
2929
2930
2966
2978
3002
3003
3027
3058
3059
3071
3105
3108
3181
3187
3191
3194
3207
3214
3288
3310
3320
3322
3323
3381
3389
3406
3413
3416
3421
3437
3439
3452
3475
3477
3512
3536
3542
3547
3570
3606
3607
3610
3629
3637
3641
3656
3667
3741
3747
3768
3776
3786
3795
3800
3808
3826
3827
3843
3856
3859
3870
3901
3917
3920
3930
3981
3993
3998
4004
4005
4032
4053
4065
4135
4142
4153
4162
4164
4169
4188
4191
4196
4199
4237
4284
4298
4325
4326
4342
4392
4396
4412
4442
4444
4448
4457
4469
4487
4502
4514
4521
4522
4555
4588
4604
4618
4663
4691
4692
4720
4739
4757
4827
4852
4859
4872
4884
4913
4924
4938
4986
5007
5015
5120
5125
5150
5153
5177
5207
5243
5245
5261
5263
5272
5341
5348
5379
5411
5424
5425
5496
5499
5500
5507
5520
5532
5535
5536
5586
5607
5626
5628
5643
5676
5689
5701
5702
5705
5710
5732
5737
5747
5801
5802
5804
5807
5816
5825
5836
5840
5869
5886
5892
5898
5905
5914
5925
5928
5931
5965
5998
6007
6014
6031
6040
6054
6088
6106
6124
6150
6152
6155
6181
6186
6216
6217
6280
6282
6289
6301
6312
6334
6337
6361
6363
6373
6384
6400
6404
6408
6435
6455
6457
6491
6503
6514
6539
6543
6546
6551
6552
6560
6569
6585
6603
6616
6621
6632
6651
6671
6682
6693
6718
6791
6818
6824
6847
6851
6860
6863
6876
6914
6918
6932
6953
6969
6971
6991
7009
7015
7028
7047
7050
7054
7062
7080
7091
7102
7112
7132
7134
7155
7233
7249
7255
7270
7271
7288
7344
7355
7394
7404
7417
7471
7472
7478
7485
7526
7529
7533
7542
7562
7572
7583
7614
7615
7655
7661
7677
7702
7724
7725
7774
7817
7830
7897
7900
7908
7912
7943
7948
7968
7980
7996
8000
8007
8019
8027
8033
8042
8072
8074
8077
8114
8122
8133
8140
8185
8194
8235
8260
8327
8329
8392
8406
8418
8438
8446
8462
8532
8549
8571
8573
8576
8596
8617
8632
8664
8676
8686
8692
8711
8721
8732
8751
8756
8759
8762
8776
8814
8817
8837
8858
8860
8863
8883
8903
8904
8935
8942
8946
8954
8960
8962
8964
8982
8994
9003
9020
9055
9069
9070
9075
9102
9130
9138
9143
9148
9165
9179
9205
9208
9226
9238
9265
9267
9280
9282
9288
9289
9293
9306
9312
9333
9356
9361
9385
9391
9402
9413
9514
9536
9545
9546
9580
9741
9768
9770
9790
9869
9910
9933
9934
9989
10025
10071
10079
10091
10096
10105
10116
10139
10153
10158
10177
10202
10214
10226
10261
10263
10282
10343
10347
10357
10407
10451
10465
10496
10509
10516
10521
10529
10543
10559
10560
10561
10568
10590
10598
10603
10607
10610
10622
10629
10633
10640
10642
10655
10662
10678
10680
10699
10703
10705
10742
10744
10781
10795
10806
10863
10877
10890
10891
10918
10923
10944
10950
10966
11014
11019
11084
11086
11096
11110
11137
11156
11217
11235
11242
11267
11269
11284
11297
11299
11354
11394
11486
11487
11503
11513
11518
11537
11568
11584
11585
11591
11592
11613
11622
11624
11635
11638
11653
11654
11678
11697
11770
11792
11808
11826
11849
11874
11880
11943
11946
11949
11971
11972
12000
12020
12021
12034
12045
12052
12089
12112
12119
12130
12148
12150
12184
12200
12255
12268
12274
12276
12286
12321
12351
12367
12371
12384
12398
12400
12417
12419
12431
12436
12449
12450
12531
12548
12560
12566
12574
12603
12679
12680
12702
12715
12730
12751
12757
12759
12761
12770
12789
12808
12820
12822
12831
12844
12845
12870
12894
12897
12899
12930
12933
12935
12937
12980
12984
12988
13002
13019
13061
13068
13072
13073
13088
13110
13112
13116
13128
13136
13149
13158
13163
13204
13209
13211
13219
13304
13350
13362
13381
13384
13415
13441
13447
13461
13482
13485
13497
13524
13531
13540
13543
13545
13551
13593
13600
13612
13616
13627
13634
13648
13660
13675
13677
13692
13714
13729
13761
13762
13764
13769
13798
13800
13804
13812
13823
13834
13838
13853
13871
13876
13909
13925
13938
13958
13961
13973
14005
14057
14103
14115
14130
14132
14138
14165
14182
14208
14217
14225
14230
14241
14261
14304
14341
14357
14373
14376
14382
14418
14425
14441
14450
14493
14527
14541
14547
14590
14608
14628
14634
14643
14650
14656
14686
14702
14711
14719
14738
14741
14751
14782
14795
14833
14836
14840
14874
14910
14936
14991
15009
15026
15072
15106
15133
15148
15170
15255
15257
15328
15335
15371
15376
15401
15441
15466
15504
15521
15524
15531
15566
15594
15595
15597
15601
15603
15681
15682
15691
15692
15716
15741
15745
15771
15786
15799
15845
15883
15886
15887
15905
15926
15936
15940
15944
15948
15956
15968
15969
16000
16047
16090
16091
16111
16221
16222
16225
16226
16269
16298
16316
16331
16339
16340
16383
16393
16433
16472
16478
16495
16502
16509
16519
16543
16588
16594
16628
16634
16642
16660
16675
16695
16712
16716
16720
16789
16805
16807
16820
16822
16833
16835
16838
16840
16848
16865
16874
16890
16901
16906
16909
16918
16924
16937
16946
16950
16954
16956
16999
17013
17016
17047
17055
17058
17075
17100
17105
17133
17161
17179
17181
17203
17212
17223
17235
17247
17269
17276
17282
17300
17312
17351
17352
17362
17372
17373
17382
17399
17418
17427
17453
17485
17498
17523
17540
17552
17573
17588
17599
17643
17644
17658
17661
17674
17676
17688
17693
17749
17756
17790
17801
17824
17836
17849
17852
17866
17874
17897
17914
17955
17957
17980
17982
17994
18004
18007
18032
18037
18043
18054
18061
18074
18109
18129
18133
18138
18176
18181
18195
18205
18230
18260
18268
18277
18294
18313
18319
18323
18325
18326
18329
18350
18356
18377
18380
18383
18386
18389
18408
18416
18418
18423
18426
18441
18460
18476
18492
18500
18502
18503
18508
18509
18532
18540
18559
18560
18561
18568
18640
18658
18660
18696
18723
18743
18765
18804
18830
18838
18841
18855
18902
18923
18933
18947
18957
18976
18999
19011
19013
19019
19026
19042
19045
19051
19065
19089
19106
19110
19113
19126
19135
19139
19158
19178
19202
19213
19214
19252
19302
19320
19362
19387
19407
19430
19504
19509
19565
19566
19641
19646
19661
19664
19667
19680
19695
19729
19754
19761
19765
19784
19794
19839
19850
19870
19874
19875
19887
19889
19901
19909
19980
19985
19994
20002
20004
20018
20030
20036
20078
20113
20120
20138
20152
20161
20164
20168
20172
20215
20252
20257
20265
20267
20278
20324
20343
20346
20361
20366
20372
20384
20402
20403
20419
20421
20437
20462
20473
20481
20505
20524
20541
20558
20566
20569
20576
20595
20608
20621
20643
20661
20674
20693
20706
20736
20752
20769
20786
20791
20833
20836
20844
20846
20855
20856
20904
20906
20912
20926
20952
20976
20988
20995
21009
21019
21068
21079
21096
21119
21151
21172
21195
21210
21257
21266
21327
21341
21344
21345
21352
21367
21372
21387
21405
21410
21429
21470
21476
21503
21553
21554
21624
21627
21640
21642
21645
21679
21713
21782
21810
21834
21859
21899
21906
21917
22031
22040
22072
22104
22105
22119
22157
22162
22185
22202
22204
22205
22219
22230
22269
22284
22354
22400
22401
22411
22444
22445
22459
22466
22511
22543
22567
22591
22594
22595
22612
22622
22636
22646
22662
22688
22690
22706
22723
22727
22734
22735
22738
22759
22768
22778
22781
22787
22811
22818
22883
22907
22913
22928
22932
22937
22943
22959
22967
22972
22979
23025
23073
23084
23086
23090
23092
23102
23120
23138
23171
23199
23211
23254
23266
23267
23276
23281
23299
23303
23314
23317
23322
23337
23346
23354
23385
23400
23404
23417
23427
23484
23500
23537
23555
23566
23589
23590
23591
23598
23599
23614
23621
23622
23626
23629
23644
23646
23671
23688
23695
23705
23726
23745
23780
23785
23789
23826
23846
23869
23898
23901
23939
23966
23996
24006
24013
24034
24044
24082
24125
24135
24155
24172
24177
24184
24190
24192
24222
24239
24263
24278
24317
24330
24331
24342
24355
24361
24374
24381
24437
24455
24464
24472
24475
24495
24497
24503
24513
24563
24569
24619
24639
24660
24690
24707
24751
24755
24756
24778
24793
24805
24840
24844
24861
24863
24882
24891
24899
24903
24911
24923
24936
24952
24975
24983
25016
25037
25040
25042
25059
25086
25099
25148
25149
25153
25154
25166
25175
25188
25197
25211
25216
25226
25259
25267
25279
25295
25299
25309
25331
25337
25353
25354
25369
25374
25381
25397
25497
25516
25535
25543
25550
25561
25569
25573
25586
25613
25641
25647
25656
25657
25661
25663
25666
25669
25697
25709
25720
25722
25751
25776
25789
25790
25809
25813
25828
25854
25867
25875
25886
25888
25889
25908
25921
25961
25985
26013
26036
26043
26074
26088
26098
26147
26164
26191
26223
26253
26286
26296
26323
26338
26342
26395
26404
26493
26531
26540
26566
26579
26582
26631
26656
26674
26676
26694
26695
26743
26817
26841
26860
26861
26878
26914
26946
26953
26962
26966
26980
27045
27046
27068
27094
27100
27101
27114
27122
27126
27149
27153
27156
27160
27190
27216
27256
27279
27300
27326
27328
27334
27389
27418
27419
27506
27524
27531
27533
27561
27577
27581
27583
27605
27641
27665
27671
27672
27674
27684
27693
27703
27713
27718
27732
27740
27751
27757
27780
27791
27796
27811
27822
27836
27849
27861
27888
27921
27928
27937
27953
27972
28001
28027
28028
28034
28058
28059
28086
28089
28092
28104
28115
28160
28169
28189
28213
28237
28260
28261
28264
28266
28298
28299
28303
28307
28315
28317
28334
28336
28352
28409
28420
28424
28435
28482
28486
28495
28525
28565
28575
28581
28584
28587
28606
28608
28626
28643
28665
28684
28700
28704
28709
28725
28728
28758
28762
28788
28794
28803
28817
28825
28867
28914
28916
28924
28933
28951
28960
28965
28985
28989
29025
29075
29076
29082
29121
29128
29143
29158
29161
29163
29164
29166
29169
29170
29179
29252
29272
29275
29309
29317
29344
29345
29349
29358
29364
29369
29442
29452
29486
29493
29502
29503
29505
29520
29528
29544
29574
29607
29616
29671
29673
29676
29697
29774
29795
29827
29851
29872
29921
30001
30025
30028
30036
30041
30053
30064
30079
30085
30087
30101
30112
30176
30191
30208
30213
30234
30238
30246
30248
30254
30265
30278
30282
30283
30293
30297
30306
30313
30322
30333
30355
30367
30370
30373
30420
30436
30443
30453
30530
30543
30548
30565
30581
30603
30645
30657
30671
30675
30690
30692
30707
30709
30733
30739
30748
30753
30773
30785
30800
30808
30820
30826
30863
30893
30923
30929
30935
30980
31046
31056
31062
31072
31077
31079
31090
31094
31109
31116
31119
31131
31142
31167
31188
31222
31229
31232
31270
31277
31291
31296
31317
31319
31320
31338
31357
31374
31380
31386
31388
31396
31421
31429
31438
31448
31528
31559
31568
31572
31602
31605
31612
31629
31676
31701
31717
31738
31740
31748
31752
31756
31760
31761
31777
31779
31821
31830
31835
31846
31862
31867
31899
31935
31936
31940
31956
31957
31958
31969
31980
32007
32010
32014
32025
32040
32064
32072
32106
32108
32109
32115
32133
32143
32190
32223
32241
32247
32265
32267
32305
32309
32316
32334
32344
32365
32406
32446
32475
32479
32494
32521
32650
32666
32672
32715
32738
32743
32752
32758
32762
32763
32779
32784
32817
32820
32838
32862
32888
32902
32905
32922
32937
32967
32985
33015
33021
33022
33035
33051
33083
33089
33099
33106
33114
33119
33124
33139
33170
33171
33179
33202
33239
33254
33271
33275
33290
33297
33309
33317
33338
33357
33404
33471
33510
33535
33571
33631
33640
33648
33655
33660
33666
33670
33707
33738
33739
33743
33751
33766
33787
33795
33813
33828
33843
33844
33859
33877
33891
33900
33907
33938
33939
33953
33957
33966
33967
33998
34018
34030
34083
34089
34092
34095
34099
34101
34113
34114
34126
34148
34172
34215
34232
34234
34254
34272
34291
34306
34323
34382
34391
34393
34405
34406
34414
34435
34442
34463
34511
34530
34554
34639
34646
34669
34715
34723
34727
34729
34749
34764
34779
34835
34852
34853
34866
34879
34933
34944
35047
35050
35068
35117
35148
35181
35185
35193
35222
35236
35252
35257
35281
35296
35297
35298
35304
35308
35322
35335
35358
35377
35380
35382
35390
35420
35427
35442
35449
35474
35496
35499
35505
35506
35540
35554
35557
35575
35580
35587
35593
35597
35652
35655
35684
35688
35691
35718
35720
35731
35754
35764
35786
35799
35837
35887
35891
35916
35922
35927
35932
35940
35978
35986
36012
36025
36031
36034
36084
36094
36098
36099
36141
36152
36154
36181
36200
36221
36247
36249
36278
36280
36288
36294
36298
36337
36360
36367
36379
36383
36393
36452
36455
36483
36504
36519
36520
36524
36525
36538
36603
36625
36662
36676
36721
36750
36785
36789
36811
36862
36866
36873
36896
36911
36916
36919
36923
36931
36935
36946
36962
36967
36974
37009
37011
37012
37037
37043
37045
37058
37068
37074
37084
37091
37115
37128
37163
37165
37166
37192
37214
37233
37285
37307
37336
37348
37351
37356
37367
37420
37443
37462
37470
37479
37483
37488
37522
37524
37599
37601
37615
37623
37635
37683
37688
37726
37739
37748
37758
37787
37790
37811
37826
37841
37847
37867
37878
37900
37970
37979
37986
38002
38014
38021
38044
38050
38053
38056
38069
38090
38098
38115
38121
38122
38140
38143
38171
38174
38211
38247
38270
38272
38278
38282
38295
38311
38326
38332
38335
38359
38376
38378
38406
38415
38426
38448
38476
38493
38494
38526
38545
38552
38565
38576
38584
38585
38608
38616
38627
38635
38653
38665
38669
38702
38724
38735
38740
38746
38751
38754
38761
38780
38840
38846
38859
38866
38886
38909
38912
38939
38940
38986
39003
39055
39099
39136
39150
39173
39192
39204
39219
39230
39234
39265
39287
39313
39314
39322
39330
39334
39352
39365
39367
39405
39406
39429
39433
39453
39471
39496
39503
39516
39518
39522
39524
39538
39539
39549
39561
39567
39575
39614
39640
39644
39650
39668
39683
39684
39685
39703
39714
39738
39747
39760
39821
39855
39872
39899
39912
39927
39930
39940
39942
39945
39962
39963
39974
39977
40018
40054
40101
40168
40189
40204
40215
40218
40233
40263
40268
40274
40289
40290
40310
40344
40365
40369
40376
40390
40415
40425
40458
40480
40491
40492
40519
40524
40569
40582
40602
40618
40635
40638
40642
40649
40659
40670
40691
40711
40725
40734
40771
40779
40803
40810
40817
40831
40832
40854
1
25
26
27
29
61
69
80
82
130
137
141
142
145
165
167
220
226
234
265
284
286
287
293
307
338
345
365
368
373
391
404
408
414
422
433
456
458
468
469
487
498
505
515
516
517
528
530
537
552
575
591
594
601
605
631
633
660
676
706
708
709
727
770
777
781
783
802
821
859
868
887
927
937
944
978
1001
1016
1024
1061
1063
1065
1071
1098
1129
1131
1137
1149
1160
1168
1207
1271
1275
1292
1299
1325
1329
1335
1344
1401
1408
1433
1446
1469
1496
1500
1506
1510
1531
1581
1593
1594
1600
1605
1606
1619
1650
1659
1664
1670
1680
1690
1703
1724
1736
1737
1740
1760
1769
1781
1808
1827
1832
1841
1856
1864
1888
1893
1929
1968
1971
1974
1989
1996
2011
2046
2053
2063
2067
2073
2094
2125
2141
2184
2191
2229
2288
2289
2343
2344
2349
2350
2373
2389
2396
2400
2413
2431
2435
2444
2450
2461
2473
2477
2489
2517
2525
2531
2557
2562
2600
2612
2641
2654
2657
2663
2697
2700
2704
2707
2720
2726
2746
2754
2772
2793
2808
2812
2813
2818
2849
2877
2896
2915
2925
2931
2950
2960
2971
2983
3020
3036
3045
3052
3062
3073
3088
3094
3107
3127
3133
3148
3206
3211
3223
3286
3299
3321
3363
3388
3399
3422
3430
3446
3456
3469
3496
3543
3561
3568
3578
3587
3593
3599
3605
3624
3631
3664
3678
3708
3710
3712
3737
3746
3778
3783
3787
3801
3812
3865
3878
3909
3913
3923
3931
3932
3950
3964
3966
3967
3984
3987
4028
4033
4043
4064
4067
4098
4108
4120
4126
4132
4140
4147
4165
4175
4180
4210
4224
4231
4236
4290
4304
4328
4337
4347
4353
4369
4417
4455
4464
4479
4481
4485
4492
4499
4503
4518
4524
4546
4548
4568
4620
4624
4627
4629
4637
4641
4656
4699
4710
4725
4735
4783
4790
4802
4823
4845
4855
4869
4876
4882
4892
4902
4917
4922
4951
4954
4981
4984
4987
5008
5029
5034
5039
5083
5107
5118
5119
5124
5164
5166
5227
5255
5266
5290
5298
5305
5332
5361
5380
5435
5440
5460
5467
5488
5511
5560
5562
5570
5591
5595
5653
5673
5713
5746
5753
5756
5765
5785
5808
5818
5824
5832
5839
5868
5878
5902
5903
5926
5937
5939
5962
5971
5972
5975
5988
5995
5999
6005
6035
6060
6087
6089
6114
6219
6232
6240
6268
6300
6305
6310
6326
6341
6353
6365
6381
6388
6422
6440
6452
6467
6488
6526
6534
6592
6617
6625
6631
6640
6664
6691
6717
6723
6749
6788
6795
6859
6877
6899
6906
6919
6922
6925
6949
6958
6964
7035
7049
7055
7104
7108
7125
7150
7209
7226
7234
7253
7269
7275
7280
7286
7292
7294
7298
7310
7315
7323
7370
7391
7408
7413
7428
7437
7453
7494
7496
7500
7501
7505
7530
7534
7536
7543
7550
7551
7564
7565
7574
7594
7607
7623
7626
7639
7641
7647
7653
7683
7686
7715
7720
7741
7757
7758
7760
7769
7771
7773
7780
7781
7809
7822
7832
7851
7867
7875
7877
7880
7901
7915
7942
7950
7979
7982
7983
7987
8008
8026
8053
8064
8076
8080
8087
8102
8120
8125
8164
8175
8243
8261
8274
8276
8299
8305
8331
8349
8355
8359
8363
8365
8377
8382
8401
8402
8413
8420
8423
8425
8426
8442
8449
8452
8473
8485
8530
8551
8579
8602
8603
8609
8611
8613
8637
8647
8670
8677
8685
8699
8716
8755
8761
8767
8779
8786
8803
8819
8823
8834
8851
8886
8911
8922
8938
8968
8971
8975
9011
9013
9017
9039
9050
9057
9091
9122
9125
9177
9216
9219
9269
9302
9303
9308
9332
9338
9345
9346
9363
9374
9400
9419
9424
9425
9438
9445
9477
9478
9482
9532
9552
9554
9570
9579
9583
9587
9602
9606
9616
9639
9687
9692
9698
9721
9725
9761
9797
9799
9805
9819
9839
9852
9898
9974
9980
9983
10003
10008
10015
10021
10035
10062
10097
10098
10107
10137
10166
10174
10188
10200
10247
10255
10269
10288
10300
10318
10334
10337
10349
10371
10374
10380
10430
10433
10481
10487
10488
10523
10527
10564
10611
10625
10641
10708
10719
10724
10763
10774
10789
10799
10805
10819
10822
10827
10846
10869
10883
10908
10939
10962
10963
10981
10998
11017
11042
11078
11109
11118
11120
11125
11130
11138
11143
11163
11175
11196
11210
11219
11223
11240
11248
11268
11272
11316
11318
11325
11329
11339
11356
11402
11405
11411
11447
11453
11472
11504
11506
11524
11547
11558
11564
11569
11629
11652
11713
11734
11757
11828
11831
11861
11871
11905
11912
11915
11951
11967
12010
12037
12041
12048
12067
12079
12080
12094
12097
12113
12114
12160
12161
12211
12212
12232
12236
12247
12249
12317
12327
12337
12404
12409
12426
12472
12480
12485
12494
12496
12498
12502
12541
12543
12550
12591
12600
12605
12607
12613
12637
12638
12654
12696
12703
12712
12727
12743
12750
12782
12794
12810
12818
12846
12853
12864
12877
12878
12903
12905
12912
12914
12920
13048
13049
13050
13051
13092
13107
13114
13133
13148
13153
13173
13214
13243
13266
13277
13300
13305
13307
13312
13356
13374
13385
13386
13435
13457
13465
13468
13480
13493
13538
13557
13563
13587
13603
13607
13619
13630
13672
13689
13708
13721
13765
13767
13768
13786
13789
13803
13808
13818
13837
13839
13854
13881
13902
13913
13920
13927
13944
13956
13965
13966
13981
14031
14036
14109
14119
14125
14133
14143
14146
14164
14170
14206
14207
14233
14252
14260
14294
14318
14334
14335
14339
14342
14349
14378
14390
14422
14426
14458
14465
14468
14496
14507
14511
14521
14528
14535
14552
14566
14588
14594
14595
14623
14726
14739
14786
14793
14800
14802
14824
14826
14828
14834
14869
14870
14887
14953
14955
14961
14966
14972
15018
15029
15041
15048
15061
15067
15074
15075
15081
15093
15115
15154
15158
15159
15166
15195
15214
15216
15217
15244
15275
15342
15356
15359
15362
15366
15367
15370
15396
15402
15410
15427
15434
15437
15461
15538
15545
15550
15559
15576
15584
15623
15637
15645
15658
15669
15680
15690
15714
15724
15727
15747
15756
15779
15784
15826
15870
15873
15876
15894
15914
15923
15929
15971
15983
15999
16020
16042
16046
16054
16057
16063
16112
16128
16136
16142
16149
16162
16163
16165
16177
16201
16203
16224
16234
16248
16306
16330
16349
16356
16386
16408
16424
16441
16484
16491
16504
16536
16542
16546
16565
16576
16578
16599
16604
16613
16614
16633
16652
16653
16667
16681
16684
16696
16698
16710
16711
16714
16733
16755
16760
16776
16788
16814
16828
16864
16868
16871
16891
16910
16926
16934
16941
16963
16980
16992
17025
17026
17042
17080
17087
17124
17129
17162
17184
17189
17194
17257
17286
17309
17335
17345
17346
17385
17398
17404
17423
17441
17459
17461
17466
17479
17495
17526
17534
17547
17569
17571
17576
17578
17607
17613
17668
17677
17691
17697
17712
17740
17781
17821
17826
17827
17851
17858
17860
17863
17864
17882
17899
17921
17927
17943
17950
17997
18000
18020
18024
18028
18040
18058
18123
18152
18161
18170
18174
18226
18251
18257
18284
18309
18343
18364
18385
18399
18496
18542
18565
18566
18575
18576
18582
18594
18598
18615
18634
18653
18682
18702
18712
18734
18737
18777
18792
18820
18856
18857
18901
18916
18932
18936
18945
18946
18961
18971
18985
18990
19000
19010
19017
19024
19025
19044
19048
19068
19075
19091
19107
19140
19155
19170
19172
19183
19209
19215
19228
19231
19253
19257
19273
19284
19292
19318
19348
19350
19352
19368
19379
19398
19399
19411
19443
19447
19453
19455
19460
19481
19494
19500
19501
19516
19520
19534
19537
19547
19559
19567
19574
19627
19628
19643
19687
19705
19710
19714
19718
19743
19787
19789
19811
19832
19838
19844
19852
19856
19884
19888
19891
19916
19919
19971
19981
19984
19988
19998
20006
20023
20025
20032
20037
20047
20080
20092
20126
20137
20148
20171
20177
20190
20230
20232
20248
20256
20287
20332
20333
20349
20378
20423
20450
20464
20472
20488
20497
20543
20547
20578
20589
20669
20671
20677
20702
20721
20722
20723
20744
20746
20754
20758
20766
20806
20822
20824
20826
20831
20843
20875
20888
20889
20897
20905
20919
20922
20930
20943
20946
20966
20972
21007
21020
21055
21061
21091
21108
21121
21132
21136
21153
21156
21164
21171
21178
21198
21207
21224
21234
21235
21237
21291
21295
21309
21323
21332
21350
21358
21376
21406
21438
21449
21450
21466
21467
21472
21475
21492
21512
21513
21535
21559
21572
21593
21603
21609
21623
21635
21638
21663
21667
21673
21690
21711
21731
21754
21759
21796
21801
21805
21809
21827
21831
21888
21910
21944
21951
21982
21983
21995
22077
22078
22089
22099
22158
22177
22179
22187
22198
22206
22270
22283
22291
22298
22303
22310
22333
22345
22358
22368
22392
22448
22487
22488
22518
22532
22537
22549
22550
22586
22590
22604
22624
22631
22644
22655
22697
22698
22720
22731
22739
22757
22782
22790
22803
22810
22816
22831
22882
22902
22903
22909
22940
22958
22984
23006
23008
23021
23023
23054
23106
23122
23148
23150
23153
23173
23194
23229
23261
23285
23295
23316
23328
23334
23360
23448
23455
23463
23474
23497
23508
23522
23528
23541
23544
23588
23686
23687
23691
23692
23698
23701
23713
23715
23735
23753
23786
23806
23844
23894
23930
23965
23997
24002
24008
24023
24029
24042
24064
24070
24090
24091
24159
24170
24205
24208
24219
24322
24325
24333
24378
24408
24414
24439
24445
24452
24458
24473
24479
24486
24492
24507
24509
24519
24522
24524
24541
24543
24559
24587
24608
24616
24647
24676
24677
24680
24703
24706
24719
24724
24740
24749
24753
24769
24787
24792
24852
24855
24893
24918
24950
24985
25015
25062
25072
25073
25082
25097
25152
25156
25185
25207
25210
25217
25218
25219
25220
25268
25269
25304
25321
25378
25403
25404
25419
25441
25444
25462
25466
25483
25485
25487
25488
25494
25505
25517
25525
25528
25533
25542
25559
25564
25638
25678
25683
25714
25715
25739
25757
25777
25797
25798
25807
25834
25838
25843
25852
25857
25860
25895
25904
25910
25920
25930
25944
25945
25947
25976
25977
26006
26011
26021
26028
26031
26034
26047
26081
26084
26105
26124
26132
26146
26205
26209
26213
26224
26236
26252
26261
26276
26288
26290
26299
26303
26353
26360
26362
26409
26419
26468
26471
26500
26509
26526
26532
26538
26574
26581
26595
26600
26618
26625
26646
26705
26722
26738
26741
26742
26794
26798
26800
26803
26806
26827
26834
26857
26866
26869
26895
26897
26937
26947
26963
26988
27018
27041
27042
27043
27057
27091
27096
27119
27128
27142
27144
27157
27167
27170
27181
27182
27187
27196
27211
27245
27247
27257
27264
27280
27294
27308
27323
27329
27341
27365
27385
27394
27396
27420
27422
27434
27472
27516
27528
27530
27536
27541
27580
27588
27592
27616
27627
27633
27660
27673
27687
27694
27697
27698
27710
27790
27794
27818
27828
27863
27887
27905
27927
27935
27954
27967
27973
27992
28037
28070
28081
28085
28096
28132
28155
28161
28200
28222
28224
28241
28243
28289
28290
28300
28343
28423
28453
28454
28457
28458
28514
28522
28538
28544
28556
28563
28577
28597
28618
28629
28633
28634
28655
28678
28681
28718
28734
28740
28792
28798
28802
28824
28833
28834
28837
28852
28869
28877
28883
28902
28909
28932
28936
28967
28994
29012
29024
29105
29114
29174
29184
29185
29218
29221
29225
29235
29238
29265
29271
29287
29320
29338
29343
29375
29378
29385
29395
29402
29422
29441
29464
29490
29494
29498
29513
29517
29540
29568
29589
29598
29633
29635
29638
29649
29692
29732
29753
29781
29840
29900
29918
29929
29938
29940
29942
29967
29970
29980
29985
29990
30010
30023
30024
30026
30032
30047
30063
30109
30119
30124
30132
30160
30163
30171
30173
30181
30210
30232
30235
30253
30256
30298
30308
30311
30351
30384
30400
30421
30423
30427
30432
30437
30447
30475
30493
30500
30515
30518
30521
30526
30533
30631
30633
30691
30693
30741
30762
30768
30770
30819
30823
30835
30843
30871
30874
30887
30900
30926
30942
30950
30962
30964
30970
31006
31060
31091
31107
31134
31156
31163
31181
31195
31205
31245
31254
31275
31278
31289
31318
31334
31342
31344
31350
31352
31378
31381
31404
31414
31430
31444
31453
31468
31483
31487
31490
31508
31510
31533
31552
31553
31570
31581
31614
31625
31627
31651
31672
31680
31682
31693
31718
31724
31735
31737
31775
31823
31847
31848
31849
31881
31944
31945
31978
31987
32017
32024
32035
32063
32066
32070
32077
32099
32111
32112
32127
32169
32179
32224
32237
32268
32287
32362
32366
32371
32411
32415
32431
32437
32445
32455
32474
32498
32508
32511
32512
32541
32544
32545
32571
32606
32662
32690
32691
32692
32702
32704
32710
32714
32717
32726
32733
32741
32746
32768
32804
32810
32836
32837
32855
32876
32895
32904
32918
32926
32976
32977
33004
33009
33054
33056
33058
33061
33066
33067
33074
33079
33100
33104
33122
33130
33159
33164
33188
33225
33288
33293
33298
33308
33349
33350
33354
33372
33381
33382
33392
33401
33409
33414
33462
33481
33484
33537
33538
33596
33601
33629
33642
33647
33676
33682
33696
33703
33711
33746
33755
33780
33801
33805
33822
33823
33825
33911
33912
33913
33917
33933
33983
33995
34006
34010
34031
34044
34048
34068
34069
34084
34102
34105
34128
34130
34137
34185
34197
34240
34245
34249
34284
34289
34296
34303
34320
34324
34332
34336
34358
34411
34447
34464
34483
34523
34538
34561
34564
34574
34644
34647
34681
34692
34694
34701
34704
34735
34737
34744
34758
34762
34765
34799
34827
34828
34849
34858
34865
34869
34935
34948
34949
34974
34975
34998
35027
35046
35060
35062
35072
35077
35105
35107
35127
35129
35136
35142
35214
35235
35263
35292
35314
35318
35329
35332
35345
35349
35352
35429
35432
35446
35464
35562
35617
35623
35624
35637
35643
35656
35667
35672
35703
35708
35711
35732
35756
35774
35780
35823
35862
35897
35925
35939
35947
35962
35967
35991
36003
36024
36032
36035
36044
36049
36071
36081
36083
36086
36187
36193
36207
36229
36230
36250
36272
36277
36316
36320
36321
36323
36331
36404
36430
36433
36451
36472
36486
36498
36528
36533
36535
36542
36546
36549
36552
36564
36566
36612
36615
36647
36690
36704
36714
36729
36751
36780
36790
36806
36820
36851
36871
36875
36884
36891
36893
36907
36914
36926
36955
36964
36978
36991
36994
37002
37018
37039
37047
37070
37100
37109
37122
37131
37133
37153
37160
37162
37168
37169
37185
37188
37209
37229
37256
37258
37283
37287
37301
37317
37329
37352
37354
37370
37373
37405
37412
37439
37482
37490
37502
37503
37528
37537
37546
37548
37562
37575
37577
37580
37619
37620
37640
37643
37654
37656
37667
37734
37736
37740
37750
37755
37832
37870
37886
37892
37904
37926
37933
37938
37948
37965
37974
37993
38001
38007
38025
38031
38033
38064
38080
38086
38095
38150
38193
38194
38195
38212
38213
38214
38228
38343
38361
38372
38377
38394
38408
38409
38416
38420
38428
38458
38462
38467
38499
38513
38536
38582
38586
38673
38674
38676
38679
38686
38749
38770
38813
38816
38847
38856
38858
38868
38877
38898
38908
38919
38928
38933
38945
38967
38974
38980
38998
39017
39035
39060
39061
39079
39097
39103
39104
39126
39155
39161
39185
39263
39278
39297
39346
39348
39381
39399
39432
39436
39437
39440
39458
39494
39495
39566
39569
39592
39603
39606
39615
39626
39646
39659
39662
39672
39717
39741
39748
39775
39776
39799
39809
39810
39835
39844
39887
39902
39909
39917
39924
39936
39953
39955
39967
39981
40001
40029
40038
40068
40072
40103
40111
40115
40136
40149
40154
40155
40175
40183
40190
40211
40235
40255
40258
40312
40321
40327
40328
40336
40351
40377
40402
40473
40481
40504
40515
40522
40532
40543
40547
40551
40560
40567
40617
40640
40646
40672
40683
40688
40702
40713
40720
40763
40764
40778
40783
40797
40808
40820
40826
40834
