1000
10010
1006
10100
10103
10110
10122
10160
10172
10178
10219
10238
10240
10292
10298
10313
10316
10377
10421
1043
10453
10463
10469
10501
10518
10525
10535
1055
10558
10657
10668
1067
10702
1073
10796
10811
10824
10848
10850
10854
1086
10945
10947
10948
10955
10967
10986
11022
11026
11039
11040
11058
1106
11060
1108
11080
11117
11148
11169
1118
11185
11189
11211
11214
11215
11216
11224
11227
11237
113
11309
1133
11336
11350
11360
11369
11430
11460
11512
11522
11580
11594
11623
11636
11673
11705
11714
11715
11740
11746
11763
11781
11784
118
1180
11806
11838
11839
11847
11894
11913
11924
11936
11953
11960
12083
12146
12195
12224
12267
12283
12326
12328
12364
12373
12383
12433
1244
12476
12478
12505
12506
12513
12551
12577
12618
12643
1265
12659
12671
12688
12694
12713
12728
12796
12814
12821
12835
1288
12910
12927
12974
12978
12987
13010
13018
13021
13028
13039
13054
13086
13089
1309
1310
13103
13122
1315
13152
1316
13164
13176
13177
13208
13220
13221
13234
13240
13255
13282
13301
13329
13343
13354
13408
13424
13494
13515
13527
13535
13552
13574
13589
13592
13594
1362
13628
13645
13653
13657
1367
13686
13688
13694
13696
13700
13707
13720
13741
13758
13760
13797
13802
13810
1382
13840
13855
1390
13910
13916
13917
13953
13954
13996
14
14004
14008
14016
14035
14076
14086
1409
14105
14129
14159
14178
14226
14231
14235
14248
14249
14266
14270
14275
14279
14296
143
14311
14338
1434
14343
14345
1435
14375
14476
14525
14537
14542
14558
14576
14601
14618
1464
14658
14665
14671
14690
14720
14754
14776
14794
14809
14815
14847
14883
14906
14923
14934
14940
14956
14992
14996
14998
1503
15045
15047
15090
15091
15094
15134
15136
15138
15199
15215
15229
15231
15234
15251
15272
15299
153
15315
15320
15346
15353
15416
15417
15436
15440
15446
15472
15486
15507
15526
15528
15537
15546
15574
15580
1559
15602
15620
15624
15633
15671
15688
15695
15700
15718
1572
15731
15740
15743
15758
15760
15766
15788
15824
15827
15833
1589
15951
15959
1597
15970
15972
16001
16026
16027
16043
16048
16073
16126
16139
16166
16167
16181
16194
16230
16247
16258
16272
1630
16332
16348
16364
16366
16370
16391
16466
16473
16487
16489
16498
16512
16514
16525
16547
166
16626
1667
16671
16713
16731
16748
1676
16766
16794
16806
16817
16854
1686
16876
16888
16914
16973
16977
1698
16994
17015
17030
17034
17039
1707
17082
17096
17126
17137
17148
17168
17169
17173
17178
1720
17204
17221
17222
17230
17244
17246
1725
17251
17274
17283
17287
17288
17292
17295
17305
17317
17350
17388
1747
17509
17521
17528
17539
17553
17564
17570
17609
17646
17647
1765
17665
17699
17727
1773
1779
17807
17817
17822
17859
17885
179
17922
17944
17979
17981
17984
17989
18044
18057
18067
18088
181
18167
18171
18189
182
18203
18255
1828
18286
18288
18289
18291
18299
18301
18310
1833
18331
18332
18358
18381
18422
18442
18449
18466
18473
18494
18495
185
1850
18510
1853
18581
18583
18588
18593
18613
18618
18636
18684
1871
18731
18735
18736
18762
18769
18773
18774
18785
18807
18832
18843
18890
18926
18950
18974
18989
18997
1900
19003
19023
19041
19066
19098
19099
19116
19133
19148
19149
19210
1924
19244
19246
19254
19264
19274
19288
19310
19313
19324
19328
19332
19334
19402
19425
19428
19432
19467
19477
19519
19538
19553
19560
19564
19617
19669
19694
19719
1972
19727
19744
19745
19760
1980
19803
19834
19854
19857
19872
19883
19896
19904
19906
19917
19928
19953
19955
19973
20034
20100
20106
20114
20117
20128
20132
20186
2020
20201
20203
20208
20216
20241
20289
20295
20360
20367
20380
20414
20432
20440
20553
20564
20575
20580
20586
20614
20638
20648
20650
20657
20660
20666
20689
20698
20741
20794
20829
20861
20907
20935
20959
20973
21008
21067
21072
21076
21082
21102
2112
21125
21141
21150
21154
21174
21202
21254
21269
21315
21336
21348
21389
21393
21400
21419
21452
21453
21469
2148
21496
21506
21509
21519
21534
2156
21564
2157
21576
21582
21585
21641
21662
21665
21675
21718
21773
21790
21795
21803
21815
2182
21822
2187
21896
21924
2196
21969
21970
22011
22049
22082
22088
22096
2210
22106
22112
22137
22159
22160
22168
22197
22199
22237
22238
22256
22271
22275
22318
22320
22330
22347
22383
22386
22387
22407
22410
22426
2243
22438
22460
22476
22480
22482
22493
22499
22521
22536
22601
22609
22618
22638
2266
22667
22678
22679
22685
22695
227
22715
22725
22742
22752
22758
2278
22780
22796
2281
22812
22827
22838
22839
22852
22886
229
22930
22945
22971
22999
2311
23129
23158
23164
23175
23235
233
23302
2333
23331
23349
23351
23379
23398
23399
23472
23487
23499
23518
23530
23575
23578
2359
23592
23604
23605
23641
23643
2365
23657
2366
23678
2369
23702
23736
23760
23763
23768
23784
23790
23795
23799
23803
23828
23838
23880
23895
23899
23905
23956
23961
23974
2398
23984
24011
24027
2403
24032
24046
24055
24095
24150
24162
24179
24188
24214
24215
24221
24234
24241
24252
24269
24270
2428
24282
24297
24298
24300
24301
24372
24380
24457
24484
24487
24493
2451
24526
24545
24555
24557
24590
24651
24670
24699
24700
24720
24754
24760
24818
24825
24941
24947
25044
25053
2506
25060
25065
25066
25087
25094
25150
25170
25180
25182
25225
25242
25250
25251
25271
25274
25276
25284
25293
25298
25308
25336
25341
25365
25380
25387
25391
25399
254
25402
2543
25437
25447
25451
25456
25457
25459
25468
25523
25556
25580
25616
25623
25624
25691
257
25716
25717
25747
25781
25804
25829
25839
25840
25849
25850
25864
25907
25911
25918
25925
25936
25942
25978
25979
25986
25996
260
26003
26015
26020
26059
2607
26070
2614
26144
26162
26189
26194
2620
26202
26247
26264
26278
26304
26312
26317
2632
26320
26321
26334
26341
26349
26351
26356
26370
26372
26380
26427
2643
26437
26450
26463
26490
26505
26524
26534
26547
26549
26567
26570
26573
26655
26681
26730
26736
26767
26790
2680
26917
26932
26938
26939
26961
26968
26970
26998
27007
27033
2705
27082
27102
27168
27175
27194
27206
27212
27218
27222
27234
27248
27283
27304
27314
27317
27332
27360
27362
27366
27368
27392
2740
27406
27407
27413
27415
27426
27435
27471
27492
27496
27499
27509
27511
27534
27578
27590
27602
27608
27613
27617
27644
2765
27652
27670
2768
2771
27721
27745
27756
27761
27763
27834
27882
27884
27906
27941
27962
2798
27984
27999
28016
2803
28031
28039
28067
28074
28082
28095
28125
28134
2814
28145
28199
28201
28202
28223
28262
28276
28287
28318
28321
28348
28349
28359
28363
28374
28386
28390
28391
28401
28422
28445
28459
28480
28520
28549
28609
28636
28637
2864
28656
28692
28715
28721
28735
28775
28779
28796
2882
2883
28838
28841
28850
28854
28901
28906
28944
28945
28952
2897
29018
29055
291
29118
29173
29183
29199
29207
29233
29240
29250
29303
29306
29312
29330
2935
29376
29407
29411
29413
29433
29440
29460
29469
29477
29491
29500
2951
29512
29522
29531
29537
2956
29569
2957
29572
29577
29611
29630
2964
29658
29675
29699
29770
29803
29804
29819
2984
29863
29865
29870
29878
299
29903
29907
29935
29949
29998
30003
30039
30067
30070
30118
30121
30122
30130
30178
3019
30203
30212
30227
30242
30272
30309
30353
30363
30379
30385
30389
30391
3040
30439
30476
30479
30511
30517
3053
30545
30563
30606
30607
30626
3065
30659
30667
30669
30684
30719
30783
30798
30806
30813
30903
30941
30995
3100
3102
31021
31041
31045
31051
31052
3109
31093
31139
3114
31147
31168
31176
31177
31179
31189
31203
31224
31250
31266
31321
31325
31359
31379
3138
31402
31439
31449
3145
31485
31486
31500
31554
31555
3157
31588
31589
31596
31598
31607
31608
31618
3162
31632
31638
31645
31713
31727
31759
31781
3179
31790
31805
31815
31845
31859
31889
3190
31905
31910
31915
31942
31951
31964
31983
31990
31991
32003
3201
32018
3202
3203
3205
32052
32065
32068
32096
32154
32159
32218
32243
32249
32282
32294
32336
32369
32407
32421
32442
32461
32486
32570
3260
32612
32617
32618
32626
32641
32656
32716
32718
32719
32732
32735
32747
32759
32767
32773
32786
32801
32806
32815
32842
32850
32857
32867
32887
32901
32911
32932
32936
32970
32972
32981
32983
32995
33008
33024
33034
33046
33068
3307
3308
33093
33095
33098
33199
33205
33217
33230
33243
33258
3326
3332
33327
33365
33378
33385
33407
33419
33420
33421
33466
33488
33497
33499
33501
33516
33522
33527
33528
33530
33568
33585
33587
33616
33638
33654
3367
33683
3373
33732
33765
33770
3378
33782
33786
33812
33850
33872
33873
33888
33892
33895
33896
33920
33970
33986
340
34029
34037
34056
34074
34090
34108
34171
34173
34178
34186
34187
34206
34218
34219
34237
34278
34290
34327
34337
34339
3436
34419
34437
34450
34467
34474
34498
34500
34505
34526
34535
34542
34549
34571
34590
34591
34604
34635
34691
347
3470
3471
34714
34724
34753
34781
34806
34809
3486
34868
34871
34877
34881
34892
34894
34928
3493
34939
34945
34955
34969
34982
350
3501
35028
35034
35051
35059
35065
35112
35131
35152
35179
3518
35216
35217
35232
35246
3526
35295
35309
35346
35436
3544
35471
35490
35493
35497
35516
35530
35533
35547
35549
35555
35564
35576
35584
3559
35591
35594
35607
35608
35611
35660
3567
35677
35678
35682
35696
35706
35714
35723
35728
3573
35737
35752
3577
35782
35793
35818
35828
35859
35881
35886
35919
35928
35937
35952
35960
35981
35988
36052
3608
36091
36108
36131
36149
36155
3616
36165
36168
36178
36183
3619
36233
36241
36267
36269
36290
36292
3630
36312
36333
36348
36386
36387
36389
364
36407
36410
36432
36435
36456
36464
36468
36485
3652
36588
36630
36635
36661
36667
36671
36697
36701
3672
36732
36741
36748
36755
3676
36791
36808
3683
36833
36858
36929
36942
36947
36996
37
37023
37027
37028
37035
37040
37079
37080
37113
37135
37194
37217
37219
37270
37274
3729
37292
37346
37374
3738
37387
37410
37424
37452
37465
37492
37529
37531
37547
3755
37564
37581
37597
37672
37685
3771
37783
37802
37803
37813
37855
37860
37864
37868
37896
37897
379
37945
37952
37959
3797
37987
37999
38016
38059
38061
38071
38083
38118
38124
38141
38146
38153
38162
38165
38178
38179
38182
38191
38196
38224
38232
38238
38271
38296
38308
38315
38330
38341
38375
38383
38392
38423
38430
38456
38479
38509
38523
38560
38583
38620
38642
38672
38697
3872
38732
38742
38753
38760
38773
38776
38793
38795
38797
388
38800
3881
38814
38817
38828
38834
38860
38867
38905
38954
38965
38977
38984
38991
38993
390
39057
39058
39078
39089
39167
39195
39210
39222
39224
39229
39232
39243
39258
39260
39271
39281
39321
39337
39353
39356
39369
39378
39395
39398
39423
39439
39445
39477
39511
39540
39547
39562
39580
3959
39602
39621
39624
39628
39670
39681
39734
39752
39762
39777
3978
39792
39798
3980
39853
39869
39870
39884
39886
39891
39944
39961
39964
39973
39975
39983
40045
4006
40061
40063
4007
40081
40083
40086
40121
40124
4013
40166
40172
40228
40251
40261
40352
40362
40381
40398
40417
40429
40433
40437
40453
4048
40499
40506
40535
40538
40544
40577
40588
406
40629
4063
40655
40664
40674
40677
40685
40719
40744
40793
4082
40851
40853
4088
4129
4137
4143
4157
4184
4227
4232
4322
4334
4335
434
4345
4361
4382
4395
4404
4405
4408
4423
4431
4451
4490
4510
4533
4534
4540
4542
4556
4574
4607
4609
4633
4634
4654
467
4679
4686
4690
4695
4696
4715
4717
472
4723
4740
4746
4760
4770
4774
4785
4788
4817
4820
4825
4853
4858
4862
4893
4899
4957
4997
5004
5018
502
5037
5065
5070
5072
5078
5095
510
5128
5133
5175
5187
5188
5208
5213
5253
526
5264
5267
5276
5280
5359
5378
5389
5428
5444
5487
5513
5521
5530
5545
5549
5561
56
5600
5602
5609
5627
5629
5658
5668
5670
5687
570
5707
5736
5738
5763
5773
5774
5775
5853
5890
5895
5896
592
5929
5959
5961
5967
5970
5973
6008
6044
6047
6052
6103
6104
6110
6120
613
6130
6140
6146
6196
6215
6259
6262
6266
6285
6308
636
6382
6383
6386
639
6407
642
6421
6449
6485
6500
6511
6523
6530
6538
6547
6549
6558
6564
6582
6615
6638
6667
6688
6699
6720
6722
6724
6734
6735
6738
674
6740
6746
6757
6767
6776
6832
6839
6854
6855
6889
6893
690
6903
692
6931
6946
695
6956
7
7002
7020
7089
7090
7105
7110
712
714
716
7211
7241
726
7283
7354
7374
7380
7407
7414
7450
7464
7469
7482
749
7569
7575
760
7600
7609
7635
7646
7658
7679
768
769
7694
7712
7729
7747
776
7790
7826
7829
7858
79
7905
7960
7986
8018
8032
8041
8096
8118
8165
8176
820
8240
8269
8277
8284
8290
8315
8321
8346
8347
8378
8405
8441
845
8457
846
8478
8486
8494
8504
8524
8540
8598
8621
8649
8650
8660
8661
8675
875
8764
8766
8810
8821
8824
8850
8855
8873
8876
8881
8889
8891
8897
8900
8913
8927
8937
8947
8961
9002
9015
903
9048
9052
910
9116
9140
9147
9159
9184
9221
9230
924
9273
9278
9307
9328
9372
9389
942
9448
9452
9470
9472
9473
9493
9522
953
9610
962
9620
9638
9657
9659
9661
9683
9688
97
9720
9728
9743
9752
9760
9811
9816
9827
9833
9845
9847
9854
9867
9886
9892
9897
9912
9944
9963
9969
9973
